<Event xmlns="http://schemas.microsoft.com/win/2004/08/events/event">
  <System>
    <Provider Name="Microsoft-Windows-Sysmon" Guid="{5770385f-c22a-43e0-bf4c-06f5698ffbd9}"/>
    <EventID>1</EventID>
    <Version>5</Version>
    <Level>4</Level>
    <Task>1</Task>
    <Opcode>0</Opcode>
    <Keywords>0x8000000000000000</Keywords>
    <TimeCreated SystemTime="2024-05-14T15:02:56.8919218Z"/>
    <EventRecordID>688295</EventRecordID>
    <Correlation/>
    <Execution ProcessID="2764" ThreadID="2400"/>
    <Channel>Microsoft-Windows-Sysmon/Operational</Channel>
    <Computer>WS-EHSAN-01.agentsoc.local</Computer>
    <Security UserID="S-1-5-18"/>
  </System>
  <EventData>
    
    <Data Name="RuleName">-</Data>
    <Data Name="UtcTime">2024-05-14 15:02:56.891</Data>
    <Data Name="ProcessGuid">{46ffc8e5-7d20-6643-6600-0010e78d086a}</Data>
    <Data Name="ProcessId">4000</Data>
    <Data Name="Image">C:\Windows\System32\gpupdate.exe</Data>
    <Data Name="FileVersion">10.0.22621.1</Data>
    <Data Name="Description">Microsoft Group Policy Update Utility</Data>
    <Data Name="Product">Microsoft Windows</Data>
    <Data Name="Company">Microsoft Corporation</Data>
    <Data Name="OriginalFileName">GPUpdate.exe</Data>
    <Data Name="CommandLine">gpupdate.exe /target:computer /force</Data>
    <Data Name="CurrentDirectory">C:\Windows\System32\</Data>
    <Data Name="User">NT AUTHORITY\SYSTEM</Data>
    <Data Name="LogonGuid">{e380c442-43c4-4cfd-b57a-0257c77eb16e}</Data>
    <Data Name="LogonId">0x3e7</Data>
    <Data Name="TerminalSessionId">0</Data>
    <Data Name="IntegrityLevel">System</Data>
    <Data Name="Hashes">SHA1=32CFBB56DC8CC2863ED56E3E7BACCEA0B5002BD4,MD5=05E23A0CD9F0DE360AF39F2DF0C41762,SHA256=D605CF53B446BBF17DB355600E1BE97DDC8161D4FA42E1B7EB3F783C1362153F,IMPHASH=29FC0238333C0ACBB4F163B61A8B5895</Data>
    <Data Name="ParentProcessGuid">{46ffc8e5-45cc-662a-7000-00108c754b35}</Data>
    <Data Name="ParentProcessId">2412</Data>
    <Data Name="ParentImage">C:\Windows\System32\svchost.exe</Data>
    <Data Name="ParentCommandLine">svchost.exe -k netsvcs</Data>
    <Data Name="ParentUser">NT AUTHORITY\NETWORK SERVICE</Data>
    
  </EventData>
</Event>
<Event xmlns="http://schemas.microsoft.com/win/2004/08/events/event">
  <System>
    <Provider Name="Microsoft-Windows-Sysmon" Guid="{5770385f-c22a-43e0-bf4c-06f5698ffbd9}"/>
    <EventID>5</EventID>
    <Version>3</Version>
    <Level>4</Level>
    <Task>5</Task>
    <Opcode>0</Opcode>
    <Keywords>0x8000000000000000</Keywords>
    <TimeCreated SystemTime="2024-05-14T15:02:57.6232496Z"/>
    <EventRecordID>688296</EventRecordID>
    <Correlation/>
    <Execution ProcessID="2764" ThreadID="4812"/>
    <Channel>Microsoft-Windows-Sysmon/Operational</Channel>
    <Computer>WS-EHSAN-01.agentsoc.local</Computer>
    <Security UserID="S-1-5-18"/>
  </System>
  <EventData>
    
    <Data Name="RuleName">-</Data>
    <Data Name="UtcTime">2024-05-14 15:02:57.623</Data>
    <Data Name="ProcessGuid">{46ffc8e5-7d20-6643-6600-0010e78d086a}</Data>
    <Data Name="ProcessId">4000</Data>
    <Data Name="Image">C:\Windows\System32\gpupdate.exe</Data>
    <Data Name="User">NT AUTHORITY\SYSTEM</Data>
    
  </EventData>
</Event>
<Event xmlns="http://schemas.microsoft.com/win/2004/08/events/event">
  <System>
    <Provider Name="Microsoft-Windows-Sysmon" Guid="{5770385f-c22a-43e0-bf4c-06f5698ffbd9}"/>
    <EventID>13</EventID>
    <Version>2</Version>
    <Level>4</Level>
    <Task>13</Task>
    <Opcode>0</Opcode>
    <Keywords>0x8000000000000000</Keywords>
    <TimeCreated SystemTime="2024-05-14T15:03:40.2020043Z"/>
    <EventRecordID>688298</EventRecordID>
    <Correlation/>
    <Execution ProcessID="2764" ThreadID="2400"/>
    <Channel>Microsoft-Windows-Sysmon/Operational</Channel>
    <Computer>WS-EHSAN-01.agentsoc.local</Computer>
    <Security UserID="S-1-5-18"/>
  </System>
  <EventData>
    
    <Data Name="RuleName">-</Data>
    <Data Name="EventType">SetValue</Data>
    <Data Name="UtcTime">2024-05-14 15:03:40.202</Data>
    <Data Name="ProcessGuid">{46ffc8e5-45c7-662a-7300-0010b2f5548e}</Data>
    <Data Name="ProcessId">2384</Data>
    <Data Name="Image">C:\Windows\System32\services.exe</Data>
    <Data Name="User">NT AUTHORITY\SYSTEM</Data>
    <Data Name="TargetObject">HKLM\SOFTWARE\Microsoft\Windows\CurrentVersion\Component Based Servicing\Packages\Package_for_RollupFix~31bf3856ad364e35~amd64~~10.0.22621.4\CurrentState</Data>
    <Data Name="Details">DWORD (0x00000070)</Data>
    
  </EventData>
</Event>
<Event xmlns="http://schemas.microsoft.com/win/2004/08/events/event">
  <System>
    <Provider Name="Microsoft-Windows-Sysmon" Guid="{5770385f-c22a-43e0-bf4c-06f5698ffbd9}"/>
    <EventID>7</EventID>
    <Version>3</Version>
    <Level>4</Level>
    <Task>7</Task>
    <Opcode>0</Opcode>
    <Keywords>0x8000000000000000</Keywords>
    <TimeCreated SystemTime="2024-05-14T15:04:15.0125103Z"/>
    <EventRecordID>689198</EventRecordID>
    <Correlation/>
    <Execution ProcessID="2764" ThreadID="4812"/>
    <Channel>Microsoft-Windows-Sysmon/Operational</Channel>
    <Computer>WS-EHSAN-01.agentsoc.local</Computer>
    <Security UserID="S-1-5-18"/>
  </System>
  <EventData>
    
    <Data Name="RuleName">-</Data>
    <Data Name="UtcTime">2024-05-14 15:04:15.012</Data>
    <Data Name="ProcessGuid">{46ffc8e5-730d-6643-8600-0000dd456f30}</Data>
    <Data Name="ProcessId">3824</Data>
    <Data Name="Image">C:\Windows\System32\taskhostw.exe</Data>
    <Data Name="ImageLoaded">C:\Program Files\Dell\SupportAssistAgent\bin\pcdrsysinfosoftware.p5x</Data>
    <Data Name="FileVersion">1.0.0.0</Data>
    <Data Name="Description">pcdrsysinfosoftware.p5x module</Data>
    <Data Name="Product">Dell Inc.</Data>
    <Data Name="Company">Dell Inc.</Data>
    <Data Name="OriginalFileName">pcdrsysinfosoftware.p5x</Data>
    <Data Name="Hashes">SHA1=DA2C7A7A281800947B5C71F4A92CE843B1DC50F2,MD5=D6EB67E7B79CE37086993703C1352704,SHA256=0DE9D6BA42DE73879DA0EAFD44873E30FCB362AF0AF13A34923E24513C239AD5,IMPHASH=EF39C50EF82A06742DB4608EF8AF9CBB</Data>
    <Data Name="Signed">true</Data>
    <Data Name="Signature">Dell Inc.</Data>
    <Data Name="SignatureStatus">Valid</Data>
    
  </EventData>
</Event>
<Event xmlns="http://schemas.microsoft.com/win/2004/08/events/event">
  <System>
    <Provider Name="Microsoft-Windows-Sysmon" Guid="{5770385f-c22a-43e0-bf4c-06f5698ffbd9}"/>
    <EventID>13</EventID>
    <Version>2</Version>
    <Level>4</Level>
    <Task>13</Task>
    <Opcode>0</Opcode>
    <Keywords>0x8000000000000000</Keywords>
    <TimeCreated SystemTime="2024-05-14T15:05:17.5529380Z"/>
    <EventRecordID>689221</EventRecordID>
    <Correlation/>
    <Execution ProcessID="2764" ThreadID="2400"/>
    <Channel>Microsoft-Windows-Sysmon/Operational</Channel>
    <Computer>WS-EHSAN-01.agentsoc.local</Computer>
    <Security UserID="S-1-5-18"/>
  </System>
  <EventData>
    
    <Data Name="RuleName">-</Data>
    <Data Name="EventType">SetValue</Data>
    <Data Name="UtcTime">2024-05-14 15:05:17.552</Data>
    <Data Name="ProcessGuid">{46ffc8e5-45df-662a-7c00-000007443d53}</Data>
    <Data Name="ProcessId">2652</Data>
    <Data Name="Image">C:\Windows\System32\msiexec.exe</Data>
    <Data Name="User">NT AUTHORITY\SYSTEM</Data>
    <Data Name="TargetObject">HKLM\SOFTWARE\Microsoft\Windows\CurrentVersion\Component Based Servicing\Packages\Package_for_RollupFix~31bf3856ad364e35~amd64~~10.0.22621.72\CurrentState</Data>
    <Data Name="Details">DWORD (0x00000070)</Data>
    
  </EventData>
</Event>
<Event xmlns="http://schemas.microsoft.com/win/2004/08/events/event">
  <System>
    <Provider Name="Microsoft-Windows-Sysmon" Guid="{5770385f-c22a-43e0-bf4c-06f5698ffbd9}"/>
    <EventID>13</EventID>
    <Version>2</Version>
    <Level>4</Level>
    <Task>13</Task>
    <Opcode>0</Opcode>
    <Keywords>0x8000000000000000</Keywords>
    <TimeCreated SystemTime="2024-05-14T15:07:03.1641078Z"/>
    <EventRecordID>689224</EventRecordID>
    <Correlation/>
    <Execution ProcessID="2764" ThreadID="3400"/>
    <Channel>Microsoft-Windows-Sysmon/Operational</Channel>
    <Computer>WS-EHSAN-01.agentsoc.local</Computer>
    <Security UserID="S-1-5-18"/>
  </System>
  <EventData>
    
    <Data Name="RuleName">-</Data>
    <Data Name="EventType">SetValue</Data>
    <Data Name="UtcTime">2024-05-14 15:07:03.164</Data>
    <Data Name="ProcessGuid">{46ffc8e5-45c7-662a-7300-0010b2f5548e}</Data>
    <Data Name="ProcessId">2384</Data>
    <Data Name="Image">C:\Windows\System32\services.exe</Data>
    <Data Name="User">NT AUTHORITY\SYSTEM</Data>
    <Data Name="TargetObject">HKLM\SOFTWARE\Microsoft\Windows\CurrentVersion\WINEVT\Channels\Microsoft-Windows-Sysmon/Operational\Enabled</Data>
    <Data Name="Details">DWORD (0x00000001)</Data>
    
  </EventData>
</Event>
<Event xmlns="http://schemas.microsoft.com/win/2004/08/events/event">
  <System>
    <Provider Name="Microsoft-Windows-Sysmon" Guid="{5770385f-c22a-43e0-bf4c-06f5698ffbd9}"/>
    <EventID>13</EventID>
    <Version>2</Version>
    <Level>4</Level>
    <Task>13</Task>
    <Opcode>0</Opcode>
    <Keywords>0x8000000000000000</Keywords>
    <TimeCreated SystemTime="2024-05-14T15:08:24.1698999Z"/>
    <EventRecordID>689242</EventRecordID>
    <Correlation/>
    <Execution ProcessID="2764" ThreadID="4812"/>
    <Channel>Microsoft-Windows-Sysmon/Operational</Channel>
    <Computer>WS-EHSAN-01.agentsoc.local</Computer>
    <Security UserID="S-1-5-18"/>
  </System>
  <EventData>
    
    <Data Name="RuleName">-</Data>
    <Data Name="EventType">SetValue</Data>
    <Data Name="UtcTime">2024-05-14 15:08:24.169</Data>
    <Data Name="ProcessGuid">{46ffc8e5-45d3-662a-7802-0000b9860e84}</Data>
    <Data Name="ProcessId">2460</Data>
    <Data Name="Image">C:\Windows\System32\svchost.exe</Data>
    <Data Name="User">NT AUTHORITY\SYSTEM</Data>
    <Data Name="TargetObject">HKLM\SOFTWARE\Microsoft\Windows\CurrentVersion\Component Based Servicing\Packages\Package_for_KB5034122~31bf3856ad364e35~amd64~~10.0.22621.78\CurrentState</Data>
    <Data Name="Details">DWORD (0x00000070)</Data>
    
  </EventData>
</Event>
<Event xmlns="http://schemas.microsoft.com/win/2004/08/events/event">
  <System>
    <Provider Name="Microsoft-Windows-Sysmon" Guid="{5770385f-c22a-43e0-bf4c-06f5698ffbd9}"/>
    <EventID>13</EventID>
    <Version>2</Version>
    <Level>4</Level>
    <Task>13</Task>
    <Opcode>0</Opcode>
    <Keywords>0x8000000000000000</Keywords>
    <TimeCreated SystemTime="2024-05-14T15:09:00.2087404Z"/>
    <EventRecordID>689244</EventRecordID>
    <Correlation/>
    <Execution ProcessID="2764" ThreadID="3400"/>
    <Channel>Microsoft-Windows-Sysmon/Operational</Channel>
    <Computer>WS-EHSAN-01.agentsoc.local</Computer>
    <Security UserID="S-1-5-18"/>
  </System>
  <EventData>
    
    <Data Name="RuleName">-</Data>
    <Data Name="EventType">SetValue</Data>
    <Data Name="UtcTime">2024-05-14 15:09:00.208</Data>
    <Data Name="ProcessGuid">{46ffc8e5-45c7-662a-7300-0010b2f5548e}</Data>
    <Data Name="ProcessId">2384</Data>
    <Data Name="Image">C:\Windows\System32\services.exe</Data>
    <Data Name="User">NT AUTHORITY\SYSTEM</Data>
    <Data Name="TargetObject">HKLM\SYSTEM\CurrentControlSet\Services\Tcpip\Parameters\DhcpNameServer</Data>
    <Data Name="Details">10.44.20.10</Data>
    
  </EventData>
</Event>
<Event xmlns="http://schemas.microsoft.com/win/2004/08/events/event">
  <System>
    <Provider Name="Microsoft-Windows-Sysmon" Guid="{5770385f-c22a-43e0-bf4c-06f5698ffbd9}"/>
    <EventID>22</EventID>
    <Version>5</Version>
    <Level>4</Level>
    <Task>22</Task>
    <Opcode>0</Opcode>
    <Keywords>0x8000000000000000</Keywords>
    <TimeCreated SystemTime="2024-05-14T15:11:50.2338398Z"/>
    <EventRecordID>689330</EventRecordID>
    <Correlation/>
    <Execution ProcessID="2764" ThreadID="4812"/>
    <Channel>Microsoft-Windows-Sysmon/Operational</Channel>
    <Computer>WS-EHSAN-01.agentsoc.local</Computer>
    <Security UserID="S-1-5-18"/>
  </System>
  <EventData>
    
    <Data Name="RuleName">-</Data>
    <Data Name="UtcTime">2024-05-14 15:11:50.233</Data>
    <Data Name="ProcessGuid">{46ffc8e5-45ce-662a-3e00-0010caf7e30c}</Data>
    <Data Name="ProcessId">2436</Data>
    <Data Name="QueryName">isatap.agentsoc.local</Data>
    <Data Name="QueryStatus">9003</Data>
    <Data Name="QueryResults">-</Data>
    <Data Name="Image">C:\Windows\System32\svchost.exe</Data>
    <Data Name="User">NT AUTHORITY\LOCAL SERVICE</Data>
    
  </EventData>
</Event>
<Event xmlns="http://schemas.microsoft.com/win/2004/08/events/event">
  <System>
    <Provider Name="Microsoft-Windows-Sysmon" Guid="{5770385f-c22a-43e0-bf4c-06f5698ffbd9}"/>
    <EventID>10</EventID>
    <Version>3</Version>
    <Level>4</Level>
    <Task>10</Task>
    <Opcode>0</Opcode>
    <Keywords>0x8000000000000000</Keywords>
    <TimeCreated SystemTime="2024-05-14T15:13:23.6904336Z"/>
    <EventRecordID>689333</EventRecordID>
    <Correlation/>
    <Execution ProcessID="2764" ThreadID="4812"/>
    <Channel>Microsoft-Windows-Sysmon/Operational</Channel>
    <Computer>WS-EHSAN-01.agentsoc.local</Computer>
    <Security UserID="S-1-5-18"/>
  </System>
  <EventData>
    
    <Data Name="RuleName">-</Data>
    <Data Name="UtcTime">2024-05-14 15:13:23.690</Data>
    <Data Name="SourceProcessGUID">{46ffc8e5-45d4-662a-7900-00000e7e5c90}</Data>
    <Data Name="SourceProcessId">2480</Data>
    <Data Name="SourceImage">C:\ProgramData\Microsoft\Windows Defender\Platform\4.18.2301.6-0\MsMpEng.exe</Data>
    <Data Name="SourceThreadId">2692</Data>
    <Data Name="SourceUser">NT AUTHORITY\SYSTEM</Data>
    <Data Name="TargetProcessGUID">{46ffc8e5-45e4-662a-5300-00109c9b149a}</Data>
    <Data Name="TargetProcessId">2688</Data>
    <Data Name="TargetImage">C:\Windows\explorer.exe</Data>
    <Data Name="TargetUser">AGENTSOC\ehsan.shaik</Data>
    <Data Name="GrantedAccess">0x1400</Data>
    <Data Name="CallTrace">C:\Windows\SYSTEM32\ntdll.dll+9C372|C:\Windows\SYSTEM32\KERNELBASE.dll+2DA78|C:\Windows\SYSTEM32\advapi32.dll+4BBD1</Data>
    
  </EventData>
</Event>
<Event xmlns="http://schemas.microsoft.com/win/2004/08/events/event">
  <System>
    <Provider Name="Microsoft-Windows-Sysmon" Guid="{5770385f-c22a-43e0-bf4c-06f5698ffbd9}"/>
    <EventID>1</EventID>
    <Version>5</Version>
    <Level>4</Level>
    <Task>1</Task>
    <Opcode>0</Opcode>
    <Keywords>0x8000000000000000</Keywords>
    <TimeCreated SystemTime="2024-05-14T15:13:40.3495287Z"/>
    <EventRecordID>689334</EventRecordID>
    <Correlation/>
    <Execution ProcessID="2764" ThreadID="3400"/>
    <Channel>Microsoft-Windows-Sysmon/Operational</Channel>
    <Computer>WS-EHSAN-01.agentsoc.local</Computer>
    <Security UserID="S-1-5-18"/>
  </System>
  <EventData>
    
    <Data Name="RuleName">-</Data>
    <Data Name="UtcTime">2024-05-14 15:13:40.349</Data>
    <Data Name="ProcessGuid">{46ffc8e5-7fa4-6643-8f02-000035ae5337}</Data>
    <Data Name="ProcessId">3972</Data>
    <Data Name="Image">C:\Program Files (x86)\Google\Update\GoogleUpdater.exe</Data>
    <Data Name="FileVersion">-</Data>
    <Data Name="Description">-</Data>
    <Data Name="Product">-</Data>
    <Data Name="Company">-</Data>
    <Data Name="OriginalFileName">-</Data>
    <Data Name="CommandLine">GoogleUpdater.exe -Embedding</Data>
    <Data Name="CurrentDirectory">C:\Windows\System32\</Data>
    <Data Name="User">NT AUTHORITY\SYSTEM</Data>
    <Data Name="LogonGuid">{e380c442-43c4-4cfd-b57a-0257c77eb16e}</Data>
    <Data Name="LogonId">0x3e7</Data>
    <Data Name="TerminalSessionId">0</Data>
    <Data Name="IntegrityLevel">System</Data>
    <Data Name="Hashes">SHA1=24AF88C7C0D70B182A7348C2DAF4F251A90A132E,MD5=2513FBBCCCB4592862E55F73BAAF7A59,SHA256=F616F8B514853E182CDEEC6D1CE4D81C08452FD3172CA216FA75E894DFF25663,IMPHASH=AAD04978F326086CD7E71FF70766AFC0</Data>
    <Data Name="ParentProcessGuid">{46ffc8e5-45c7-662a-7300-0010b2f5548e}</Data>
    <Data Name="ParentProcessId">2384</Data>
    <Data Name="ParentImage">C:\Windows\System32\services.exe</Data>
    <Data Name="ParentCommandLine">services.exe</Data>
    <Data Name="ParentUser">NT AUTHORITY\SYSTEM</Data>
    
  </EventData>
</Event>
<Event xmlns="http://schemas.microsoft.com/win/2004/08/events/event">
  <System>
    <Provider Name="Microsoft-Windows-Sysmon" Guid="{5770385f-c22a-43e0-bf4c-06f5698ffbd9}"/>
    <EventID>11</EventID>
    <Version>2</Version>
    <Level>4</Level>
    <Task>11</Task>
    <Opcode>0</Opcode>
    <Keywords>0x8000000000000000</Keywords>
    <TimeCreated SystemTime="2024-05-14T15:14:05.6046253Z"/>
    <EventRecordID>689336</EventRecordID>
    <Correlation/>
    <Execution ProcessID="2764" ThreadID="4812"/>
    <Channel>Microsoft-Windows-Sysmon/Operational</Channel>
    <Computer>WS-EHSAN-01.agentsoc.local</Computer>
    <Security UserID="S-1-5-18"/>
  </System>
  <EventData>
    
    <Data Name="RuleName">-</Data>
    <Data Name="UtcTime">2024-05-14 15:14:05.604</Data>
    <Data Name="ProcessGuid">{46ffc8e5-45e6-662a-2f02-00100245cffe}</Data>
    <Data Name="ProcessId">2728</Data>
    <Data Name="Image">C:\Windows\System32\dwm.exe</Data>
    <Data Name="User">NT AUTHORITY\SYSTEM</Data>
    <Data Name="TargetFilename">C:\Windows\Temp\59876.tmp</Data>
    <Data Name="CreationUtcTime">2024-05-14 15:14:05.604</Data>
    
  </EventData>
</Event>
<Event xmlns="http://schemas.microsoft.com/win/2004/08/events/event">
  <System>
    <Provider Name="Microsoft-Windows-Sysmon" Guid="{5770385f-c22a-43e0-bf4c-06f5698ffbd9}"/>
    <EventID>13</EventID>
    <Version>2</Version>
    <Level>4</Level>
    <Task>13</Task>
    <Opcode>0</Opcode>
    <Keywords>0x8000000000000000</Keywords>
    <TimeCreated SystemTime="2024-05-14T15:17:53.9460767Z"/>
    <EventRecordID>689342</EventRecordID>
    <Correlation/>
    <Execution ProcessID="2764" ThreadID="4812"/>
    <Channel>Microsoft-Windows-Sysmon/Operational</Channel>
    <Computer>WS-EHSAN-01.agentsoc.local</Computer>
    <Security UserID="S-1-5-18"/>
  </System>
  <EventData>
    
    <Data Name="RuleName">-</Data>
    <Data Name="EventType">SetValue</Data>
    <Data Name="UtcTime">2024-05-14 15:17:53.946</Data>
    <Data Name="ProcessGuid">{46ffc8e5-45c7-662a-7300-0010b2f5548e}</Data>
    <Data Name="ProcessId">2384</Data>
    <Data Name="Image">C:\Windows\System32\services.exe</Data>
    <Data Name="User">NT AUTHORITY\SYSTEM</Data>
    <Data Name="TargetObject">HKLM\SOFTWARE\Microsoft\Windows\CurrentVersion\Component Based Servicing\Packages\Package_for_DotNetRollup~31bf3856ad364e35~amd64~~10.0.22621.71\CurrentState</Data>
    <Data Name="Details">DWORD (0x00000070)</Data>
    
  </EventData>
</Event>
<Event xmlns="http://schemas.microsoft.com/win/2004/08/events/event">
  <System>
    <Provider Name="Microsoft-Windows-Sysmon" Guid="{5770385f-c22a-43e0-bf4c-06f5698ffbd9}"/>
    <EventID>1</EventID>
    <Version>5</Version>
    <Level>4</Level>
    <Task>1</Task>
    <Opcode>0</Opcode>
    <Keywords>0x8000000000000000</Keywords>
    <TimeCreated SystemTime="2024-05-14T15:18:03.6871599Z"/>
    <EventRecordID>689970</EventRecordID>
    <Correlation/>
    <Execution ProcessID="2764" ThreadID="4812"/>
    <Channel>Microsoft-Windows-Sysmon/Operational</Channel>
    <Computer>WS-EHSAN-01.agentsoc.local</Computer>
    <Security UserID="S-1-5-18"/>
  </System>
  <EventData>
    
    <Data Name="RuleName">-</Data>
    <Data Name="UtcTime">2024-05-14 15:18:03.687</Data>
    <Data Name="ProcessGuid">{46ffc8e5-80ab-6643-ad02-00006c72b78f}</Data>
    <Data Name="ProcessId">3892</Data>
    <Data Name="Image">C:\Program Files (x86)\Common Files\Adobe\ARM\1.0\AdobeARMservice.exe</Data>
    <Data Name="FileVersion">-</Data>
    <Data Name="Description">-</Data>
    <Data Name="Product">-</Data>
    <Data Name="Company">-</Data>
    <Data Name="OriginalFileName">-</Data>
    <Data Name="CommandLine">AdobeARMservice.exe</Data>
    <Data Name="CurrentDirectory">C:\Windows\System32\</Data>
    <Data Name="User">NT AUTHORITY\SYSTEM</Data>
    <Data Name="LogonGuid">{e380c442-43c4-4cfd-b57a-0257c77eb16e}</Data>
    <Data Name="LogonId">0x3e7</Data>
    <Data Name="TerminalSessionId">0</Data>
    <Data Name="IntegrityLevel">System</Data>
    <Data Name="Hashes">SHA1=F6D11F05CF8A9A0F83C37ED5ECDBD769FE5940D7,MD5=D0D49ED5C483D4411B2FE409B120FB71,SHA256=837159C278E95EA9EFAE5DFBCD8E494488E64BDF14D66B146D3301397AF40143,IMPHASH=2369C9FAD3A1DA461C349F66EAE1B462</Data>
    <Data Name="ParentProcessGuid">{46ffc8e5-45c7-662a-7300-0010b2f5548e}</Data>
    <Data Name="ParentProcessId">2384</Data>
    <Data Name="ParentImage">C:\Windows\System32\services.exe</Data>
    <Data Name="ParentCommandLine">services.exe</Data>
    <Data Name="ParentUser">NT AUTHORITY\SYSTEM</Data>
    
  </EventData>
</Event>
<Event xmlns="http://schemas.microsoft.com/win/2004/08/events/event">
  <System>
    <Provider Name="Microsoft-Windows-Sysmon" Guid="{5770385f-c22a-43e0-bf4c-06f5698ffbd9}"/>
    <EventID>5</EventID>
    <Version>3</Version>
    <Level>4</Level>
    <Task>5</Task>
    <Opcode>0</Opcode>
    <Keywords>0x8000000000000000</Keywords>
    <TimeCreated SystemTime="2024-05-14T15:18:17.1885588Z"/>
    <EventRecordID>690025</EventRecordID>
    <Correlation/>
    <Execution ProcessID="2764" ThreadID="3400"/>
    <Channel>Microsoft-Windows-Sysmon/Operational</Channel>
    <Computer>WS-EHSAN-01.agentsoc.local</Computer>
    <Security UserID="S-1-5-18"/>
  </System>
  <EventData>
    
    <Data Name="RuleName">-</Data>
    <Data Name="UtcTime">2024-05-14 15:18:17.188</Data>
    <Data Name="ProcessGuid">{46ffc8e5-80ab-6643-ad02-00006c72b78f}</Data>
    <Data Name="ProcessId">3892</Data>
    <Data Name="Image">C:\Program Files (x86)\Common Files\Adobe\ARM\1.0\AdobeARMservice.exe</Data>
    <Data Name="User">NT AUTHORITY\SYSTEM</Data>
    
  </EventData>
</Event>
<Event xmlns="http://schemas.microsoft.com/win/2004/08/events/event">
  <System>
    <Provider Name="Microsoft-Windows-Sysmon" Guid="{5770385f-c22a-43e0-bf4c-06f5698ffbd9}"/>
    <EventID>22</EventID>
    <Version>5</Version>
    <Level>4</Level>
    <Task>22</Task>
    <Opcode>0</Opcode>
    <Keywords>0x8000000000000000</Keywords>
    <TimeCreated SystemTime="2024-05-14T15:20:41.7172883Z"/>
    <EventRecordID>690095</EventRecordID>
    <Correlation/>
    <Execution ProcessID="2764" ThreadID="3400"/>
    <Channel>Microsoft-Windows-Sysmon/Operational</Channel>
    <Computer>WS-EHSAN-01.agentsoc.local</Computer>
    <Security UserID="S-1-5-18"/>
  </System>
  <EventData>
    
    <Data Name="RuleName">-</Data>
    <Data Name="UtcTime">2024-05-14 15:20:41.717</Data>
    <Data Name="ProcessGuid">{46ffc8e5-45ce-662a-3e00-0010caf7e30c}</Data>
    <Data Name="ProcessId">2436</Data>
    <Data Name="QueryName">DC-BO-01.agentsoc.local</Data>
    <Data Name="QueryStatus">0</Data>
    <Data Name="QueryResults">10.44.20.10;</Data>
    <Data Name="Image">C:\Windows\System32\svchost.exe</Data>
    <Data Name="User">NT AUTHORITY\LOCAL SERVICE</Data>
    
  </EventData>
</Event>
<Event xmlns="http://schemas.microsoft.com/win/2004/08/events/event">
  <System>
    <Provider Name="Microsoft-Windows-Sysmon" Guid="{5770385f-c22a-43e0-bf4c-06f5698ffbd9}"/>
    <EventID>1</EventID>
    <Version>5</Version>
    <Level>4</Level>
    <Task>1</Task>
    <Opcode>0</Opcode>
    <Keywords>0x8000000000000000</Keywords>
    <TimeCreated SystemTime="2024-05-14T15:21:15.8456546Z"/>
    <EventRecordID>690133</EventRecordID>
    <Correlation/>
    <Execution ProcessID="2764" ThreadID="2400"/>
    <Channel>Microsoft-Windows-Sysmon/Operational</Channel>
    <Computer>WS-EHSAN-01.agentsoc.local</Computer>
    <Security UserID="S-1-5-18"/>
  </System>
  <EventData>
    
    <Data Name="RuleName">-</Data>
    <Data Name="UtcTime">2024-05-14 15:21:15.845</Data>
    <Data Name="ProcessGuid">{46ffc8e5-816b-6643-3002-0000df26f287}</Data>
    <Data Name="ProcessId">3888</Data>
    <Data Name="Image">C:\Program Files (x86)\Microsoft\Edge\Application\msedge.exe</Data>
    <Data Name="FileVersion">120.0.2210.144</Data>
    <Data Name="Description">Microsoft Edge</Data>
    <Data Name="Product">Microsoft Edge</Data>
    <Data Name="Company">Microsoft Corporation</Data>
    <Data Name="OriginalFileName">msedge.exe</Data>
    <Data Name="CommandLine">"C:\Program Files (x86)\Microsoft\Edge\Application\msedge.exe" --single-argument https://www.google.com/</Data>
    <Data Name="CurrentDirectory">C:\Users\ehsan.shaik\</Data>
    <Data Name="User">AGENTSOC\ehsan.shaik</Data>
    <Data Name="LogonGuid">{00000000-0000-0000-0000-000000000000}</Data>
    <Data Name="LogonId">0xe3efb32</Data>
    <Data Name="TerminalSessionId">1</Data>
    <Data Name="IntegrityLevel">Medium</Data>
    <Data Name="Hashes">SHA1=55CCE3E0AD6A110099026E5D474FFFDF466CB36D,MD5=6D52E93D708B9D6D6FCFEAB922C5CB61,SHA256=345B8E5C4137AD16DC331145262FCF6E9DC8AD652134872D52B4C3EF5FE0ED81,IMPHASH=9C4300424F471E4D0E2ECB2C35DFB002</Data>
    <Data Name="ParentProcessGuid">{46ffc8e5-6fdd-6643-8000-0010312daf5b}</Data>
    <Data Name="ParentProcessId">3584</Data>
    <Data Name="ParentImage">C:\Windows\explorer.exe</Data>
    <Data Name="ParentCommandLine">explorer.exe</Data>
    <Data Name="ParentUser">AGENTSOC\ehsan.shaik</Data>
    
  </EventData>
</Event>
<Event xmlns="http://schemas.microsoft.com/win/2004/08/events/event">
  <System>
    <Provider Name="Microsoft-Windows-Sysmon" Guid="{5770385f-c22a-43e0-bf4c-06f5698ffbd9}"/>
    <EventID>3</EventID>
    <Version>5</Version>
    <Level>4</Level>
    <Task>3</Task>
    <Opcode>0</Opcode>
    <Keywords>0x8000000000000000</Keywords>
    <TimeCreated SystemTime="2024-05-14T15:21:16.9008562Z"/>
    <EventRecordID>690134</EventRecordID>
    <Correlation/>
    <Execution ProcessID="2764" ThreadID="4812"/>
    <Channel>Microsoft-Windows-Sysmon/Operational</Channel>
    <Computer>WS-EHSAN-01.agentsoc.local</Computer>
    <Security UserID="S-1-5-18"/>
  </System>
  <EventData>
    
    <Data Name="RuleName">-</Data>
    <Data Name="UtcTime">2024-05-14 15:21:16.900</Data>
    <Data Name="ProcessGuid">{46ffc8e5-816b-6643-3002-0000df26f287}</Data>
    <Data Name="ProcessId">3888</Data>
    <Data Name="Image">C:\Program Files (x86)\Microsoft\Edge\Application\msedge.exe</Data>
    <Data Name="User">AGENTSOC\ehsan.shaik</Data>
    <Data Name="Protocol">tcp</Data>
    <Data Name="Initiated">true</Data>
    <Data Name="SourceIsIpv6">false</Data>
    <Data Name="SourceIp">10.44.10.21</Data>
    <Data Name="SourceHostname">WS-EHSAN-01.agentsoc.local</Data>
    <Data Name="SourcePort">58027</Data>
    <Data Name="SourcePortName">-</Data>
    <Data Name="DestinationIsIpv6">false</Data>
    <Data Name="DestinationIp">10.44.20.30</Data>
    <Data Name="DestinationHostname">PROXY-BO-01.agentsoc.local</Data>
    <Data Name="DestinationPort">8080</Data>
    <Data Name="DestinationPortName">http-alt</Data>
    
  </EventData>
</Event>
<Event xmlns="http://schemas.microsoft.com/win/2004/08/events/event">
  <System>
    <Provider Name="Microsoft-Windows-Sysmon" Guid="{5770385f-c22a-43e0-bf4c-06f5698ffbd9}"/>
    <EventID>10</EventID>
    <Version>3</Version>
    <Level>4</Level>
    <Task>10</Task>
    <Opcode>0</Opcode>
    <Keywords>0x8000000000000000</Keywords>
    <TimeCreated SystemTime="2024-05-14T15:21:32.8362995Z"/>
    <EventRecordID>690136</EventRecordID>
    <Correlation/>
    <Execution ProcessID="2764" ThreadID="4812"/>
    <Channel>Microsoft-Windows-Sysmon/Operational</Channel>
    <Computer>WS-EHSAN-01.agentsoc.local</Computer>
    <Security UserID="S-1-5-18"/>
  </System>
  <EventData>
    
    <Data Name="RuleName">-</Data>
    <Data Name="UtcTime">2024-05-14 15:21:32.836</Data>
    <Data Name="SourceProcessGUID">{46ffc8e5-45cc-662a-7000-00108c754b35}</Data>
    <Data Name="SourceProcessId">2412</Data>
    <Data Name="SourceImage">C:\Windows\System32\svchost.exe</Data>
    <Data Name="SourceThreadId">9648</Data>
    <Data Name="SourceUser">NT AUTHORITY\NETWORK SERVICE</Data>
    <Data Name="TargetProcessGUID">{46ffc8e5-45c9-662a-7d00-0000bf7fcf52}</Data>
    <Data Name="TargetProcessId">2388</Data>
    <Data Name="TargetImage">C:\Windows\System32\lsass.exe</Data>
    <Data Name="TargetUser">NT AUTHORITY\SYSTEM</Data>
    <Data Name="GrantedAccess">0x1400</Data>
    <Data Name="CallTrace">C:\Windows\SYSTEM32\ntdll.dll+9E8AC|C:\Windows\SYSTEM32\RPCRT4.dll+7D8CE|C:\Windows\SYSTEM32\KERNELBASE.dll+2D78F</Data>
    
  </EventData>
</Event>
<Event xmlns="http://schemas.microsoft.com/win/2004/08/events/event">
  <System>
    <Provider Name="Microsoft-Windows-Sysmon" Guid="{5770385f-c22a-43e0-bf4c-06f5698ffbd9}"/>
    <EventID>13</EventID>
    <Version>2</Version>
    <Level>4</Level>
    <Task>13</Task>
    <Opcode>0</Opcode>
    <Keywords>0x8000000000000000</Keywords>
    <TimeCreated SystemTime="2024-05-14T15:23:18.5473771Z"/>
    <EventRecordID>690163</EventRecordID>
    <Correlation/>
    <Execution ProcessID="2764" ThreadID="4812"/>
    <Channel>Microsoft-Windows-Sysmon/Operational</Channel>
    <Computer>WS-EHSAN-01.agentsoc.local</Computer>
    <Security UserID="S-1-5-18"/>
  </System>
  <EventData>
    
    <Data Name="RuleName">-</Data>
    <Data Name="EventType">SetValue</Data>
    <Data Name="UtcTime">2024-05-14 15:23:18.547</Data>
    <Data Name="ProcessGuid">{46ffc8e5-45e4-662a-5300-00109c9b149a}</Data>
    <Data Name="ProcessId">2688</Data>
    <Data Name="Image">C:\Windows\explorer.exe</Data>
    <Data Name="User">AGENTSOC\ehsan.shaik</Data>
    <Data Name="TargetObject">HKU\S-1-5-21-1223493204-1473060041-1971563278-1001\Software\Microsoft\Windows\CurrentVersion\Internet Settings\ProxyEnable</Data>
    <Data Name="Details">DWORD (0x00000000)</Data>
    
  </EventData>
</Event>
<Event xmlns="http://schemas.microsoft.com/win/2004/08/events/event">
  <System>
    <Provider Name="Microsoft-Windows-Sysmon" Guid="{5770385f-c22a-43e0-bf4c-06f5698ffbd9}"/>
    <EventID>3</EventID>
    <Version>5</Version>
    <Level>4</Level>
    <Task>3</Task>
    <Opcode>0</Opcode>
    <Keywords>0x8000000000000000</Keywords>
    <TimeCreated SystemTime="2024-05-14T15:24:04.5526192Z"/>
    <EventRecordID>690165</EventRecordID>
    <Correlation/>
    <Execution ProcessID="2764" ThreadID="4812"/>
    <Channel>Microsoft-Windows-Sysmon/Operational</Channel>
    <Computer>WS-EHSAN-01.agentsoc.local</Computer>
    <Security UserID="S-1-5-18"/>
  </System>
  <EventData>
    
    <Data Name="RuleName">-</Data>
    <Data Name="UtcTime">2024-05-14 15:24:04.552</Data>
    <Data Name="ProcessGuid">{46ffc8e5-45c9-662a-7d00-0000bf7fcf52}</Data>
    <Data Name="ProcessId">2388</Data>
    <Data Name="Image">C:\Windows\System32\lsass.exe</Data>
    <Data Name="User">NT AUTHORITY\SYSTEM</Data>
    <Data Name="Protocol">udp</Data>
    <Data Name="Initiated">true</Data>
    <Data Name="SourceIsIpv6">false</Data>
    <Data Name="SourceIp">10.44.10.21</Data>
    <Data Name="SourceHostname">WS-EHSAN-01.agentsoc.local</Data>
    <Data Name="SourcePort">52611</Data>
    <Data Name="SourcePortName">-</Data>
    <Data Name="DestinationIsIpv6">false</Data>
    <Data Name="DestinationIp">10.44.20.10</Data>
    <Data Name="DestinationHostname">DC-BO-01.agentsoc.local</Data>
    <Data Name="DestinationPort">88</Data>
    <Data Name="DestinationPortName">kerberos</Data>
    
  </EventData>
</Event>
<Event xmlns="http://schemas.microsoft.com/win/2004/08/events/event">
  <System>
    <Provider Name="Microsoft-Windows-Sysmon" Guid="{5770385f-c22a-43e0-bf4c-06f5698ffbd9}"/>
    <EventID>13</EventID>
    <Version>2</Version>
    <Level>4</Level>
    <Task>13</Task>
    <Opcode>0</Opcode>
    <Keywords>0x8000000000000000</Keywords>
    <TimeCreated SystemTime="2024-05-14T15:25:22.0204445Z"/>
    <EventRecordID>690168</EventRecordID>
    <Correlation/>
    <Execution ProcessID="2764" ThreadID="4812"/>
    <Channel>Microsoft-Windows-Sysmon/Operational</Channel>
    <Computer>WS-EHSAN-01.agentsoc.local</Computer>
    <Security UserID="S-1-5-18"/>
  </System>
  <EventData>
    
    <Data Name="RuleName">-</Data>
    <Data Name="EventType">SetValue</Data>
    <Data Name="UtcTime">2024-05-14 15:25:22.020</Data>
    <Data Name="ProcessGuid">{46ffc8e5-45e4-662a-0f00-001027fe4d60}</Data>
    <Data Name="ProcessId">2720</Data>
    <Data Name="Image">C:\Windows\System32\RuntimeBroker.exe</Data>
    <Data Name="User">AGENTSOC\ehsan.shaik</Data>
    <Data Name="TargetObject">HKU\S-1-5-21-1223493204-1473060041-1971563278-1001\Software\Microsoft\Windows\CurrentVersion\Explorer\UserAssist\{CEBFF5CD-ACE2-4F4F-9178-9926F41749EA}\Count\HRZR_EHACNGU:P:\Jvaqbjf\Flfgrz32\JvaqbjfCbjreFuryy\i1.0\cbjrefuryy.rkr</Data>
    <Data Name="Details">3B AC EF CA B3 E7 61 D3 93 58 56 14 D0 36 08 E8 57 61 D8 DB 5A AC 42 99 FE 12 5A E1 00 0B 09 D1</Data>
    
  </EventData>
</Event>
<Event xmlns="http://schemas.microsoft.com/win/2004/08/events/event">
  <System>
    <Provider Name="Microsoft-Windows-Sysmon" Guid="{5770385f-c22a-43e0-bf4c-06f5698ffbd9}"/>
    <EventID>1</EventID>
    <Version>5</Version>
    <Level>4</Level>
    <Task>1</Task>
    <Opcode>0</Opcode>
    <Keywords>0x8000000000000000</Keywords>
    <TimeCreated SystemTime="2024-05-14T15:29:01.8452860Z"/>
    <EventRecordID>691097</EventRecordID>
    <Correlation/>
    <Execution ProcessID="2764" ThreadID="4812"/>
    <Channel>Microsoft-Windows-Sysmon/Operational</Channel>
    <Computer>WS-EHSAN-01.agentsoc.local</Computer>
    <Security UserID="S-1-5-18"/>
  </System>
  <EventData>
    
    <Data Name="RuleName">-</Data>
    <Data Name="UtcTime">2024-05-14 15:29:01.845</Data>
    <Data Name="ProcessGuid">{46ffc8e5-833d-6643-8800-00009d9e995a}</Data>
    <Data Name="ProcessId">3868</Data>
    <Data Name="Image">C:\Program Files (x86)\Microsoft\Edge\Application\msedge.exe</Data>
    <Data Name="FileVersion">120.0.2210.144</Data>
    <Data Name="Description">Microsoft Edge</Data>
    <Data Name="Product">Microsoft Edge</Data>
    <Data Name="Company">Microsoft Corporation</Data>
    <Data Name="OriginalFileName">msedge.exe</Data>
    <Data Name="CommandLine">"C:\Program Files (x86)\Microsoft\Edge\Application\msedge.exe" --single-argument https://login.salesforce.com/</Data>
    <Data Name="CurrentDirectory">C:\Users\ehsan.shaik\</Data>
    <Data Name="User">AGENTSOC\ehsan.shaik</Data>
    <Data Name="LogonGuid">{00000000-0000-0000-0000-000000000000}</Data>
    <Data Name="LogonId">0xe3efb32</Data>
    <Data Name="TerminalSessionId">1</Data>
    <Data Name="IntegrityLevel">Medium</Data>
    <Data Name="Hashes">SHA1=55CCE3E0AD6A110099026E5D474FFFDF466CB36D,MD5=6D52E93D708B9D6D6FCFEAB922C5CB61,SHA256=345B8E5C4137AD16DC331145262FCF6E9DC8AD652134872D52B4C3EF5FE0ED81,IMPHASH=9C4300424F471E4D0E2ECB2C35DFB002</Data>
    <Data Name="ParentProcessGuid">{46ffc8e5-6fdd-6643-8000-0010312daf5b}</Data>
    <Data Name="ParentProcessId">3584</Data>
    <Data Name="ParentImage">C:\Windows\explorer.exe</Data>
    <Data Name="ParentCommandLine">explorer.exe</Data>
    <Data Name="ParentUser">AGENTSOC\ehsan.shaik</Data>
    
  </EventData>
</Event>
<Event xmlns="http://schemas.microsoft.com/win/2004/08/events/event">
  <System>
    <Provider Name="Microsoft-Windows-Sysmon" Guid="{5770385f-c22a-43e0-bf4c-06f5698ffbd9}"/>
    <EventID>3</EventID>
    <Version>5</Version>
    <Level>4</Level>
    <Task>3</Task>
    <Opcode>0</Opcode>
    <Keywords>0x8000000000000000</Keywords>
    <TimeCreated SystemTime="2024-05-14T15:29:09.4229536Z"/>
    <EventRecordID>691099</EventRecordID>
    <Correlation/>
    <Execution ProcessID="2764" ThreadID="4812"/>
    <Channel>Microsoft-Windows-Sysmon/Operational</Channel>
    <Computer>WS-EHSAN-01.agentsoc.local</Computer>
    <Security UserID="S-1-5-18"/>
  </System>
  <EventData>
    
    <Data Name="RuleName">-</Data>
    <Data Name="UtcTime">2024-05-14 15:29:09.422</Data>
    <Data Name="ProcessGuid">{46ffc8e5-833d-6643-8800-00009d9e995a}</Data>
    <Data Name="ProcessId">3868</Data>
    <Data Name="Image">C:\Program Files (x86)\Microsoft\Edge\Application\msedge.exe</Data>
    <Data Name="User">AGENTSOC\ehsan.shaik</Data>
    <Data Name="Protocol">tcp</Data>
    <Data Name="Initiated">true</Data>
    <Data Name="SourceIsIpv6">false</Data>
    <Data Name="SourceIp">10.44.10.21</Data>
    <Data Name="SourceHostname">WS-EHSAN-01.agentsoc.local</Data>
    <Data Name="SourcePort">52105</Data>
    <Data Name="SourcePortName">-</Data>
    <Data Name="DestinationIsIpv6">false</Data>
    <Data Name="DestinationIp">10.44.20.30</Data>
    <Data Name="DestinationHostname">PROXY-BO-01.agentsoc.local</Data>
    <Data Name="DestinationPort">8080</Data>
    <Data Name="DestinationPortName">http-alt</Data>
    
  </EventData>
</Event>
<Event xmlns="http://schemas.microsoft.com/win/2004/08/events/event">
  <System>
    <Provider Name="Microsoft-Windows-Sysmon" Guid="{5770385f-c22a-43e0-bf4c-06f5698ffbd9}"/>
    <EventID>22</EventID>
    <Version>5</Version>
    <Level>4</Level>
    <Task>22</Task>
    <Opcode>0</Opcode>
    <Keywords>0x8000000000000000</Keywords>
    <TimeCreated SystemTime="2024-05-14T15:29:21.9155531Z"/>
    <EventRecordID>691101</EventRecordID>
    <Correlation/>
    <Execution ProcessID="2764" ThreadID="4812"/>
    <Channel>Microsoft-Windows-Sysmon/Operational</Channel>
    <Computer>WS-EHSAN-01.agentsoc.local</Computer>
    <Security UserID="S-1-5-18"/>
  </System>
  <EventData>
    
    <Data Name="RuleName">-</Data>
    <Data Name="UtcTime">2024-05-14 15:29:21.915</Data>
    <Data Name="ProcessGuid">{46ffc8e5-45ce-662a-3e00-0010caf7e30c}</Data>
    <Data Name="ProcessId">2436</Data>
    <Data Name="QueryName">DC-BO-01.agentsoc.local</Data>
    <Data Name="QueryStatus">0</Data>
    <Data Name="QueryResults">fd00:2c14:000a::1;</Data>
    <Data Name="Image">C:\Windows\System32\svchost.exe</Data>
    <Data Name="User">NT AUTHORITY\LOCAL SERVICE</Data>
    
  </EventData>
</Event>
<Event xmlns="http://schemas.microsoft.com/win/2004/08/events/event">
  <System>
    <Provider Name="Microsoft-Windows-Sysmon" Guid="{5770385f-c22a-43e0-bf4c-06f5698ffbd9}"/>
    <EventID>13</EventID>
    <Version>2</Version>
    <Level>4</Level>
    <Task>13</Task>
    <Opcode>0</Opcode>
    <Keywords>0x8000000000000000</Keywords>
    <TimeCreated SystemTime="2024-05-14T15:30:59.0998287Z"/>
    <EventRecordID>691104</EventRecordID>
    <Correlation/>
    <Execution ProcessID="2764" ThreadID="2400"/>
    <Channel>Microsoft-Windows-Sysmon/Operational</Channel>
    <Computer>WS-EHSAN-01.agentsoc.local</Computer>
    <Security UserID="S-1-5-18"/>
  </System>
  <EventData>
    
    <Data Name="RuleName">-</Data>
    <Data Name="EventType">SetValue</Data>
    <Data Name="UtcTime">2024-05-14 15:30:59.099</Data>
    <Data Name="ProcessGuid">{46ffc8e5-45d4-662a-7900-00000e7e5c90}</Data>
    <Data Name="ProcessId">2480</Data>
    <Data Name="Image">C:\ProgramData\Microsoft\Windows Defender\Platform\4.18.2301.6-0\MsMpEng.exe</Data>
    <Data Name="User">NT AUTHORITY\SYSTEM</Data>
    <Data Name="TargetObject">HKLM\SOFTWARE\Microsoft\Windows Defender\Real-Time Protection\DisableRealtimeMonitoring</Data>
    <Data Name="Details">DWORD (0x00000000)</Data>
    
  </EventData>
</Event>
<Event xmlns="http://schemas.microsoft.com/win/2004/08/events/event">
  <System>
    <Provider Name="Microsoft-Windows-Sysmon" Guid="{5770385f-c22a-43e0-bf4c-06f5698ffbd9}"/>
    <EventID>10</EventID>
    <Version>3</Version>
    <Level>4</Level>
    <Task>10</Task>
    <Opcode>0</Opcode>
    <Keywords>0x8000000000000000</Keywords>
    <TimeCreated SystemTime="2024-05-14T15:32:29.8042954Z"/>
    <EventRecordID>691107</EventRecordID>
    <Correlation/>
    <Execution ProcessID="2764" ThreadID="4812"/>
    <Channel>Microsoft-Windows-Sysmon/Operational</Channel>
    <Computer>WS-EHSAN-01.agentsoc.local</Computer>
    <Security UserID="S-1-5-18"/>
  </System>
  <EventData>
    
    <Data Name="RuleName">-</Data>
    <Data Name="UtcTime">2024-05-14 15:32:29.804</Data>
    <Data Name="SourceProcessGUID">{46ffc8e5-45d4-662a-6d00-000008ce3e38}</Data>
    <Data Name="SourceProcessId">2484</Data>
    <Data Name="SourceImage">C:\Windows\System32\SearchIndexer.exe</Data>
    <Data Name="SourceThreadId">3584</Data>
    <Data Name="SourceUser">NT AUTHORITY\SYSTEM</Data>
    <Data Name="TargetProcessGUID">{46ffc8e5-45db-662a-ed02-0000fde4e8f6}</Data>
    <Data Name="TargetProcessId">2628</Data>
    <Data Name="TargetImage">C:\Windows\System32\SearchProtocolHost.exe</Data>
    <Data Name="TargetUser">NT AUTHORITY\SYSTEM</Data>
    <Data Name="GrantedAccess">0x0400</Data>
    <Data Name="CallTrace">C:\Windows\SYSTEM32\ntdll.dll+9CB80|C:\Windows\SYSTEM32\KERNELBASE.dll+2CDFE</Data>
    
  </EventData>
</Event>
<Event xmlns="http://schemas.microsoft.com/win/2004/08/events/event">
  <System>
    <Provider Name="Microsoft-Windows-Sysmon" Guid="{5770385f-c22a-43e0-bf4c-06f5698ffbd9}"/>
    <EventID>13</EventID>
    <Version>2</Version>
    <Level>4</Level>
    <Task>13</Task>
    <Opcode>0</Opcode>
    <Keywords>0x8000000000000000</Keywords>
    <TimeCreated SystemTime="2024-05-14T15:32:36.4054781Z"/>
    <EventRecordID>691123</EventRecordID>
    <Correlation/>
    <Execution ProcessID="2764" ThreadID="3400"/>
    <Channel>Microsoft-Windows-Sysmon/Operational</Channel>
    <Computer>WS-EHSAN-01.agentsoc.local</Computer>
    <Security UserID="S-1-5-18"/>
  </System>
  <EventData>
    
    <Data Name="RuleName">-</Data>
    <Data Name="EventType">SetValue</Data>
    <Data Name="UtcTime">2024-05-14 15:32:36.405</Data>
    <Data Name="ProcessGuid">{46ffc8e5-45df-662a-7c00-000007443d53}</Data>
    <Data Name="ProcessId">2652</Data>
    <Data Name="Image">C:\Windows\System32\msiexec.exe</Data>
    <Data Name="User">NT AUTHORITY\SYSTEM</Data>
    <Data Name="TargetObject">HKLM\SOFTWARE\Microsoft\Windows\CurrentVersion\Component Based Servicing\Packages\Package_for_DotNetRollup~31bf3856ad364e35~amd64~~10.0.22621.78\CurrentState</Data>
    <Data Name="Details">DWORD (0x00000070)</Data>
    
  </EventData>
</Event>
<Event xmlns="http://schemas.microsoft.com/win/2004/08/events/event">
  <System>
    <Provider Name="Microsoft-Windows-Sysmon" Guid="{5770385f-c22a-43e0-bf4c-06f5698ffbd9}"/>
    <EventID>3</EventID>
    <Version>5</Version>
    <Level>4</Level>
    <Task>3</Task>
    <Opcode>0</Opcode>
    <Keywords>0x8000000000000000</Keywords>
    <TimeCreated SystemTime="2024-05-14T15:32:55.0709353Z"/>
    <EventRecordID>691148</EventRecordID>
    <Correlation/>
    <Execution ProcessID="2764" ThreadID="4812"/>
    <Channel>Microsoft-Windows-Sysmon/Operational</Channel>
    <Computer>WS-EHSAN-01.agentsoc.local</Computer>
    <Security UserID="S-1-5-18"/>
  </System>
  <EventData>
    
    <Data Name="RuleName">-</Data>
    <Data Name="UtcTime">2024-05-14 15:32:55.070</Data>
    <Data Name="ProcessGuid">{46ffc8e5-45c9-662a-7d00-0000bf7fcf52}</Data>
    <Data Name="ProcessId">2388</Data>
    <Data Name="Image">C:\Windows\System32\lsass.exe</Data>
    <Data Name="User">NT AUTHORITY\SYSTEM</Data>
    <Data Name="Protocol">tcp</Data>
    <Data Name="Initiated">true</Data>
    <Data Name="SourceIsIpv6">false</Data>
    <Data Name="SourceIp">10.44.10.21</Data>
    <Data Name="SourceHostname">WS-EHSAN-01.agentsoc.local</Data>
    <Data Name="SourcePort">63463</Data>
    <Data Name="SourcePortName">-</Data>
    <Data Name="DestinationIsIpv6">false</Data>
    <Data Name="DestinationIp">10.44.20.10</Data>
    <Data Name="DestinationHostname">DC-BO-01.agentsoc.local</Data>
    <Data Name="DestinationPort">88</Data>
    <Data Name="DestinationPortName">kerberos</Data>
    
  </EventData>
</Event>
<Event xmlns="http://schemas.microsoft.com/win/2004/08/events/event">
  <System>
    <Provider Name="Microsoft-Windows-Sysmon" Guid="{5770385f-c22a-43e0-bf4c-06f5698ffbd9}"/>
    <EventID>22</EventID>
    <Version>5</Version>
    <Level>4</Level>
    <Task>22</Task>
    <Opcode>0</Opcode>
    <Keywords>0x8000000000000000</Keywords>
    <TimeCreated SystemTime="2024-05-14T15:35:01.4799377Z"/>
    <EventRecordID>691160</EventRecordID>
    <Correlation/>
    <Execution ProcessID="2764" ThreadID="3400"/>
    <Channel>Microsoft-Windows-Sysmon/Operational</Channel>
    <Computer>WS-EHSAN-01.agentsoc.local</Computer>
    <Security UserID="S-1-5-18"/>
  </System>
  <EventData>
    
    <Data Name="RuleName">-</Data>
    <Data Name="UtcTime">2024-05-14 15:35:01.479</Data>
    <Data Name="ProcessGuid">{46ffc8e5-45ce-662a-3e00-0010caf7e30c}</Data>
    <Data Name="ProcessId">2436</Data>
    <Data Name="QueryName">DC-BO-01.agentsoc.local</Data>
    <Data Name="QueryStatus">0</Data>
    <Data Name="QueryResults">10.44.20.10;</Data>
    <Data Name="Image">C:\Windows\System32\svchost.exe</Data>
    <Data Name="User">NT AUTHORITY\LOCAL SERVICE</Data>
    
  </EventData>
</Event>
<Event xmlns="http://schemas.microsoft.com/win/2004/08/events/event">
  <System>
    <Provider Name="Microsoft-Windows-Sysmon" Guid="{5770385f-c22a-43e0-bf4c-06f5698ffbd9}"/>
    <EventID>3</EventID>
    <Version>5</Version>
    <Level>4</Level>
    <Task>3</Task>
    <Opcode>0</Opcode>
    <Keywords>0x8000000000000000</Keywords>
    <TimeCreated SystemTime="2024-05-14T15:35:01.8186799Z"/>
    <EventRecordID>691192</EventRecordID>
    <Correlation/>
    <Execution ProcessID="2764" ThreadID="3400"/>
    <Channel>Microsoft-Windows-Sysmon/Operational</Channel>
    <Computer>WS-EHSAN-01.agentsoc.local</Computer>
    <Security UserID="S-1-5-18"/>
  </System>
  <EventData>
    
    <Data Name="RuleName">-</Data>
    <Data Name="UtcTime">2024-05-14 15:35:01.818</Data>
    <Data Name="ProcessGuid">{46ffc8e5-45ce-662a-3e00-0010caf7e30c}</Data>
    <Data Name="ProcessId">2436</Data>
    <Data Name="Image">C:\Windows\System32\svchost.exe</Data>
    <Data Name="User">NT AUTHORITY\LOCAL SERVICE</Data>
    <Data Name="Protocol">udp</Data>
    <Data Name="Initiated">true</Data>
    <Data Name="SourceIsIpv6">false</Data>
    <Data Name="SourceIp">10.44.10.21</Data>
    <Data Name="SourceHostname">WS-EHSAN-01.agentsoc.local</Data>
    <Data Name="SourcePort">52293</Data>
    <Data Name="SourcePortName">-</Data>
    <Data Name="DestinationIsIpv6">false</Data>
    <Data Name="DestinationIp">10.44.20.10</Data>
    <Data Name="DestinationHostname">DC-BO-01.agentsoc.local</Data>
    <Data Name="DestinationPort">53</Data>
    <Data Name="DestinationPortName">domain</Data>
    
  </EventData>
</Event>
<Event xmlns="http://schemas.microsoft.com/win/2004/08/events/event">
  <System>
    <Provider Name="Microsoft-Windows-Sysmon" Guid="{5770385f-c22a-43e0-bf4c-06f5698ffbd9}"/>
    <EventID>13</EventID>
    <Version>2</Version>
    <Level>4</Level>
    <Task>13</Task>
    <Opcode>0</Opcode>
    <Keywords>0x8000000000000000</Keywords>
    <TimeCreated SystemTime="2024-05-14T15:36:11.5251413Z"/>
    <EventRecordID>691195</EventRecordID>
    <Correlation/>
    <Execution ProcessID="2764" ThreadID="4812"/>
    <Channel>Microsoft-Windows-Sysmon/Operational</Channel>
    <Computer>WS-EHSAN-01.agentsoc.local</Computer>
    <Security UserID="S-1-5-18"/>
  </System>
  <EventData>
    
    <Data Name="RuleName">-</Data>
    <Data Name="EventType">SetValue</Data>
    <Data Name="UtcTime">2024-05-14 15:36:11.525</Data>
    <Data Name="ProcessGuid">{46ffc8e5-45e4-662a-5300-00109c9b149a}</Data>
    <Data Name="ProcessId">2688</Data>
    <Data Name="Image">C:\Windows\explorer.exe</Data>
    <Data Name="User">AGENTSOC\ehsan.shaik</Data>
    <Data Name="TargetObject">HKU\S-1-5-21-1223493204-1473060041-1971563278-1001\Software\Microsoft\Office\16.0\PowerPoint\File MRU\Item 13</Data>
    <Data Name="Details">[F00000000][T01D9]C:\Users\ehsan.shaik\Documents\briefing-64.pptx</Data>
    
  </EventData>
</Event>
<Event xmlns="http://schemas.microsoft.com/win/2004/08/events/event">
  <System>
    <Provider Name="Microsoft-Windows-Sysmon" Guid="{5770385f-c22a-43e0-bf4c-06f5698ffbd9}"/>
    <EventID>7</EventID>
    <Version>3</Version>
    <Level>4</Level>
    <Task>7</Task>
    <Opcode>0</Opcode>
    <Keywords>0x8000000000000000</Keywords>
    <TimeCreated SystemTime="2024-05-14T15:36:12.3462923Z"/>
    <EventRecordID>691196</EventRecordID>
    <Correlation/>
    <Execution ProcessID="2764" ThreadID="4812"/>
    <Channel>Microsoft-Windows-Sysmon/Operational</Channel>
    <Computer>WS-EHSAN-01.agentsoc.local</Computer>
    <Security UserID="S-1-5-18"/>
  </System>
  <EventData>
    
    <Data Name="RuleName">-</Data>
    <Data Name="UtcTime">2024-05-14 15:36:12.346</Data>
    <Data Name="ProcessGuid">{46ffc8e5-7071-6643-9302-00008bc46dc9}</Data>
    <Data Name="ProcessId">3632</Data>
    <Data Name="Image">C:\Program Files\Google\Chrome\Application\chrome.exe</Data>
    <Data Name="ImageLoaded">C:\Program Files\Google\Chrome\Application\chrome_elf.dll</Data>
    <Data Name="FileVersion">120.0.6099.225</Data>
    <Data Name="Description">Google Chrome ELF</Data>
    <Data Name="Product">Google Chrome</Data>
    <Data Name="Company">Google LLC</Data>
    <Data Name="OriginalFileName">chrome_elf.dll</Data>
    <Data Name="Hashes">SHA1=98F2C46F436321DF47D29A18726967971BBA8B5D,MD5=2DFDCBCCB66CC7CA411D7399A5897E66,SHA256=8C4F880DC692201052696B65463DFD80CB5488164181D65755AD1522ABC726A2,IMPHASH=86D2DE677295CE14413467B53FCCFA41</Data>
    <Data Name="Signed">true</Data>
    <Data Name="Signature">Google LLC</Data>
    <Data Name="SignatureStatus">Valid</Data>
    
  </EventData>
</Event>
