<Event xmlns="http://schemas.microsoft.com/win/2004/08/events/event">
  <System>
    <Provider Name="Microsoft-Windows-Sysmon" Guid="{5770385f-c22a-43e0-bf4c-06f5698ffbd9}"/>
    <EventID>1</EventID>
    <Version>5</Version>
    <Level>4</Level>
    <Task>1</Task>
    <Opcode>0</Opcode>
    <Keywords>0x8000000000000000</Keywords>
    <TimeCreated SystemTime="2024-05-14T16:52:21.3611400Z"/>
    <EventRecordID>4465453</EventRecordID>
    <Correlation/>
    <Execution ProcessID="2292" ThreadID="4536"/>
    <Channel>Microsoft-Windows-Sysmon/Operational</Channel>
    <Computer>DC-BO-01.agentsoc.local</Computer>
    <Security UserID="S-1-5-18"/>
  </System>
  <EventData>
    
    <Data Name="RuleName">-</Data>
    <Data Name="UtcTime">2024-05-14 16:52:21.361</Data>
    <Data Name="ProcessGuid">{0f0dbc5d-96c5-6643-cc00-0000d68e9ce1}</Data>
    <Data Name="ProcessId">9228</Data>
    <Data Name="Image">C:\Windows\System32\svchost.exe</Data>
    <Data Name="FileVersion">10.0.20348.1</Data>
    <Data Name="Description">Host Process for Windows Services</Data>
    <Data Name="Product">Microsoft Windows Operating System</Data>
    <Data Name="Company">Microsoft Corporation</Data>
    <Data Name="OriginalFileName">svchost.exe</Data>
    <Data Name="CommandLine">svchost.exe -k netsvcs -p -s Winmgmt</Data>
    <Data Name="CurrentDirectory">C:\Windows\System32\</Data>
    <Data Name="User">NT AUTHORITY\SYSTEM</Data>
    <Data Name="LogonGuid">{76a4ff70-6f70-436e-87cf-90c13b467ba0}</Data>
    <Data Name="LogonId">0x3e7</Data>
    <Data Name="TerminalSessionId">0</Data>
    <Data Name="IntegrityLevel">System</Data>
    <Data Name="Hashes">SHA1=5CE448FA905EE08A22B960503A5E06876992E092,MD5=A417C300E2BB7D055C6DFD9E80D04ED8,SHA256=7DA8E1E1E69684B8341E442E8629C6746359808E7B8E9A51BE070AD7866B2CB2,IMPHASH=F9EBF344F0DAE6163C276DAF3CFFA3D3</Data>
    <Data Name="ParentProcessGuid">{0f0dbc5d-16c5-661d-9200-001026a60bb6}</Data>
    <Data Name="ParentProcessId">5468</Data>
    <Data Name="ParentImage">C:\Windows\System32\services.exe</Data>
    <Data Name="ParentCommandLine">services.exe</Data>
    <Data Name="ParentUser">NT AUTHORITY\SYSTEM</Data>
    
  </EventData>
</Event>
<Event xmlns="http://schemas.microsoft.com/win/2004/08/events/event">
  <System>
    <Provider Name="Microsoft-Windows-Sysmon" Guid="{5770385f-c22a-43e0-bf4c-06f5698ffbd9}"/>
    <EventID>13</EventID>
    <Version>2</Version>
    <Level>4</Level>
    <Task>13</Task>
    <Opcode>0</Opcode>
    <Keywords>0x8000000000000000</Keywords>
    <TimeCreated SystemTime="2024-05-14T16:52:38.6941027Z"/>
    <EventRecordID>4465473</EventRecordID>
    <Correlation/>
    <Execution ProcessID="2292" ThreadID="4432"/>
    <Channel>Microsoft-Windows-Sysmon/Operational</Channel>
    <Computer>DC-BO-01.agentsoc.local</Computer>
    <Security UserID="S-1-5-18"/>
  </System>
  <EventData>
    
    <Data Name="RuleName">-</Data>
    <Data Name="EventType">SetValue</Data>
    <Data Name="UtcTime">2024-05-14 16:52:38.694</Data>
    <Data Name="ProcessGuid">{0f0dbc5d-16c5-661d-9200-001026a60bb6}</Data>
    <Data Name="ProcessId">5468</Data>
    <Data Name="Image">C:\Windows\System32\services.exe</Data>
    <Data Name="User">NT AUTHORITY\SYSTEM</Data>
    <Data Name="TargetObject">HKLM\SOFTWARE\Microsoft\Windows\CurrentVersion\Policies\System\EnableLUA</Data>
    <Data Name="Details">DWORD (0x00000001)</Data>
    
  </EventData>
</Event>
<Event xmlns="http://schemas.microsoft.com/win/2004/08/events/event">
  <System>
    <Provider Name="Microsoft-Windows-Sysmon" Guid="{5770385f-c22a-43e0-bf4c-06f5698ffbd9}"/>
    <EventID>10</EventID>
    <Version>3</Version>
    <Level>4</Level>
    <Task>10</Task>
    <Opcode>0</Opcode>
    <Keywords>0x8000000000000000</Keywords>
    <TimeCreated SystemTime="2024-05-14T16:52:40.1408671Z"/>
    <EventRecordID>4465493</EventRecordID>
    <Correlation/>
    <Execution ProcessID="2292" ThreadID="4792"/>
    <Channel>Microsoft-Windows-Sysmon/Operational</Channel>
    <Computer>DC-BO-01.agentsoc.local</Computer>
    <Security UserID="S-1-5-18"/>
  </System>
  <EventData>
    
    <Data Name="RuleName">-</Data>
    <Data Name="UtcTime">2024-05-14 16:52:40.140</Data>
    <Data Name="SourceProcessGUID">{0f0dbc5d-16c5-661d-9200-001026a60bb6}</Data>
    <Data Name="SourceProcessId">5468</Data>
    <Data Name="SourceImage">C:\Windows\System32\services.exe</Data>
    <Data Name="SourceThreadId">1124</Data>
    <Data Name="SourceUser">NT AUTHORITY\SYSTEM</Data>
    <Data Name="TargetProcessGUID">{0f0dbc5d-16ca-661d-ee00-0000ee71786b}</Data>
    <Data Name="TargetProcessId">5548</Data>
    <Data Name="TargetImage">C:\Windows\System32\svchost.exe</Data>
    <Data Name="TargetUser">NT AUTHORITY\NETWORK SERVICE</Data>
    <Data Name="GrantedAccess">0x1400</Data>
    <Data Name="CallTrace">C:\Windows\SYSTEM32\ntdll.dll+9D3F1|C:\Windows\SYSTEM32\KERNELBASE.dll+2EDF1|C:\Windows\SYSTEM32\sechost.dll+12ABE</Data>
    
  </EventData>
</Event>
<Event xmlns="http://schemas.microsoft.com/win/2004/08/events/event">
  <System>
    <Provider Name="Microsoft-Windows-Sysmon" Guid="{5770385f-c22a-43e0-bf4c-06f5698ffbd9}"/>
    <EventID>7</EventID>
    <Version>3</Version>
    <Level>4</Level>
    <Task>7</Task>
    <Opcode>0</Opcode>
    <Keywords>0x8000000000000000</Keywords>
    <TimeCreated SystemTime="2024-05-14T16:52:45.6228078Z"/>
    <EventRecordID>4465531</EventRecordID>
    <Correlation/>
    <Execution ProcessID="2292" ThreadID="4792"/>
    <Channel>Microsoft-Windows-Sysmon/Operational</Channel>
    <Computer>DC-BO-01.agentsoc.local</Computer>
    <Security UserID="S-1-5-18"/>
  </System>
  <EventData>
    
    <Data Name="RuleName">-</Data>
    <Data Name="UtcTime">2024-05-14 16:52:45.622</Data>
    <Data Name="ProcessGuid">{0f0dbc5d-3a39-6643-ec00-0000efc93847}</Data>
    <Data Name="ProcessId">6380</Data>
    <Data Name="Image">C:\Windows\System32\taskhostw.exe</Data>
    <Data Name="ImageLoaded">C:\ProgramData\Microsoft\Windows Defender\Platform\4.18.24010.12-0\MpClient.dll</Data>
    <Data Name="FileVersion">10.0.19041.1</Data>
    <Data Name="Description">MpClient.dll system library</Data>
    <Data Name="Product">Microsoft Windows Operating System</Data>
    <Data Name="Company">Microsoft Corporation</Data>
    <Data Name="OriginalFileName">MpClient.dll</Data>
    <Data Name="Hashes">SHA1=3F34D823B40651F9660F8B57D2824354FF4220E0,MD5=8689F539E596BB51AEEAADF7607F2034,SHA256=DBA307B16F14BE1067DBE6A70FD4D06CC6968C32728075BD45ED4C6CACD86DCF,IMPHASH=71182405ECAB499EBCC4F349C5A8EC79</Data>
    <Data Name="Signed">true</Data>
    <Data Name="Signature">Microsoft Corporation</Data>
    <Data Name="SignatureStatus">Valid</Data>
    
  </EventData>
</Event>
<Event xmlns="http://schemas.microsoft.com/win/2004/08/events/event">
  <System>
    <Provider Name="Microsoft-Windows-Sysmon" Guid="{5770385f-c22a-43e0-bf4c-06f5698ffbd9}"/>
    <EventID>13</EventID>
    <Version>2</Version>
    <Level>4</Level>
    <Task>13</Task>
    <Opcode>0</Opcode>
    <Keywords>0x8000000000000000</Keywords>
    <TimeCreated SystemTime="2024-05-14T16:53:17.5353886Z"/>
    <EventRecordID>4465535</EventRecordID>
    <Correlation/>
    <Execution ProcessID="2292" ThreadID="4792"/>
    <Channel>Microsoft-Windows-Sysmon/Operational</Channel>
    <Computer>DC-BO-01.agentsoc.local</Computer>
    <Security UserID="S-1-5-18"/>
  </System>
  <EventData>
    
    <Data Name="RuleName">-</Data>
    <Data Name="EventType">SetValue</Data>
    <Data Name="UtcTime">2024-05-14 16:53:17.535</Data>
    <Data Name="ProcessGuid">{0f0dbc5d-16d5-661d-fe02-001061d86cca}</Data>
    <Data Name="ProcessId">5652</Data>
    <Data Name="Image">C:\Windows\System32\svchost.exe</Data>
    <Data Name="User">NT AUTHORITY\SYSTEM</Data>
    <Data Name="TargetObject">HKLM\SOFTWARE\Microsoft\Windows\CurrentVersion\Component Based Servicing\Packages\Package_for_DotNetRollup~31bf3856ad364e35~amd64~~10.0.20348.51\CurrentState</Data>
    <Data Name="Details">DWORD (0x00000070)</Data>
    
  </EventData>
</Event>
<Event xmlns="http://schemas.microsoft.com/win/2004/08/events/event">
  <System>
    <Provider Name="Microsoft-Windows-Sysmon" Guid="{5770385f-c22a-43e0-bf4c-06f5698ffbd9}"/>
    <EventID>13</EventID>
    <Version>2</Version>
    <Level>4</Level>
    <Task>13</Task>
    <Opcode>0</Opcode>
    <Keywords>0x8000000000000000</Keywords>
    <TimeCreated SystemTime="2024-05-14T16:53:47.1487223Z"/>
    <EventRecordID>4465539</EventRecordID>
    <Correlation/>
    <Execution ProcessID="2292" ThreadID="4432"/>
    <Channel>Microsoft-Windows-Sysmon/Operational</Channel>
    <Computer>DC-BO-01.agentsoc.local</Computer>
    <Security UserID="S-1-5-18"/>
  </System>
  <EventData>
    
    <Data Name="RuleName">-</Data>
    <Data Name="EventType">SetValue</Data>
    <Data Name="UtcTime">2024-05-14 16:53:47.148</Data>
    <Data Name="ProcessGuid">{0f0dbc5d-16c5-661d-9200-001026a60bb6}</Data>
    <Data Name="ProcessId">5468</Data>
    <Data Name="Image">C:\Windows\System32\services.exe</Data>
    <Data Name="User">NT AUTHORITY\SYSTEM</Data>
    <Data Name="TargetObject">HKLM\SOFTWARE\Microsoft\Windows\CurrentVersion\Component Based Servicing\Packages\Package_for_DotNetRollup~31bf3856ad364e35~amd64~~10.0.20348.13\CurrentState</Data>
    <Data Name="Details">DWORD (0x00000070)</Data>
    
  </EventData>
</Event>
<Event xmlns="http://schemas.microsoft.com/win/2004/08/events/event">
  <System>
    <Provider Name="Microsoft-Windows-Sysmon" Guid="{5770385f-c22a-43e0-bf4c-06f5698ffbd9}"/>
    <EventID>1</EventID>
    <Version>5</Version>
    <Level>4</Level>
    <Task>1</Task>
    <Opcode>0</Opcode>
    <Keywords>0x8000000000000000</Keywords>
    <TimeCreated SystemTime="2024-05-14T16:53:57.9131627Z"/>
    <EventRecordID>4465617</EventRecordID>
    <Correlation/>
    <Execution ProcessID="2292" ThreadID="4792"/>
    <Channel>Microsoft-Windows-Sysmon/Operational</Channel>
    <Computer>DC-BO-01.agentsoc.local</Computer>
    <Security UserID="S-1-5-18"/>
  </System>
  <EventData>
    
    <Data Name="RuleName">-</Data>
    <Data Name="UtcTime">2024-05-14 16:53:57.913</Data>
    <Data Name="ProcessGuid">{0f0dbc5d-9725-6643-0900-0010b6292175}</Data>
    <Data Name="ProcessId">8952</Data>
    <Data Name="Image">C:\Windows\System32\wbem\WmiPrvSE.exe</Data>
    <Data Name="FileVersion">10.0.20348.1</Data>
    <Data Name="Description">WMI Provider Host</Data>
    <Data Name="Product">Microsoft Windows Operating System</Data>
    <Data Name="Company">Microsoft Corporation</Data>
    <Data Name="OriginalFileName">WmiPrvSE.exe</Data>
    <Data Name="CommandLine">WmiPrvSE.exe -Embedding</Data>
    <Data Name="CurrentDirectory">C:\Windows\System32\</Data>
    <Data Name="User">NT AUTHORITY\SYSTEM</Data>
    <Data Name="LogonGuid">{76a4ff70-6f70-436e-87cf-90c13b467ba0}</Data>
    <Data Name="LogonId">0x3e7</Data>
    <Data Name="TerminalSessionId">0</Data>
    <Data Name="IntegrityLevel">System</Data>
    <Data Name="Hashes">SHA1=A5E3AF2A96B47DDFB49DA94A8671FB987C1FE2BB,MD5=7D26B8B7840F97C88857B470C235D9FE,SHA256=1066389BE1D488A653647CC3A656AC18A6219B4DDAFF89A68A5F31BACF2E0B3F,IMPHASH=7315DF3EBAFC67944E00B47EC7B4744A</Data>
    <Data Name="ParentProcessGuid">{0f0dbc5d-16c8-661d-e500-0000c9aef746}</Data>
    <Data Name="ParentProcessId">5508</Data>
    <Data Name="ParentImage">C:\Windows\System32\svchost.exe</Data>
    <Data Name="ParentCommandLine">svchost.exe -k DcomLaunch</Data>
    <Data Name="ParentUser">NT AUTHORITY\SYSTEM</Data>
    
  </EventData>
</Event>
<Event xmlns="http://schemas.microsoft.com/win/2004/08/events/event">
  <System>
    <Provider Name="Microsoft-Windows-Sysmon" Guid="{5770385f-c22a-43e0-bf4c-06f5698ffbd9}"/>
    <EventID>13</EventID>
    <Version>2</Version>
    <Level>4</Level>
    <Task>13</Task>
    <Opcode>0</Opcode>
    <Keywords>0x8000000000000000</Keywords>
    <TimeCreated SystemTime="2024-05-14T16:54:00.6580492Z"/>
    <EventRecordID>4465641</EventRecordID>
    <Correlation/>
    <Execution ProcessID="2292" ThreadID="2696"/>
    <Channel>Microsoft-Windows-Sysmon/Operational</Channel>
    <Computer>DC-BO-01.agentsoc.local</Computer>
    <Security UserID="S-1-5-18"/>
  </System>
  <EventData>
    
    <Data Name="RuleName">-</Data>
    <Data Name="EventType">SetValue</Data>
    <Data Name="UtcTime">2024-05-14 16:54:00.658</Data>
    <Data Name="ProcessGuid">{0f0dbc5d-16e2-661d-d602-001033f9c3d8}</Data>
    <Data Name="ProcessId">5716</Data>
    <Data Name="Image">C:\Windows\System32\msiexec.exe</Data>
    <Data Name="User">NT AUTHORITY\SYSTEM</Data>
    <Data Name="TargetObject">HKLM\SOFTWARE\Microsoft\Windows\CurrentVersion\Component Based Servicing\Packages\Package_for_RollupFix~31bf3856ad364e35~amd64~~10.0.20348.21\CurrentState</Data>
    <Data Name="Details">DWORD (0x00000070)</Data>
    
  </EventData>
</Event>
<Event xmlns="http://schemas.microsoft.com/win/2004/08/events/event">
  <System>
    <Provider Name="Microsoft-Windows-Sysmon" Guid="{5770385f-c22a-43e0-bf4c-06f5698ffbd9}"/>
    <EventID>7</EventID>
    <Version>3</Version>
    <Level>4</Level>
    <Task>7</Task>
    <Opcode>0</Opcode>
    <Keywords>0x8000000000000000</Keywords>
    <TimeCreated SystemTime="2024-05-14T16:54:14.5508528Z"/>
    <EventRecordID>4465643</EventRecordID>
    <Correlation/>
    <Execution ProcessID="2292" ThreadID="4432"/>
    <Channel>Microsoft-Windows-Sysmon/Operational</Channel>
    <Computer>DC-BO-01.agentsoc.local</Computer>
    <Security UserID="S-1-5-18"/>
  </System>
  <EventData>
    
    <Data Name="RuleName">-</Data>
    <Data Name="UtcTime">2024-05-14 16:54:14.550</Data>
    <Data Name="ProcessGuid">{0f0dbc5d-61a8-6643-f400-00006ec8cfe9}</Data>
    <Data Name="ProcessId">7580</Data>
    <Data Name="Image">C:\Windows\System32\svchost.exe</Data>
    <Data Name="ImageLoaded">C:\ProgramData\Microsoft\Windows Defender\Platform\4.18.24010.12-0\MpClient.dll</Data>
    <Data Name="FileVersion">10.0.19041.1</Data>
    <Data Name="Description">MpClient.dll system library</Data>
    <Data Name="Product">Microsoft Windows Operating System</Data>
    <Data Name="Company">Microsoft Corporation</Data>
    <Data Name="OriginalFileName">MpClient.dll</Data>
    <Data Name="Hashes">SHA1=3F34D823B40651F9660F8B57D2824354FF4220E0,MD5=8689F539E596BB51AEEAADF7607F2034,SHA256=DBA307B16F14BE1067DBE6A70FD4D06CC6968C32728075BD45ED4C6CACD86DCF,IMPHASH=71182405ECAB499EBCC4F349C5A8EC79</Data>
    <Data Name="Signed">true</Data>
    <Data Name="Signature">Microsoft Corporation</Data>
    <Data Name="SignatureStatus">Valid</Data>
    
  </EventData>
</Event>
<Event xmlns="http://schemas.microsoft.com/win/2004/08/events/event">
  <System>
    <Provider Name="Microsoft-Windows-Sysmon" Guid="{5770385f-c22a-43e0-bf4c-06f5698ffbd9}"/>
    <EventID>10</EventID>
    <Version>3</Version>
    <Level>4</Level>
    <Task>10</Task>
    <Opcode>0</Opcode>
    <Keywords>0x8000000000000000</Keywords>
    <TimeCreated SystemTime="2024-05-14T16:55:10.3114051Z"/>
    <EventRecordID>4465687</EventRecordID>
    <Correlation/>
    <Execution ProcessID="2292" ThreadID="4792"/>
    <Channel>Microsoft-Windows-Sysmon/Operational</Channel>
    <Computer>DC-BO-01.agentsoc.local</Computer>
    <Security UserID="S-1-5-18"/>
  </System>
  <EventData>
    
    <Data Name="RuleName">-</Data>
    <Data Name="UtcTime">2024-05-14 16:55:10.311</Data>
    <Data Name="SourceProcessGUID">{0f0dbc5d-16ca-661d-ee00-0000ee71786b}</Data>
    <Data Name="SourceProcessId">5548</Data>
    <Data Name="SourceImage">C:\Windows\System32\svchost.exe</Data>
    <Data Name="SourceThreadId">2740</Data>
    <Data Name="SourceUser">NT AUTHORITY\NETWORK SERVICE</Data>
    <Data Name="TargetProcessGUID">{0f0dbc5d-16c7-661d-4602-0010ef20a812}</Data>
    <Data Name="TargetProcessId">5484</Data>
    <Data Name="TargetImage">C:\Windows\System32\lsass.exe</Data>
    <Data Name="TargetUser">NT AUTHORITY\SYSTEM</Data>
    <Data Name="GrantedAccess">0x1000</Data>
    <Data Name="CallTrace">C:\Windows\SYSTEM32\ntdll.dll+9D3F1|C:\Windows\SYSTEM32\KERNELBASE.dll+2EDF1|C:\Windows\SYSTEM32\sechost.dll+12ABE</Data>
    
  </EventData>
</Event>
<Event xmlns="http://schemas.microsoft.com/win/2004/08/events/event">
  <System>
    <Provider Name="Microsoft-Windows-Sysmon" Guid="{5770385f-c22a-43e0-bf4c-06f5698ffbd9}"/>
    <EventID>13</EventID>
    <Version>2</Version>
    <Level>4</Level>
    <Task>13</Task>
    <Opcode>0</Opcode>
    <Keywords>0x8000000000000000</Keywords>
    <TimeCreated SystemTime="2024-05-14T16:55:20.2865903Z"/>
    <EventRecordID>4465846</EventRecordID>
    <Correlation/>
    <Execution ProcessID="2292" ThreadID="3544"/>
    <Channel>Microsoft-Windows-Sysmon/Operational</Channel>
    <Computer>DC-BO-01.agentsoc.local</Computer>
    <Security UserID="S-1-5-18"/>
  </System>
  <EventData>
    
    <Data Name="RuleName">-</Data>
    <Data Name="EventType">SetValue</Data>
    <Data Name="UtcTime">2024-05-14 16:55:20.286</Data>
    <Data Name="ProcessGuid">{0f0dbc5d-16d5-661d-fe02-001061d86cca}</Data>
    <Data Name="ProcessId">5652</Data>
    <Data Name="Image">C:\Windows\System32\svchost.exe</Data>
    <Data Name="User">NT AUTHORITY\SYSTEM</Data>
    <Data Name="TargetObject">HKLM\SOFTWARE\Microsoft\Windows\CurrentVersion\Component Based Servicing\Packages\Package_for_RollupFix~31bf3856ad364e35~amd64~~10.0.20348.78\CurrentState</Data>
    <Data Name="Details">DWORD (0x00000070)</Data>
    
  </EventData>
</Event>
<Event xmlns="http://schemas.microsoft.com/win/2004/08/events/event">
  <System>
    <Provider Name="Microsoft-Windows-Sysmon" Guid="{5770385f-c22a-43e0-bf4c-06f5698ffbd9}"/>
    <EventID>1</EventID>
    <Version>5</Version>
    <Level>4</Level>
    <Task>1</Task>
    <Opcode>0</Opcode>
    <Keywords>0x8000000000000000</Keywords>
    <TimeCreated SystemTime="2024-05-14T16:56:54.6402300Z"/>
    <EventRecordID>4465855</EventRecordID>
    <Correlation/>
    <Execution ProcessID="2292" ThreadID="4536"/>
    <Channel>Microsoft-Windows-Sysmon/Operational</Channel>
    <Computer>DC-BO-01.agentsoc.local</Computer>
    <Security UserID="S-1-5-18"/>
  </System>
  <EventData>
    
    <Data Name="RuleName">-</Data>
    <Data Name="UtcTime">2024-05-14 16:56:54.640</Data>
    <Data Name="ProcessGuid">{0f0dbc5d-97d6-6643-3b02-00005a3ba51c}</Data>
    <Data Name="ProcessId">9232</Data>
    <Data Name="Image">C:\Windows\System32\wsqmcons.exe</Data>
    <Data Name="FileVersion">10.0.20348.1</Data>
    <Data Name="Description">Windows SQM Consolidator</Data>
    <Data Name="Product">Microsoft Windows Operating System</Data>
    <Data Name="Company">Microsoft Corporation</Data>
    <Data Name="OriginalFileName">wsqmcons.exe</Data>
    <Data Name="CommandLine">wsqmcons.exe</Data>
    <Data Name="CurrentDirectory">C:\Windows\System32\</Data>
    <Data Name="User">NT AUTHORITY\SYSTEM</Data>
    <Data Name="LogonGuid">{76a4ff70-6f70-436e-87cf-90c13b467ba0}</Data>
    <Data Name="LogonId">0x3e7</Data>
    <Data Name="TerminalSessionId">0</Data>
    <Data Name="IntegrityLevel">System</Data>
    <Data Name="Hashes">SHA1=6104A75C65DB07E6EE6706906D704A1338B653FE,MD5=489C55BAC89C8302A2923642E37CCDAC,SHA256=55155F8AFE96FB01851A1DFB6259B5176C3F6B5FCC3B60C8261A2F7B1F792A4D,IMPHASH=899A0BCAA8253EB42A3742DEA8E5B794</Data>
    <Data Name="ParentProcessGuid">{0f0dbc5d-16c9-661d-3b02-0010afc469c1}</Data>
    <Data Name="ParentProcessId">5532</Data>
    <Data Name="ParentImage">C:\Windows\System32\svchost.exe</Data>
    <Data Name="ParentCommandLine">svchost.exe -k LocalSystem</Data>
    <Data Name="ParentUser">NT AUTHORITY\SYSTEM</Data>
    
  </EventData>
</Event>
<Event xmlns="http://schemas.microsoft.com/win/2004/08/events/event">
  <System>
    <Provider Name="Microsoft-Windows-Sysmon" Guid="{5770385f-c22a-43e0-bf4c-06f5698ffbd9}"/>
    <EventID>5</EventID>
    <Version>3</Version>
    <Level>4</Level>
    <Task>5</Task>
    <Opcode>0</Opcode>
    <Keywords>0x8000000000000000</Keywords>
    <TimeCreated SystemTime="2024-05-14T16:56:59.3078581Z"/>
    <EventRecordID>4465856</EventRecordID>
    <Correlation/>
    <Execution ProcessID="2292" ThreadID="4792"/>
    <Channel>Microsoft-Windows-Sysmon/Operational</Channel>
    <Computer>DC-BO-01.agentsoc.local</Computer>
    <Security UserID="S-1-5-18"/>
  </System>
  <EventData>
    
    <Data Name="RuleName">-</Data>
    <Data Name="UtcTime">2024-05-14 16:56:59.307</Data>
    <Data Name="ProcessGuid">{0f0dbc5d-97d6-6643-3b02-00005a3ba51c}</Data>
    <Data Name="ProcessId">9232</Data>
    <Data Name="Image">C:\Windows\System32\wsqmcons.exe</Data>
    <Data Name="User">NT AUTHORITY\SYSTEM</Data>
    
  </EventData>
</Event>
<Event xmlns="http://schemas.microsoft.com/win/2004/08/events/event">
  <System>
    <Provider Name="Microsoft-Windows-Sysmon" Guid="{5770385f-c22a-43e0-bf4c-06f5698ffbd9}"/>
    <EventID>13</EventID>
    <Version>2</Version>
    <Level>4</Level>
    <Task>13</Task>
    <Opcode>0</Opcode>
    <Keywords>0x8000000000000000</Keywords>
    <TimeCreated SystemTime="2024-05-14T16:57:33.0936374Z"/>
    <EventRecordID>4465864</EventRecordID>
    <Correlation/>
    <Execution ProcessID="2292" ThreadID="4432"/>
    <Channel>Microsoft-Windows-Sysmon/Operational</Channel>
    <Computer>DC-BO-01.agentsoc.local</Computer>
    <Security UserID="S-1-5-18"/>
  </System>
  <EventData>
    
    <Data Name="RuleName">-</Data>
    <Data Name="EventType">SetValue</Data>
    <Data Name="UtcTime">2024-05-14 16:57:33.093</Data>
    <Data Name="ProcessGuid">{0f0dbc5d-16c5-661d-9200-001026a60bb6}</Data>
    <Data Name="ProcessId">5468</Data>
    <Data Name="Image">C:\Windows\System32\services.exe</Data>
    <Data Name="User">NT AUTHORITY\SYSTEM</Data>
    <Data Name="TargetObject">HKLM\SOFTWARE\Microsoft\Windows\CurrentVersion\Component Based Servicing\Packages\Package_for_KB5034122~31bf3856ad364e35~amd64~~10.0.20348.65\CurrentState</Data>
    <Data Name="Details">DWORD (0x00000070)</Data>
    
  </EventData>
</Event>
<Event xmlns="http://schemas.microsoft.com/win/2004/08/events/event">
  <System>
    <Provider Name="Microsoft-Windows-Sysmon" Guid="{5770385f-c22a-43e0-bf4c-06f5698ffbd9}"/>
    <EventID>7</EventID>
    <Version>3</Version>
    <Level>4</Level>
    <Task>7</Task>
    <Opcode>0</Opcode>
    <Keywords>0x8000000000000000</Keywords>
    <TimeCreated SystemTime="2024-05-14T16:57:37.3804228Z"/>
    <EventRecordID>4465865</EventRecordID>
    <Correlation/>
    <Execution ProcessID="2292" ThreadID="4432"/>
    <Channel>Microsoft-Windows-Sysmon/Operational</Channel>
    <Computer>DC-BO-01.agentsoc.local</Computer>
    <Security UserID="S-1-5-18"/>
  </System>
  <EventData>
    
    <Data Name="RuleName">-</Data>
    <Data Name="UtcTime">2024-05-14 16:57:37.380</Data>
    <Data Name="ProcessGuid">{0f0dbc5d-8667-6643-6702-000087365879}</Data>
    <Data Name="ProcessId">8628</Data>
    <Data Name="Image">C:\Windows\System32\svchost.exe</Data>
    <Data Name="ImageLoaded">C:\Program Files\Cisco\Cisco AnyConnect Secure Mobility Client\vpnapi.dll</Data>
    <Data Name="FileVersion">5.1.4.74</Data>
    <Data Name="Description">Cisco Secure Client API</Data>
    <Data Name="Product">Cisco Secure Client</Data>
    <Data Name="Company">Cisco Systems, Inc.</Data>
    <Data Name="OriginalFileName">vpnapi.dll</Data>
    <Data Name="Hashes">SHA1=558BAB5949895B830CA45E75F09FB8934E7914BC,MD5=F77F3DA9BE8209A46C2E7A1CC27E40F2,SHA256=6BDA8E95531273676DF1C7BBF723070D6C6BF90250B5FBC99980B77F554B7A3F,IMPHASH=041B795A214B84F21AE78A14EE46F1B5</Data>
    <Data Name="Signed">true</Data>
    <Data Name="Signature">Cisco Systems, Inc.</Data>
    <Data Name="SignatureStatus">Valid</Data>
    
  </EventData>
</Event>
<Event xmlns="http://schemas.microsoft.com/win/2004/08/events/event">
  <System>
    <Provider Name="Microsoft-Windows-Sysmon" Guid="{5770385f-c22a-43e0-bf4c-06f5698ffbd9}"/>
    <EventID>7</EventID>
    <Version>3</Version>
    <Level>4</Level>
    <Task>7</Task>
    <Opcode>0</Opcode>
    <Keywords>0x8000000000000000</Keywords>
    <TimeCreated SystemTime="2024-05-14T16:57:50.7705144Z"/>
    <EventRecordID>4465872</EventRecordID>
    <Correlation/>
    <Execution ProcessID="2292" ThreadID="2696"/>
    <Channel>Microsoft-Windows-Sysmon/Operational</Channel>
    <Computer>DC-BO-01.agentsoc.local</Computer>
    <Security UserID="S-1-5-18"/>
  </System>
  <EventData>
    
    <Data Name="RuleName">-</Data>
    <Data Name="UtcTime">2024-05-14 16:57:50.770</Data>
    <Data Name="ProcessGuid">{0f0dbc5d-8f62-6643-1e02-001046a3b32d}</Data>
    <Data Name="ProcessId">9172</Data>
    <Data Name="Image">C:\Windows\System32\taskhostw.exe</Data>
    <Data Name="ImageLoaded">C:\Program Files\Windows Defender Advanced Threat Protection\SenseCncProxy.dll</Data>
    <Data Name="FileVersion">10.8049.22439.1065</Data>
    <Data Name="Description">Microsoft Defender for Endpoint Sensor Command Proxy</Data>
    <Data Name="Product">Microsoft Defender for Endpoint</Data>
    <Data Name="Company">Microsoft Corporation</Data>
    <Data Name="OriginalFileName">SenseCncProxy.dll</Data>
    <Data Name="Hashes">SHA1=80520C50C30D947A68E2E01E4B92DF5FF29928FA,MD5=D6395FA4C4ABC4A284744C04BC2C6207,SHA256=69D6A3AB75BCB21819F7D54E69E6BA2CB32C8E958F27473FD54099ADEB4BB353,IMPHASH=D775FDE08B202AEDA21B2DF864344D45</Data>
    <Data Name="Signed">true</Data>
    <Data Name="Signature">Microsoft Corporation</Data>
    <Data Name="SignatureStatus">Valid</Data>
    
  </EventData>
</Event>
<Event xmlns="http://schemas.microsoft.com/win/2004/08/events/event">
  <System>
    <Provider Name="Microsoft-Windows-Sysmon" Guid="{5770385f-c22a-43e0-bf4c-06f5698ffbd9}"/>
    <EventID>13</EventID>
    <Version>2</Version>
    <Level>4</Level>
    <Task>13</Task>
    <Opcode>0</Opcode>
    <Keywords>0x8000000000000000</Keywords>
    <TimeCreated SystemTime="2024-05-14T16:58:31.1901788Z"/>
    <EventRecordID>4465876</EventRecordID>
    <Correlation/>
    <Execution ProcessID="2292" ThreadID="4432"/>
    <Channel>Microsoft-Windows-Sysmon/Operational</Channel>
    <Computer>DC-BO-01.agentsoc.local</Computer>
    <Security UserID="S-1-5-18"/>
  </System>
  <EventData>
    
    <Data Name="RuleName">-</Data>
    <Data Name="EventType">SetValue</Data>
    <Data Name="UtcTime">2024-05-14 16:58:31.190</Data>
    <Data Name="ProcessGuid">{0f0dbc5d-16dc-661d-6c02-0000fcb1ffcf}</Data>
    <Data Name="ProcessId">5676</Data>
    <Data Name="Image">C:\Windows\System32\dllhost.exe</Data>
    <Data Name="User">NT AUTHORITY\SYSTEM</Data>
    <Data Name="TargetObject">HKLM\SOFTWARE\Microsoft\Windows\CurrentVersion\Explorer\Shell Folders\Common Startup</Data>
    <Data Name="Details">C:\ProgramData\Microsoft\Windows\Start Menu\Programs\Startup</Data>
    
  </EventData>
</Event>
<Event xmlns="http://schemas.microsoft.com/win/2004/08/events/event">
  <System>
    <Provider Name="Microsoft-Windows-Sysmon" Guid="{5770385f-c22a-43e0-bf4c-06f5698ffbd9}"/>
    <EventID>13</EventID>
    <Version>2</Version>
    <Level>4</Level>
    <Task>13</Task>
    <Opcode>0</Opcode>
    <Keywords>0x8000000000000000</Keywords>
    <TimeCreated SystemTime="2024-05-14T16:58:40.1803804Z"/>
    <EventRecordID>4465900</EventRecordID>
    <Correlation/>
    <Execution ProcessID="2292" ThreadID="4432"/>
    <Channel>Microsoft-Windows-Sysmon/Operational</Channel>
    <Computer>DC-BO-01.agentsoc.local</Computer>
    <Security UserID="S-1-5-18"/>
  </System>
  <EventData>
    
    <Data Name="RuleName">-</Data>
    <Data Name="EventType">SetValue</Data>
    <Data Name="UtcTime">2024-05-14 16:58:40.180</Data>
    <Data Name="ProcessGuid">{0f0dbc5d-16ca-661d-ee00-0000ee71786b}</Data>
    <Data Name="ProcessId">5548</Data>
    <Data Name="Image">C:\Windows\System32\svchost.exe</Data>
    <Data Name="User">NT AUTHORITY\NETWORK SERVICE</Data>
    <Data Name="TargetObject">HKLM\SOFTWARE\Microsoft\Windows\CurrentVersion\Explorer\Shell Folders\Common Startup</Data>
    <Data Name="Details">C:\ProgramData\Microsoft\Windows\Start Menu\Programs\Startup</Data>
    
  </EventData>
</Event>
<Event xmlns="http://schemas.microsoft.com/win/2004/08/events/event">
  <System>
    <Provider Name="Microsoft-Windows-Sysmon" Guid="{5770385f-c22a-43e0-bf4c-06f5698ffbd9}"/>
    <EventID>7</EventID>
    <Version>3</Version>
    <Level>4</Level>
    <Task>7</Task>
    <Opcode>0</Opcode>
    <Keywords>0x8000000000000000</Keywords>
    <TimeCreated SystemTime="2024-05-14T16:59:09.2075809Z"/>
    <EventRecordID>4465904</EventRecordID>
    <Correlation/>
    <Execution ProcessID="2292" ThreadID="4432"/>
    <Channel>Microsoft-Windows-Sysmon/Operational</Channel>
    <Computer>DC-BO-01.agentsoc.local</Computer>
    <Security UserID="S-1-5-18"/>
  </System>
  <EventData>
    
    <Data Name="RuleName">-</Data>
    <Data Name="UtcTime">2024-05-14 16:59:09.207</Data>
    <Data Name="ProcessGuid">{0f0dbc5d-16d4-661d-2200-00006e87ecd5}</Data>
    <Data Name="ProcessId">5636</Data>
    <Data Name="Image">C:\Windows\System32\svchost.exe</Data>
    <Data Name="ImageLoaded">C:\Program Files\VMware\VMware Tools\vmStatsProvider.dll</Data>
    <Data Name="FileVersion">1.0.0.0</Data>
    <Data Name="Description">vmStatsProvider.dll module</Data>
    <Data Name="Product">VMware, Inc.</Data>
    <Data Name="Company">VMware, Inc.</Data>
    <Data Name="OriginalFileName">vmStatsProvider.dll</Data>
    <Data Name="Hashes">SHA1=59D6A2228965DEA66D7C93F926FFF5BEA58D0958,MD5=90B6BA84A505CD2472182B6A3BFF34DD,SHA256=51F5802FF35D872BE25CF1BA725DBFE7E93B2CB0E7620126E5A6CC4F506DF760,IMPHASH=96621860BADAB47E574E7B6E25AA7F61</Data>
    <Data Name="Signed">true</Data>
    <Data Name="Signature">VMware, Inc.</Data>
    <Data Name="SignatureStatus">Valid</Data>
    
  </EventData>
</Event>
<Event xmlns="http://schemas.microsoft.com/win/2004/08/events/event">
  <System>
    <Provider Name="Microsoft-Windows-Sysmon" Guid="{5770385f-c22a-43e0-bf4c-06f5698ffbd9}"/>
    <EventID>5</EventID>
    <Version>3</Version>
    <Level>4</Level>
    <Task>5</Task>
    <Opcode>0</Opcode>
    <Keywords>0x8000000000000000</Keywords>
    <TimeCreated SystemTime="2024-05-14T16:59:34.4247319Z"/>
    <EventRecordID>4465907</EventRecordID>
    <Correlation/>
    <Execution ProcessID="2292" ThreadID="4792"/>
    <Channel>Microsoft-Windows-Sysmon/Operational</Channel>
    <Computer>DC-BO-01.agentsoc.local</Computer>
    <Security UserID="S-1-5-18"/>
  </System>
  <EventData>
    
    <Data Name="RuleName">-</Data>
    <Data Name="UtcTime">2024-05-14 16:59:34.424</Data>
    <Data Name="ProcessGuid">{0f0dbc5d-9725-6643-0900-0010b6292175}</Data>
    <Data Name="ProcessId">8952</Data>
    <Data Name="Image">C:\Windows\System32\wbem\WmiPrvSE.exe</Data>
    <Data Name="User">NT AUTHORITY\SYSTEM</Data>
    
  </EventData>
</Event>
<Event xmlns="http://schemas.microsoft.com/win/2004/08/events/event">
  <System>
    <Provider Name="Microsoft-Windows-Sysmon" Guid="{5770385f-c22a-43e0-bf4c-06f5698ffbd9}"/>
    <EventID>7</EventID>
    <Version>3</Version>
    <Level>4</Level>
    <Task>7</Task>
    <Opcode>0</Opcode>
    <Keywords>0x8000000000000000</Keywords>
    <TimeCreated SystemTime="2024-05-14T16:59:42.5065762Z"/>
    <EventRecordID>4465909</EventRecordID>
    <Correlation/>
    <Execution ProcessID="2292" ThreadID="4432"/>
    <Channel>Microsoft-Windows-Sysmon/Operational</Channel>
    <Computer>DC-BO-01.agentsoc.local</Computer>
    <Security UserID="S-1-5-18"/>
  </System>
  <EventData>
    
    <Data Name="RuleName">-</Data>
    <Data Name="UtcTime">2024-05-14 16:59:42.506</Data>
    <Data Name="ProcessGuid">{0f0dbc5d-516e-6643-9000-0010b7790e4f}</Data>
    <Data Name="ProcessId">7000</Data>
    <Data Name="Image">C:\Windows\System32\taskhostw.exe</Data>
    <Data Name="ImageLoaded">C:\Program Files\Dell\SupportAssistAgent\bin\pcdrsysinfosoftware.p5x</Data>
    <Data Name="FileVersion">1.0.0.0</Data>
    <Data Name="Description">pcdrsysinfosoftware.p5x module</Data>
    <Data Name="Product">Dell Inc.</Data>
    <Data Name="Company">Dell Inc.</Data>
    <Data Name="OriginalFileName">pcdrsysinfosoftware.p5x</Data>
    <Data Name="Hashes">SHA1=DA2C7A7A281800947B5C71F4A92CE843B1DC50F2,MD5=D6EB67E7B79CE37086993703C1352704,SHA256=0DE9D6BA42DE73879DA0EAFD44873E30FCB362AF0AF13A34923E24513C239AD5,IMPHASH=EF39C50EF82A06742DB4608EF8AF9CBB</Data>
    <Data Name="Signed">true</Data>
    <Data Name="Signature">Dell Inc.</Data>
    <Data Name="SignatureStatus">Valid</Data>
    
  </EventData>
</Event>
<Event xmlns="http://schemas.microsoft.com/win/2004/08/events/event">
  <System>
    <Provider Name="Microsoft-Windows-Sysmon" Guid="{5770385f-c22a-43e0-bf4c-06f5698ffbd9}"/>
    <EventID>7</EventID>
    <Version>3</Version>
    <Level>4</Level>
    <Task>7</Task>
    <Opcode>0</Opcode>
    <Keywords>0x8000000000000000</Keywords>
    <TimeCreated SystemTime="2024-05-14T16:59:55.5008418Z"/>
    <EventRecordID>4465911</EventRecordID>
    <Correlation/>
    <Execution ProcessID="2292" ThreadID="4792"/>
    <Channel>Microsoft-Windows-Sysmon/Operational</Channel>
    <Computer>DC-BO-01.agentsoc.local</Computer>
    <Security UserID="S-1-5-18"/>
  </System>
  <EventData>
    
    <Data Name="RuleName">-</Data>
    <Data Name="UtcTime">2024-05-14 16:59:55.500</Data>
    <Data Name="ProcessGuid">{0f0dbc5d-7248-6643-3302-0000755d47b9}</Data>
    <Data Name="ProcessId">8072</Data>
    <Data Name="Image">C:\Windows\System32\taskhostw.exe</Data>
    <Data Name="ImageLoaded">C:\Program Files\Windows Defender\MpOAV.dll</Data>
    <Data Name="FileVersion">4.18.2301.6</Data>
    <Data Name="Description">IOfficeAntiVirus Module</Data>
    <Data Name="Product">Microsoft Defender Antivirus</Data>
    <Data Name="Company">Microsoft Corporation</Data>
    <Data Name="OriginalFileName">MpOAV.dll</Data>
    <Data Name="Hashes">SHA1=FC17FE09B96E6641A0C4DD89FE19E33173B862A9,MD5=DDBA590E19E88EA28373E3D47061E407,SHA256=11D3F5E67D04915646C72F60356E8ABB54A72F49B33A321C9E8622576EE491DD,IMPHASH=B50EDBF447D04C1BEFF75D2CC5E6EDF5</Data>
    <Data Name="Signed">true</Data>
    <Data Name="Signature">Microsoft Corporation</Data>
    <Data Name="SignatureStatus">Valid</Data>
    
  </EventData>
</Event>
<Event xmlns="http://schemas.microsoft.com/win/2004/08/events/event">
  <System>
    <Provider Name="Microsoft-Windows-Sysmon" Guid="{5770385f-c22a-43e0-bf4c-06f5698ffbd9}"/>
    <EventID>13</EventID>
    <Version>2</Version>
    <Level>4</Level>
    <Task>13</Task>
    <Opcode>0</Opcode>
    <Keywords>0x8000000000000000</Keywords>
    <TimeCreated SystemTime="2024-05-14T17:00:11.8431524Z"/>
    <EventRecordID>4465927</EventRecordID>
    <Correlation/>
    <Execution ProcessID="2292" ThreadID="2696"/>
    <Channel>Microsoft-Windows-Sysmon/Operational</Channel>
    <Computer>DC-BO-01.agentsoc.local</Computer>
    <Security UserID="S-1-5-18"/>
  </System>
  <EventData>
    
    <Data Name="RuleName">-</Data>
    <Data Name="EventType">SetValue</Data>
    <Data Name="UtcTime">2024-05-14 17:00:11.843</Data>
    <Data Name="ProcessGuid">{0f0dbc5d-16c5-661d-9200-001026a60bb6}</Data>
    <Data Name="ProcessId">5468</Data>
    <Data Name="Image">C:\Windows\System32\services.exe</Data>
    <Data Name="User">NT AUTHORITY\SYSTEM</Data>
    <Data Name="TargetObject">HKLM\SOFTWARE\Microsoft\Windows\CurrentVersion\Component Based Servicing\Packages\Package_for_KB5034122~31bf3856ad364e35~amd64~~10.0.20348.46\CurrentState</Data>
    <Data Name="Details">DWORD (0x00000070)</Data>
    
  </EventData>
</Event>
<Event xmlns="http://schemas.microsoft.com/win/2004/08/events/event">
  <System>
    <Provider Name="Microsoft-Windows-Sysmon" Guid="{5770385f-c22a-43e0-bf4c-06f5698ffbd9}"/>
    <EventID>10</EventID>
    <Version>3</Version>
    <Level>4</Level>
    <Task>10</Task>
    <Opcode>0</Opcode>
    <Keywords>0x8000000000000000</Keywords>
    <TimeCreated SystemTime="2024-05-14T17:00:54.3568275Z"/>
    <EventRecordID>4465932</EventRecordID>
    <Correlation/>
    <Execution ProcessID="2292" ThreadID="3544"/>
    <Channel>Microsoft-Windows-Sysmon/Operational</Channel>
    <Computer>DC-BO-01.agentsoc.local</Computer>
    <Security UserID="S-1-5-18"/>
  </System>
  <EventData>
    
    <Data Name="RuleName">-</Data>
    <Data Name="UtcTime">2024-05-14 17:00:54.356</Data>
    <Data Name="SourceProcessGUID">{0f0dbc5d-16d7-661d-4a00-0010672b4d73}</Data>
    <Data Name="SourceProcessId">5660</Data>
    <Data Name="SourceImage">C:\ProgramData\Microsoft\Windows Defender\Platform\4.18.24010.12-0\MsMpEng.exe</Data>
    <Data Name="SourceThreadId">1060</Data>
    <Data Name="SourceUser">NT AUTHORITY\SYSTEM</Data>
    <Data Name="TargetProcessGUID">{0f0dbc5d-16e5-661d-0402-0000f1b8ecc0}</Data>
    <Data Name="TargetProcessId">5744</Data>
    <Data Name="TargetImage">C:\Windows\System32\winlogon.exe</Data>
    <Data Name="TargetUser">NT AUTHORITY\SYSTEM</Data>
    <Data Name="GrantedAccess">0x1410</Data>
    <Data Name="CallTrace">C:\Windows\SYSTEM32\ntdll.dll+9DF65|C:\Windows\SYSTEM32\KERNELBASE.dll+2E622|C:\Windows\SYSTEM32\advapi32.dll+4C7F4</Data>
    
  </EventData>
</Event>
<Event xmlns="http://schemas.microsoft.com/win/2004/08/events/event">
  <System>
    <Provider Name="Microsoft-Windows-Sysmon" Guid="{5770385f-c22a-43e0-bf4c-06f5698ffbd9}"/>
    <EventID>1</EventID>
    <Version>5</Version>
    <Level>4</Level>
    <Task>1</Task>
    <Opcode>0</Opcode>
    <Keywords>0x8000000000000000</Keywords>
    <TimeCreated SystemTime="2024-05-14T17:01:20.4871849Z"/>
    <EventRecordID>4465935</EventRecordID>
    <Correlation/>
    <Execution ProcessID="2292" ThreadID="4792"/>
    <Channel>Microsoft-Windows-Sysmon/Operational</Channel>
    <Computer>DC-BO-01.agentsoc.local</Computer>
    <Security UserID="S-1-5-18"/>
  </System>
  <EventData>
    
    <Data Name="RuleName">-</Data>
    <Data Name="UtcTime">2024-05-14 17:01:20.487</Data>
    <Data Name="ProcessGuid">{0f0dbc5d-98e0-6643-c902-00104a5a1bb2}</Data>
    <Data Name="ProcessId">9548</Data>
    <Data Name="Image">C:\Windows\System32\conhost.exe</Data>
    <Data Name="FileVersion">10.0.20348.1</Data>
    <Data Name="Description">Console Window Host</Data>
    <Data Name="Product">Microsoft Windows Operating System</Data>
    <Data Name="Company">Microsoft Corporation</Data>
    <Data Name="OriginalFileName">conhost.exe</Data>
    <Data Name="CommandLine">conhost.exe 0x4</Data>
    <Data Name="CurrentDirectory">C:\Windows\System32\</Data>
    <Data Name="User">NT AUTHORITY\SYSTEM</Data>
    <Data Name="LogonGuid">{76a4ff70-6f70-436e-87cf-90c13b467ba0}</Data>
    <Data Name="LogonId">0x3e7</Data>
    <Data Name="TerminalSessionId">0</Data>
    <Data Name="IntegrityLevel">System</Data>
    <Data Name="Hashes">SHA1=A21F01CD47C2566A531DDDA6295C5F2729AEB2DD,MD5=D5DD0A35623D416B52F2DF3E64573716,SHA256=AD5D2369D2F142C551BF783A7F30D5BD9DE38C580046305DEDBBE7CD844E1905,IMPHASH=259D1C1188D5A01EADD9B3F236B1C61A</Data>
    <Data Name="ParentProcessGuid">{0f0dbc5d-16c2-661d-1a02-00001f39ff87}</Data>
    <Data Name="ParentProcessId">5364</Data>
    <Data Name="ParentImage">C:\Windows\System32\csrss.exe</Data>
    <Data Name="ParentCommandLine">csrss.exe</Data>
    <Data Name="ParentUser">NT AUTHORITY\SYSTEM</Data>
    
  </EventData>
</Event>
<Event xmlns="http://schemas.microsoft.com/win/2004/08/events/event">
  <System>
    <Provider Name="Microsoft-Windows-Sysmon" Guid="{5770385f-c22a-43e0-bf4c-06f5698ffbd9}"/>
    <EventID>10</EventID>
    <Version>3</Version>
    <Level>4</Level>
    <Task>10</Task>
    <Opcode>0</Opcode>
    <Keywords>0x8000000000000000</Keywords>
    <TimeCreated SystemTime="2024-05-14T17:01:32.3055967Z"/>
    <EventRecordID>4465937</EventRecordID>
    <Correlation/>
    <Execution ProcessID="2292" ThreadID="2696"/>
    <Channel>Microsoft-Windows-Sysmon/Operational</Channel>
    <Computer>DC-BO-01.agentsoc.local</Computer>
    <Security UserID="S-1-5-18"/>
  </System>
  <EventData>
    
    <Data Name="RuleName">-</Data>
    <Data Name="UtcTime">2024-05-14 17:01:32.305</Data>
    <Data Name="SourceProcessGUID">{0f0dbc5d-16c5-661d-9200-001026a60bb6}</Data>
    <Data Name="SourceProcessId">5468</Data>
    <Data Name="SourceImage">C:\Windows\System32\services.exe</Data>
    <Data Name="SourceThreadId">4816</Data>
    <Data Name="SourceUser">NT AUTHORITY\SYSTEM</Data>
    <Data Name="TargetProcessGUID">{0f0dbc5d-16c7-661d-4602-0010ef20a812}</Data>
    <Data Name="TargetProcessId">5484</Data>
    <Data Name="TargetImage">C:\Windows\System32\lsass.exe</Data>
    <Data Name="TargetUser">NT AUTHORITY\SYSTEM</Data>
    <Data Name="GrantedAccess">0x1000</Data>
    <Data Name="CallTrace">C:\Windows\SYSTEM32\ntdll.dll+9D3F1|C:\Windows\SYSTEM32\KERNELBASE.dll+2EDF1|C:\Windows\SYSTEM32\sechost.dll+12ABE</Data>
    
  </EventData>
</Event>
<Event xmlns="http://schemas.microsoft.com/win/2004/08/events/event">
  <System>
    <Provider Name="Microsoft-Windows-Sysmon" Guid="{5770385f-c22a-43e0-bf4c-06f5698ffbd9}"/>
    <EventID>10</EventID>
    <Version>3</Version>
    <Level>4</Level>
    <Task>10</Task>
    <Opcode>0</Opcode>
    <Keywords>0x8000000000000000</Keywords>
    <TimeCreated SystemTime="2024-05-14T17:02:00.5018414Z"/>
    <EventRecordID>4465940</EventRecordID>
    <Correlation/>
    <Execution ProcessID="2292" ThreadID="2696"/>
    <Channel>Microsoft-Windows-Sysmon/Operational</Channel>
    <Computer>DC-BO-01.agentsoc.local</Computer>
    <Security UserID="S-1-5-18"/>
  </System>
  <EventData>
    
    <Data Name="RuleName">-</Data>
    <Data Name="UtcTime">2024-05-14 17:02:00.501</Data>
    <Data Name="SourceProcessGUID">{0f0dbc5d-16d7-661d-4a00-0010672b4d73}</Data>
    <Data Name="SourceProcessId">5660</Data>
    <Data Name="SourceImage">C:\ProgramData\Microsoft\Windows Defender\Platform\4.18.24010.12-0\MsMpEng.exe</Data>
    <Data Name="SourceThreadId">1908</Data>
    <Data Name="SourceUser">NT AUTHORITY\SYSTEM</Data>
    <Data Name="TargetProcessGUID">{0f0dbc5d-16c7-661d-4602-0010ef20a812}</Data>
    <Data Name="TargetProcessId">5484</Data>
    <Data Name="TargetImage">C:\Windows\System32\lsass.exe</Data>
    <Data Name="TargetUser">NT AUTHORITY\SYSTEM</Data>
    <Data Name="GrantedAccess">0x1410</Data>
    <Data Name="CallTrace">C:\Windows\SYSTEM32\ntdll.dll+9DF65|C:\Windows\SYSTEM32\KERNELBASE.dll+2E622|C:\Windows\SYSTEM32\advapi32.dll+4C7F4</Data>
    
  </EventData>
</Event>
<Event xmlns="http://schemas.microsoft.com/win/2004/08/events/event">
  <System>
    <Provider Name="Microsoft-Windows-Sysmon" Guid="{5770385f-c22a-43e0-bf4c-06f5698ffbd9}"/>
    <EventID>5</EventID>
    <Version>3</Version>
    <Level>4</Level>
    <Task>5</Task>
    <Opcode>0</Opcode>
    <Keywords>0x8000000000000000</Keywords>
    <TimeCreated SystemTime="2024-05-14T17:02:03.2748519Z"/>
    <EventRecordID>4465941</EventRecordID>
    <Correlation/>
    <Execution ProcessID="2292" ThreadID="4792"/>
    <Channel>Microsoft-Windows-Sysmon/Operational</Channel>
    <Computer>DC-BO-01.agentsoc.local</Computer>
    <Security UserID="S-1-5-18"/>
  </System>
  <EventData>
    
    <Data Name="RuleName">-</Data>
    <Data Name="UtcTime">2024-05-14 17:02:03.274</Data>
    <Data Name="ProcessGuid">{0f0dbc5d-98e0-6643-c902-00104a5a1bb2}</Data>
    <Data Name="ProcessId">9548</Data>
    <Data Name="Image">C:\Windows\System32\conhost.exe</Data>
    <Data Name="User">NT AUTHORITY\SYSTEM</Data>
    
  </EventData>
</Event>
<Event xmlns="http://schemas.microsoft.com/win/2004/08/events/event">
  <System>
    <Provider Name="Microsoft-Windows-Sysmon" Guid="{5770385f-c22a-43e0-bf4c-06f5698ffbd9}"/>
    <EventID>13</EventID>
    <Version>2</Version>
    <Level>4</Level>
    <Task>13</Task>
    <Opcode>0</Opcode>
    <Keywords>0x8000000000000000</Keywords>
    <TimeCreated SystemTime="2024-05-14T17:02:15.2768886Z"/>
    <EventRecordID>4465943</EventRecordID>
    <Correlation/>
    <Execution ProcessID="2292" ThreadID="2696"/>
    <Channel>Microsoft-Windows-Sysmon/Operational</Channel>
    <Computer>DC-BO-01.agentsoc.local</Computer>
    <Security UserID="S-1-5-18"/>
  </System>
  <EventData>
    
    <Data Name="RuleName">-</Data>
    <Data Name="EventType">SetValue</Data>
    <Data Name="UtcTime">2024-05-14 17:02:15.276</Data>
    <Data Name="ProcessGuid">{0f0dbc5d-16e2-661d-d602-001033f9c3d8}</Data>
    <Data Name="ProcessId">5716</Data>
    <Data Name="Image">C:\Windows\System32\msiexec.exe</Data>
    <Data Name="User">NT AUTHORITY\SYSTEM</Data>
    <Data Name="TargetObject">HKLM\SOFTWARE\Microsoft\Windows\CurrentVersion\Component Based Servicing\Packages\Package_for_DotNetRollup~31bf3856ad364e35~amd64~~10.0.20348.54\CurrentState</Data>
    <Data Name="Details">DWORD (0x00000070)</Data>
    
  </EventData>
</Event>
<Event xmlns="http://schemas.microsoft.com/win/2004/08/events/event">
  <System>
    <Provider Name="Microsoft-Windows-Sysmon" Guid="{5770385f-c22a-43e0-bf4c-06f5698ffbd9}"/>
    <EventID>10</EventID>
    <Version>3</Version>
    <Level>4</Level>
    <Task>10</Task>
    <Opcode>0</Opcode>
    <Keywords>0x8000000000000000</Keywords>
    <TimeCreated SystemTime="2024-05-14T17:02:25.0329082Z"/>
    <EventRecordID>4465945</EventRecordID>
    <Correlation/>
    <Execution ProcessID="2292" ThreadID="4536"/>
    <Channel>Microsoft-Windows-Sysmon/Operational</Channel>
    <Computer>DC-BO-01.agentsoc.local</Computer>
    <Security UserID="S-1-5-18"/>
  </System>
  <EventData>
    
    <Data Name="RuleName">-</Data>
    <Data Name="UtcTime">2024-05-14 17:02:25.032</Data>
    <Data Name="SourceProcessGUID">{0f0dbc5d-16dc-661d-db02-0000dbd065cb}</Data>
    <Data Name="SourceProcessId">5668</Data>
    <Data Name="SourceImage">C:\Windows\System32\wbem\WmiPrvSE.exe</Data>
    <Data Name="SourceThreadId">9048</Data>
    <Data Name="SourceUser">NT AUTHORITY\NETWORK SERVICE</Data>
    <Data Name="TargetProcessGUID">{0f0dbc5d-16c9-661d-3b02-0010afc469c1}</Data>
    <Data Name="TargetProcessId">5532</Data>
    <Data Name="TargetImage">C:\Windows\System32\svchost.exe</Data>
    <Data Name="TargetUser">NT AUTHORITY\SYSTEM</Data>
    <Data Name="GrantedAccess">0x0400</Data>
    <Data Name="CallTrace">C:\Windows\SYSTEM32\ntdll.dll+9E16C|C:\Windows\SYSTEM32\KERNELBASE.dll+2CABE|C:\Windows\SYSTEM32\combase.dll+2A105</Data>
    
  </EventData>
</Event>
<Event xmlns="http://schemas.microsoft.com/win/2004/08/events/event">
  <System>
    <Provider Name="Microsoft-Windows-Sysmon" Guid="{5770385f-c22a-43e0-bf4c-06f5698ffbd9}"/>
    <EventID>10</EventID>
    <Version>3</Version>
    <Level>4</Level>
    <Task>10</Task>
    <Opcode>0</Opcode>
    <Keywords>0x8000000000000000</Keywords>
    <TimeCreated SystemTime="2024-05-14T17:02:49.6167878Z"/>
    <EventRecordID>4465948</EventRecordID>
    <Correlation/>
    <Execution ProcessID="2292" ThreadID="2696"/>
    <Channel>Microsoft-Windows-Sysmon/Operational</Channel>
    <Computer>DC-BO-01.agentsoc.local</Computer>
    <Security UserID="S-1-5-18"/>
  </System>
  <EventData>
    
    <Data Name="RuleName">-</Data>
    <Data Name="UtcTime">2024-05-14 17:02:49.616</Data>
    <Data Name="SourceProcessGUID">{0f0dbc5d-16c9-661d-3b02-0010afc469c1}</Data>
    <Data Name="SourceProcessId">5532</Data>
    <Data Name="SourceImage">C:\Windows\System32\svchost.exe</Data>
    <Data Name="SourceThreadId">6700</Data>
    <Data Name="SourceUser">NT AUTHORITY\SYSTEM</Data>
    <Data Name="TargetProcessGUID">{0f0dbc5d-16c7-661d-4602-0010ef20a812}</Data>
    <Data Name="TargetProcessId">5484</Data>
    <Data Name="TargetImage">C:\Windows\System32\lsass.exe</Data>
    <Data Name="TargetUser">NT AUTHORITY\SYSTEM</Data>
    <Data Name="GrantedAccess">0x1000</Data>
    <Data Name="CallTrace">C:\Windows\SYSTEM32\ntdll.dll+9D3F1|C:\Windows\SYSTEM32\KERNELBASE.dll+2EDF1|C:\Windows\SYSTEM32\sechost.dll+12ABE</Data>
    
  </EventData>
</Event>
<Event xmlns="http://schemas.microsoft.com/win/2004/08/events/event">
  <System>
    <Provider Name="Microsoft-Windows-Sysmon" Guid="{5770385f-c22a-43e0-bf4c-06f5698ffbd9}"/>
    <EventID>10</EventID>
    <Version>3</Version>
    <Level>4</Level>
    <Task>10</Task>
    <Opcode>0</Opcode>
    <Keywords>0x8000000000000000</Keywords>
    <TimeCreated SystemTime="2024-05-14T17:02:53.2144613Z"/>
    <EventRecordID>4465949</EventRecordID>
    <Correlation/>
    <Execution ProcessID="2292" ThreadID="4536"/>
    <Channel>Microsoft-Windows-Sysmon/Operational</Channel>
    <Computer>DC-BO-01.agentsoc.local</Computer>
    <Security UserID="S-1-5-18"/>
  </System>
  <EventData>
    
    <Data Name="RuleName">-</Data>
    <Data Name="UtcTime">2024-05-14 17:02:53.214</Data>
    <Data Name="SourceProcessGUID">{0f0dbc5d-16ca-661d-ee00-0000ee71786b}</Data>
    <Data Name="SourceProcessId">5548</Data>
    <Data Name="SourceImage">C:\Windows\System32\svchost.exe</Data>
    <Data Name="SourceThreadId">1772</Data>
    <Data Name="SourceUser">NT AUTHORITY\NETWORK SERVICE</Data>
    <Data Name="TargetProcessGUID">{0f0dbc5d-16c7-661d-4602-0010ef20a812}</Data>
    <Data Name="TargetProcessId">5484</Data>
    <Data Name="TargetImage">C:\Windows\System32\lsass.exe</Data>
    <Data Name="TargetUser">NT AUTHORITY\SYSTEM</Data>
    <Data Name="GrantedAccess">0x1010</Data>
    <Data Name="CallTrace">C:\Windows\SYSTEM32\ntdll.dll+9D3F1|C:\Windows\SYSTEM32\KERNELBASE.dll+2EDF1|C:\Windows\SYSTEM32\sechost.dll+12ABE</Data>
    
  </EventData>
</Event>
