<Event xmlns="http://schemas.microsoft.com/win/2004/08/events/event">
  <System>
    
    <Provider Name="Microsoft-Windows-Security-Auditing" Guid="{54849625-5478-4994-a5ba-3e3b0328c30d}"/>
    
    <EventID>4769</EventID>
    <Version>0</Version>
    <Level>0</Level>
    <Task>14337</Task>
    <Opcode>0</Opcode>
    <Keywords>0x8020000000000000</Keywords>
    <TimeCreated SystemTime="2024-05-14T12:19:22.5688712Z"/>
    <EventRecordID>15412344</EventRecordID>
    <Correlation/>
    <Execution ProcessID="600" ThreadID="232"/>
    <Channel>Security</Channel>
    <Computer>DC-BO-01.agentsoc.local</Computer>
    
    <Security/>
    
  </System>
  
  <EventData>
    
    <Data Name="TargetUserName">WS-ARIF-01$</Data>
    <Data Name="TargetDomainName">AGENTSOC.LOCAL</Data>
    <Data Name="ServiceName">ldap/DC-BO-01</Data>
    <Data Name="ServiceSid">S-1-5-21-1223493204-1473060041-1971563278-1011</Data>
    <Data Name="TicketOptions">0x40810000</Data>
    <Data Name="TicketEncryptionType">0x12</Data>
    <Data Name="IpAddress">::ffff:10.44.10.22</Data>
    <Data Name="IpPort">55330</Data>
    <Data Name="Status">0x0</Data>
    <Data Name="LogonGuid">{00000000-0000-0000-0000-000000000000}</Data>
    <Data Name="TransmittedServices">-</Data>
    
  </EventData>
  
</Event>
<Event xmlns="http://schemas.microsoft.com/win/2004/08/events/event">
  <System>
    
    <Provider Name="Microsoft-Windows-Security-Auditing" Guid="{54849625-5478-4994-a5ba-3e3b0328c30d}"/>
    
    <EventID>4624</EventID>
    <Version>2</Version>
    <Level>0</Level>
    <Task>12544</Task>
    <Opcode>0</Opcode>
    <Keywords>0x8020000000000000</Keywords>
    <TimeCreated SystemTime="2024-05-14T12:19:22.6324303Z"/>
    <EventRecordID>15412374</EventRecordID>
    <Correlation/>
    <Execution ProcessID="600" ThreadID="344"/>
    <Channel>Security</Channel>
    <Computer>DC-BO-01.agentsoc.local</Computer>
    
    <Security/>
    
  </System>
  
  <EventData>
    
    <Data Name="SubjectUserSid">S-1-5-18</Data>
    <Data Name="SubjectUserName">SYSTEM</Data>
    <Data Name="SubjectDomainName">NT AUTHORITY</Data>
    <Data Name="SubjectLogonId">0x3e7</Data>
    <Data Name="TargetUserSid">S-1-5-21-1223493204-1473060041-1971563278-1007</Data>
    <Data Name="TargetUserName">WS-ARIF-01$</Data>
    <Data Name="TargetDomainName">AGENTSOC</Data>
    <Data Name="TargetLogonId">0x155b120b</Data>
    <Data Name="LogonType">3</Data>
    <Data Name="LogonGuid">{00000000-0000-0000-0000-000000000000}</Data>
    <Data Name="LogonProcessName">Kerberos</Data>
    <Data Name="AuthenticationPackageName">Kerberos</Data>
    <Data Name="WorkstationName">WS-ARIF-01</Data>
    <Data Name="TransmittedServices">-</Data>
    <Data Name="LmPackageName">-</Data>
    <Data Name="KeyLength">0</Data>
    <Data Name="ProcessId">0x0</Data>
    <Data Name="ProcessName">-</Data>
    <Data Name="IpAddress">::ffff:10.44.10.22</Data>
    <Data Name="IpPort">55330</Data>
    <Data Name="ImpersonationLevel">%%1833</Data>
    <Data Name="RestrictedAdminMode">-</Data>
    <Data Name="TargetOutboundUserName">-</Data>
    <Data Name="TargetOutboundDomainName">-</Data>
    <Data Name="VirtualAccount">%%1843</Data>
    <Data Name="ElevatedToken">%%1842</Data>
    <Data Name="TargetLinkedLogonId">0x0</Data>
    
  </EventData>
  
</Event>
<Event xmlns="http://schemas.microsoft.com/win/2004/08/events/event">
  <System>
    
    <Provider Name="Microsoft-Windows-Security-Auditing" Guid="{54849625-5478-4994-a5ba-3e3b0328c30d}"/>
    
    <EventID>5156</EventID>
    <Version>1</Version>
    <Level>0</Level>
    <Task>12810</Task>
    <Opcode>0</Opcode>
    <Keywords>0x8020000000000000</Keywords>
    <TimeCreated SystemTime="2024-05-14T12:19:23.2704047Z"/>
    <EventRecordID>15412375</EventRecordID>
    <Correlation/>
    <Execution ProcessID="4" ThreadID="172"/>
    <Channel>Security</Channel>
    <Computer>DC-BO-01.agentsoc.local</Computer>
    
    <Security/>
    
  </System>
  
  <EventData>
    
    <Data Name="ProcessID">5484</Data>
    <Data Name="Application">\device\harddiskvolume1\windows\system32\lsass.exe</Data>
    <Data Name="Direction">%%14592</Data>
    <Data Name="SourceAddress">10.44.10.22</Data>
    <Data Name="SourcePort">55330</Data>
    <Data Name="DestAddress">10.44.20.10</Data>
    <Data Name="DestPort">88</Data>
    <Data Name="Protocol">17</Data>
    <Data Name="FilterRTID">28796</Data>
    <Data Name="LayerName">%%14610</Data>
    <Data Name="LayerRTID">44</Data>
    <Data Name="RemoteUserID">S-1-0-0</Data>
    <Data Name="RemoteMachineID">S-1-0-0</Data>
    
  </EventData>
  
</Event>
<Event xmlns="http://schemas.microsoft.com/win/2004/08/events/event">
  <System>
    
    <Provider Name="Microsoft-Windows-Security-Auditing" Guid="{54849625-5478-4994-a5ba-3e3b0328c30d}"/>
    
    <EventID>5156</EventID>
    <Version>1</Version>
    <Level>0</Level>
    <Task>12810</Task>
    <Opcode>0</Opcode>
    <Keywords>0x8020000000000000</Keywords>
    <TimeCreated SystemTime="2024-05-14T12:19:26.7343243Z"/>
    <EventRecordID>15412428</EventRecordID>
    <Correlation/>
    <Execution ProcessID="4" ThreadID="116"/>
    <Channel>Security</Channel>
    <Computer>DC-BO-01.agentsoc.local</Computer>
    
    <Security/>
    
  </System>
  
  <EventData>
    
    <Data Name="ProcessID">5484</Data>
    <Data Name="Application">\device\harddiskvolume1\windows\system32\lsass.exe</Data>
    <Data Name="Direction">%%14592</Data>
    <Data Name="SourceAddress">10.44.10.25</Data>
    <Data Name="SourcePort">61049</Data>
    <Data Name="DestAddress">10.44.20.10</Data>
    <Data Name="DestPort">389</Data>
    <Data Name="Protocol">6</Data>
    <Data Name="FilterRTID">28811</Data>
    <Data Name="LayerName">%%14610</Data>
    <Data Name="LayerRTID">44</Data>
    <Data Name="RemoteUserID">S-1-0-0</Data>
    <Data Name="RemoteMachineID">S-1-0-0</Data>
    
  </EventData>
  
</Event>
<Event xmlns="http://schemas.microsoft.com/win/2004/08/events/event">
  <System>
    
    <Provider Name="Microsoft-Windows-Security-Auditing" Guid="{54849625-5478-4994-a5ba-3e3b0328c30d}"/>
    
    <EventID>4634</EventID>
    <Version>0</Version>
    <Level>0</Level>
    <Task>12545</Task>
    <Opcode>0</Opcode>
    <Keywords>0x8020000000000000</Keywords>
    <TimeCreated SystemTime="2024-05-14T12:19:45.5985394Z"/>
    <EventRecordID>15412440</EventRecordID>
    <Correlation/>
    <Execution ProcessID="600" ThreadID="260"/>
    <Channel>Security</Channel>
    <Computer>DC-BO-01.agentsoc.local</Computer>
    
    <Security/>
    
  </System>
  
  <EventData>
    
    <Data Name="TargetUserSid">S-1-5-21-1223493204-1473060041-1971563278-1007</Data>
    <Data Name="TargetUserName">WS-ARIF-01$</Data>
    <Data Name="TargetDomainName">AGENTSOC</Data>
    <Data Name="TargetLogonId">0x155b120b</Data>
    <Data Name="LogonType">3</Data>
    
  </EventData>
  
</Event>
<Event xmlns="http://schemas.microsoft.com/win/2004/08/events/event">
  <System>
    
    <Provider Name="Microsoft-Windows-Security-Auditing" Guid="{54849625-5478-4994-a5ba-3e3b0328c30d}"/>
    
    <EventID>4769</EventID>
    <Version>0</Version>
    <Level>0</Level>
    <Task>14337</Task>
    <Opcode>0</Opcode>
    <Keywords>0x8020000000000000</Keywords>
    <TimeCreated SystemTime="2024-05-14T12:19:45.6420202Z"/>
    <EventRecordID>15412993</EventRecordID>
    <Correlation/>
    <Execution ProcessID="600" ThreadID="332"/>
    <Channel>Security</Channel>
    <Computer>DC-BO-01.agentsoc.local</Computer>
    
    <Security/>
    
  </System>
  
  <EventData>
    
    <Data Name="TargetUserName">WS-VHALE-01$</Data>
    <Data Name="TargetDomainName">AGENTSOC.LOCAL</Data>
    <Data Name="ServiceName">ldap/DC-BO-01</Data>
    <Data Name="ServiceSid">S-1-5-21-1223493204-1473060041-1971563278-1011</Data>
    <Data Name="TicketOptions">0x40810010</Data>
    <Data Name="TicketEncryptionType">0x12</Data>
    <Data Name="IpAddress">::ffff:10.44.10.25</Data>
    <Data Name="IpPort">51791</Data>
    <Data Name="Status">0x0</Data>
    <Data Name="LogonGuid">{00000000-0000-0000-0000-000000000000}</Data>
    <Data Name="TransmittedServices">-</Data>
    
  </EventData>
  
</Event>
<Event xmlns="http://schemas.microsoft.com/win/2004/08/events/event">
  <System>
    
    <Provider Name="Microsoft-Windows-Security-Auditing" Guid="{54849625-5478-4994-a5ba-3e3b0328c30d}"/>
    
    <EventID>5156</EventID>
    <Version>1</Version>
    <Level>0</Level>
    <Task>12810</Task>
    <Opcode>0</Opcode>
    <Keywords>0x8020000000000000</Keywords>
    <TimeCreated SystemTime="2024-05-14T12:19:46.4563684Z"/>
    <EventRecordID>15412994</EventRecordID>
    <Correlation/>
    <Execution ProcessID="4" ThreadID="176"/>
    <Channel>Security</Channel>
    <Computer>DC-BO-01.agentsoc.local</Computer>
    
    <Security/>
    
  </System>
  
  <EventData>
    
    <Data Name="ProcessID">5484</Data>
    <Data Name="Application">\device\harddiskvolume1\windows\system32\lsass.exe</Data>
    <Data Name="Direction">%%14592</Data>
    <Data Name="SourceAddress">10.44.10.25</Data>
    <Data Name="SourcePort">51791</Data>
    <Data Name="DestAddress">10.44.20.10</Data>
    <Data Name="DestPort">88</Data>
    <Data Name="Protocol">17</Data>
    <Data Name="FilterRTID">28796</Data>
    <Data Name="LayerName">%%14610</Data>
    <Data Name="LayerRTID">44</Data>
    <Data Name="RemoteUserID">S-1-0-0</Data>
    <Data Name="RemoteMachineID">S-1-0-0</Data>
    
  </EventData>
  
</Event>
<Event xmlns="http://schemas.microsoft.com/win/2004/08/events/event">
  <System>
    
    <Provider Name="Microsoft-Windows-Security-Auditing" Guid="{54849625-5478-4994-a5ba-3e3b0328c30d}"/>
    
    <EventID>4768</EventID>
    <Version>0</Version>
    <Level>0</Level>
    <Task>14339</Task>
    <Opcode>0</Opcode>
    <Keywords>0x8020000000000000</Keywords>
    <TimeCreated SystemTime="2024-05-14T12:19:50.4628550Z"/>
    <EventRecordID>15412997</EventRecordID>
    <Correlation/>
    <Execution ProcessID="600" ThreadID="360"/>
    <Channel>Security</Channel>
    <Computer>DC-BO-01.agentsoc.local</Computer>
    
    <Security/>
    
  </System>
  
  <EventData>
    
    <Data Name="TargetUserName">WS-EHSAN-01$</Data>
    <Data Name="TargetDomainName">AGENTSOC.LOCAL</Data>
    <Data Name="TargetSid">S-1-5-21-1223493204-1473060041-1971563278-1006</Data>
    <Data Name="ServiceName">krbtgt</Data>
    <Data Name="ServiceSid">S-1-5-21-1223493204-1473060041-1971563278-502</Data>
    <Data Name="TicketOptions">0x40810010</Data>
    <Data Name="Status">0x0</Data>
    <Data Name="TicketEncryptionType">0x17</Data>
    <Data Name="PreAuthType">0</Data>
    <Data Name="IpAddress">::ffff:10.44.10.21</Data>
    <Data Name="IpPort">62000</Data>
    <Data Name="CertIssuerName"></Data>
    <Data Name="CertSerialNumber"></Data>
    <Data Name="CertThumbprint"></Data>
    
  </EventData>
  
</Event>
<Event xmlns="http://schemas.microsoft.com/win/2004/08/events/event">
  <System>
    
    <Provider Name="Microsoft-Windows-Security-Auditing" Guid="{54849625-5478-4994-a5ba-3e3b0328c30d}"/>
    
    <EventID>5156</EventID>
    <Version>1</Version>
    <Level>0</Level>
    <Task>12810</Task>
    <Opcode>0</Opcode>
    <Keywords>0x8020000000000000</Keywords>
    <TimeCreated SystemTime="2024-05-14T12:19:51.0053516Z"/>
    <EventRecordID>15412999</EventRecordID>
    <Correlation/>
    <Execution ProcessID="4" ThreadID="104"/>
    <Channel>Security</Channel>
    <Computer>DC-BO-01.agentsoc.local</Computer>
    
    <Security/>
    
  </System>
  
  <EventData>
    
    <Data Name="ProcessID">5484</Data>
    <Data Name="Application">\device\harddiskvolume1\windows\system32\lsass.exe</Data>
    <Data Name="Direction">%%14592</Data>
    <Data Name="SourceAddress">10.44.10.21</Data>
    <Data Name="SourcePort">62000</Data>
    <Data Name="DestAddress">10.44.20.10</Data>
    <Data Name="DestPort">88</Data>
    <Data Name="Protocol">17</Data>
    <Data Name="FilterRTID">28796</Data>
    <Data Name="LayerName">%%14610</Data>
    <Data Name="LayerRTID">44</Data>
    <Data Name="RemoteUserID">S-1-0-0</Data>
    <Data Name="RemoteMachineID">S-1-0-0</Data>
    
  </EventData>
  
</Event>
<Event xmlns="http://schemas.microsoft.com/win/2004/08/events/event">
  <System>
    
    <Provider Name="Microsoft-Windows-Security-Auditing" Guid="{54849625-5478-4994-a5ba-3e3b0328c30d}"/>
    
    <EventID>4769</EventID>
    <Version>0</Version>
    <Level>0</Level>
    <Task>14337</Task>
    <Opcode>0</Opcode>
    <Keywords>0x8020000000000000</Keywords>
    <TimeCreated SystemTime="2024-05-14T12:19:55.7520177Z"/>
    <EventRecordID>15413001</EventRecordID>
    <Correlation/>
    <Execution ProcessID="600" ThreadID="260"/>
    <Channel>Security</Channel>
    <Computer>DC-BO-01.agentsoc.local</Computer>
    
    <Security/>
    
  </System>
  
  <EventData>
    
    <Data Name="TargetUserName">WS-VHALE-01$</Data>
    <Data Name="TargetDomainName">AGENTSOC.LOCAL</Data>
    <Data Name="ServiceName">host/DC-BO-01</Data>
    <Data Name="ServiceSid">S-1-5-21-1223493204-1473060041-1971563278-1011</Data>
    <Data Name="TicketOptions">0x40810000</Data>
    <Data Name="TicketEncryptionType">0x12</Data>
    <Data Name="IpAddress">::ffff:10.44.10.25</Data>
    <Data Name="IpPort">59895</Data>
    <Data Name="Status">0x0</Data>
    <Data Name="LogonGuid">{00000000-0000-0000-0000-000000000000}</Data>
    <Data Name="TransmittedServices">-</Data>
    
  </EventData>
  
</Event>
<Event xmlns="http://schemas.microsoft.com/win/2004/08/events/event">
  <System>
    
    <Provider Name="Microsoft-Windows-Security-Auditing" Guid="{54849625-5478-4994-a5ba-3e3b0328c30d}"/>
    
    <EventID>5156</EventID>
    <Version>1</Version>
    <Level>0</Level>
    <Task>12810</Task>
    <Opcode>0</Opcode>
    <Keywords>0x8020000000000000</Keywords>
    <TimeCreated SystemTime="2024-05-14T12:19:56.3693635Z"/>
    <EventRecordID>15413002</EventRecordID>
    <Correlation/>
    <Execution ProcessID="4" ThreadID="64"/>
    <Channel>Security</Channel>
    <Computer>DC-BO-01.agentsoc.local</Computer>
    
    <Security/>
    
  </System>
  
  <EventData>
    
    <Data Name="ProcessID">5484</Data>
    <Data Name="Application">\device\harddiskvolume1\windows\system32\lsass.exe</Data>
    <Data Name="Direction">%%14592</Data>
    <Data Name="SourceAddress">10.44.10.25</Data>
    <Data Name="SourcePort">59895</Data>
    <Data Name="DestAddress">10.44.20.10</Data>
    <Data Name="DestPort">88</Data>
    <Data Name="Protocol">17</Data>
    <Data Name="FilterRTID">28796</Data>
    <Data Name="LayerName">%%14610</Data>
    <Data Name="LayerRTID">44</Data>
    <Data Name="RemoteUserID">S-1-0-0</Data>
    <Data Name="RemoteMachineID">S-1-0-0</Data>
    
  </EventData>
  
</Event>
<Event xmlns="http://schemas.microsoft.com/win/2004/08/events/event">
  <System>
    
    <Provider Name="Microsoft-Windows-Security-Auditing" Guid="{54849625-5478-4994-a5ba-3e3b0328c30d}"/>
    
    <EventID>5156</EventID>
    <Version>1</Version>
    <Level>0</Level>
    <Task>12810</Task>
    <Opcode>0</Opcode>
    <Keywords>0x8020000000000000</Keywords>
    <TimeCreated SystemTime="2024-05-14T12:20:00.1878382Z"/>
    <EventRecordID>15413004</EventRecordID>
    <Correlation/>
    <Execution ProcessID="4" ThreadID="96"/>
    <Channel>Security</Channel>
    <Computer>DC-BO-01.agentsoc.local</Computer>
    
    <Security/>
    
  </System>
  
  <EventData>
    
    <Data Name="ProcessID">5656</Data>
    <Data Name="Application">\device\harddiskvolume1\windows\system32\dns.exe</Data>
    <Data Name="Direction">%%14592</Data>
    <Data Name="SourceAddress">10.44.10.24</Data>
    <Data Name="SourcePort">54491</Data>
    <Data Name="DestAddress">10.44.20.10</Data>
    <Data Name="DestPort">53</Data>
    <Data Name="Protocol">17</Data>
    <Data Name="FilterRTID">28783</Data>
    <Data Name="LayerName">%%14610</Data>
    <Data Name="LayerRTID">44</Data>
    <Data Name="RemoteUserID">S-1-0-0</Data>
    <Data Name="RemoteMachineID">S-1-0-0</Data>
    
  </EventData>
  
</Event>
<Event xmlns="http://schemas.microsoft.com/win/2004/08/events/event">
  <System>
    
    <Provider Name="Microsoft-Windows-Security-Auditing" Guid="{54849625-5478-4994-a5ba-3e3b0328c30d}"/>
    
    <EventID>5156</EventID>
    <Version>1</Version>
    <Level>0</Level>
    <Task>12810</Task>
    <Opcode>0</Opcode>
    <Keywords>0x8020000000000000</Keywords>
    <TimeCreated SystemTime="2024-05-14T12:20:11.1699737Z"/>
    <EventRecordID>15413009</EventRecordID>
    <Correlation/>
    <Execution ProcessID="4" ThreadID="160"/>
    <Channel>Security</Channel>
    <Computer>DC-BO-01.agentsoc.local</Computer>
    
    <Security/>
    
  </System>
  
  <EventData>
    
    <Data Name="ProcessID">5656</Data>
    <Data Name="Application">\device\harddiskvolume1\windows\system32\dns.exe</Data>
    <Data Name="Direction">%%14592</Data>
    <Data Name="SourceAddress">10.44.10.22</Data>
    <Data Name="SourcePort">53668</Data>
    <Data Name="DestAddress">10.44.20.10</Data>
    <Data Name="DestPort">53</Data>
    <Data Name="Protocol">17</Data>
    <Data Name="FilterRTID">28783</Data>
    <Data Name="LayerName">%%14610</Data>
    <Data Name="LayerRTID">44</Data>
    <Data Name="RemoteUserID">S-1-0-0</Data>
    <Data Name="RemoteMachineID">S-1-0-0</Data>
    
  </EventData>
  
</Event>
<Event xmlns="http://schemas.microsoft.com/win/2004/08/events/event">
  <System>
    
    <Provider Name="Microsoft-Windows-Security-Auditing" Guid="{54849625-5478-4994-a5ba-3e3b0328c30d}"/>
    
    <EventID>4769</EventID>
    <Version>0</Version>
    <Level>0</Level>
    <Task>14337</Task>
    <Opcode>0</Opcode>
    <Keywords>0x8020000000000000</Keywords>
    <TimeCreated SystemTime="2024-05-14T12:20:13.3824153Z"/>
    <EventRecordID>15413011</EventRecordID>
    <Correlation/>
    <Execution ProcessID="600" ThreadID="368"/>
    <Channel>Security</Channel>
    <Computer>DC-BO-01.agentsoc.local</Computer>
    
    <Security/>
    
  </System>
  
  <EventData>
    
    <Data Name="TargetUserName">WS-EHSAN-01$</Data>
    <Data Name="TargetDomainName">AGENTSOC.LOCAL</Data>
    <Data Name="ServiceName">DNS/DC-BO-01</Data>
    <Data Name="ServiceSid">S-1-5-21-1223493204-1473060041-1971563278-1011</Data>
    <Data Name="TicketOptions">0x40810000</Data>
    <Data Name="TicketEncryptionType">0x17</Data>
    <Data Name="IpAddress">::ffff:10.44.10.21</Data>
    <Data Name="IpPort">62936</Data>
    <Data Name="Status">0x0</Data>
    <Data Name="LogonGuid">{00000000-0000-0000-0000-000000000000}</Data>
    <Data Name="TransmittedServices">-</Data>
    
  </EventData>
  
</Event>
<Event xmlns="http://schemas.microsoft.com/win/2004/08/events/event">
  <System>
    
    <Provider Name="Microsoft-Windows-Security-Auditing" Guid="{54849625-5478-4994-a5ba-3e3b0328c30d}"/>
    
    <EventID>5156</EventID>
    <Version>1</Version>
    <Level>0</Level>
    <Task>12810</Task>
    <Opcode>0</Opcode>
    <Keywords>0x8020000000000000</Keywords>
    <TimeCreated SystemTime="2024-05-14T12:20:13.5464756Z"/>
    <EventRecordID>15413012</EventRecordID>
    <Correlation/>
    <Execution ProcessID="4" ThreadID="144"/>
    <Channel>Security</Channel>
    <Computer>DC-BO-01.agentsoc.local</Computer>
    
    <Security/>
    
  </System>
  
  <EventData>
    
    <Data Name="ProcessID">5484</Data>
    <Data Name="Application">\device\harddiskvolume1\windows\system32\lsass.exe</Data>
    <Data Name="Direction">%%14592</Data>
    <Data Name="SourceAddress">10.44.10.21</Data>
    <Data Name="SourcePort">62936</Data>
    <Data Name="DestAddress">10.44.20.10</Data>
    <Data Name="DestPort">88</Data>
    <Data Name="Protocol">17</Data>
    <Data Name="FilterRTID">28796</Data>
    <Data Name="LayerName">%%14610</Data>
    <Data Name="LayerRTID">44</Data>
    <Data Name="RemoteUserID">S-1-0-0</Data>
    <Data Name="RemoteMachineID">S-1-0-0</Data>
    
  </EventData>
  
</Event>
<Event xmlns="http://schemas.microsoft.com/win/2004/08/events/event">
  <System>
    
    <Provider Name="Microsoft-Windows-Security-Auditing" Guid="{54849625-5478-4994-a5ba-3e3b0328c30d}"/>
    
    <EventID>4776</EventID>
    <Version>0</Version>
    <Level>0</Level>
    <Task>14336</Task>
    <Opcode>0</Opcode>
    <Keywords>0x8020000000000000</Keywords>
    <TimeCreated SystemTime="2024-05-14T12:20:13.7587450Z"/>
    <EventRecordID>15413013</EventRecordID>
    <Correlation/>
    <Execution ProcessID="600" ThreadID="348"/>
    <Channel>Security</Channel>
    <Computer>DC-BO-01.agentsoc.local</Computer>
    
    <Security/>
    
  </System>
  
  <EventData>
    
    <Data Name="PackageName">MICROSOFT_AUTHENTICATION_PACKAGE_V1_0</Data>
    <Data Name="TargetUserName">FILE-BO-01$</Data>
    <Data Name="Workstation">FILE-BO-01</Data>
    <Data Name="Status">0x0</Data>
    
  </EventData>
  
</Event>
<Event xmlns="http://schemas.microsoft.com/win/2004/08/events/event">
  <System>
    
    <Provider Name="Microsoft-Windows-Security-Auditing" Guid="{54849625-5478-4994-a5ba-3e3b0328c30d}"/>
    
    <EventID>4776</EventID>
    <Version>0</Version>
    <Level>0</Level>
    <Task>14336</Task>
    <Opcode>0</Opcode>
    <Keywords>0x8020000000000000</Keywords>
    <TimeCreated SystemTime="2024-05-14T12:20:30.4184563Z"/>
    <EventRecordID>15413021</EventRecordID>
    <Correlation/>
    <Execution ProcessID="600" ThreadID="240"/>
    <Channel>Security</Channel>
    <Computer>DC-BO-01.agentsoc.local</Computer>
    
    <Security/>
    
  </System>
  
  <EventData>
    
    <Data Name="PackageName">MICROSOFT_AUTHENTICATION_PACKAGE_V1_0</Data>
    <Data Name="TargetUserName">ameen.khan</Data>
    <Data Name="Workstation">WS-AMEEN-01</Data>
    <Data Name="Status">0x0</Data>
    
  </EventData>
  
</Event>
<Event xmlns="http://schemas.microsoft.com/win/2004/08/events/event">
  <System>
    
    <Provider Name="Microsoft-Windows-Security-Auditing" Guid="{54849625-5478-4994-a5ba-3e3b0328c30d}"/>
    
    <EventID>5156</EventID>
    <Version>1</Version>
    <Level>0</Level>
    <Task>12810</Task>
    <Opcode>0</Opcode>
    <Keywords>0x8020000000000000</Keywords>
    <TimeCreated SystemTime="2024-05-14T12:20:30.6503010Z"/>
    <EventRecordID>15413022</EventRecordID>
    <Correlation/>
    <Execution ProcessID="4" ThreadID="60"/>
    <Channel>Security</Channel>
    <Computer>DC-BO-01.agentsoc.local</Computer>
    
    <Security/>
    
  </System>
  
  <EventData>
    
    <Data Name="ProcessID">5656</Data>
    <Data Name="Application">\device\harddiskvolume1\windows\system32\dns.exe</Data>
    <Data Name="Direction">%%14592</Data>
    <Data Name="SourceAddress">10.44.20.30</Data>
    <Data Name="SourcePort">42325</Data>
    <Data Name="DestAddress">10.44.20.10</Data>
    <Data Name="DestPort">53</Data>
    <Data Name="Protocol">17</Data>
    <Data Name="FilterRTID">28783</Data>
    <Data Name="LayerName">%%14610</Data>
    <Data Name="LayerRTID">44</Data>
    <Data Name="RemoteUserID">S-1-0-0</Data>
    <Data Name="RemoteMachineID">S-1-0-0</Data>
    
  </EventData>
  
</Event>
<Event xmlns="http://schemas.microsoft.com/win/2004/08/events/event">
  <System>
    
    <Provider Name="Microsoft-Windows-Security-Auditing" Guid="{54849625-5478-4994-a5ba-3e3b0328c30d}"/>
    
    <EventID>5156</EventID>
    <Version>1</Version>
    <Level>0</Level>
    <Task>12810</Task>
    <Opcode>0</Opcode>
    <Keywords>0x8020000000000000</Keywords>
    <TimeCreated SystemTime="2024-05-14T12:21:25.6956741Z"/>
    <EventRecordID>15413059</EventRecordID>
    <Correlation/>
    <Execution ProcessID="4" ThreadID="88"/>
    <Channel>Security</Channel>
    <Computer>DC-BO-01.agentsoc.local</Computer>
    
    <Security/>
    
  </System>
  
  <EventData>
    
    <Data Name="ProcessID">5656</Data>
    <Data Name="Application">\device\harddiskvolume1\windows\system32\dns.exe</Data>
    <Data Name="Direction">%%14592</Data>
    <Data Name="SourceAddress">10.44.10.21</Data>
    <Data Name="SourcePort">53476</Data>
    <Data Name="DestAddress">10.44.20.10</Data>
    <Data Name="DestPort">53</Data>
    <Data Name="Protocol">17</Data>
    <Data Name="FilterRTID">28783</Data>
    <Data Name="LayerName">%%14610</Data>
    <Data Name="LayerRTID">44</Data>
    <Data Name="RemoteUserID">S-1-0-0</Data>
    <Data Name="RemoteMachineID">S-1-0-0</Data>
    
  </EventData>
  
</Event>
<Event xmlns="http://schemas.microsoft.com/win/2004/08/events/event">
  <System>
    
    <Provider Name="Microsoft-Windows-Security-Auditing" Guid="{54849625-5478-4994-a5ba-3e3b0328c30d}"/>
    
    <EventID>5156</EventID>
    <Version>1</Version>
    <Level>0</Level>
    <Task>12810</Task>
    <Opcode>0</Opcode>
    <Keywords>0x8020000000000000</Keywords>
    <TimeCreated SystemTime="2024-05-14T12:21:28.4436486Z"/>
    <EventRecordID>15413061</EventRecordID>
    <Correlation/>
    <Execution ProcessID="4" ThreadID="96"/>
    <Channel>Security</Channel>
    <Computer>DC-BO-01.agentsoc.local</Computer>
    
    <Security/>
    
  </System>
  
  <EventData>
    
    <Data Name="ProcessID">5484</Data>
    <Data Name="Application">\device\harddiskvolume1\windows\system32\lsass.exe</Data>
    <Data Name="Direction">%%14592</Data>
    <Data Name="SourceAddress">10.44.10.21</Data>
    <Data Name="SourcePort">58660</Data>
    <Data Name="DestAddress">10.44.20.10</Data>
    <Data Name="DestPort">389</Data>
    <Data Name="Protocol">6</Data>
    <Data Name="FilterRTID">28811</Data>
    <Data Name="LayerName">%%14610</Data>
    <Data Name="LayerRTID">44</Data>
    <Data Name="RemoteUserID">S-1-0-0</Data>
    <Data Name="RemoteMachineID">S-1-0-0</Data>
    
  </EventData>
  
</Event>
<Event xmlns="http://schemas.microsoft.com/win/2004/08/events/event">
  <System>
    
    <Provider Name="Microsoft-Windows-Security-Auditing" Guid="{54849625-5478-4994-a5ba-3e3b0328c30d}"/>
    
    <EventID>4769</EventID>
    <Version>0</Version>
    <Level>0</Level>
    <Task>14337</Task>
    <Opcode>0</Opcode>
    <Keywords>0x8020000000000000</Keywords>
    <TimeCreated SystemTime="2024-05-14T12:21:32.2902905Z"/>
    <EventRecordID>15413158</EventRecordID>
    <Correlation/>
    <Execution ProcessID="600" ThreadID="156"/>
    <Channel>Security</Channel>
    <Computer>DC-BO-01.agentsoc.local</Computer>
    
    <Security/>
    
  </System>
  
  <EventData>
    
    <Data Name="TargetUserName">FILE-BO-01$</Data>
    <Data Name="TargetDomainName">AGENTSOC.LOCAL</Data>
    <Data Name="ServiceName">host/DC-BO-01</Data>
    <Data Name="ServiceSid">S-1-5-21-1223493204-1473060041-1971563278-1011</Data>
    <Data Name="TicketOptions">0x40810000</Data>
    <Data Name="TicketEncryptionType">0x11</Data>
    <Data Name="IpAddress">::ffff:10.44.20.20</Data>
    <Data Name="IpPort">54008</Data>
    <Data Name="Status">0x0</Data>
    <Data Name="LogonGuid">{00000000-0000-0000-0000-000000000000}</Data>
    <Data Name="TransmittedServices">-</Data>
    
  </EventData>
  
</Event>
<Event xmlns="http://schemas.microsoft.com/win/2004/08/events/event">
  <System>
    
    <Provider Name="Microsoft-Windows-Security-Auditing" Guid="{54849625-5478-4994-a5ba-3e3b0328c30d}"/>
    
    <EventID>5156</EventID>
    <Version>1</Version>
    <Level>0</Level>
    <Task>12810</Task>
    <Opcode>0</Opcode>
    <Keywords>0x8020000000000000</Keywords>
    <TimeCreated SystemTime="2024-05-14T12:21:32.5718462Z"/>
    <EventRecordID>15413159</EventRecordID>
    <Correlation/>
    <Execution ProcessID="4" ThreadID="140"/>
    <Channel>Security</Channel>
    <Computer>DC-BO-01.agentsoc.local</Computer>
    
    <Security/>
    
  </System>
  
  <EventData>
    
    <Data Name="ProcessID">5484</Data>
    <Data Name="Application">\device\harddiskvolume1\windows\system32\lsass.exe</Data>
    <Data Name="Direction">%%14592</Data>
    <Data Name="SourceAddress">10.44.20.20</Data>
    <Data Name="SourcePort">54008</Data>
    <Data Name="DestAddress">10.44.20.10</Data>
    <Data Name="DestPort">88</Data>
    <Data Name="Protocol">17</Data>
    <Data Name="FilterRTID">28796</Data>
    <Data Name="LayerName">%%14610</Data>
    <Data Name="LayerRTID">44</Data>
    <Data Name="RemoteUserID">S-1-0-0</Data>
    <Data Name="RemoteMachineID">S-1-0-0</Data>
    
  </EventData>
  
</Event>
<Event xmlns="http://schemas.microsoft.com/win/2004/08/events/event">
  <System>
    
    <Provider Name="Microsoft-Windows-Security-Auditing" Guid="{54849625-5478-4994-a5ba-3e3b0328c30d}"/>
    
    <EventID>5156</EventID>
    <Version>1</Version>
    <Level>0</Level>
    <Task>12810</Task>
    <Opcode>0</Opcode>
    <Keywords>0x8020000000000000</Keywords>
    <TimeCreated SystemTime="2024-05-14T12:21:33.4090462Z"/>
    <EventRecordID>15413170</EventRecordID>
    <Correlation/>
    <Execution ProcessID="4" ThreadID="124"/>
    <Channel>Security</Channel>
    <Computer>DC-BO-01.agentsoc.local</Computer>
    
    <Security/>
    
  </System>
  
  <EventData>
    
    <Data Name="ProcessID">5656</Data>
    <Data Name="Application">\device\harddiskvolume1\windows\system32\dns.exe</Data>
    <Data Name="Direction">%%14592</Data>
    <Data Name="SourceAddress">10.44.10.21</Data>
    <Data Name="SourcePort">49536</Data>
    <Data Name="DestAddress">10.44.20.10</Data>
    <Data Name="DestPort">53</Data>
    <Data Name="Protocol">17</Data>
    <Data Name="FilterRTID">28783</Data>
    <Data Name="LayerName">%%14610</Data>
    <Data Name="LayerRTID">44</Data>
    <Data Name="RemoteUserID">S-1-0-0</Data>
    <Data Name="RemoteMachineID">S-1-0-0</Data>
    
  </EventData>
  
</Event>
<Event xmlns="http://schemas.microsoft.com/win/2004/08/events/event">
  <System>
    
    <Provider Name="Microsoft-Windows-Security-Auditing" Guid="{54849625-5478-4994-a5ba-3e3b0328c30d}"/>
    
    <EventID>5156</EventID>
    <Version>1</Version>
    <Level>0</Level>
    <Task>12810</Task>
    <Opcode>0</Opcode>
    <Keywords>0x8020000000000000</Keywords>
    <TimeCreated SystemTime="2024-05-14T12:21:41.4898710Z"/>
    <EventRecordID>15413179</EventRecordID>
    <Correlation/>
    <Execution ProcessID="4" ThreadID="128"/>
    <Channel>Security</Channel>
    <Computer>DC-BO-01.agentsoc.local</Computer>
    
    <Security/>
    
  </System>
  
  <EventData>
    
    <Data Name="ProcessID">5656</Data>
    <Data Name="Application">\device\harddiskvolume1\windows\system32\dns.exe</Data>
    <Data Name="Direction">%%14592</Data>
    <Data Name="SourceAddress">10.44.20.20</Data>
    <Data Name="SourcePort">62403</Data>
    <Data Name="DestAddress">10.44.20.10</Data>
    <Data Name="DestPort">53</Data>
    <Data Name="Protocol">17</Data>
    <Data Name="FilterRTID">28783</Data>
    <Data Name="LayerName">%%14610</Data>
    <Data Name="LayerRTID">44</Data>
    <Data Name="RemoteUserID">S-1-0-0</Data>
    <Data Name="RemoteMachineID">S-1-0-0</Data>
    
  </EventData>
  
</Event>
<Event xmlns="http://schemas.microsoft.com/win/2004/08/events/event">
  <System>
    
    <Provider Name="Microsoft-Windows-Security-Auditing" Guid="{54849625-5478-4994-a5ba-3e3b0328c30d}"/>
    
    <EventID>5156</EventID>
    <Version>1</Version>
    <Level>0</Level>
    <Task>12810</Task>
    <Opcode>0</Opcode>
    <Keywords>0x8020000000000000</Keywords>
    <TimeCreated SystemTime="2024-05-14T12:21:42.9702515Z"/>
    <EventRecordID>15413181</EventRecordID>
    <Correlation/>
    <Execution ProcessID="4" ThreadID="80"/>
    <Channel>Security</Channel>
    <Computer>DC-BO-01.agentsoc.local</Computer>
    
    <Security/>
    
  </System>
  
  <EventData>
    
    <Data Name="ProcessID">5656</Data>
    <Data Name="Application">\device\harddiskvolume1\windows\system32\dns.exe</Data>
    <Data Name="Direction">%%14592</Data>
    <Data Name="SourceAddress">10.44.10.21</Data>
    <Data Name="SourcePort">65110</Data>
    <Data Name="DestAddress">10.44.20.10</Data>
    <Data Name="DestPort">53</Data>
    <Data Name="Protocol">17</Data>
    <Data Name="FilterRTID">28783</Data>
    <Data Name="LayerName">%%14610</Data>
    <Data Name="LayerRTID">44</Data>
    <Data Name="RemoteUserID">S-1-0-0</Data>
    <Data Name="RemoteMachineID">S-1-0-0</Data>
    
  </EventData>
  
</Event>
<Event xmlns="http://schemas.microsoft.com/win/2004/08/events/event">
  <System>
    
    <Provider Name="Microsoft-Windows-Security-Auditing" Guid="{54849625-5478-4994-a5ba-3e3b0328c30d}"/>
    
    <EventID>4769</EventID>
    <Version>0</Version>
    <Level>0</Level>
    <Task>14337</Task>
    <Opcode>0</Opcode>
    <Keywords>0x8020000000000000</Keywords>
    <TimeCreated SystemTime="2024-05-14T12:21:46.9371306Z"/>
    <EventRecordID>15413186</EventRecordID>
    <Correlation/>
    <Execution ProcessID="600" ThreadID="252"/>
    <Channel>Security</Channel>
    <Computer>DC-BO-01.agentsoc.local</Computer>
    
    <Security/>
    
  </System>
  
  <EventData>
    
    <Data Name="TargetUserName">WS-EHSAN-01$</Data>
    <Data Name="TargetDomainName">AGENTSOC.LOCAL</Data>
    <Data Name="ServiceName">host/DC-BO-01</Data>
    <Data Name="ServiceSid">S-1-5-21-1223493204-1473060041-1971563278-1011</Data>
    <Data Name="TicketOptions">0x40810000</Data>
    <Data Name="TicketEncryptionType">0x12</Data>
    <Data Name="IpAddress">::ffff:10.44.10.21</Data>
    <Data Name="IpPort">60773</Data>
    <Data Name="Status">0x0</Data>
    <Data Name="LogonGuid">{00000000-0000-0000-0000-000000000000}</Data>
    <Data Name="TransmittedServices">-</Data>
    
  </EventData>
  
</Event>
<Event xmlns="http://schemas.microsoft.com/win/2004/08/events/event">
  <System>
    
    <Provider Name="Microsoft-Windows-Security-Auditing" Guid="{54849625-5478-4994-a5ba-3e3b0328c30d}"/>
    
    <EventID>5156</EventID>
    <Version>1</Version>
    <Level>0</Level>
    <Task>12810</Task>
    <Opcode>0</Opcode>
    <Keywords>0x8020000000000000</Keywords>
    <TimeCreated SystemTime="2024-05-14T12:21:47.5994088Z"/>
    <EventRecordID>15413187</EventRecordID>
    <Correlation/>
    <Execution ProcessID="4" ThreadID="164"/>
    <Channel>Security</Channel>
    <Computer>DC-BO-01.agentsoc.local</Computer>
    
    <Security/>
    
  </System>
  
  <EventData>
    
    <Data Name="ProcessID">5484</Data>
    <Data Name="Application">\device\harddiskvolume1\windows\system32\lsass.exe</Data>
    <Data Name="Direction">%%14592</Data>
    <Data Name="SourceAddress">10.44.10.21</Data>
    <Data Name="SourcePort">60773</Data>
    <Data Name="DestAddress">10.44.20.10</Data>
    <Data Name="DestPort">88</Data>
    <Data Name="Protocol">6</Data>
    <Data Name="FilterRTID">28797</Data>
    <Data Name="LayerName">%%14610</Data>
    <Data Name="LayerRTID">44</Data>
    <Data Name="RemoteUserID">S-1-0-0</Data>
    <Data Name="RemoteMachineID">S-1-0-0</Data>
    
  </EventData>
  
</Event>
<Event xmlns="http://schemas.microsoft.com/win/2004/08/events/event">
  <System>
    
    <Provider Name="Microsoft-Windows-Security-Auditing" Guid="{54849625-5478-4994-a5ba-3e3b0328c30d}"/>
    
    <EventID>5156</EventID>
    <Version>1</Version>
    <Level>0</Level>
    <Task>12810</Task>
    <Opcode>0</Opcode>
    <Keywords>0x8020000000000000</Keywords>
    <TimeCreated SystemTime="2024-05-14T12:21:48.0053890Z"/>
    <EventRecordID>15413188</EventRecordID>
    <Correlation/>
    <Execution ProcessID="4" ThreadID="164"/>
    <Channel>Security</Channel>
    <Computer>DC-BO-01.agentsoc.local</Computer>
    
    <Security/>
    
  </System>
  
  <EventData>
    
    <Data Name="ProcessID">5484</Data>
    <Data Name="Application">\device\harddiskvolume1\windows\system32\lsass.exe</Data>
    <Data Name="Direction">%%14592</Data>
    <Data Name="SourceAddress">10.44.30.10</Data>
    <Data Name="SourcePort">60670</Data>
    <Data Name="DestAddress">10.44.20.10</Data>
    <Data Name="DestPort">389</Data>
    <Data Name="Protocol">6</Data>
    <Data Name="FilterRTID">28811</Data>
    <Data Name="LayerName">%%14610</Data>
    <Data Name="LayerRTID">44</Data>
    <Data Name="RemoteUserID">S-1-0-0</Data>
    <Data Name="RemoteMachineID">S-1-0-0</Data>
    
  </EventData>
  
</Event>
<Event xmlns="http://schemas.microsoft.com/win/2004/08/events/event">
  <System>
    
    <Provider Name="Microsoft-Windows-Security-Auditing" Guid="{54849625-5478-4994-a5ba-3e3b0328c30d}"/>
    
    <EventID>4624</EventID>
    <Version>2</Version>
    <Level>0</Level>
    <Task>12544</Task>
    <Opcode>0</Opcode>
    <Keywords>0x8020000000000000</Keywords>
    <TimeCreated SystemTime="2024-05-14T12:21:54.3290173Z"/>
    <EventRecordID>15413192</EventRecordID>
    <Correlation/>
    <Execution ProcessID="5484" ThreadID="376"/>
    <Channel>Security</Channel>
    <Computer>DC-BO-01.agentsoc.local</Computer>
    
    <Security/>
    
  </System>
  
  <EventData>
    
    <Data Name="SubjectUserSid">S-1-5-18</Data>
    <Data Name="SubjectUserName">SYSTEM</Data>
    <Data Name="SubjectDomainName">NT AUTHORITY</Data>
    <Data Name="SubjectLogonId">0x3e7</Data>
    <Data Name="TargetUserSid">S-1-5-19</Data>
    <Data Name="TargetUserName">LOCAL SERVICE</Data>
    <Data Name="TargetDomainName">NT AUTHORITY</Data>
    <Data Name="TargetLogonId">0x155b61c4</Data>
    <Data Name="LogonType">5</Data>
    <Data Name="LogonGuid">{00000000-0000-0000-0000-000000000000}</Data>
    <Data Name="LogonProcessName">Advapi</Data>
    <Data Name="AuthenticationPackageName">Negotiate</Data>
    <Data Name="WorkstationName">DC-BO-01</Data>
    <Data Name="TransmittedServices">-</Data>
    <Data Name="LmPackageName">-</Data>
    <Data Name="KeyLength">0</Data>
    <Data Name="ProcessId">0x155c</Data>
    <Data Name="ProcessName">C:\Windows\System32\services.exe</Data>
    <Data Name="IpAddress">-</Data>
    <Data Name="IpPort">-</Data>
    <Data Name="ImpersonationLevel">%%1833</Data>
    <Data Name="RestrictedAdminMode">-</Data>
    <Data Name="TargetOutboundUserName">-</Data>
    <Data Name="TargetOutboundDomainName">-</Data>
    <Data Name="VirtualAccount">%%1843</Data>
    <Data Name="ElevatedToken">%%1842</Data>
    <Data Name="TargetLinkedLogonId">0x0</Data>
    
  </EventData>
  
</Event>
<Event xmlns="http://schemas.microsoft.com/win/2004/08/events/event">
  <System>
    
    <Provider Name="Microsoft-Windows-Security-Auditing" Guid="{54849625-5478-4994-a5ba-3e3b0328c30d}"/>
    
    <EventID>4672</EventID>
    <Version>0</Version>
    <Level>0</Level>
    <Task>12548</Task>
    <Opcode>0</Opcode>
    <Keywords>0x8020000000000000</Keywords>
    <TimeCreated SystemTime="2024-05-14T12:21:54.3420172Z"/>
    <EventRecordID>15413193</EventRecordID>
    <Correlation/>
    <Execution ProcessID="5484" ThreadID="204"/>
    <Channel>Security</Channel>
    <Computer>DC-BO-01.agentsoc.local</Computer>
    
    <Security/>
    
  </System>
  
  <EventData>
    
    <Data Name="SubjectUserSid">S-1-5-19</Data>
    <Data Name="SubjectUserName">LOCAL SERVICE</Data>
    <Data Name="SubjectDomainName">NT AUTHORITY</Data>
    <Data Name="SubjectLogonId">0x155b61c4</Data>
    <Data Name="PrivilegeList">SeAssignPrimaryTokenPrivilege
			SeAuditPrivilege
			SeImpersonatePrivilege
			SeChangeNotifyPrivilege</Data>
    
  </EventData>
  
</Event>
<Event xmlns="http://schemas.microsoft.com/win/2004/08/events/event">
  <System>
    
    <Provider Name="Microsoft-Windows-Security-Auditing" Guid="{54849625-5478-4994-a5ba-3e3b0328c30d}"/>
    
    <EventID>4769</EventID>
    <Version>0</Version>
    <Level>0</Level>
    <Task>14337</Task>
    <Opcode>0</Opcode>
    <Keywords>0x8020000000000000</Keywords>
    <TimeCreated SystemTime="2024-05-14T12:21:54.6204727Z"/>
    <EventRecordID>15413194</EventRecordID>
    <Correlation/>
    <Execution ProcessID="600" ThreadID="176"/>
    <Channel>Security</Channel>
    <Computer>DC-BO-01.agentsoc.local</Computer>
    
    <Security/>
    
  </System>
  
  <EventData>
    
    <Data Name="TargetUserName">FILE-BO-01$</Data>
    <Data Name="TargetDomainName">AGENTSOC.LOCAL</Data>
    <Data Name="ServiceName">host/DC-BO-01</Data>
    <Data Name="ServiceSid">S-1-5-21-1223493204-1473060041-1971563278-1011</Data>
    <Data Name="TicketOptions">0x40000000</Data>
    <Data Name="TicketEncryptionType">0x12</Data>
    <Data Name="IpAddress">::ffff:10.44.20.20</Data>
    <Data Name="IpPort">64822</Data>
    <Data Name="Status">0x0</Data>
    <Data Name="LogonGuid">{00000000-0000-0000-0000-000000000000}</Data>
    <Data Name="TransmittedServices">-</Data>
    
  </EventData>
  
</Event>
<Event xmlns="http://schemas.microsoft.com/win/2004/08/events/event">
  <System>
    
    <Provider Name="Microsoft-Windows-Security-Auditing" Guid="{54849625-5478-4994-a5ba-3e3b0328c30d}"/>
    
    <EventID>5156</EventID>
    <Version>1</Version>
    <Level>0</Level>
    <Task>12810</Task>
    <Opcode>0</Opcode>
    <Keywords>0x8020000000000000</Keywords>
    <TimeCreated SystemTime="2024-05-14T12:21:55.0420908Z"/>
    <EventRecordID>15413196</EventRecordID>
    <Correlation/>
    <Execution ProcessID="4" ThreadID="60"/>
    <Channel>Security</Channel>
    <Computer>DC-BO-01.agentsoc.local</Computer>
    
    <Security/>
    
  </System>
  
  <EventData>
    
    <Data Name="ProcessID">5484</Data>
    <Data Name="Application">\device\harddiskvolume1\windows\system32\lsass.exe</Data>
    <Data Name="Direction">%%14592</Data>
    <Data Name="SourceAddress">10.44.20.20</Data>
    <Data Name="SourcePort">64822</Data>
    <Data Name="DestAddress">10.44.20.10</Data>
    <Data Name="DestPort">88</Data>
    <Data Name="Protocol">17</Data>
    <Data Name="FilterRTID">28796</Data>
    <Data Name="LayerName">%%14610</Data>
    <Data Name="LayerRTID">44</Data>
    <Data Name="RemoteUserID">S-1-0-0</Data>
    <Data Name="RemoteMachineID">S-1-0-0</Data>
    
  </EventData>
  
</Event>
<Event xmlns="http://schemas.microsoft.com/win/2004/08/events/event">
  <System>
    
    <Provider Name="Microsoft-Windows-Security-Auditing" Guid="{54849625-5478-4994-a5ba-3e3b0328c30d}"/>
    
    <EventID>5156</EventID>
    <Version>1</Version>
    <Level>0</Level>
    <Task>12810</Task>
    <Opcode>0</Opcode>
    <Keywords>0x8020000000000000</Keywords>
    <TimeCreated SystemTime="2024-05-14T12:22:01.2151773Z"/>
    <EventRecordID>15413345</EventRecordID>
    <Correlation/>
    <Execution ProcessID="4" ThreadID="200"/>
    <Channel>Security</Channel>
    <Computer>DC-BO-01.agentsoc.local</Computer>
    
    <Security/>
    
  </System>
  
  <EventData>
    
    <Data Name="ProcessID">4</Data>
    <Data Name="Application">System</Data>
    <Data Name="Direction">%%14592</Data>
    <Data Name="SourceAddress">10.44.20.30</Data>
    <Data Name="SourcePort">55922</Data>
    <Data Name="DestAddress">10.44.20.10</Data>
    <Data Name="DestPort">445</Data>
    <Data Name="Protocol">6</Data>
    <Data Name="FilterRTID">28830</Data>
    <Data Name="LayerName">%%14610</Data>
    <Data Name="LayerRTID">44</Data>
    <Data Name="RemoteUserID">S-1-0-0</Data>
    <Data Name="RemoteMachineID">S-1-0-0</Data>
    
  </EventData>
  
</Event>
<Event xmlns="http://schemas.microsoft.com/win/2004/08/events/event">
  <System>
    
    <Provider Name="Microsoft-Windows-Security-Auditing" Guid="{54849625-5478-4994-a5ba-3e3b0328c30d}"/>
    
    <EventID>4624</EventID>
    <Version>2</Version>
    <Level>0</Level>
    <Task>12544</Task>
    <Opcode>0</Opcode>
    <Keywords>0x8020000000000000</Keywords>
    <TimeCreated SystemTime="2024-05-14T12:22:01.2831777Z"/>
    <EventRecordID>15413346</EventRecordID>
    <Correlation/>
    <Execution ProcessID="600" ThreadID="220"/>
    <Channel>Security</Channel>
    <Computer>DC-BO-01.agentsoc.local</Computer>
    
    <Security/>
    
  </System>
  
  <EventData>
    
    <Data Name="SubjectUserSid">S-1-0-0</Data>
    <Data Name="SubjectUserName">-</Data>
    <Data Name="SubjectDomainName">-</Data>
    <Data Name="SubjectLogonId">0x0</Data>
    <Data Name="TargetUserSid">S-1-5-7</Data>
    <Data Name="TargetUserName">ANONYMOUS LOGON</Data>
    <Data Name="TargetDomainName">NT AUTHORITY</Data>
    <Data Name="TargetLogonId">0x155b6d0d</Data>
    <Data Name="LogonType">3</Data>
    <Data Name="LogonGuid">{00000000-0000-0000-0000-000000000000}</Data>
    <Data Name="LogonProcessName">NtLmSsp</Data>
    <Data Name="AuthenticationPackageName">NTLM</Data>
    <Data Name="WorkstationName">PROXY-BO-01</Data>
    <Data Name="TransmittedServices">-</Data>
    <Data Name="LmPackageName">NTLM V2</Data>
    <Data Name="KeyLength">128</Data>
    <Data Name="ProcessId">0x156c</Data>
    <Data Name="ProcessName">C:\Windows\System32\lsass.exe</Data>
    <Data Name="IpAddress">::ffff:10.44.20.30</Data>
    <Data Name="IpPort">55922</Data>
    <Data Name="ImpersonationLevel">%%1833</Data>
    <Data Name="RestrictedAdminMode">-</Data>
    <Data Name="TargetOutboundUserName">-</Data>
    <Data Name="TargetOutboundDomainName">-</Data>
    <Data Name="VirtualAccount">%%1843</Data>
    <Data Name="ElevatedToken">%%1843</Data>
    <Data Name="TargetLinkedLogonId">0x0</Data>
    
  </EventData>
  
</Event>
<Event xmlns="http://schemas.microsoft.com/win/2004/08/events/event">
  <System>
    
    <Provider Name="Microsoft-Windows-Security-Auditing" Guid="{54849625-5478-4994-a5ba-3e3b0328c30d}"/>
    
    <EventID>4768</EventID>
    <Version>0</Version>
    <Level>0</Level>
    <Task>14339</Task>
    <Opcode>0</Opcode>
    <Keywords>0x8020000000000000</Keywords>
    <TimeCreated SystemTime="2024-05-14T12:22:01.7021622Z"/>
    <EventRecordID>15413347</EventRecordID>
    <Correlation/>
    <Execution ProcessID="600" ThreadID="180"/>
    <Channel>Security</Channel>
    <Computer>DC-BO-01.agentsoc.local</Computer>
    
    <Security/>
    
  </System>
  
  <EventData>
    
    <Data Name="TargetUserName">WS-VHALE-01$</Data>
    <Data Name="TargetDomainName">AGENTSOC.LOCAL</Data>
    <Data Name="TargetSid">S-1-5-21-1223493204-1473060041-1971563278-1010</Data>
    <Data Name="ServiceName">krbtgt</Data>
    <Data Name="ServiceSid">S-1-5-21-1223493204-1473060041-1971563278-502</Data>
    <Data Name="TicketOptions">0x40810010</Data>
    <Data Name="Status">0x0</Data>
    <Data Name="TicketEncryptionType">0x12</Data>
    <Data Name="PreAuthType">2</Data>
    <Data Name="IpAddress">::ffff:10.44.10.25</Data>
    <Data Name="IpPort">57245</Data>
    <Data Name="CertIssuerName"></Data>
    <Data Name="CertSerialNumber"></Data>
    <Data Name="CertThumbprint"></Data>
    
  </EventData>
  
</Event>
<Event xmlns="http://schemas.microsoft.com/win/2004/08/events/event">
  <System>
    
    <Provider Name="Microsoft-Windows-Security-Auditing" Guid="{54849625-5478-4994-a5ba-3e3b0328c30d}"/>
    
    <EventID>5156</EventID>
    <Version>1</Version>
    <Level>0</Level>
    <Task>12810</Task>
    <Opcode>0</Opcode>
    <Keywords>0x8020000000000000</Keywords>
    <TimeCreated SystemTime="2024-05-14T12:22:01.8043026Z"/>
    <EventRecordID>15413369</EventRecordID>
    <Correlation/>
    <Execution ProcessID="4" ThreadID="124"/>
    <Channel>Security</Channel>
    <Computer>DC-BO-01.agentsoc.local</Computer>
    
    <Security/>
    
  </System>
  
  <EventData>
    
    <Data Name="ProcessID">5484</Data>
    <Data Name="Application">\device\harddiskvolume1\windows\system32\lsass.exe</Data>
    <Data Name="Direction">%%14592</Data>
    <Data Name="SourceAddress">10.44.10.25</Data>
    <Data Name="SourcePort">57245</Data>
    <Data Name="DestAddress">10.44.20.10</Data>
    <Data Name="DestPort">88</Data>
    <Data Name="Protocol">17</Data>
    <Data Name="FilterRTID">28796</Data>
    <Data Name="LayerName">%%14610</Data>
    <Data Name="LayerRTID">44</Data>
    <Data Name="RemoteUserID">S-1-0-0</Data>
    <Data Name="RemoteMachineID">S-1-0-0</Data>
    
  </EventData>
  
</Event>
<Event xmlns="http://schemas.microsoft.com/win/2004/08/events/event">
  <System>
    
    <Provider Name="Microsoft-Windows-Security-Auditing" Guid="{54849625-5478-4994-a5ba-3e3b0328c30d}"/>
    
    <EventID>4769</EventID>
    <Version>0</Version>
    <Level>0</Level>
    <Task>14337</Task>
    <Opcode>0</Opcode>
    <Keywords>0x8020000000000000</Keywords>
    <TimeCreated SystemTime="2024-05-14T12:22:02.6244227Z"/>
    <EventRecordID>15413371</EventRecordID>
    <Correlation/>
    <Execution ProcessID="600" ThreadID="208"/>
    <Channel>Security</Channel>
    <Computer>DC-BO-01.agentsoc.local</Computer>
    
    <Security/>
    
  </System>
  
  <EventData>
    
    <Data Name="TargetUserName">WS-VHALE-01$</Data>
    <Data Name="TargetDomainName">AGENTSOC.LOCAL</Data>
    <Data Name="ServiceName">cifs/FILE-BO-01</Data>
    <Data Name="ServiceSid">S-1-5-21-1223493204-1473060041-1971563278-1012</Data>
    <Data Name="TicketOptions">0x40810000</Data>
    <Data Name="TicketEncryptionType">0x12</Data>
    <Data Name="IpAddress">::ffff:10.44.10.25</Data>
    <Data Name="IpPort">59212</Data>
    <Data Name="Status">0x0</Data>
    <Data Name="LogonGuid">{00000000-0000-0000-0000-000000000000}</Data>
    <Data Name="TransmittedServices">-</Data>
    
  </EventData>
  
</Event>
