<Event xmlns="http://schemas.microsoft.com/win/2004/08/events/event">
  <System>
    <Provider Name="Microsoft-Windows-Sysmon" Guid="{5770385f-c22a-43e0-bf4c-06f5698ffbd9}"/>
    <EventID>3</EventID>
    <Version>5</Version>
    <Level>4</Level>
    <Task>3</Task>
    <Opcode>0</Opcode>
    <Keywords>0x8000000000000000</Keywords>
    <TimeCreated SystemTime="2024-05-14T15:05:50.2054668Z"/>
    <EventRecordID>483205</EventRecordID>
    <Correlation/>
    <Execution ProcessID="2472" ThreadID="4184"/>
    <Channel>Microsoft-Windows-Sysmon/Operational</Channel>
    <Computer>WS-VHALE-01.agentsoc.local</Computer>
    <Security UserID="S-1-5-18"/>
  </System>
  <EventData>
    
    <Data Name="RuleName">-</Data>
    <Data Name="UtcTime">2024-05-14 15:05:50.205</Data>
    <Data Name="ProcessGuid">{c42ce74c-414f-6643-8602-0010625f1a4f}</Data>
    <Data Name="ProcessId">5248</Data>
    <Data Name="Image">C:\Program Files (x86)\Microsoft\Edge\Application\msedge.exe</Data>
    <Data Name="User">AGENTSOC\victor.hale</Data>
    <Data Name="Protocol">tcp</Data>
    <Data Name="Initiated">true</Data>
    <Data Name="SourceIsIpv6">false</Data>
    <Data Name="SourceIp">10.44.10.25</Data>
    <Data Name="SourceHostname">WS-VHALE-01.agentsoc.local</Data>
    <Data Name="SourcePort">61962</Data>
    <Data Name="SourcePortName">-</Data>
    <Data Name="DestinationIsIpv6">false</Data>
    <Data Name="DestinationIp">10.44.20.30</Data>
    <Data Name="DestinationHostname">PROXY-BO-01.agentsoc.local</Data>
    <Data Name="DestinationPort">8080</Data>
    <Data Name="DestinationPortName">http-alt</Data>
    
  </EventData>
</Event>
<Event xmlns="http://schemas.microsoft.com/win/2004/08/events/event">
  <System>
    <Provider Name="Microsoft-Windows-Sysmon" Guid="{5770385f-c22a-43e0-bf4c-06f5698ffbd9}"/>
    <EventID>3</EventID>
    <Version>5</Version>
    <Level>4</Level>
    <Task>3</Task>
    <Opcode>0</Opcode>
    <Keywords>0x8000000000000000</Keywords>
    <TimeCreated SystemTime="2024-05-14T15:05:51.7630308Z"/>
    <EventRecordID>483206</EventRecordID>
    <Correlation/>
    <Execution ProcessID="2472" ThreadID="4184"/>
    <Channel>Microsoft-Windows-Sysmon/Operational</Channel>
    <Computer>WS-VHALE-01.agentsoc.local</Computer>
    <Security UserID="S-1-5-18"/>
  </System>
  <EventData>
    
    <Data Name="RuleName">-</Data>
    <Data Name="UtcTime">2024-05-14 15:05:51.763</Data>
    <Data Name="ProcessGuid">{c42ce74c-414f-6643-8602-0010625f1a4f}</Data>
    <Data Name="ProcessId">5248</Data>
    <Data Name="Image">C:\Program Files (x86)\Microsoft\Edge\Application\msedge.exe</Data>
    <Data Name="User">AGENTSOC\victor.hale</Data>
    <Data Name="Protocol">tcp</Data>
    <Data Name="Initiated">true</Data>
    <Data Name="SourceIsIpv6">false</Data>
    <Data Name="SourceIp">10.44.10.25</Data>
    <Data Name="SourceHostname">WS-VHALE-01.agentsoc.local</Data>
    <Data Name="SourcePort">49490</Data>
    <Data Name="SourcePortName">-</Data>
    <Data Name="DestinationIsIpv6">false</Data>
    <Data Name="DestinationIp">10.44.20.30</Data>
    <Data Name="DestinationHostname">PROXY-BO-01.agentsoc.local</Data>
    <Data Name="DestinationPort">8080</Data>
    <Data Name="DestinationPortName">http-alt</Data>
    
  </EventData>
</Event>
<Event xmlns="http://schemas.microsoft.com/win/2004/08/events/event">
  <System>
    <Provider Name="Microsoft-Windows-Sysmon" Guid="{5770385f-c22a-43e0-bf4c-06f5698ffbd9}"/>
    <EventID>1</EventID>
    <Version>5</Version>
    <Level>4</Level>
    <Task>1</Task>
    <Opcode>0</Opcode>
    <Keywords>0x8000000000000000</Keywords>
    <TimeCreated SystemTime="2024-05-14T15:06:33.6192589Z"/>
    <EventRecordID>483208</EventRecordID>
    <Correlation/>
    <Execution ProcessID="2472" ThreadID="1684"/>
    <Channel>Microsoft-Windows-Sysmon/Operational</Channel>
    <Computer>WS-VHALE-01.agentsoc.local</Computer>
    <Security UserID="S-1-5-18"/>
  </System>
  <EventData>
    
    <Data Name="RuleName">-</Data>
    <Data Name="UtcTime">2024-05-14 15:06:33.619</Data>
    <Data Name="ProcessGuid">{c42ce74c-7df9-6643-5a02-00106cf7d2d3}</Data>
    <Data Name="ProcessId">6348</Data>
    <Data Name="Image">C:\Program Files (x86)\Dropbox\Client\Dropbox.exe</Data>
    <Data Name="FileVersion">199.4.6287</Data>
    <Data Name="Description">Dropbox</Data>
    <Data Name="Product">Dropbox</Data>
    <Data Name="Company">Dropbox, Inc.</Data>
    <Data Name="OriginalFileName">Dropbox.exe</Data>
    <Data Name="CommandLine">"C:\Program Files (x86)\Dropbox\Client\Dropbox.exe" /home</Data>
    <Data Name="CurrentDirectory">C:\Program Files (x86)\Dropbox\Client\</Data>
    <Data Name="User">AGENTSOC\victor.hale</Data>
    <Data Name="LogonGuid">{00000000-0000-0000-0000-000000000000}</Data>
    <Data Name="LogonId">0x90766bf</Data>
    <Data Name="TerminalSessionId">1</Data>
    <Data Name="IntegrityLevel">Medium</Data>
    <Data Name="Hashes">SHA1=B97E5288F036D559C8A0F454BB01DBF975339C91,MD5=E329965A1E98562B1A01C499D6D02369,SHA256=B09DF86B88EDEB202BC24A3AAB120C3D98E202C18517CA39DF6FD09EE6A0A9C4,IMPHASH=7278718151B3ED00C02854333DC35794</Data>
    <Data Name="ParentProcessGuid">{c42ce74c-7318-6643-4502-00109643b4a0}</Data>
    <Data Name="ParentProcessId">6232</Data>
    <Data Name="ParentImage">C:\Windows\explorer.exe</Data>
    <Data Name="ParentCommandLine">explorer.exe</Data>
    <Data Name="ParentUser">AGENTSOC\victor.hale</Data>
    
  </EventData>
</Event>
<Event xmlns="http://schemas.microsoft.com/win/2004/08/events/event">
  <System>
    <Provider Name="Microsoft-Windows-Sysmon" Guid="{5770385f-c22a-43e0-bf4c-06f5698ffbd9}"/>
    <EventID>10</EventID>
    <Version>3</Version>
    <Level>4</Level>
    <Task>10</Task>
    <Opcode>0</Opcode>
    <Keywords>0x8000000000000000</Keywords>
    <TimeCreated SystemTime="2024-05-14T15:07:01.7043032Z"/>
    <EventRecordID>483210</EventRecordID>
    <Correlation/>
    <Execution ProcessID="2472" ThreadID="4096"/>
    <Channel>Microsoft-Windows-Sysmon/Operational</Channel>
    <Computer>WS-VHALE-01.agentsoc.local</Computer>
    <Security UserID="S-1-5-18"/>
  </System>
  <EventData>
    
    <Data Name="RuleName">-</Data>
    <Data Name="UtcTime">2024-05-14 15:07:01.704</Data>
    <Data Name="SourceProcessGUID">{c42ce74c-8058-6633-4502-00000880e8af}</Data>
    <Data Name="SourceProcessId">5000</Data>
    <Data Name="SourceImage">C:\Windows\System32\wbem\WmiPrvSE.exe</Data>
    <Data Name="SourceThreadId">4340</Data>
    <Data Name="SourceUser">NT AUTHORITY\NETWORK SERVICE</Data>
    <Data Name="TargetProcessGUID">{c42ce74c-804a-6633-b302-00104ac99a1d}</Data>
    <Data Name="TargetProcessId">4900</Data>
    <Data Name="TargetImage">C:\Windows\System32\svchost.exe</Data>
    <Data Name="TargetUser">NT AUTHORITY\SYSTEM</Data>
    <Data Name="GrantedAccess">0x1400</Data>
    <Data Name="CallTrace">C:\Windows\SYSTEM32\ntdll.dll+9DA3F|C:\Windows\SYSTEM32\KERNELBASE.dll+2E784|C:\Windows\SYSTEM32\combase.dll+2AE5C</Data>
    
  </EventData>
</Event>
<Event xmlns="http://schemas.microsoft.com/win/2004/08/events/event">
  <System>
    <Provider Name="Microsoft-Windows-Sysmon" Guid="{5770385f-c22a-43e0-bf4c-06f5698ffbd9}"/>
    <EventID>3</EventID>
    <Version>5</Version>
    <Level>4</Level>
    <Task>3</Task>
    <Opcode>0</Opcode>
    <Keywords>0x8000000000000000</Keywords>
    <TimeCreated SystemTime="2024-05-14T15:07:23.8180542Z"/>
    <EventRecordID>483223</EventRecordID>
    <Correlation/>
    <Execution ProcessID="2472" ThreadID="1684"/>
    <Channel>Microsoft-Windows-Sysmon/Operational</Channel>
    <Computer>WS-VHALE-01.agentsoc.local</Computer>
    <Security UserID="S-1-5-18"/>
  </System>
  <EventData>
    
    <Data Name="RuleName">-</Data>
    <Data Name="UtcTime">2024-05-14 15:07:23.818</Data>
    <Data Name="ProcessGuid">{c42ce74c-8046-6633-2702-00003934873f}</Data>
    <Data Name="ProcessId">4840</Data>
    <Data Name="Image">C:\Windows\System32\lsass.exe</Data>
    <Data Name="User">NT AUTHORITY\SYSTEM</Data>
    <Data Name="Protocol">udp</Data>
    <Data Name="Initiated">true</Data>
    <Data Name="SourceIsIpv6">false</Data>
    <Data Name="SourceIp">10.44.10.25</Data>
    <Data Name="SourceHostname">WS-VHALE-01.agentsoc.local</Data>
    <Data Name="SourcePort">49959</Data>
    <Data Name="SourcePortName">-</Data>
    <Data Name="DestinationIsIpv6">false</Data>
    <Data Name="DestinationIp">10.44.20.10</Data>
    <Data Name="DestinationHostname">DC-BO-01.agentsoc.local</Data>
    <Data Name="DestinationPort">88</Data>
    <Data Name="DestinationPortName">kerberos</Data>
    
  </EventData>
</Event>
<Event xmlns="http://schemas.microsoft.com/win/2004/08/events/event">
  <System>
    <Provider Name="Microsoft-Windows-Sysmon" Guid="{5770385f-c22a-43e0-bf4c-06f5698ffbd9}"/>
    <EventID>13</EventID>
    <Version>2</Version>
    <Level>4</Level>
    <Task>13</Task>
    <Opcode>0</Opcode>
    <Keywords>0x8000000000000000</Keywords>
    <TimeCreated SystemTime="2024-05-14T15:07:41.6632581Z"/>
    <EventRecordID>483225</EventRecordID>
    <Correlation/>
    <Execution ProcessID="2472" ThreadID="3128"/>
    <Channel>Microsoft-Windows-Sysmon/Operational</Channel>
    <Computer>WS-VHALE-01.agentsoc.local</Computer>
    <Security UserID="S-1-5-18"/>
  </System>
  <EventData>
    
    <Data Name="RuleName">-</Data>
    <Data Name="EventType">SetValue</Data>
    <Data Name="UtcTime">2024-05-14 15:07:41.663</Data>
    <Data Name="ProcessGuid">{c42ce74c-8063-6633-e100-0000b989f595}</Data>
    <Data Name="ProcessId">5112</Data>
    <Data Name="Image">C:\Windows\System32\RuntimeBroker.exe</Data>
    <Data Name="User">AGENTSOC\victor.hale</Data>
    <Data Name="TargetObject">HKU\S-1-5-21-1223493204-1473060041-1971563278-1005\Software\Microsoft\Windows\CurrentVersion\Explorer\UserAssist\{CEBFF5CD-ACE2-4F4F-9178-9926F41749EA}\Count\HRZR_EHACNGU:P:\Jvaqbjf\Flfgrz32\JvaqbjfCbjreFuryy\i1.0\cbjrefuryy.rkr</Data>
    <Data Name="Details">83 36 79 85 0E 76 C4 51 10 1E 7F 76 58 14 18 5E 40 9F BB 94 4B 80 58 B6 CA 76 20 3F F6 D9 63 A8 B2 4E ED 05 69 4B 63 4B 69 9B BA 74 D2 D9 0B A2</Data>
    
  </EventData>
</Event>
<Event xmlns="http://schemas.microsoft.com/win/2004/08/events/event">
  <System>
    <Provider Name="Microsoft-Windows-Sysmon" Guid="{5770385f-c22a-43e0-bf4c-06f5698ffbd9}"/>
    <EventID>3</EventID>
    <Version>5</Version>
    <Level>4</Level>
    <Task>3</Task>
    <Opcode>0</Opcode>
    <Keywords>0x8000000000000000</Keywords>
    <TimeCreated SystemTime="2024-05-14T15:07:52.3912866Z"/>
    <EventRecordID>483250</EventRecordID>
    <Correlation/>
    <Execution ProcessID="2472" ThreadID="4184"/>
    <Channel>Microsoft-Windows-Sysmon/Operational</Channel>
    <Computer>WS-VHALE-01.agentsoc.local</Computer>
    <Security UserID="S-1-5-18"/>
  </System>
  <EventData>
    
    <Data Name="RuleName">-</Data>
    <Data Name="UtcTime">2024-05-14 15:07:52.391</Data>
    <Data Name="ProcessGuid">{c42ce74c-414f-6643-8602-0010625f1a4f}</Data>
    <Data Name="ProcessId">5248</Data>
    <Data Name="Image">C:\Program Files (x86)\Microsoft\Edge\Application\msedge.exe</Data>
    <Data Name="User">AGENTSOC\victor.hale</Data>
    <Data Name="Protocol">tcp</Data>
    <Data Name="Initiated">true</Data>
    <Data Name="SourceIsIpv6">false</Data>
    <Data Name="SourceIp">10.44.10.25</Data>
    <Data Name="SourceHostname">WS-VHALE-01.agentsoc.local</Data>
    <Data Name="SourcePort">51161</Data>
    <Data Name="SourcePortName">-</Data>
    <Data Name="DestinationIsIpv6">false</Data>
    <Data Name="DestinationIp">10.44.20.30</Data>
    <Data Name="DestinationHostname">PROXY-BO-01.agentsoc.local</Data>
    <Data Name="DestinationPort">8080</Data>
    <Data Name="DestinationPortName">http-alt</Data>
    
  </EventData>
</Event>
<Event xmlns="http://schemas.microsoft.com/win/2004/08/events/event">
  <System>
    <Provider Name="Microsoft-Windows-Sysmon" Guid="{5770385f-c22a-43e0-bf4c-06f5698ffbd9}"/>
    <EventID>3</EventID>
    <Version>5</Version>
    <Level>4</Level>
    <Task>3</Task>
    <Opcode>0</Opcode>
    <Keywords>0x8000000000000000</Keywords>
    <TimeCreated SystemTime="2024-05-14T15:08:21.6601608Z"/>
    <EventRecordID>483282</EventRecordID>
    <Correlation/>
    <Execution ProcessID="2472" ThreadID="1684"/>
    <Channel>Microsoft-Windows-Sysmon/Operational</Channel>
    <Computer>WS-VHALE-01.agentsoc.local</Computer>
    <Security UserID="S-1-5-18"/>
  </System>
  <EventData>
    
    <Data Name="RuleName">-</Data>
    <Data Name="UtcTime">2024-05-14 15:08:21.660</Data>
    <Data Name="ProcessGuid">{c42ce74c-414f-6643-8602-0010625f1a4f}</Data>
    <Data Name="ProcessId">5248</Data>
    <Data Name="Image">C:\Program Files (x86)\Microsoft\Edge\Application\msedge.exe</Data>
    <Data Name="User">AGENTSOC\victor.hale</Data>
    <Data Name="Protocol">tcp</Data>
    <Data Name="Initiated">true</Data>
    <Data Name="SourceIsIpv6">false</Data>
    <Data Name="SourceIp">10.44.10.25</Data>
    <Data Name="SourceHostname">WS-VHALE-01.agentsoc.local</Data>
    <Data Name="SourcePort">61528</Data>
    <Data Name="SourcePortName">-</Data>
    <Data Name="DestinationIsIpv6">false</Data>
    <Data Name="DestinationIp">10.44.20.30</Data>
    <Data Name="DestinationHostname">PROXY-BO-01.agentsoc.local</Data>
    <Data Name="DestinationPort">8080</Data>
    <Data Name="DestinationPortName">http-alt</Data>
    
  </EventData>
</Event>
<Event xmlns="http://schemas.microsoft.com/win/2004/08/events/event">
  <System>
    <Provider Name="Microsoft-Windows-Sysmon" Guid="{5770385f-c22a-43e0-bf4c-06f5698ffbd9}"/>
    <EventID>13</EventID>
    <Version>2</Version>
    <Level>4</Level>
    <Task>13</Task>
    <Opcode>0</Opcode>
    <Keywords>0x8000000000000000</Keywords>
    <TimeCreated SystemTime="2024-05-14T15:09:51.7323623Z"/>
    <EventRecordID>483290</EventRecordID>
    <Correlation/>
    <Execution ProcessID="2472" ThreadID="4424"/>
    <Channel>Microsoft-Windows-Sysmon/Operational</Channel>
    <Computer>WS-VHALE-01.agentsoc.local</Computer>
    <Security UserID="S-1-5-18"/>
  </System>
  <EventData>
    
    <Data Name="RuleName">-</Data>
    <Data Name="EventType">SetValue</Data>
    <Data Name="UtcTime">2024-05-14 15:09:51.732</Data>
    <Data Name="ProcessGuid">{c42ce74c-8053-6633-2f00-00009cb32df3}</Data>
    <Data Name="ProcessId">4988</Data>
    <Data Name="Image">C:\Windows\System32\svchost.exe</Data>
    <Data Name="User">NT AUTHORITY\SYSTEM</Data>
    <Data Name="TargetObject">HKLM\SOFTWARE\Microsoft\Windows\CurrentVersion\Component Based Servicing\Packages\Package_for_DotNetRollup~31bf3856ad364e35~amd64~~10.0.22621.22\CurrentState</Data>
    <Data Name="Details">DWORD (0x00000070)</Data>
    
  </EventData>
</Event>
<Event xmlns="http://schemas.microsoft.com/win/2004/08/events/event">
  <System>
    <Provider Name="Microsoft-Windows-Sysmon" Guid="{5770385f-c22a-43e0-bf4c-06f5698ffbd9}"/>
    <EventID>13</EventID>
    <Version>2</Version>
    <Level>4</Level>
    <Task>13</Task>
    <Opcode>0</Opcode>
    <Keywords>0x8000000000000000</Keywords>
    <TimeCreated SystemTime="2024-05-14T15:10:49.9689160Z"/>
    <EventRecordID>483296</EventRecordID>
    <Correlation/>
    <Execution ProcessID="2472" ThreadID="4096"/>
    <Channel>Microsoft-Windows-Sysmon/Operational</Channel>
    <Computer>WS-VHALE-01.agentsoc.local</Computer>
    <Security UserID="S-1-5-18"/>
  </System>
  <EventData>
    
    <Data Name="RuleName">-</Data>
    <Data Name="EventType">SetValue</Data>
    <Data Name="UtcTime">2024-05-14 15:10:49.968</Data>
    <Data Name="ProcessGuid">{c42ce74c-8061-6633-ac02-00007fa0f2d6}</Data>
    <Data Name="ProcessId">5088</Data>
    <Data Name="Image">C:\Windows\explorer.exe</Data>
    <Data Name="User">AGENTSOC\victor.hale</Data>
    <Data Name="TargetObject">HKU\S-1-5-21-1223493204-1473060041-1971563278-1005\Software\Microsoft\Office\16.0\Word\Reading Locations\Document 21\Datetime</Data>
    <Data Name="Details">2024-05-14T14:48:52</Data>
    
  </EventData>
</Event>
<Event xmlns="http://schemas.microsoft.com/win/2004/08/events/event">
  <System>
    <Provider Name="Microsoft-Windows-Sysmon" Guid="{5770385f-c22a-43e0-bf4c-06f5698ffbd9}"/>
    <EventID>10</EventID>
    <Version>3</Version>
    <Level>4</Level>
    <Task>10</Task>
    <Opcode>0</Opcode>
    <Keywords>0x8000000000000000</Keywords>
    <TimeCreated SystemTime="2024-05-14T15:12:40.9418153Z"/>
    <EventRecordID>483411</EventRecordID>
    <Correlation/>
    <Execution ProcessID="2472" ThreadID="4424"/>
    <Channel>Microsoft-Windows-Sysmon/Operational</Channel>
    <Computer>WS-VHALE-01.agentsoc.local</Computer>
    <Security UserID="S-1-5-18"/>
  </System>
  <EventData>
    
    <Data Name="RuleName">-</Data>
    <Data Name="UtcTime">2024-05-14 15:12:40.941</Data>
    <Data Name="SourceProcessGUID">{c42ce74c-8058-6633-4502-00000880e8af}</Data>
    <Data Name="SourceProcessId">5000</Data>
    <Data Name="SourceImage">C:\Windows\System32\wbem\WmiPrvSE.exe</Data>
    <Data Name="SourceThreadId">4592</Data>
    <Data Name="SourceUser">NT AUTHORITY\NETWORK SERVICE</Data>
    <Data Name="TargetProcessGUID">{c42ce74c-804a-6633-b302-00104ac99a1d}</Data>
    <Data Name="TargetProcessId">4900</Data>
    <Data Name="TargetImage">C:\Windows\System32\svchost.exe</Data>
    <Data Name="TargetUser">NT AUTHORITY\SYSTEM</Data>
    <Data Name="GrantedAccess">0x0400</Data>
    <Data Name="CallTrace">C:\Windows\SYSTEM32\ntdll.dll+9ECB2|C:\Windows\SYSTEM32\KERNELBASE.dll+2E2AB|C:\Windows\SYSTEM32\wbemcomn.dll+17ED9</Data>
    
  </EventData>
</Event>
<Event xmlns="http://schemas.microsoft.com/win/2004/08/events/event">
  <System>
    <Provider Name="Microsoft-Windows-Sysmon" Guid="{5770385f-c22a-43e0-bf4c-06f5698ffbd9}"/>
    <EventID>5</EventID>
    <Version>3</Version>
    <Level>4</Level>
    <Task>5</Task>
    <Opcode>0</Opcode>
    <Keywords>0x8000000000000000</Keywords>
    <TimeCreated SystemTime="2024-05-14T15:12:51.8826947Z"/>
    <EventRecordID>483427</EventRecordID>
    <Correlation/>
    <Execution ProcessID="2472" ThreadID="4184"/>
    <Channel>Microsoft-Windows-Sysmon/Operational</Channel>
    <Computer>WS-VHALE-01.agentsoc.local</Computer>
    <Security UserID="S-1-5-18"/>
  </System>
  <EventData>
    
    <Data Name="RuleName">-</Data>
    <Data Name="UtcTime">2024-05-14 15:12:51.882</Data>
    <Data Name="ProcessGuid">{c42ce74c-76c7-6643-9300-000026550086}</Data>
    <Data Name="ProcessId">6156</Data>
    <Data Name="Image">C:\Windows\System32\wbem\WmiPrvSE.exe</Data>
    <Data Name="User">NT AUTHORITY\SYSTEM</Data>
    
  </EventData>
</Event>
<Event xmlns="http://schemas.microsoft.com/win/2004/08/events/event">
  <System>
    <Provider Name="Microsoft-Windows-Sysmon" Guid="{5770385f-c22a-43e0-bf4c-06f5698ffbd9}"/>
    <EventID>10</EventID>
    <Version>3</Version>
    <Level>4</Level>
    <Task>10</Task>
    <Opcode>0</Opcode>
    <Keywords>0x8000000000000000</Keywords>
    <TimeCreated SystemTime="2024-05-14T15:13:26.0089009Z"/>
    <EventRecordID>483428</EventRecordID>
    <Correlation/>
    <Execution ProcessID="2472" ThreadID="4096"/>
    <Channel>Microsoft-Windows-Sysmon/Operational</Channel>
    <Computer>WS-VHALE-01.agentsoc.local</Computer>
    <Security UserID="S-1-5-18"/>
  </System>
  <EventData>
    
    <Data Name="RuleName">-</Data>
    <Data Name="UtcTime">2024-05-14 15:13:26.008</Data>
    <Data Name="SourceProcessGUID">{c42ce74c-8044-6633-e900-0010507fdc18}</Data>
    <Data Name="SourceProcessId">4820</Data>
    <Data Name="SourceImage">C:\Windows\System32\csrss.exe</Data>
    <Data Name="SourceThreadId">3208</Data>
    <Data Name="SourceUser">NT AUTHORITY\SYSTEM</Data>
    <Data Name="TargetProcessGUID">{c42ce74c-8061-6633-ac02-00007fa0f2d6}</Data>
    <Data Name="TargetProcessId">5088</Data>
    <Data Name="TargetImage">C:\Windows\explorer.exe</Data>
    <Data Name="TargetUser">AGENTSOC\victor.hale</Data>
    <Data Name="GrantedAccess">0x1400</Data>
    <Data Name="CallTrace">C:\Windows\SYSTEM32\ntdll.dll+9D6EE</Data>
    
  </EventData>
</Event>
<Event xmlns="http://schemas.microsoft.com/win/2004/08/events/event">
  <System>
    <Provider Name="Microsoft-Windows-Sysmon" Guid="{5770385f-c22a-43e0-bf4c-06f5698ffbd9}"/>
    <EventID>1</EventID>
    <Version>5</Version>
    <Level>4</Level>
    <Task>1</Task>
    <Opcode>0</Opcode>
    <Keywords>0x8000000000000000</Keywords>
    <TimeCreated SystemTime="2024-05-14T15:13:54.7432345Z"/>
    <EventRecordID>483498</EventRecordID>
    <Correlation/>
    <Execution ProcessID="2472" ThreadID="3128"/>
    <Channel>Microsoft-Windows-Sysmon/Operational</Channel>
    <Computer>WS-VHALE-01.agentsoc.local</Computer>
    <Security UserID="S-1-5-18"/>
  </System>
  <EventData>
    
    <Data Name="RuleName">-</Data>
    <Data Name="UtcTime">2024-05-14 15:13:54.743</Data>
    <Data Name="ProcessGuid">{c42ce74c-7fb2-6643-4800-0000299a7b45}</Data>
    <Data Name="ProcessId">6476</Data>
    <Data Name="Image">C:\Windows\WinSxS\amd64_microsoft-windows-servicingstack_31bf3856ad364e35_10.0.22621.3155_none_7c91d6e7c9f7f1f5\TiWorker.exe</Data>
    <Data Name="FileVersion">10.0.22621.3155</Data>
    <Data Name="Description">Windows Module Installer Worker</Data>
    <Data Name="Product">Microsoft Windows Operating System</Data>
    <Data Name="Company">Microsoft Corporation</Data>
    <Data Name="OriginalFileName">TiWorker.exe</Data>
    <Data Name="CommandLine">TiWorker.exe -Embedding</Data>
    <Data Name="CurrentDirectory">C:\Windows\System32\</Data>
    <Data Name="User">NT AUTHORITY\SYSTEM</Data>
    <Data Name="LogonGuid">{2c6f00db-083f-46b5-8a2b-5e2a5c606bd8}</Data>
    <Data Name="LogonId">0x3e7</Data>
    <Data Name="TerminalSessionId">0</Data>
    <Data Name="IntegrityLevel">System</Data>
    <Data Name="Hashes">SHA1=35DAC578E7264F00085E9C3B3ACB7B6820206892,MD5=211CBEC63CF8FE393D2788F87D53B5BA,SHA256=7F187497C5E0C4605A6837541EBD7F988831DF0D0D45728015A204764110C0DE,IMPHASH=8D7D747B53EA6FAD2E589282D780A2F4</Data>
    <Data Name="ParentProcessGuid">{c42ce74c-804c-6633-6002-0010c3ef1dfd}</Data>
    <Data Name="ParentProcessId">4944</Data>
    <Data Name="ParentImage">C:\Windows\System32\svchost.exe</Data>
    <Data Name="ParentCommandLine">svchost.exe -k netsvcs</Data>
    <Data Name="ParentUser">NT AUTHORITY\NETWORK SERVICE</Data>
    
  </EventData>
</Event>
<Event xmlns="http://schemas.microsoft.com/win/2004/08/events/event">
  <System>
    <Provider Name="Microsoft-Windows-Sysmon" Guid="{5770385f-c22a-43e0-bf4c-06f5698ffbd9}"/>
    <EventID>13</EventID>
    <Version>2</Version>
    <Level>4</Level>
    <Task>13</Task>
    <Opcode>0</Opcode>
    <Keywords>0x8000000000000000</Keywords>
    <TimeCreated SystemTime="2024-05-14T15:14:16.1780245Z"/>
    <EventRecordID>483507</EventRecordID>
    <Correlation/>
    <Execution ProcessID="2472" ThreadID="3128"/>
    <Channel>Microsoft-Windows-Sysmon/Operational</Channel>
    <Computer>WS-VHALE-01.agentsoc.local</Computer>
    <Security UserID="S-1-5-18"/>
  </System>
  <EventData>
    
    <Data Name="RuleName">-</Data>
    <Data Name="EventType">SetValue</Data>
    <Data Name="UtcTime">2024-05-14 15:14:16.178</Data>
    <Data Name="ProcessGuid">{c42ce74c-8045-6633-5f00-00105a9b4a9c}</Data>
    <Data Name="ProcessId">4828</Data>
    <Data Name="Image">C:\Windows\System32\services.exe</Data>
    <Data Name="User">NT AUTHORITY\SYSTEM</Data>
    <Data Name="TargetObject">HKLM\SOFTWARE\Microsoft\Windows\CurrentVersion\Component Based Servicing\Packages\Package_for_ServicingStack~31bf3856ad364e35~amd64~~10.0.22621.44\CurrentState</Data>
    <Data Name="Details">DWORD (0x00000070)</Data>
    
  </EventData>
</Event>
<Event xmlns="http://schemas.microsoft.com/win/2004/08/events/event">
  <System>
    <Provider Name="Microsoft-Windows-Sysmon" Guid="{5770385f-c22a-43e0-bf4c-06f5698ffbd9}"/>
    <EventID>13</EventID>
    <Version>2</Version>
    <Level>4</Level>
    <Task>13</Task>
    <Opcode>0</Opcode>
    <Keywords>0x8000000000000000</Keywords>
    <TimeCreated SystemTime="2024-05-14T15:14:51.2919553Z"/>
    <EventRecordID>483942</EventRecordID>
    <Correlation/>
    <Execution ProcessID="2472" ThreadID="4096"/>
    <Channel>Microsoft-Windows-Sysmon/Operational</Channel>
    <Computer>WS-VHALE-01.agentsoc.local</Computer>
    <Security UserID="S-1-5-18"/>
  </System>
  <EventData>
    
    <Data Name="RuleName">-</Data>
    <Data Name="EventType">SetValue</Data>
    <Data Name="UtcTime">2024-05-14 15:14:51.291</Data>
    <Data Name="ProcessGuid">{c42ce74c-8063-6633-e100-0000b989f595}</Data>
    <Data Name="ProcessId">5112</Data>
    <Data Name="Image">C:\Windows\System32\RuntimeBroker.exe</Data>
    <Data Name="User">AGENTSOC\victor.hale</Data>
    <Data Name="TargetObject">HKU\S-1-5-21-1223493204-1473060041-1971563278-1005\Software\Microsoft\Windows\CurrentVersion\ContentDeliveryManager\SubscribedContent-338389Enabled</Data>
    <Data Name="Details">DWORD (0x00000001)</Data>
    
  </EventData>
</Event>
<Event xmlns="http://schemas.microsoft.com/win/2004/08/events/event">
  <System>
    <Provider Name="Microsoft-Windows-Sysmon" Guid="{5770385f-c22a-43e0-bf4c-06f5698ffbd9}"/>
    <EventID>10</EventID>
    <Version>3</Version>
    <Level>4</Level>
    <Task>10</Task>
    <Opcode>0</Opcode>
    <Keywords>0x8000000000000000</Keywords>
    <TimeCreated SystemTime="2024-05-14T15:14:52.9468372Z"/>
    <EventRecordID>483943</EventRecordID>
    <Correlation/>
    <Execution ProcessID="2472" ThreadID="3128"/>
    <Channel>Microsoft-Windows-Sysmon/Operational</Channel>
    <Computer>WS-VHALE-01.agentsoc.local</Computer>
    <Security UserID="S-1-5-18"/>
  </System>
  <EventData>
    
    <Data Name="RuleName">-</Data>
    <Data Name="UtcTime">2024-05-14 15:14:52.946</Data>
    <Data Name="SourceProcessGUID">{c42ce74c-8045-6633-5f00-00105a9b4a9c}</Data>
    <Data Name="SourceProcessId">4828</Data>
    <Data Name="SourceImage">C:\Windows\System32\services.exe</Data>
    <Data Name="SourceThreadId">3064</Data>
    <Data Name="SourceUser">NT AUTHORITY\SYSTEM</Data>
    <Data Name="TargetProcessGUID">{c42ce74c-8046-6633-2702-00003934873f}</Data>
    <Data Name="TargetProcessId">4840</Data>
    <Data Name="TargetImage">C:\Windows\System32\lsass.exe</Data>
    <Data Name="TargetUser">NT AUTHORITY\SYSTEM</Data>
    <Data Name="GrantedAccess">0x1000</Data>
    <Data Name="CallTrace">C:\Windows\SYSTEM32\ntdll.dll+9E75D|C:\Windows\SYSTEM32\KERNELBASE.dll+2C9D2|C:\Windows\SYSTEM32\sechost.dll+13BAA</Data>
    
  </EventData>
</Event>
<Event xmlns="http://schemas.microsoft.com/win/2004/08/events/event">
  <System>
    <Provider Name="Microsoft-Windows-Sysmon" Guid="{5770385f-c22a-43e0-bf4c-06f5698ffbd9}"/>
    <EventID>22</EventID>
    <Version>5</Version>
    <Level>4</Level>
    <Task>22</Task>
    <Opcode>0</Opcode>
    <Keywords>0x8000000000000000</Keywords>
    <TimeCreated SystemTime="2024-05-14T15:15:13.8463707Z"/>
    <EventRecordID>483944</EventRecordID>
    <Correlation/>
    <Execution ProcessID="2472" ThreadID="1684"/>
    <Channel>Microsoft-Windows-Sysmon/Operational</Channel>
    <Computer>WS-VHALE-01.agentsoc.local</Computer>
    <Security UserID="S-1-5-18"/>
  </System>
  <EventData>
    
    <Data Name="RuleName">-</Data>
    <Data Name="UtcTime">2024-05-14 15:15:13.846</Data>
    <Data Name="ProcessGuid">{c42ce74c-804c-6633-8000-00001e726241}</Data>
    <Data Name="ProcessId">4952</Data>
    <Data Name="QueryName">DC-BO-01.agentsoc.local</Data>
    <Data Name="QueryStatus">0</Data>
    <Data Name="QueryResults">10.44.20.10;</Data>
    <Data Name="Image">C:\Windows\System32\svchost.exe</Data>
    <Data Name="User">NT AUTHORITY\LOCAL SERVICE</Data>
    
  </EventData>
</Event>
<Event xmlns="http://schemas.microsoft.com/win/2004/08/events/event">
  <System>
    <Provider Name="Microsoft-Windows-Sysmon" Guid="{5770385f-c22a-43e0-bf4c-06f5698ffbd9}"/>
    <EventID>7</EventID>
    <Version>3</Version>
    <Level>4</Level>
    <Task>7</Task>
    <Opcode>0</Opcode>
    <Keywords>0x8000000000000000</Keywords>
    <TimeCreated SystemTime="2024-05-14T15:16:19.2019074Z"/>
    <EventRecordID>483957</EventRecordID>
    <Correlation/>
    <Execution ProcessID="2472" ThreadID="4424"/>
    <Channel>Microsoft-Windows-Sysmon/Operational</Channel>
    <Computer>WS-VHALE-01.agentsoc.local</Computer>
    <Security UserID="S-1-5-18"/>
  </System>
  <EventData>
    
    <Data Name="RuleName">-</Data>
    <Data Name="UtcTime">2024-05-14 15:16:19.201</Data>
    <Data Name="ProcessGuid">{c42ce74c-7b39-6643-0b00-000050bc7e49}</Data>
    <Data Name="ProcessId">6200</Data>
    <Data Name="Image">C:\Windows\System32\svchost.exe</Data>
    <Data Name="ImageLoaded">C:\Program Files\Dell\SupportAssistAgent\bin\pcdrsysinfosoftware.p5x</Data>
    <Data Name="FileVersion">1.0.0.0</Data>
    <Data Name="Description">pcdrsysinfosoftware.p5x module</Data>
    <Data Name="Product">Dell Inc.</Data>
    <Data Name="Company">Dell Inc.</Data>
    <Data Name="OriginalFileName">pcdrsysinfosoftware.p5x</Data>
    <Data Name="Hashes">SHA1=DA2C7A7A281800947B5C71F4A92CE843B1DC50F2,MD5=D6EB67E7B79CE37086993703C1352704,SHA256=0DE9D6BA42DE73879DA0EAFD44873E30FCB362AF0AF13A34923E24513C239AD5,IMPHASH=EF39C50EF82A06742DB4608EF8AF9CBB</Data>
    <Data Name="Signed">true</Data>
    <Data Name="Signature">Dell Inc.</Data>
    <Data Name="SignatureStatus">Valid</Data>
    
  </EventData>
</Event>
<Event xmlns="http://schemas.microsoft.com/win/2004/08/events/event">
  <System>
    <Provider Name="Microsoft-Windows-Sysmon" Guid="{5770385f-c22a-43e0-bf4c-06f5698ffbd9}"/>
    <EventID>5</EventID>
    <Version>3</Version>
    <Level>4</Level>
    <Task>5</Task>
    <Opcode>0</Opcode>
    <Keywords>0x8000000000000000</Keywords>
    <TimeCreated SystemTime="2024-05-14T15:18:35.3139234Z"/>
    <EventRecordID>483972</EventRecordID>
    <Correlation/>
    <Execution ProcessID="2472" ThreadID="1684"/>
    <Channel>Microsoft-Windows-Sysmon/Operational</Channel>
    <Computer>WS-VHALE-01.agentsoc.local</Computer>
    <Security UserID="S-1-5-18"/>
  </System>
  <EventData>
    
    <Data Name="RuleName">-</Data>
    <Data Name="UtcTime">2024-05-14 15:18:35.313</Data>
    <Data Name="ProcessGuid">{c42ce74c-7fb2-6643-4800-0000299a7b45}</Data>
    <Data Name="ProcessId">6476</Data>
    <Data Name="Image">C:\Windows\WinSxS\amd64_microsoft-windows-servicingstack_31bf3856ad364e35_10.0.22621.3155_none_7c91d6e7c9f7f1f5\TiWorker.exe</Data>
    <Data Name="User">NT AUTHORITY\SYSTEM</Data>
    
  </EventData>
</Event>
<Event xmlns="http://schemas.microsoft.com/win/2004/08/events/event">
  <System>
    <Provider Name="Microsoft-Windows-Sysmon" Guid="{5770385f-c22a-43e0-bf4c-06f5698ffbd9}"/>
    <EventID>22</EventID>
    <Version>5</Version>
    <Level>4</Level>
    <Task>22</Task>
    <Opcode>0</Opcode>
    <Keywords>0x8000000000000000</Keywords>
    <TimeCreated SystemTime="2024-05-14T15:19:14.0358973Z"/>
    <EventRecordID>483973</EventRecordID>
    <Correlation/>
    <Execution ProcessID="2472" ThreadID="4424"/>
    <Channel>Microsoft-Windows-Sysmon/Operational</Channel>
    <Computer>WS-VHALE-01.agentsoc.local</Computer>
    <Security UserID="S-1-5-18"/>
  </System>
  <EventData>
    
    <Data Name="RuleName">-</Data>
    <Data Name="UtcTime">2024-05-14 15:19:14.035</Data>
    <Data Name="ProcessGuid">{c42ce74c-804c-6633-8000-00001e726241}</Data>
    <Data Name="ProcessId">4952</Data>
    <Data Name="QueryName">20.20.44.10.in-addr.arpa</Data>
    <Data Name="QueryStatus">0</Data>
    <Data Name="QueryResults">FILE-BO-01.agentsoc.local;</Data>
    <Data Name="Image">C:\Windows\System32\svchost.exe</Data>
    <Data Name="User">NT AUTHORITY\LOCAL SERVICE</Data>
    
  </EventData>
</Event>
<Event xmlns="http://schemas.microsoft.com/win/2004/08/events/event">
  <System>
    <Provider Name="Microsoft-Windows-Sysmon" Guid="{5770385f-c22a-43e0-bf4c-06f5698ffbd9}"/>
    <EventID>22</EventID>
    <Version>5</Version>
    <Level>4</Level>
    <Task>22</Task>
    <Opcode>0</Opcode>
    <Keywords>0x8000000000000000</Keywords>
    <TimeCreated SystemTime="2024-05-14T15:20:09.3859094Z"/>
    <EventRecordID>483975</EventRecordID>
    <Correlation/>
    <Execution ProcessID="2472" ThreadID="1684"/>
    <Channel>Microsoft-Windows-Sysmon/Operational</Channel>
    <Computer>WS-VHALE-01.agentsoc.local</Computer>
    <Security UserID="S-1-5-18"/>
  </System>
  <EventData>
    
    <Data Name="RuleName">-</Data>
    <Data Name="UtcTime">2024-05-14 15:20:09.385</Data>
    <Data Name="ProcessGuid">{c42ce74c-804c-6633-8000-00001e726241}</Data>
    <Data Name="ProcessId">4952</Data>
    <Data Name="QueryName">smtp.gmail.com</Data>
    <Data Name="QueryStatus">0</Data>
    <Data Name="QueryResults">209.85.234.27;209.85.233.27;</Data>
    <Data Name="Image">C:\Windows\System32\svchost.exe</Data>
    <Data Name="User">NT AUTHORITY\LOCAL SERVICE</Data>
    
  </EventData>
</Event>
<Event xmlns="http://schemas.microsoft.com/win/2004/08/events/event">
  <System>
    <Provider Name="Microsoft-Windows-Sysmon" Guid="{5770385f-c22a-43e0-bf4c-06f5698ffbd9}"/>
    <EventID>3</EventID>
    <Version>5</Version>
    <Level>4</Level>
    <Task>3</Task>
    <Opcode>0</Opcode>
    <Keywords>0x8000000000000000</Keywords>
    <TimeCreated SystemTime="2024-05-14T15:20:09.4951875Z"/>
    <EventRecordID>483976</EventRecordID>
    <Correlation/>
    <Execution ProcessID="2472" ThreadID="1684"/>
    <Channel>Microsoft-Windows-Sysmon/Operational</Channel>
    <Computer>WS-VHALE-01.agentsoc.local</Computer>
    <Security UserID="S-1-5-18"/>
  </System>
  <EventData>
    
    <Data Name="RuleName">-</Data>
    <Data Name="UtcTime">2024-05-14 15:20:09.495</Data>
    <Data Name="ProcessGuid">{c42ce74c-804c-6633-8000-00001e726241}</Data>
    <Data Name="ProcessId">4952</Data>
    <Data Name="Image">C:\Windows\System32\svchost.exe</Data>
    <Data Name="User">NT AUTHORITY\LOCAL SERVICE</Data>
    <Data Name="Protocol">udp</Data>
    <Data Name="Initiated">true</Data>
    <Data Name="SourceIsIpv6">false</Data>
    <Data Name="SourceIp">10.44.10.25</Data>
    <Data Name="SourceHostname">WS-VHALE-01.agentsoc.local</Data>
    <Data Name="SourcePort">49904</Data>
    <Data Name="SourcePortName">-</Data>
    <Data Name="DestinationIsIpv6">false</Data>
    <Data Name="DestinationIp">10.44.20.10</Data>
    <Data Name="DestinationHostname">DC-BO-01.agentsoc.local</Data>
    <Data Name="DestinationPort">53</Data>
    <Data Name="DestinationPortName">domain</Data>
    
  </EventData>
</Event>
<Event xmlns="http://schemas.microsoft.com/win/2004/08/events/event">
  <System>
    <Provider Name="Microsoft-Windows-Sysmon" Guid="{5770385f-c22a-43e0-bf4c-06f5698ffbd9}"/>
    <EventID>1</EventID>
    <Version>5</Version>
    <Level>4</Level>
    <Task>1</Task>
    <Opcode>0</Opcode>
    <Keywords>0x8000000000000000</Keywords>
    <TimeCreated SystemTime="2024-05-14T15:20:11.4435908Z"/>
    <EventRecordID>483978</EventRecordID>
    <Correlation/>
    <Execution ProcessID="2472" ThreadID="1684"/>
    <Channel>Microsoft-Windows-Sysmon/Operational</Channel>
    <Computer>WS-VHALE-01.agentsoc.local</Computer>
    <Security UserID="S-1-5-18"/>
  </System>
  <EventData>
    
    <Data Name="RuleName">-</Data>
    <Data Name="UtcTime">2024-05-14 15:20:11.443</Data>
    <Data Name="ProcessGuid">{c42ce74c-812b-6643-b100-0010906ee91b}</Data>
    <Data Name="ProcessId">6264</Data>
    <Data Name="Image">C:\Users\victor.hale\AppData\Local\slack\Slack.exe</Data>
    <Data Name="FileVersion">4.38.125</Data>
    <Data Name="Description">Slack</Data>
    <Data Name="Product">Slack</Data>
    <Data Name="Company">Slack Technologies, LLC</Data>
    <Data Name="OriginalFileName">Slack.exe</Data>
    <Data Name="CommandLine">"C:\Users\victor.hale\AppData\Local\slack\Slack.exe" --process-start-args</Data>
    <Data Name="CurrentDirectory">C:\Users\victor.hale\AppData\Local\slack\</Data>
    <Data Name="User">AGENTSOC\victor.hale</Data>
    <Data Name="LogonGuid">{00000000-0000-0000-0000-000000000000}</Data>
    <Data Name="LogonId">0x90766bf</Data>
    <Data Name="TerminalSessionId">1</Data>
    <Data Name="IntegrityLevel">Medium</Data>
    <Data Name="Hashes">SHA1=BE3D7011D85F1F0E67CBA9F023539C4ADDDFF9F6,MD5=56767F24BA2DA1A225823E7A6F879859,SHA256=1F0FBE54582AA113B9AE0E213FBF4E677F00B5AFA51C4CA38DC451161197D9B8,IMPHASH=535F3DFF3262319FC691FCF1F53D88AE</Data>
    <Data Name="ParentProcessGuid">{c42ce74c-7318-6643-4502-00109643b4a0}</Data>
    <Data Name="ParentProcessId">6232</Data>
    <Data Name="ParentImage">C:\Windows\explorer.exe</Data>
    <Data Name="ParentCommandLine">explorer.exe</Data>
    <Data Name="ParentUser">AGENTSOC\victor.hale</Data>
    
  </EventData>
</Event>
<Event xmlns="http://schemas.microsoft.com/win/2004/08/events/event">
  <System>
    <Provider Name="Microsoft-Windows-Sysmon" Guid="{5770385f-c22a-43e0-bf4c-06f5698ffbd9}"/>
    <EventID>3</EventID>
    <Version>5</Version>
    <Level>4</Level>
    <Task>3</Task>
    <Opcode>0</Opcode>
    <Keywords>0x8000000000000000</Keywords>
    <TimeCreated SystemTime="2024-05-14T15:20:11.7587360Z"/>
    <EventRecordID>483995</EventRecordID>
    <Correlation/>
    <Execution ProcessID="2472" ThreadID="1684"/>
    <Channel>Microsoft-Windows-Sysmon/Operational</Channel>
    <Computer>WS-VHALE-01.agentsoc.local</Computer>
    <Security UserID="S-1-5-18"/>
  </System>
  <EventData>
    
    <Data Name="RuleName">-</Data>
    <Data Name="UtcTime">2024-05-14 15:20:11.758</Data>
    <Data Name="ProcessGuid">{c42ce74c-414f-6643-8602-0010625f1a4f}</Data>
    <Data Name="ProcessId">5248</Data>
    <Data Name="Image">C:\Program Files (x86)\Microsoft\Edge\Application\msedge.exe</Data>
    <Data Name="User">AGENTSOC\victor.hale</Data>
    <Data Name="Protocol">tcp</Data>
    <Data Name="Initiated">true</Data>
    <Data Name="SourceIsIpv6">false</Data>
    <Data Name="SourceIp">10.44.10.25</Data>
    <Data Name="SourceHostname">WS-VHALE-01.agentsoc.local</Data>
    <Data Name="SourcePort">57857</Data>
    <Data Name="SourcePortName">-</Data>
    <Data Name="DestinationIsIpv6">false</Data>
    <Data Name="DestinationIp">10.44.20.30</Data>
    <Data Name="DestinationHostname">PROXY-BO-01.agentsoc.local</Data>
    <Data Name="DestinationPort">8080</Data>
    <Data Name="DestinationPortName">http-alt</Data>
    
  </EventData>
</Event>
<Event xmlns="http://schemas.microsoft.com/win/2004/08/events/event">
  <System>
    <Provider Name="Microsoft-Windows-Sysmon" Guid="{5770385f-c22a-43e0-bf4c-06f5698ffbd9}"/>
    <EventID>1</EventID>
    <Version>5</Version>
    <Level>4</Level>
    <Task>1</Task>
    <Opcode>0</Opcode>
    <Keywords>0x8000000000000000</Keywords>
    <TimeCreated SystemTime="2024-05-14T15:20:12.1931632Z"/>
    <EventRecordID>484112</EventRecordID>
    <Correlation/>
    <Execution ProcessID="2472" ThreadID="1684"/>
    <Channel>Microsoft-Windows-Sysmon/Operational</Channel>
    <Computer>WS-VHALE-01.agentsoc.local</Computer>
    <Security UserID="S-1-5-18"/>
  </System>
  <EventData>
    
    <Data Name="RuleName">-</Data>
    <Data Name="UtcTime">2024-05-14 15:20:12.193</Data>
    <Data Name="ProcessGuid">{c42ce74c-812c-6643-4a02-0010f3f0a603}</Data>
    <Data Name="ProcessId">6272</Data>
    <Data Name="Image">C:\Users\victor.hale\AppData\Local\slack\Slack.exe</Data>
    <Data Name="FileVersion">4.38.125</Data>
    <Data Name="Description">Slack</Data>
    <Data Name="Product">Slack</Data>
    <Data Name="Company">Slack Technologies, LLC</Data>
    <Data Name="OriginalFileName">Slack.exe</Data>
    <Data Name="CommandLine">"C:\Users\victor.hale\AppData\Local\slack\Slack.exe" --type=renderer</Data>
    <Data Name="CurrentDirectory">C:\Users\victor.hale\AppData\Local\slack\</Data>
    <Data Name="User">AGENTSOC\victor.hale</Data>
    <Data Name="LogonGuid">{00000000-0000-0000-0000-000000000000}</Data>
    <Data Name="LogonId">0x90766bf</Data>
    <Data Name="TerminalSessionId">1</Data>
    <Data Name="IntegrityLevel">Medium</Data>
    <Data Name="Hashes">SHA1=BE3D7011D85F1F0E67CBA9F023539C4ADDDFF9F6,MD5=56767F24BA2DA1A225823E7A6F879859,SHA256=1F0FBE54582AA113B9AE0E213FBF4E677F00B5AFA51C4CA38DC451161197D9B8,IMPHASH=535F3DFF3262319FC691FCF1F53D88AE</Data>
    <Data Name="ParentProcessGuid">{c42ce74c-812b-6643-b100-0010906ee91b}</Data>
    <Data Name="ParentProcessId">6264</Data>
    <Data Name="ParentImage">C:\Users\victor.hale\AppData\Local\slack\Slack.exe</Data>
    <Data Name="ParentCommandLine">"C:\Users\victor.hale\AppData\Local\slack\Slack.exe" --process-start-args</Data>
    <Data Name="ParentUser">AGENTSOC\victor.hale</Data>
    
  </EventData>
</Event>
<Event xmlns="http://schemas.microsoft.com/win/2004/08/events/event">
  <System>
    <Provider Name="Microsoft-Windows-Sysmon" Guid="{5770385f-c22a-43e0-bf4c-06f5698ffbd9}"/>
    <EventID>1</EventID>
    <Version>5</Version>
    <Level>4</Level>
    <Task>1</Task>
    <Opcode>0</Opcode>
    <Keywords>0x8000000000000000</Keywords>
    <TimeCreated SystemTime="2024-05-14T15:20:36.0622710Z"/>
    <EventRecordID>484113</EventRecordID>
    <Correlation/>
    <Execution ProcessID="2472" ThreadID="3128"/>
    <Channel>Microsoft-Windows-Sysmon/Operational</Channel>
    <Computer>WS-VHALE-01.agentsoc.local</Computer>
    <Security UserID="S-1-5-18"/>
  </System>
  <EventData>
    
    <Data Name="RuleName">-</Data>
    <Data Name="UtcTime">2024-05-14 15:20:36.062</Data>
    <Data Name="ProcessGuid">{c42ce74c-8144-6643-a200-0010bdb6bb96}</Data>
    <Data Name="ProcessId">6276</Data>
    <Data Name="Image">C:\Users\victor.hale\AppData\Local\Microsoft\Teams\current\Teams.exe</Data>
    <Data Name="FileVersion">24124.2315.3009.6699</Data>
    <Data Name="Description">Microsoft Teams</Data>
    <Data Name="Product">Microsoft Teams</Data>
    <Data Name="Company">Microsoft Corporation</Data>
    <Data Name="OriginalFileName">Teams.exe</Data>
    <Data Name="CommandLine">"C:\Users\victor.hale\AppData\Local\Microsoft\Teams\current\Teams.exe" --processStart Teams.exe</Data>
    <Data Name="CurrentDirectory">C:\Users\victor.hale\</Data>
    <Data Name="User">AGENTSOC\victor.hale</Data>
    <Data Name="LogonGuid">{00000000-0000-0000-0000-000000000000}</Data>
    <Data Name="LogonId">0x90766bf</Data>
    <Data Name="TerminalSessionId">1</Data>
    <Data Name="IntegrityLevel">Medium</Data>
    <Data Name="Hashes">SHA1=8EA573114CF410200151D261CA0FB7E4A9F8995D,MD5=77245D8B7F1DDBF402775B73FBE84EAE,SHA256=BEB6AFB04650E962D08061EC47341B0C1D1C686F8C9DC8A47E681C8F29EEF412,IMPHASH=46103CFFD2ECCDBDC69834E3BE70F65B</Data>
    <Data Name="ParentProcessGuid">{c42ce74c-7318-6643-4502-00109643b4a0}</Data>
    <Data Name="ParentProcessId">6232</Data>
    <Data Name="ParentImage">C:\Windows\explorer.exe</Data>
    <Data Name="ParentCommandLine">explorer.exe</Data>
    <Data Name="ParentUser">AGENTSOC\victor.hale</Data>
    
  </EventData>
</Event>
<Event xmlns="http://schemas.microsoft.com/win/2004/08/events/event">
  <System>
    <Provider Name="Microsoft-Windows-Sysmon" Guid="{5770385f-c22a-43e0-bf4c-06f5698ffbd9}"/>
    <EventID>3</EventID>
    <Version>5</Version>
    <Level>4</Level>
    <Task>3</Task>
    <Opcode>0</Opcode>
    <Keywords>0x8000000000000000</Keywords>
    <TimeCreated SystemTime="2024-05-14T15:20:36.8694473Z"/>
    <EventRecordID>484289</EventRecordID>
    <Correlation/>
    <Execution ProcessID="2472" ThreadID="3128"/>
    <Channel>Microsoft-Windows-Sysmon/Operational</Channel>
    <Computer>WS-VHALE-01.agentsoc.local</Computer>
    <Security UserID="S-1-5-18"/>
  </System>
  <EventData>
    
    <Data Name="RuleName">-</Data>
    <Data Name="UtcTime">2024-05-14 15:20:36.869</Data>
    <Data Name="ProcessGuid">{c42ce74c-414f-6643-8602-0010625f1a4f}</Data>
    <Data Name="ProcessId">5248</Data>
    <Data Name="Image">C:\Program Files (x86)\Microsoft\Edge\Application\msedge.exe</Data>
    <Data Name="User">AGENTSOC\victor.hale</Data>
    <Data Name="Protocol">tcp</Data>
    <Data Name="Initiated">true</Data>
    <Data Name="SourceIsIpv6">false</Data>
    <Data Name="SourceIp">10.44.10.25</Data>
    <Data Name="SourceHostname">WS-VHALE-01.agentsoc.local</Data>
    <Data Name="SourcePort">63222</Data>
    <Data Name="SourcePortName">-</Data>
    <Data Name="DestinationIsIpv6">false</Data>
    <Data Name="DestinationIp">10.44.20.30</Data>
    <Data Name="DestinationHostname">PROXY-BO-01.agentsoc.local</Data>
    <Data Name="DestinationPort">8080</Data>
    <Data Name="DestinationPortName">http-alt</Data>
    
  </EventData>
</Event>
<Event xmlns="http://schemas.microsoft.com/win/2004/08/events/event">
  <System>
    <Provider Name="Microsoft-Windows-Sysmon" Guid="{5770385f-c22a-43e0-bf4c-06f5698ffbd9}"/>
    <EventID>1</EventID>
    <Version>5</Version>
    <Level>4</Level>
    <Task>1</Task>
    <Opcode>0</Opcode>
    <Keywords>0x8000000000000000</Keywords>
    <TimeCreated SystemTime="2024-05-14T15:20:37.4346361Z"/>
    <EventRecordID>484290</EventRecordID>
    <Correlation/>
    <Execution ProcessID="2472" ThreadID="3128"/>
    <Channel>Microsoft-Windows-Sysmon/Operational</Channel>
    <Computer>WS-VHALE-01.agentsoc.local</Computer>
    <Security UserID="S-1-5-18"/>
  </System>
  <EventData>
    
    <Data Name="RuleName">-</Data>
    <Data Name="UtcTime">2024-05-14 15:20:37.434</Data>
    <Data Name="ProcessGuid">{c42ce74c-8145-6643-0600-001031d9d496}</Data>
    <Data Name="ProcessId">6308</Data>
    <Data Name="Image">C:\Users\victor.hale\AppData\Local\Microsoft\Teams\current\Teams.exe</Data>
    <Data Name="FileVersion">24124.2315.3009.6699</Data>
    <Data Name="Description">Microsoft Teams</Data>
    <Data Name="Product">Microsoft Teams</Data>
    <Data Name="Company">Microsoft Corporation</Data>
    <Data Name="OriginalFileName">Teams.exe</Data>
    <Data Name="CommandLine">"C:\Users\victor.hale\AppData\Local\Microsoft\Teams\current\Teams.exe" --type=utility</Data>
    <Data Name="CurrentDirectory">C:\Users\victor.hale\</Data>
    <Data Name="User">AGENTSOC\victor.hale</Data>
    <Data Name="LogonGuid">{00000000-0000-0000-0000-000000000000}</Data>
    <Data Name="LogonId">0x90766bf</Data>
    <Data Name="TerminalSessionId">1</Data>
    <Data Name="IntegrityLevel">Medium</Data>
    <Data Name="Hashes">SHA1=8EA573114CF410200151D261CA0FB7E4A9F8995D,MD5=77245D8B7F1DDBF402775B73FBE84EAE,SHA256=BEB6AFB04650E962D08061EC47341B0C1D1C686F8C9DC8A47E681C8F29EEF412,IMPHASH=46103CFFD2ECCDBDC69834E3BE70F65B</Data>
    <Data Name="ParentProcessGuid">{c42ce74c-8144-6643-a200-0010bdb6bb96}</Data>
    <Data Name="ParentProcessId">6276</Data>
    <Data Name="ParentImage">C:\Users\victor.hale\AppData\Local\Microsoft\Teams\current\Teams.exe</Data>
    <Data Name="ParentCommandLine">"C:\Users\victor.hale\AppData\Local\Microsoft\Teams\current\Teams.exe" --processStart Teams.exe</Data>
    <Data Name="ParentUser">AGENTSOC\victor.hale</Data>
    
  </EventData>
</Event>
<Event xmlns="http://schemas.microsoft.com/win/2004/08/events/event">
  <System>
    <Provider Name="Microsoft-Windows-Sysmon" Guid="{5770385f-c22a-43e0-bf4c-06f5698ffbd9}"/>
    <EventID>13</EventID>
    <Version>2</Version>
    <Level>4</Level>
    <Task>13</Task>
    <Opcode>0</Opcode>
    <Keywords>0x8000000000000000</Keywords>
    <TimeCreated SystemTime="2024-05-14T15:23:28.5103778Z"/>
    <EventRecordID>484293</EventRecordID>
    <Correlation/>
    <Execution ProcessID="2472" ThreadID="4096"/>
    <Channel>Microsoft-Windows-Sysmon/Operational</Channel>
    <Computer>WS-VHALE-01.agentsoc.local</Computer>
    <Security UserID="S-1-5-18"/>
  </System>
  <EventData>
    
    <Data Name="RuleName">-</Data>
    <Data Name="EventType">SetValue</Data>
    <Data Name="UtcTime">2024-05-14 15:23:28.510</Data>
    <Data Name="ProcessGuid">{c42ce74c-805d-6633-3700-0010af175e5a}</Data>
    <Data Name="ProcessId">5040</Data>
    <Data Name="Image">C:\Windows\System32\msiexec.exe</Data>
    <Data Name="User">NT AUTHORITY\SYSTEM</Data>
    <Data Name="TargetObject">HKLM\SOFTWARE\Microsoft\Windows\CurrentVersion\Component Based Servicing\Packages\Microsoft-Windows-Client-Features~31bf3856ad364e35~amd64~~10.0.22621.79\CurrentState</Data>
    <Data Name="Details">DWORD (0x00000070)</Data>
    
  </EventData>
</Event>
<Event xmlns="http://schemas.microsoft.com/win/2004/08/events/event">
  <System>
    <Provider Name="Microsoft-Windows-Sysmon" Guid="{5770385f-c22a-43e0-bf4c-06f5698ffbd9}"/>
    <EventID>13</EventID>
    <Version>2</Version>
    <Level>4</Level>
    <Task>13</Task>
    <Opcode>0</Opcode>
    <Keywords>0x8000000000000000</Keywords>
    <TimeCreated SystemTime="2024-05-14T15:24:06.7711086Z"/>
    <EventRecordID>484295</EventRecordID>
    <Correlation/>
    <Execution ProcessID="2472" ThreadID="1684"/>
    <Channel>Microsoft-Windows-Sysmon/Operational</Channel>
    <Computer>WS-VHALE-01.agentsoc.local</Computer>
    <Security UserID="S-1-5-18"/>
  </System>
  <EventData>
    
    <Data Name="RuleName">-</Data>
    <Data Name="EventType">SetValue</Data>
    <Data Name="UtcTime">2024-05-14 15:24:06.771</Data>
    <Data Name="ProcessGuid">{c42ce74c-804c-6633-6002-0010c3ef1dfd}</Data>
    <Data Name="ProcessId">4944</Data>
    <Data Name="Image">C:\Windows\System32\svchost.exe</Data>
    <Data Name="User">NT AUTHORITY\NETWORK SERVICE</Data>
    <Data Name="TargetObject">HKLM\SYSTEM\CurrentControlSet\Services\Netlogon\Parameters\DynamicSiteName</Data>
    <Data Name="Details">Default-First-Site-Name</Data>
    
  </EventData>
</Event>
