<Event xmlns="http://schemas.microsoft.com/win/2004/08/events/event">
  <System>
    <Provider Name="Microsoft-Windows-Sysmon" Guid="{5770385f-c22a-43e0-bf4c-06f5698ffbd9}"/>
    <EventID>5</EventID>
    <Version>3</Version>
    <Level>4</Level>
    <Task>5</Task>
    <Opcode>0</Opcode>
    <Keywords>0x8000000000000000</Keywords>
    <TimeCreated SystemTime="2024-05-14T12:50:02.6637288Z"/>
    <EventRecordID>476222</EventRecordID>
    <Correlation/>
    <Execution ProcessID="2472" ThreadID="3128"/>
    <Channel>Microsoft-Windows-Sysmon/Operational</Channel>
    <Computer>WS-VHALE-01.agentsoc.local</Computer>
    <Security UserID="S-1-5-18"/>
  </System>
  <EventData>
    
    <Data Name="RuleName">-</Data>
    <Data Name="UtcTime">2024-05-14 12:50:02.663</Data>
    <Data Name="ProcessGuid">{c42ce74c-50e3-6643-6c02-0010c43131f2}</Data>
    <Data Name="ProcessId">5672</Data>
    <Data Name="Image">C:\Program Files (x86)\Cisco\Cisco AnyConnect Secure Mobility Client\vpnui.exe</Data>
    <Data Name="User">AGENTSOC\victor.hale</Data>
    
  </EventData>
</Event>
<Event xmlns="http://schemas.microsoft.com/win/2004/08/events/event">
  <System>
    <Provider Name="Microsoft-Windows-Sysmon" Guid="{5770385f-c22a-43e0-bf4c-06f5698ffbd9}"/>
    <EventID>5</EventID>
    <Version>3</Version>
    <Level>4</Level>
    <Task>5</Task>
    <Opcode>0</Opcode>
    <Keywords>0x8000000000000000</Keywords>
    <TimeCreated SystemTime="2024-05-14T12:50:02.8299189Z"/>
    <EventRecordID>476226</EventRecordID>
    <Correlation/>
    <Execution ProcessID="2472" ThreadID="4184"/>
    <Channel>Microsoft-Windows-Sysmon/Operational</Channel>
    <Computer>WS-VHALE-01.agentsoc.local</Computer>
    <Security UserID="S-1-5-18"/>
  </System>
  <EventData>
    
    <Data Name="RuleName">-</Data>
    <Data Name="UtcTime">2024-05-14 12:50:02.829</Data>
    <Data Name="ProcessGuid">{c42ce74c-457c-6643-a700-00000f7fe8d3}</Data>
    <Data Name="ProcessId">5692</Data>
    <Data Name="Image">C:\Users\victor.hale\AppData\Roaming\Zoom\bin\Zoom.exe</Data>
    <Data Name="User">AGENTSOC\victor.hale</Data>
    
  </EventData>
</Event>
<Event xmlns="http://schemas.microsoft.com/win/2004/08/events/event">
  <System>
    <Provider Name="Microsoft-Windows-Sysmon" Guid="{5770385f-c22a-43e0-bf4c-06f5698ffbd9}"/>
    <EventID>5</EventID>
    <Version>3</Version>
    <Level>4</Level>
    <Task>5</Task>
    <Opcode>0</Opcode>
    <Keywords>0x8000000000000000</Keywords>
    <TimeCreated SystemTime="2024-05-14T12:50:02.9188656Z"/>
    <EventRecordID>476236</EventRecordID>
    <Correlation/>
    <Execution ProcessID="2472" ThreadID="1684"/>
    <Channel>Microsoft-Windows-Sysmon/Operational</Channel>
    <Computer>WS-VHALE-01.agentsoc.local</Computer>
    <Security UserID="S-1-5-18"/>
  </System>
  <EventData>
    
    <Data Name="RuleName">-</Data>
    <Data Name="UtcTime">2024-05-14 12:50:02.918</Data>
    <Data Name="ProcessGuid">{c42ce74c-4e90-6643-0500-0010ee537ae3}</Data>
    <Data Name="ProcessId">5584</Data>
    <Data Name="Image">C:\Program Files (x86)\Dropbox\Client\Dropbox.exe</Data>
    <Data Name="User">AGENTSOC\victor.hale</Data>
    
  </EventData>
</Event>
<Event xmlns="http://schemas.microsoft.com/win/2004/08/events/event">
  <System>
    <Provider Name="Microsoft-Windows-Sysmon" Guid="{5770385f-c22a-43e0-bf4c-06f5698ffbd9}"/>
    <EventID>5</EventID>
    <Version>3</Version>
    <Level>4</Level>
    <Task>5</Task>
    <Opcode>0</Opcode>
    <Keywords>0x8000000000000000</Keywords>
    <TimeCreated SystemTime="2024-05-14T12:50:03.3227731Z"/>
    <EventRecordID>476266</EventRecordID>
    <Correlation/>
    <Execution ProcessID="2472" ThreadID="3128"/>
    <Channel>Microsoft-Windows-Sysmon/Operational</Channel>
    <Computer>WS-VHALE-01.agentsoc.local</Computer>
    <Security UserID="S-1-5-18"/>
  </System>
  <EventData>
    
    <Data Name="RuleName">-</Data>
    <Data Name="UtcTime">2024-05-14 12:50:03.322</Data>
    <Data Name="ProcessGuid">{c42ce74c-4eb1-6643-1a02-00102cfd6fe7}</Data>
    <Data Name="ProcessId">5556</Data>
    <Data Name="Image">C:\Program Files (x86)\Dropbox\Client\Dropbox.exe</Data>
    <Data Name="User">AGENTSOC\victor.hale</Data>
    
  </EventData>
</Event>
<Event xmlns="http://schemas.microsoft.com/win/2004/08/events/event">
  <System>
    <Provider Name="Microsoft-Windows-Sysmon" Guid="{5770385f-c22a-43e0-bf4c-06f5698ffbd9}"/>
    <EventID>5</EventID>
    <Version>3</Version>
    <Level>4</Level>
    <Task>5</Task>
    <Opcode>0</Opcode>
    <Keywords>0x8000000000000000</Keywords>
    <TimeCreated SystemTime="2024-05-14T12:50:03.5509106Z"/>
    <EventRecordID>476299</EventRecordID>
    <Correlation/>
    <Execution ProcessID="2472" ThreadID="4424"/>
    <Channel>Microsoft-Windows-Sysmon/Operational</Channel>
    <Computer>WS-VHALE-01.agentsoc.local</Computer>
    <Security UserID="S-1-5-18"/>
  </System>
  <EventData>
    
    <Data Name="RuleName">-</Data>
    <Data Name="UtcTime">2024-05-14 12:50:03.550</Data>
    <Data Name="ProcessGuid">{c42ce74c-567d-6643-1a00-00008d6d21f5}</Data>
    <Data Name="ProcessId">5920</Data>
    <Data Name="Image">C:\Program Files\Google\Drive File Stream\97.0.1.0\GoogleDriveFS.exe</Data>
    <Data Name="User">AGENTSOC\victor.hale</Data>
    
  </EventData>
</Event>
<Event xmlns="http://schemas.microsoft.com/win/2004/08/events/event">
  <System>
    <Provider Name="Microsoft-Windows-Sysmon" Guid="{5770385f-c22a-43e0-bf4c-06f5698ffbd9}"/>
    <EventID>3</EventID>
    <Version>5</Version>
    <Level>4</Level>
    <Task>3</Task>
    <Opcode>0</Opcode>
    <Keywords>0x8000000000000000</Keywords>
    <TimeCreated SystemTime="2024-05-14T12:51:49.8605500Z"/>
    <EventRecordID>476302</EventRecordID>
    <Correlation/>
    <Execution ProcessID="2472" ThreadID="4184"/>
    <Channel>Microsoft-Windows-Sysmon/Operational</Channel>
    <Computer>WS-VHALE-01.agentsoc.local</Computer>
    <Security UserID="S-1-5-18"/>
  </System>
  <EventData>
    
    <Data Name="RuleName">-</Data>
    <Data Name="UtcTime">2024-05-14 12:51:49.860</Data>
    <Data Name="ProcessGuid">{c42ce74c-804c-6633-6002-0010c3ef1dfd}</Data>
    <Data Name="ProcessId">4944</Data>
    <Data Name="Image">C:\Windows\System32\svchost.exe</Data>
    <Data Name="User">NT AUTHORITY\NETWORK SERVICE</Data>
    <Data Name="Protocol">tcp</Data>
    <Data Name="Initiated">true</Data>
    <Data Name="SourceIsIpv6">false</Data>
    <Data Name="SourceIp">10.44.10.25</Data>
    <Data Name="SourceHostname">WS-VHALE-01.agentsoc.local</Data>
    <Data Name="SourcePort">59736</Data>
    <Data Name="SourcePortName">-</Data>
    <Data Name="DestinationIsIpv6">false</Data>
    <Data Name="DestinationIp">10.44.30.10</Data>
    <Data Name="DestinationHostname">WEB-BO-01.agentsoc.local</Data>
    <Data Name="DestinationPort">443</Data>
    <Data Name="DestinationPortName">https</Data>
    
  </EventData>
</Event>
<Event xmlns="http://schemas.microsoft.com/win/2004/08/events/event">
  <System>
    <Provider Name="Microsoft-Windows-Sysmon" Guid="{5770385f-c22a-43e0-bf4c-06f5698ffbd9}"/>
    <EventID>22</EventID>
    <Version>5</Version>
    <Level>4</Level>
    <Task>22</Task>
    <Opcode>0</Opcode>
    <Keywords>0x8000000000000000</Keywords>
    <TimeCreated SystemTime="2024-05-14T12:52:22.6848374Z"/>
    <EventRecordID>476337</EventRecordID>
    <Correlation/>
    <Execution ProcessID="2472" ThreadID="1684"/>
    <Channel>Microsoft-Windows-Sysmon/Operational</Channel>
    <Computer>WS-VHALE-01.agentsoc.local</Computer>
    <Security UserID="S-1-5-18"/>
  </System>
  <EventData>
    
    <Data Name="RuleName">-</Data>
    <Data Name="UtcTime">2024-05-14 12:52:22.684</Data>
    <Data Name="ProcessGuid">{c42ce74c-804c-6633-8000-00001e726241}</Data>
    <Data Name="ProcessId">4952</Data>
    <Data Name="QueryName">DC-BO-01.agentsoc.local</Data>
    <Data Name="QueryStatus">0</Data>
    <Data Name="QueryResults">10.44.20.10;</Data>
    <Data Name="Image">C:\Windows\System32\svchost.exe</Data>
    <Data Name="User">NT AUTHORITY\LOCAL SERVICE</Data>
    
  </EventData>
</Event>
<Event xmlns="http://schemas.microsoft.com/win/2004/08/events/event">
  <System>
    <Provider Name="Microsoft-Windows-Sysmon" Guid="{5770385f-c22a-43e0-bf4c-06f5698ffbd9}"/>
    <EventID>1</EventID>
    <Version>5</Version>
    <Level>4</Level>
    <Task>1</Task>
    <Opcode>0</Opcode>
    <Keywords>0x8000000000000000</Keywords>
    <TimeCreated SystemTime="2024-05-14T12:52:36.0232911Z"/>
    <EventRecordID>476368</EventRecordID>
    <Correlation/>
    <Execution ProcessID="2472" ThreadID="1684"/>
    <Channel>Microsoft-Windows-Sysmon/Operational</Channel>
    <Computer>WS-VHALE-01.agentsoc.local</Computer>
    <Security UserID="S-1-5-18"/>
  </System>
  <EventData>
    
    <Data Name="RuleName">-</Data>
    <Data Name="UtcTime">2024-05-14 12:52:36.023</Data>
    <Data Name="ProcessGuid">{c42ce74c-5e94-6643-3102-00104a70ea5f}</Data>
    <Data Name="ProcessId">5992</Data>
    <Data Name="Image">C:\Windows\System32\dllhost.exe</Data>
    <Data Name="FileVersion">10.0.22621.1</Data>
    <Data Name="Description">COM Surrogate</Data>
    <Data Name="Product">Microsoft Windows Operating System</Data>
    <Data Name="Company">Microsoft Corporation</Data>
    <Data Name="OriginalFileName">dllhost.exe</Data>
    <Data Name="CommandLine">dllhost.exe /Processid:{AB8902B4-09CA-4BB6-B78D-A8F59079A8D5}</Data>
    <Data Name="CurrentDirectory">C:\Windows\System32\</Data>
    <Data Name="User">NT AUTHORITY\SYSTEM</Data>
    <Data Name="LogonGuid">{2c6f00db-083f-46b5-8a2b-5e2a5c606bd8}</Data>
    <Data Name="LogonId">0x3e7</Data>
    <Data Name="TerminalSessionId">0</Data>
    <Data Name="IntegrityLevel">System</Data>
    <Data Name="Hashes">SHA1=B50E716E3959BD7D9EFCF885BBAF84F837EFDAD2,MD5=5E659C310A9E39CB882747D6F904A7AB,SHA256=6DA7E097C9C5FA197672678842CCA84B053B93571838CBBD620386EF3F6878F4,IMPHASH=7A9666B001C1F3337ACF7F3BEFF4373E</Data>
    <Data Name="ParentProcessGuid">{c42ce74c-8047-6633-1d02-000076c67efa}</Data>
    <Data Name="ParentProcessId">4876</Data>
    <Data Name="ParentImage">C:\Windows\System32\svchost.exe</Data>
    <Data Name="ParentCommandLine">svchost.exe -k DcomLaunch</Data>
    <Data Name="ParentUser">NT AUTHORITY\SYSTEM</Data>
    
  </EventData>
</Event>
<Event xmlns="http://schemas.microsoft.com/win/2004/08/events/event">
  <System>
    <Provider Name="Microsoft-Windows-Sysmon" Guid="{5770385f-c22a-43e0-bf4c-06f5698ffbd9}"/>
    <EventID>5</EventID>
    <Version>3</Version>
    <Level>4</Level>
    <Task>5</Task>
    <Opcode>0</Opcode>
    <Keywords>0x8000000000000000</Keywords>
    <TimeCreated SystemTime="2024-05-14T12:52:39.3821362Z"/>
    <EventRecordID>476398</EventRecordID>
    <Correlation/>
    <Execution ProcessID="2472" ThreadID="3128"/>
    <Channel>Microsoft-Windows-Sysmon/Operational</Channel>
    <Computer>WS-VHALE-01.agentsoc.local</Computer>
    <Security UserID="S-1-5-18"/>
  </System>
  <EventData>
    
    <Data Name="RuleName">-</Data>
    <Data Name="UtcTime">2024-05-14 12:52:39.382</Data>
    <Data Name="ProcessGuid">{c42ce74c-5e94-6643-3102-00104a70ea5f}</Data>
    <Data Name="ProcessId">5992</Data>
    <Data Name="Image">C:\Windows\System32\dllhost.exe</Data>
    <Data Name="User">NT AUTHORITY\SYSTEM</Data>
    
  </EventData>
</Event>
<Event xmlns="http://schemas.microsoft.com/win/2004/08/events/event">
  <System>
    <Provider Name="Microsoft-Windows-Sysmon" Guid="{5770385f-c22a-43e0-bf4c-06f5698ffbd9}"/>
    <EventID>13</EventID>
    <Version>2</Version>
    <Level>4</Level>
    <Task>13</Task>
    <Opcode>0</Opcode>
    <Keywords>0x8000000000000000</Keywords>
    <TimeCreated SystemTime="2024-05-14T12:52:41.9835834Z"/>
    <EventRecordID>476399</EventRecordID>
    <Correlation/>
    <Execution ProcessID="2472" ThreadID="1684"/>
    <Channel>Microsoft-Windows-Sysmon/Operational</Channel>
    <Computer>WS-VHALE-01.agentsoc.local</Computer>
    <Security UserID="S-1-5-18"/>
  </System>
  <EventData>
    
    <Data Name="RuleName">-</Data>
    <Data Name="EventType">SetValue</Data>
    <Data Name="UtcTime">2024-05-14 12:52:41.983</Data>
    <Data Name="ProcessGuid">{c42ce74c-8045-6633-5f00-00105a9b4a9c}</Data>
    <Data Name="ProcessId">4828</Data>
    <Data Name="Image">C:\Windows\System32\services.exe</Data>
    <Data Name="User">NT AUTHORITY\SYSTEM</Data>
    <Data Name="TargetObject">HKLM\SOFTWARE\Microsoft\Windows\CurrentVersion\Component Based Servicing\PackagesPending\TrustedInstaller</Data>
    <Data Name="Details">DWORD (0x00000001)</Data>
    
  </EventData>
</Event>
<Event xmlns="http://schemas.microsoft.com/win/2004/08/events/event">
  <System>
    <Provider Name="Microsoft-Windows-Sysmon" Guid="{5770385f-c22a-43e0-bf4c-06f5698ffbd9}"/>
    <EventID>13</EventID>
    <Version>2</Version>
    <Level>4</Level>
    <Task>13</Task>
    <Opcode>0</Opcode>
    <Keywords>0x8000000000000000</Keywords>
    <TimeCreated SystemTime="2024-05-14T12:57:39.2511466Z"/>
    <EventRecordID>476405</EventRecordID>
    <Correlation/>
    <Execution ProcessID="2472" ThreadID="4096"/>
    <Channel>Microsoft-Windows-Sysmon/Operational</Channel>
    <Computer>WS-VHALE-01.agentsoc.local</Computer>
    <Security UserID="S-1-5-18"/>
  </System>
  <EventData>
    
    <Data Name="RuleName">-</Data>
    <Data Name="EventType">SetValue</Data>
    <Data Name="UtcTime">2024-05-14 12:57:39.251</Data>
    <Data Name="ProcessGuid">{c42ce74c-8061-6633-ac02-00007fa0f2d6}</Data>
    <Data Name="ProcessId">5088</Data>
    <Data Name="Image">C:\Windows\explorer.exe</Data>
    <Data Name="User">AGENTSOC\victor.hale</Data>
    <Data Name="TargetObject">HKU\S-1-5-21-1223493204-1473060041-1971563278-1005\Software\Microsoft\Windows\CurrentVersion\Explorer\UserAssist\{CEBFF5CD-ACE2-4F4F-9178-9926F41749EA}\Count\HRZR_EHACNGU:P:\Hfref\ivpgbe.unyr\NccQngn\Ebnzvat\Zvpebfbsg\Jvaqbjf\Fgneg Zrah\Cebtenzf\Grnzf.yax</Data>
    <Data Name="Details">AB 96 C7 67 82 9C F5 1A 78 42 9D 5B 7C 68 42 22 F4 37 84 EF 24 D7 6E 10 FF 18 ED AF D4 B8 67 28 18 B1 29 5C FE 00 DD FB</Data>
    
  </EventData>
</Event>
<Event xmlns="http://schemas.microsoft.com/win/2004/08/events/event">
  <System>
    <Provider Name="Microsoft-Windows-Sysmon" Guid="{5770385f-c22a-43e0-bf4c-06f5698ffbd9}"/>
    <EventID>10</EventID>
    <Version>3</Version>
    <Level>4</Level>
    <Task>10</Task>
    <Opcode>0</Opcode>
    <Keywords>0x8000000000000000</Keywords>
    <TimeCreated SystemTime="2024-05-14T12:58:49.2767065Z"/>
    <EventRecordID>476407</EventRecordID>
    <Correlation/>
    <Execution ProcessID="2472" ThreadID="4424"/>
    <Channel>Microsoft-Windows-Sysmon/Operational</Channel>
    <Computer>WS-VHALE-01.agentsoc.local</Computer>
    <Security UserID="S-1-5-18"/>
  </System>
  <EventData>
    
    <Data Name="RuleName">-</Data>
    <Data Name="UtcTime">2024-05-14 12:58:49.276</Data>
    <Data Name="SourceProcessGUID">{c42ce74c-8045-6633-5f00-00105a9b4a9c}</Data>
    <Data Name="SourceProcessId">4828</Data>
    <Data Name="SourceImage">C:\Windows\System32\services.exe</Data>
    <Data Name="SourceThreadId">2628</Data>
    <Data Name="SourceUser">NT AUTHORITY\SYSTEM</Data>
    <Data Name="TargetProcessGUID">{c42ce74c-804c-6633-6002-0010c3ef1dfd}</Data>
    <Data Name="TargetProcessId">4944</Data>
    <Data Name="TargetImage">C:\Windows\System32\svchost.exe</Data>
    <Data Name="TargetUser">NT AUTHORITY\NETWORK SERVICE</Data>
    <Data Name="GrantedAccess">0x0400</Data>
    <Data Name="CallTrace">C:\Windows\SYSTEM32\ntdll.dll+9E75D|C:\Windows\SYSTEM32\KERNELBASE.dll+2C9D2|C:\Windows\SYSTEM32\sechost.dll+13BAA</Data>
    
  </EventData>
</Event>
<Event xmlns="http://schemas.microsoft.com/win/2004/08/events/event">
  <System>
    <Provider Name="Microsoft-Windows-Sysmon" Guid="{5770385f-c22a-43e0-bf4c-06f5698ffbd9}"/>
    <EventID>11</EventID>
    <Version>2</Version>
    <Level>4</Level>
    <Task>11</Task>
    <Opcode>0</Opcode>
    <Keywords>0x8000000000000000</Keywords>
    <TimeCreated SystemTime="2024-05-14T13:00:05.4942487Z"/>
    <EventRecordID>476439</EventRecordID>
    <Correlation/>
    <Execution ProcessID="2472" ThreadID="4424"/>
    <Channel>Microsoft-Windows-Sysmon/Operational</Channel>
    <Computer>WS-VHALE-01.agentsoc.local</Computer>
    <Security UserID="S-1-5-18"/>
  </System>
  <EventData>
    
    <Data Name="RuleName">-</Data>
    <Data Name="UtcTime">2024-05-14 13:00:05.494</Data>
    <Data Name="ProcessGuid">{c42ce74c-8051-6633-ae00-0000898c3cee}</Data>
    <Data Name="ProcessId">4968</Data>
    <Data Name="Image">C:\Windows\System32\svchost.exe</Data>
    <Data Name="User">NT AUTHORITY\LOCAL SERVICE</Data>
    <Data Name="TargetFilename">C:\ProgramData\Microsoft\Windows Defender\Scans\History\Service\DetectionHistory\71779</Data>
    <Data Name="CreationUtcTime">2024-05-14 13:00:05.493</Data>
    
  </EventData>
</Event>
<Event xmlns="http://schemas.microsoft.com/win/2004/08/events/event">
  <System>
    <Provider Name="Microsoft-Windows-Sysmon" Guid="{5770385f-c22a-43e0-bf4c-06f5698ffbd9}"/>
    <EventID>5</EventID>
    <Version>3</Version>
    <Level>4</Level>
    <Task>5</Task>
    <Opcode>0</Opcode>
    <Keywords>0x8000000000000000</Keywords>
    <TimeCreated SystemTime="2024-05-14T13:00:15.6658673Z"/>
    <EventRecordID>476565</EventRecordID>
    <Correlation/>
    <Execution ProcessID="2472" ThreadID="4184"/>
    <Channel>Microsoft-Windows-Sysmon/Operational</Channel>
    <Computer>WS-VHALE-01.agentsoc.local</Computer>
    <Security UserID="S-1-5-18"/>
  </System>
  <EventData>
    
    <Data Name="RuleName">-</Data>
    <Data Name="UtcTime">2024-05-14 13:00:15.665</Data>
    <Data Name="ProcessGuid">{c42ce74c-5a8e-6643-0502-0000ad3cd1bc}</Data>
    <Data Name="ProcessId">5996</Data>
    <Data Name="Image">C:\Windows\System32\SearchProtocolHost.exe</Data>
    <Data Name="User">NT AUTHORITY\SYSTEM</Data>
    
  </EventData>
</Event>
<Event xmlns="http://schemas.microsoft.com/win/2004/08/events/event">
  <System>
    <Provider Name="Microsoft-Windows-Sysmon" Guid="{5770385f-c22a-43e0-bf4c-06f5698ffbd9}"/>
    <EventID>7</EventID>
    <Version>3</Version>
    <Level>4</Level>
    <Task>7</Task>
    <Opcode>0</Opcode>
    <Keywords>0x8000000000000000</Keywords>
    <TimeCreated SystemTime="2024-05-14T13:03:15.7241323Z"/>
    <EventRecordID>476577</EventRecordID>
    <Correlation/>
    <Execution ProcessID="2472" ThreadID="4424"/>
    <Channel>Microsoft-Windows-Sysmon/Operational</Channel>
    <Computer>WS-VHALE-01.agentsoc.local</Computer>
    <Security UserID="S-1-5-18"/>
  </System>
  <EventData>
    
    <Data Name="RuleName">-</Data>
    <Data Name="UtcTime">2024-05-14 13:03:15.724</Data>
    <Data Name="ProcessGuid">{c42ce74c-4097-6643-8502-00008748dc4a}</Data>
    <Data Name="ProcessId">5388</Data>
    <Data Name="Image">C:\Windows\System32\taskhostw.exe</Data>
    <Data Name="ImageLoaded">C:\ProgramData\Microsoft\Windows Defender\Platform\4.18.24030.9-0\MpClient.dll</Data>
    <Data Name="FileVersion">10.0.19041.1</Data>
    <Data Name="Description">MpClient.dll system library</Data>
    <Data Name="Product">Microsoft Windows Operating System</Data>
    <Data Name="Company">Microsoft Corporation</Data>
    <Data Name="OriginalFileName">MpClient.dll</Data>
    <Data Name="Hashes">SHA1=339E7240B5B54A9AD6F179FEF537C2BF3B08A08C,MD5=D9A906E17F4C5425EF06B4556323690C,SHA256=D0F96C0577C7EDC90BD8D16AE34D4855FAE5CE665F6679EE5B2E75387138B3BF,IMPHASH=103ADFB06C3B7BE3209A9EF380DCF830</Data>
    <Data Name="Signed">true</Data>
    <Data Name="Signature">Microsoft Corporation</Data>
    <Data Name="SignatureStatus">Valid</Data>
    
  </EventData>
</Event>
<Event xmlns="http://schemas.microsoft.com/win/2004/08/events/event">
  <System>
    <Provider Name="Microsoft-Windows-Sysmon" Guid="{5770385f-c22a-43e0-bf4c-06f5698ffbd9}"/>
    <EventID>10</EventID>
    <Version>3</Version>
    <Level>4</Level>
    <Task>10</Task>
    <Opcode>0</Opcode>
    <Keywords>0x8000000000000000</Keywords>
    <TimeCreated SystemTime="2024-05-14T13:03:18.3787701Z"/>
    <EventRecordID>476578</EventRecordID>
    <Correlation/>
    <Execution ProcessID="2472" ThreadID="1684"/>
    <Channel>Microsoft-Windows-Sysmon/Operational</Channel>
    <Computer>WS-VHALE-01.agentsoc.local</Computer>
    <Security UserID="S-1-5-18"/>
  </System>
  <EventData>
    
    <Data Name="RuleName">-</Data>
    <Data Name="UtcTime">2024-05-14 13:03:18.378</Data>
    <Data Name="SourceProcessGUID">{c42ce74c-8056-6633-8300-0010e2bcc413}</Data>
    <Data Name="SourceProcessId">4996</Data>
    <Data Name="SourceImage">C:\Windows\System32\SearchIndexer.exe</Data>
    <Data Name="SourceThreadId">6656</Data>
    <Data Name="SourceUser">NT AUTHORITY\SYSTEM</Data>
    <Data Name="TargetProcessGUID">{c42ce74c-805c-6633-be00-0000b8a16a25}</Data>
    <Data Name="TargetProcessId">5016</Data>
    <Data Name="TargetImage">C:\Windows\System32\SearchProtocolHost.exe</Data>
    <Data Name="TargetUser">NT AUTHORITY\SYSTEM</Data>
    <Data Name="GrantedAccess">0x0400</Data>
    <Data Name="CallTrace">C:\Windows\SYSTEM32\ntdll.dll+9D914|C:\Windows\SYSTEM32\KERNELBASE.dll+2CB1D|C:\Windows\SYSTEM32\kernel32.dll+1C8C2</Data>
    
  </EventData>
</Event>
<Event xmlns="http://schemas.microsoft.com/win/2004/08/events/event">
  <System>
    <Provider Name="Microsoft-Windows-Sysmon" Guid="{5770385f-c22a-43e0-bf4c-06f5698ffbd9}"/>
    <EventID>22</EventID>
    <Version>5</Version>
    <Level>4</Level>
    <Task>22</Task>
    <Opcode>0</Opcode>
    <Keywords>0x8000000000000000</Keywords>
    <TimeCreated SystemTime="2024-05-14T13:05:22.6951044Z"/>
    <EventRecordID>476591</EventRecordID>
    <Correlation/>
    <Execution ProcessID="2472" ThreadID="4096"/>
    <Channel>Microsoft-Windows-Sysmon/Operational</Channel>
    <Computer>WS-VHALE-01.agentsoc.local</Computer>
    <Security UserID="S-1-5-18"/>
  </System>
  <EventData>
    
    <Data Name="RuleName">-</Data>
    <Data Name="UtcTime">2024-05-14 13:05:22.695</Data>
    <Data Name="ProcessGuid">{c42ce74c-804c-6633-8000-00001e726241}</Data>
    <Data Name="ProcessId">4952</Data>
    <Data Name="QueryName">DC-BO-01.agentsoc.local</Data>
    <Data Name="QueryStatus">0</Data>
    <Data Name="QueryResults">10.44.20.10;</Data>
    <Data Name="Image">C:\Windows\System32\svchost.exe</Data>
    <Data Name="User">NT AUTHORITY\LOCAL SERVICE</Data>
    
  </EventData>
</Event>
<Event xmlns="http://schemas.microsoft.com/win/2004/08/events/event">
  <System>
    <Provider Name="Microsoft-Windows-Sysmon" Guid="{5770385f-c22a-43e0-bf4c-06f5698ffbd9}"/>
    <EventID>1</EventID>
    <Version>5</Version>
    <Level>4</Level>
    <Task>1</Task>
    <Opcode>0</Opcode>
    <Keywords>0x8000000000000000</Keywords>
    <TimeCreated SystemTime="2024-05-14T13:06:43.9411299Z"/>
    <EventRecordID>476593</EventRecordID>
    <Correlation/>
    <Execution ProcessID="2472" ThreadID="4184"/>
    <Channel>Microsoft-Windows-Sysmon/Operational</Channel>
    <Computer>WS-VHALE-01.agentsoc.local</Computer>
    <Security UserID="S-1-5-18"/>
  </System>
  <EventData>
    
    <Data Name="RuleName">-</Data>
    <Data Name="UtcTime">2024-05-14 13:06:43.941</Data>
    <Data Name="ProcessGuid">{c42ce74c-61e3-6643-0600-00003e157ce1}</Data>
    <Data Name="ProcessId">6080</Data>
    <Data Name="Image">C:\Windows\System32\SearchProtocolHost.exe</Data>
    <Data Name="FileVersion">10.0.22621.1</Data>
    <Data Name="Description">Microsoft Windows Search Protocol Host</Data>
    <Data Name="Product">Microsoft Windows Operating System</Data>
    <Data Name="Company">Microsoft Corporation</Data>
    <Data Name="OriginalFileName">SearchProtocolHost.exe</Data>
    <Data Name="CommandLine">SearchProtocolHost.exe Global\UsGthrFltPipeMssGthrPipe_S-1-5-20 Global\UsGthrCtrlFltPipeMssGthrPipe_S-1-5-20 1</Data>
    <Data Name="CurrentDirectory">C:\Windows\System32\</Data>
    <Data Name="User">NT AUTHORITY\SYSTEM</Data>
    <Data Name="LogonGuid">{2c6f00db-083f-46b5-8a2b-5e2a5c606bd8}</Data>
    <Data Name="LogonId">0x3e7</Data>
    <Data Name="TerminalSessionId">0</Data>
    <Data Name="IntegrityLevel">System</Data>
    <Data Name="Hashes">SHA1=43216957F6B1F6C0C1C954D1CFC7F9CE3FC72B60,MD5=BA242BD070D4A866C5D58169DB10ED02,SHA256=D48FE4EDB7B572D8CF8A37CD1AFC0882D88CA17A0BE3F4615C9E5A4F608E954A,IMPHASH=E495A5C3FEEEA98E32665B0ADE2B5A18</Data>
    <Data Name="ParentProcessGuid">{c42ce74c-8056-6633-8300-0010e2bcc413}</Data>
    <Data Name="ParentProcessId">4996</Data>
    <Data Name="ParentImage">C:\Windows\System32\SearchIndexer.exe</Data>
    <Data Name="ParentCommandLine">SearchIndexer.exe</Data>
    <Data Name="ParentUser">NT AUTHORITY\SYSTEM</Data>
    
  </EventData>
</Event>
<Event xmlns="http://schemas.microsoft.com/win/2004/08/events/event">
  <System>
    <Provider Name="Microsoft-Windows-Sysmon" Guid="{5770385f-c22a-43e0-bf4c-06f5698ffbd9}"/>
    <EventID>11</EventID>
    <Version>2</Version>
    <Level>4</Level>
    <Task>11</Task>
    <Opcode>0</Opcode>
    <Keywords>0x8000000000000000</Keywords>
    <TimeCreated SystemTime="2024-05-14T13:07:27.3941957Z"/>
    <EventRecordID>476594</EventRecordID>
    <Correlation/>
    <Execution ProcessID="2472" ThreadID="4184"/>
    <Channel>Microsoft-Windows-Sysmon/Operational</Channel>
    <Computer>WS-VHALE-01.agentsoc.local</Computer>
    <Security UserID="S-1-5-18"/>
  </System>
  <EventData>
    
    <Data Name="RuleName">-</Data>
    <Data Name="UtcTime">2024-05-14 13:07:27.394</Data>
    <Data Name="ProcessGuid">{c42ce74c-804f-6633-cf02-0010a4f31e7a}</Data>
    <Data Name="ProcessId">4956</Data>
    <Data Name="Image">C:\Windows\System32\svchost.exe</Data>
    <Data Name="User">NT AUTHORITY\NETWORK SERVICE</Data>
    <Data Name="TargetFilename">C:\ProgramData\Microsoft\Windows Defender\Scans\History\Service\DetectionHistory\94800</Data>
    <Data Name="CreationUtcTime">2024-05-14 13:07:27.394</Data>
    
  </EventData>
</Event>
<Event xmlns="http://schemas.microsoft.com/win/2004/08/events/event">
  <System>
    <Provider Name="Microsoft-Windows-Sysmon" Guid="{5770385f-c22a-43e0-bf4c-06f5698ffbd9}"/>
    <EventID>13</EventID>
    <Version>2</Version>
    <Level>4</Level>
    <Task>13</Task>
    <Opcode>0</Opcode>
    <Keywords>0x8000000000000000</Keywords>
    <TimeCreated SystemTime="2024-05-14T13:08:35.0411081Z"/>
    <EventRecordID>476596</EventRecordID>
    <Correlation/>
    <Execution ProcessID="2472" ThreadID="4184"/>
    <Channel>Microsoft-Windows-Sysmon/Operational</Channel>
    <Computer>WS-VHALE-01.agentsoc.local</Computer>
    <Security UserID="S-1-5-18"/>
  </System>
  <EventData>
    
    <Data Name="RuleName">-</Data>
    <Data Name="EventType">SetValue</Data>
    <Data Name="UtcTime">2024-05-14 13:08:35.041</Data>
    <Data Name="ProcessGuid">{c42ce74c-804c-6633-6002-0010c3ef1dfd}</Data>
    <Data Name="ProcessId">4944</Data>
    <Data Name="Image">C:\Windows\System32\svchost.exe</Data>
    <Data Name="User">NT AUTHORITY\NETWORK SERVICE</Data>
    <Data Name="TargetObject">HKLM\SOFTWARE\Microsoft\Windows\CurrentVersion\Run\SecurityHealthSystray</Data>
    <Data Name="Details">C:\Windows\System32\SecurityHealthSystray.exe</Data>
    
  </EventData>
</Event>
<Event xmlns="http://schemas.microsoft.com/win/2004/08/events/event">
  <System>
    <Provider Name="Microsoft-Windows-Sysmon" Guid="{5770385f-c22a-43e0-bf4c-06f5698ffbd9}"/>
    <EventID>10</EventID>
    <Version>3</Version>
    <Level>4</Level>
    <Task>10</Task>
    <Opcode>0</Opcode>
    <Keywords>0x8000000000000000</Keywords>
    <TimeCreated SystemTime="2024-05-14T13:10:07.1063295Z"/>
    <EventRecordID>476598</EventRecordID>
    <Correlation/>
    <Execution ProcessID="2472" ThreadID="1684"/>
    <Channel>Microsoft-Windows-Sysmon/Operational</Channel>
    <Computer>WS-VHALE-01.agentsoc.local</Computer>
    <Security UserID="S-1-5-18"/>
  </System>
  <EventData>
    
    <Data Name="RuleName">-</Data>
    <Data Name="UtcTime">2024-05-14 13:10:07.106</Data>
    <Data Name="SourceProcessGUID">{c42ce74c-8053-6633-c702-00105a7a6b12}</Data>
    <Data Name="SourceProcessId">4992</Data>
    <Data Name="SourceImage">C:\ProgramData\Microsoft\Windows Defender\Platform\4.18.24030.9-0\MsMpEng.exe</Data>
    <Data Name="SourceThreadId">8396</Data>
    <Data Name="SourceUser">NT AUTHORITY\SYSTEM</Data>
    <Data Name="TargetProcessGUID">{c42ce74c-804c-6633-6002-0010c3ef1dfd}</Data>
    <Data Name="TargetProcessId">4944</Data>
    <Data Name="TargetImage">C:\Windows\System32\svchost.exe</Data>
    <Data Name="TargetUser">NT AUTHORITY\NETWORK SERVICE</Data>
    <Data Name="GrantedAccess">0x1410</Data>
    <Data Name="CallTrace">C:\Windows\SYSTEM32\ntdll.dll+9CE0D|C:\Windows\SYSTEM32\KERNELBASE.dll+2DC67|C:\Windows\SYSTEM32\advapi32.dll+4ADD4</Data>
    
  </EventData>
</Event>
<Event xmlns="http://schemas.microsoft.com/win/2004/08/events/event">
  <System>
    <Provider Name="Microsoft-Windows-Sysmon" Guid="{5770385f-c22a-43e0-bf4c-06f5698ffbd9}"/>
    <EventID>1</EventID>
    <Version>5</Version>
    <Level>4</Level>
    <Task>1</Task>
    <Opcode>0</Opcode>
    <Keywords>0x8000000000000000</Keywords>
    <TimeCreated SystemTime="2024-05-14T13:14:46.4090661Z"/>
    <EventRecordID>476604</EventRecordID>
    <Correlation/>
    <Execution ProcessID="2472" ThreadID="1684"/>
    <Channel>Microsoft-Windows-Sysmon/Operational</Channel>
    <Computer>WS-VHALE-01.agentsoc.local</Computer>
    <Security UserID="S-1-5-18"/>
  </System>
  <EventData>
    
    <Data Name="RuleName">-</Data>
    <Data Name="UtcTime">2024-05-14 13:14:46.409</Data>
    <Data Name="ProcessGuid">{c42ce74c-63c6-6643-6702-0000b94ed182}</Data>
    <Data Name="ProcessId">6120</Data>
    <Data Name="Image">C:\Program Files (x86)\Common Files\Adobe\ARM\1.0\AdobeARM.exe</Data>
    <Data Name="FileVersion">-</Data>
    <Data Name="Description">-</Data>
    <Data Name="Product">-</Data>
    <Data Name="Company">-</Data>
    <Data Name="OriginalFileName">-</Data>
    <Data Name="CommandLine">AdobeARM.exe /NOUAC</Data>
    <Data Name="CurrentDirectory">C:\Windows\System32\</Data>
    <Data Name="User">NT AUTHORITY\SYSTEM</Data>
    <Data Name="LogonGuid">{2c6f00db-083f-46b5-8a2b-5e2a5c606bd8}</Data>
    <Data Name="LogonId">0x3e7</Data>
    <Data Name="TerminalSessionId">0</Data>
    <Data Name="IntegrityLevel">System</Data>
    <Data Name="Hashes">SHA1=01BD75C9D4E5A5A31360E5D1D2876AC7FA87A57A,MD5=2660FCA4824B037372B7C0ADAB02A76A,SHA256=DCCE402B9C72278DBA9EE0948BBC8AE6CCB5FA290D0AF1B937AB6DED1FCF7B05,IMPHASH=4E700D57A159D56556A2A0C08DA18C89</Data>
    <Data Name="ParentProcessGuid">{c42ce74c-805e-6633-7c00-0000db9834b8}</Data>
    <Data Name="ParentProcessId">5056</Data>
    <Data Name="ParentImage">C:\Windows\System32\taskhostw.exe</Data>
    <Data Name="ParentCommandLine">taskhostw.exe</Data>
    <Data Name="ParentUser">NT AUTHORITY\SYSTEM</Data>
    
  </EventData>
</Event>
<Event xmlns="http://schemas.microsoft.com/win/2004/08/events/event">
  <System>
    <Provider Name="Microsoft-Windows-Sysmon" Guid="{5770385f-c22a-43e0-bf4c-06f5698ffbd9}"/>
    <EventID>13</EventID>
    <Version>2</Version>
    <Level>4</Level>
    <Task>13</Task>
    <Opcode>0</Opcode>
    <Keywords>0x8000000000000000</Keywords>
    <TimeCreated SystemTime="2024-05-14T13:15:01.3087627Z"/>
    <EventRecordID>476606</EventRecordID>
    <Correlation/>
    <Execution ProcessID="2472" ThreadID="4184"/>
    <Channel>Microsoft-Windows-Sysmon/Operational</Channel>
    <Computer>WS-VHALE-01.agentsoc.local</Computer>
    <Security UserID="S-1-5-18"/>
  </System>
  <EventData>
    
    <Data Name="RuleName">-</Data>
    <Data Name="EventType">SetValue</Data>
    <Data Name="UtcTime">2024-05-14 13:15:01.308</Data>
    <Data Name="ProcessGuid">{c42ce74c-805a-6633-7e00-0010edbca1f6}</Data>
    <Data Name="ProcessId">5004</Data>
    <Data Name="Image">C:\Windows\System32\dllhost.exe</Data>
    <Data Name="User">NT AUTHORITY\SYSTEM</Data>
    <Data Name="TargetObject">HKLM\SYSTEM\CurrentControlSet\Services\EventLog\Application\MaxSize</Data>
    <Data Name="Details">DWORD (0x01400000)</Data>
    
  </EventData>
</Event>
<Event xmlns="http://schemas.microsoft.com/win/2004/08/events/event">
  <System>
    <Provider Name="Microsoft-Windows-Sysmon" Guid="{5770385f-c22a-43e0-bf4c-06f5698ffbd9}"/>
    <EventID>5</EventID>
    <Version>3</Version>
    <Level>4</Level>
    <Task>5</Task>
    <Opcode>0</Opcode>
    <Keywords>0x8000000000000000</Keywords>
    <TimeCreated SystemTime="2024-05-14T13:15:36.3800142Z"/>
    <EventRecordID>476607</EventRecordID>
    <Correlation/>
    <Execution ProcessID="2472" ThreadID="1684"/>
    <Channel>Microsoft-Windows-Sysmon/Operational</Channel>
    <Computer>WS-VHALE-01.agentsoc.local</Computer>
    <Security UserID="S-1-5-18"/>
  </System>
  <EventData>
    
    <Data Name="RuleName">-</Data>
    <Data Name="UtcTime">2024-05-14 13:15:36.380</Data>
    <Data Name="ProcessGuid">{c42ce74c-63c6-6643-6702-0000b94ed182}</Data>
    <Data Name="ProcessId">6120</Data>
    <Data Name="Image">C:\Program Files (x86)\Common Files\Adobe\ARM\1.0\AdobeARM.exe</Data>
    <Data Name="User">NT AUTHORITY\SYSTEM</Data>
    
  </EventData>
</Event>
<Event xmlns="http://schemas.microsoft.com/win/2004/08/events/event">
  <System>
    <Provider Name="Microsoft-Windows-Sysmon" Guid="{5770385f-c22a-43e0-bf4c-06f5698ffbd9}"/>
    <EventID>1</EventID>
    <Version>5</Version>
    <Level>4</Level>
    <Task>1</Task>
    <Opcode>0</Opcode>
    <Keywords>0x8000000000000000</Keywords>
    <TimeCreated SystemTime="2024-05-14T13:15:43.4896494Z"/>
    <EventRecordID>476608</EventRecordID>
    <Correlation/>
    <Execution ProcessID="2472" ThreadID="4424"/>
    <Channel>Microsoft-Windows-Sysmon/Operational</Channel>
    <Computer>WS-VHALE-01.agentsoc.local</Computer>
    <Security UserID="S-1-5-18"/>
  </System>
  <EventData>
    
    <Data Name="RuleName">-</Data>
    <Data Name="UtcTime">2024-05-14 13:15:43.489</Data>
    <Data Name="ProcessGuid">{c42ce74c-63ff-6643-8500-001053cccf05}</Data>
    <Data Name="ProcessId">6116</Data>
    <Data Name="Image">C:\Windows\System32\spoolsv.exe</Data>
    <Data Name="FileVersion">10.0.22621.1</Data>
    <Data Name="Description">Spooler SubSystem App</Data>
    <Data Name="Product">Microsoft Windows Operating System</Data>
    <Data Name="Company">Microsoft Corporation</Data>
    <Data Name="OriginalFileName">spoolsv.exe</Data>
    <Data Name="CommandLine">spoolsv.exe</Data>
    <Data Name="CurrentDirectory">C:\Windows\System32\</Data>
    <Data Name="User">NT AUTHORITY\SYSTEM</Data>
    <Data Name="LogonGuid">{2c6f00db-083f-46b5-8a2b-5e2a5c606bd8}</Data>
    <Data Name="LogonId">0x3e7</Data>
    <Data Name="TerminalSessionId">0</Data>
    <Data Name="IntegrityLevel">System</Data>
    <Data Name="Hashes">SHA1=D7EA37840FF44A245AD18E5E207AE4901C4C18FB,MD5=F60B5C571AD75771ABD1D35C7765DC04,SHA256=C62074641183B84BD60F329FFC8412BB060770B6F2D3BE7F21CBE926B78AF568,IMPHASH=6C5BCD2285686A422084A17A03042505</Data>
    <Data Name="ParentProcessGuid">{c42ce74c-8045-6633-5f00-00105a9b4a9c}</Data>
    <Data Name="ParentProcessId">4828</Data>
    <Data Name="ParentImage">C:\Windows\System32\services.exe</Data>
    <Data Name="ParentCommandLine">services.exe</Data>
    <Data Name="ParentUser">NT AUTHORITY\SYSTEM</Data>
    
  </EventData>
</Event>
<Event xmlns="http://schemas.microsoft.com/win/2004/08/events/event">
  <System>
    <Provider Name="Microsoft-Windows-Sysmon" Guid="{5770385f-c22a-43e0-bf4c-06f5698ffbd9}"/>
    <EventID>13</EventID>
    <Version>2</Version>
    <Level>4</Level>
    <Task>13</Task>
    <Opcode>0</Opcode>
    <Keywords>0x8000000000000000</Keywords>
    <TimeCreated SystemTime="2024-05-14T13:15:59.7288192Z"/>
    <EventRecordID>476609</EventRecordID>
    <Correlation/>
    <Execution ProcessID="2472" ThreadID="4184"/>
    <Channel>Microsoft-Windows-Sysmon/Operational</Channel>
    <Computer>WS-VHALE-01.agentsoc.local</Computer>
    <Security UserID="S-1-5-18"/>
  </System>
  <EventData>
    
    <Data Name="RuleName">-</Data>
    <Data Name="EventType">SetValue</Data>
    <Data Name="UtcTime">2024-05-14 13:15:59.728</Data>
    <Data Name="ProcessGuid">{c42ce74c-8045-6633-5f00-00105a9b4a9c}</Data>
    <Data Name="ProcessId">4828</Data>
    <Data Name="Image">C:\Windows\System32\services.exe</Data>
    <Data Name="User">NT AUTHORITY\SYSTEM</Data>
    <Data Name="TargetObject">HKLM\SOFTWARE\Microsoft\Windows\CurrentVersion\Component Based Servicing\Packages\Microsoft-Windows-Client-Features~31bf3856ad364e35~amd64~~10.0.22621.27\CurrentState</Data>
    <Data Name="Details">DWORD (0x00000070)</Data>
    
  </EventData>
</Event>
<Event xmlns="http://schemas.microsoft.com/win/2004/08/events/event">
  <System>
    <Provider Name="Microsoft-Windows-Sysmon" Guid="{5770385f-c22a-43e0-bf4c-06f5698ffbd9}"/>
    <EventID>22</EventID>
    <Version>5</Version>
    <Level>4</Level>
    <Task>22</Task>
    <Opcode>0</Opcode>
    <Keywords>0x8000000000000000</Keywords>
    <TimeCreated SystemTime="2024-05-14T13:18:16.9292081Z"/>
    <EventRecordID>476702</EventRecordID>
    <Correlation/>
    <Execution ProcessID="2472" ThreadID="3128"/>
    <Channel>Microsoft-Windows-Sysmon/Operational</Channel>
    <Computer>WS-VHALE-01.agentsoc.local</Computer>
    <Security UserID="S-1-5-18"/>
  </System>
  <EventData>
    
    <Data Name="RuleName">-</Data>
    <Data Name="UtcTime">2024-05-14 13:18:16.929</Data>
    <Data Name="ProcessGuid">{c42ce74c-804c-6633-8000-00001e726241}</Data>
    <Data Name="ProcessId">4952</Data>
    <Data Name="QueryName">DC-BO-01.agentsoc.local</Data>
    <Data Name="QueryStatus">0</Data>
    <Data Name="QueryResults">10.44.20.10;</Data>
    <Data Name="Image">C:\Windows\System32\svchost.exe</Data>
    <Data Name="User">NT AUTHORITY\LOCAL SERVICE</Data>
    
  </EventData>
</Event>
<Event xmlns="http://schemas.microsoft.com/win/2004/08/events/event">
  <System>
    <Provider Name="Microsoft-Windows-Sysmon" Guid="{5770385f-c22a-43e0-bf4c-06f5698ffbd9}"/>
    <EventID>3</EventID>
    <Version>5</Version>
    <Level>4</Level>
    <Task>3</Task>
    <Opcode>0</Opcode>
    <Keywords>0x8000000000000000</Keywords>
    <TimeCreated SystemTime="2024-05-14T13:19:32.8829270Z"/>
    <EventRecordID>476705</EventRecordID>
    <Correlation/>
    <Execution ProcessID="2472" ThreadID="4424"/>
    <Channel>Microsoft-Windows-Sysmon/Operational</Channel>
    <Computer>WS-VHALE-01.agentsoc.local</Computer>
    <Security UserID="S-1-5-18"/>
  </System>
  <EventData>
    
    <Data Name="RuleName">-</Data>
    <Data Name="UtcTime">2024-05-14 13:19:32.882</Data>
    <Data Name="ProcessGuid">{c42ce74c-8046-6633-2702-00003934873f}</Data>
    <Data Name="ProcessId">4840</Data>
    <Data Name="Image">C:\Windows\System32\lsass.exe</Data>
    <Data Name="User">NT AUTHORITY\SYSTEM</Data>
    <Data Name="Protocol">tcp</Data>
    <Data Name="Initiated">true</Data>
    <Data Name="SourceIsIpv6">false</Data>
    <Data Name="SourceIp">10.44.10.25</Data>
    <Data Name="SourceHostname">WS-VHALE-01.agentsoc.local</Data>
    <Data Name="SourcePort">52893</Data>
    <Data Name="SourcePortName">-</Data>
    <Data Name="DestinationIsIpv6">false</Data>
    <Data Name="DestinationIp">10.44.20.10</Data>
    <Data Name="DestinationHostname">DC-BO-01.agentsoc.local</Data>
    <Data Name="DestinationPort">389</Data>
    <Data Name="DestinationPortName">ldap</Data>
    
  </EventData>
</Event>
<Event xmlns="http://schemas.microsoft.com/win/2004/08/events/event">
  <System>
    <Provider Name="Microsoft-Windows-Sysmon" Guid="{5770385f-c22a-43e0-bf4c-06f5698ffbd9}"/>
    <EventID>22</EventID>
    <Version>5</Version>
    <Level>4</Level>
    <Task>22</Task>
    <Opcode>0</Opcode>
    <Keywords>0x8000000000000000</Keywords>
    <TimeCreated SystemTime="2024-05-14T13:19:48.3605085Z"/>
    <EventRecordID>476706</EventRecordID>
    <Correlation/>
    <Execution ProcessID="2472" ThreadID="3128"/>
    <Channel>Microsoft-Windows-Sysmon/Operational</Channel>
    <Computer>WS-VHALE-01.agentsoc.local</Computer>
    <Security UserID="S-1-5-18"/>
  </System>
  <EventData>
    
    <Data Name="RuleName">-</Data>
    <Data Name="UtcTime">2024-05-14 13:19:48.360</Data>
    <Data Name="ProcessGuid">{c42ce74c-804c-6633-8000-00001e726241}</Data>
    <Data Name="ProcessId">4952</Data>
    <Data Name="QueryName">FILE-BO-01.agentsoc.local</Data>
    <Data Name="QueryStatus">0</Data>
    <Data Name="QueryResults">fd00:2c14:0014::1;</Data>
    <Data Name="Image">C:\Windows\System32\svchost.exe</Data>
    <Data Name="User">NT AUTHORITY\LOCAL SERVICE</Data>
    
  </EventData>
</Event>
<Event xmlns="http://schemas.microsoft.com/win/2004/08/events/event">
  <System>
    <Provider Name="Microsoft-Windows-Sysmon" Guid="{5770385f-c22a-43e0-bf4c-06f5698ffbd9}"/>
    <EventID>3</EventID>
    <Version>5</Version>
    <Level>4</Level>
    <Task>3</Task>
    <Opcode>0</Opcode>
    <Keywords>0x8000000000000000</Keywords>
    <TimeCreated SystemTime="2024-05-14T13:21:01.0403190Z"/>
    <EventRecordID>476708</EventRecordID>
    <Correlation/>
    <Execution ProcessID="2472" ThreadID="3128"/>
    <Channel>Microsoft-Windows-Sysmon/Operational</Channel>
    <Computer>WS-VHALE-01.agentsoc.local</Computer>
    <Security UserID="S-1-5-18"/>
  </System>
  <EventData>
    
    <Data Name="RuleName">-</Data>
    <Data Name="UtcTime">2024-05-14 13:21:01.040</Data>
    <Data Name="ProcessGuid">{c42ce74c-804c-6633-6002-0010c3ef1dfd}</Data>
    <Data Name="ProcessId">4944</Data>
    <Data Name="Image">C:\Windows\System32\svchost.exe</Data>
    <Data Name="User">NT AUTHORITY\NETWORK SERVICE</Data>
    <Data Name="Protocol">tcp</Data>
    <Data Name="Initiated">true</Data>
    <Data Name="SourceIsIpv6">false</Data>
    <Data Name="SourceIp">10.44.10.25</Data>
    <Data Name="SourceHostname">WS-VHALE-01.agentsoc.local</Data>
    <Data Name="SourcePort">60136</Data>
    <Data Name="SourcePortName">-</Data>
    <Data Name="DestinationIsIpv6">false</Data>
    <Data Name="DestinationIp">10.44.20.20</Data>
    <Data Name="DestinationHostname">FILE-BO-01.agentsoc.local</Data>
    <Data Name="DestinationPort">445</Data>
    <Data Name="DestinationPortName">microsoft-ds</Data>
    
  </EventData>
</Event>
<Event xmlns="http://schemas.microsoft.com/win/2004/08/events/event">
  <System>
    <Provider Name="Microsoft-Windows-Sysmon" Guid="{5770385f-c22a-43e0-bf4c-06f5698ffbd9}"/>
    <EventID>11</EventID>
    <Version>2</Version>
    <Level>4</Level>
    <Task>11</Task>
    <Opcode>0</Opcode>
    <Keywords>0x8000000000000000</Keywords>
    <TimeCreated SystemTime="2024-05-14T13:23:57.6090717Z"/>
    <EventRecordID>476711</EventRecordID>
    <Correlation/>
    <Execution ProcessID="2472" ThreadID="4424"/>
    <Channel>Microsoft-Windows-Sysmon/Operational</Channel>
    <Computer>WS-VHALE-01.agentsoc.local</Computer>
    <Security UserID="S-1-5-18"/>
  </System>
  <EventData>
    
    <Data Name="RuleName">-</Data>
    <Data Name="UtcTime">2024-05-14 13:23:57.609</Data>
    <Data Name="ProcessGuid">{c42ce74c-805e-6633-4900-0000b63cac7f}</Data>
    <Data Name="ProcessId">5036</Data>
    <Data Name="Image">C:\ProgramData\Microsoft\Windows Defender\Platform\4.18.24030.9-0\MpCmdRun.exe</Data>
    <Data Name="User">NT AUTHORITY\SYSTEM</Data>
    <Data Name="TargetFilename">C:\ProgramData\Microsoft\Windows Defender\Scans\History\Service\DetectionHistory\12092</Data>
    <Data Name="CreationUtcTime">2024-05-14 13:23:57.608</Data>
    
  </EventData>
</Event>
<Event xmlns="http://schemas.microsoft.com/win/2004/08/events/event">
  <System>
    <Provider Name="Microsoft-Windows-Sysmon" Guid="{5770385f-c22a-43e0-bf4c-06f5698ffbd9}"/>
    <EventID>22</EventID>
    <Version>5</Version>
    <Level>4</Level>
    <Task>22</Task>
    <Opcode>0</Opcode>
    <Keywords>0x8000000000000000</Keywords>
    <TimeCreated SystemTime="2024-05-14T13:27:55.6722657Z"/>
    <EventRecordID>477228</EventRecordID>
    <Correlation/>
    <Execution ProcessID="2472" ThreadID="4424"/>
    <Channel>Microsoft-Windows-Sysmon/Operational</Channel>
    <Computer>WS-VHALE-01.agentsoc.local</Computer>
    <Security UserID="S-1-5-18"/>
  </System>
  <EventData>
    
    <Data Name="RuleName">-</Data>
    <Data Name="UtcTime">2024-05-14 13:27:55.672</Data>
    <Data Name="ProcessGuid">{c42ce74c-804c-6633-8000-00001e726241}</Data>
    <Data Name="ProcessId">4952</Data>
    <Data Name="QueryName">WEB-BO-01.agentsoc.local</Data>
    <Data Name="QueryStatus">0</Data>
    <Data Name="QueryResults">10.44.30.10;</Data>
    <Data Name="Image">C:\Windows\System32\svchost.exe</Data>
    <Data Name="User">NT AUTHORITY\LOCAL SERVICE</Data>
    
  </EventData>
</Event>
<Event xmlns="http://schemas.microsoft.com/win/2004/08/events/event">
  <System>
    <Provider Name="Microsoft-Windows-Sysmon" Guid="{5770385f-c22a-43e0-bf4c-06f5698ffbd9}"/>
    <EventID>1</EventID>
    <Version>5</Version>
    <Level>4</Level>
    <Task>1</Task>
    <Opcode>0</Opcode>
    <Keywords>0x8000000000000000</Keywords>
    <TimeCreated SystemTime="2024-05-14T13:28:59.5281931Z"/>
    <EventRecordID>477231</EventRecordID>
    <Correlation/>
    <Execution ProcessID="2472" ThreadID="4184"/>
    <Channel>Microsoft-Windows-Sysmon/Operational</Channel>
    <Computer>WS-VHALE-01.agentsoc.local</Computer>
    <Security UserID="S-1-5-18"/>
  </System>
  <EventData>
    
    <Data Name="RuleName">-</Data>
    <Data Name="UtcTime">2024-05-14 13:28:59.528</Data>
    <Data Name="ProcessGuid">{c42ce74c-671b-6643-3502-00102553b381}</Data>
    <Data Name="ProcessId">6092</Data>
    <Data Name="Image">C:\Windows\System32\conhost.exe</Data>
    <Data Name="FileVersion">10.0.22621.1</Data>
    <Data Name="Description">Console Window Host</Data>
    <Data Name="Product">Microsoft Windows Operating System</Data>
    <Data Name="Company">Microsoft Corporation</Data>
    <Data Name="OriginalFileName">conhost.exe</Data>
    <Data Name="CommandLine">\??\C:\Windows\system32\conhost.exe 0xffffffff -ForceV1</Data>
    <Data Name="CurrentDirectory">C:\Windows\System32\</Data>
    <Data Name="User">NT AUTHORITY\SYSTEM</Data>
    <Data Name="LogonGuid">{2c6f00db-083f-46b5-8a2b-5e2a5c606bd8}</Data>
    <Data Name="LogonId">0x3e7</Data>
    <Data Name="TerminalSessionId">0</Data>
    <Data Name="IntegrityLevel">System</Data>
    <Data Name="Hashes">SHA1=C5BD601C27AA1527E53242CF6DCE1C779AB58F54,MD5=C7180D6EF3169C4CFD9152F2E0F718D6,SHA256=14986A25CAF24462E361E0E3D07934E9926D2E0D36D1C8FEFCDE00AB59AF67C6,IMPHASH=8E63419D15B3090A0F7E22048F46A007</Data>
    <Data Name="ParentProcessGuid">{c42ce74c-8044-6633-e900-0010507fdc18}</Data>
    <Data Name="ParentProcessId">4820</Data>
    <Data Name="ParentImage">C:\Windows\System32\csrss.exe</Data>
    <Data Name="ParentCommandLine">csrss.exe</Data>
    <Data Name="ParentUser">NT AUTHORITY\SYSTEM</Data>
    
  </EventData>
</Event>
<Event xmlns="http://schemas.microsoft.com/win/2004/08/events/event">
  <System>
    <Provider Name="Microsoft-Windows-Sysmon" Guid="{5770385f-c22a-43e0-bf4c-06f5698ffbd9}"/>
    <EventID>3</EventID>
    <Version>5</Version>
    <Level>4</Level>
    <Task>3</Task>
    <Opcode>0</Opcode>
    <Keywords>0x8000000000000000</Keywords>
    <TimeCreated SystemTime="2024-05-14T13:29:14.6216336Z"/>
    <EventRecordID>477232</EventRecordID>
    <Correlation/>
    <Execution ProcessID="2472" ThreadID="3128"/>
    <Channel>Microsoft-Windows-Sysmon/Operational</Channel>
    <Computer>WS-VHALE-01.agentsoc.local</Computer>
    <Security UserID="S-1-5-18"/>
  </System>
  <EventData>
    
    <Data Name="RuleName">-</Data>
    <Data Name="UtcTime">2024-05-14 13:29:14.621</Data>
    <Data Name="ProcessGuid">{c42ce74c-8046-6633-2702-00003934873f}</Data>
    <Data Name="ProcessId">4840</Data>
    <Data Name="Image">C:\Windows\System32\lsass.exe</Data>
    <Data Name="User">NT AUTHORITY\SYSTEM</Data>
    <Data Name="Protocol">udp</Data>
    <Data Name="Initiated">true</Data>
    <Data Name="SourceIsIpv6">false</Data>
    <Data Name="SourceIp">10.44.10.25</Data>
    <Data Name="SourceHostname">WS-VHALE-01.agentsoc.local</Data>
    <Data Name="SourcePort">55261</Data>
    <Data Name="SourcePortName">-</Data>
    <Data Name="DestinationIsIpv6">false</Data>
    <Data Name="DestinationIp">10.44.20.10</Data>
    <Data Name="DestinationHostname">DC-BO-01.agentsoc.local</Data>
    <Data Name="DestinationPort">88</Data>
    <Data Name="DestinationPortName">kerberos</Data>
    
  </EventData>
</Event>
<Event xmlns="http://schemas.microsoft.com/win/2004/08/events/event">
  <System>
    <Provider Name="Microsoft-Windows-Sysmon" Guid="{5770385f-c22a-43e0-bf4c-06f5698ffbd9}"/>
    <EventID>5</EventID>
    <Version>3</Version>
    <Level>4</Level>
    <Task>5</Task>
    <Opcode>0</Opcode>
    <Keywords>0x8000000000000000</Keywords>
    <TimeCreated SystemTime="2024-05-14T13:29:19.0255827Z"/>
    <EventRecordID>477251</EventRecordID>
    <Correlation/>
    <Execution ProcessID="2472" ThreadID="4184"/>
    <Channel>Microsoft-Windows-Sysmon/Operational</Channel>
    <Computer>WS-VHALE-01.agentsoc.local</Computer>
    <Security UserID="S-1-5-18"/>
  </System>
  <EventData>
    
    <Data Name="RuleName">-</Data>
    <Data Name="UtcTime">2024-05-14 13:29:19.025</Data>
    <Data Name="ProcessGuid">{c42ce74c-671b-6643-3502-00102553b381}</Data>
    <Data Name="ProcessId">6092</Data>
    <Data Name="Image">C:\Windows\System32\conhost.exe</Data>
    <Data Name="User">NT AUTHORITY\SYSTEM</Data>
    
  </EventData>
</Event>
