<Event xmlns="http://schemas.microsoft.com/win/2004/08/events/event">
  <System>
    <Provider Name="Microsoft-Windows-Sysmon" Guid="{5770385f-c22a-43e0-bf4c-06f5698ffbd9}"/>
    <EventID>10</EventID>
    <Version>3</Version>
    <Level>4</Level>
    <Task>10</Task>
    <Opcode>0</Opcode>
    <Keywords>0x8000000000000000</Keywords>
    <TimeCreated SystemTime="2024-05-14T15:08:08.2814013Z"/>
    <EventRecordID>591646</EventRecordID>
    <Correlation/>
    <Execution ProcessID="1948" ThreadID="2932"/>
    <Channel>Microsoft-Windows-Sysmon/Operational</Channel>
    <Computer>WS-MPATEL-01.northstar-branch.local</Computer>
    <Security UserID="S-1-5-18"/>
  </System>
  <EventData>
    
    <Data Name="RuleName">-</Data>
    <Data Name="UtcTime">2024-05-14 15:08:08.281</Data>
    <Data Name="SourceProcessGUID">{09be5655-e8c4-662c-3802-00000a6c8a77}</Data>
    <Data Name="SourceProcessId">4068</Data>
    <Data Name="SourceImage">C:\Windows\System32\csrss.exe</Data>
    <Data Name="SourceThreadId">8924</Data>
    <Data Name="SourceUser">NT AUTHORITY\SYSTEM</Data>
    <Data Name="TargetProcessGUID">{09be5655-e8e4-662c-6e00-0010d1900a3a}</Data>
    <Data Name="TargetProcessId">4312</Data>
    <Data Name="TargetImage">C:\Windows\explorer.exe</Data>
    <Data Name="TargetUser">NORTHSTAR-BRANCH\maya.patel</Data>
    <Data Name="GrantedAccess">0x1400</Data>
    <Data Name="CallTrace">C:\Windows\SYSTEM32\ntdll.dll+9E031|C:\Windows\SYSTEM32\KERNELBASE.dll+2D544|C:\Windows\SYSTEM32\sechost.dll+12A87</Data>
    
  </EventData>
</Event>
<Event xmlns="http://schemas.microsoft.com/win/2004/08/events/event">
  <System>
    <Provider Name="Microsoft-Windows-Sysmon" Guid="{5770385f-c22a-43e0-bf4c-06f5698ffbd9}"/>
    <EventID>13</EventID>
    <Version>2</Version>
    <Level>4</Level>
    <Task>13</Task>
    <Opcode>0</Opcode>
    <Keywords>0x8000000000000000</Keywords>
    <TimeCreated SystemTime="2024-05-14T15:10:59.3017821Z"/>
    <EventRecordID>591653</EventRecordID>
    <Correlation/>
    <Execution ProcessID="1948" ThreadID="1352"/>
    <Channel>Microsoft-Windows-Sysmon/Operational</Channel>
    <Computer>WS-MPATEL-01.northstar-branch.local</Computer>
    <Security UserID="S-1-5-18"/>
  </System>
  <EventData>
    
    <Data Name="RuleName">-</Data>
    <Data Name="EventType">SetValue</Data>
    <Data Name="UtcTime">2024-05-14 15:10:59.301</Data>
    <Data Name="ProcessGuid">{09be5655-e8e6-662c-2d00-00008f28d74f}</Data>
    <Data Name="ProcessId">4316</Data>
    <Data Name="Image">C:\Windows\System32\RuntimeBroker.exe</Data>
    <Data Name="User">NORTHSTAR-BRANCH\maya.patel</Data>
    <Data Name="TargetObject">HKU\S-1-5-21-3882363548-2838386070-1334550370-1001\Software\Microsoft\Windows\CurrentVersion\Explorer\UserAssist\{CEBFF5CD-ACE2-4F4F-9178-9926F41749EA}\Count\HRZR_EHACNGU:P:\Cebtenz Svyrf\Zbmvyyn Sversbk\sversbk.rkr</Data>
    <Data Name="Details">87 AF F2 31 4C 4A ED E3 D4 99 2E 2F 98 68 07 C8 21 A3 71 0D EF 54 85 F9 73 97 7C 9E 12 7F 56 CA</Data>
    
  </EventData>
</Event>
<Event xmlns="http://schemas.microsoft.com/win/2004/08/events/event">
  <System>
    <Provider Name="Microsoft-Windows-Sysmon" Guid="{5770385f-c22a-43e0-bf4c-06f5698ffbd9}"/>
    <EventID>13</EventID>
    <Version>2</Version>
    <Level>4</Level>
    <Task>13</Task>
    <Opcode>0</Opcode>
    <Keywords>0x8000000000000000</Keywords>
    <TimeCreated SystemTime="2024-05-14T15:11:42.9385152Z"/>
    <EventRecordID>591655</EventRecordID>
    <Correlation/>
    <Execution ProcessID="1948" ThreadID="2852"/>
    <Channel>Microsoft-Windows-Sysmon/Operational</Channel>
    <Computer>WS-MPATEL-01.northstar-branch.local</Computer>
    <Security UserID="S-1-5-18"/>
  </System>
  <EventData>
    
    <Data Name="RuleName">-</Data>
    <Data Name="EventType">SetValue</Data>
    <Data Name="UtcTime">2024-05-14 15:11:42.938</Data>
    <Data Name="ProcessGuid">{09be5655-e8e4-662c-6e00-0010d1900a3a}</Data>
    <Data Name="ProcessId">4312</Data>
    <Data Name="Image">C:\Windows\explorer.exe</Data>
    <Data Name="User">NORTHSTAR-BRANCH\maya.patel</Data>
    <Data Name="TargetObject">HKU\S-1-5-21-3882363548-2838386070-1334550370-1001\Software\Microsoft\Windows\CurrentVersion\Explorer\UserAssist\{CEBFF5CD-ACE2-4F4F-9178-9926F41749EA}\Count\HRZR_EHACNGU:P:\Jvaqbjf\Flfgrz32\zfgfp.rkr</Data>
    <Data Name="Details">E8 0F 08 ED AB C2 DA 18 8C B0 91 8A F0 DC CD 10 51 BA 8B 5A 82 55 72 5F 3D 4D 60 EB 1E D4 A0 A2</Data>
    
  </EventData>
</Event>
<Event xmlns="http://schemas.microsoft.com/win/2004/08/events/event">
  <System>
    <Provider Name="Microsoft-Windows-Sysmon" Guid="{5770385f-c22a-43e0-bf4c-06f5698ffbd9}"/>
    <EventID>1</EventID>
    <Version>5</Version>
    <Level>4</Level>
    <Task>1</Task>
    <Opcode>0</Opcode>
    <Keywords>0x8000000000000000</Keywords>
    <TimeCreated SystemTime="2024-05-14T15:14:07.2046090Z"/>
    <EventRecordID>591671</EventRecordID>
    <Correlation/>
    <Execution ProcessID="1948" ThreadID="1352"/>
    <Channel>Microsoft-Windows-Sysmon/Operational</Channel>
    <Computer>WS-MPATEL-01.northstar-branch.local</Computer>
    <Security UserID="S-1-5-18"/>
  </System>
  <EventData>
    
    <Data Name="RuleName">-</Data>
    <Data Name="UtcTime">2024-05-14 15:14:07.204</Data>
    <Data Name="ProcessGuid">{09be5655-7fbf-6643-6f02-000008a5df58}</Data>
    <Data Name="ProcessId">5840</Data>
    <Data Name="Image">C:\Program Files\Zoom\bin\ZoomUpdate.exe</Data>
    <Data Name="FileVersion">-</Data>
    <Data Name="Description">-</Data>
    <Data Name="Product">-</Data>
    <Data Name="Company">-</Data>
    <Data Name="OriginalFileName">-</Data>
    <Data Name="CommandLine">ZoomUpdate.exe --mode=silent</Data>
    <Data Name="CurrentDirectory">C:\Windows\System32\</Data>
    <Data Name="User">NT AUTHORITY\SYSTEM</Data>
    <Data Name="LogonGuid">{f466cff6-d6fa-47fb-8b45-4162d5ad0273}</Data>
    <Data Name="LogonId">0x3e7</Data>
    <Data Name="TerminalSessionId">0</Data>
    <Data Name="IntegrityLevel">System</Data>
    <Data Name="Hashes">SHA1=BC6D0A7F5840EBA92578737CB8E3A578A9CA2BDC,MD5=955908C6149B4522A99A07631B730F28,SHA256=2CB8D60480530016745716ECF4637C0FA080C39E637B858893BB51EB9DF0A56A,IMPHASH=C355E8F8B7E0AF70E3EE4EA6E0EECDFC</Data>
    <Data Name="ParentProcessGuid">{09be5655-e8df-662c-7502-00000ba3be8c}</Data>
    <Data Name="ParentProcessId">4264</Data>
    <Data Name="ParentImage">C:\Windows\System32\taskhostw.exe</Data>
    <Data Name="ParentCommandLine">taskhostw.exe</Data>
    
  </EventData>
</Event>
<Event xmlns="http://schemas.microsoft.com/win/2004/08/events/event">
  <System>
    <Provider Name="Microsoft-Windows-Sysmon" Guid="{5770385f-c22a-43e0-bf4c-06f5698ffbd9}"/>
    <EventID>13</EventID>
    <Version>2</Version>
    <Level>4</Level>
    <Task>13</Task>
    <Opcode>0</Opcode>
    <Keywords>0x8000000000000000</Keywords>
    <TimeCreated SystemTime="2024-05-14T15:14:22.1469310Z"/>
    <EventRecordID>591672</EventRecordID>
    <Correlation/>
    <Execution ProcessID="1948" ThreadID="3656"/>
    <Channel>Microsoft-Windows-Sysmon/Operational</Channel>
    <Computer>WS-MPATEL-01.northstar-branch.local</Computer>
    <Security UserID="S-1-5-18"/>
  </System>
  <EventData>
    
    <Data Name="RuleName">-</Data>
    <Data Name="EventType">SetValue</Data>
    <Data Name="UtcTime">2024-05-14 15:14:22.146</Data>
    <Data Name="ProcessGuid">{09be5655-e8ce-662c-8c02-000077f8cc08}</Data>
    <Data Name="ProcessId">4108</Data>
    <Data Name="Image">C:\Windows\System32\svchost.exe</Data>
    <Data Name="User">NT AUTHORITY\NETWORK SERVICE</Data>
    <Data Name="TargetObject">HKLM\SOFTWARE\Microsoft\Windows\CurrentVersion\Policies\System\EnableLUA</Data>
    <Data Name="Details">DWORD (0x00000001)</Data>
    
  </EventData>
</Event>
<Event xmlns="http://schemas.microsoft.com/win/2004/08/events/event">
  <System>
    <Provider Name="Microsoft-Windows-Sysmon" Guid="{5770385f-c22a-43e0-bf4c-06f5698ffbd9}"/>
    <EventID>3</EventID>
    <Version>5</Version>
    <Level>4</Level>
    <Task>3</Task>
    <Opcode>0</Opcode>
    <Keywords>0x8000000000000000</Keywords>
    <TimeCreated SystemTime="2024-05-14T15:15:44.4538324Z"/>
    <EventRecordID>591697</EventRecordID>
    <Correlation/>
    <Execution ProcessID="1948" ThreadID="1352"/>
    <Channel>Microsoft-Windows-Sysmon/Operational</Channel>
    <Computer>WS-MPATEL-01.northstar-branch.local</Computer>
    <Security UserID="S-1-5-18"/>
  </System>
  <EventData>
    
    <Data Name="RuleName">-</Data>
    <Data Name="UtcTime">2024-05-14 15:15:44.453</Data>
    <Data Name="ProcessGuid">{09be5655-426a-6643-8e02-0010dc0d8049}</Data>
    <Data Name="ProcessId">4388</Data>
    <Data Name="Image">C:\Program Files\Google\Chrome\Application\chrome.exe</Data>
    <Data Name="User">NORTHSTAR-BRANCH\maya.patel</Data>
    <Data Name="Protocol">tcp</Data>
    <Data Name="Initiated">true</Data>
    <Data Name="SourceIsIpv6">false</Data>
    <Data Name="SourceIp">10.44.10.21</Data>
    <Data Name="SourceHostname">WS-MPATEL-01.northstar-branch.local</Data>
    <Data Name="SourcePort">55179</Data>
    <Data Name="SourcePortName">-</Data>
    <Data Name="DestinationIsIpv6">false</Data>
    <Data Name="DestinationIp">10.44.20.30</Data>
    <Data Name="DestinationHostname">PROXY-BO-01.northstar-branch.local</Data>
    <Data Name="DestinationPort">8080</Data>
    <Data Name="DestinationPortName">http-alt</Data>
    
  </EventData>
</Event>
<Event xmlns="http://schemas.microsoft.com/win/2004/08/events/event">
  <System>
    <Provider Name="Microsoft-Windows-Sysmon" Guid="{5770385f-c22a-43e0-bf4c-06f5698ffbd9}"/>
    <EventID>3</EventID>
    <Version>5</Version>
    <Level>4</Level>
    <Task>3</Task>
    <Opcode>0</Opcode>
    <Keywords>0x8000000000000000</Keywords>
    <TimeCreated SystemTime="2024-05-14T15:15:59.7761605Z"/>
    <EventRecordID>591699</EventRecordID>
    <Correlation/>
    <Execution ProcessID="1948" ThreadID="2932"/>
    <Channel>Microsoft-Windows-Sysmon/Operational</Channel>
    <Computer>WS-MPATEL-01.northstar-branch.local</Computer>
    <Security UserID="S-1-5-18"/>
  </System>
  <EventData>
    
    <Data Name="RuleName">-</Data>
    <Data Name="UtcTime">2024-05-14 15:15:59.776</Data>
    <Data Name="ProcessGuid">{09be5655-426a-6643-8e02-0010dc0d8049}</Data>
    <Data Name="ProcessId">4388</Data>
    <Data Name="Image">C:\Program Files\Google\Chrome\Application\chrome.exe</Data>
    <Data Name="User">NORTHSTAR-BRANCH\maya.patel</Data>
    <Data Name="Protocol">tcp</Data>
    <Data Name="Initiated">true</Data>
    <Data Name="SourceIsIpv6">false</Data>
    <Data Name="SourceIp">10.44.10.21</Data>
    <Data Name="SourceHostname">WS-MPATEL-01.northstar-branch.local</Data>
    <Data Name="SourcePort">61864</Data>
    <Data Name="SourcePortName">-</Data>
    <Data Name="DestinationIsIpv6">false</Data>
    <Data Name="DestinationIp">10.44.20.30</Data>
    <Data Name="DestinationHostname">PROXY-BO-01.northstar-branch.local</Data>
    <Data Name="DestinationPort">8080</Data>
    <Data Name="DestinationPortName">http-alt</Data>
    
  </EventData>
</Event>
<Event xmlns="http://schemas.microsoft.com/win/2004/08/events/event">
  <System>
    <Provider Name="Microsoft-Windows-Sysmon" Guid="{5770385f-c22a-43e0-bf4c-06f5698ffbd9}"/>
    <EventID>5</EventID>
    <Version>3</Version>
    <Level>4</Level>
    <Task>5</Task>
    <Opcode>0</Opcode>
    <Keywords>0x8000000000000000</Keywords>
    <TimeCreated SystemTime="2024-05-14T15:15:59.7769580Z"/>
    <EventRecordID>591785</EventRecordID>
    <Correlation/>
    <Execution ProcessID="1948" ThreadID="2932"/>
    <Channel>Microsoft-Windows-Sysmon/Operational</Channel>
    <Computer>WS-MPATEL-01.northstar-branch.local</Computer>
    <Security UserID="S-1-5-18"/>
  </System>
  <EventData>
    
    <Data Name="RuleName">-</Data>
    <Data Name="UtcTime">2024-05-14 15:15:59.776</Data>
    <Data Name="ProcessGuid">{09be5655-426a-6643-8e02-0010dc0d8049}</Data>
    <Data Name="ProcessId">4388</Data>
    <Data Name="Image">C:\Program Files\Google\Chrome\Application\chrome.exe</Data>
    <Data Name="User">NORTHSTAR-BRANCH\maya.patel</Data>
    
  </EventData>
</Event>
<Event xmlns="http://schemas.microsoft.com/win/2004/08/events/event">
  <System>
    <Provider Name="Microsoft-Windows-Sysmon" Guid="{5770385f-c22a-43e0-bf4c-06f5698ffbd9}"/>
    <EventID>3</EventID>
    <Version>5</Version>
    <Level>4</Level>
    <Task>3</Task>
    <Opcode>0</Opcode>
    <Keywords>0x8000000000000000</Keywords>
    <TimeCreated SystemTime="2024-05-14T15:16:09.9160153Z"/>
    <EventRecordID>591818</EventRecordID>
    <Correlation/>
    <Execution ProcessID="1948" ThreadID="2932"/>
    <Channel>Microsoft-Windows-Sysmon/Operational</Channel>
    <Computer>WS-MPATEL-01.northstar-branch.local</Computer>
    <Security UserID="S-1-5-18"/>
  </System>
  <EventData>
    
    <Data Name="RuleName">-</Data>
    <Data Name="UtcTime">2024-05-14 15:16:09.916</Data>
    <Data Name="ProcessGuid">{09be5655-6a23-6643-0900-0000f9ca6399}</Data>
    <Data Name="ProcessId">5232</Data>
    <Data Name="Image">C:\Program Files\Mozilla Firefox\firefox.exe</Data>
    <Data Name="User">NORTHSTAR-BRANCH\maya.patel</Data>
    <Data Name="Protocol">tcp</Data>
    <Data Name="Initiated">true</Data>
    <Data Name="SourceIsIpv6">false</Data>
    <Data Name="SourceIp">10.44.10.21</Data>
    <Data Name="SourceHostname">WS-MPATEL-01.northstar-branch.local</Data>
    <Data Name="SourcePort">53474</Data>
    <Data Name="SourcePortName">-</Data>
    <Data Name="DestinationIsIpv6">false</Data>
    <Data Name="DestinationIp">10.44.20.30</Data>
    <Data Name="DestinationHostname">PROXY-BO-01.northstar-branch.local</Data>
    <Data Name="DestinationPort">8080</Data>
    <Data Name="DestinationPortName">http-alt</Data>
    
  </EventData>
</Event>
<Event xmlns="http://schemas.microsoft.com/win/2004/08/events/event">
  <System>
    <Provider Name="Microsoft-Windows-Sysmon" Guid="{5770385f-c22a-43e0-bf4c-06f5698ffbd9}"/>
    <EventID>3</EventID>
    <Version>5</Version>
    <Level>4</Level>
    <Task>3</Task>
    <Opcode>0</Opcode>
    <Keywords>0x8000000000000000</Keywords>
    <TimeCreated SystemTime="2024-05-14T15:16:11.3783109Z"/>
    <EventRecordID>591819</EventRecordID>
    <Correlation/>
    <Execution ProcessID="1948" ThreadID="3656"/>
    <Channel>Microsoft-Windows-Sysmon/Operational</Channel>
    <Computer>WS-MPATEL-01.northstar-branch.local</Computer>
    <Security UserID="S-1-5-18"/>
  </System>
  <EventData>
    
    <Data Name="RuleName">-</Data>
    <Data Name="UtcTime">2024-05-14 15:16:11.378</Data>
    <Data Name="ProcessGuid">{09be5655-6a23-6643-0900-0000f9ca6399}</Data>
    <Data Name="ProcessId">5232</Data>
    <Data Name="Image">C:\Program Files\Mozilla Firefox\firefox.exe</Data>
    <Data Name="User">NORTHSTAR-BRANCH\maya.patel</Data>
    <Data Name="Protocol">tcp</Data>
    <Data Name="Initiated">true</Data>
    <Data Name="SourceIsIpv6">false</Data>
    <Data Name="SourceIp">10.44.10.21</Data>
    <Data Name="SourceHostname">WS-MPATEL-01.northstar-branch.local</Data>
    <Data Name="SourcePort">58704</Data>
    <Data Name="SourcePortName">-</Data>
    <Data Name="DestinationIsIpv6">false</Data>
    <Data Name="DestinationIp">10.44.20.30</Data>
    <Data Name="DestinationHostname">PROXY-BO-01.northstar-branch.local</Data>
    <Data Name="DestinationPort">8080</Data>
    <Data Name="DestinationPortName">http-alt</Data>
    
  </EventData>
</Event>
<Event xmlns="http://schemas.microsoft.com/win/2004/08/events/event">
  <System>
    <Provider Name="Microsoft-Windows-Sysmon" Guid="{5770385f-c22a-43e0-bf4c-06f5698ffbd9}"/>
    <EventID>1</EventID>
    <Version>5</Version>
    <Level>4</Level>
    <Task>1</Task>
    <Opcode>0</Opcode>
    <Keywords>0x8000000000000000</Keywords>
    <TimeCreated SystemTime="2024-05-14T15:16:16.6720966Z"/>
    <EventRecordID>591820</EventRecordID>
    <Correlation/>
    <Execution ProcessID="1948" ThreadID="2932"/>
    <Channel>Microsoft-Windows-Sysmon/Operational</Channel>
    <Computer>WS-MPATEL-01.northstar-branch.local</Computer>
    <Security UserID="S-1-5-18"/>
  </System>
  <EventData>
    
    <Data Name="RuleName">-</Data>
    <Data Name="UtcTime">2024-05-14 15:16:16.672</Data>
    <Data Name="ProcessGuid">{09be5655-8040-6643-fc00-00002404e7c7}</Data>
    <Data Name="ProcessId">5528</Data>
    <Data Name="Image">C:\Program Files\Google\Chrome\Application\chrome.exe</Data>
    <Data Name="FileVersion">120.0.6099.225</Data>
    <Data Name="Description">Google Chrome</Data>
    <Data Name="Product">Google Chrome</Data>
    <Data Name="Company">Google LLC</Data>
    <Data Name="OriginalFileName">chrome.exe</Data>
    <Data Name="CommandLine">"C:\Program Files\Google\Chrome\Application\chrome.exe"</Data>
    <Data Name="CurrentDirectory">C:\Users\maya.patel\</Data>
    <Data Name="User">NORTHSTAR-BRANCH\maya.patel</Data>
    <Data Name="LogonGuid">{00000000-0000-0000-0000-000000000000}</Data>
    <Data Name="LogonId">0xccf9110</Data>
    <Data Name="TerminalSessionId">2</Data>
    <Data Name="IntegrityLevel">Medium</Data>
    <Data Name="Hashes">SHA1=9A6ABFD71C6BF2F4EBB94D3F8749E823BCBA1599,MD5=9C138CF19782C37F8D6546E930658EC5,SHA256=70A3704619A118FFAE3B629CE7A4180B6A590C15315A1AF231BD743641F92879,IMPHASH=CEACCC3BA7E24A3EE7324A871B42715A</Data>
    <Data Name="ParentProcessGuid">{09be5655-8000-6643-d500-0010e0ed5b2c}</Data>
    <Data Name="ParentProcessId">5512</Data>
    <Data Name="ParentImage">C:\Windows\explorer.exe</Data>
    <Data Name="ParentCommandLine">explorer.exe</Data>
    
  </EventData>
</Event>
<Event xmlns="http://schemas.microsoft.com/win/2004/08/events/event">
  <System>
    <Provider Name="Microsoft-Windows-Sysmon" Guid="{5770385f-c22a-43e0-bf4c-06f5698ffbd9}"/>
    <EventID>1</EventID>
    <Version>5</Version>
    <Level>4</Level>
    <Task>1</Task>
    <Opcode>0</Opcode>
    <Keywords>0x8000000000000000</Keywords>
    <TimeCreated SystemTime="2024-05-14T15:16:33.8102310Z"/>
    <EventRecordID>591834</EventRecordID>
    <Correlation/>
    <Execution ProcessID="1948" ThreadID="2932"/>
    <Channel>Microsoft-Windows-Sysmon/Operational</Channel>
    <Computer>WS-MPATEL-01.northstar-branch.local</Computer>
    <Security UserID="S-1-5-18"/>
  </System>
  <EventData>
    
    <Data Name="RuleName">-</Data>
    <Data Name="UtcTime">2024-05-14 15:16:33.810</Data>
    <Data Name="ProcessGuid">{09be5655-8051-6643-aa00-00008140a4b5}</Data>
    <Data Name="ProcessId">5596</Data>
    <Data Name="Image">C:\Program Files\Google\Chrome\Application\chrome.exe</Data>
    <Data Name="FileVersion">120.0.6099.225</Data>
    <Data Name="Description">Google Chrome</Data>
    <Data Name="Product">Google Chrome</Data>
    <Data Name="Company">Google LLC</Data>
    <Data Name="OriginalFileName">chrome.exe</Data>
    <Data Name="CommandLine">"C:\Program Files\Google\Chrome\Application\chrome.exe"</Data>
    <Data Name="CurrentDirectory">C:\Users\maya.patel\</Data>
    <Data Name="User">NORTHSTAR-BRANCH\maya.patel</Data>
    <Data Name="LogonGuid">{00000000-0000-0000-0000-000000000000}</Data>
    <Data Name="LogonId">0xccf9110</Data>
    <Data Name="TerminalSessionId">2</Data>
    <Data Name="IntegrityLevel">Medium</Data>
    <Data Name="Hashes">SHA1=9A6ABFD71C6BF2F4EBB94D3F8749E823BCBA1599,MD5=9C138CF19782C37F8D6546E930658EC5,SHA256=70A3704619A118FFAE3B629CE7A4180B6A590C15315A1AF231BD743641F92879,IMPHASH=CEACCC3BA7E24A3EE7324A871B42715A</Data>
    <Data Name="ParentProcessGuid">{09be5655-8000-6643-d500-0010e0ed5b2c}</Data>
    <Data Name="ParentProcessId">5512</Data>
    <Data Name="ParentImage">C:\Windows\explorer.exe</Data>
    <Data Name="ParentCommandLine">explorer.exe</Data>
    
  </EventData>
</Event>
<Event xmlns="http://schemas.microsoft.com/win/2004/08/events/event">
  <System>
    <Provider Name="Microsoft-Windows-Sysmon" Guid="{5770385f-c22a-43e0-bf4c-06f5698ffbd9}"/>
    <EventID>1</EventID>
    <Version>5</Version>
    <Level>4</Level>
    <Task>1</Task>
    <Opcode>0</Opcode>
    <Keywords>0x8000000000000000</Keywords>
    <TimeCreated SystemTime="2024-05-14T15:16:34.5189905Z"/>
    <EventRecordID>592357</EventRecordID>
    <Correlation/>
    <Execution ProcessID="1948" ThreadID="1352"/>
    <Channel>Microsoft-Windows-Sysmon/Operational</Channel>
    <Computer>WS-MPATEL-01.northstar-branch.local</Computer>
    <Security UserID="S-1-5-18"/>
  </System>
  <EventData>
    
    <Data Name="RuleName">-</Data>
    <Data Name="UtcTime">2024-05-14 15:16:34.518</Data>
    <Data Name="ProcessGuid">{09be5655-8052-6643-0602-000082e53d18}</Data>
    <Data Name="ProcessId">5608</Data>
    <Data Name="Image">C:\Program Files\Google\Chrome\Application\chrome.exe</Data>
    <Data Name="FileVersion">120.0.6099.225</Data>
    <Data Name="Description">Google Chrome</Data>
    <Data Name="Product">Google Chrome</Data>
    <Data Name="Company">Google LLC</Data>
    <Data Name="OriginalFileName">chrome.exe</Data>
    <Data Name="CommandLine">"C:\Program Files\Google\Chrome\Application\chrome.exe" --type=renderer --enable-features=NetworkService</Data>
    <Data Name="CurrentDirectory">C:\Program Files\Google\Chrome\Application\</Data>
    <Data Name="User">NORTHSTAR-BRANCH\maya.patel</Data>
    <Data Name="LogonGuid">{00000000-0000-0000-0000-000000000000}</Data>
    <Data Name="LogonId">0xccf9110</Data>
    <Data Name="TerminalSessionId">2</Data>
    <Data Name="IntegrityLevel">Low</Data>
    <Data Name="Hashes">SHA1=9A6ABFD71C6BF2F4EBB94D3F8749E823BCBA1599,MD5=9C138CF19782C37F8D6546E930658EC5,SHA256=70A3704619A118FFAE3B629CE7A4180B6A590C15315A1AF231BD743641F92879,IMPHASH=CEACCC3BA7E24A3EE7324A871B42715A</Data>
    <Data Name="ParentProcessGuid">{09be5655-8051-6643-aa00-00008140a4b5}</Data>
    <Data Name="ParentProcessId">5596</Data>
    <Data Name="ParentImage">C:\Program Files\Google\Chrome\Application\chrome.exe</Data>
    <Data Name="ParentCommandLine">"C:\Program Files\Google\Chrome\Application\chrome.exe"</Data>
    
  </EventData>
</Event>
<Event xmlns="http://schemas.microsoft.com/win/2004/08/events/event">
  <System>
    <Provider Name="Microsoft-Windows-Sysmon" Guid="{5770385f-c22a-43e0-bf4c-06f5698ffbd9}"/>
    <EventID>1</EventID>
    <Version>5</Version>
    <Level>4</Level>
    <Task>1</Task>
    <Opcode>0</Opcode>
    <Keywords>0x8000000000000000</Keywords>
    <TimeCreated SystemTime="2024-05-14T15:16:38.6559955Z"/>
    <EventRecordID>592455</EventRecordID>
    <Correlation/>
    <Execution ProcessID="1948" ThreadID="1352"/>
    <Channel>Microsoft-Windows-Sysmon/Operational</Channel>
    <Computer>WS-MPATEL-01.northstar-branch.local</Computer>
    <Security UserID="S-1-5-18"/>
  </System>
  <EventData>
    
    <Data Name="RuleName">-</Data>
    <Data Name="UtcTime">2024-05-14 15:16:38.655</Data>
    <Data Name="ProcessGuid">{09be5655-8056-6643-3e00-0010f5988916}</Data>
    <Data Name="ProcessId">5752</Data>
    <Data Name="Image">C:\Program Files\Microsoft Office\root\Office16\OUTLOOK.EXE</Data>
    <Data Name="FileVersion">16.0.17628.20006</Data>
    <Data Name="Description">Microsoft Outlook</Data>
    <Data Name="Product">Microsoft Office</Data>
    <Data Name="Company">Microsoft Corporation</Data>
    <Data Name="OriginalFileName">OUTLOOK.EXE</Data>
    <Data Name="CommandLine">"C:\Program Files\Microsoft Office\root\Office16\OUTLOOK.EXE"</Data>
    <Data Name="CurrentDirectory">C:\Users\maya.patel\</Data>
    <Data Name="User">NORTHSTAR-BRANCH\maya.patel</Data>
    <Data Name="LogonGuid">{00000000-0000-0000-0000-000000000000}</Data>
    <Data Name="LogonId">0xccf9110</Data>
    <Data Name="TerminalSessionId">2</Data>
    <Data Name="IntegrityLevel">Medium</Data>
    <Data Name="Hashes">SHA1=00553B41FF2C633CDDCC70DC6A89DE4549199D21,MD5=B89F7BBAB029745FB9584FD036A59174,SHA256=87C0B5BE68710F6A918925753EEA06D480A50E9082C36456F8D15DF00C45BA6A,IMPHASH=EDD021C2475DBC2F7A7B985B732DFB97</Data>
    <Data Name="ParentProcessGuid">{09be5655-8000-6643-d500-0010e0ed5b2c}</Data>
    <Data Name="ParentProcessId">5512</Data>
    <Data Name="ParentImage">C:\Windows\explorer.exe</Data>
    <Data Name="ParentCommandLine">explorer.exe</Data>
    
  </EventData>
</Event>
<Event xmlns="http://schemas.microsoft.com/win/2004/08/events/event">
  <System>
    <Provider Name="Microsoft-Windows-Sysmon" Guid="{5770385f-c22a-43e0-bf4c-06f5698ffbd9}"/>
    <EventID>3</EventID>
    <Version>5</Version>
    <Level>4</Level>
    <Task>3</Task>
    <Opcode>0</Opcode>
    <Keywords>0x8000000000000000</Keywords>
    <TimeCreated SystemTime="2024-05-14T15:16:40.1103686Z"/>
    <EventRecordID>592456</EventRecordID>
    <Correlation/>
    <Execution ProcessID="1948" ThreadID="1352"/>
    <Channel>Microsoft-Windows-Sysmon/Operational</Channel>
    <Computer>WS-MPATEL-01.northstar-branch.local</Computer>
    <Security UserID="S-1-5-18"/>
  </System>
  <EventData>
    
    <Data Name="RuleName">-</Data>
    <Data Name="UtcTime">2024-05-14 15:16:40.110</Data>
    <Data Name="ProcessGuid">{09be5655-6a23-6643-0900-0000f9ca6399}</Data>
    <Data Name="ProcessId">5232</Data>
    <Data Name="Image">C:\Program Files\Mozilla Firefox\firefox.exe</Data>
    <Data Name="User">NORTHSTAR-BRANCH\maya.patel</Data>
    <Data Name="Protocol">tcp</Data>
    <Data Name="Initiated">true</Data>
    <Data Name="SourceIsIpv6">false</Data>
    <Data Name="SourceIp">10.44.10.21</Data>
    <Data Name="SourceHostname">WS-MPATEL-01.northstar-branch.local</Data>
    <Data Name="SourcePort">51440</Data>
    <Data Name="SourcePortName">-</Data>
    <Data Name="DestinationIsIpv6">false</Data>
    <Data Name="DestinationIp">10.44.20.30</Data>
    <Data Name="DestinationHostname">PROXY-BO-01.northstar-branch.local</Data>
    <Data Name="DestinationPort">8080</Data>
    <Data Name="DestinationPortName">http-alt</Data>
    
  </EventData>
</Event>
<Event xmlns="http://schemas.microsoft.com/win/2004/08/events/event">
  <System>
    <Provider Name="Microsoft-Windows-Sysmon" Guid="{5770385f-c22a-43e0-bf4c-06f5698ffbd9}"/>
    <EventID>5</EventID>
    <Version>3</Version>
    <Level>4</Level>
    <Task>5</Task>
    <Opcode>0</Opcode>
    <Keywords>0x8000000000000000</Keywords>
    <TimeCreated SystemTime="2024-05-14T15:16:42.0122990Z"/>
    <EventRecordID>592457</EventRecordID>
    <Correlation/>
    <Execution ProcessID="1948" ThreadID="1352"/>
    <Channel>Microsoft-Windows-Sysmon/Operational</Channel>
    <Computer>WS-MPATEL-01.northstar-branch.local</Computer>
    <Security UserID="S-1-5-18"/>
  </System>
  <EventData>
    
    <Data Name="RuleName">-</Data>
    <Data Name="UtcTime">2024-05-14 15:16:42.012</Data>
    <Data Name="ProcessGuid">{09be5655-7fbf-6643-6f02-000008a5df58}</Data>
    <Data Name="ProcessId">5840</Data>
    <Data Name="Image">C:\Program Files\Zoom\bin\ZoomUpdate.exe</Data>
    <Data Name="User">NT AUTHORITY\SYSTEM</Data>
    
  </EventData>
</Event>
<Event xmlns="http://schemas.microsoft.com/win/2004/08/events/event">
  <System>
    <Provider Name="Microsoft-Windows-Sysmon" Guid="{5770385f-c22a-43e0-bf4c-06f5698ffbd9}"/>
    <EventID>1</EventID>
    <Version>5</Version>
    <Level>4</Level>
    <Task>1</Task>
    <Opcode>0</Opcode>
    <Keywords>0x8000000000000000</Keywords>
    <TimeCreated SystemTime="2024-05-14T15:16:43.3805122Z"/>
    <EventRecordID>592494</EventRecordID>
    <Correlation/>
    <Execution ProcessID="1948" ThreadID="1352"/>
    <Channel>Microsoft-Windows-Sysmon/Operational</Channel>
    <Computer>WS-MPATEL-01.northstar-branch.local</Computer>
    <Security UserID="S-1-5-18"/>
  </System>
  <EventData>
    
    <Data Name="RuleName">-</Data>
    <Data Name="UtcTime">2024-05-14 15:16:43.380</Data>
    <Data Name="ProcessGuid">{09be5655-805b-6643-9102-0010f98a15f1}</Data>
    <Data Name="ProcessId">5620</Data>
    <Data Name="Image">C:\Program Files\Google\Chrome\Application\chrome.exe</Data>
    <Data Name="FileVersion">120.0.6099.225</Data>
    <Data Name="Description">Google Chrome</Data>
    <Data Name="Product">Google Chrome</Data>
    <Data Name="Company">Google LLC</Data>
    <Data Name="OriginalFileName">chrome.exe</Data>
    <Data Name="CommandLine">"C:\Program Files\Google\Chrome\Application\chrome.exe"</Data>
    <Data Name="CurrentDirectory">C:\Users\maya.patel\</Data>
    <Data Name="User">NORTHSTAR-BRANCH\maya.patel</Data>
    <Data Name="LogonGuid">{00000000-0000-0000-0000-000000000000}</Data>
    <Data Name="LogonId">0xccf9110</Data>
    <Data Name="TerminalSessionId">2</Data>
    <Data Name="IntegrityLevel">Medium</Data>
    <Data Name="Hashes">SHA1=9A6ABFD71C6BF2F4EBB94D3F8749E823BCBA1599,MD5=9C138CF19782C37F8D6546E930658EC5,SHA256=70A3704619A118FFAE3B629CE7A4180B6A590C15315A1AF231BD743641F92879,IMPHASH=CEACCC3BA7E24A3EE7324A871B42715A</Data>
    <Data Name="ParentProcessGuid">{09be5655-8000-6643-d500-0010e0ed5b2c}</Data>
    <Data Name="ParentProcessId">5512</Data>
    <Data Name="ParentImage">C:\Windows\explorer.exe</Data>
    <Data Name="ParentCommandLine">explorer.exe</Data>
    
  </EventData>
</Event>
<Event xmlns="http://schemas.microsoft.com/win/2004/08/events/event">
  <System>
    <Provider Name="Microsoft-Windows-Sysmon" Guid="{5770385f-c22a-43e0-bf4c-06f5698ffbd9}"/>
    <EventID>1</EventID>
    <Version>5</Version>
    <Level>4</Level>
    <Task>1</Task>
    <Opcode>0</Opcode>
    <Keywords>0x8000000000000000</Keywords>
    <TimeCreated SystemTime="2024-05-14T15:17:00.1194835Z"/>
    <EventRecordID>592516</EventRecordID>
    <Correlation/>
    <Execution ProcessID="1948" ThreadID="2932"/>
    <Channel>Microsoft-Windows-Sysmon/Operational</Channel>
    <Computer>WS-MPATEL-01.northstar-branch.local</Computer>
    <Security UserID="S-1-5-18"/>
  </System>
  <EventData>
    
    <Data Name="RuleName">-</Data>
    <Data Name="UtcTime">2024-05-14 15:17:00.119</Data>
    <Data Name="ProcessGuid">{09be5655-806c-6643-1000-0000d5f96b5a}</Data>
    <Data Name="ProcessId">5628</Data>
    <Data Name="Image">C:\Program Files\Google\Chrome\Application\chrome.exe</Data>
    <Data Name="FileVersion">120.0.6099.225</Data>
    <Data Name="Description">Google Chrome</Data>
    <Data Name="Product">Google Chrome</Data>
    <Data Name="Company">Google LLC</Data>
    <Data Name="OriginalFileName">chrome.exe</Data>
    <Data Name="CommandLine">"C:\Program Files\Google\Chrome\Application\chrome.exe"</Data>
    <Data Name="CurrentDirectory">C:\Users\maya.patel\</Data>
    <Data Name="User">NORTHSTAR-BRANCH\maya.patel</Data>
    <Data Name="LogonGuid">{00000000-0000-0000-0000-000000000000}</Data>
    <Data Name="LogonId">0xccf9110</Data>
    <Data Name="TerminalSessionId">2</Data>
    <Data Name="IntegrityLevel">Medium</Data>
    <Data Name="Hashes">SHA1=9A6ABFD71C6BF2F4EBB94D3F8749E823BCBA1599,MD5=9C138CF19782C37F8D6546E930658EC5,SHA256=70A3704619A118FFAE3B629CE7A4180B6A590C15315A1AF231BD743641F92879,IMPHASH=CEACCC3BA7E24A3EE7324A871B42715A</Data>
    <Data Name="ParentProcessGuid">{09be5655-8000-6643-d500-0010e0ed5b2c}</Data>
    <Data Name="ParentProcessId">5512</Data>
    <Data Name="ParentImage">C:\Windows\explorer.exe</Data>
    <Data Name="ParentCommandLine">explorer.exe</Data>
    
  </EventData>
</Event>
<Event xmlns="http://schemas.microsoft.com/win/2004/08/events/event">
  <System>
    <Provider Name="Microsoft-Windows-Sysmon" Guid="{5770385f-c22a-43e0-bf4c-06f5698ffbd9}"/>
    <EventID>1</EventID>
    <Version>5</Version>
    <Level>4</Level>
    <Task>1</Task>
    <Opcode>0</Opcode>
    <Keywords>0x8000000000000000</Keywords>
    <TimeCreated SystemTime="2024-05-14T15:17:03.6422962Z"/>
    <EventRecordID>592517</EventRecordID>
    <Correlation/>
    <Execution ProcessID="1948" ThreadID="2932"/>
    <Channel>Microsoft-Windows-Sysmon/Operational</Channel>
    <Computer>WS-MPATEL-01.northstar-branch.local</Computer>
    <Security UserID="S-1-5-18"/>
  </System>
  <EventData>
    
    <Data Name="RuleName">-</Data>
    <Data Name="UtcTime">2024-05-14 15:17:03.642</Data>
    <Data Name="ProcessGuid">{09be5655-806f-6643-ad02-00104bc88db2}</Data>
    <Data Name="ProcessId">5632</Data>
    <Data Name="Image">C:\Program Files\Google\Chrome\Application\chrome.exe</Data>
    <Data Name="FileVersion">120.0.6099.225</Data>
    <Data Name="Description">Google Chrome</Data>
    <Data Name="Product">Google Chrome</Data>
    <Data Name="Company">Google LLC</Data>
    <Data Name="OriginalFileName">chrome.exe</Data>
    <Data Name="CommandLine">"C:\Program Files\Google\Chrome\Application\chrome.exe" --type=gpu-process</Data>
    <Data Name="CurrentDirectory">C:\Program Files\Google\Chrome\Application\</Data>
    <Data Name="User">NORTHSTAR-BRANCH\maya.patel</Data>
    <Data Name="LogonGuid">{00000000-0000-0000-0000-000000000000}</Data>
    <Data Name="LogonId">0xccf9110</Data>
    <Data Name="TerminalSessionId">2</Data>
    <Data Name="IntegrityLevel">Low</Data>
    <Data Name="Hashes">SHA1=9A6ABFD71C6BF2F4EBB94D3F8749E823BCBA1599,MD5=9C138CF19782C37F8D6546E930658EC5,SHA256=70A3704619A118FFAE3B629CE7A4180B6A590C15315A1AF231BD743641F92879,IMPHASH=CEACCC3BA7E24A3EE7324A871B42715A</Data>
    <Data Name="ParentProcessGuid">{09be5655-806c-6643-1000-0000d5f96b5a}</Data>
    <Data Name="ParentProcessId">5628</Data>
    <Data Name="ParentImage">C:\Program Files\Google\Chrome\Application\chrome.exe</Data>
    <Data Name="ParentCommandLine">"C:\Program Files\Google\Chrome\Application\chrome.exe"</Data>
    
  </EventData>
</Event>
<Event xmlns="http://schemas.microsoft.com/win/2004/08/events/event">
  <System>
    <Provider Name="Microsoft-Windows-Sysmon" Guid="{5770385f-c22a-43e0-bf4c-06f5698ffbd9}"/>
    <EventID>13</EventID>
    <Version>2</Version>
    <Level>4</Level>
    <Task>13</Task>
    <Opcode>0</Opcode>
    <Keywords>0x8000000000000000</Keywords>
    <TimeCreated SystemTime="2024-05-14T15:17:44.7719867Z"/>
    <EventRecordID>592519</EventRecordID>
    <Correlation/>
    <Execution ProcessID="1948" ThreadID="2852"/>
    <Channel>Microsoft-Windows-Sysmon/Operational</Channel>
    <Computer>WS-MPATEL-01.northstar-branch.local</Computer>
    <Security UserID="S-1-5-18"/>
  </System>
  <EventData>
    
    <Data Name="RuleName">-</Data>
    <Data Name="EventType">SetValue</Data>
    <Data Name="UtcTime">2024-05-14 15:17:44.771</Data>
    <Data Name="ProcessGuid">{09be5655-e8e6-662c-2d00-00008f28d74f}</Data>
    <Data Name="ProcessId">4316</Data>
    <Data Name="Image">C:\Windows\System32\RuntimeBroker.exe</Data>
    <Data Name="User">NORTHSTAR-BRANCH\maya.patel</Data>
    <Data Name="TargetObject">HKU\S-1-5-21-3882363548-2838386070-1334550370-1001\Software\Microsoft\Windows\CurrentVersion\Explorer\UserAssist\{CEBFF5CD-ACE2-4F4F-9178-9926F41749EA}\Count\HRZR_EHACNGU:P:\Cebtenz Svyrf\Zvpebfbsg Bssvpr\ebbg\Bssvpr16\JVAJBEQ.RKR</Data>
    <Data Name="Details">1D F9 1D 14 AF EA C3 73 0B 6B 8B 57 90 3A 17 CD CD 8C 14 8B 79 2E E1 B6 70 2C F1 86 E8 B2 70 1F 1C D8 23 CC 59 06 D4 76</Data>
    
  </EventData>
</Event>
<Event xmlns="http://schemas.microsoft.com/win/2004/08/events/event">
  <System>
    <Provider Name="Microsoft-Windows-Sysmon" Guid="{5770385f-c22a-43e0-bf4c-06f5698ffbd9}"/>
    <EventID>1</EventID>
    <Version>5</Version>
    <Level>4</Level>
    <Task>1</Task>
    <Opcode>0</Opcode>
    <Keywords>0x8000000000000000</Keywords>
    <TimeCreated SystemTime="2024-05-14T15:20:47.0595331Z"/>
    <EventRecordID>592663</EventRecordID>
    <Correlation/>
    <Execution ProcessID="1948" ThreadID="1352"/>
    <Channel>Microsoft-Windows-Sysmon/Operational</Channel>
    <Computer>WS-MPATEL-01.northstar-branch.local</Computer>
    <Security UserID="S-1-5-18"/>
  </System>
  <EventData>
    
    <Data Name="RuleName">-</Data>
    <Data Name="UtcTime">2024-05-14 15:20:47.059</Data>
    <Data Name="ProcessGuid">{09be5655-814f-6643-a500-000037256742}</Data>
    <Data Name="ProcessId">5820</Data>
    <Data Name="Image">C:\Program Files\Palo Alto Networks\GlobalProtect\PanGPS.exe</Data>
    <Data Name="FileVersion">-</Data>
    <Data Name="Description">-</Data>
    <Data Name="Product">-</Data>
    <Data Name="Company">-</Data>
    <Data Name="OriginalFileName">-</Data>
    <Data Name="CommandLine">PanGPS.exe</Data>
    <Data Name="CurrentDirectory">C:\Windows\System32\</Data>
    <Data Name="User">NT AUTHORITY\SYSTEM</Data>
    <Data Name="LogonGuid">{f466cff6-d6fa-47fb-8b45-4162d5ad0273}</Data>
    <Data Name="LogonId">0x3e7</Data>
    <Data Name="TerminalSessionId">0</Data>
    <Data Name="IntegrityLevel">System</Data>
    <Data Name="Hashes">SHA1=3E200EA313A39B2CBEE20971DDD7C18B622CE2D1,MD5=3F21D9F4256A8E3AA849259BD1FBE527,SHA256=34AA7BEFDA8F05386177BA93D66E597AE790BE0BC1B08F53796B052FEE28C2F6,IMPHASH=B0306BFAEFE452A8693305757C9EB154</Data>
    <Data Name="ParentProcessGuid">{09be5655-e8c8-662c-ca02-00002e148e7c}</Data>
    <Data Name="ParentProcessId">4080</Data>
    <Data Name="ParentImage">C:\Windows\System32\services.exe</Data>
    <Data Name="ParentCommandLine">services.exe</Data>
    
  </EventData>
</Event>
<Event xmlns="http://schemas.microsoft.com/win/2004/08/events/event">
  <System>
    <Provider Name="Microsoft-Windows-Sysmon" Guid="{5770385f-c22a-43e0-bf4c-06f5698ffbd9}"/>
    <EventID>10</EventID>
    <Version>3</Version>
    <Level>4</Level>
    <Task>10</Task>
    <Opcode>0</Opcode>
    <Keywords>0x8000000000000000</Keywords>
    <TimeCreated SystemTime="2024-05-14T15:23:57.0573233Z"/>
    <EventRecordID>592668</EventRecordID>
    <Correlation/>
    <Execution ProcessID="1948" ThreadID="2852"/>
    <Channel>Microsoft-Windows-Sysmon/Operational</Channel>
    <Computer>WS-MPATEL-01.northstar-branch.local</Computer>
    <Security UserID="S-1-5-18"/>
  </System>
  <EventData>
    
    <Data Name="RuleName">-</Data>
    <Data Name="UtcTime">2024-05-14 15:23:57.057</Data>
    <Data Name="SourceProcessGUID">{09be5655-e8d9-662c-8500-001064e80f55}</Data>
    <Data Name="SourceProcessId">4172</Data>
    <Data Name="SourceImage">C:\Windows\System32\SearchIndexer.exe</Data>
    <Data Name="SourceThreadId">5744</Data>
    <Data Name="SourceUser">NT AUTHORITY\SYSTEM</Data>
    <Data Name="TargetProcessGUID">{09be5655-e8dc-662c-9e00-00007886b3b0}</Data>
    <Data Name="TargetProcessId">4200</Data>
    <Data Name="TargetImage">C:\Windows\System32\SearchProtocolHost.exe</Data>
    <Data Name="TargetUser">NT AUTHORITY\SYSTEM</Data>
    <Data Name="GrantedAccess">0x1000</Data>
    <Data Name="CallTrace">C:\Windows\SYSTEM32\ntdll.dll+9D31E|C:\Windows\SYSTEM32\KERNELBASE.dll+2C3E9|C:\Windows\SYSTEM32\wbemcomn.dll+17A9B</Data>
    
  </EventData>
</Event>
<Event xmlns="http://schemas.microsoft.com/win/2004/08/events/event">
  <System>
    <Provider Name="Microsoft-Windows-Sysmon" Guid="{5770385f-c22a-43e0-bf4c-06f5698ffbd9}"/>
    <EventID>3</EventID>
    <Version>5</Version>
    <Level>4</Level>
    <Task>3</Task>
    <Opcode>0</Opcode>
    <Keywords>0x8000000000000000</Keywords>
    <TimeCreated SystemTime="2024-05-14T15:24:11.5818426Z"/>
    <EventRecordID>592691</EventRecordID>
    <Correlation/>
    <Execution ProcessID="1948" ThreadID="2852"/>
    <Channel>Microsoft-Windows-Sysmon/Operational</Channel>
    <Computer>WS-MPATEL-01.northstar-branch.local</Computer>
    <Security UserID="S-1-5-18"/>
  </System>
  <EventData>
    
    <Data Name="RuleName">-</Data>
    <Data Name="UtcTime">2024-05-14 15:24:11.581</Data>
    <Data Name="ProcessGuid">{09be5655-414b-6643-8900-001048bc41b2}</Data>
    <Data Name="ProcessId">4360</Data>
    <Data Name="Image">C:\Program Files\Internet Explorer\iexplore.exe</Data>
    <Data Name="User">NORTHSTAR-BRANCH\maya.patel</Data>
    <Data Name="Protocol">tcp</Data>
    <Data Name="Initiated">true</Data>
    <Data Name="SourceIsIpv6">false</Data>
    <Data Name="SourceIp">10.44.10.21</Data>
    <Data Name="SourceHostname">WS-MPATEL-01.northstar-branch.local</Data>
    <Data Name="SourcePort">50766</Data>
    <Data Name="SourcePortName">-</Data>
    <Data Name="DestinationIsIpv6">false</Data>
    <Data Name="DestinationIp">10.44.20.30</Data>
    <Data Name="DestinationHostname">PROXY-BO-01.northstar-branch.local</Data>
    <Data Name="DestinationPort">8080</Data>
    <Data Name="DestinationPortName">http-alt</Data>
    
  </EventData>
</Event>
<Event xmlns="http://schemas.microsoft.com/win/2004/08/events/event">
  <System>
    <Provider Name="Microsoft-Windows-Sysmon" Guid="{5770385f-c22a-43e0-bf4c-06f5698ffbd9}"/>
    <EventID>11</EventID>
    <Version>2</Version>
    <Level>4</Level>
    <Task>11</Task>
    <Opcode>0</Opcode>
    <Keywords>0x8000000000000000</Keywords>
    <TimeCreated SystemTime="2024-05-14T15:25:08.9246090Z"/>
    <EventRecordID>592693</EventRecordID>
    <Correlation/>
    <Execution ProcessID="1948" ThreadID="2852"/>
    <Channel>Microsoft-Windows-Sysmon/Operational</Channel>
    <Computer>WS-MPATEL-01.northstar-branch.local</Computer>
    <Security UserID="S-1-5-18"/>
  </System>
  <EventData>
    
    <Data Name="RuleName">-</Data>
    <Data Name="UtcTime">2024-05-14 15:25:08.924</Data>
    <Data Name="ProcessGuid">{09be5655-e8df-662c-7502-00000ba3be8c}</Data>
    <Data Name="ProcessId">4264</Data>
    <Data Name="Image">C:\Windows\System32\taskhostw.exe</Data>
    <Data Name="User">NT AUTHORITY\SYSTEM</Data>
    <Data Name="TargetFilename">C:\ProgramData\Microsoft\Windows Defender\Scans\History\Service\DetectionHistory\10375</Data>
    <Data Name="CreationUtcTime">2024-05-14 15:25:08.924</Data>
    
  </EventData>
</Event>
<Event xmlns="http://schemas.microsoft.com/win/2004/08/events/event">
  <System>
    <Provider Name="Microsoft-Windows-Sysmon" Guid="{5770385f-c22a-43e0-bf4c-06f5698ffbd9}"/>
    <EventID>13</EventID>
    <Version>2</Version>
    <Level>4</Level>
    <Task>13</Task>
    <Opcode>0</Opcode>
    <Keywords>0x8000000000000000</Keywords>
    <TimeCreated SystemTime="2024-05-14T15:25:34.5134393Z"/>
    <EventRecordID>592699</EventRecordID>
    <Correlation/>
    <Execution ProcessID="1948" ThreadID="2932"/>
    <Channel>Microsoft-Windows-Sysmon/Operational</Channel>
    <Computer>WS-MPATEL-01.northstar-branch.local</Computer>
    <Security UserID="S-1-5-18"/>
  </System>
  <EventData>
    
    <Data Name="RuleName">-</Data>
    <Data Name="EventType">SetValue</Data>
    <Data Name="UtcTime">2024-05-14 15:25:34.513</Data>
    <Data Name="ProcessGuid">{09be5655-e8e6-662c-2d00-00008f28d74f}</Data>
    <Data Name="ProcessId">4316</Data>
    <Data Name="Image">C:\Windows\System32\RuntimeBroker.exe</Data>
    <Data Name="User">NORTHSTAR-BRANCH\maya.patel</Data>
    <Data Name="TargetObject">HKU\S-1-5-21-3882363548-2838386070-1334550370-1001\Software\Microsoft\Office\16.0\Word\Reading Locations\Document 4\Datetime</Data>
    <Data Name="Details">2024-05-14T14:26:39</Data>
    
  </EventData>
</Event>
<Event xmlns="http://schemas.microsoft.com/win/2004/08/events/event">
  <System>
    <Provider Name="Microsoft-Windows-Sysmon" Guid="{5770385f-c22a-43e0-bf4c-06f5698ffbd9}"/>
    <EventID>13</EventID>
    <Version>2</Version>
    <Level>4</Level>
    <Task>13</Task>
    <Opcode>0</Opcode>
    <Keywords>0x8000000000000000</Keywords>
    <TimeCreated SystemTime="2024-05-14T15:25:54.8044519Z"/>
    <EventRecordID>592700</EventRecordID>
    <Correlation/>
    <Execution ProcessID="1948" ThreadID="2852"/>
    <Channel>Microsoft-Windows-Sysmon/Operational</Channel>
    <Computer>WS-MPATEL-01.northstar-branch.local</Computer>
    <Security UserID="S-1-5-18"/>
  </System>
  <EventData>
    
    <Data Name="RuleName">-</Data>
    <Data Name="EventType">SetValue</Data>
    <Data Name="UtcTime">2024-05-14 15:25:54.804</Data>
    <Data Name="ProcessGuid">{09be5655-e8e6-662c-2d00-00008f28d74f}</Data>
    <Data Name="ProcessId">4316</Data>
    <Data Name="Image">C:\Windows\System32\RuntimeBroker.exe</Data>
    <Data Name="User">NORTHSTAR-BRANCH\maya.patel</Data>
    <Data Name="TargetObject">HKU\S-1-5-21-3882363548-2838386070-1334550370-1001\Software\Microsoft\Windows\CurrentVersion\Explorer\UserAssist\{CEBFF5CD-ACE2-4F4F-9178-9926F41749EA}\Count\HRZR_EHACNGU:P:\Cebtenz Svyrf\Tbbtyr\Puebzr\Nccyvpngvba\puebzr.rkr</Data>
    <Data Name="Details">D3 42 8E D3 28 62 6B CE C6 23 08 A6 A3 B4 E2 D3 1E B1 5E 7A 6A 66 FC 4F E0 14 D0 77 F0 66 A9 E7 28 30 77 B9 97 4A FB 70</Data>
    
  </EventData>
</Event>
<Event xmlns="http://schemas.microsoft.com/win/2004/08/events/event">
  <System>
    <Provider Name="Microsoft-Windows-Sysmon" Guid="{5770385f-c22a-43e0-bf4c-06f5698ffbd9}"/>
    <EventID>3</EventID>
    <Version>5</Version>
    <Level>4</Level>
    <Task>3</Task>
    <Opcode>0</Opcode>
    <Keywords>0x8000000000000000</Keywords>
    <TimeCreated SystemTime="2024-05-14T15:26:00.6434335Z"/>
    <EventRecordID>592714</EventRecordID>
    <Correlation/>
    <Execution ProcessID="1948" ThreadID="3656"/>
    <Channel>Microsoft-Windows-Sysmon/Operational</Channel>
    <Computer>WS-MPATEL-01.northstar-branch.local</Computer>
    <Security UserID="S-1-5-18"/>
  </System>
  <EventData>
    
    <Data Name="RuleName">-</Data>
    <Data Name="UtcTime">2024-05-14 15:26:00.643</Data>
    <Data Name="ProcessGuid">{09be5655-e8c8-662c-f202-001057cd8b2a}</Data>
    <Data Name="ProcessId">4088</Data>
    <Data Name="Image">C:\Windows\System32\lsass.exe</Data>
    <Data Name="User">NT AUTHORITY\SYSTEM</Data>
    <Data Name="Protocol">tcp</Data>
    <Data Name="Initiated">true</Data>
    <Data Name="SourceIsIpv6">false</Data>
    <Data Name="SourceIp">10.44.10.21</Data>
    <Data Name="SourceHostname">WS-MPATEL-01.northstar-branch.local</Data>
    <Data Name="SourcePort">57635</Data>
    <Data Name="SourcePortName">-</Data>
    <Data Name="DestinationIsIpv6">false</Data>
    <Data Name="DestinationIp">10.44.20.10</Data>
    <Data Name="DestinationHostname">DC-BO-01.northstar-branch.local</Data>
    <Data Name="DestinationPort">88</Data>
    <Data Name="DestinationPortName">kerberos</Data>
    
  </EventData>
</Event>
<Event xmlns="http://schemas.microsoft.com/win/2004/08/events/event">
  <System>
    <Provider Name="Microsoft-Windows-Sysmon" Guid="{5770385f-c22a-43e0-bf4c-06f5698ffbd9}"/>
    <EventID>1</EventID>
    <Version>5</Version>
    <Level>4</Level>
    <Task>1</Task>
    <Opcode>0</Opcode>
    <Keywords>0x8000000000000000</Keywords>
    <TimeCreated SystemTime="2024-05-14T15:26:44.5141397Z"/>
    <EventRecordID>592785</EventRecordID>
    <Correlation/>
    <Execution ProcessID="1948" ThreadID="3656"/>
    <Channel>Microsoft-Windows-Sysmon/Operational</Channel>
    <Computer>WS-MPATEL-01.northstar-branch.local</Computer>
    <Security UserID="S-1-5-18"/>
  </System>
  <EventData>
    
    <Data Name="RuleName">-</Data>
    <Data Name="UtcTime">2024-05-14 15:26:44.514</Data>
    <Data Name="ProcessGuid">{09be5655-82b4-6643-1800-0000c6230a01}</Data>
    <Data Name="ProcessId">5960</Data>
    <Data Name="Image">C:\Windows\System32\WindowsPowerShell\v1.0\powershell.exe</Data>
    <Data Name="FileVersion">10.0.22621.1</Data>
    <Data Name="Description">Windows PowerShell</Data>
    <Data Name="Product">Microsoft Windows Operating System</Data>
    <Data Name="Company">Microsoft Corporation</Data>
    <Data Name="OriginalFileName">PowerShell.EXE</Data>
    <Data Name="CommandLine">powershell.exe -WindowStyle Hidden -Command "Get-WinEvent -LogName Security -MaxEvents 500 | Export-Csv C:\Reports\compliance.csv"</Data>
    <Data Name="CurrentDirectory">c:\windows\</Data>
    <Data Name="User">NORTHSTAR-BRANCH\maya.patel</Data>
    <Data Name="LogonGuid">{00000000-0000-0000-0000-000000000000}</Data>
    <Data Name="LogonId">0xccf9110</Data>
    <Data Name="TerminalSessionId">2</Data>
    <Data Name="IntegrityLevel">Medium</Data>
    <Data Name="Hashes">SHA1=74807298BB026542B177B40CEC0B2D64D5238D09,MD5=EEACC5305C17D7F9E330B33280A27AC5,SHA256=8A59DE82B9F4AD767B08A19B8F47E045B6E82C53F55A422FE0CE860BA3A9470A,IMPHASH=9E37895148BCA2306FCE4BCB0E51C310</Data>
    <Data Name="ParentProcessGuid">{09be5655-8000-6643-d500-0010e0ed5b2c}</Data>
    <Data Name="ParentProcessId">5512</Data>
    <Data Name="ParentImage">C:\Windows\explorer.exe</Data>
    <Data Name="ParentCommandLine">explorer.exe</Data>
    
  </EventData>
</Event>
<Event xmlns="http://schemas.microsoft.com/win/2004/08/events/event">
  <System>
    <Provider Name="Microsoft-Windows-Sysmon" Guid="{5770385f-c22a-43e0-bf4c-06f5698ffbd9}"/>
    <EventID>5</EventID>
    <Version>3</Version>
    <Level>4</Level>
    <Task>5</Task>
    <Opcode>0</Opcode>
    <Keywords>0x8000000000000000</Keywords>
    <TimeCreated SystemTime="2024-05-14T15:26:54.9983575Z"/>
    <EventRecordID>592787</EventRecordID>
    <Correlation/>
    <Execution ProcessID="1948" ThreadID="3656"/>
    <Channel>Microsoft-Windows-Sysmon/Operational</Channel>
    <Computer>WS-MPATEL-01.northstar-branch.local</Computer>
    <Security UserID="S-1-5-18"/>
  </System>
  <EventData>
    
    <Data Name="RuleName">-</Data>
    <Data Name="UtcTime">2024-05-14 15:26:54.998</Data>
    <Data Name="ProcessGuid">{09be5655-82b4-6643-1800-0000c6230a01}</Data>
    <Data Name="ProcessId">5960</Data>
    <Data Name="Image">C:\Windows\System32\WindowsPowerShell\v1.0\powershell.exe</Data>
    <Data Name="User">NORTHSTAR-BRANCH\maya.patel</Data>
    
  </EventData>
</Event>
