<Event xmlns="http://schemas.microsoft.com/win/2004/08/events/event">
  <System>
    
    <Provider Name="Microsoft-Windows-Security-Auditing" Guid="{54849625-5478-4994-a5ba-3e3b0328c30d}"/>
    
    <EventID>4689</EventID>
    <Version>0</Version>
    <Level>0</Level>
    <Task>13313</Task>
    <Opcode>0</Opcode>
    <Keywords>0x8020000000000000</Keywords>
    <TimeCreated SystemTime="2024-05-14T15:29:34.0545668Z"/>
    <EventRecordID>808821</EventRecordID>
    <Correlation/>
    <Execution ProcessID="4" ThreadID="312"/>
    <Channel>Security</Channel>
    <Computer>WS-LMORRIS-01.northstar-branch.local</Computer>
    
    <Security/>
    
  </System>
  
  <EventData>
    
    <Data Name="SubjectUserSid">S-1-5-18</Data>
    <Data Name="SubjectUserName">SYSTEM</Data>
    <Data Name="SubjectDomainName">NT AUTHORITY</Data>
    <Data Name="SubjectLogonId">0x3e7</Data>
    <Data Name="Status">0x0</Data>
    <Data Name="ProcessId">0x1718</Data>
    <Data Name="ProcessName">C:\Program Files (x86)\Common Files\Adobe\ARM\1.0\AdobeARMservice.exe</Data>
    
  </EventData>
  
</Event>
<Event xmlns="http://schemas.microsoft.com/win/2004/08/events/event">
  <System>
    
    <Provider Name="Microsoft-Windows-Security-Auditing" Guid="{54849625-5478-4994-a5ba-3e3b0328c30d}"/>
    
    <EventID>5156</EventID>
    <Version>1</Version>
    <Level>0</Level>
    <Task>12810</Task>
    <Opcode>0</Opcode>
    <Keywords>0x8020000000000000</Keywords>
    <TimeCreated SystemTime="2024-05-14T15:30:09.5893880Z"/>
    <EventRecordID>808822</EventRecordID>
    <Correlation/>
    <Execution ProcessID="4" ThreadID="152"/>
    <Channel>Security</Channel>
    <Computer>WS-LMORRIS-01.northstar-branch.local</Computer>
    
    <Security/>
    
  </System>
  
  <EventData>
    
    <Data Name="ProcessID">4</Data>
    <Data Name="Application">System</Data>
    <Data Name="Direction">%%14593</Data>
    <Data Name="SourceAddress">10.44.10.23</Data>
    <Data Name="SourcePort">59342</Data>
    <Data Name="DestAddress">10.44.20.20</Data>
    <Data Name="DestPort">445</Data>
    <Data Name="Protocol">6</Data>
    <Data Name="FilterRTID">28078</Data>
    <Data Name="LayerName">%%14611</Data>
    <Data Name="LayerRTID">48</Data>
    <Data Name="RemoteUserID">S-1-0-0</Data>
    <Data Name="RemoteMachineID">S-1-0-0</Data>
    
  </EventData>
  
</Event>
<Event xmlns="http://schemas.microsoft.com/win/2004/08/events/event">
  <System>
    
    <Provider Name="Microsoft-Windows-Security-Auditing" Guid="{54849625-5478-4994-a5ba-3e3b0328c30d}"/>
    
    <EventID>5156</EventID>
    <Version>1</Version>
    <Level>0</Level>
    <Task>12810</Task>
    <Opcode>0</Opcode>
    <Keywords>0x8020000000000000</Keywords>
    <TimeCreated SystemTime="2024-05-14T15:31:15.4164040Z"/>
    <EventRecordID>808824</EventRecordID>
    <Correlation/>
    <Execution ProcessID="4" ThreadID="80"/>
    <Channel>Security</Channel>
    <Computer>WS-LMORRIS-01.northstar-branch.local</Computer>
    
    <Security/>
    
  </System>
  
  <EventData>
    
    <Data Name="ProcessID">3152</Data>
    <Data Name="Application">\device\harddiskvolume1\windows\system32\lsass.exe</Data>
    <Data Name="Direction">%%14593</Data>
    <Data Name="SourceAddress">10.44.10.23</Data>
    <Data Name="SourcePort">59981</Data>
    <Data Name="DestAddress">10.44.20.10</Data>
    <Data Name="DestPort">389</Data>
    <Data Name="Protocol">6</Data>
    <Data Name="FilterRTID">28064</Data>
    <Data Name="LayerName">%%14611</Data>
    <Data Name="LayerRTID">48</Data>
    <Data Name="RemoteUserID">S-1-0-0</Data>
    <Data Name="RemoteMachineID">S-1-0-0</Data>
    
  </EventData>
  
</Event>
<Event xmlns="http://schemas.microsoft.com/win/2004/08/events/event">
  <System>
    
    <Provider Name="Microsoft-Windows-Security-Auditing" Guid="{54849625-5478-4994-a5ba-3e3b0328c30d}"/>
    
    <EventID>4688</EventID>
    <Version>2</Version>
    <Level>0</Level>
    <Task>13312</Task>
    <Opcode>0</Opcode>
    <Keywords>0x8020000000000000</Keywords>
    <TimeCreated SystemTime="2024-05-14T15:32:20.4494502Z"/>
    <EventRecordID>808826</EventRecordID>
    <Correlation/>
    <Execution ProcessID="4" ThreadID="7836"/>
    <Channel>Security</Channel>
    <Computer>WS-LMORRIS-01.northstar-branch.local</Computer>
    
    <Security/>
    
  </System>
  
  <EventData>
    
    <Data Name="SubjectUserSid">S-1-5-18</Data>
    <Data Name="SubjectUserName">SYSTEM</Data>
    <Data Name="SubjectDomainName">NT AUTHORITY</Data>
    <Data Name="SubjectLogonId">0x3e7</Data>
    <Data Name="NewProcessId">0x1754</Data>
    <Data Name="NewProcessName">C:\Windows\System32\dllhost.exe</Data>
    <Data Name="TokenElevationType">%%1936</Data>
    <Data Name="ProcessId">0xc54</Data>
    <Data Name="CommandLine">dllhost.exe /Processid:{73E709EA-5D93-4B2E-BBB0-99B7938DA9E4}</Data>
    <Data Name="TargetUserSid">S-1-5-18</Data>
    <Data Name="TargetUserName">SYSTEM</Data>
    <Data Name="TargetDomainName">NT AUTHORITY</Data>
    <Data Name="TargetLogonId">0x3e7</Data>
    <Data Name="ParentProcessName">C:\Windows\System32\svchost.exe</Data>
    <Data Name="MandatoryLabel">S-1-16-16384</Data>
    
  </EventData>
  
</Event>
<Event xmlns="http://schemas.microsoft.com/win/2004/08/events/event">
  <System>
    
    <Provider Name="Microsoft-Windows-Security-Auditing" Guid="{54849625-5478-4994-a5ba-3e3b0328c30d}"/>
    
    <EventID>4689</EventID>
    <Version>0</Version>
    <Level>0</Level>
    <Task>13313</Task>
    <Opcode>0</Opcode>
    <Keywords>0x8020000000000000</Keywords>
    <TimeCreated SystemTime="2024-05-14T15:32:26.4953298Z"/>
    <EventRecordID>808827</EventRecordID>
    <Correlation/>
    <Execution ProcessID="4" ThreadID="472"/>
    <Channel>Security</Channel>
    <Computer>WS-LMORRIS-01.northstar-branch.local</Computer>
    
    <Security/>
    
  </System>
  
  <EventData>
    
    <Data Name="SubjectUserSid">S-1-5-18</Data>
    <Data Name="SubjectUserName">SYSTEM</Data>
    <Data Name="SubjectDomainName">NT AUTHORITY</Data>
    <Data Name="SubjectLogonId">0x3e7</Data>
    <Data Name="Status">0x0</Data>
    <Data Name="ProcessId">0x1754</Data>
    <Data Name="ProcessName">C:\Windows\System32\dllhost.exe</Data>
    
  </EventData>
  
</Event>
<Event xmlns="http://schemas.microsoft.com/win/2004/08/events/event">
  <System>
    
    <Provider Name="Microsoft-Windows-Security-Auditing" Guid="{54849625-5478-4994-a5ba-3e3b0328c30d}"/>
    
    <EventID>5156</EventID>
    <Version>1</Version>
    <Level>0</Level>
    <Task>12810</Task>
    <Opcode>0</Opcode>
    <Keywords>0x8020000000000000</Keywords>
    <TimeCreated SystemTime="2024-05-14T15:33:19.3115825Z"/>
    <EventRecordID>808828</EventRecordID>
    <Correlation/>
    <Execution ProcessID="4" ThreadID="136"/>
    <Channel>Security</Channel>
    <Computer>WS-LMORRIS-01.northstar-branch.local</Computer>
    
    <Security/>
    
  </System>
  
  <EventData>
    
    <Data Name="ProcessID">3152</Data>
    <Data Name="Application">\device\harddiskvolume1\windows\system32\lsass.exe</Data>
    <Data Name="Direction">%%14593</Data>
    <Data Name="SourceAddress">10.44.10.23</Data>
    <Data Name="SourcePort">54895</Data>
    <Data Name="DestAddress">10.44.20.10</Data>
    <Data Name="DestPort">88</Data>
    <Data Name="Protocol">17</Data>
    <Data Name="FilterRTID">28044</Data>
    <Data Name="LayerName">%%14611</Data>
    <Data Name="LayerRTID">48</Data>
    <Data Name="RemoteUserID">S-1-0-0</Data>
    <Data Name="RemoteMachineID">S-1-0-0</Data>
    
  </EventData>
  
</Event>
<Event xmlns="http://schemas.microsoft.com/win/2004/08/events/event">
  <System>
    
    <Provider Name="Microsoft-Windows-Security-Auditing" Guid="{54849625-5478-4994-a5ba-3e3b0328c30d}"/>
    
    <EventID>4688</EventID>
    <Version>2</Version>
    <Level>0</Level>
    <Task>13312</Task>
    <Opcode>0</Opcode>
    <Keywords>0x8020000000000000</Keywords>
    <TimeCreated SystemTime="2024-05-14T15:34:14.6075782Z"/>
    <EventRecordID>808879</EventRecordID>
    <Correlation/>
    <Execution ProcessID="4" ThreadID="2304"/>
    <Channel>Security</Channel>
    <Computer>WS-LMORRIS-01.northstar-branch.local</Computer>
    
    <Security/>
    
  </System>
  
  <EventData>
    
    <Data Name="SubjectUserSid">S-1-5-18</Data>
    <Data Name="SubjectUserName">SYSTEM</Data>
    <Data Name="SubjectDomainName">NT AUTHORITY</Data>
    <Data Name="SubjectLogonId">0x3e7</Data>
    <Data Name="NewProcessId">0x176c</Data>
    <Data Name="NewProcessName">C:\Windows\System32\taskhostw.exe</Data>
    <Data Name="TokenElevationType">%%1936</Data>
    <Data Name="ProcessId">0xc68</Data>
    <Data Name="CommandLine">taskhostw.exe</Data>
    <Data Name="TargetUserSid">S-1-5-18</Data>
    <Data Name="TargetUserName">SYSTEM</Data>
    <Data Name="TargetDomainName">NT AUTHORITY</Data>
    <Data Name="TargetLogonId">0x3e7</Data>
    <Data Name="ParentProcessName">C:\Windows\System32\svchost.exe</Data>
    <Data Name="MandatoryLabel">S-1-16-16384</Data>
    
  </EventData>
  
</Event>
<Event xmlns="http://schemas.microsoft.com/win/2004/08/events/event">
  <System>
    
    <Provider Name="Microsoft-Windows-Security-Auditing" Guid="{54849625-5478-4994-a5ba-3e3b0328c30d}"/>
    
    <EventID>5156</EventID>
    <Version>1</Version>
    <Level>0</Level>
    <Task>12810</Task>
    <Opcode>0</Opcode>
    <Keywords>0x8020000000000000</Keywords>
    <TimeCreated SystemTime="2024-05-14T15:35:44.3303949Z"/>
    <EventRecordID>808906</EventRecordID>
    <Correlation/>
    <Execution ProcessID="4" ThreadID="140"/>
    <Channel>Security</Channel>
    <Computer>WS-LMORRIS-01.northstar-branch.local</Computer>
    
    <Security/>
    
  </System>
  
  <EventData>
    
    <Data Name="ProcessID">3152</Data>
    <Data Name="Application">\device\harddiskvolume1\windows\system32\lsass.exe</Data>
    <Data Name="Direction">%%14593</Data>
    <Data Name="SourceAddress">10.44.10.23</Data>
    <Data Name="SourcePort">50097</Data>
    <Data Name="DestAddress">10.44.20.10</Data>
    <Data Name="DestPort">88</Data>
    <Data Name="Protocol">17</Data>
    <Data Name="FilterRTID">28044</Data>
    <Data Name="LayerName">%%14611</Data>
    <Data Name="LayerRTID">48</Data>
    <Data Name="RemoteUserID">S-1-0-0</Data>
    <Data Name="RemoteMachineID">S-1-0-0</Data>
    
  </EventData>
  
</Event>
<Event xmlns="http://schemas.microsoft.com/win/2004/08/events/event">
  <System>
    
    <Provider Name="Microsoft-Windows-Security-Auditing" Guid="{54849625-5478-4994-a5ba-3e3b0328c30d}"/>
    
    <EventID>5156</EventID>
    <Version>1</Version>
    <Level>0</Level>
    <Task>12810</Task>
    <Opcode>0</Opcode>
    <Keywords>0x8020000000000000</Keywords>
    <TimeCreated SystemTime="2024-05-14T15:37:03.5920416Z"/>
    <EventRecordID>808907</EventRecordID>
    <Correlation/>
    <Execution ProcessID="4" ThreadID="68"/>
    <Channel>Security</Channel>
    <Computer>WS-LMORRIS-01.northstar-branch.local</Computer>
    
    <Security/>
    
  </System>
  
  <EventData>
    
    <Data Name="ProcessID">3152</Data>
    <Data Name="Application">\device\harddiskvolume1\windows\system32\lsass.exe</Data>
    <Data Name="Direction">%%14593</Data>
    <Data Name="SourceAddress">10.44.10.23</Data>
    <Data Name="SourcePort">53637</Data>
    <Data Name="DestAddress">10.44.20.10</Data>
    <Data Name="DestPort">389</Data>
    <Data Name="Protocol">6</Data>
    <Data Name="FilterRTID">28064</Data>
    <Data Name="LayerName">%%14611</Data>
    <Data Name="LayerRTID">48</Data>
    <Data Name="RemoteUserID">S-1-0-0</Data>
    <Data Name="RemoteMachineID">S-1-0-0</Data>
    
  </EventData>
  
</Event>
<Event xmlns="http://schemas.microsoft.com/win/2004/08/events/event">
  <System>
    
    <Provider Name="Microsoft-Windows-Security-Auditing" Guid="{54849625-5478-4994-a5ba-3e3b0328c30d}"/>
    
    <EventID>4689</EventID>
    <Version>0</Version>
    <Level>0</Level>
    <Task>13313</Task>
    <Opcode>0</Opcode>
    <Keywords>0x8020000000000000</Keywords>
    <TimeCreated SystemTime="2024-05-14T15:37:05.1094580Z"/>
    <EventRecordID>808908</EventRecordID>
    <Correlation/>
    <Execution ProcessID="4" ThreadID="468"/>
    <Channel>Security</Channel>
    <Computer>WS-LMORRIS-01.northstar-branch.local</Computer>
    
    <Security/>
    
  </System>
  
  <EventData>
    
    <Data Name="SubjectUserSid">S-1-5-21-3882363548-2838386070-1334550370-1003</Data>
    <Data Name="SubjectUserName">lena.morris</Data>
    <Data Name="SubjectDomainName">NORTHSTAR-BRANCH</Data>
    <Data Name="SubjectLogonId">0x330cad7</Data>
    <Data Name="Status">0x0</Data>
    <Data Name="ProcessId">0x135c</Data>
    <Data Name="ProcessName">C:\Windows\System32\cmd.exe</Data>
    
  </EventData>
  
</Event>
<Event xmlns="http://schemas.microsoft.com/win/2004/08/events/event">
  <System>
    
    <Provider Name="Microsoft-Windows-Security-Auditing" Guid="{54849625-5478-4994-a5ba-3e3b0328c30d}"/>
    
    <EventID>5156</EventID>
    <Version>1</Version>
    <Level>0</Level>
    <Task>12810</Task>
    <Opcode>0</Opcode>
    <Keywords>0x8020000000000000</Keywords>
    <TimeCreated SystemTime="2024-05-14T15:37:27.0017342Z"/>
    <EventRecordID>809205</EventRecordID>
    <Correlation/>
    <Execution ProcessID="4" ThreadID="200"/>
    <Channel>Security</Channel>
    <Computer>WS-LMORRIS-01.northstar-branch.local</Computer>
    
    <Security/>
    
  </System>
  
  <EventData>
    
    <Data Name="ProcessID">5884</Data>
    <Data Name="Application">\device\harddiskvolume1\program files (x86)\cisco\cisco anyconnect secure mobility client\vpnui.exe</Data>
    <Data Name="Direction">%%14593</Data>
    <Data Name="SourceAddress">10.44.10.23</Data>
    <Data Name="SourcePort">63760</Data>
    <Data Name="DestAddress">10.44.20.30</Data>
    <Data Name="DestPort">8080</Data>
    <Data Name="Protocol">6</Data>
    <Data Name="FilterRTID">28112</Data>
    <Data Name="LayerName">%%14611</Data>
    <Data Name="LayerRTID">48</Data>
    <Data Name="RemoteUserID">S-1-0-0</Data>
    <Data Name="RemoteMachineID">S-1-0-0</Data>
    
  </EventData>
  
</Event>
<Event xmlns="http://schemas.microsoft.com/win/2004/08/events/event">
  <System>
    
    <Provider Name="Microsoft-Windows-Security-Auditing" Guid="{54849625-5478-4994-a5ba-3e3b0328c30d}"/>
    
    <EventID>5156</EventID>
    <Version>1</Version>
    <Level>0</Level>
    <Task>12810</Task>
    <Opcode>0</Opcode>
    <Keywords>0x8020000000000000</Keywords>
    <TimeCreated SystemTime="2024-05-14T15:37:59.0991385Z"/>
    <EventRecordID>809207</EventRecordID>
    <Correlation/>
    <Execution ProcessID="4" ThreadID="68"/>
    <Channel>Security</Channel>
    <Computer>WS-LMORRIS-01.northstar-branch.local</Computer>
    
    <Security/>
    
  </System>
  
  <EventData>
    
    <Data Name="ProcessID">4</Data>
    <Data Name="Application">System</Data>
    <Data Name="Direction">%%14593</Data>
    <Data Name="SourceAddress">10.44.10.23</Data>
    <Data Name="SourcePort">54945</Data>
    <Data Name="DestAddress">117.155.94.11</Data>
    <Data Name="DestPort">445</Data>
    <Data Name="Protocol">6</Data>
    <Data Name="FilterRTID">28078</Data>
    <Data Name="LayerName">%%14611</Data>
    <Data Name="LayerRTID">48</Data>
    <Data Name="RemoteUserID">S-1-0-0</Data>
    <Data Name="RemoteMachineID">S-1-0-0</Data>
    
  </EventData>
  
</Event>
<Event xmlns="http://schemas.microsoft.com/win/2004/08/events/event">
  <System>
    
    <Provider Name="Microsoft-Windows-Security-Auditing" Guid="{54849625-5478-4994-a5ba-3e3b0328c30d}"/>
    
    <EventID>5156</EventID>
    <Version>1</Version>
    <Level>0</Level>
    <Task>12810</Task>
    <Opcode>0</Opcode>
    <Keywords>0x8020000000000000</Keywords>
    <TimeCreated SystemTime="2024-05-14T15:38:01.1249173Z"/>
    <EventRecordID>809208</EventRecordID>
    <Correlation/>
    <Execution ProcessID="4" ThreadID="120"/>
    <Channel>Security</Channel>
    <Computer>WS-LMORRIS-01.northstar-branch.local</Computer>
    
    <Security/>
    
  </System>
  
  <EventData>
    
    <Data Name="ProcessID">3152</Data>
    <Data Name="Application">\device\harddiskvolume1\windows\system32\lsass.exe</Data>
    <Data Name="Direction">%%14593</Data>
    <Data Name="SourceAddress">10.44.10.23</Data>
    <Data Name="SourcePort">62460</Data>
    <Data Name="DestAddress">10.44.20.10</Data>
    <Data Name="DestPort">389</Data>
    <Data Name="Protocol">6</Data>
    <Data Name="FilterRTID">28064</Data>
    <Data Name="LayerName">%%14611</Data>
    <Data Name="LayerRTID">48</Data>
    <Data Name="RemoteUserID">S-1-0-0</Data>
    <Data Name="RemoteMachineID">S-1-0-0</Data>
    
  </EventData>
  
</Event>
<Event xmlns="http://schemas.microsoft.com/win/2004/08/events/event">
  <System>
    
    <Provider Name="Microsoft-Windows-Security-Auditing" Guid="{54849625-5478-4994-a5ba-3e3b0328c30d}"/>
    
    <EventID>5156</EventID>
    <Version>1</Version>
    <Level>0</Level>
    <Task>12810</Task>
    <Opcode>0</Opcode>
    <Keywords>0x8020000000000000</Keywords>
    <TimeCreated SystemTime="2024-05-14T15:38:03.3994458Z"/>
    <EventRecordID>809239</EventRecordID>
    <Correlation/>
    <Execution ProcessID="4" ThreadID="144"/>
    <Channel>Security</Channel>
    <Computer>WS-LMORRIS-01.northstar-branch.local</Computer>
    
    <Security/>
    
  </System>
  
  <EventData>
    
    <Data Name="ProcessID">3248</Data>
    <Data Name="Application">\device\harddiskvolume1\windows\system32\svchost.exe</Data>
    <Data Name="Direction">%%14593</Data>
    <Data Name="SourceAddress">10.44.10.23</Data>
    <Data Name="SourcePort">60250</Data>
    <Data Name="DestAddress">10.44.20.10</Data>
    <Data Name="DestPort">53</Data>
    <Data Name="Protocol">17</Data>
    <Data Name="FilterRTID">28028</Data>
    <Data Name="LayerName">%%14611</Data>
    <Data Name="LayerRTID">48</Data>
    <Data Name="RemoteUserID">S-1-0-0</Data>
    <Data Name="RemoteMachineID">S-1-0-0</Data>
    
  </EventData>
  
</Event>
<Event xmlns="http://schemas.microsoft.com/win/2004/08/events/event">
  <System>
    
    <Provider Name="Microsoft-Windows-Security-Auditing" Guid="{54849625-5478-4994-a5ba-3e3b0328c30d}"/>
    
    <EventID>5156</EventID>
    <Version>1</Version>
    <Level>0</Level>
    <Task>12810</Task>
    <Opcode>0</Opcode>
    <Keywords>0x8020000000000000</Keywords>
    <TimeCreated SystemTime="2024-05-14T15:38:05.2842365Z"/>
    <EventRecordID>809270</EventRecordID>
    <Correlation/>
    <Execution ProcessID="4" ThreadID="160"/>
    <Channel>Security</Channel>
    <Computer>WS-LMORRIS-01.northstar-branch.local</Computer>
    
    <Security/>
    
  </System>
  
  <EventData>
    
    <Data Name="ProcessID">4</Data>
    <Data Name="Application">System</Data>
    <Data Name="Direction">%%14593</Data>
    <Data Name="SourceAddress">10.44.10.23</Data>
    <Data Name="SourcePort">52825</Data>
    <Data Name="DestAddress">10.44.20.20</Data>
    <Data Name="DestPort">445</Data>
    <Data Name="Protocol">6</Data>
    <Data Name="FilterRTID">28078</Data>
    <Data Name="LayerName">%%14611</Data>
    <Data Name="LayerRTID">48</Data>
    <Data Name="RemoteUserID">S-1-0-0</Data>
    <Data Name="RemoteMachineID">S-1-0-0</Data>
    
  </EventData>
  
</Event>
<Event xmlns="http://schemas.microsoft.com/win/2004/08/events/event">
  <System>
    
    <Provider Name="Microsoft-Windows-Security-Auditing" Guid="{54849625-5478-4994-a5ba-3e3b0328c30d}"/>
    
    <EventID>4688</EventID>
    <Version>2</Version>
    <Level>0</Level>
    <Task>13312</Task>
    <Opcode>0</Opcode>
    <Keywords>0x8020000000000000</Keywords>
    <TimeCreated SystemTime="2024-05-14T15:38:37.5525543Z"/>
    <EventRecordID>809285</EventRecordID>
    <Correlation/>
    <Execution ProcessID="4" ThreadID="6368"/>
    <Channel>Security</Channel>
    <Computer>WS-LMORRIS-01.northstar-branch.local</Computer>
    
    <Security/>
    
  </System>
  
  <EventData>
    
    <Data Name="SubjectUserSid">S-1-5-18</Data>
    <Data Name="SubjectUserName">SYSTEM</Data>
    <Data Name="SubjectDomainName">NT AUTHORITY</Data>
    <Data Name="SubjectLogonId">0x3e7</Data>
    <Data Name="NewProcessId">0x1758</Data>
    <Data Name="NewProcessName">C:\Windows\System32\SearchFilterHost.exe</Data>
    <Data Name="TokenElevationType">%%1936</Data>
    <Data Name="ProcessId">0xd54</Data>
    <Data Name="CommandLine">SearchFilterHost.exe 0 812 0 0 0</Data>
    <Data Name="TargetUserSid">S-1-5-18</Data>
    <Data Name="TargetUserName">SYSTEM</Data>
    <Data Name="TargetDomainName">NT AUTHORITY</Data>
    <Data Name="TargetLogonId">0x3e7</Data>
    <Data Name="ParentProcessName">C:\Windows\System32\SearchIndexer.exe</Data>
    <Data Name="MandatoryLabel">S-1-16-16384</Data>
    
  </EventData>
  
</Event>
<Event xmlns="http://schemas.microsoft.com/win/2004/08/events/event">
  <System>
    
    <Provider Name="Microsoft-Windows-Security-Auditing" Guid="{54849625-5478-4994-a5ba-3e3b0328c30d}"/>
    
    <EventID>5156</EventID>
    <Version>1</Version>
    <Level>0</Level>
    <Task>12810</Task>
    <Opcode>0</Opcode>
    <Keywords>0x8020000000000000</Keywords>
    <TimeCreated SystemTime="2024-05-14T15:38:41.1044392Z"/>
    <EventRecordID>809287</EventRecordID>
    <Correlation/>
    <Execution ProcessID="4" ThreadID="156"/>
    <Channel>Security</Channel>
    <Computer>WS-LMORRIS-01.northstar-branch.local</Computer>
    
    <Security/>
    
  </System>
  
  <EventData>
    
    <Data Name="ProcessID">3152</Data>
    <Data Name="Application">\device\harddiskvolume1\windows\system32\lsass.exe</Data>
    <Data Name="Direction">%%14593</Data>
    <Data Name="SourceAddress">10.44.10.23</Data>
    <Data Name="SourcePort">57223</Data>
    <Data Name="DestAddress">10.44.20.10</Data>
    <Data Name="DestPort">389</Data>
    <Data Name="Protocol">6</Data>
    <Data Name="FilterRTID">28064</Data>
    <Data Name="LayerName">%%14611</Data>
    <Data Name="LayerRTID">48</Data>
    <Data Name="RemoteUserID">S-1-0-0</Data>
    <Data Name="RemoteMachineID">S-1-0-0</Data>
    
  </EventData>
  
</Event>
<Event xmlns="http://schemas.microsoft.com/win/2004/08/events/event">
  <System>
    
    <Provider Name="Microsoft-Windows-Security-Auditing" Guid="{54849625-5478-4994-a5ba-3e3b0328c30d}"/>
    
    <EventID>5156</EventID>
    <Version>1</Version>
    <Level>0</Level>
    <Task>12810</Task>
    <Opcode>0</Opcode>
    <Keywords>0x8020000000000000</Keywords>
    <TimeCreated SystemTime="2024-05-14T15:38:46.3078257Z"/>
    <EventRecordID>809288</EventRecordID>
    <Correlation/>
    <Execution ProcessID="4" ThreadID="104"/>
    <Channel>Security</Channel>
    <Computer>WS-LMORRIS-01.northstar-branch.local</Computer>
    
    <Security/>
    
  </System>
  
  <EventData>
    
    <Data Name="ProcessID">3200</Data>
    <Data Name="Application">\device\harddiskvolume1\windows\system32\svchost.exe</Data>
    <Data Name="Direction">%%14593</Data>
    <Data Name="SourceAddress">10.44.10.23</Data>
    <Data Name="SourcePort">55751</Data>
    <Data Name="DestAddress">10.44.20.20</Data>
    <Data Name="DestPort">445</Data>
    <Data Name="Protocol">6</Data>
    <Data Name="FilterRTID">28078</Data>
    <Data Name="LayerName">%%14611</Data>
    <Data Name="LayerRTID">48</Data>
    <Data Name="RemoteUserID">S-1-0-0</Data>
    <Data Name="RemoteMachineID">S-1-0-0</Data>
    
  </EventData>
  
</Event>
<Event xmlns="http://schemas.microsoft.com/win/2004/08/events/event">
  <System>
    
    <Provider Name="Microsoft-Windows-Security-Auditing" Guid="{54849625-5478-4994-a5ba-3e3b0328c30d}"/>
    
    <EventID>5156</EventID>
    <Version>1</Version>
    <Level>0</Level>
    <Task>12810</Task>
    <Opcode>0</Opcode>
    <Keywords>0x8020000000000000</Keywords>
    <TimeCreated SystemTime="2024-05-14T15:39:00.0205607Z"/>
    <EventRecordID>809289</EventRecordID>
    <Correlation/>
    <Execution ProcessID="4" ThreadID="68"/>
    <Channel>Security</Channel>
    <Computer>WS-LMORRIS-01.northstar-branch.local</Computer>
    
    <Security/>
    
  </System>
  
  <EventData>
    
    <Data Name="ProcessID">4952</Data>
    <Data Name="Application">\device\harddiskvolume1\windows\explorer.exe</Data>
    <Data Name="Direction">%%14593</Data>
    <Data Name="SourceAddress">10.44.10.23</Data>
    <Data Name="SourcePort">50615</Data>
    <Data Name="DestAddress">10.44.20.20</Data>
    <Data Name="DestPort">445</Data>
    <Data Name="Protocol">6</Data>
    <Data Name="FilterRTID">28078</Data>
    <Data Name="LayerName">%%14611</Data>
    <Data Name="LayerRTID">48</Data>
    <Data Name="RemoteUserID">S-1-0-0</Data>
    <Data Name="RemoteMachineID">S-1-0-0</Data>
    
  </EventData>
  
</Event>
<Event xmlns="http://schemas.microsoft.com/win/2004/08/events/event">
  <System>
    
    <Provider Name="Microsoft-Windows-Security-Auditing" Guid="{54849625-5478-4994-a5ba-3e3b0328c30d}"/>
    
    <EventID>5156</EventID>
    <Version>1</Version>
    <Level>0</Level>
    <Task>12810</Task>
    <Opcode>0</Opcode>
    <Keywords>0x8020000000000000</Keywords>
    <TimeCreated SystemTime="2024-05-14T15:40:10.6867315Z"/>
    <EventRecordID>809291</EventRecordID>
    <Correlation/>
    <Execution ProcessID="4" ThreadID="56"/>
    <Channel>Security</Channel>
    <Computer>WS-LMORRIS-01.northstar-branch.local</Computer>
    
    <Security/>
    
  </System>
  
  <EventData>
    
    <Data Name="ProcessID">3248</Data>
    <Data Name="Application">\device\harddiskvolume1\windows\system32\svchost.exe</Data>
    <Data Name="Direction">%%14593</Data>
    <Data Name="SourceAddress">10.44.10.23</Data>
    <Data Name="SourcePort">52417</Data>
    <Data Name="DestAddress">10.44.20.10</Data>
    <Data Name="DestPort">53</Data>
    <Data Name="Protocol">17</Data>
    <Data Name="FilterRTID">28028</Data>
    <Data Name="LayerName">%%14611</Data>
    <Data Name="LayerRTID">48</Data>
    <Data Name="RemoteUserID">S-1-0-0</Data>
    <Data Name="RemoteMachineID">S-1-0-0</Data>
    
  </EventData>
  
</Event>
<Event xmlns="http://schemas.microsoft.com/win/2004/08/events/event">
  <System>
    
    <Provider Name="Microsoft-Windows-Security-Auditing" Guid="{54849625-5478-4994-a5ba-3e3b0328c30d}"/>
    
    <EventID>5156</EventID>
    <Version>1</Version>
    <Level>0</Level>
    <Task>12810</Task>
    <Opcode>0</Opcode>
    <Keywords>0x8020000000000000</Keywords>
    <TimeCreated SystemTime="2024-05-14T15:40:12.1609163Z"/>
    <EventRecordID>809292</EventRecordID>
    <Correlation/>
    <Execution ProcessID="4" ThreadID="144"/>
    <Channel>Security</Channel>
    <Computer>WS-LMORRIS-01.northstar-branch.local</Computer>
    
    <Security/>
    
  </System>
  
  <EventData>
    
    <Data Name="ProcessID">3836</Data>
    <Data Name="Application">\device\harddiskvolume1\program files (x86)\microsoft\edge\application\msedge.exe</Data>
    <Data Name="Direction">%%14593</Data>
    <Data Name="SourceAddress">10.44.10.23</Data>
    <Data Name="SourcePort">49989</Data>
    <Data Name="DestAddress">10.44.30.10</Data>
    <Data Name="DestPort">80</Data>
    <Data Name="Protocol">6</Data>
    <Data Name="FilterRTID">28094</Data>
    <Data Name="LayerName">%%14611</Data>
    <Data Name="LayerRTID">48</Data>
    <Data Name="RemoteUserID">S-1-0-0</Data>
    <Data Name="RemoteMachineID">S-1-0-0</Data>
    
  </EventData>
  
</Event>
<Event xmlns="http://schemas.microsoft.com/win/2004/08/events/event">
  <System>
    
    <Provider Name="Microsoft-Windows-Security-Auditing" Guid="{54849625-5478-4994-a5ba-3e3b0328c30d}"/>
    
    <EventID>5156</EventID>
    <Version>1</Version>
    <Level>0</Level>
    <Task>12810</Task>
    <Opcode>0</Opcode>
    <Keywords>0x8020000000000000</Keywords>
    <TimeCreated SystemTime="2024-05-14T15:40:30.0226068Z"/>
    <EventRecordID>809313</EventRecordID>
    <Correlation/>
    <Execution ProcessID="4" ThreadID="52"/>
    <Channel>Security</Channel>
    <Computer>WS-LMORRIS-01.northstar-branch.local</Computer>
    
    <Security/>
    
  </System>
  
  <EventData>
    
    <Data Name="ProcessID">3836</Data>
    <Data Name="Application">\device\harddiskvolume1\program files (x86)\microsoft\edge\application\msedge.exe</Data>
    <Data Name="Direction">%%14593</Data>
    <Data Name="SourceAddress">10.44.10.23</Data>
    <Data Name="SourcePort">58061</Data>
    <Data Name="DestAddress">10.44.30.10</Data>
    <Data Name="DestPort">80</Data>
    <Data Name="Protocol">6</Data>
    <Data Name="FilterRTID">28094</Data>
    <Data Name="LayerName">%%14611</Data>
    <Data Name="LayerRTID">48</Data>
    <Data Name="RemoteUserID">S-1-0-0</Data>
    <Data Name="RemoteMachineID">S-1-0-0</Data>
    
  </EventData>
  
</Event>
<Event xmlns="http://schemas.microsoft.com/win/2004/08/events/event">
  <System>
    
    <Provider Name="Microsoft-Windows-Security-Auditing" Guid="{54849625-5478-4994-a5ba-3e3b0328c30d}"/>
    
    <EventID>4689</EventID>
    <Version>0</Version>
    <Level>0</Level>
    <Task>13313</Task>
    <Opcode>0</Opcode>
    <Keywords>0x8020000000000000</Keywords>
    <TimeCreated SystemTime="2024-05-14T15:40:57.7639787Z"/>
    <EventRecordID>809314</EventRecordID>
    <Correlation/>
    <Execution ProcessID="4" ThreadID="128"/>
    <Channel>Security</Channel>
    <Computer>WS-LMORRIS-01.northstar-branch.local</Computer>
    
    <Security/>
    
  </System>
  
  <EventData>
    
    <Data Name="SubjectUserSid">S-1-5-18</Data>
    <Data Name="SubjectUserName">SYSTEM</Data>
    <Data Name="SubjectDomainName">NT AUTHORITY</Data>
    <Data Name="SubjectLogonId">0x3e7</Data>
    <Data Name="Status">0x0</Data>
    <Data Name="ProcessId">0x1478</Data>
    <Data Name="ProcessName">C:\Windows\System32\SearchFilterHost.exe</Data>
    
  </EventData>
  
</Event>
<Event xmlns="http://schemas.microsoft.com/win/2004/08/events/event">
  <System>
    
    <Provider Name="Microsoft-Windows-Security-Auditing" Guid="{54849625-5478-4994-a5ba-3e3b0328c30d}"/>
    
    <EventID>4689</EventID>
    <Version>0</Version>
    <Level>0</Level>
    <Task>13313</Task>
    <Opcode>0</Opcode>
    <Keywords>0x8020000000000000</Keywords>
    <TimeCreated SystemTime="2024-05-14T15:42:32.0548492Z"/>
    <EventRecordID>809316</EventRecordID>
    <Correlation/>
    <Execution ProcessID="4" ThreadID="248"/>
    <Channel>Security</Channel>
    <Computer>WS-LMORRIS-01.northstar-branch.local</Computer>
    
    <Security/>
    
  </System>
  
  <EventData>
    
    <Data Name="SubjectUserSid">S-1-5-18</Data>
    <Data Name="SubjectUserName">SYSTEM</Data>
    <Data Name="SubjectDomainName">NT AUTHORITY</Data>
    <Data Name="SubjectLogonId">0x3e7</Data>
    <Data Name="Status">0x0</Data>
    <Data Name="ProcessId">0x12f4</Data>
    <Data Name="ProcessName">C:\Windows\System32\SearchFilterHost.exe</Data>
    
  </EventData>
  
</Event>
<Event xmlns="http://schemas.microsoft.com/win/2004/08/events/event">
  <System>
    
    <Provider Name="Microsoft-Windows-Security-Auditing" Guid="{54849625-5478-4994-a5ba-3e3b0328c30d}"/>
    
    <EventID>5156</EventID>
    <Version>1</Version>
    <Level>0</Level>
    <Task>12810</Task>
    <Opcode>0</Opcode>
    <Keywords>0x8020000000000000</Keywords>
    <TimeCreated SystemTime="2024-05-14T15:42:33.4184272Z"/>
    <EventRecordID>809317</EventRecordID>
    <Correlation/>
    <Execution ProcessID="4" ThreadID="148"/>
    <Channel>Security</Channel>
    <Computer>WS-LMORRIS-01.northstar-branch.local</Computer>
    
    <Security/>
    
  </System>
  
  <EventData>
    
    <Data Name="ProcessID">3152</Data>
    <Data Name="Application">\device\harddiskvolume1\windows\system32\lsass.exe</Data>
    <Data Name="Direction">%%14593</Data>
    <Data Name="SourceAddress">10.44.10.23</Data>
    <Data Name="SourcePort">49818</Data>
    <Data Name="DestAddress">10.44.20.10</Data>
    <Data Name="DestPort">88</Data>
    <Data Name="Protocol">17</Data>
    <Data Name="FilterRTID">28044</Data>
    <Data Name="LayerName">%%14611</Data>
    <Data Name="LayerRTID">48</Data>
    <Data Name="RemoteUserID">S-1-0-0</Data>
    <Data Name="RemoteMachineID">S-1-0-0</Data>
    
  </EventData>
  
</Event>
<Event xmlns="http://schemas.microsoft.com/win/2004/08/events/event">
  <System>
    
    <Provider Name="Microsoft-Windows-Security-Auditing" Guid="{54849625-5478-4994-a5ba-3e3b0328c30d}"/>
    
    <EventID>5156</EventID>
    <Version>1</Version>
    <Level>0</Level>
    <Task>12810</Task>
    <Opcode>0</Opcode>
    <Keywords>0x8020000000000000</Keywords>
    <TimeCreated SystemTime="2024-05-14T15:42:35.6901426Z"/>
    <EventRecordID>809318</EventRecordID>
    <Correlation/>
    <Execution ProcessID="4" ThreadID="120"/>
    <Channel>Security</Channel>
    <Computer>WS-LMORRIS-01.northstar-branch.local</Computer>
    
    <Security/>
    
  </System>
  
  <EventData>
    
    <Data Name="ProcessID">3152</Data>
    <Data Name="Application">\device\harddiskvolume1\windows\system32\lsass.exe</Data>
    <Data Name="Direction">%%14593</Data>
    <Data Name="SourceAddress">10.44.10.23</Data>
    <Data Name="SourcePort">52974</Data>
    <Data Name="DestAddress">10.44.20.10</Data>
    <Data Name="DestPort">88</Data>
    <Data Name="Protocol">17</Data>
    <Data Name="FilterRTID">28044</Data>
    <Data Name="LayerName">%%14611</Data>
    <Data Name="LayerRTID">48</Data>
    <Data Name="RemoteUserID">S-1-0-0</Data>
    <Data Name="RemoteMachineID">S-1-0-0</Data>
    
  </EventData>
  
</Event>
<Event xmlns="http://schemas.microsoft.com/win/2004/08/events/event">
  <System>
    
    <Provider Name="Microsoft-Windows-Security-Auditing" Guid="{54849625-5478-4994-a5ba-3e3b0328c30d}"/>
    
    <EventID>5156</EventID>
    <Version>1</Version>
    <Level>0</Level>
    <Task>12810</Task>
    <Opcode>0</Opcode>
    <Keywords>0x8020000000000000</Keywords>
    <TimeCreated SystemTime="2024-05-14T15:42:38.3253412Z"/>
    <EventRecordID>809438</EventRecordID>
    <Correlation/>
    <Execution ProcessID="4" ThreadID="100"/>
    <Channel>Security</Channel>
    <Computer>WS-LMORRIS-01.northstar-branch.local</Computer>
    
    <Security/>
    
  </System>
  
  <EventData>
    
    <Data Name="ProcessID">3152</Data>
    <Data Name="Application">\device\harddiskvolume1\windows\system32\lsass.exe</Data>
    <Data Name="Direction">%%14593</Data>
    <Data Name="SourceAddress">10.44.10.23</Data>
    <Data Name="SourcePort">51627</Data>
    <Data Name="DestAddress">10.44.20.10</Data>
    <Data Name="DestPort">88</Data>
    <Data Name="Protocol">17</Data>
    <Data Name="FilterRTID">28044</Data>
    <Data Name="LayerName">%%14611</Data>
    <Data Name="LayerRTID">48</Data>
    <Data Name="RemoteUserID">S-1-0-0</Data>
    <Data Name="RemoteMachineID">S-1-0-0</Data>
    
  </EventData>
  
</Event>
<Event xmlns="http://schemas.microsoft.com/win/2004/08/events/event">
  <System>
    
    <Provider Name="Microsoft-Windows-Security-Auditing" Guid="{54849625-5478-4994-a5ba-3e3b0328c30d}"/>
    
    <EventID>4688</EventID>
    <Version>2</Version>
    <Level>0</Level>
    <Task>13312</Task>
    <Opcode>0</Opcode>
    <Keywords>0x8020000000000000</Keywords>
    <TimeCreated SystemTime="2024-05-14T15:43:42.2834950Z"/>
    <EventRecordID>809470</EventRecordID>
    <Correlation/>
    <Execution ProcessID="4" ThreadID="1712"/>
    <Channel>Security</Channel>
    <Computer>WS-LMORRIS-01.northstar-branch.local</Computer>
    
    <Security/>
    
  </System>
  
  <EventData>
    
    <Data Name="SubjectUserSid">S-1-5-18</Data>
    <Data Name="SubjectUserName">SYSTEM</Data>
    <Data Name="SubjectDomainName">NT AUTHORITY</Data>
    <Data Name="SubjectLogonId">0x3e7</Data>
    <Data Name="NewProcessId">0x1770</Data>
    <Data Name="NewProcessName">C:\Windows\System32\usoclient.exe</Data>
    <Data Name="TokenElevationType">%%1936</Data>
    <Data Name="ProcessId">0xd18</Data>
    <Data Name="CommandLine">usoclient.exe StartInteractiveScan</Data>
    <Data Name="TargetUserSid">S-1-5-18</Data>
    <Data Name="TargetUserName">SYSTEM</Data>
    <Data Name="TargetDomainName">NT AUTHORITY</Data>
    <Data Name="TargetLogonId">0x3e7</Data>
    <Data Name="ParentProcessName">C:\Windows\System32\svchost.exe</Data>
    <Data Name="MandatoryLabel">S-1-16-16384</Data>
    
  </EventData>
  
</Event>
<Event xmlns="http://schemas.microsoft.com/win/2004/08/events/event">
  <System>
    
    <Provider Name="Microsoft-Windows-Security-Auditing" Guid="{54849625-5478-4994-a5ba-3e3b0328c30d}"/>
    
    <EventID>4625</EventID>
    <Version>0</Version>
    <Level>0</Level>
    <Task>12544</Task>
    <Opcode>0</Opcode>
    <Keywords>0x8010000000000000</Keywords>
    <TimeCreated SystemTime="2024-05-14T15:43:57.7140005Z"/>
    <EventRecordID>809473</EventRecordID>
    <Correlation/>
    <Execution ProcessID="600" ThreadID="6708"/>
    <Channel>Security</Channel>
    <Computer>WS-LMORRIS-01.northstar-branch.local</Computer>
    
    <Security/>
    
  </System>
  
  <EventData>
    
    <Data Name="SubjectUserSid">S-1-0-0</Data>
    <Data Name="SubjectUserName">-</Data>
    <Data Name="SubjectDomainName">-</Data>
    <Data Name="SubjectLogonId">0x0</Data>
    <Data Name="TargetUserSid">S-1-5-21-3882363548-2838386070-1334550370-1003</Data>
    <Data Name="TargetUserName">lena.morris</Data>
    <Data Name="TargetDomainName">NORTHSTAR-BRANCH</Data>
    <Data Name="Status">0xc000006d</Data>
    <Data Name="FailureReason">%%2313</Data>
    <Data Name="SubStatus">0xc000006a</Data>
    <Data Name="LogonType">7</Data>
    <Data Name="LogonProcessName">User32</Data>
    <Data Name="AuthenticationPackageName">Negotiate</Data>
    <Data Name="WorkstationName">WS-LMORRIS-01</Data>
    <Data Name="TransmittedServices">-</Data>
    <Data Name="LmPackageName">-</Data>
    <Data Name="KeyLength">0</Data>
    <Data Name="ProcessId">0xdb8</Data>
    <Data Name="ProcessName">C:\Windows\System32\winlogon.exe</Data>
    <Data Name="IpAddress">-</Data>
    <Data Name="IpPort">-</Data>
    
  </EventData>
  
</Event>
<Event xmlns="http://schemas.microsoft.com/win/2004/08/events/event">
  <System>
    
    <Provider Name="Microsoft-Windows-Security-Auditing" Guid="{54849625-5478-4994-a5ba-3e3b0328c30d}"/>
    
    <EventID>4624</EventID>
    <Version>2</Version>
    <Level>0</Level>
    <Task>12544</Task>
    <Opcode>0</Opcode>
    <Keywords>0x8020000000000000</Keywords>
    <TimeCreated SystemTime="2024-05-14T15:44:00.2870006Z"/>
    <EventRecordID>809481</EventRecordID>
    <Correlation/>
    <Execution ProcessID="3152" ThreadID="268"/>
    <Channel>Security</Channel>
    <Computer>WS-LMORRIS-01.northstar-branch.local</Computer>
    
    <Security/>
    
  </System>
  
  <EventData>
    
    <Data Name="SubjectUserSid">S-1-5-18</Data>
    <Data Name="SubjectUserName">SYSTEM</Data>
    <Data Name="SubjectDomainName">NT AUTHORITY</Data>
    <Data Name="SubjectLogonId">0x3e7</Data>
    <Data Name="TargetUserSid">S-1-5-21-3882363548-2838386070-1334550370-1003</Data>
    <Data Name="TargetUserName">lena.morris</Data>
    <Data Name="TargetDomainName">NORTHSTAR-BRANCH</Data>
    <Data Name="TargetLogonId">0x330cad7</Data>
    <Data Name="LogonType">7</Data>
    <Data Name="LogonGuid">{00000000-0000-0000-0000-000000000000}</Data>
    <Data Name="LogonProcessName">User32</Data>
    <Data Name="AuthenticationPackageName">Negotiate</Data>
    <Data Name="WorkstationName">WS-LMORRIS-01</Data>
    <Data Name="TransmittedServices">-</Data>
    <Data Name="LmPackageName">-</Data>
    <Data Name="KeyLength">0</Data>
    <Data Name="ProcessId">0xdb8</Data>
    <Data Name="ProcessName">C:\Windows\System32\winlogon.exe</Data>
    <Data Name="IpAddress">-</Data>
    <Data Name="IpPort">-</Data>
    <Data Name="ImpersonationLevel">%%1833</Data>
    <Data Name="RestrictedAdminMode">-</Data>
    <Data Name="TargetOutboundUserName">-</Data>
    <Data Name="TargetOutboundDomainName">-</Data>
    <Data Name="VirtualAccount">%%1843</Data>
    <Data Name="ElevatedToken">%%1843</Data>
    <Data Name="TargetLinkedLogonId">0x0</Data>
    
  </EventData>
  
</Event>
<Event xmlns="http://schemas.microsoft.com/win/2004/08/events/event">
  <System>
    
    <Provider Name="Microsoft-Windows-Security-Auditing" Guid="{54849625-5478-4994-a5ba-3e3b0328c30d}"/>
    
    <EventID>4801</EventID>
    <Version>0</Version>
    <Level>0</Level>
    <Task>12551</Task>
    <Opcode>0</Opcode>
    <Keywords>0x8020000000000000</Keywords>
    <TimeCreated SystemTime="2024-05-14T15:44:00.7140009Z"/>
    <EventRecordID>809482</EventRecordID>
    <Correlation/>
    <Execution ProcessID="544" ThreadID="456"/>
    <Channel>Security</Channel>
    <Computer>WS-LMORRIS-01.northstar-branch.local</Computer>
    
    <Security/>
    
  </System>
  
  <EventData>
    
    <Data Name="TargetUserSid">S-1-5-21-3882363548-2838386070-1334550370-1003</Data>
    <Data Name="TargetUserName">lena.morris</Data>
    <Data Name="TargetDomainName">NORTHSTAR-BRANCH</Data>
    <Data Name="TargetLogonId">0x330cad7</Data>
    <Data Name="SessionId">1</Data>
    
  </EventData>
  
</Event>
<Event xmlns="http://schemas.microsoft.com/win/2004/08/events/event">
  <System>
    
    <Provider Name="Microsoft-Windows-Security-Auditing" Guid="{54849625-5478-4994-a5ba-3e3b0328c30d}"/>
    
    <EventID>5156</EventID>
    <Version>1</Version>
    <Level>0</Level>
    <Task>12810</Task>
    <Opcode>0</Opcode>
    <Keywords>0x8020000000000000</Keywords>
    <TimeCreated SystemTime="2024-05-14T15:44:16.1709287Z"/>
    <EventRecordID>809526</EventRecordID>
    <Correlation/>
    <Execution ProcessID="4" ThreadID="64"/>
    <Channel>Security</Channel>
    <Computer>WS-LMORRIS-01.northstar-branch.local</Computer>
    
    <Security/>
    
  </System>
  
  <EventData>
    
    <Data Name="ProcessID">3152</Data>
    <Data Name="Application">\device\harddiskvolume1\windows\system32\lsass.exe</Data>
    <Data Name="Direction">%%14593</Data>
    <Data Name="SourceAddress">10.44.10.23</Data>
    <Data Name="SourcePort">61539</Data>
    <Data Name="DestAddress">10.44.20.10</Data>
    <Data Name="DestPort">88</Data>
    <Data Name="Protocol">6</Data>
    <Data Name="FilterRTID">28045</Data>
    <Data Name="LayerName">%%14611</Data>
    <Data Name="LayerRTID">48</Data>
    <Data Name="RemoteUserID">S-1-0-0</Data>
    <Data Name="RemoteMachineID">S-1-0-0</Data>
    
  </EventData>
  
</Event>
<Event xmlns="http://schemas.microsoft.com/win/2004/08/events/event">
  <System>
    
    <Provider Name="Microsoft-Windows-Security-Auditing" Guid="{54849625-5478-4994-a5ba-3e3b0328c30d}"/>
    
    <EventID>4689</EventID>
    <Version>0</Version>
    <Level>0</Level>
    <Task>13313</Task>
    <Opcode>0</Opcode>
    <Keywords>0x8020000000000000</Keywords>
    <TimeCreated SystemTime="2024-05-14T15:44:42.3055177Z"/>
    <EventRecordID>809527</EventRecordID>
    <Correlation/>
    <Execution ProcessID="4" ThreadID="288"/>
    <Channel>Security</Channel>
    <Computer>WS-LMORRIS-01.northstar-branch.local</Computer>
    
    <Security/>
    
  </System>
  
  <EventData>
    
    <Data Name="SubjectUserSid">S-1-5-18</Data>
    <Data Name="SubjectUserName">SYSTEM</Data>
    <Data Name="SubjectDomainName">NT AUTHORITY</Data>
    <Data Name="SubjectLogonId">0x3e7</Data>
    <Data Name="Status">0x0</Data>
    <Data Name="ProcessId">0x1770</Data>
    <Data Name="ProcessName">C:\Windows\System32\usoclient.exe</Data>
    
  </EventData>
  
</Event>
<Event xmlns="http://schemas.microsoft.com/win/2004/08/events/event">
  <System>
    
    <Provider Name="Microsoft-Windows-Security-Auditing" Guid="{54849625-5478-4994-a5ba-3e3b0328c30d}"/>
    
    <EventID>5156</EventID>
    <Version>1</Version>
    <Level>0</Level>
    <Task>12810</Task>
    <Opcode>0</Opcode>
    <Keywords>0x8020000000000000</Keywords>
    <TimeCreated SystemTime="2024-05-14T15:44:47.1096190Z"/>
    <EventRecordID>809528</EventRecordID>
    <Correlation/>
    <Execution ProcessID="4" ThreadID="84"/>
    <Channel>Security</Channel>
    <Computer>WS-LMORRIS-01.northstar-branch.local</Computer>
    
    <Security/>
    
  </System>
  
  <EventData>
    
    <Data Name="ProcessID">3152</Data>
    <Data Name="Application">\device\harddiskvolume1\windows\system32\lsass.exe</Data>
    <Data Name="Direction">%%14593</Data>
    <Data Name="SourceAddress">10.44.10.23</Data>
    <Data Name="SourcePort">54997</Data>
    <Data Name="DestAddress">10.44.20.10</Data>
    <Data Name="DestPort">88</Data>
    <Data Name="Protocol">17</Data>
    <Data Name="FilterRTID">28044</Data>
    <Data Name="LayerName">%%14611</Data>
    <Data Name="LayerRTID">48</Data>
    <Data Name="RemoteUserID">S-1-0-0</Data>
    <Data Name="RemoteMachineID">S-1-0-0</Data>
    
  </EventData>
  
</Event>
<Event xmlns="http://schemas.microsoft.com/win/2004/08/events/event">
  <System>
    
    <Provider Name="Microsoft-Windows-Security-Auditing" Guid="{54849625-5478-4994-a5ba-3e3b0328c30d}"/>
    
    <EventID>5156</EventID>
    <Version>1</Version>
    <Level>0</Level>
    <Task>12810</Task>
    <Opcode>0</Opcode>
    <Keywords>0x8020000000000000</Keywords>
    <TimeCreated SystemTime="2024-05-14T15:45:15.5658684Z"/>
    <EventRecordID>809529</EventRecordID>
    <Correlation/>
    <Execution ProcessID="4" ThreadID="128"/>
    <Channel>Security</Channel>
    <Computer>WS-LMORRIS-01.northstar-branch.local</Computer>
    
    <Security/>
    
  </System>
  
  <EventData>
    
    <Data Name="ProcessID">3152</Data>
    <Data Name="Application">\device\harddiskvolume1\windows\system32\lsass.exe</Data>
    <Data Name="Direction">%%14593</Data>
    <Data Name="SourceAddress">10.44.10.23</Data>
    <Data Name="SourcePort">55219</Data>
    <Data Name="DestAddress">10.44.20.10</Data>
    <Data Name="DestPort">88</Data>
    <Data Name="Protocol">17</Data>
    <Data Name="FilterRTID">28044</Data>
    <Data Name="LayerName">%%14611</Data>
    <Data Name="LayerRTID">48</Data>
    <Data Name="RemoteUserID">S-1-0-0</Data>
    <Data Name="RemoteMachineID">S-1-0-0</Data>
    
  </EventData>
  
</Event>
<Event xmlns="http://schemas.microsoft.com/win/2004/08/events/event">
  <System>
    
    <Provider Name="Microsoft-Windows-Security-Auditing" Guid="{54849625-5478-4994-a5ba-3e3b0328c30d}"/>
    
    <EventID>5156</EventID>
    <Version>1</Version>
    <Level>0</Level>
    <Task>12810</Task>
    <Opcode>0</Opcode>
    <Keywords>0x8020000000000000</Keywords>
    <TimeCreated SystemTime="2024-05-14T15:45:17.3015529Z"/>
    <EventRecordID>809530</EventRecordID>
    <Correlation/>
    <Execution ProcessID="4" ThreadID="152"/>
    <Channel>Security</Channel>
    <Computer>WS-LMORRIS-01.northstar-branch.local</Computer>
    
    <Security/>
    
  </System>
  
  <EventData>
    
    <Data Name="ProcessID">3152</Data>
    <Data Name="Application">\device\harddiskvolume1\windows\system32\lsass.exe</Data>
    <Data Name="Direction">%%14593</Data>
    <Data Name="SourceAddress">10.44.10.23</Data>
    <Data Name="SourcePort">59495</Data>
    <Data Name="DestAddress">10.44.20.10</Data>
    <Data Name="DestPort">88</Data>
    <Data Name="Protocol">17</Data>
    <Data Name="FilterRTID">28044</Data>
    <Data Name="LayerName">%%14611</Data>
    <Data Name="LayerRTID">48</Data>
    <Data Name="RemoteUserID">S-1-0-0</Data>
    <Data Name="RemoteMachineID">S-1-0-0</Data>
    
  </EventData>
  
</Event>
<Event xmlns="http://schemas.microsoft.com/win/2004/08/events/event">
  <System>
    
    <Provider Name="Microsoft-Windows-Security-Auditing" Guid="{54849625-5478-4994-a5ba-3e3b0328c30d}"/>
    
    <EventID>4689</EventID>
    <Version>0</Version>
    <Level>0</Level>
    <Task>13313</Task>
    <Opcode>0</Opcode>
    <Keywords>0x8020000000000000</Keywords>
    <TimeCreated SystemTime="2024-05-14T15:46:14.3988831Z"/>
    <EventRecordID>809532</EventRecordID>
    <Correlation/>
    <Execution ProcessID="4" ThreadID="204"/>
    <Channel>Security</Channel>
    <Computer>WS-LMORRIS-01.northstar-branch.local</Computer>
    
    <Security/>
    
  </System>
  
  <EventData>
    
    <Data Name="SubjectUserSid">S-1-5-21-3882363548-2838386070-1334550370-1003</Data>
    <Data Name="SubjectUserName">lena.morris</Data>
    <Data Name="SubjectDomainName">NORTHSTAR-BRANCH</Data>
    <Data Name="SubjectLogonId">0x316bf54</Data>
    <Data Name="Status">0x0</Data>
    <Data Name="ProcessId">0x1640</Data>
    <Data Name="ProcessName">C:\Program Files (x86)\Cisco\Cisco AnyConnect Secure Mobility Client\vpnui.exe</Data>
    
  </EventData>
  
</Event>
<Event xmlns="http://schemas.microsoft.com/win/2004/08/events/event">
  <System>
    
    <Provider Name="Microsoft-Windows-Security-Auditing" Guid="{54849625-5478-4994-a5ba-3e3b0328c30d}"/>
    
    <EventID>5156</EventID>
    <Version>1</Version>
    <Level>0</Level>
    <Task>12810</Task>
    <Opcode>0</Opcode>
    <Keywords>0x8020000000000000</Keywords>
    <TimeCreated SystemTime="2024-05-14T15:48:01.3277693Z"/>
    <EventRecordID>809534</EventRecordID>
    <Correlation/>
    <Execution ProcessID="4" ThreadID="168"/>
    <Channel>Security</Channel>
    <Computer>WS-LMORRIS-01.northstar-branch.local</Computer>
    
    <Security/>
    
  </System>
  
  <EventData>
    
    <Data Name="ProcessID">3152</Data>
    <Data Name="Application">\device\harddiskvolume1\windows\system32\lsass.exe</Data>
    <Data Name="Direction">%%14593</Data>
    <Data Name="SourceAddress">10.44.10.23</Data>
    <Data Name="SourcePort">62538</Data>
    <Data Name="DestAddress">10.44.20.10</Data>
    <Data Name="DestPort">88</Data>
    <Data Name="Protocol">17</Data>
    <Data Name="FilterRTID">28044</Data>
    <Data Name="LayerName">%%14611</Data>
    <Data Name="LayerRTID">48</Data>
    <Data Name="RemoteUserID">S-1-0-0</Data>
    <Data Name="RemoteMachineID">S-1-0-0</Data>
    
  </EventData>
  
</Event>
