<Event xmlns="http://schemas.microsoft.com/win/2004/08/events/event">
  <System>
    <Provider Name="Microsoft-Windows-Sysmon" Guid="{5770385f-c22a-43e0-bf4c-06f5698ffbd9}"/>
    <EventID>10</EventID>
    <Version>3</Version>
    <Level>4</Level>
    <Task>10</Task>
    <Opcode>0</Opcode>
    <Keywords>0x8000000000000000</Keywords>
    <TimeCreated SystemTime="2024-05-14T16:01:43.8766819Z"/>
    <EventRecordID>667844</EventRecordID>
    <Correlation/>
    <Execution ProcessID="2060" ThreadID="4252"/>
    <Channel>Microsoft-Windows-Sysmon/Operational</Channel>
    <Computer>WS-LMORRIS-01.northstar-branch.local</Computer>
    <Security UserID="S-1-5-18"/>
  </System>
  <EventData>
    
    <Data Name="RuleName">-</Data>
    <Data Name="UtcTime">2024-05-14 16:01:43.876</Data>
    <Data Name="SourceProcessGUID">{db89d853-0c54-663e-9400-001096ad4f71}</Data>
    <Data Name="SourceProcessId">3412</Data>
    <Data Name="SourceImage">C:\Windows\System32\SearchIndexer.exe</Data>
    <Data Name="SourceThreadId">1812</Data>
    <Data Name="SourceUser">NT AUTHORITY\SYSTEM</Data>
    <Data Name="TargetProcessGUID">{db89d853-0c5a-663e-0d00-0010da2ead90}</Data>
    <Data Name="TargetProcessId">3444</Data>
    <Data Name="TargetImage">C:\Windows\System32\SearchProtocolHost.exe</Data>
    <Data Name="TargetUser">NT AUTHORITY\SYSTEM</Data>
    <Data Name="GrantedAccess">0x0400</Data>
    <Data Name="CallTrace">C:\Windows\SYSTEM32\ntdll.dll+9E03C|C:\Windows\SYSTEM32\RPCRT4.dll+7CCC5|C:\Windows\SYSTEM32\KERNELBASE.dll+2C8A1</Data>
    
  </EventData>
</Event>
<Event xmlns="http://schemas.microsoft.com/win/2004/08/events/event">
  <System>
    <Provider Name="Microsoft-Windows-Sysmon" Guid="{5770385f-c22a-43e0-bf4c-06f5698ffbd9}"/>
    <EventID>10</EventID>
    <Version>3</Version>
    <Level>4</Level>
    <Task>10</Task>
    <Opcode>0</Opcode>
    <Keywords>0x8000000000000000</Keywords>
    <TimeCreated SystemTime="2024-05-14T16:03:00.6249104Z"/>
    <EventRecordID>667848</EventRecordID>
    <Correlation/>
    <Execution ProcessID="2060" ThreadID="1488"/>
    <Channel>Microsoft-Windows-Sysmon/Operational</Channel>
    <Computer>WS-LMORRIS-01.northstar-branch.local</Computer>
    <Security UserID="S-1-5-18"/>
  </System>
  <EventData>
    
    <Data Name="RuleName">-</Data>
    <Data Name="UtcTime">2024-05-14 16:03:00.624</Data>
    <Data Name="SourceProcessGUID">{db89d853-0c53-663e-4100-001037a9ab57}</Data>
    <Data Name="SourceProcessId">3364</Data>
    <Data Name="SourceImage">C:\ProgramData\Microsoft\Windows Defender\Platform\4.18.2301.6-0\MsMpEng.exe</Data>
    <Data Name="SourceThreadId">2772</Data>
    <Data Name="SourceUser">NT AUTHORITY\SYSTEM</Data>
    <Data Name="TargetProcessGUID">{db89d853-0c63-663e-ea02-0000204ded81}</Data>
    <Data Name="TargetProcessId">3552</Data>
    <Data Name="TargetImage">C:\Windows\explorer.exe</Data>
    <Data Name="TargetUser">NORTHSTAR-BRANCH\lena.morris</Data>
    <Data Name="GrantedAccess">0x1410</Data>
    <Data Name="CallTrace">C:\Windows\SYSTEM32\ntdll.dll+9E4FA|C:\Windows\SYSTEM32\KERNELBASE.dll+2CAC1|C:\Windows\SYSTEM32\kernel32.dll+1E364</Data>
    
  </EventData>
</Event>
<Event xmlns="http://schemas.microsoft.com/win/2004/08/events/event">
  <System>
    <Provider Name="Microsoft-Windows-Sysmon" Guid="{5770385f-c22a-43e0-bf4c-06f5698ffbd9}"/>
    <EventID>3</EventID>
    <Version>5</Version>
    <Level>4</Level>
    <Task>3</Task>
    <Opcode>0</Opcode>
    <Keywords>0x8000000000000000</Keywords>
    <TimeCreated SystemTime="2024-05-14T16:06:44.0154729Z"/>
    <EventRecordID>667878</EventRecordID>
    <Correlation/>
    <Execution ProcessID="2060" ThreadID="1488"/>
    <Channel>Microsoft-Windows-Sysmon/Operational</Channel>
    <Computer>WS-LMORRIS-01.northstar-branch.local</Computer>
    <Security UserID="S-1-5-18"/>
  </System>
  <EventData>
    
    <Data Name="RuleName">-</Data>
    <Data Name="UtcTime">2024-05-14 16:06:44.015</Data>
    <Data Name="ProcessGuid">{db89d853-41a4-6643-6102-0000ba8f7e05}</Data>
    <Data Name="ProcessId">3836</Data>
    <Data Name="Image">C:\Program Files (x86)\Microsoft\Edge\Application\msedge.exe</Data>
    <Data Name="User">NORTHSTAR-BRANCH\lena.morris</Data>
    <Data Name="Protocol">tcp</Data>
    <Data Name="Initiated">true</Data>
    <Data Name="SourceIsIpv6">false</Data>
    <Data Name="SourceIp">10.44.10.23</Data>
    <Data Name="SourceHostname">WS-LMORRIS-01.northstar-branch.local</Data>
    <Data Name="SourcePort">56564</Data>
    <Data Name="SourcePortName">-</Data>
    <Data Name="DestinationIsIpv6">false</Data>
    <Data Name="DestinationIp">10.44.20.30</Data>
    <Data Name="DestinationHostname">PROXY-BO-01.northstar-branch.local</Data>
    <Data Name="DestinationPort">8080</Data>
    <Data Name="DestinationPortName">http-alt</Data>
    
  </EventData>
</Event>
<Event xmlns="http://schemas.microsoft.com/win/2004/08/events/event">
  <System>
    <Provider Name="Microsoft-Windows-Sysmon" Guid="{5770385f-c22a-43e0-bf4c-06f5698ffbd9}"/>
    <EventID>3</EventID>
    <Version>5</Version>
    <Level>4</Level>
    <Task>3</Task>
    <Opcode>0</Opcode>
    <Keywords>0x8000000000000000</Keywords>
    <TimeCreated SystemTime="2024-05-14T16:06:46.7963296Z"/>
    <EventRecordID>667900</EventRecordID>
    <Correlation/>
    <Execution ProcessID="2060" ThreadID="1488"/>
    <Channel>Microsoft-Windows-Sysmon/Operational</Channel>
    <Computer>WS-LMORRIS-01.northstar-branch.local</Computer>
    <Security UserID="S-1-5-18"/>
  </System>
  <EventData>
    
    <Data Name="RuleName">-</Data>
    <Data Name="UtcTime">2024-05-14 16:06:46.796</Data>
    <Data Name="ProcessGuid">{db89d853-41a4-6643-6102-0000ba8f7e05}</Data>
    <Data Name="ProcessId">3836</Data>
    <Data Name="Image">C:\Program Files (x86)\Microsoft\Edge\Application\msedge.exe</Data>
    <Data Name="User">NORTHSTAR-BRANCH\lena.morris</Data>
    <Data Name="Protocol">tcp</Data>
    <Data Name="Initiated">true</Data>
    <Data Name="SourceIsIpv6">false</Data>
    <Data Name="SourceIp">10.44.10.23</Data>
    <Data Name="SourceHostname">WS-LMORRIS-01.northstar-branch.local</Data>
    <Data Name="SourcePort">52103</Data>
    <Data Name="SourcePortName">-</Data>
    <Data Name="DestinationIsIpv6">false</Data>
    <Data Name="DestinationIp">10.44.20.30</Data>
    <Data Name="DestinationHostname">PROXY-BO-01.northstar-branch.local</Data>
    <Data Name="DestinationPort">8080</Data>
    <Data Name="DestinationPortName">http-alt</Data>
    
  </EventData>
</Event>
<Event xmlns="http://schemas.microsoft.com/win/2004/08/events/event">
  <System>
    <Provider Name="Microsoft-Windows-Sysmon" Guid="{5770385f-c22a-43e0-bf4c-06f5698ffbd9}"/>
    <EventID>3</EventID>
    <Version>5</Version>
    <Level>4</Level>
    <Task>3</Task>
    <Opcode>0</Opcode>
    <Keywords>0x8000000000000000</Keywords>
    <TimeCreated SystemTime="2024-05-14T16:06:47.3266887Z"/>
    <EventRecordID>668712</EventRecordID>
    <Correlation/>
    <Execution ProcessID="2060" ThreadID="3548"/>
    <Channel>Microsoft-Windows-Sysmon/Operational</Channel>
    <Computer>WS-LMORRIS-01.northstar-branch.local</Computer>
    <Security UserID="S-1-5-18"/>
  </System>
  <EventData>
    
    <Data Name="RuleName">-</Data>
    <Data Name="UtcTime">2024-05-14 16:06:47.326</Data>
    <Data Name="ProcessGuid">{db89d853-41a4-6643-6102-0000ba8f7e05}</Data>
    <Data Name="ProcessId">3836</Data>
    <Data Name="Image">C:\Program Files (x86)\Microsoft\Edge\Application\msedge.exe</Data>
    <Data Name="User">NORTHSTAR-BRANCH\lena.morris</Data>
    <Data Name="Protocol">tcp</Data>
    <Data Name="Initiated">true</Data>
    <Data Name="SourceIsIpv6">false</Data>
    <Data Name="SourceIp">10.44.10.23</Data>
    <Data Name="SourceHostname">WS-LMORRIS-01.northstar-branch.local</Data>
    <Data Name="SourcePort">65208</Data>
    <Data Name="SourcePortName">-</Data>
    <Data Name="DestinationIsIpv6">false</Data>
    <Data Name="DestinationIp">10.44.20.30</Data>
    <Data Name="DestinationHostname">PROXY-BO-01.northstar-branch.local</Data>
    <Data Name="DestinationPort">8080</Data>
    <Data Name="DestinationPortName">http-alt</Data>
    
  </EventData>
</Event>
<Event xmlns="http://schemas.microsoft.com/win/2004/08/events/event">
  <System>
    <Provider Name="Microsoft-Windows-Sysmon" Guid="{5770385f-c22a-43e0-bf4c-06f5698ffbd9}"/>
    <EventID>3</EventID>
    <Version>5</Version>
    <Level>4</Level>
    <Task>3</Task>
    <Opcode>0</Opcode>
    <Keywords>0x8000000000000000</Keywords>
    <TimeCreated SystemTime="2024-05-14T16:07:36.9868398Z"/>
    <EventRecordID>668742</EventRecordID>
    <Correlation/>
    <Execution ProcessID="2060" ThreadID="3548"/>
    <Channel>Microsoft-Windows-Sysmon/Operational</Channel>
    <Computer>WS-LMORRIS-01.northstar-branch.local</Computer>
    <Security UserID="S-1-5-18"/>
  </System>
  <EventData>
    
    <Data Name="RuleName">-</Data>
    <Data Name="UtcTime">2024-05-14 16:07:36.986</Data>
    <Data Name="ProcessGuid">{db89d853-0c47-663e-cc00-0010fbf99eed}</Data>
    <Data Name="ProcessId">3152</Data>
    <Data Name="Image">C:\Windows\System32\lsass.exe</Data>
    <Data Name="User">NT AUTHORITY\SYSTEM</Data>
    <Data Name="Protocol">udp</Data>
    <Data Name="Initiated">true</Data>
    <Data Name="SourceIsIpv6">false</Data>
    <Data Name="SourceIp">10.44.10.23</Data>
    <Data Name="SourceHostname">WS-LMORRIS-01.northstar-branch.local</Data>
    <Data Name="SourcePort">51760</Data>
    <Data Name="SourcePortName">-</Data>
    <Data Name="DestinationIsIpv6">false</Data>
    <Data Name="DestinationIp">10.44.20.10</Data>
    <Data Name="DestinationHostname">DC-BO-01.northstar-branch.local</Data>
    <Data Name="DestinationPort">88</Data>
    <Data Name="DestinationPortName">kerberos</Data>
    
  </EventData>
</Event>
<Event xmlns="http://schemas.microsoft.com/win/2004/08/events/event">
  <System>
    <Provider Name="Microsoft-Windows-Sysmon" Guid="{5770385f-c22a-43e0-bf4c-06f5698ffbd9}"/>
    <EventID>1</EventID>
    <Version>5</Version>
    <Level>4</Level>
    <Task>1</Task>
    <Opcode>0</Opcode>
    <Keywords>0x8000000000000000</Keywords>
    <TimeCreated SystemTime="2024-05-14T16:07:52.3684286Z"/>
    <EventRecordID>668743</EventRecordID>
    <Correlation/>
    <Execution ProcessID="2060" ThreadID="3548"/>
    <Channel>Microsoft-Windows-Sysmon/Operational</Channel>
    <Computer>WS-LMORRIS-01.northstar-branch.local</Computer>
    <Security UserID="S-1-5-18"/>
  </System>
  <EventData>
    
    <Data Name="RuleName">-</Data>
    <Data Name="UtcTime">2024-05-14 16:07:52.368</Data>
    <Data Name="ProcessGuid">{db89d853-8c58-6643-bc02-000079ec3bda}</Data>
    <Data Name="ProcessId">6248</Data>
    <Data Name="Image">C:\Program Files\Mozilla Firefox\firefox.exe</Data>
    <Data Name="FileVersion">121.0</Data>
    <Data Name="Description">Firefox</Data>
    <Data Name="Product">Firefox</Data>
    <Data Name="Company">Mozilla Corporation</Data>
    <Data Name="OriginalFileName">firefox.exe</Data>
    <Data Name="CommandLine">"C:\Program Files\Mozilla Firefox\firefox.exe" -osint -url https://drive.google.com/</Data>
    <Data Name="CurrentDirectory">C:\Users\lena.morris\</Data>
    <Data Name="User">NORTHSTAR-BRANCH\lena.morris</Data>
    <Data Name="LogonGuid">{00000000-0000-0000-0000-000000000000}</Data>
    <Data Name="LogonId">0x330cad7</Data>
    <Data Name="TerminalSessionId">4</Data>
    <Data Name="IntegrityLevel">Medium</Data>
    <Data Name="Hashes">SHA1=F78FCDDC7632E6DF6029270507A60E5B4B21951B,MD5=D39A8CE39BB9BC76CDDD45A1DFA17AC9,SHA256=3E053567474CF448D7BBECF77E8545347CA13D74BAEAE80C1874AD8141688016,IMPHASH=4CE80C2CC143420306DE2C6EF18B7974</Data>
    <Data Name="ParentProcessGuid">{db89d853-6e97-6643-4202-0000676cfd87}</Data>
    <Data Name="ParentProcessId">4952</Data>
    <Data Name="ParentImage">C:\Windows\explorer.exe</Data>
    <Data Name="ParentCommandLine">explorer.exe</Data>
    
  </EventData>
</Event>
<Event xmlns="http://schemas.microsoft.com/win/2004/08/events/event">
  <System>
    <Provider Name="Microsoft-Windows-Sysmon" Guid="{5770385f-c22a-43e0-bf4c-06f5698ffbd9}"/>
    <EventID>3</EventID>
    <Version>5</Version>
    <Level>4</Level>
    <Task>3</Task>
    <Opcode>0</Opcode>
    <Keywords>0x8000000000000000</Keywords>
    <TimeCreated SystemTime="2024-05-14T16:07:55.1984865Z"/>
    <EventRecordID>668744</EventRecordID>
    <Correlation/>
    <Execution ProcessID="2060" ThreadID="2296"/>
    <Channel>Microsoft-Windows-Sysmon/Operational</Channel>
    <Computer>WS-LMORRIS-01.northstar-branch.local</Computer>
    <Security UserID="S-1-5-18"/>
  </System>
  <EventData>
    
    <Data Name="RuleName">-</Data>
    <Data Name="UtcTime">2024-05-14 16:07:55.198</Data>
    <Data Name="ProcessGuid">{db89d853-8c58-6643-bc02-000079ec3bda}</Data>
    <Data Name="ProcessId">6248</Data>
    <Data Name="Image">C:\Program Files\Mozilla Firefox\firefox.exe</Data>
    <Data Name="User">NORTHSTAR-BRANCH\lena.morris</Data>
    <Data Name="Protocol">tcp</Data>
    <Data Name="Initiated">true</Data>
    <Data Name="SourceIsIpv6">false</Data>
    <Data Name="SourceIp">10.44.10.23</Data>
    <Data Name="SourceHostname">WS-LMORRIS-01.northstar-branch.local</Data>
    <Data Name="SourcePort">63883</Data>
    <Data Name="SourcePortName">-</Data>
    <Data Name="DestinationIsIpv6">false</Data>
    <Data Name="DestinationIp">10.44.20.30</Data>
    <Data Name="DestinationHostname">PROXY-BO-01.northstar-branch.local</Data>
    <Data Name="DestinationPort">8080</Data>
    <Data Name="DestinationPortName">http-alt</Data>
    
  </EventData>
</Event>
<Event xmlns="http://schemas.microsoft.com/win/2004/08/events/event">
  <System>
    <Provider Name="Microsoft-Windows-Sysmon" Guid="{5770385f-c22a-43e0-bf4c-06f5698ffbd9}"/>
    <EventID>3</EventID>
    <Version>5</Version>
    <Level>4</Level>
    <Task>3</Task>
    <Opcode>0</Opcode>
    <Keywords>0x8000000000000000</Keywords>
    <TimeCreated SystemTime="2024-05-14T16:07:56.8250665Z"/>
    <EventRecordID>668745</EventRecordID>
    <Correlation/>
    <Execution ProcessID="2060" ThreadID="4940"/>
    <Channel>Microsoft-Windows-Sysmon/Operational</Channel>
    <Computer>WS-LMORRIS-01.northstar-branch.local</Computer>
    <Security UserID="S-1-5-18"/>
  </System>
  <EventData>
    
    <Data Name="RuleName">-</Data>
    <Data Name="UtcTime">2024-05-14 16:07:56.825</Data>
    <Data Name="ProcessGuid">{db89d853-8c58-6643-bc02-000079ec3bda}</Data>
    <Data Name="ProcessId">6248</Data>
    <Data Name="Image">C:\Program Files\Mozilla Firefox\firefox.exe</Data>
    <Data Name="User">NORTHSTAR-BRANCH\lena.morris</Data>
    <Data Name="Protocol">tcp</Data>
    <Data Name="Initiated">true</Data>
    <Data Name="SourceIsIpv6">false</Data>
    <Data Name="SourceIp">10.44.10.23</Data>
    <Data Name="SourceHostname">WS-LMORRIS-01.northstar-branch.local</Data>
    <Data Name="SourcePort">53013</Data>
    <Data Name="SourcePortName">-</Data>
    <Data Name="DestinationIsIpv6">false</Data>
    <Data Name="DestinationIp">10.44.20.30</Data>
    <Data Name="DestinationHostname">PROXY-BO-01.northstar-branch.local</Data>
    <Data Name="DestinationPort">8080</Data>
    <Data Name="DestinationPortName">http-alt</Data>
    
  </EventData>
</Event>
<Event xmlns="http://schemas.microsoft.com/win/2004/08/events/event">
  <System>
    <Provider Name="Microsoft-Windows-Sysmon" Guid="{5770385f-c22a-43e0-bf4c-06f5698ffbd9}"/>
    <EventID>3</EventID>
    <Version>5</Version>
    <Level>4</Level>
    <Task>3</Task>
    <Opcode>0</Opcode>
    <Keywords>0x8000000000000000</Keywords>
    <TimeCreated SystemTime="2024-05-14T16:07:58.2881479Z"/>
    <EventRecordID>668833</EventRecordID>
    <Correlation/>
    <Execution ProcessID="2060" ThreadID="3548"/>
    <Channel>Microsoft-Windows-Sysmon/Operational</Channel>
    <Computer>WS-LMORRIS-01.northstar-branch.local</Computer>
    <Security UserID="S-1-5-18"/>
  </System>
  <EventData>
    
    <Data Name="RuleName">-</Data>
    <Data Name="UtcTime">2024-05-14 16:07:58.288</Data>
    <Data Name="ProcessGuid">{db89d853-7ccb-6643-1c00-00000d684576}</Data>
    <Data Name="ProcessId">5884</Data>
    <Data Name="Image">C:\Program Files (x86)\Cisco\Cisco AnyConnect Secure Mobility Client\vpnui.exe</Data>
    <Data Name="User">NORTHSTAR-BRANCH\lena.morris</Data>
    <Data Name="Protocol">tcp</Data>
    <Data Name="Initiated">true</Data>
    <Data Name="SourceIsIpv6">false</Data>
    <Data Name="SourceIp">10.44.10.23</Data>
    <Data Name="SourceHostname">WS-LMORRIS-01.northstar-branch.local</Data>
    <Data Name="SourcePort">57823</Data>
    <Data Name="SourcePortName">-</Data>
    <Data Name="DestinationIsIpv6">false</Data>
    <Data Name="DestinationIp">10.44.20.30</Data>
    <Data Name="DestinationHostname">PROXY-BO-01.northstar-branch.local</Data>
    <Data Name="DestinationPort">8080</Data>
    <Data Name="DestinationPortName">http-alt</Data>
    
  </EventData>
</Event>
<Event xmlns="http://schemas.microsoft.com/win/2004/08/events/event">
  <System>
    <Provider Name="Microsoft-Windows-Sysmon" Guid="{5770385f-c22a-43e0-bf4c-06f5698ffbd9}"/>
    <EventID>22</EventID>
    <Version>5</Version>
    <Level>4</Level>
    <Task>22</Task>
    <Opcode>0</Opcode>
    <Keywords>0x8000000000000000</Keywords>
    <TimeCreated SystemTime="2024-05-14T16:08:50.5784101Z"/>
    <EventRecordID>668835</EventRecordID>
    <Correlation/>
    <Execution ProcessID="2060" ThreadID="4252"/>
    <Channel>Microsoft-Windows-Sysmon/Operational</Channel>
    <Computer>WS-LMORRIS-01.northstar-branch.local</Computer>
    <Security UserID="S-1-5-18"/>
  </System>
  <EventData>
    
    <Data Name="RuleName">-</Data>
    <Data Name="UtcTime">2024-05-14 16:08:50.578</Data>
    <Data Name="ProcessGuid">{db89d853-0c4d-663e-c700-00108f2df611}</Data>
    <Data Name="ProcessId">3248</Data>
    <Data Name="QueryName">a1b2c3d4e5.cloudfront.net</Data>
    <Data Name="QueryStatus">0</Data>
    <Data Name="QueryResults">151.101.132.32;</Data>
    <Data Name="Image">C:\Windows\System32\svchost.exe</Data>
    <Data Name="User">NT AUTHORITY\LOCAL SERVICE</Data>
    
  </EventData>
</Event>
<Event xmlns="http://schemas.microsoft.com/win/2004/08/events/event">
  <System>
    <Provider Name="Microsoft-Windows-Sysmon" Guid="{5770385f-c22a-43e0-bf4c-06f5698ffbd9}"/>
    <EventID>3</EventID>
    <Version>5</Version>
    <Level>4</Level>
    <Task>3</Task>
    <Opcode>0</Opcode>
    <Keywords>0x8000000000000000</Keywords>
    <TimeCreated SystemTime="2024-05-14T16:08:50.7255112Z"/>
    <EventRecordID>668858</EventRecordID>
    <Correlation/>
    <Execution ProcessID="2060" ThreadID="4252"/>
    <Channel>Microsoft-Windows-Sysmon/Operational</Channel>
    <Computer>WS-LMORRIS-01.northstar-branch.local</Computer>
    <Security UserID="S-1-5-18"/>
  </System>
  <EventData>
    
    <Data Name="RuleName">-</Data>
    <Data Name="UtcTime">2024-05-14 16:08:50.725</Data>
    <Data Name="ProcessGuid">{db89d853-0c4d-663e-c700-00108f2df611}</Data>
    <Data Name="ProcessId">3248</Data>
    <Data Name="Image">C:\Windows\System32\svchost.exe</Data>
    <Data Name="User">NT AUTHORITY\LOCAL SERVICE</Data>
    <Data Name="Protocol">udp</Data>
    <Data Name="Initiated">true</Data>
    <Data Name="SourceIsIpv6">false</Data>
    <Data Name="SourceIp">10.44.10.23</Data>
    <Data Name="SourceHostname">WS-LMORRIS-01.northstar-branch.local</Data>
    <Data Name="SourcePort">61557</Data>
    <Data Name="SourcePortName">-</Data>
    <Data Name="DestinationIsIpv6">false</Data>
    <Data Name="DestinationIp">10.44.20.10</Data>
    <Data Name="DestinationHostname">DC-BO-01.northstar-branch.local</Data>
    <Data Name="DestinationPort">53</Data>
    <Data Name="DestinationPortName">domain</Data>
    
  </EventData>
</Event>
<Event xmlns="http://schemas.microsoft.com/win/2004/08/events/event">
  <System>
    <Provider Name="Microsoft-Windows-Sysmon" Guid="{5770385f-c22a-43e0-bf4c-06f5698ffbd9}"/>
    <EventID>13</EventID>
    <Version>2</Version>
    <Level>4</Level>
    <Task>13</Task>
    <Opcode>0</Opcode>
    <Keywords>0x8000000000000000</Keywords>
    <TimeCreated SystemTime="2024-05-14T16:09:00.6575713Z"/>
    <EventRecordID>668859</EventRecordID>
    <Correlation/>
    <Execution ProcessID="2060" ThreadID="4252"/>
    <Channel>Microsoft-Windows-Sysmon/Operational</Channel>
    <Computer>WS-LMORRIS-01.northstar-branch.local</Computer>
    <Security UserID="S-1-5-18"/>
  </System>
  <EventData>
    
    <Data Name="RuleName">-</Data>
    <Data Name="EventType">SetValue</Data>
    <Data Name="UtcTime">2024-05-14 16:09:00.657</Data>
    <Data Name="ProcessGuid">{db89d853-0c4a-663e-f402-0000a948597b}</Data>
    <Data Name="ProcessId">3200</Data>
    <Data Name="Image">C:\Windows\System32\svchost.exe</Data>
    <Data Name="User">NT AUTHORITY\NETWORK SERVICE</Data>
    <Data Name="TargetObject">HKLM\SYSTEM\CurrentControlSet\Services\LanmanWorkstation\Parameters\EnableSecuritySignature</Data>
    <Data Name="Details">DWORD (0x00000001)</Data>
    
  </EventData>
</Event>
<Event xmlns="http://schemas.microsoft.com/win/2004/08/events/event">
  <System>
    <Provider Name="Microsoft-Windows-Sysmon" Guid="{5770385f-c22a-43e0-bf4c-06f5698ffbd9}"/>
    <EventID>13</EventID>
    <Version>2</Version>
    <Level>4</Level>
    <Task>13</Task>
    <Opcode>0</Opcode>
    <Keywords>0x8000000000000000</Keywords>
    <TimeCreated SystemTime="2024-05-14T16:09:30.8240786Z"/>
    <EventRecordID>668860</EventRecordID>
    <Correlation/>
    <Execution ProcessID="2060" ThreadID="4252"/>
    <Channel>Microsoft-Windows-Sysmon/Operational</Channel>
    <Computer>WS-LMORRIS-01.northstar-branch.local</Computer>
    <Security UserID="S-1-5-18"/>
  </System>
  <EventData>
    
    <Data Name="RuleName">-</Data>
    <Data Name="EventType">SetValue</Data>
    <Data Name="UtcTime">2024-05-14 16:09:30.824</Data>
    <Data Name="ProcessGuid">{db89d853-0c64-663e-9300-0000caffdbc3}</Data>
    <Data Name="ProcessId">3576</Data>
    <Data Name="Image">C:\Windows\System32\RuntimeBroker.exe</Data>
    <Data Name="User">NORTHSTAR-BRANCH\lena.morris</Data>
    <Data Name="TargetObject">HKU\S-1-5-21-3882363548-2838386070-1334550370-1003\Software\Microsoft\Windows\CurrentVersion\Explorer\UserAssist\{CEBFF5CD-ACE2-4F4F-9178-9926F41749EA}\Count\HRZR_EHACNGU:P:\Cebtenz Svyrf\Zvpebfbsg Bssvpr\ebbg\Bssvpr16\RKPRY.RKR</Data>
    <Data Name="Details">FF 83 BA 52 1F 7B B9 27 CD ED F3 F1 90 D7 A9 E2 81 09 66 48 9D B6 A7 16 22 9D E2 64 8B 88 E8 1B</Data>
    
  </EventData>
</Event>
<Event xmlns="http://schemas.microsoft.com/win/2004/08/events/event">
  <System>
    <Provider Name="Microsoft-Windows-Sysmon" Guid="{5770385f-c22a-43e0-bf4c-06f5698ffbd9}"/>
    <EventID>10</EventID>
    <Version>3</Version>
    <Level>4</Level>
    <Task>10</Task>
    <Opcode>0</Opcode>
    <Keywords>0x8000000000000000</Keywords>
    <TimeCreated SystemTime="2024-05-14T16:10:13.7967131Z"/>
    <EventRecordID>668894</EventRecordID>
    <Correlation/>
    <Execution ProcessID="2060" ThreadID="1488"/>
    <Channel>Microsoft-Windows-Sysmon/Operational</Channel>
    <Computer>WS-LMORRIS-01.northstar-branch.local</Computer>
    <Security UserID="S-1-5-18"/>
  </System>
  <EventData>
    
    <Data Name="RuleName">-</Data>
    <Data Name="UtcTime">2024-05-14 16:10:13.796</Data>
    <Data Name="SourceProcessGUID">{db89d853-0c53-663e-4100-001037a9ab57}</Data>
    <Data Name="SourceProcessId">3364</Data>
    <Data Name="SourceImage">C:\ProgramData\Microsoft\Windows Defender\Platform\4.18.2301.6-0\MsMpEng.exe</Data>
    <Data Name="SourceThreadId">6060</Data>
    <Data Name="SourceUser">NT AUTHORITY\SYSTEM</Data>
    <Data Name="TargetProcessGUID">{db89d853-0c47-663e-cc00-0010fbf99eed}</Data>
    <Data Name="TargetProcessId">3152</Data>
    <Data Name="TargetImage">C:\Windows\System32\lsass.exe</Data>
    <Data Name="TargetUser">NT AUTHORITY\SYSTEM</Data>
    <Data Name="GrantedAccess">0x1410</Data>
    <Data Name="CallTrace">C:\Windows\SYSTEM32\ntdll.dll+9CD98|C:\Windows\SYSTEM32\KERNELBASE.dll+2CD5F|C:\Windows\SYSTEM32\sechost.dll+1407E</Data>
    
  </EventData>
</Event>
<Event xmlns="http://schemas.microsoft.com/win/2004/08/events/event">
  <System>
    <Provider Name="Microsoft-Windows-Sysmon" Guid="{5770385f-c22a-43e0-bf4c-06f5698ffbd9}"/>
    <EventID>3</EventID>
    <Version>5</Version>
    <Level>4</Level>
    <Task>3</Task>
    <Opcode>0</Opcode>
    <Keywords>0x8000000000000000</Keywords>
    <TimeCreated SystemTime="2024-05-14T16:10:57.7472393Z"/>
    <EventRecordID>669188</EventRecordID>
    <Correlation/>
    <Execution ProcessID="2060" ThreadID="1488"/>
    <Channel>Microsoft-Windows-Sysmon/Operational</Channel>
    <Computer>WS-LMORRIS-01.northstar-branch.local</Computer>
    <Security UserID="S-1-5-18"/>
  </System>
  <EventData>
    
    <Data Name="RuleName">-</Data>
    <Data Name="UtcTime">2024-05-14 16:10:57.747</Data>
    <Data Name="ProcessGuid">{db89d853-7ccb-6643-1c00-00000d684576}</Data>
    <Data Name="ProcessId">5884</Data>
    <Data Name="Image">C:\Program Files (x86)\Cisco\Cisco AnyConnect Secure Mobility Client\vpnui.exe</Data>
    <Data Name="User">NORTHSTAR-BRANCH\lena.morris</Data>
    <Data Name="Protocol">tcp</Data>
    <Data Name="Initiated">true</Data>
    <Data Name="SourceIsIpv6">false</Data>
    <Data Name="SourceIp">10.44.10.23</Data>
    <Data Name="SourceHostname">WS-LMORRIS-01.northstar-branch.local</Data>
    <Data Name="SourcePort">60535</Data>
    <Data Name="SourcePortName">-</Data>
    <Data Name="DestinationIsIpv6">false</Data>
    <Data Name="DestinationIp">10.44.20.30</Data>
    <Data Name="DestinationHostname">PROXY-BO-01.northstar-branch.local</Data>
    <Data Name="DestinationPort">8080</Data>
    <Data Name="DestinationPortName">http-alt</Data>
    
  </EventData>
</Event>
<Event xmlns="http://schemas.microsoft.com/win/2004/08/events/event">
  <System>
    <Provider Name="Microsoft-Windows-Sysmon" Guid="{5770385f-c22a-43e0-bf4c-06f5698ffbd9}"/>
    <EventID>3</EventID>
    <Version>5</Version>
    <Level>4</Level>
    <Task>3</Task>
    <Opcode>0</Opcode>
    <Keywords>0x8000000000000000</Keywords>
    <TimeCreated SystemTime="2024-05-14T16:11:43.1857613Z"/>
    <EventRecordID>669189</EventRecordID>
    <Correlation/>
    <Execution ProcessID="2060" ThreadID="4940"/>
    <Channel>Microsoft-Windows-Sysmon/Operational</Channel>
    <Computer>WS-LMORRIS-01.northstar-branch.local</Computer>
    <Security UserID="S-1-5-18"/>
  </System>
  <EventData>
    
    <Data Name="RuleName">-</Data>
    <Data Name="UtcTime">2024-05-14 16:11:43.185</Data>
    <Data Name="ProcessGuid">{db89d853-7ccb-6643-1c00-00000d684576}</Data>
    <Data Name="ProcessId">5884</Data>
    <Data Name="Image">C:\Program Files (x86)\Cisco\Cisco AnyConnect Secure Mobility Client\vpnui.exe</Data>
    <Data Name="User">NORTHSTAR-BRANCH\lena.morris</Data>
    <Data Name="Protocol">tcp</Data>
    <Data Name="Initiated">true</Data>
    <Data Name="SourceIsIpv6">false</Data>
    <Data Name="SourceIp">10.44.10.23</Data>
    <Data Name="SourceHostname">WS-LMORRIS-01.northstar-branch.local</Data>
    <Data Name="SourcePort">53039</Data>
    <Data Name="SourcePortName">-</Data>
    <Data Name="DestinationIsIpv6">false</Data>
    <Data Name="DestinationIp">10.44.20.30</Data>
    <Data Name="DestinationHostname">PROXY-BO-01.northstar-branch.local</Data>
    <Data Name="DestinationPort">8080</Data>
    <Data Name="DestinationPortName">http-alt</Data>
    
  </EventData>
</Event>
<Event xmlns="http://schemas.microsoft.com/win/2004/08/events/event">
  <System>
    <Provider Name="Microsoft-Windows-Sysmon" Guid="{5770385f-c22a-43e0-bf4c-06f5698ffbd9}"/>
    <EventID>1</EventID>
    <Version>5</Version>
    <Level>4</Level>
    <Task>1</Task>
    <Opcode>0</Opcode>
    <Keywords>0x8000000000000000</Keywords>
    <TimeCreated SystemTime="2024-05-14T16:14:40.9791884Z"/>
    <EventRecordID>669733</EventRecordID>
    <Correlation/>
    <Execution ProcessID="2060" ThreadID="4940"/>
    <Channel>Microsoft-Windows-Sysmon/Operational</Channel>
    <Computer>WS-LMORRIS-01.northstar-branch.local</Computer>
    <Security UserID="S-1-5-18"/>
  </System>
  <EventData>
    
    <Data Name="RuleName">-</Data>
    <Data Name="UtcTime">2024-05-14 16:14:40.979</Data>
    <Data Name="ProcessGuid">{db89d853-8df0-6643-d100-001073512cbb}</Data>
    <Data Name="ProcessId">6308</Data>
    <Data Name="Image">C:\Windows\System32\SearchFilterHost.exe</Data>
    <Data Name="FileVersion">10.0.22621.1</Data>
    <Data Name="Description">Microsoft Windows Search Filter Host</Data>
    <Data Name="Product">Microsoft Windows Operating System</Data>
    <Data Name="Company">Microsoft Corporation</Data>
    <Data Name="OriginalFileName">SearchFilterHost.exe</Data>
    <Data Name="CommandLine">SearchFilterHost.exe 0 828 0 0 0</Data>
    <Data Name="CurrentDirectory">C:\Windows\System32\</Data>
    <Data Name="User">NT AUTHORITY\SYSTEM</Data>
    <Data Name="LogonGuid">{bca4f578-11bd-4986-a043-b3c59698a3e0}</Data>
    <Data Name="LogonId">0x3e7</Data>
    <Data Name="TerminalSessionId">0</Data>
    <Data Name="IntegrityLevel">System</Data>
    <Data Name="Hashes">SHA1=0C19DDD62CEFD07AB2CB42FF4878D529F9DFB89D,MD5=BA4A7DF8FAB830DDF49B7F01EFACD90E,SHA256=64BACFAEEB126E9041DB6B9526C676A6830B01431EE23A0BA0F1351CAA484FC6,IMPHASH=7E131377F9483DE692B447AD26B54EEA</Data>
    <Data Name="ParentProcessGuid">{db89d853-0c54-663e-9400-001096ad4f71}</Data>
    <Data Name="ParentProcessId">3412</Data>
    <Data Name="ParentImage">C:\Windows\System32\SearchIndexer.exe</Data>
    <Data Name="ParentCommandLine">SearchIndexer.exe</Data>
    
  </EventData>
</Event>
<Event xmlns="http://schemas.microsoft.com/win/2004/08/events/event">
  <System>
    <Provider Name="Microsoft-Windows-Sysmon" Guid="{5770385f-c22a-43e0-bf4c-06f5698ffbd9}"/>
    <EventID>7</EventID>
    <Version>3</Version>
    <Level>4</Level>
    <Task>7</Task>
    <Opcode>0</Opcode>
    <Keywords>0x8000000000000000</Keywords>
    <TimeCreated SystemTime="2024-05-14T16:14:54.8908838Z"/>
    <EventRecordID>669734</EventRecordID>
    <Correlation/>
    <Execution ProcessID="2060" ThreadID="4252"/>
    <Channel>Microsoft-Windows-Sysmon/Operational</Channel>
    <Computer>WS-LMORRIS-01.northstar-branch.local</Computer>
    <Security UserID="S-1-5-18"/>
  </System>
  <EventData>
    
    <Data Name="RuleName">-</Data>
    <Data Name="UtcTime">2024-05-14 16:14:54.890</Data>
    <Data Name="ProcessGuid">{db89d853-7e09-6643-4a00-00001c03d7fc}</Data>
    <Data Name="ProcessId">5288</Data>
    <Data Name="Image">C:\Program Files\Zscaler\ZSATray\ZSATray.exe</Data>
    <Data Name="ImageLoaded">C:\Program Files\Zscaler\ZSATray\ZSACommon.dll</Data>
    <Data Name="FileVersion">4.3.0.190</Data>
    <Data Name="Description">Zscaler Common Library</Data>
    <Data Name="Product">Zscaler Client Connector</Data>
    <Data Name="Company">Zscaler, Inc.</Data>
    <Data Name="OriginalFileName">ZSACommon.dll</Data>
    <Data Name="Hashes">SHA1=95F5BE38AE68F4B21106786F8FA311FC69437F76,MD5=D93C1EB7C7B6A7668164FF1FD61FFD5F,SHA256=7C7720A9B263D491675FBEA9616F329404D89FDEB4C41DF12373FFEBA3BD8D54,IMPHASH=592552B422836DF2F05CD0B6B8F5881F</Data>
    <Data Name="Signed">true</Data>
    <Data Name="Signature">Zscaler, Inc.</Data>
    <Data Name="SignatureStatus">Valid</Data>
    
  </EventData>
</Event>
<Event xmlns="http://schemas.microsoft.com/win/2004/08/events/event">
  <System>
    <Provider Name="Microsoft-Windows-Sysmon" Guid="{5770385f-c22a-43e0-bf4c-06f5698ffbd9}"/>
    <EventID>5</EventID>
    <Version>3</Version>
    <Level>4</Level>
    <Task>5</Task>
    <Opcode>0</Opcode>
    <Keywords>0x8000000000000000</Keywords>
    <TimeCreated SystemTime="2024-05-14T16:15:00.8570307Z"/>
    <EventRecordID>669735</EventRecordID>
    <Correlation/>
    <Execution ProcessID="2060" ThreadID="3548"/>
    <Channel>Microsoft-Windows-Sysmon/Operational</Channel>
    <Computer>WS-LMORRIS-01.northstar-branch.local</Computer>
    <Security UserID="S-1-5-18"/>
  </System>
  <EventData>
    
    <Data Name="RuleName">-</Data>
    <Data Name="UtcTime">2024-05-14 16:15:00.857</Data>
    <Data Name="ProcessGuid">{db89d853-7e77-6643-6f00-000025c3f0a3}</Data>
    <Data Name="ProcessId">5480</Data>
    <Data Name="Image">C:\Program Files\PostgreSQL\16\bin\psql.exe</Data>
    <Data Name="User">NORTHSTAR-BRANCH\lena.morris</Data>
    
  </EventData>
</Event>
<Event xmlns="http://schemas.microsoft.com/win/2004/08/events/event">
  <System>
    <Provider Name="Microsoft-Windows-Sysmon" Guid="{5770385f-c22a-43e0-bf4c-06f5698ffbd9}"/>
    <EventID>1</EventID>
    <Version>5</Version>
    <Level>4</Level>
    <Task>1</Task>
    <Opcode>0</Opcode>
    <Keywords>0x8000000000000000</Keywords>
    <TimeCreated SystemTime="2024-05-14T16:16:45.3617021Z"/>
    <EventRecordID>669737</EventRecordID>
    <Correlation/>
    <Execution ProcessID="2060" ThreadID="3548"/>
    <Channel>Microsoft-Windows-Sysmon/Operational</Channel>
    <Computer>WS-LMORRIS-01.northstar-branch.local</Computer>
    <Security UserID="S-1-5-18"/>
  </System>
  <EventData>
    
    <Data Name="RuleName">-</Data>
    <Data Name="UtcTime">2024-05-14 16:16:45.361</Data>
    <Data Name="ProcessGuid">{db89d853-8e6d-6643-9000-00008323d87f}</Data>
    <Data Name="ProcessId">6072</Data>
    <Data Name="Image">C:\Windows\System32\WindowsPowerShell\v1.0\powershell.exe</Data>
    <Data Name="FileVersion">10.0.22621.1</Data>
    <Data Name="Description">Windows PowerShell</Data>
    <Data Name="Product">Microsoft Windows Operating System</Data>
    <Data Name="Company">Microsoft Corporation</Data>
    <Data Name="OriginalFileName">PowerShell.EXE</Data>
    <Data Name="CommandLine">C:\Windows\System32\WindowsPowerShell\v1.0\powershell.exe</Data>
    <Data Name="CurrentDirectory">C:\Windows\System32\</Data>
    <Data Name="User">NORTHSTAR-BRANCH\lena.morris</Data>
    <Data Name="LogonGuid">{00000000-0000-0000-0000-000000000000}</Data>
    <Data Name="LogonId">0x330cad7</Data>
    <Data Name="TerminalSessionId">4</Data>
    <Data Name="IntegrityLevel">Medium</Data>
    <Data Name="Hashes">SHA1=74807298BB026542B177B40CEC0B2D64D5238D09,MD5=EEACC5305C17D7F9E330B33280A27AC5,SHA256=8A59DE82B9F4AD767B08A19B8F47E045B6E82C53F55A422FE0CE860BA3A9470A,IMPHASH=9E37895148BCA2306FCE4BCB0E51C310</Data>
    <Data Name="ParentProcessGuid">{db89d853-6e97-6643-4202-0000676cfd87}</Data>
    <Data Name="ParentProcessId">4952</Data>
    <Data Name="ParentImage">C:\Windows\explorer.exe</Data>
    <Data Name="ParentCommandLine">explorer.exe</Data>
    
  </EventData>
</Event>
<Event xmlns="http://schemas.microsoft.com/win/2004/08/events/event">
  <System>
    <Provider Name="Microsoft-Windows-Sysmon" Guid="{5770385f-c22a-43e0-bf4c-06f5698ffbd9}"/>
    <EventID>1</EventID>
    <Version>5</Version>
    <Level>4</Level>
    <Task>1</Task>
    <Opcode>0</Opcode>
    <Keywords>0x8000000000000000</Keywords>
    <TimeCreated SystemTime="2024-05-14T16:16:46.7470389Z"/>
    <EventRecordID>669738</EventRecordID>
    <Correlation/>
    <Execution ProcessID="2060" ThreadID="3548"/>
    <Channel>Microsoft-Windows-Sysmon/Operational</Channel>
    <Computer>WS-LMORRIS-01.northstar-branch.local</Computer>
    <Security UserID="S-1-5-18"/>
  </System>
  <EventData>
    
    <Data Name="RuleName">-</Data>
    <Data Name="UtcTime">2024-05-14 16:16:46.747</Data>
    <Data Name="ProcessGuid">{db89d853-8e6e-6643-4802-0010fef6594a}</Data>
    <Data Name="ProcessId">6088</Data>
    <Data Name="Image">C:\Program Files\PostgreSQL\16\bin\psql.exe</Data>
    <Data Name="FileVersion">16.2</Data>
    <Data Name="Description">PostgreSQL interactive terminal</Data>
    <Data Name="Product">PostgreSQL</Data>
    <Data Name="Company">PostgreSQL Global Development Group</Data>
    <Data Name="OriginalFileName">psql.exe</Data>
    <Data Name="CommandLine">psql.exe -U postgres -d warehouse</Data>
    <Data Name="CurrentDirectory">C:\Program Files\PostgreSQL\16\bin\</Data>
    <Data Name="User">NORTHSTAR-BRANCH\lena.morris</Data>
    <Data Name="LogonGuid">{00000000-0000-0000-0000-000000000000}</Data>
    <Data Name="LogonId">0x330cad7</Data>
    <Data Name="TerminalSessionId">4</Data>
    <Data Name="IntegrityLevel">Medium</Data>
    <Data Name="Hashes">SHA1=2F175798DA6E8D354170B6CC72D688B5D079ED6E,MD5=031D00B5A81BBAF556ABD1B253BBBAFB,SHA256=B8B45F5C7B85AD9A98220F607A0F65B377F1CF3425CF171921B2BE51EA5FA06B,IMPHASH=E20BBD209A341DE034309BBA306330F2</Data>
    <Data Name="ParentProcessGuid">{db89d853-8e6d-6643-9000-00008323d87f}</Data>
    <Data Name="ParentProcessId">6072</Data>
    <Data Name="ParentImage">C:\Windows\System32\WindowsPowerShell\v1.0\powershell.exe</Data>
    <Data Name="ParentCommandLine">C:\Windows\System32\WindowsPowerShell\v1.0\powershell.exe</Data>
    
  </EventData>
</Event>
<Event xmlns="http://schemas.microsoft.com/win/2004/08/events/event">
  <System>
    <Provider Name="Microsoft-Windows-Sysmon" Guid="{5770385f-c22a-43e0-bf4c-06f5698ffbd9}"/>
    <EventID>1</EventID>
    <Version>5</Version>
    <Level>4</Level>
    <Task>1</Task>
    <Opcode>0</Opcode>
    <Keywords>0x8000000000000000</Keywords>
    <TimeCreated SystemTime="2024-05-14T16:16:53.8799263Z"/>
    <EventRecordID>669739</EventRecordID>
    <Correlation/>
    <Execution ProcessID="2060" ThreadID="3548"/>
    <Channel>Microsoft-Windows-Sysmon/Operational</Channel>
    <Computer>WS-LMORRIS-01.northstar-branch.local</Computer>
    <Security UserID="S-1-5-18"/>
  </System>
  <EventData>
    
    <Data Name="RuleName">-</Data>
    <Data Name="UtcTime">2024-05-14 16:16:53.879</Data>
    <Data Name="ProcessGuid">{db89d853-8e75-6643-4400-0000001908be}</Data>
    <Data Name="ProcessId">6096</Data>
    <Data Name="Image">C:\Program Files\Tableau\Tableau 2024.1\bin\tableau.exe</Data>
    <Data Name="FileVersion">24.1.1321.0514</Data>
    <Data Name="Description">Tableau</Data>
    <Data Name="Product">Tableau Desktop</Data>
    <Data Name="Company">Tableau Software, LLC</Data>
    <Data Name="OriginalFileName">tableau.exe</Data>
    <Data Name="CommandLine">"C:\Program Files\Tableau\Tableau 2024.1\bin\tableau.exe" "FY2024 Forecast.xlsx"</Data>
    <Data Name="CurrentDirectory">C:\Program Files\Tableau\Tableau 2024.1\bin\</Data>
    <Data Name="User">NORTHSTAR-BRANCH\lena.morris</Data>
    <Data Name="LogonGuid">{00000000-0000-0000-0000-000000000000}</Data>
    <Data Name="LogonId">0x330cad7</Data>
    <Data Name="TerminalSessionId">4</Data>
    <Data Name="IntegrityLevel">Medium</Data>
    <Data Name="Hashes">SHA1=9216FDF27598FA637ABD19F6FB08A9B418BE0244,MD5=113DBB65210CB440B7F58C4B7BE90828,SHA256=04DE8430E261CD5A5844C69DC4011BCF7D9D1ED290CDFC4BC0C6A1925C337515,IMPHASH=F9CFF295071E36B45488462E277EB52F</Data>
    <Data Name="ParentProcessGuid">{db89d853-6e97-6643-4202-0000676cfd87}</Data>
    <Data Name="ParentProcessId">4952</Data>
    <Data Name="ParentImage">C:\Windows\explorer.exe</Data>
    <Data Name="ParentCommandLine">explorer.exe</Data>
    
  </EventData>
</Event>
<Event xmlns="http://schemas.microsoft.com/win/2004/08/events/event">
  <System>
    <Provider Name="Microsoft-Windows-Sysmon" Guid="{5770385f-c22a-43e0-bf4c-06f5698ffbd9}"/>
    <EventID>1</EventID>
    <Version>5</Version>
    <Level>4</Level>
    <Task>1</Task>
    <Opcode>0</Opcode>
    <Keywords>0x8000000000000000</Keywords>
    <TimeCreated SystemTime="2024-05-14T16:17:09.6702237Z"/>
    <EventRecordID>669740</EventRecordID>
    <Correlation/>
    <Execution ProcessID="2060" ThreadID="3548"/>
    <Channel>Microsoft-Windows-Sysmon/Operational</Channel>
    <Computer>WS-LMORRIS-01.northstar-branch.local</Computer>
    <Security UserID="S-1-5-18"/>
  </System>
  <EventData>
    
    <Data Name="RuleName">-</Data>
    <Data Name="UtcTime">2024-05-14 16:17:09.670</Data>
    <Data Name="ProcessGuid">{db89d853-8e85-6643-2002-00009629685d}</Data>
    <Data Name="ProcessId">6224</Data>
    <Data Name="Image">C:\Program Files\Microsoft Office\root\Office16\WINWORD.EXE</Data>
    <Data Name="FileVersion">16.0.17628.20006</Data>
    <Data Name="Description">Microsoft Word</Data>
    <Data Name="Product">Microsoft Office</Data>
    <Data Name="Company">Microsoft Corporation</Data>
    <Data Name="OriginalFileName">WINWORD.EXE</Data>
    <Data Name="CommandLine">"C:\Program Files\Microsoft Office\root\Office16\WINWORD.EXE" /t "Normal.dotm"</Data>
    <Data Name="CurrentDirectory">C:\Program Files\Microsoft Office\root\Office16\</Data>
    <Data Name="User">NORTHSTAR-BRANCH\lena.morris</Data>
    <Data Name="LogonGuid">{00000000-0000-0000-0000-000000000000}</Data>
    <Data Name="LogonId">0x330cad7</Data>
    <Data Name="TerminalSessionId">4</Data>
    <Data Name="IntegrityLevel">Medium</Data>
    <Data Name="Hashes">SHA1=284917D8E850DD6BD79FC193C0E86947107161B7,MD5=8B29032F99530F3DCCF379049991BD8D,SHA256=2B41E6BF489E896F9D25FF7203DEA2273EF7FCFE915B9050478387FF6DCF5CFF,IMPHASH=4AF3B46C570FA33690CB398B93972335</Data>
    <Data Name="ParentProcessGuid">{db89d853-6e97-6643-4202-0000676cfd87}</Data>
    <Data Name="ParentProcessId">4952</Data>
    <Data Name="ParentImage">C:\Windows\explorer.exe</Data>
    <Data Name="ParentCommandLine">explorer.exe</Data>
    
  </EventData>
</Event>
<Event xmlns="http://schemas.microsoft.com/win/2004/08/events/event">
  <System>
    <Provider Name="Microsoft-Windows-Sysmon" Guid="{5770385f-c22a-43e0-bf4c-06f5698ffbd9}"/>
    <EventID>22</EventID>
    <Version>5</Version>
    <Level>4</Level>
    <Task>22</Task>
    <Opcode>0</Opcode>
    <Keywords>0x8000000000000000</Keywords>
    <TimeCreated SystemTime="2024-05-14T16:17:13.3046852Z"/>
    <EventRecordID>669741</EventRecordID>
    <Correlation/>
    <Execution ProcessID="2060" ThreadID="3548"/>
    <Channel>Microsoft-Windows-Sysmon/Operational</Channel>
    <Computer>WS-LMORRIS-01.northstar-branch.local</Computer>
    <Security UserID="S-1-5-18"/>
  </System>
  <EventData>
    
    <Data Name="RuleName">-</Data>
    <Data Name="UtcTime">2024-05-14 16:17:13.304</Data>
    <Data Name="ProcessGuid">{db89d853-0c4d-663e-c700-00108f2df611}</Data>
    <Data Name="ProcessId">3248</Data>
    <Data Name="QueryName">DB-SRV-01.northstar-branch.local</Data>
    <Data Name="QueryStatus">0</Data>
    <Data Name="QueryResults">10.44.20.149;</Data>
    <Data Name="Image">C:\Windows\System32\svchost.exe</Data>
    <Data Name="User">NT AUTHORITY\LOCAL SERVICE</Data>
    
  </EventData>
</Event>
<Event xmlns="http://schemas.microsoft.com/win/2004/08/events/event">
  <System>
    <Provider Name="Microsoft-Windows-Sysmon" Guid="{5770385f-c22a-43e0-bf4c-06f5698ffbd9}"/>
    <EventID>1</EventID>
    <Version>5</Version>
    <Level>4</Level>
    <Task>1</Task>
    <Opcode>0</Opcode>
    <Keywords>0x8000000000000000</Keywords>
    <TimeCreated SystemTime="2024-05-14T16:17:13.8772351Z"/>
    <EventRecordID>669742</EventRecordID>
    <Correlation/>
    <Execution ProcessID="2060" ThreadID="3548"/>
    <Channel>Microsoft-Windows-Sysmon/Operational</Channel>
    <Computer>WS-LMORRIS-01.northstar-branch.local</Computer>
    <Security UserID="S-1-5-18"/>
  </System>
  <EventData>
    
    <Data Name="RuleName">-</Data>
    <Data Name="UtcTime">2024-05-14 16:17:13.877</Data>
    <Data Name="ProcessGuid">{db89d853-8e89-6643-2302-0000d18c34a4}</Data>
    <Data Name="ProcessId">6092</Data>
    <Data Name="Image">C:\Program Files\Microsoft SQL Server\Client SDK\ODBC\170\Tools\Binn\sqlcmd.exe</Data>
    <Data Name="FileVersion">15.0.4153.1</Data>
    <Data Name="Description">Microsoft SQL Server Command Line Tool</Data>
    <Data Name="Product">Microsoft SQL Server</Data>
    <Data Name="Company">Microsoft Corporation</Data>
    <Data Name="OriginalFileName">sqlcmd.exe</Data>
    <Data Name="CommandLine">sqlcmd.exe -S DB-SRV-01 -d master -Q "SELECT name, status FROM sys.databases"</Data>
    <Data Name="CurrentDirectory">C:\Program Files\Microsoft SQL Server\Client SDK\ODBC\170\Tools\Binn\</Data>
    <Data Name="User">NORTHSTAR-BRANCH\lena.morris</Data>
    <Data Name="LogonGuid">{00000000-0000-0000-0000-000000000000}</Data>
    <Data Name="LogonId">0x330cad7</Data>
    <Data Name="TerminalSessionId">4</Data>
    <Data Name="IntegrityLevel">Medium</Data>
    <Data Name="Hashes">SHA1=5D8154B9F2BCD1D42AB10551A4DFC0D752A23201,MD5=E9D6D4279AAE3792AA13D5DE71F1E5EA,SHA256=8F2A08B121562032FE4E450BF359398D2F438C5FC5B622571ED47B226EC409AD,IMPHASH=5B97BF2C3C98A13B59FDF36DF272FDDB</Data>
    <Data Name="ParentProcessGuid">{db89d853-8e6d-6643-9000-00008323d87f}</Data>
    <Data Name="ParentProcessId">6072</Data>
    <Data Name="ParentImage">C:\Windows\System32\WindowsPowerShell\v1.0\powershell.exe</Data>
    <Data Name="ParentCommandLine">C:\Windows\System32\WindowsPowerShell\v1.0\powershell.exe</Data>
    
  </EventData>
</Event>
<Event xmlns="http://schemas.microsoft.com/win/2004/08/events/event">
  <System>
    <Provider Name="Microsoft-Windows-Sysmon" Guid="{5770385f-c22a-43e0-bf4c-06f5698ffbd9}"/>
    <EventID>22</EventID>
    <Version>5</Version>
    <Level>4</Level>
    <Task>22</Task>
    <Opcode>0</Opcode>
    <Keywords>0x8000000000000000</Keywords>
    <TimeCreated SystemTime="2024-05-14T16:17:17.0606202Z"/>
    <EventRecordID>669777</EventRecordID>
    <Correlation/>
    <Execution ProcessID="2060" ThreadID="4940"/>
    <Channel>Microsoft-Windows-Sysmon/Operational</Channel>
    <Computer>WS-LMORRIS-01.northstar-branch.local</Computer>
    <Security UserID="S-1-5-18"/>
  </System>
  <EventData>
    
    <Data Name="RuleName">-</Data>
    <Data Name="UtcTime">2024-05-14 16:17:17.060</Data>
    <Data Name="ProcessGuid">{db89d853-0c4d-663e-c700-00108f2df611}</Data>
    <Data Name="ProcessId">3248</Data>
    <Data Name="QueryName">_kerberos._tcp.northstar-branch.local</Data>
    <Data Name="QueryStatus">0</Data>
    <Data Name="QueryResults">0 100 88 DC-BO-01.northstar-branch.local;</Data>
    <Data Name="Image">C:\Windows\System32\svchost.exe</Data>
    <Data Name="User">NT AUTHORITY\LOCAL SERVICE</Data>
    
  </EventData>
</Event>
<Event xmlns="http://schemas.microsoft.com/win/2004/08/events/event">
  <System>
    <Provider Name="Microsoft-Windows-Sysmon" Guid="{5770385f-c22a-43e0-bf4c-06f5698ffbd9}"/>
    <EventID>22</EventID>
    <Version>5</Version>
    <Level>4</Level>
    <Task>22</Task>
    <Opcode>0</Opcode>
    <Keywords>0x8000000000000000</Keywords>
    <TimeCreated SystemTime="2024-05-14T16:17:17.1465976Z"/>
    <EventRecordID>669820</EventRecordID>
    <Correlation/>
    <Execution ProcessID="2060" ThreadID="4940"/>
    <Channel>Microsoft-Windows-Sysmon/Operational</Channel>
    <Computer>WS-LMORRIS-01.northstar-branch.local</Computer>
    <Security UserID="S-1-5-18"/>
  </System>
  <EventData>
    
    <Data Name="RuleName">-</Data>
    <Data Name="UtcTime">2024-05-14 16:17:17.146</Data>
    <Data Name="ProcessGuid">{db89d853-0c4d-663e-c700-00108f2df611}</Data>
    <Data Name="ProcessId">3248</Data>
    <Data Name="QueryName">_ldap._tcp.dc._msdcs.northstar-branch.local</Data>
    <Data Name="QueryStatus">0</Data>
    <Data Name="QueryResults">0 100 389 DC-BO-01.northstar-branch.local;</Data>
    <Data Name="Image">C:\Windows\System32\svchost.exe</Data>
    <Data Name="User">NT AUTHORITY\LOCAL SERVICE</Data>
    
  </EventData>
</Event>
<Event xmlns="http://schemas.microsoft.com/win/2004/08/events/event">
  <System>
    <Provider Name="Microsoft-Windows-Sysmon" Guid="{5770385f-c22a-43e0-bf4c-06f5698ffbd9}"/>
    <EventID>1</EventID>
    <Version>5</Version>
    <Level>4</Level>
    <Task>1</Task>
    <Opcode>0</Opcode>
    <Keywords>0x8000000000000000</Keywords>
    <TimeCreated SystemTime="2024-05-14T16:17:17.3335941Z"/>
    <EventRecordID>669994</EventRecordID>
    <Correlation/>
    <Execution ProcessID="2060" ThreadID="4252"/>
    <Channel>Microsoft-Windows-Sysmon/Operational</Channel>
    <Computer>WS-LMORRIS-01.northstar-branch.local</Computer>
    <Security UserID="S-1-5-18"/>
  </System>
  <EventData>
    
    <Data Name="RuleName">-</Data>
    <Data Name="UtcTime">2024-05-14 16:17:17.333</Data>
    <Data Name="ProcessGuid">{db89d853-8e8d-6643-9400-000099194229}</Data>
    <Data Name="ProcessId">6032</Data>
    <Data Name="Image">C:\Windows\System32\cmd.exe</Data>
    <Data Name="FileVersion">10.0.22621.1</Data>
    <Data Name="Description">Windows Command Processor</Data>
    <Data Name="Product">Microsoft Windows Operating System</Data>
    <Data Name="Company">Microsoft Corporation</Data>
    <Data Name="OriginalFileName">Cmd.Exe</Data>
    <Data Name="CommandLine">C:\Windows\System32\cmd.exe</Data>
    <Data Name="CurrentDirectory">C:\Windows\System32\</Data>
    <Data Name="User">NORTHSTAR-BRANCH\lena.morris</Data>
    <Data Name="LogonGuid">{00000000-0000-0000-0000-000000000000}</Data>
    <Data Name="LogonId">0x330cad7</Data>
    <Data Name="TerminalSessionId">4</Data>
    <Data Name="IntegrityLevel">Medium</Data>
    <Data Name="Hashes">SHA1=054D996851E7DC5256673590519B656F559B1E05,MD5=50B55BC5676CF337ED8A2D8592A544B9,SHA256=2EC9E4A79D29C286969E0DA59A9810D4C96B15551ED3FB8AA8C23A2A20E93C5A,IMPHASH=9EDE7E8A2FCA05174975F0540B6C1FA7</Data>
    <Data Name="ParentProcessGuid">{db89d853-6e97-6643-4202-0000676cfd87}</Data>
    <Data Name="ParentProcessId">4952</Data>
    <Data Name="ParentImage">C:\Windows\explorer.exe</Data>
    <Data Name="ParentCommandLine">explorer.exe</Data>
    
  </EventData>
</Event>
