<Event xmlns="http://schemas.microsoft.com/win/2004/08/events/event">
  <System>
    <Provider Name="Microsoft-Windows-Sysmon" Guid="{5770385f-c22a-43e0-bf4c-06f5698ffbd9}"/>
    <EventID>13</EventID>
    <Version>2</Version>
    <Level>4</Level>
    <Task>13</Task>
    <Opcode>0</Opcode>
    <Keywords>0x8000000000000000</Keywords>
    <TimeCreated SystemTime="2024-05-14T14:47:27.9416348Z"/>
    <EventRecordID>664122</EventRecordID>
    <Correlation/>
    <Execution ProcessID="2060" ThreadID="4252"/>
    <Channel>Microsoft-Windows-Sysmon/Operational</Channel>
    <Computer>WS-LMORRIS-01.northstar-branch.local</Computer>
    <Security UserID="S-1-5-18"/>
  </System>
  <EventData>
    
    <Data Name="RuleName">-</Data>
    <Data Name="EventType">SetValue</Data>
    <Data Name="UtcTime">2024-05-14 14:47:27.941</Data>
    <Data Name="ProcessGuid">{db89d853-0c46-663e-6a00-00101fdee78d}</Data>
    <Data Name="ProcessId">3136</Data>
    <Data Name="Image">C:\Windows\System32\services.exe</Data>
    <Data Name="User">NT AUTHORITY\SYSTEM</Data>
    <Data Name="TargetObject">HKLM\SYSTEM\CurrentControlSet\Services\Netlogon\Parameters\DynamicSiteName</Data>
    <Data Name="Details">Default-First-Site-Name</Data>
    
  </EventData>
</Event>
<Event xmlns="http://schemas.microsoft.com/win/2004/08/events/event">
  <System>
    <Provider Name="Microsoft-Windows-Sysmon" Guid="{5770385f-c22a-43e0-bf4c-06f5698ffbd9}"/>
    <EventID>13</EventID>
    <Version>2</Version>
    <Level>4</Level>
    <Task>13</Task>
    <Opcode>0</Opcode>
    <Keywords>0x8000000000000000</Keywords>
    <TimeCreated SystemTime="2024-05-14T14:48:17.7454759Z"/>
    <EventRecordID>664137</EventRecordID>
    <Correlation/>
    <Execution ProcessID="2060" ThreadID="4252"/>
    <Channel>Microsoft-Windows-Sysmon/Operational</Channel>
    <Computer>WS-LMORRIS-01.northstar-branch.local</Computer>
    <Security UserID="S-1-5-18"/>
  </System>
  <EventData>
    
    <Data Name="RuleName">-</Data>
    <Data Name="EventType">SetValue</Data>
    <Data Name="UtcTime">2024-05-14 14:48:17.745</Data>
    <Data Name="ProcessGuid">{db89d853-0c63-663e-ea02-0000204ded81}</Data>
    <Data Name="ProcessId">3552</Data>
    <Data Name="Image">C:\Windows\explorer.exe</Data>
    <Data Name="User">NORTHSTAR-BRANCH\lena.morris</Data>
    <Data Name="TargetObject">HKU\S-1-5-21-3882363548-2838386070-1334550370-1003\Software\Microsoft\Windows\CurrentVersion\Explorer\ComDlg32\OpenSavePidlMRU\*\0</Data>
    <Data Name="Details">hex(2):43,00,3a,00</Data>
    
  </EventData>
</Event>
<Event xmlns="http://schemas.microsoft.com/win/2004/08/events/event">
  <System>
    <Provider Name="Microsoft-Windows-Sysmon" Guid="{5770385f-c22a-43e0-bf4c-06f5698ffbd9}"/>
    <EventID>13</EventID>
    <Version>2</Version>
    <Level>4</Level>
    <Task>13</Task>
    <Opcode>0</Opcode>
    <Keywords>0x8000000000000000</Keywords>
    <TimeCreated SystemTime="2024-05-14T14:49:14.0065645Z"/>
    <EventRecordID>664163</EventRecordID>
    <Correlation/>
    <Execution ProcessID="2060" ThreadID="4252"/>
    <Channel>Microsoft-Windows-Sysmon/Operational</Channel>
    <Computer>WS-LMORRIS-01.northstar-branch.local</Computer>
    <Security UserID="S-1-5-18"/>
  </System>
  <EventData>
    
    <Data Name="RuleName">-</Data>
    <Data Name="EventType">SetValue</Data>
    <Data Name="UtcTime">2024-05-14 14:49:14.006</Data>
    <Data Name="ProcessGuid">{db89d853-0c63-663e-ea02-0000204ded81}</Data>
    <Data Name="ProcessId">3552</Data>
    <Data Name="Image">C:\Windows\explorer.exe</Data>
    <Data Name="User">NORTHSTAR-BRANCH\lena.morris</Data>
    <Data Name="TargetObject">HKU\S-1-5-21-3882363548-2838386070-1334550370-1003\Software\Microsoft\Windows\CurrentVersion\Internet Settings\ProxyEnable</Data>
    <Data Name="Details">DWORD (0x00000000)</Data>
    
  </EventData>
</Event>
<Event xmlns="http://schemas.microsoft.com/win/2004/08/events/event">
  <System>
    <Provider Name="Microsoft-Windows-Sysmon" Guid="{5770385f-c22a-43e0-bf4c-06f5698ffbd9}"/>
    <EventID>22</EventID>
    <Version>5</Version>
    <Level>4</Level>
    <Task>22</Task>
    <Opcode>0</Opcode>
    <Keywords>0x8000000000000000</Keywords>
    <TimeCreated SystemTime="2024-05-14T14:49:52.3507780Z"/>
    <EventRecordID>664182</EventRecordID>
    <Correlation/>
    <Execution ProcessID="2060" ThreadID="4940"/>
    <Channel>Microsoft-Windows-Sysmon/Operational</Channel>
    <Computer>WS-LMORRIS-01.northstar-branch.local</Computer>
    <Security UserID="S-1-5-18"/>
  </System>
  <EventData>
    
    <Data Name="RuleName">-</Data>
    <Data Name="UtcTime">2024-05-14 14:49:52.350</Data>
    <Data Name="ProcessGuid">{db89d853-0c4d-663e-c700-00108f2df611}</Data>
    <Data Name="ProcessId">3248</Data>
    <Data Name="QueryName">DC-BO-01.northstar-branch.local</Data>
    <Data Name="QueryStatus">0</Data>
    <Data Name="QueryResults">10.44.20.10;</Data>
    <Data Name="Image">C:\Windows\System32\svchost.exe</Data>
    <Data Name="User">NT AUTHORITY\LOCAL SERVICE</Data>
    
  </EventData>
</Event>
<Event xmlns="http://schemas.microsoft.com/win/2004/08/events/event">
  <System>
    <Provider Name="Microsoft-Windows-Sysmon" Guid="{5770385f-c22a-43e0-bf4c-06f5698ffbd9}"/>
    <EventID>3</EventID>
    <Version>5</Version>
    <Level>4</Level>
    <Task>3</Task>
    <Opcode>0</Opcode>
    <Keywords>0x8000000000000000</Keywords>
    <TimeCreated SystemTime="2024-05-14T14:49:52.4997566Z"/>
    <EventRecordID>664183</EventRecordID>
    <Correlation/>
    <Execution ProcessID="2060" ThreadID="4940"/>
    <Channel>Microsoft-Windows-Sysmon/Operational</Channel>
    <Computer>WS-LMORRIS-01.northstar-branch.local</Computer>
    <Security UserID="S-1-5-18"/>
  </System>
  <EventData>
    
    <Data Name="RuleName">-</Data>
    <Data Name="UtcTime">2024-05-14 14:49:52.499</Data>
    <Data Name="ProcessGuid">{db89d853-0c4d-663e-c700-00108f2df611}</Data>
    <Data Name="ProcessId">3248</Data>
    <Data Name="Image">C:\Windows\System32\svchost.exe</Data>
    <Data Name="User">NT AUTHORITY\LOCAL SERVICE</Data>
    <Data Name="Protocol">udp</Data>
    <Data Name="Initiated">true</Data>
    <Data Name="SourceIsIpv6">false</Data>
    <Data Name="SourceIp">10.44.10.23</Data>
    <Data Name="SourceHostname">WS-LMORRIS-01.northstar-branch.local</Data>
    <Data Name="SourcePort">50013</Data>
    <Data Name="SourcePortName">-</Data>
    <Data Name="DestinationIsIpv6">false</Data>
    <Data Name="DestinationIp">10.44.20.10</Data>
    <Data Name="DestinationHostname">DC-BO-01.northstar-branch.local</Data>
    <Data Name="DestinationPort">53</Data>
    <Data Name="DestinationPortName">domain</Data>
    
  </EventData>
</Event>
<Event xmlns="http://schemas.microsoft.com/win/2004/08/events/event">
  <System>
    <Provider Name="Microsoft-Windows-Sysmon" Guid="{5770385f-c22a-43e0-bf4c-06f5698ffbd9}"/>
    <EventID>22</EventID>
    <Version>5</Version>
    <Level>4</Level>
    <Task>22</Task>
    <Opcode>0</Opcode>
    <Keywords>0x8000000000000000</Keywords>
    <TimeCreated SystemTime="2024-05-14T14:51:02.6453187Z"/>
    <EventRecordID>664752</EventRecordID>
    <Correlation/>
    <Execution ProcessID="2060" ThreadID="3548"/>
    <Channel>Microsoft-Windows-Sysmon/Operational</Channel>
    <Computer>WS-LMORRIS-01.northstar-branch.local</Computer>
    <Security UserID="S-1-5-18"/>
  </System>
  <EventData>
    
    <Data Name="RuleName">-</Data>
    <Data Name="UtcTime">2024-05-14 14:51:02.645</Data>
    <Data Name="ProcessGuid">{db89d853-0c4d-663e-c700-00108f2df611}</Data>
    <Data Name="ProcessId">3248</Data>
    <Data Name="QueryName">FILE-BO-01.northstar-branch.local</Data>
    <Data Name="QueryStatus">0</Data>
    <Data Name="QueryResults">10.44.20.20;</Data>
    <Data Name="Image">C:\Windows\System32\svchost.exe</Data>
    <Data Name="User">NT AUTHORITY\LOCAL SERVICE</Data>
    
  </EventData>
</Event>
<Event xmlns="http://schemas.microsoft.com/win/2004/08/events/event">
  <System>
    <Provider Name="Microsoft-Windows-Sysmon" Guid="{5770385f-c22a-43e0-bf4c-06f5698ffbd9}"/>
    <EventID>3</EventID>
    <Version>5</Version>
    <Level>4</Level>
    <Task>3</Task>
    <Opcode>0</Opcode>
    <Keywords>0x8000000000000000</Keywords>
    <TimeCreated SystemTime="2024-05-14T14:51:28.3933100Z"/>
    <EventRecordID>664753</EventRecordID>
    <Correlation/>
    <Execution ProcessID="2060" ThreadID="4940"/>
    <Channel>Microsoft-Windows-Sysmon/Operational</Channel>
    <Computer>WS-LMORRIS-01.northstar-branch.local</Computer>
    <Security UserID="S-1-5-18"/>
  </System>
  <EventData>
    
    <Data Name="RuleName">-</Data>
    <Data Name="UtcTime">2024-05-14 14:51:28.393</Data>
    <Data Name="ProcessGuid">{db89d853-0c4a-663e-f402-0000a948597b}</Data>
    <Data Name="ProcessId">3200</Data>
    <Data Name="Image">C:\Windows\System32\svchost.exe</Data>
    <Data Name="User">NT AUTHORITY\NETWORK SERVICE</Data>
    <Data Name="Protocol">tcp</Data>
    <Data Name="Initiated">true</Data>
    <Data Name="SourceIsIpv6">false</Data>
    <Data Name="SourceIp">10.44.10.23</Data>
    <Data Name="SourceHostname">WS-LMORRIS-01.northstar-branch.local</Data>
    <Data Name="SourcePort">52053</Data>
    <Data Name="SourcePortName">-</Data>
    <Data Name="DestinationIsIpv6">false</Data>
    <Data Name="DestinationIp">10.44.20.30</Data>
    <Data Name="DestinationHostname">PROXY-BO-01.northstar-branch.local</Data>
    <Data Name="DestinationPort">8080</Data>
    <Data Name="DestinationPortName">http-alt</Data>
    
  </EventData>
</Event>
<Event xmlns="http://schemas.microsoft.com/win/2004/08/events/event">
  <System>
    <Provider Name="Microsoft-Windows-Sysmon" Guid="{5770385f-c22a-43e0-bf4c-06f5698ffbd9}"/>
    <EventID>10</EventID>
    <Version>3</Version>
    <Level>4</Level>
    <Task>10</Task>
    <Opcode>0</Opcode>
    <Keywords>0x8000000000000000</Keywords>
    <TimeCreated SystemTime="2024-05-14T14:52:08.1002040Z"/>
    <EventRecordID>664754</EventRecordID>
    <Correlation/>
    <Execution ProcessID="2060" ThreadID="1488"/>
    <Channel>Microsoft-Windows-Sysmon/Operational</Channel>
    <Computer>WS-LMORRIS-01.northstar-branch.local</Computer>
    <Security UserID="S-1-5-18"/>
  </System>
  <EventData>
    
    <Data Name="RuleName">-</Data>
    <Data Name="UtcTime">2024-05-14 14:52:08.100</Data>
    <Data Name="SourceProcessGUID">{db89d853-0c45-663e-c700-00004ad00e0c}</Data>
    <Data Name="SourceProcessId">3112</Data>
    <Data Name="SourceImage">C:\Windows\System32\csrss.exe</Data>
    <Data Name="SourceThreadId">9088</Data>
    <Data Name="SourceUser">NT AUTHORITY\SYSTEM</Data>
    <Data Name="TargetProcessGUID">{db89d853-0c49-663e-9a00-00102eebc277}</Data>
    <Data Name="TargetProcessId">3176</Data>
    <Data Name="TargetImage">C:\Windows\System32\svchost.exe</Data>
    <Data Name="TargetUser">NT AUTHORITY\SYSTEM</Data>
    <Data Name="GrantedAccess">0x1000</Data>
    <Data Name="CallTrace">C:\Windows\SYSTEM32\ntdll.dll+9E4FA|C:\Windows\SYSTEM32\KERNELBASE.dll+2CAC1|C:\Windows\SYSTEM32\kernel32.dll+1E364</Data>
    
  </EventData>
</Event>
<Event xmlns="http://schemas.microsoft.com/win/2004/08/events/event">
  <System>
    <Provider Name="Microsoft-Windows-Sysmon" Guid="{5770385f-c22a-43e0-bf4c-06f5698ffbd9}"/>
    <EventID>3</EventID>
    <Version>5</Version>
    <Level>4</Level>
    <Task>3</Task>
    <Opcode>0</Opcode>
    <Keywords>0x8000000000000000</Keywords>
    <TimeCreated SystemTime="2024-05-14T14:52:23.0768406Z"/>
    <EventRecordID>664755</EventRecordID>
    <Correlation/>
    <Execution ProcessID="2060" ThreadID="3548"/>
    <Channel>Microsoft-Windows-Sysmon/Operational</Channel>
    <Computer>WS-LMORRIS-01.northstar-branch.local</Computer>
    <Security UserID="S-1-5-18"/>
  </System>
  <EventData>
    
    <Data Name="RuleName">-</Data>
    <Data Name="UtcTime">2024-05-14 14:52:23.076</Data>
    <Data Name="ProcessGuid">{db89d853-41a4-6643-6102-0000ba8f7e05}</Data>
    <Data Name="ProcessId">3836</Data>
    <Data Name="Image">C:\Program Files (x86)\Microsoft\Edge\Application\msedge.exe</Data>
    <Data Name="User">NORTHSTAR-BRANCH\lena.morris</Data>
    <Data Name="Protocol">tcp</Data>
    <Data Name="Initiated">true</Data>
    <Data Name="SourceIsIpv6">false</Data>
    <Data Name="SourceIp">10.44.10.23</Data>
    <Data Name="SourceHostname">WS-LMORRIS-01.northstar-branch.local</Data>
    <Data Name="SourcePort">57809</Data>
    <Data Name="SourcePortName">-</Data>
    <Data Name="DestinationIsIpv6">false</Data>
    <Data Name="DestinationIp">10.44.20.30</Data>
    <Data Name="DestinationHostname">PROXY-BO-01.northstar-branch.local</Data>
    <Data Name="DestinationPort">8080</Data>
    <Data Name="DestinationPortName">http-alt</Data>
    
  </EventData>
</Event>
<Event xmlns="http://schemas.microsoft.com/win/2004/08/events/event">
  <System>
    <Provider Name="Microsoft-Windows-Sysmon" Guid="{5770385f-c22a-43e0-bf4c-06f5698ffbd9}"/>
    <EventID>3</EventID>
    <Version>5</Version>
    <Level>4</Level>
    <Task>3</Task>
    <Opcode>0</Opcode>
    <Keywords>0x8000000000000000</Keywords>
    <TimeCreated SystemTime="2024-05-14T14:52:24.3992614Z"/>
    <EventRecordID>664756</EventRecordID>
    <Correlation/>
    <Execution ProcessID="2060" ThreadID="4252"/>
    <Channel>Microsoft-Windows-Sysmon/Operational</Channel>
    <Computer>WS-LMORRIS-01.northstar-branch.local</Computer>
    <Security UserID="S-1-5-18"/>
  </System>
  <EventData>
    
    <Data Name="RuleName">-</Data>
    <Data Name="UtcTime">2024-05-14 14:52:24.399</Data>
    <Data Name="ProcessGuid">{db89d853-41a4-6643-6102-0000ba8f7e05}</Data>
    <Data Name="ProcessId">3836</Data>
    <Data Name="Image">C:\Program Files (x86)\Microsoft\Edge\Application\msedge.exe</Data>
    <Data Name="User">NORTHSTAR-BRANCH\lena.morris</Data>
    <Data Name="Protocol">tcp</Data>
    <Data Name="Initiated">true</Data>
    <Data Name="SourceIsIpv6">false</Data>
    <Data Name="SourceIp">10.44.10.23</Data>
    <Data Name="SourceHostname">WS-LMORRIS-01.northstar-branch.local</Data>
    <Data Name="SourcePort">53105</Data>
    <Data Name="SourcePortName">-</Data>
    <Data Name="DestinationIsIpv6">false</Data>
    <Data Name="DestinationIp">10.44.20.30</Data>
    <Data Name="DestinationHostname">PROXY-BO-01.northstar-branch.local</Data>
    <Data Name="DestinationPort">8080</Data>
    <Data Name="DestinationPortName">http-alt</Data>
    
  </EventData>
</Event>
<Event xmlns="http://schemas.microsoft.com/win/2004/08/events/event">
  <System>
    <Provider Name="Microsoft-Windows-Sysmon" Guid="{5770385f-c22a-43e0-bf4c-06f5698ffbd9}"/>
    <EventID>3</EventID>
    <Version>5</Version>
    <Level>4</Level>
    <Task>3</Task>
    <Opcode>0</Opcode>
    <Keywords>0x8000000000000000</Keywords>
    <TimeCreated SystemTime="2024-05-14T14:52:59.1515510Z"/>
    <EventRecordID>664757</EventRecordID>
    <Correlation/>
    <Execution ProcessID="2060" ThreadID="1488"/>
    <Channel>Microsoft-Windows-Sysmon/Operational</Channel>
    <Computer>WS-LMORRIS-01.northstar-branch.local</Computer>
    <Security UserID="S-1-5-18"/>
  </System>
  <EventData>
    
    <Data Name="RuleName">-</Data>
    <Data Name="UtcTime">2024-05-14 14:52:59.151</Data>
    <Data Name="ProcessGuid">{db89d853-0c47-663e-cc00-0010fbf99eed}</Data>
    <Data Name="ProcessId">3152</Data>
    <Data Name="Image">C:\Windows\System32\lsass.exe</Data>
    <Data Name="User">NT AUTHORITY\SYSTEM</Data>
    <Data Name="Protocol">udp</Data>
    <Data Name="Initiated">true</Data>
    <Data Name="SourceIsIpv6">false</Data>
    <Data Name="SourceIp">10.44.10.23</Data>
    <Data Name="SourceHostname">WS-LMORRIS-01.northstar-branch.local</Data>
    <Data Name="SourcePort">64383</Data>
    <Data Name="SourcePortName">-</Data>
    <Data Name="DestinationIsIpv6">false</Data>
    <Data Name="DestinationIp">10.44.20.10</Data>
    <Data Name="DestinationHostname">DC-BO-01.northstar-branch.local</Data>
    <Data Name="DestinationPort">88</Data>
    <Data Name="DestinationPortName">kerberos</Data>
    
  </EventData>
</Event>
<Event xmlns="http://schemas.microsoft.com/win/2004/08/events/event">
  <System>
    <Provider Name="Microsoft-Windows-Sysmon" Guid="{5770385f-c22a-43e0-bf4c-06f5698ffbd9}"/>
    <EventID>3</EventID>
    <Version>5</Version>
    <Level>4</Level>
    <Task>3</Task>
    <Opcode>0</Opcode>
    <Keywords>0x8000000000000000</Keywords>
    <TimeCreated SystemTime="2024-05-14T14:53:15.0685376Z"/>
    <EventRecordID>664758</EventRecordID>
    <Correlation/>
    <Execution ProcessID="2060" ThreadID="4252"/>
    <Channel>Microsoft-Windows-Sysmon/Operational</Channel>
    <Computer>WS-LMORRIS-01.northstar-branch.local</Computer>
    <Security UserID="S-1-5-18"/>
  </System>
  <EventData>
    
    <Data Name="RuleName">-</Data>
    <Data Name="UtcTime">2024-05-14 14:53:15.068</Data>
    <Data Name="ProcessGuid">{db89d853-0c47-663e-cc00-0010fbf99eed}</Data>
    <Data Name="ProcessId">3152</Data>
    <Data Name="Image">C:\Windows\System32\lsass.exe</Data>
    <Data Name="User">NT AUTHORITY\SYSTEM</Data>
    <Data Name="Protocol">udp</Data>
    <Data Name="Initiated">true</Data>
    <Data Name="SourceIsIpv6">false</Data>
    <Data Name="SourceIp">10.44.10.23</Data>
    <Data Name="SourceHostname">WS-LMORRIS-01.northstar-branch.local</Data>
    <Data Name="SourcePort">62985</Data>
    <Data Name="SourcePortName">-</Data>
    <Data Name="DestinationIsIpv6">false</Data>
    <Data Name="DestinationIp">10.44.20.10</Data>
    <Data Name="DestinationHostname">DC-BO-01.northstar-branch.local</Data>
    <Data Name="DestinationPort">88</Data>
    <Data Name="DestinationPortName">kerberos</Data>
    
  </EventData>
</Event>
<Event xmlns="http://schemas.microsoft.com/win/2004/08/events/event">
  <System>
    <Provider Name="Microsoft-Windows-Sysmon" Guid="{5770385f-c22a-43e0-bf4c-06f5698ffbd9}"/>
    <EventID>1</EventID>
    <Version>5</Version>
    <Level>4</Level>
    <Task>1</Task>
    <Opcode>0</Opcode>
    <Keywords>0x8000000000000000</Keywords>
    <TimeCreated SystemTime="2024-05-14T14:54:31.9489984Z"/>
    <EventRecordID>664760</EventRecordID>
    <Correlation/>
    <Execution ProcessID="2060" ThreadID="1488"/>
    <Channel>Microsoft-Windows-Sysmon/Operational</Channel>
    <Computer>WS-LMORRIS-01.northstar-branch.local</Computer>
    <Security UserID="S-1-5-18"/>
  </System>
  <EventData>
    
    <Data Name="RuleName">-</Data>
    <Data Name="UtcTime">2024-05-14 14:54:31.948</Data>
    <Data Name="ProcessGuid">{db89d853-7b27-6643-1402-0000a92e1fd3}</Data>
    <Data Name="ProcessId">5264</Data>
    <Data Name="Image">C:\Program Files (x86)\Common Files\Adobe\ARM\1.0\AdobeARM.exe</Data>
    <Data Name="FileVersion">-</Data>
    <Data Name="Description">-</Data>
    <Data Name="Product">-</Data>
    <Data Name="Company">-</Data>
    <Data Name="OriginalFileName">-</Data>
    <Data Name="CommandLine">AdobeARM.exe /Update</Data>
    <Data Name="CurrentDirectory">C:\Windows\System32\</Data>
    <Data Name="User">NT AUTHORITY\SYSTEM</Data>
    <Data Name="LogonGuid">{bca4f578-11bd-4986-a043-b3c59698a3e0}</Data>
    <Data Name="LogonId">0x3e7</Data>
    <Data Name="TerminalSessionId">0</Data>
    <Data Name="IntegrityLevel">System</Data>
    <Data Name="Hashes">SHA1=01BD75C9D4E5A5A31360E5D1D2876AC7FA87A57A,MD5=2660FCA4824B037372B7C0ADAB02A76A,SHA256=DCCE402B9C72278DBA9EE0948BBC8AE6CCB5FA290D0AF1B937AB6DED1FCF7B05,IMPHASH=4E700D57A159D56556A2A0C08DA18C89</Data>
    <Data Name="ParentProcessGuid">{db89d853-0c5e-663e-aa00-0010aa52accf}</Data>
    <Data Name="ParentProcessId">3484</Data>
    <Data Name="ParentImage">C:\Windows\System32\taskhostw.exe</Data>
    <Data Name="ParentCommandLine">taskhostw.exe</Data>
    
  </EventData>
</Event>
<Event xmlns="http://schemas.microsoft.com/win/2004/08/events/event">
  <System>
    <Provider Name="Microsoft-Windows-Sysmon" Guid="{5770385f-c22a-43e0-bf4c-06f5698ffbd9}"/>
    <EventID>3</EventID>
    <Version>5</Version>
    <Level>4</Level>
    <Task>3</Task>
    <Opcode>0</Opcode>
    <Keywords>0x8000000000000000</Keywords>
    <TimeCreated SystemTime="2024-05-14T14:54:32.5720320Z"/>
    <EventRecordID>664761</EventRecordID>
    <Correlation/>
    <Execution ProcessID="2060" ThreadID="4940"/>
    <Channel>Microsoft-Windows-Sysmon/Operational</Channel>
    <Computer>WS-LMORRIS-01.northstar-branch.local</Computer>
    <Security UserID="S-1-5-18"/>
  </System>
  <EventData>
    
    <Data Name="RuleName">-</Data>
    <Data Name="UtcTime">2024-05-14 14:54:32.572</Data>
    <Data Name="ProcessGuid">{db89d853-0c47-663e-cc00-0010fbf99eed}</Data>
    <Data Name="ProcessId">3152</Data>
    <Data Name="Image">C:\Windows\System32\lsass.exe</Data>
    <Data Name="User">NT AUTHORITY\SYSTEM</Data>
    <Data Name="Protocol">udp</Data>
    <Data Name="Initiated">true</Data>
    <Data Name="SourceIsIpv6">false</Data>
    <Data Name="SourceIp">10.44.10.23</Data>
    <Data Name="SourceHostname">WS-LMORRIS-01.northstar-branch.local</Data>
    <Data Name="SourcePort">54128</Data>
    <Data Name="SourcePortName">-</Data>
    <Data Name="DestinationIsIpv6">false</Data>
    <Data Name="DestinationIp">10.44.20.10</Data>
    <Data Name="DestinationHostname">DC-BO-01.northstar-branch.local</Data>
    <Data Name="DestinationPort">88</Data>
    <Data Name="DestinationPortName">kerberos</Data>
    
  </EventData>
</Event>
<Event xmlns="http://schemas.microsoft.com/win/2004/08/events/event">
  <System>
    <Provider Name="Microsoft-Windows-Sysmon" Guid="{5770385f-c22a-43e0-bf4c-06f5698ffbd9}"/>
    <EventID>5</EventID>
    <Version>3</Version>
    <Level>4</Level>
    <Task>5</Task>
    <Opcode>0</Opcode>
    <Keywords>0x8000000000000000</Keywords>
    <TimeCreated SystemTime="2024-05-14T14:54:54.4567947Z"/>
    <EventRecordID>664786</EventRecordID>
    <Correlation/>
    <Execution ProcessID="2060" ThreadID="1488"/>
    <Channel>Microsoft-Windows-Sysmon/Operational</Channel>
    <Computer>WS-LMORRIS-01.northstar-branch.local</Computer>
    <Security UserID="S-1-5-18"/>
  </System>
  <EventData>
    
    <Data Name="RuleName">-</Data>
    <Data Name="UtcTime">2024-05-14 14:54:54.456</Data>
    <Data Name="ProcessGuid">{db89d853-7b27-6643-1402-0000a92e1fd3}</Data>
    <Data Name="ProcessId">5264</Data>
    <Data Name="Image">C:\Program Files (x86)\Common Files\Adobe\ARM\1.0\AdobeARM.exe</Data>
    <Data Name="User">NT AUTHORITY\SYSTEM</Data>
    
  </EventData>
</Event>
<Event xmlns="http://schemas.microsoft.com/win/2004/08/events/event">
  <System>
    <Provider Name="Microsoft-Windows-Sysmon" Guid="{5770385f-c22a-43e0-bf4c-06f5698ffbd9}"/>
    <EventID>5</EventID>
    <Version>3</Version>
    <Level>4</Level>
    <Task>5</Task>
    <Opcode>0</Opcode>
    <Keywords>0x8000000000000000</Keywords>
    <TimeCreated SystemTime="2024-05-14T14:56:14.5071436Z"/>
    <EventRecordID>664787</EventRecordID>
    <Correlation/>
    <Execution ProcessID="2060" ThreadID="3548"/>
    <Channel>Microsoft-Windows-Sysmon/Operational</Channel>
    <Computer>WS-LMORRIS-01.northstar-branch.local</Computer>
    <Security UserID="S-1-5-18"/>
  </System>
  <EventData>
    
    <Data Name="RuleName">-</Data>
    <Data Name="UtcTime">2024-05-14 14:56:14.507</Data>
    <Data Name="ProcessGuid">{db89d853-3dae-6643-a902-00009d91dac9}</Data>
    <Data Name="ProcessId">3876</Data>
    <Data Name="Image">C:\Program Files\Zscaler\ZSATray\ZSATray.exe</Data>
    <Data Name="User">NORTHSTAR-BRANCH\lena.morris</Data>
    
  </EventData>
</Event>
<Event xmlns="http://schemas.microsoft.com/win/2004/08/events/event">
  <System>
    <Provider Name="Microsoft-Windows-Sysmon" Guid="{5770385f-c22a-43e0-bf4c-06f5698ffbd9}"/>
    <EventID>5</EventID>
    <Version>3</Version>
    <Level>4</Level>
    <Task>5</Task>
    <Opcode>0</Opcode>
    <Keywords>0x8000000000000000</Keywords>
    <TimeCreated SystemTime="2024-05-14T14:57:11.0621707Z"/>
    <EventRecordID>664788</EventRecordID>
    <Correlation/>
    <Execution ProcessID="2060" ThreadID="4252"/>
    <Channel>Microsoft-Windows-Sysmon/Operational</Channel>
    <Computer>WS-LMORRIS-01.northstar-branch.local</Computer>
    <Security UserID="S-1-5-18"/>
  </System>
  <EventData>
    
    <Data Name="RuleName">-</Data>
    <Data Name="UtcTime">2024-05-14 14:57:11.062</Data>
    <Data Name="ProcessGuid">{db89d853-678c-6643-9200-00008ade3cff}</Data>
    <Data Name="ProcessId">4788</Data>
    <Data Name="Image">C:\Windows\System32\SearchFilterHost.exe</Data>
    <Data Name="User">NT AUTHORITY\SYSTEM</Data>
    
  </EventData>
</Event>
<Event xmlns="http://schemas.microsoft.com/win/2004/08/events/event">
  <System>
    <Provider Name="Microsoft-Windows-Sysmon" Guid="{5770385f-c22a-43e0-bf4c-06f5698ffbd9}"/>
    <EventID>10</EventID>
    <Version>3</Version>
    <Level>4</Level>
    <Task>10</Task>
    <Opcode>0</Opcode>
    <Keywords>0x8000000000000000</Keywords>
    <TimeCreated SystemTime="2024-05-14T14:59:37.2221533Z"/>
    <EventRecordID>664945</EventRecordID>
    <Correlation/>
    <Execution ProcessID="2060" ThreadID="4252"/>
    <Channel>Microsoft-Windows-Sysmon/Operational</Channel>
    <Computer>WS-LMORRIS-01.northstar-branch.local</Computer>
    <Security UserID="S-1-5-18"/>
  </System>
  <EventData>
    
    <Data Name="RuleName">-</Data>
    <Data Name="UtcTime">2024-05-14 14:59:37.222</Data>
    <Data Name="SourceProcessGUID">{db89d853-0c5c-663e-a300-00004150fb7b}</Data>
    <Data Name="SourceProcessId">3448</Data>
    <Data Name="SourceImage">C:\ProgramData\Microsoft\Windows Defender\Platform\4.18.2301.6-0\MpCmdRun.exe</Data>
    <Data Name="SourceThreadId">8796</Data>
    <Data Name="SourceUser">NT AUTHORITY\SYSTEM</Data>
    <Data Name="TargetProcessGUID">{db89d853-0c53-663e-4100-001037a9ab57}</Data>
    <Data Name="TargetProcessId">3364</Data>
    <Data Name="TargetImage">C:\ProgramData\Microsoft\Windows Defender\Platform\4.18.2301.6-0\MsMpEng.exe</Data>
    <Data Name="TargetUser">NT AUTHORITY\SYSTEM</Data>
    <Data Name="GrantedAccess">0x1010</Data>
    <Data Name="CallTrace">C:\Windows\SYSTEM32\ntdll.dll+9CC0F|C:\Windows\SYSTEM32\KERNELBASE.dll+2E3E6</Data>
    
  </EventData>
</Event>
<Event xmlns="http://schemas.microsoft.com/win/2004/08/events/event">
  <System>
    <Provider Name="Microsoft-Windows-Sysmon" Guid="{5770385f-c22a-43e0-bf4c-06f5698ffbd9}"/>
    <EventID>13</EventID>
    <Version>2</Version>
    <Level>4</Level>
    <Task>13</Task>
    <Opcode>0</Opcode>
    <Keywords>0x8000000000000000</Keywords>
    <TimeCreated SystemTime="2024-05-14T15:00:50.7922213Z"/>
    <EventRecordID>664946</EventRecordID>
    <Correlation/>
    <Execution ProcessID="2060" ThreadID="3548"/>
    <Channel>Microsoft-Windows-Sysmon/Operational</Channel>
    <Computer>WS-LMORRIS-01.northstar-branch.local</Computer>
    <Security UserID="S-1-5-18"/>
  </System>
  <EventData>
    
    <Data Name="RuleName">-</Data>
    <Data Name="EventType">SetValue</Data>
    <Data Name="UtcTime">2024-05-14 15:00:50.792</Data>
    <Data Name="ProcessGuid">{db89d853-0c53-663e-1f00-000014d2fa3c}</Data>
    <Data Name="ProcessId">3352</Data>
    <Data Name="Image">C:\Windows\System32\svchost.exe</Data>
    <Data Name="User">NT AUTHORITY\SYSTEM</Data>
    <Data Name="TargetObject">HKLM\SOFTWARE\Microsoft\Windows\CurrentVersion\Component Based Servicing\PackagesPending\TrustedInstaller</Data>
    <Data Name="Details">DWORD (0x00000001)</Data>
    
  </EventData>
</Event>
<Event xmlns="http://schemas.microsoft.com/win/2004/08/events/event">
  <System>
    <Provider Name="Microsoft-Windows-Sysmon" Guid="{5770385f-c22a-43e0-bf4c-06f5698ffbd9}"/>
    <EventID>1</EventID>
    <Version>5</Version>
    <Level>4</Level>
    <Task>1</Task>
    <Opcode>0</Opcode>
    <Keywords>0x8000000000000000</Keywords>
    <TimeCreated SystemTime="2024-05-14T15:01:31.8378021Z"/>
    <EventRecordID>664951</EventRecordID>
    <Correlation/>
    <Execution ProcessID="2060" ThreadID="3548"/>
    <Channel>Microsoft-Windows-Sysmon/Operational</Channel>
    <Computer>WS-LMORRIS-01.northstar-branch.local</Computer>
    <Security UserID="S-1-5-18"/>
  </System>
  <EventData>
    
    <Data Name="RuleName">-</Data>
    <Data Name="UtcTime">2024-05-14 15:01:31.837</Data>
    <Data Name="ProcessGuid">{db89d853-7ccb-6643-1c00-00000d684576}</Data>
    <Data Name="ProcessId">5884</Data>
    <Data Name="Image">C:\Program Files (x86)\Cisco\Cisco AnyConnect Secure Mobility Client\vpnui.exe</Data>
    <Data Name="FileVersion">5.1.4.74</Data>
    <Data Name="Description">Cisco Secure Client User Interface</Data>
    <Data Name="Product">Cisco Secure Client</Data>
    <Data Name="Company">Cisco Systems, Inc.</Data>
    <Data Name="OriginalFileName">vpnui.exe</Data>
    <Data Name="CommandLine">"C:\Program Files (x86)\Cisco\Cisco AnyConnect Secure Mobility Client\vpnui.exe"</Data>
    <Data Name="CurrentDirectory">C:\Program Files (x86)\Cisco\Cisco AnyConnect Secure Mobility Client\</Data>
    <Data Name="User">NORTHSTAR-BRANCH\lena.morris</Data>
    <Data Name="LogonGuid">{00000000-0000-0000-0000-000000000000}</Data>
    <Data Name="LogonId">0x330cad7</Data>
    <Data Name="TerminalSessionId">4</Data>
    <Data Name="IntegrityLevel">Medium</Data>
    <Data Name="Hashes">SHA1=CA44E8389AE66DC31D76C155EA8DF9853D4E1214,MD5=91DB5DE730F2C99153E41A341BC64470,SHA256=DEB731FE03CBC8EDEA7A2B486CF54213526253FB17A3BABC572E75B635465AC6,IMPHASH=EBF877CD083162478CD1AD2943071AA2</Data>
    <Data Name="ParentProcessGuid">{db89d853-6e97-6643-4202-0000676cfd87}</Data>
    <Data Name="ParentProcessId">4952</Data>
    <Data Name="ParentImage">C:\Windows\explorer.exe</Data>
    <Data Name="ParentCommandLine">explorer.exe</Data>
    
  </EventData>
</Event>
<Event xmlns="http://schemas.microsoft.com/win/2004/08/events/event">
  <System>
    <Provider Name="Microsoft-Windows-Sysmon" Guid="{5770385f-c22a-43e0-bf4c-06f5698ffbd9}"/>
    <EventID>3</EventID>
    <Version>5</Version>
    <Level>4</Level>
    <Task>3</Task>
    <Opcode>0</Opcode>
    <Keywords>0x8000000000000000</Keywords>
    <TimeCreated SystemTime="2024-05-14T15:01:34.9200268Z"/>
    <EventRecordID>664952</EventRecordID>
    <Correlation/>
    <Execution ProcessID="2060" ThreadID="3548"/>
    <Channel>Microsoft-Windows-Sysmon/Operational</Channel>
    <Computer>WS-LMORRIS-01.northstar-branch.local</Computer>
    <Security UserID="S-1-5-18"/>
  </System>
  <EventData>
    
    <Data Name="RuleName">-</Data>
    <Data Name="UtcTime">2024-05-14 15:01:34.920</Data>
    <Data Name="ProcessGuid">{db89d853-7ccb-6643-1c00-00000d684576}</Data>
    <Data Name="ProcessId">5884</Data>
    <Data Name="Image">C:\Program Files (x86)\Cisco\Cisco AnyConnect Secure Mobility Client\vpnui.exe</Data>
    <Data Name="User">NORTHSTAR-BRANCH\lena.morris</Data>
    <Data Name="Protocol">tcp</Data>
    <Data Name="Initiated">true</Data>
    <Data Name="SourceIsIpv6">false</Data>
    <Data Name="SourceIp">10.44.10.23</Data>
    <Data Name="SourceHostname">WS-LMORRIS-01.northstar-branch.local</Data>
    <Data Name="SourcePort">61757</Data>
    <Data Name="SourcePortName">-</Data>
    <Data Name="DestinationIsIpv6">false</Data>
    <Data Name="DestinationIp">10.44.20.30</Data>
    <Data Name="DestinationHostname">PROXY-BO-01.northstar-branch.local</Data>
    <Data Name="DestinationPort">8080</Data>
    <Data Name="DestinationPortName">http-alt</Data>
    
  </EventData>
</Event>
<Event xmlns="http://schemas.microsoft.com/win/2004/08/events/event">
  <System>
    <Provider Name="Microsoft-Windows-Sysmon" Guid="{5770385f-c22a-43e0-bf4c-06f5698ffbd9}"/>
    <EventID>1</EventID>
    <Version>5</Version>
    <Level>4</Level>
    <Task>1</Task>
    <Opcode>0</Opcode>
    <Keywords>0x8000000000000000</Keywords>
    <TimeCreated SystemTime="2024-05-14T15:01:55.3367994Z"/>
    <EventRecordID>664953</EventRecordID>
    <Correlation/>
    <Execution ProcessID="2060" ThreadID="4252"/>
    <Channel>Microsoft-Windows-Sysmon/Operational</Channel>
    <Computer>WS-LMORRIS-01.northstar-branch.local</Computer>
    <Security UserID="S-1-5-18"/>
  </System>
  <EventData>
    
    <Data Name="RuleName">-</Data>
    <Data Name="UtcTime">2024-05-14 15:01:55.336</Data>
    <Data Name="ProcessGuid">{db89d853-7ce3-6643-c202-00002e4773bc}</Data>
    <Data Name="ProcessId">5992</Data>
    <Data Name="Image">C:\Program Files (x86)\Dropbox\Update\DropboxUpdate.exe</Data>
    <Data Name="FileVersion">-</Data>
    <Data Name="Description">-</Data>
    <Data Name="Product">-</Data>
    <Data Name="Company">-</Data>
    <Data Name="OriginalFileName">-</Data>
    <Data Name="CommandLine">DropboxUpdate.exe /ua /installsource scheduler</Data>
    <Data Name="CurrentDirectory">C:\Windows\System32\</Data>
    <Data Name="User">NT AUTHORITY\SYSTEM</Data>
    <Data Name="LogonGuid">{bca4f578-11bd-4986-a043-b3c59698a3e0}</Data>
    <Data Name="LogonId">0x3e7</Data>
    <Data Name="TerminalSessionId">0</Data>
    <Data Name="IntegrityLevel">System</Data>
    <Data Name="Hashes">SHA1=9C9553118846730CD57BE76D7FD1D6569396BDDD,MD5=28D8439028ABA7E4A3E3734E1C47A9CC,SHA256=C1E09E737846E713E9AC8D9DB04CB231377706742CC76F187A9C586FE4928980,IMPHASH=E3D92598470BD2B25DC52DD1D8A4CD13</Data>
    <Data Name="ParentProcessGuid">{db89d853-0c5e-663e-aa00-0010aa52accf}</Data>
    <Data Name="ParentProcessId">3484</Data>
    <Data Name="ParentImage">C:\Windows\System32\taskhostw.exe</Data>
    <Data Name="ParentCommandLine">taskhostw.exe</Data>
    
  </EventData>
</Event>
<Event xmlns="http://schemas.microsoft.com/win/2004/08/events/event">
  <System>
    <Provider Name="Microsoft-Windows-Sysmon" Guid="{5770385f-c22a-43e0-bf4c-06f5698ffbd9}"/>
    <EventID>3</EventID>
    <Version>5</Version>
    <Level>4</Level>
    <Task>3</Task>
    <Opcode>0</Opcode>
    <Keywords>0x8000000000000000</Keywords>
    <TimeCreated SystemTime="2024-05-14T15:02:12.5799989Z"/>
    <EventRecordID>665075</EventRecordID>
    <Correlation/>
    <Execution ProcessID="2060" ThreadID="4940"/>
    <Channel>Microsoft-Windows-Sysmon/Operational</Channel>
    <Computer>WS-LMORRIS-01.northstar-branch.local</Computer>
    <Security UserID="S-1-5-18"/>
  </System>
  <EventData>
    
    <Data Name="RuleName">-</Data>
    <Data Name="UtcTime">2024-05-14 15:02:12.579</Data>
    <Data Name="ProcessGuid">{db89d853-40dd-6643-2200-00100382d325}</Data>
    <Data Name="ProcessId">3796</Data>
    <Data Name="Image">C:\Program Files\Mozilla Firefox\firefox.exe</Data>
    <Data Name="User">NORTHSTAR-BRANCH\lena.morris</Data>
    <Data Name="Protocol">tcp</Data>
    <Data Name="Initiated">true</Data>
    <Data Name="SourceIsIpv6">false</Data>
    <Data Name="SourceIp">10.44.10.23</Data>
    <Data Name="SourceHostname">WS-LMORRIS-01.northstar-branch.local</Data>
    <Data Name="SourcePort">57085</Data>
    <Data Name="SourcePortName">-</Data>
    <Data Name="DestinationIsIpv6">false</Data>
    <Data Name="DestinationIp">10.44.20.30</Data>
    <Data Name="DestinationHostname">PROXY-BO-01.northstar-branch.local</Data>
    <Data Name="DestinationPort">8080</Data>
    <Data Name="DestinationPortName">http-alt</Data>
    
  </EventData>
</Event>
<Event xmlns="http://schemas.microsoft.com/win/2004/08/events/event">
  <System>
    <Provider Name="Microsoft-Windows-Sysmon" Guid="{5770385f-c22a-43e0-bf4c-06f5698ffbd9}"/>
    <EventID>3</EventID>
    <Version>5</Version>
    <Level>4</Level>
    <Task>3</Task>
    <Opcode>0</Opcode>
    <Keywords>0x8000000000000000</Keywords>
    <TimeCreated SystemTime="2024-05-14T15:02:14.1344408Z"/>
    <EventRecordID>665076</EventRecordID>
    <Correlation/>
    <Execution ProcessID="2060" ThreadID="2296"/>
    <Channel>Microsoft-Windows-Sysmon/Operational</Channel>
    <Computer>WS-LMORRIS-01.northstar-branch.local</Computer>
    <Security UserID="S-1-5-18"/>
  </System>
  <EventData>
    
    <Data Name="RuleName">-</Data>
    <Data Name="UtcTime">2024-05-14 15:02:14.134</Data>
    <Data Name="ProcessGuid">{db89d853-40dd-6643-2200-00100382d325}</Data>
    <Data Name="ProcessId">3796</Data>
    <Data Name="Image">C:\Program Files\Mozilla Firefox\firefox.exe</Data>
    <Data Name="User">NORTHSTAR-BRANCH\lena.morris</Data>
    <Data Name="Protocol">tcp</Data>
    <Data Name="Initiated">true</Data>
    <Data Name="SourceIsIpv6">false</Data>
    <Data Name="SourceIp">10.44.10.23</Data>
    <Data Name="SourceHostname">WS-LMORRIS-01.northstar-branch.local</Data>
    <Data Name="SourcePort">51092</Data>
    <Data Name="SourcePortName">-</Data>
    <Data Name="DestinationIsIpv6">false</Data>
    <Data Name="DestinationIp">10.44.20.30</Data>
    <Data Name="DestinationHostname">PROXY-BO-01.northstar-branch.local</Data>
    <Data Name="DestinationPort">8080</Data>
    <Data Name="DestinationPortName">http-alt</Data>
    
  </EventData>
</Event>
<Event xmlns="http://schemas.microsoft.com/win/2004/08/events/event">
  <System>
    <Provider Name="Microsoft-Windows-Sysmon" Guid="{5770385f-c22a-43e0-bf4c-06f5698ffbd9}"/>
    <EventID>3</EventID>
    <Version>5</Version>
    <Level>4</Level>
    <Task>3</Task>
    <Opcode>0</Opcode>
    <Keywords>0x8000000000000000</Keywords>
    <TimeCreated SystemTime="2024-05-14T15:02:14.8171395Z"/>
    <EventRecordID>665090</EventRecordID>
    <Correlation/>
    <Execution ProcessID="2060" ThreadID="2296"/>
    <Channel>Microsoft-Windows-Sysmon/Operational</Channel>
    <Computer>WS-LMORRIS-01.northstar-branch.local</Computer>
    <Security UserID="S-1-5-18"/>
  </System>
  <EventData>
    
    <Data Name="RuleName">-</Data>
    <Data Name="UtcTime">2024-05-14 15:02:14.817</Data>
    <Data Name="ProcessGuid">{db89d853-40dd-6643-2200-00100382d325}</Data>
    <Data Name="ProcessId">3796</Data>
    <Data Name="Image">C:\Program Files\Mozilla Firefox\firefox.exe</Data>
    <Data Name="User">NORTHSTAR-BRANCH\lena.morris</Data>
    <Data Name="Protocol">tcp</Data>
    <Data Name="Initiated">true</Data>
    <Data Name="SourceIsIpv6">false</Data>
    <Data Name="SourceIp">10.44.10.23</Data>
    <Data Name="SourceHostname">WS-LMORRIS-01.northstar-branch.local</Data>
    <Data Name="SourcePort">50683</Data>
    <Data Name="SourcePortName">-</Data>
    <Data Name="DestinationIsIpv6">false</Data>
    <Data Name="DestinationIp">10.44.20.30</Data>
    <Data Name="DestinationHostname">PROXY-BO-01.northstar-branch.local</Data>
    <Data Name="DestinationPort">8080</Data>
    <Data Name="DestinationPortName">http-alt</Data>
    
  </EventData>
</Event>
<Event xmlns="http://schemas.microsoft.com/win/2004/08/events/event">
  <System>
    <Provider Name="Microsoft-Windows-Sysmon" Guid="{5770385f-c22a-43e0-bf4c-06f5698ffbd9}"/>
    <EventID>13</EventID>
    <Version>2</Version>
    <Level>4</Level>
    <Task>13</Task>
    <Opcode>0</Opcode>
    <Keywords>0x8000000000000000</Keywords>
    <TimeCreated SystemTime="2024-05-14T15:02:55.1167010Z"/>
    <EventRecordID>665091</EventRecordID>
    <Correlation/>
    <Execution ProcessID="2060" ThreadID="1488"/>
    <Channel>Microsoft-Windows-Sysmon/Operational</Channel>
    <Computer>WS-LMORRIS-01.northstar-branch.local</Computer>
    <Security UserID="S-1-5-18"/>
  </System>
  <EventData>
    
    <Data Name="RuleName">-</Data>
    <Data Name="EventType">SetValue</Data>
    <Data Name="UtcTime">2024-05-14 15:02:55.116</Data>
    <Data Name="ProcessGuid">{db89d853-0c46-663e-6a00-00101fdee78d}</Data>
    <Data Name="ProcessId">3136</Data>
    <Data Name="Image">C:\Windows\System32\services.exe</Data>
    <Data Name="User">NT AUTHORITY\SYSTEM</Data>
    <Data Name="TargetObject">HKLM\SOFTWARE\Microsoft\Windows\CurrentVersion\Component Based Servicing\Packages\Package_for_ServicingStack~31bf3856ad364e35~amd64~~10.0.22621.26\CurrentState</Data>
    <Data Name="Details">DWORD (0x00000070)</Data>
    
  </EventData>
</Event>
<Event xmlns="http://schemas.microsoft.com/win/2004/08/events/event">
  <System>
    <Provider Name="Microsoft-Windows-Sysmon" Guid="{5770385f-c22a-43e0-bf4c-06f5698ffbd9}"/>
    <EventID>13</EventID>
    <Version>2</Version>
    <Level>4</Level>
    <Task>13</Task>
    <Opcode>0</Opcode>
    <Keywords>0x8000000000000000</Keywords>
    <TimeCreated SystemTime="2024-05-14T15:05:19.4569329Z"/>
    <EventRecordID>665093</EventRecordID>
    <Correlation/>
    <Execution ProcessID="2060" ThreadID="1488"/>
    <Channel>Microsoft-Windows-Sysmon/Operational</Channel>
    <Computer>WS-LMORRIS-01.northstar-branch.local</Computer>
    <Security UserID="S-1-5-18"/>
  </System>
  <EventData>
    
    <Data Name="RuleName">-</Data>
    <Data Name="EventType">SetValue</Data>
    <Data Name="UtcTime">2024-05-14 15:05:19.456</Data>
    <Data Name="ProcessGuid">{db89d853-0c64-663e-9300-0000caffdbc3}</Data>
    <Data Name="ProcessId">3576</Data>
    <Data Name="Image">C:\Windows\System32\RuntimeBroker.exe</Data>
    <Data Name="User">NORTHSTAR-BRANCH\lena.morris</Data>
    <Data Name="TargetObject">HKU\S-1-5-21-3882363548-2838386070-1334550370-1003\Software\Microsoft\Office\16.0\Word\Reading Locations\Document 37\Datetime</Data>
    <Data Name="Details">2024-05-14T15:00:02</Data>
    
  </EventData>
</Event>
<Event xmlns="http://schemas.microsoft.com/win/2004/08/events/event">
  <System>
    <Provider Name="Microsoft-Windows-Sysmon" Guid="{5770385f-c22a-43e0-bf4c-06f5698ffbd9}"/>
    <EventID>13</EventID>
    <Version>2</Version>
    <Level>4</Level>
    <Task>13</Task>
    <Opcode>0</Opcode>
    <Keywords>0x8000000000000000</Keywords>
    <TimeCreated SystemTime="2024-05-14T15:06:08.7554899Z"/>
    <EventRecordID>665120</EventRecordID>
    <Correlation/>
    <Execution ProcessID="2060" ThreadID="4940"/>
    <Channel>Microsoft-Windows-Sysmon/Operational</Channel>
    <Computer>WS-LMORRIS-01.northstar-branch.local</Computer>
    <Security UserID="S-1-5-18"/>
  </System>
  <EventData>
    
    <Data Name="RuleName">-</Data>
    <Data Name="EventType">SetValue</Data>
    <Data Name="UtcTime">2024-05-14 15:06:08.755</Data>
    <Data Name="ProcessGuid">{db89d853-0c63-663e-ea02-0000204ded81}</Data>
    <Data Name="ProcessId">3552</Data>
    <Data Name="Image">C:\Windows\explorer.exe</Data>
    <Data Name="User">NORTHSTAR-BRANCH\lena.morris</Data>
    <Data Name="TargetObject">HKU\S-1-5-21-3882363548-2838386070-1334550370-1003\Software\Microsoft\Windows\CurrentVersion\Explorer\ComDlg32\OpenSavePidlMRU\pdf\12</Data>
    <Data Name="Details">hex(2):43,00,3a,00</Data>
    
  </EventData>
</Event>
<Event xmlns="http://schemas.microsoft.com/win/2004/08/events/event">
  <System>
    <Provider Name="Microsoft-Windows-Sysmon" Guid="{5770385f-c22a-43e0-bf4c-06f5698ffbd9}"/>
    <EventID>1</EventID>
    <Version>5</Version>
    <Level>4</Level>
    <Task>1</Task>
    <Opcode>0</Opcode>
    <Keywords>0x8000000000000000</Keywords>
    <TimeCreated SystemTime="2024-05-14T15:06:49.0611422Z"/>
    <EventRecordID>666060</EventRecordID>
    <Correlation/>
    <Execution ProcessID="2060" ThreadID="2296"/>
    <Channel>Microsoft-Windows-Sysmon/Operational</Channel>
    <Computer>WS-LMORRIS-01.northstar-branch.local</Computer>
    <Security UserID="S-1-5-18"/>
  </System>
  <EventData>
    
    <Data Name="RuleName">-</Data>
    <Data Name="UtcTime">2024-05-14 15:06:49.061</Data>
    <Data Name="ProcessGuid">{db89d853-7e09-6643-4a00-00001c03d7fc}</Data>
    <Data Name="ProcessId">5288</Data>
    <Data Name="Image">C:\Program Files\Zscaler\ZSATray\ZSATray.exe</Data>
    <Data Name="FileVersion">4.3.0.190</Data>
    <Data Name="Description">Zscaler Client Connector</Data>
    <Data Name="Product">Zscaler Client Connector</Data>
    <Data Name="Company">Zscaler, Inc.</Data>
    <Data Name="OriginalFileName">ZSATray.exe</Data>
    <Data Name="CommandLine">"C:\Program Files\Zscaler\ZSATray\ZSATray.exe" /minimized</Data>
    <Data Name="CurrentDirectory">C:\Program Files\Zscaler\ZSATray\</Data>
    <Data Name="User">NORTHSTAR-BRANCH\lena.morris</Data>
    <Data Name="LogonGuid">{00000000-0000-0000-0000-000000000000}</Data>
    <Data Name="LogonId">0x330cad7</Data>
    <Data Name="TerminalSessionId">4</Data>
    <Data Name="IntegrityLevel">Medium</Data>
    <Data Name="Hashes">SHA1=FBD7CBDD37DCF54BBADC3FB71A809317C4E8F11F,MD5=A3CDD25C29EE28C6A29E08D4E03316A2,SHA256=8C1972FF3EE6089E1E216AF4FE7F88ADC3C24DF54169AE7566429BB33E9301CD,IMPHASH=3A88A621C9CF048DB7C1827F6335DE3F</Data>
    <Data Name="ParentProcessGuid">{db89d853-6e97-6643-4202-0000676cfd87}</Data>
    <Data Name="ParentProcessId">4952</Data>
    <Data Name="ParentImage">C:\Windows\explorer.exe</Data>
    <Data Name="ParentCommandLine">explorer.exe</Data>
    
  </EventData>
</Event>
<Event xmlns="http://schemas.microsoft.com/win/2004/08/events/event">
  <System>
    <Provider Name="Microsoft-Windows-Sysmon" Guid="{5770385f-c22a-43e0-bf4c-06f5698ffbd9}"/>
    <EventID>3</EventID>
    <Version>5</Version>
    <Level>4</Level>
    <Task>3</Task>
    <Opcode>0</Opcode>
    <Keywords>0x8000000000000000</Keywords>
    <TimeCreated SystemTime="2024-05-14T15:06:51.5983264Z"/>
    <EventRecordID>666359</EventRecordID>
    <Correlation/>
    <Execution ProcessID="2060" ThreadID="2296"/>
    <Channel>Microsoft-Windows-Sysmon/Operational</Channel>
    <Computer>WS-LMORRIS-01.northstar-branch.local</Computer>
    <Security UserID="S-1-5-18"/>
  </System>
  <EventData>
    
    <Data Name="RuleName">-</Data>
    <Data Name="UtcTime">2024-05-14 15:06:51.598</Data>
    <Data Name="ProcessGuid">{db89d853-7e09-6643-4a00-00001c03d7fc}</Data>
    <Data Name="ProcessId">5288</Data>
    <Data Name="Image">C:\Program Files\Zscaler\ZSATray\ZSATray.exe</Data>
    <Data Name="User">NORTHSTAR-BRANCH\lena.morris</Data>
    <Data Name="Protocol">tcp</Data>
    <Data Name="Initiated">true</Data>
    <Data Name="SourceIsIpv6">false</Data>
    <Data Name="SourceIp">10.44.10.23</Data>
    <Data Name="SourceHostname">WS-LMORRIS-01.northstar-branch.local</Data>
    <Data Name="SourcePort">65401</Data>
    <Data Name="SourcePortName">-</Data>
    <Data Name="DestinationIsIpv6">false</Data>
    <Data Name="DestinationIp">10.44.20.30</Data>
    <Data Name="DestinationHostname">PROXY-BO-01.northstar-branch.local</Data>
    <Data Name="DestinationPort">8080</Data>
    <Data Name="DestinationPortName">http-alt</Data>
    
  </EventData>
</Event>
<Event xmlns="http://schemas.microsoft.com/win/2004/08/events/event">
  <System>
    <Provider Name="Microsoft-Windows-Sysmon" Guid="{5770385f-c22a-43e0-bf4c-06f5698ffbd9}"/>
    <EventID>22</EventID>
    <Version>5</Version>
    <Level>4</Level>
    <Task>22</Task>
    <Opcode>0</Opcode>
    <Keywords>0x8000000000000000</Keywords>
    <TimeCreated SystemTime="2024-05-14T15:06:53.7884826Z"/>
    <EventRecordID>666360</EventRecordID>
    <Correlation/>
    <Execution ProcessID="2060" ThreadID="1488"/>
    <Channel>Microsoft-Windows-Sysmon/Operational</Channel>
    <Computer>WS-LMORRIS-01.northstar-branch.local</Computer>
    <Security UserID="S-1-5-18"/>
  </System>
  <EventData>
    
    <Data Name="RuleName">-</Data>
    <Data Name="UtcTime">2024-05-14 15:06:53.788</Data>
    <Data Name="ProcessGuid">{db89d853-0c4d-663e-c700-00108f2df611}</Data>
    <Data Name="ProcessId">3248</Data>
    <Data Name="QueryName">_ldap._tcp.dc._msdcs.northstar-branch.local</Data>
    <Data Name="QueryStatus">0</Data>
    <Data Name="QueryResults">0 100 389 DC-BO-01.northstar-branch.local;</Data>
    <Data Name="Image">C:\Windows\System32\svchost.exe</Data>
    <Data Name="User">NT AUTHORITY\LOCAL SERVICE</Data>
    
  </EventData>
</Event>
<Event xmlns="http://schemas.microsoft.com/win/2004/08/events/event">
  <System>
    <Provider Name="Microsoft-Windows-Sysmon" Guid="{5770385f-c22a-43e0-bf4c-06f5698ffbd9}"/>
    <EventID>22</EventID>
    <Version>5</Version>
    <Level>4</Level>
    <Task>22</Task>
    <Opcode>0</Opcode>
    <Keywords>0x8000000000000000</Keywords>
    <TimeCreated SystemTime="2024-05-14T15:06:53.9948197Z"/>
    <EventRecordID>666361</EventRecordID>
    <Correlation/>
    <Execution ProcessID="2060" ThreadID="1488"/>
    <Channel>Microsoft-Windows-Sysmon/Operational</Channel>
    <Computer>WS-LMORRIS-01.northstar-branch.local</Computer>
    <Security UserID="S-1-5-18"/>
  </System>
  <EventData>
    
    <Data Name="RuleName">-</Data>
    <Data Name="UtcTime">2024-05-14 15:06:53.994</Data>
    <Data Name="ProcessGuid">{db89d853-0c4d-663e-c700-00108f2df611}</Data>
    <Data Name="ProcessId">3248</Data>
    <Data Name="QueryName">_kerberos._tcp.northstar-branch.local</Data>
    <Data Name="QueryStatus">0</Data>
    <Data Name="QueryResults">0 100 88 DC-BO-01.northstar-branch.local;</Data>
    <Data Name="Image">C:\Windows\System32\svchost.exe</Data>
    <Data Name="User">NT AUTHORITY\LOCAL SERVICE</Data>
    
  </EventData>
</Event>
