<Event xmlns="http://schemas.microsoft.com/win/2004/08/events/event">
  <System>
    <Provider Name="Microsoft-Windows-Sysmon" Guid="{5770385f-c22a-43e0-bf4c-06f5698ffbd9}"/>
    <EventID>5</EventID>
    <Version>3</Version>
    <Level>4</Level>
    <Task>5</Task>
    <Opcode>0</Opcode>
    <Keywords>0x8000000000000000</Keywords>
    <TimeCreated SystemTime="2024-05-14T16:33:30.8425266Z"/>
    <EventRecordID>670614</EventRecordID>
    <Correlation/>
    <Execution ProcessID="2060" ThreadID="3548"/>
    <Channel>Microsoft-Windows-Sysmon/Operational</Channel>
    <Computer>WS-LMORRIS-01.northstar-branch.local</Computer>
    <Security UserID="S-1-5-18"/>
  </System>
  <EventData>
    
    <Data Name="RuleName">-</Data>
    <Data Name="UtcTime">2024-05-14 16:33:30.842</Data>
    <Data Name="ProcessGuid">{db89d853-7e10-6643-1202-001041ff13a5}</Data>
    <Data Name="ProcessId">5276</Data>
    <Data Name="Image">C:\Program Files\Microsoft Power BI Desktop\bin\PBIDesktop.exe</Data>
    <Data Name="User">NORTHSTAR-BRANCH\lena.morris</Data>
    
  </EventData>
</Event>
<Event xmlns="http://schemas.microsoft.com/win/2004/08/events/event">
  <System>
    <Provider Name="Microsoft-Windows-Sysmon" Guid="{5770385f-c22a-43e0-bf4c-06f5698ffbd9}"/>
    <EventID>1</EventID>
    <Version>5</Version>
    <Level>4</Level>
    <Task>1</Task>
    <Opcode>0</Opcode>
    <Keywords>0x8000000000000000</Keywords>
    <TimeCreated SystemTime="2024-05-14T16:34:55.5538603Z"/>
    <EventRecordID>670615</EventRecordID>
    <Correlation/>
    <Execution ProcessID="2060" ThreadID="4940"/>
    <Channel>Microsoft-Windows-Sysmon/Operational</Channel>
    <Computer>WS-LMORRIS-01.northstar-branch.local</Computer>
    <Security UserID="S-1-5-18"/>
  </System>
  <EventData>
    
    <Data Name="RuleName">-</Data>
    <Data Name="UtcTime">2024-05-14 16:34:55.553</Data>
    <Data Name="ProcessGuid">{db89d853-92af-6643-d102-0000ddc47ac5}</Data>
    <Data Name="ProcessId">6304</Data>
    <Data Name="Image">C:\Program Files\Zscaler\ZSATunnel\ZSATunnel.exe</Data>
    <Data Name="FileVersion">-</Data>
    <Data Name="Description">-</Data>
    <Data Name="Product">-</Data>
    <Data Name="Company">-</Data>
    <Data Name="OriginalFileName">-</Data>
    <Data Name="CommandLine">ZSATunnel.exe</Data>
    <Data Name="CurrentDirectory">C:\Windows\System32\</Data>
    <Data Name="User">NT AUTHORITY\SYSTEM</Data>
    <Data Name="LogonGuid">{bca4f578-11bd-4986-a043-b3c59698a3e0}</Data>
    <Data Name="LogonId">0x3e7</Data>
    <Data Name="TerminalSessionId">0</Data>
    <Data Name="IntegrityLevel">System</Data>
    <Data Name="Hashes">SHA1=6210F9CB08C7EEE20E47C25AD23648993DB1780E,MD5=35559DED8E738977F97BD4573AB4FB64,SHA256=15A6C4EAB70343C51901339ED837BEEE1867F4601EF289E0878BE62B07FEE7EA,IMPHASH=8AA74086C46C767E39A3A8A5B01DFDCF</Data>
    <Data Name="ParentProcessGuid">{db89d853-0c46-663e-6a00-00101fdee78d}</Data>
    <Data Name="ParentProcessId">3136</Data>
    <Data Name="ParentImage">C:\Windows\System32\services.exe</Data>
    <Data Name="ParentCommandLine">services.exe</Data>
    
  </EventData>
</Event>
<Event xmlns="http://schemas.microsoft.com/win/2004/08/events/event">
  <System>
    <Provider Name="Microsoft-Windows-Sysmon" Guid="{5770385f-c22a-43e0-bf4c-06f5698ffbd9}"/>
    <EventID>13</EventID>
    <Version>2</Version>
    <Level>4</Level>
    <Task>13</Task>
    <Opcode>0</Opcode>
    <Keywords>0x8000000000000000</Keywords>
    <TimeCreated SystemTime="2024-05-14T16:36:26.8575480Z"/>
    <EventRecordID>670626</EventRecordID>
    <Correlation/>
    <Execution ProcessID="2060" ThreadID="2296"/>
    <Channel>Microsoft-Windows-Sysmon/Operational</Channel>
    <Computer>WS-LMORRIS-01.northstar-branch.local</Computer>
    <Security UserID="S-1-5-18"/>
  </System>
  <EventData>
    
    <Data Name="RuleName">-</Data>
    <Data Name="EventType">SetValue</Data>
    <Data Name="UtcTime">2024-05-14 16:36:26.857</Data>
    <Data Name="ProcessGuid">{db89d853-0c46-663e-6a00-00101fdee78d}</Data>
    <Data Name="ProcessId">3136</Data>
    <Data Name="Image">C:\Windows\System32\services.exe</Data>
    <Data Name="User">NT AUTHORITY\SYSTEM</Data>
    <Data Name="TargetObject">HKLM\SOFTWARE\Microsoft\Windows\CurrentVersion\Component Based Servicing\Packages\Microsoft-Windows-Client-Features~31bf3856ad364e35~amd64~~10.0.22621.33\CurrentState</Data>
    <Data Name="Details">DWORD (0x00000070)</Data>
    
  </EventData>
</Event>
<Event xmlns="http://schemas.microsoft.com/win/2004/08/events/event">
  <System>
    <Provider Name="Microsoft-Windows-Sysmon" Guid="{5770385f-c22a-43e0-bf4c-06f5698ffbd9}"/>
    <EventID>10</EventID>
    <Version>3</Version>
    <Level>4</Level>
    <Task>10</Task>
    <Opcode>0</Opcode>
    <Keywords>0x8000000000000000</Keywords>
    <TimeCreated SystemTime="2024-05-14T16:36:43.1673297Z"/>
    <EventRecordID>670663</EventRecordID>
    <Correlation/>
    <Execution ProcessID="2060" ThreadID="1488"/>
    <Channel>Microsoft-Windows-Sysmon/Operational</Channel>
    <Computer>WS-LMORRIS-01.northstar-branch.local</Computer>
    <Security UserID="S-1-5-18"/>
  </System>
  <EventData>
    
    <Data Name="RuleName">-</Data>
    <Data Name="UtcTime">2024-05-14 16:36:43.167</Data>
    <Data Name="SourceProcessGUID">{db89d853-0c45-663e-c700-00004ad00e0c}</Data>
    <Data Name="SourceProcessId">3112</Data>
    <Data Name="SourceImage">C:\Windows\System32\csrss.exe</Data>
    <Data Name="SourceThreadId">1940</Data>
    <Data Name="SourceUser">NT AUTHORITY\SYSTEM</Data>
    <Data Name="TargetProcessGUID">{db89d853-0c47-663e-cc00-0010fbf99eed}</Data>
    <Data Name="TargetProcessId">3152</Data>
    <Data Name="TargetImage">C:\Windows\System32\lsass.exe</Data>
    <Data Name="TargetUser">NT AUTHORITY\SYSTEM</Data>
    <Data Name="GrantedAccess">0x1000</Data>
    <Data Name="CallTrace">C:\Windows\SYSTEM32\ntdll.dll+9CD98|C:\Windows\SYSTEM32\KERNELBASE.dll+2CD5F|C:\Windows\SYSTEM32\sechost.dll+1407E</Data>
    
  </EventData>
</Event>
<Event xmlns="http://schemas.microsoft.com/win/2004/08/events/event">
  <System>
    <Provider Name="Microsoft-Windows-Sysmon" Guid="{5770385f-c22a-43e0-bf4c-06f5698ffbd9}"/>
    <EventID>1</EventID>
    <Version>5</Version>
    <Level>4</Level>
    <Task>1</Task>
    <Opcode>0</Opcode>
    <Keywords>0x8000000000000000</Keywords>
    <TimeCreated SystemTime="2024-05-14T16:37:31.8625387Z"/>
    <EventRecordID>670665</EventRecordID>
    <Correlation/>
    <Execution ProcessID="2060" ThreadID="2296"/>
    <Channel>Microsoft-Windows-Sysmon/Operational</Channel>
    <Computer>WS-LMORRIS-01.northstar-branch.local</Computer>
    <Security UserID="S-1-5-18"/>
  </System>
  <EventData>
    
    <Data Name="RuleName">-</Data>
    <Data Name="UtcTime">2024-05-14 16:37:31.862</Data>
    <Data Name="ProcessGuid">{db89d853-934b-6643-b100-001034e38c79}</Data>
    <Data Name="ProcessId">6332</Data>
    <Data Name="Image">C:\Program Files (x86)\Google\Update\GoogleUpdater.exe</Data>
    <Data Name="FileVersion">-</Data>
    <Data Name="Description">-</Data>
    <Data Name="Product">-</Data>
    <Data Name="Company">-</Data>
    <Data Name="OriginalFileName">-</Data>
    <Data Name="CommandLine">GoogleUpdater.exe -Embedding</Data>
    <Data Name="CurrentDirectory">C:\Windows\System32\</Data>
    <Data Name="User">NT AUTHORITY\SYSTEM</Data>
    <Data Name="LogonGuid">{bca4f578-11bd-4986-a043-b3c59698a3e0}</Data>
    <Data Name="LogonId">0x3e7</Data>
    <Data Name="TerminalSessionId">0</Data>
    <Data Name="IntegrityLevel">System</Data>
    <Data Name="Hashes">SHA1=24AF88C7C0D70B182A7348C2DAF4F251A90A132E,MD5=2513FBBCCCB4592862E55F73BAAF7A59,SHA256=F616F8B514853E182CDEEC6D1CE4D81C08452FD3172CA216FA75E894DFF25663,IMPHASH=AAD04978F326086CD7E71FF70766AFC0</Data>
    <Data Name="ParentProcessGuid">{db89d853-0c46-663e-6a00-00101fdee78d}</Data>
    <Data Name="ParentProcessId">3136</Data>
    <Data Name="ParentImage">C:\Windows\System32\services.exe</Data>
    <Data Name="ParentCommandLine">services.exe</Data>
    
  </EventData>
</Event>
<Event xmlns="http://schemas.microsoft.com/win/2004/08/events/event">
  <System>
    <Provider Name="Microsoft-Windows-Sysmon" Guid="{5770385f-c22a-43e0-bf4c-06f5698ffbd9}"/>
    <EventID>13</EventID>
    <Version>2</Version>
    <Level>4</Level>
    <Task>13</Task>
    <Opcode>0</Opcode>
    <Keywords>0x8000000000000000</Keywords>
    <TimeCreated SystemTime="2024-05-14T16:37:36.7437905Z"/>
    <EventRecordID>670670</EventRecordID>
    <Correlation/>
    <Execution ProcessID="2060" ThreadID="1488"/>
    <Channel>Microsoft-Windows-Sysmon/Operational</Channel>
    <Computer>WS-LMORRIS-01.northstar-branch.local</Computer>
    <Security UserID="S-1-5-18"/>
  </System>
  <EventData>
    
    <Data Name="RuleName">-</Data>
    <Data Name="EventType">SetValue</Data>
    <Data Name="UtcTime">2024-05-14 16:37:36.743</Data>
    <Data Name="ProcessGuid">{db89d853-0c46-663e-6a00-00101fdee78d}</Data>
    <Data Name="ProcessId">3136</Data>
    <Data Name="Image">C:\Windows\System32\services.exe</Data>
    <Data Name="User">NT AUTHORITY\SYSTEM</Data>
    <Data Name="TargetObject">HKLM\SOFTWARE\Microsoft\Windows\CurrentVersion\Explorer\Shell Folders\Common Startup</Data>
    <Data Name="Details">C:\ProgramData\Microsoft\Windows\Start Menu\Programs\Startup</Data>
    
  </EventData>
</Event>
<Event xmlns="http://schemas.microsoft.com/win/2004/08/events/event">
  <System>
    <Provider Name="Microsoft-Windows-Sysmon" Guid="{5770385f-c22a-43e0-bf4c-06f5698ffbd9}"/>
    <EventID>10</EventID>
    <Version>3</Version>
    <Level>4</Level>
    <Task>10</Task>
    <Opcode>0</Opcode>
    <Keywords>0x8000000000000000</Keywords>
    <TimeCreated SystemTime="2024-05-14T16:37:45.3533247Z"/>
    <EventRecordID>670671</EventRecordID>
    <Correlation/>
    <Execution ProcessID="2060" ThreadID="3548"/>
    <Channel>Microsoft-Windows-Sysmon/Operational</Channel>
    <Computer>WS-LMORRIS-01.northstar-branch.local</Computer>
    <Security UserID="S-1-5-18"/>
  </System>
  <EventData>
    
    <Data Name="RuleName">-</Data>
    <Data Name="UtcTime">2024-05-14 16:37:45.353</Data>
    <Data Name="SourceProcessGUID">{db89d853-0c58-663e-3100-0010b0df7c4c}</Data>
    <Data Name="SourceProcessId">3424</Data>
    <Data Name="SourceImage">C:\Windows\System32\dllhost.exe</Data>
    <Data Name="SourceThreadId">7244</Data>
    <Data Name="SourceUser">NT AUTHORITY\SYSTEM</Data>
    <Data Name="TargetProcessGUID">{db89d853-0c63-663e-ea02-0000204ded81}</Data>
    <Data Name="TargetProcessId">3552</Data>
    <Data Name="TargetImage">C:\Windows\explorer.exe</Data>
    <Data Name="TargetUser">NORTHSTAR-BRANCH\lena.morris</Data>
    <Data Name="GrantedAccess">0x1000</Data>
    <Data Name="CallTrace">C:\Windows\SYSTEM32\ntdll.dll+9C4F6|C:\Windows\SYSTEM32\KERNELBASE.dll+2DC46|C:\Windows\SYSTEM32\wbemcomn.dll+15CCD</Data>
    
  </EventData>
</Event>
<Event xmlns="http://schemas.microsoft.com/win/2004/08/events/event">
  <System>
    <Provider Name="Microsoft-Windows-Sysmon" Guid="{5770385f-c22a-43e0-bf4c-06f5698ffbd9}"/>
    <EventID>5</EventID>
    <Version>3</Version>
    <Level>4</Level>
    <Task>5</Task>
    <Opcode>0</Opcode>
    <Keywords>0x8000000000000000</Keywords>
    <TimeCreated SystemTime="2024-05-14T16:38:49.7887453Z"/>
    <EventRecordID>670673</EventRecordID>
    <Correlation/>
    <Execution ProcessID="2060" ThreadID="4252"/>
    <Channel>Microsoft-Windows-Sysmon/Operational</Channel>
    <Computer>WS-LMORRIS-01.northstar-branch.local</Computer>
    <Security UserID="S-1-5-18"/>
  </System>
  <EventData>
    
    <Data Name="RuleName">-</Data>
    <Data Name="UtcTime">2024-05-14 16:38:49.788</Data>
    <Data Name="ProcessGuid">{db89d853-88dd-6643-de00-0000fce8fecc}</Data>
    <Data Name="ProcessId">5636</Data>
    <Data Name="Image">C:\Program Files\Adobe\Acrobat DC\Acrobat\Acrobat.exe</Data>
    <Data Name="User">NORTHSTAR-BRANCH\lena.morris</Data>
    
  </EventData>
</Event>
<Event xmlns="http://schemas.microsoft.com/win/2004/08/events/event">
  <System>
    <Provider Name="Microsoft-Windows-Sysmon" Guid="{5770385f-c22a-43e0-bf4c-06f5698ffbd9}"/>
    <EventID>1</EventID>
    <Version>5</Version>
    <Level>4</Level>
    <Task>1</Task>
    <Opcode>0</Opcode>
    <Keywords>0x8000000000000000</Keywords>
    <TimeCreated SystemTime="2024-05-14T16:40:53.2163763Z"/>
    <EventRecordID>670674</EventRecordID>
    <Correlation/>
    <Execution ProcessID="2060" ThreadID="1488"/>
    <Channel>Microsoft-Windows-Sysmon/Operational</Channel>
    <Computer>WS-LMORRIS-01.northstar-branch.local</Computer>
    <Security UserID="S-1-5-18"/>
  </System>
  <EventData>
    
    <Data Name="RuleName">-</Data>
    <Data Name="UtcTime">2024-05-14 16:40:53.216</Data>
    <Data Name="ProcessGuid">{db89d853-9415-6643-9402-000026842e4a}</Data>
    <Data Name="ProcessId">6416</Data>
    <Data Name="Image">C:\Windows\System32\SearchFilterHost.exe</Data>
    <Data Name="FileVersion">10.0.22621.1</Data>
    <Data Name="Description">Microsoft Windows Search Filter Host</Data>
    <Data Name="Product">Microsoft Windows Operating System</Data>
    <Data Name="Company">Microsoft Corporation</Data>
    <Data Name="OriginalFileName">SearchFilterHost.exe</Data>
    <Data Name="CommandLine">SearchFilterHost.exe 0 804 0 0 0</Data>
    <Data Name="CurrentDirectory">C:\Windows\System32\</Data>
    <Data Name="User">NT AUTHORITY\SYSTEM</Data>
    <Data Name="LogonGuid">{bca4f578-11bd-4986-a043-b3c59698a3e0}</Data>
    <Data Name="LogonId">0x3e7</Data>
    <Data Name="TerminalSessionId">0</Data>
    <Data Name="IntegrityLevel">System</Data>
    <Data Name="Hashes">SHA1=0C19DDD62CEFD07AB2CB42FF4878D529F9DFB89D,MD5=BA4A7DF8FAB830DDF49B7F01EFACD90E,SHA256=64BACFAEEB126E9041DB6B9526C676A6830B01431EE23A0BA0F1351CAA484FC6,IMPHASH=7E131377F9483DE692B447AD26B54EEA</Data>
    <Data Name="ParentProcessGuid">{db89d853-0c54-663e-9400-001096ad4f71}</Data>
    <Data Name="ParentProcessId">3412</Data>
    <Data Name="ParentImage">C:\Windows\System32\SearchIndexer.exe</Data>
    <Data Name="ParentCommandLine">SearchIndexer.exe</Data>
    
  </EventData>
</Event>
<Event xmlns="http://schemas.microsoft.com/win/2004/08/events/event">
  <System>
    <Provider Name="Microsoft-Windows-Sysmon" Guid="{5770385f-c22a-43e0-bf4c-06f5698ffbd9}"/>
    <EventID>11</EventID>
    <Version>2</Version>
    <Level>4</Level>
    <Task>11</Task>
    <Opcode>0</Opcode>
    <Keywords>0x8000000000000000</Keywords>
    <TimeCreated SystemTime="2024-05-14T16:43:02.0056546Z"/>
    <EventRecordID>670676</EventRecordID>
    <Correlation/>
    <Execution ProcessID="2060" ThreadID="1488"/>
    <Channel>Microsoft-Windows-Sysmon/Operational</Channel>
    <Computer>WS-LMORRIS-01.northstar-branch.local</Computer>
    <Security UserID="S-1-5-18"/>
  </System>
  <EventData>
    
    <Data Name="RuleName">-</Data>
    <Data Name="UtcTime">2024-05-14 16:43:02.005</Data>
    <Data Name="ProcessGuid">{db89d853-0c4d-663e-d802-00001c276292}</Data>
    <Data Name="ProcessId">3252</Data>
    <Data Name="Image">C:\Windows\System32\svchost.exe</Data>
    <Data Name="User">NT AUTHORITY\NETWORK SERVICE</Data>
    <Data Name="TargetFilename">C:\Windows\Temp\77804.tmp</Data>
    <Data Name="CreationUtcTime">2024-05-14 16:43:02.005</Data>
    
  </EventData>
</Event>
<Event xmlns="http://schemas.microsoft.com/win/2004/08/events/event">
  <System>
    <Provider Name="Microsoft-Windows-Sysmon" Guid="{5770385f-c22a-43e0-bf4c-06f5698ffbd9}"/>
    <EventID>3</EventID>
    <Version>5</Version>
    <Level>4</Level>
    <Task>3</Task>
    <Opcode>0</Opcode>
    <Keywords>0x8000000000000000</Keywords>
    <TimeCreated SystemTime="2024-05-14T16:43:33.2520271Z"/>
    <EventRecordID>670677</EventRecordID>
    <Correlation/>
    <Execution ProcessID="2060" ThreadID="1488"/>
    <Channel>Microsoft-Windows-Sysmon/Operational</Channel>
    <Computer>WS-LMORRIS-01.northstar-branch.local</Computer>
    <Security UserID="S-1-5-18"/>
  </System>
  <EventData>
    
    <Data Name="RuleName">-</Data>
    <Data Name="UtcTime">2024-05-14 16:43:33.252</Data>
    <Data Name="ProcessGuid">{db89d853-8ea3-6643-a402-0010a78d525f}</Data>
    <Data Name="ProcessId">6188</Data>
    <Data Name="Image">C:\Program Files\Mozilla Firefox\firefox.exe</Data>
    <Data Name="User">NORTHSTAR-BRANCH\lena.morris</Data>
    <Data Name="Protocol">tcp</Data>
    <Data Name="Initiated">true</Data>
    <Data Name="SourceIsIpv6">false</Data>
    <Data Name="SourceIp">10.44.10.23</Data>
    <Data Name="SourceHostname">WS-LMORRIS-01.northstar-branch.local</Data>
    <Data Name="SourcePort">50328</Data>
    <Data Name="SourcePortName">-</Data>
    <Data Name="DestinationIsIpv6">false</Data>
    <Data Name="DestinationIp">10.44.20.30</Data>
    <Data Name="DestinationHostname">PROXY-BO-01.northstar-branch.local</Data>
    <Data Name="DestinationPort">8080</Data>
    <Data Name="DestinationPortName">http-alt</Data>
    
  </EventData>
</Event>
<Event xmlns="http://schemas.microsoft.com/win/2004/08/events/event">
  <System>
    <Provider Name="Microsoft-Windows-Sysmon" Guid="{5770385f-c22a-43e0-bf4c-06f5698ffbd9}"/>
    <EventID>5</EventID>
    <Version>3</Version>
    <Level>4</Level>
    <Task>5</Task>
    <Opcode>0</Opcode>
    <Keywords>0x8000000000000000</Keywords>
    <TimeCreated SystemTime="2024-05-14T16:44:08.5250734Z"/>
    <EventRecordID>671490</EventRecordID>
    <Correlation/>
    <Execution ProcessID="2060" ThreadID="2296"/>
    <Channel>Microsoft-Windows-Sysmon/Operational</Channel>
    <Computer>WS-LMORRIS-01.northstar-branch.local</Computer>
    <Security UserID="S-1-5-18"/>
  </System>
  <EventData>
    
    <Data Name="RuleName">-</Data>
    <Data Name="UtcTime">2024-05-14 16:44:08.525</Data>
    <Data Name="ProcessGuid">{db89d853-8183-6643-be00-0010d8efdda1}</Data>
    <Data Name="ProcessId">5500</Data>
    <Data Name="Image">C:\Program Files\Tableau\Tableau 2024.1\bin\tableau.exe</Data>
    <Data Name="User">NORTHSTAR-BRANCH\lena.morris</Data>
    
  </EventData>
</Event>
<Event xmlns="http://schemas.microsoft.com/win/2004/08/events/event">
  <System>
    <Provider Name="Microsoft-Windows-Sysmon" Guid="{5770385f-c22a-43e0-bf4c-06f5698ffbd9}"/>
    <EventID>5</EventID>
    <Version>3</Version>
    <Level>4</Level>
    <Task>5</Task>
    <Opcode>0</Opcode>
    <Keywords>0x8000000000000000</Keywords>
    <TimeCreated SystemTime="2024-05-14T16:44:32.4067511Z"/>
    <EventRecordID>671495</EventRecordID>
    <Correlation/>
    <Execution ProcessID="2060" ThreadID="1488"/>
    <Channel>Microsoft-Windows-Sysmon/Operational</Channel>
    <Computer>WS-LMORRIS-01.northstar-branch.local</Computer>
    <Security UserID="S-1-5-18"/>
  </System>
  <EventData>
    
    <Data Name="RuleName">-</Data>
    <Data Name="UtcTime">2024-05-14 16:44:32.406</Data>
    <Data Name="ProcessGuid">{db89d853-7e79-6643-bd02-00008c248462}</Data>
    <Data Name="ProcessId">5460</Data>
    <Data Name="Image">C:\Program Files\DBeaver\dbeaver.exe</Data>
    <Data Name="User">NORTHSTAR-BRANCH\lena.morris</Data>
    
  </EventData>
</Event>
<Event xmlns="http://schemas.microsoft.com/win/2004/08/events/event">
  <System>
    <Provider Name="Microsoft-Windows-Sysmon" Guid="{5770385f-c22a-43e0-bf4c-06f5698ffbd9}"/>
    <EventID>1</EventID>
    <Version>5</Version>
    <Level>4</Level>
    <Task>1</Task>
    <Opcode>0</Opcode>
    <Keywords>0x8000000000000000</Keywords>
    <TimeCreated SystemTime="2024-05-14T16:44:51.9783031Z"/>
    <EventRecordID>671496</EventRecordID>
    <Correlation/>
    <Execution ProcessID="2060" ThreadID="1488"/>
    <Channel>Microsoft-Windows-Sysmon/Operational</Channel>
    <Computer>WS-LMORRIS-01.northstar-branch.local</Computer>
    <Security UserID="S-1-5-18"/>
  </System>
  <EventData>
    
    <Data Name="RuleName">-</Data>
    <Data Name="UtcTime">2024-05-14 16:44:51.978</Data>
    <Data Name="ProcessGuid">{db89d853-9503-6643-e000-000045b82751}</Data>
    <Data Name="ProcessId">6448</Data>
    <Data Name="Image">C:\Windows\System32\MpCmdRun.exe</Data>
    <Data Name="FileVersion">4.18.2211.5</Data>
    <Data Name="Description">Microsoft Malware Protection Command Line Utility</Data>
    <Data Name="Product">Microsoft Antimalware</Data>
    <Data Name="Company">Microsoft Corporation</Data>
    <Data Name="OriginalFileName">MpCmdRun.exe</Data>
    <Data Name="CommandLine">MpCmdRun.exe -SignatureUpdate</Data>
    <Data Name="CurrentDirectory">C:\Windows\System32\</Data>
    <Data Name="User">NT AUTHORITY\SYSTEM</Data>
    <Data Name="LogonGuid">{bca4f578-11bd-4986-a043-b3c59698a3e0}</Data>
    <Data Name="LogonId">0x3e7</Data>
    <Data Name="TerminalSessionId">0</Data>
    <Data Name="IntegrityLevel">System</Data>
    <Data Name="Hashes">SHA1=F4EF00F41048EBCC93DDDD07336499E959343F58,MD5=9B838F4924D64C5DD674FED40433F836,SHA256=6D1A306334F254CECFADAFE15CFDE5758AD680D93A4AF98E6FB2064776AF6334,IMPHASH=F8F14F62C527C382581D90DAA5F1D4C5</Data>
    <Data Name="ParentProcessGuid">{db89d853-0c46-663e-6a00-00101fdee78d}</Data>
    <Data Name="ParentProcessId">3136</Data>
    <Data Name="ParentImage">C:\Windows\System32\services.exe</Data>
    <Data Name="ParentCommandLine">services.exe</Data>
    
  </EventData>
</Event>
<Event xmlns="http://schemas.microsoft.com/win/2004/08/events/event">
  <System>
    <Provider Name="Microsoft-Windows-Sysmon" Guid="{5770385f-c22a-43e0-bf4c-06f5698ffbd9}"/>
    <EventID>5</EventID>
    <Version>3</Version>
    <Level>4</Level>
    <Task>5</Task>
    <Opcode>0</Opcode>
    <Keywords>0x8000000000000000</Keywords>
    <TimeCreated SystemTime="2024-05-14T16:44:55.7362203Z"/>
    <EventRecordID>671497</EventRecordID>
    <Correlation/>
    <Execution ProcessID="2060" ThreadID="1488"/>
    <Channel>Microsoft-Windows-Sysmon/Operational</Channel>
    <Computer>WS-LMORRIS-01.northstar-branch.local</Computer>
    <Security UserID="S-1-5-18"/>
  </System>
  <EventData>
    
    <Data Name="RuleName">-</Data>
    <Data Name="UtcTime">2024-05-14 16:44:55.736</Data>
    <Data Name="ProcessGuid">{db89d853-9503-6643-e000-000045b82751}</Data>
    <Data Name="ProcessId">6448</Data>
    <Data Name="Image">C:\Windows\System32\MpCmdRun.exe</Data>
    <Data Name="User">NT AUTHORITY\SYSTEM</Data>
    
  </EventData>
</Event>
<Event xmlns="http://schemas.microsoft.com/win/2004/08/events/event">
  <System>
    <Provider Name="Microsoft-Windows-Sysmon" Guid="{5770385f-c22a-43e0-bf4c-06f5698ffbd9}"/>
    <EventID>22</EventID>
    <Version>5</Version>
    <Level>4</Level>
    <Task>22</Task>
    <Opcode>0</Opcode>
    <Keywords>0x8000000000000000</Keywords>
    <TimeCreated SystemTime="2024-05-14T16:45:39.2827874Z"/>
    <EventRecordID>671530</EventRecordID>
    <Correlation/>
    <Execution ProcessID="2060" ThreadID="4940"/>
    <Channel>Microsoft-Windows-Sysmon/Operational</Channel>
    <Computer>WS-LMORRIS-01.northstar-branch.local</Computer>
    <Security UserID="S-1-5-18"/>
  </System>
  <EventData>
    
    <Data Name="RuleName">-</Data>
    <Data Name="UtcTime">2024-05-14 16:45:39.282</Data>
    <Data Name="ProcessGuid">{db89d853-0c4d-663e-c700-00108f2df611}</Data>
    <Data Name="ProcessId">3248</Data>
    <Data Name="QueryName">FILE-BO-01.northstar-branch.local</Data>
    <Data Name="QueryStatus">0</Data>
    <Data Name="QueryResults">10.44.20.20;</Data>
    <Data Name="Image">C:\Windows\System32\svchost.exe</Data>
    <Data Name="User">NT AUTHORITY\LOCAL SERVICE</Data>
    
  </EventData>
</Event>
<Event xmlns="http://schemas.microsoft.com/win/2004/08/events/event">
  <System>
    <Provider Name="Microsoft-Windows-Sysmon" Guid="{5770385f-c22a-43e0-bf4c-06f5698ffbd9}"/>
    <EventID>13</EventID>
    <Version>2</Version>
    <Level>4</Level>
    <Task>13</Task>
    <Opcode>0</Opcode>
    <Keywords>0x8000000000000000</Keywords>
    <TimeCreated SystemTime="2024-05-14T16:45:58.1817031Z"/>
    <EventRecordID>671531</EventRecordID>
    <Correlation/>
    <Execution ProcessID="2060" ThreadID="1488"/>
    <Channel>Microsoft-Windows-Sysmon/Operational</Channel>
    <Computer>WS-LMORRIS-01.northstar-branch.local</Computer>
    <Security UserID="S-1-5-18"/>
  </System>
  <EventData>
    
    <Data Name="RuleName">-</Data>
    <Data Name="EventType">SetValue</Data>
    <Data Name="UtcTime">2024-05-14 16:45:58.181</Data>
    <Data Name="ProcessGuid">{db89d853-0c63-663e-ea02-0000204ded81}</Data>
    <Data Name="ProcessId">3552</Data>
    <Data Name="Image">C:\Windows\explorer.exe</Data>
    <Data Name="User">NORTHSTAR-BRANCH\lena.morris</Data>
    <Data Name="TargetObject">HKU\S-1-5-21-3882363548-2838386070-1334550370-1003\Software\Microsoft\Windows\CurrentVersion\Internet Settings\MigrateProxy</Data>
    <Data Name="Details">DWORD (0x00000001)</Data>
    
  </EventData>
</Event>
<Event xmlns="http://schemas.microsoft.com/win/2004/08/events/event">
  <System>
    <Provider Name="Microsoft-Windows-Sysmon" Guid="{5770385f-c22a-43e0-bf4c-06f5698ffbd9}"/>
    <EventID>13</EventID>
    <Version>2</Version>
    <Level>4</Level>
    <Task>13</Task>
    <Opcode>0</Opcode>
    <Keywords>0x8000000000000000</Keywords>
    <TimeCreated SystemTime="2024-05-14T16:47:29.1891521Z"/>
    <EventRecordID>671533</EventRecordID>
    <Correlation/>
    <Execution ProcessID="2060" ThreadID="2296"/>
    <Channel>Microsoft-Windows-Sysmon/Operational</Channel>
    <Computer>WS-LMORRIS-01.northstar-branch.local</Computer>
    <Security UserID="S-1-5-18"/>
  </System>
  <EventData>
    
    <Data Name="RuleName">-</Data>
    <Data Name="EventType">SetValue</Data>
    <Data Name="UtcTime">2024-05-14 16:47:29.189</Data>
    <Data Name="ProcessGuid">{db89d853-0c64-663e-9300-0000caffdbc3}</Data>
    <Data Name="ProcessId">3576</Data>
    <Data Name="Image">C:\Windows\System32\RuntimeBroker.exe</Data>
    <Data Name="User">NORTHSTAR-BRANCH\lena.morris</Data>
    <Data Name="TargetObject">HKU\S-1-5-21-3882363548-2838386070-1334550370-1003\Software\Microsoft\Windows\CurrentVersion\Explorer\ComDlg32\LastVisitedPidlMRU\3</Data>
    <Data Name="Details">hex(2):43,00,3a,00</Data>
    
  </EventData>
</Event>
<Event xmlns="http://schemas.microsoft.com/win/2004/08/events/event">
  <System>
    <Provider Name="Microsoft-Windows-Sysmon" Guid="{5770385f-c22a-43e0-bf4c-06f5698ffbd9}"/>
    <EventID>13</EventID>
    <Version>2</Version>
    <Level>4</Level>
    <Task>13</Task>
    <Opcode>0</Opcode>
    <Keywords>0x8000000000000000</Keywords>
    <TimeCreated SystemTime="2024-05-14T16:49:05.7061340Z"/>
    <EventRecordID>671535</EventRecordID>
    <Correlation/>
    <Execution ProcessID="2060" ThreadID="2296"/>
    <Channel>Microsoft-Windows-Sysmon/Operational</Channel>
    <Computer>WS-LMORRIS-01.northstar-branch.local</Computer>
    <Security UserID="S-1-5-18"/>
  </System>
  <EventData>
    
    <Data Name="RuleName">-</Data>
    <Data Name="EventType">SetValue</Data>
    <Data Name="UtcTime">2024-05-14 16:49:05.706</Data>
    <Data Name="ProcessGuid">{db89d853-0c63-663e-ea02-0000204ded81}</Data>
    <Data Name="ProcessId">3552</Data>
    <Data Name="Image">C:\Windows\explorer.exe</Data>
    <Data Name="User">NORTHSTAR-BRANCH\lena.morris</Data>
    <Data Name="TargetObject">HKU\S-1-5-21-3882363548-2838386070-1334550370-1003\Software\Microsoft\Office\16.0\Word\Reading Locations\Document 13\Datetime</Data>
    <Data Name="Details">2024-05-14T15:48:05</Data>
    
  </EventData>
</Event>
<Event xmlns="http://schemas.microsoft.com/win/2004/08/events/event">
  <System>
    <Provider Name="Microsoft-Windows-Sysmon" Guid="{5770385f-c22a-43e0-bf4c-06f5698ffbd9}"/>
    <EventID>10</EventID>
    <Version>3</Version>
    <Level>4</Level>
    <Task>10</Task>
    <Opcode>0</Opcode>
    <Keywords>0x8000000000000000</Keywords>
    <TimeCreated SystemTime="2024-05-14T16:49:43.8696570Z"/>
    <EventRecordID>671553</EventRecordID>
    <Correlation/>
    <Execution ProcessID="2060" ThreadID="1488"/>
    <Channel>Microsoft-Windows-Sysmon/Operational</Channel>
    <Computer>WS-LMORRIS-01.northstar-branch.local</Computer>
    <Security UserID="S-1-5-18"/>
  </System>
  <EventData>
    
    <Data Name="RuleName">-</Data>
    <Data Name="UtcTime">2024-05-14 16:49:43.869</Data>
    <Data Name="SourceProcessGUID">{db89d853-0c53-663e-4100-001037a9ab57}</Data>
    <Data Name="SourceProcessId">3364</Data>
    <Data Name="SourceImage">C:\ProgramData\Microsoft\Windows Defender\Platform\4.18.2301.6-0\MsMpEng.exe</Data>
    <Data Name="SourceThreadId">6788</Data>
    <Data Name="SourceUser">NT AUTHORITY\SYSTEM</Data>
    <Data Name="TargetProcessGUID">{db89d853-0c47-663e-cc00-0010fbf99eed}</Data>
    <Data Name="TargetProcessId">3152</Data>
    <Data Name="TargetImage">C:\Windows\System32\lsass.exe</Data>
    <Data Name="TargetUser">NT AUTHORITY\SYSTEM</Data>
    <Data Name="GrantedAccess">0x1010</Data>
    <Data Name="CallTrace">C:\Windows\SYSTEM32\ntdll.dll+9CE6E</Data>
    
  </EventData>
</Event>
<Event xmlns="http://schemas.microsoft.com/win/2004/08/events/event">
  <System>
    <Provider Name="Microsoft-Windows-Sysmon" Guid="{5770385f-c22a-43e0-bf4c-06f5698ffbd9}"/>
    <EventID>13</EventID>
    <Version>2</Version>
    <Level>4</Level>
    <Task>13</Task>
    <Opcode>0</Opcode>
    <Keywords>0x8000000000000000</Keywords>
    <TimeCreated SystemTime="2024-05-14T16:50:13.5396578Z"/>
    <EventRecordID>671554</EventRecordID>
    <Correlation/>
    <Execution ProcessID="2060" ThreadID="1488"/>
    <Channel>Microsoft-Windows-Sysmon/Operational</Channel>
    <Computer>WS-LMORRIS-01.northstar-branch.local</Computer>
    <Security UserID="S-1-5-18"/>
  </System>
  <EventData>
    
    <Data Name="RuleName">-</Data>
    <Data Name="EventType">SetValue</Data>
    <Data Name="UtcTime">2024-05-14 16:50:13.539</Data>
    <Data Name="ProcessGuid">{db89d853-0c64-663e-9300-0000caffdbc3}</Data>
    <Data Name="ProcessId">3576</Data>
    <Data Name="Image">C:\Windows\System32\RuntimeBroker.exe</Data>
    <Data Name="User">NORTHSTAR-BRANCH\lena.morris</Data>
    <Data Name="TargetObject">HKU\S-1-5-21-3882363548-2838386070-1334550370-1003\Software\Microsoft\Windows\CurrentVersion\Explorer\ComDlg32\OpenSavePidlMRU\docx\24</Data>
    <Data Name="Details">hex(2):43,00,3a,00</Data>
    
  </EventData>
</Event>
<Event xmlns="http://schemas.microsoft.com/win/2004/08/events/event">
  <System>
    <Provider Name="Microsoft-Windows-Sysmon" Guid="{5770385f-c22a-43e0-bf4c-06f5698ffbd9}"/>
    <EventID>1</EventID>
    <Version>5</Version>
    <Level>4</Level>
    <Task>1</Task>
    <Opcode>0</Opcode>
    <Keywords>0x8000000000000000</Keywords>
    <TimeCreated SystemTime="2024-05-14T16:51:21.2226764Z"/>
    <EventRecordID>671555</EventRecordID>
    <Correlation/>
    <Execution ProcessID="2060" ThreadID="4940"/>
    <Channel>Microsoft-Windows-Sysmon/Operational</Channel>
    <Computer>WS-LMORRIS-01.northstar-branch.local</Computer>
    <Security UserID="S-1-5-18"/>
  </System>
  <EventData>
    
    <Data Name="RuleName">-</Data>
    <Data Name="UtcTime">2024-05-14 16:51:21.222</Data>
    <Data Name="ProcessGuid">{db89d853-9689-6643-f700-0010f2769ab0}</Data>
    <Data Name="ProcessId">6316</Data>
    <Data Name="Image">C:\Windows\System32\wbem\WmiPrvSE.exe</Data>
    <Data Name="FileVersion">10.0.22621.1</Data>
    <Data Name="Description">WMI Provider Host</Data>
    <Data Name="Product">Microsoft Windows Operating System</Data>
    <Data Name="Company">Microsoft Corporation</Data>
    <Data Name="OriginalFileName">WmiPrvSE.exe</Data>
    <Data Name="CommandLine">WmiPrvSE.exe -secured -Embedding</Data>
    <Data Name="CurrentDirectory">C:\Windows\System32\</Data>
    <Data Name="User">NT AUTHORITY\SYSTEM</Data>
    <Data Name="LogonGuid">{bca4f578-11bd-4986-a043-b3c59698a3e0}</Data>
    <Data Name="LogonId">0x3e7</Data>
    <Data Name="TerminalSessionId">0</Data>
    <Data Name="IntegrityLevel">System</Data>
    <Data Name="Hashes">SHA1=46ED812F7B5C135F9B5C3B57477D88A786683FF2,MD5=AAEAE0631E80D5742B02ED7046F7C425,SHA256=894ABE128AA86E96E7CD29A302C0E058BF88455F7D54C53BF1C01C3669D49661,IMPHASH=2AF1A337C33BBA81DFC20C21850217EF</Data>
    <Data Name="ParentProcessGuid">{db89d853-0c48-663e-a602-0010990cc367}</Data>
    <Data Name="ParentProcessId">3156</Data>
    <Data Name="ParentImage">C:\Windows\System32\svchost.exe</Data>
    <Data Name="ParentCommandLine">svchost.exe -k DcomLaunch</Data>
    
  </EventData>
</Event>
<Event xmlns="http://schemas.microsoft.com/win/2004/08/events/event">
  <System>
    <Provider Name="Microsoft-Windows-Sysmon" Guid="{5770385f-c22a-43e0-bf4c-06f5698ffbd9}"/>
    <EventID>13</EventID>
    <Version>2</Version>
    <Level>4</Level>
    <Task>13</Task>
    <Opcode>0</Opcode>
    <Keywords>0x8000000000000000</Keywords>
    <TimeCreated SystemTime="2024-05-14T16:51:54.4688033Z"/>
    <EventRecordID>671556</EventRecordID>
    <Correlation/>
    <Execution ProcessID="2060" ThreadID="2296"/>
    <Channel>Microsoft-Windows-Sysmon/Operational</Channel>
    <Computer>WS-LMORRIS-01.northstar-branch.local</Computer>
    <Security UserID="S-1-5-18"/>
  </System>
  <EventData>
    
    <Data Name="RuleName">-</Data>
    <Data Name="EventType">SetValue</Data>
    <Data Name="UtcTime">2024-05-14 16:51:54.468</Data>
    <Data Name="ProcessGuid">{db89d853-0c63-663e-ea02-0000204ded81}</Data>
    <Data Name="ProcessId">3552</Data>
    <Data Name="Image">C:\Windows\explorer.exe</Data>
    <Data Name="User">NORTHSTAR-BRANCH\lena.morris</Data>
    <Data Name="TargetObject">HKU\S-1-5-21-3882363548-2838386070-1334550370-1003\Software\Microsoft\Windows\CurrentVersion\Explorer\UserAssist\{CEBFF5CD-ACE2-4F4F-9178-9926F41749EA}\Count\HRZR_EHACNGU:P:\Cebtenz Svyrf\Zvpebfbsg Bssvpr\ebbg\Bssvpr16\RKPRY.RKR</Data>
    <Data Name="Details">F7 3E 05 C1 7A A3 FA 66 59 D0 D5 76 FC CB 26 D5 E2 88 D9 DF 68 FD B8 B5 C5 83 A6 DC D4 1C 90 56 F4 75 43 0A 1E F3 A3 1E</Data>
    
  </EventData>
</Event>
<Event xmlns="http://schemas.microsoft.com/win/2004/08/events/event">
  <System>
    <Provider Name="Microsoft-Windows-Sysmon" Guid="{5770385f-c22a-43e0-bf4c-06f5698ffbd9}"/>
    <EventID>1</EventID>
    <Version>5</Version>
    <Level>4</Level>
    <Task>1</Task>
    <Opcode>0</Opcode>
    <Keywords>0x8000000000000000</Keywords>
    <TimeCreated SystemTime="2024-05-14T16:51:58.8740501Z"/>
    <EventRecordID>671557</EventRecordID>
    <Correlation/>
    <Execution ProcessID="2060" ThreadID="4940"/>
    <Channel>Microsoft-Windows-Sysmon/Operational</Channel>
    <Computer>WS-LMORRIS-01.northstar-branch.local</Computer>
    <Security UserID="S-1-5-18"/>
  </System>
  <EventData>
    
    <Data Name="RuleName">-</Data>
    <Data Name="UtcTime">2024-05-14 16:51:58.874</Data>
    <Data Name="ProcessGuid">{db89d853-96ae-6643-9e02-000066e1a4af}</Data>
    <Data Name="ProcessId">6312</Data>
    <Data Name="Image">C:\Windows\System32\dllhost.exe</Data>
    <Data Name="FileVersion">10.0.22621.1</Data>
    <Data Name="Description">COM Surrogate</Data>
    <Data Name="Product">Microsoft Windows Operating System</Data>
    <Data Name="Company">Microsoft Corporation</Data>
    <Data Name="OriginalFileName">dllhost.exe</Data>
    <Data Name="CommandLine">dllhost.exe /Processid:{AB8902B4-09CA-4BB6-B78D-A8F59079A8D5}</Data>
    <Data Name="CurrentDirectory">C:\Windows\System32\</Data>
    <Data Name="User">NT AUTHORITY\SYSTEM</Data>
    <Data Name="LogonGuid">{bca4f578-11bd-4986-a043-b3c59698a3e0}</Data>
    <Data Name="LogonId">0x3e7</Data>
    <Data Name="TerminalSessionId">0</Data>
    <Data Name="IntegrityLevel">System</Data>
    <Data Name="Hashes">SHA1=B50E716E3959BD7D9EFCF885BBAF84F837EFDAD2,MD5=5E659C310A9E39CB882747D6F904A7AB,SHA256=6DA7E097C9C5FA197672678842CCA84B053B93571838CBBD620386EF3F6878F4,IMPHASH=7A9666B001C1F3337ACF7F3BEFF4373E</Data>
    <Data Name="ParentProcessGuid">{db89d853-0c48-663e-a602-0010990cc367}</Data>
    <Data Name="ParentProcessId">3156</Data>
    <Data Name="ParentImage">C:\Windows\System32\svchost.exe</Data>
    <Data Name="ParentCommandLine">svchost.exe -k DcomLaunch</Data>
    
  </EventData>
</Event>
<Event xmlns="http://schemas.microsoft.com/win/2004/08/events/event">
  <System>
    <Provider Name="Microsoft-Windows-Sysmon" Guid="{5770385f-c22a-43e0-bf4c-06f5698ffbd9}"/>
    <EventID>13</EventID>
    <Version>2</Version>
    <Level>4</Level>
    <Task>13</Task>
    <Opcode>0</Opcode>
    <Keywords>0x8000000000000000</Keywords>
    <TimeCreated SystemTime="2024-05-14T16:52:03.1349497Z"/>
    <EventRecordID>671582</EventRecordID>
    <Correlation/>
    <Execution ProcessID="2060" ThreadID="2296"/>
    <Channel>Microsoft-Windows-Sysmon/Operational</Channel>
    <Computer>WS-LMORRIS-01.northstar-branch.local</Computer>
    <Security UserID="S-1-5-18"/>
  </System>
  <EventData>
    
    <Data Name="RuleName">-</Data>
    <Data Name="EventType">SetValue</Data>
    <Data Name="UtcTime">2024-05-14 16:52:03.134</Data>
    <Data Name="ProcessGuid">{db89d853-0c46-663e-6a00-00101fdee78d}</Data>
    <Data Name="ProcessId">3136</Data>
    <Data Name="Image">C:\Windows\System32\services.exe</Data>
    <Data Name="User">NT AUTHORITY\SYSTEM</Data>
    <Data Name="TargetObject">HKLM\SYSTEM\CurrentControlSet\Services\SharedAccess\Parameters\FirewallPolicy\StandardProfile\EnableFirewall</Data>
    <Data Name="Details">DWORD (0x00000001)</Data>
    
  </EventData>
</Event>
<Event xmlns="http://schemas.microsoft.com/win/2004/08/events/event">
  <System>
    <Provider Name="Microsoft-Windows-Sysmon" Guid="{5770385f-c22a-43e0-bf4c-06f5698ffbd9}"/>
    <EventID>5</EventID>
    <Version>3</Version>
    <Level>4</Level>
    <Task>5</Task>
    <Opcode>0</Opcode>
    <Keywords>0x8000000000000000</Keywords>
    <TimeCreated SystemTime="2024-05-14T16:52:29.4509057Z"/>
    <EventRecordID>671595</EventRecordID>
    <Correlation/>
    <Execution ProcessID="2060" ThreadID="4940"/>
    <Channel>Microsoft-Windows-Sysmon/Operational</Channel>
    <Computer>WS-LMORRIS-01.northstar-branch.local</Computer>
    <Security UserID="S-1-5-18"/>
  </System>
  <EventData>
    
    <Data Name="RuleName">-</Data>
    <Data Name="UtcTime">2024-05-14 16:52:29.450</Data>
    <Data Name="ProcessGuid">{db89d853-96ae-6643-9e02-000066e1a4af}</Data>
    <Data Name="ProcessId">6312</Data>
    <Data Name="Image">C:\Windows\System32\dllhost.exe</Data>
    <Data Name="User">NT AUTHORITY\SYSTEM</Data>
    
  </EventData>
</Event>
<Event xmlns="http://schemas.microsoft.com/win/2004/08/events/event">
  <System>
    <Provider Name="Microsoft-Windows-Sysmon" Guid="{5770385f-c22a-43e0-bf4c-06f5698ffbd9}"/>
    <EventID>5</EventID>
    <Version>3</Version>
    <Level>4</Level>
    <Task>5</Task>
    <Opcode>0</Opcode>
    <Keywords>0x8000000000000000</Keywords>
    <TimeCreated SystemTime="2024-05-14T16:53:27.5362511Z"/>
    <EventRecordID>671596</EventRecordID>
    <Correlation/>
    <Execution ProcessID="2060" ThreadID="2296"/>
    <Channel>Microsoft-Windows-Sysmon/Operational</Channel>
    <Computer>WS-LMORRIS-01.northstar-branch.local</Computer>
    <Security UserID="S-1-5-18"/>
  </System>
  <EventData>
    
    <Data Name="RuleName">-</Data>
    <Data Name="UtcTime">2024-05-14 16:53:27.536</Data>
    <Data Name="ProcessGuid">{db89d853-6edc-6643-a802-001067b75048}</Data>
    <Data Name="ProcessId">5004</Data>
    <Data Name="Image">C:\Users\lena.morris\AppData\Local\slack\Slack.exe</Data>
    <Data Name="User">NORTHSTAR-BRANCH\lena.morris</Data>
    
  </EventData>
</Event>
<Event xmlns="http://schemas.microsoft.com/win/2004/08/events/event">
  <System>
    <Provider Name="Microsoft-Windows-Sysmon" Guid="{5770385f-c22a-43e0-bf4c-06f5698ffbd9}"/>
    <EventID>3</EventID>
    <Version>5</Version>
    <Level>4</Level>
    <Task>3</Task>
    <Opcode>0</Opcode>
    <Keywords>0x8000000000000000</Keywords>
    <TimeCreated SystemTime="2024-05-14T16:55:36.2132096Z"/>
    <EventRecordID>671598</EventRecordID>
    <Correlation/>
    <Execution ProcessID="2060" ThreadID="4940"/>
    <Channel>Microsoft-Windows-Sysmon/Operational</Channel>
    <Computer>WS-LMORRIS-01.northstar-branch.local</Computer>
    <Security UserID="S-1-5-18"/>
  </System>
  <EventData>
    
    <Data Name="RuleName">-</Data>
    <Data Name="UtcTime">2024-05-14 16:55:36.213</Data>
    <Data Name="ProcessGuid">{db89d853-0c47-663e-cc00-0010fbf99eed}</Data>
    <Data Name="ProcessId">3152</Data>
    <Data Name="Image">C:\Windows\System32\lsass.exe</Data>
    <Data Name="User">NT AUTHORITY\SYSTEM</Data>
    <Data Name="Protocol">udp</Data>
    <Data Name="Initiated">true</Data>
    <Data Name="SourceIsIpv6">false</Data>
    <Data Name="SourceIp">10.44.10.23</Data>
    <Data Name="SourceHostname">WS-LMORRIS-01.northstar-branch.local</Data>
    <Data Name="SourcePort">51798</Data>
    <Data Name="SourcePortName">-</Data>
    <Data Name="DestinationIsIpv6">false</Data>
    <Data Name="DestinationIp">10.44.20.10</Data>
    <Data Name="DestinationHostname">DC-BO-01.northstar-branch.local</Data>
    <Data Name="DestinationPort">88</Data>
    <Data Name="DestinationPortName">kerberos</Data>
    
  </EventData>
</Event>
<Event xmlns="http://schemas.microsoft.com/win/2004/08/events/event">
  <System>
    <Provider Name="Microsoft-Windows-Sysmon" Guid="{5770385f-c22a-43e0-bf4c-06f5698ffbd9}"/>
    <EventID>3</EventID>
    <Version>5</Version>
    <Level>4</Level>
    <Task>3</Task>
    <Opcode>0</Opcode>
    <Keywords>0x8000000000000000</Keywords>
    <TimeCreated SystemTime="2024-05-14T16:56:15.0928614Z"/>
    <EventRecordID>671599</EventRecordID>
    <Correlation/>
    <Execution ProcessID="2060" ThreadID="4252"/>
    <Channel>Microsoft-Windows-Sysmon/Operational</Channel>
    <Computer>WS-LMORRIS-01.northstar-branch.local</Computer>
    <Security UserID="S-1-5-18"/>
  </System>
  <EventData>
    
    <Data Name="RuleName">-</Data>
    <Data Name="UtcTime">2024-05-14 16:56:15.092</Data>
    <Data Name="ProcessGuid">{db89d853-0c47-663e-cc00-0010fbf99eed}</Data>
    <Data Name="ProcessId">3152</Data>
    <Data Name="Image">C:\Windows\System32\lsass.exe</Data>
    <Data Name="User">NT AUTHORITY\SYSTEM</Data>
    <Data Name="Protocol">tcp</Data>
    <Data Name="Initiated">true</Data>
    <Data Name="SourceIsIpv6">false</Data>
    <Data Name="SourceIp">10.44.10.23</Data>
    <Data Name="SourceHostname">WS-LMORRIS-01.northstar-branch.local</Data>
    <Data Name="SourcePort">61783</Data>
    <Data Name="SourcePortName">-</Data>
    <Data Name="DestinationIsIpv6">false</Data>
    <Data Name="DestinationIp">10.44.20.10</Data>
    <Data Name="DestinationHostname">DC-BO-01.northstar-branch.local</Data>
    <Data Name="DestinationPort">88</Data>
    <Data Name="DestinationPortName">kerberos</Data>
    
  </EventData>
</Event>
<Event xmlns="http://schemas.microsoft.com/win/2004/08/events/event">
  <System>
    <Provider Name="Microsoft-Windows-Sysmon" Guid="{5770385f-c22a-43e0-bf4c-06f5698ffbd9}"/>
    <EventID>11</EventID>
    <Version>2</Version>
    <Level>4</Level>
    <Task>11</Task>
    <Opcode>0</Opcode>
    <Keywords>0x8000000000000000</Keywords>
    <TimeCreated SystemTime="2024-05-14T16:58:13.0401429Z"/>
    <EventRecordID>671609</EventRecordID>
    <Correlation/>
    <Execution ProcessID="2060" ThreadID="1488"/>
    <Channel>Microsoft-Windows-Sysmon/Operational</Channel>
    <Computer>WS-LMORRIS-01.northstar-branch.local</Computer>
    <Security UserID="S-1-5-18"/>
  </System>
  <EventData>
    
    <Data Name="RuleName">-</Data>
    <Data Name="UtcTime">2024-05-14 16:58:13.040</Data>
    <Data Name="ProcessGuid">{db89d853-0c54-663e-9400-001096ad4f71}</Data>
    <Data Name="ProcessId">3412</Data>
    <Data Name="Image">C:\Windows\System32\SearchIndexer.exe</Data>
    <Data Name="User">NT AUTHORITY\SYSTEM</Data>
    <Data Name="TargetFilename">C:\Windows\Temp\66469.tmp</Data>
    <Data Name="CreationUtcTime">2024-05-14 16:58:13.040</Data>
    
  </EventData>
</Event>
<Event xmlns="http://schemas.microsoft.com/win/2004/08/events/event">
  <System>
    <Provider Name="Microsoft-Windows-Sysmon" Guid="{5770385f-c22a-43e0-bf4c-06f5698ffbd9}"/>
    <EventID>22</EventID>
    <Version>5</Version>
    <Level>4</Level>
    <Task>22</Task>
    <Opcode>0</Opcode>
    <Keywords>0x8000000000000000</Keywords>
    <TimeCreated SystemTime="2024-05-14T16:58:48.9629499Z"/>
    <EventRecordID>671610</EventRecordID>
    <Correlation/>
    <Execution ProcessID="2060" ThreadID="1488"/>
    <Channel>Microsoft-Windows-Sysmon/Operational</Channel>
    <Computer>WS-LMORRIS-01.northstar-branch.local</Computer>
    <Security UserID="S-1-5-18"/>
  </System>
  <EventData>
    
    <Data Name="RuleName">-</Data>
    <Data Name="UtcTime">2024-05-14 16:58:48.962</Data>
    <Data Name="ProcessGuid">{db89d853-0c4d-663e-c700-00108f2df611}</Data>
    <Data Name="ProcessId">3248</Data>
    <Data Name="QueryName">FILE-BO-01.northstar-branch.local</Data>
    <Data Name="QueryStatus">0</Data>
    <Data Name="QueryResults">10.44.20.20;</Data>
    <Data Name="Image">C:\Windows\System32\svchost.exe</Data>
    <Data Name="User">NT AUTHORITY\LOCAL SERVICE</Data>
    
  </EventData>
</Event>
<Event xmlns="http://schemas.microsoft.com/win/2004/08/events/event">
  <System>
    <Provider Name="Microsoft-Windows-Sysmon" Guid="{5770385f-c22a-43e0-bf4c-06f5698ffbd9}"/>
    <EventID>22</EventID>
    <Version>5</Version>
    <Level>4</Level>
    <Task>22</Task>
    <Opcode>0</Opcode>
    <Keywords>0x8000000000000000</Keywords>
    <TimeCreated SystemTime="2024-05-14T16:58:49.1274405Z"/>
    <EventRecordID>671611</EventRecordID>
    <Correlation/>
    <Execution ProcessID="2060" ThreadID="1488"/>
    <Channel>Microsoft-Windows-Sysmon/Operational</Channel>
    <Computer>WS-LMORRIS-01.northstar-branch.local</Computer>
    <Security UserID="S-1-5-18"/>
  </System>
  <EventData>
    
    <Data Name="RuleName">-</Data>
    <Data Name="UtcTime">2024-05-14 16:58:49.127</Data>
    <Data Name="ProcessGuid">{db89d853-0c4d-663e-c700-00108f2df611}</Data>
    <Data Name="ProcessId">3248</Data>
    <Data Name="QueryName">northstar-branch.local</Data>
    <Data Name="QueryStatus">0</Data>
    <Data Name="QueryResults">ns1.northstar-branch.local;ns2.northstar-branch.local;</Data>
    <Data Name="Image">C:\Windows\System32\svchost.exe</Data>
    <Data Name="User">NT AUTHORITY\LOCAL SERVICE</Data>
    
  </EventData>
</Event>
<Event xmlns="http://schemas.microsoft.com/win/2004/08/events/event">
  <System>
    <Provider Name="Microsoft-Windows-Sysmon" Guid="{5770385f-c22a-43e0-bf4c-06f5698ffbd9}"/>
    <EventID>1</EventID>
    <Version>5</Version>
    <Level>4</Level>
    <Task>1</Task>
    <Opcode>0</Opcode>
    <Keywords>0x8000000000000000</Keywords>
    <TimeCreated SystemTime="2024-05-14T17:01:22.8140659Z"/>
    <EventRecordID>671613</EventRecordID>
    <Correlation/>
    <Execution ProcessID="2060" ThreadID="2296"/>
    <Channel>Microsoft-Windows-Sysmon/Operational</Channel>
    <Computer>WS-LMORRIS-01.northstar-branch.local</Computer>
    <Security UserID="S-1-5-18"/>
  </System>
  <EventData>
    
    <Data Name="RuleName">-</Data>
    <Data Name="UtcTime">2024-05-14 17:01:22.814</Data>
    <Data Name="ProcessGuid">{db89d853-98e2-6643-de00-0000f8bad769}</Data>
    <Data Name="ProcessId">6596</Data>
    <Data Name="Image">C:\Windows\System32\gpupdate.exe</Data>
    <Data Name="FileVersion">10.0.22621.1</Data>
    <Data Name="Description">Microsoft Group Policy Update Utility</Data>
    <Data Name="Product">Microsoft Windows</Data>
    <Data Name="Company">Microsoft Corporation</Data>
    <Data Name="OriginalFileName">GPUpdate.exe</Data>
    <Data Name="CommandLine">gpupdate.exe /target:computer /force</Data>
    <Data Name="CurrentDirectory">C:\Windows\System32\</Data>
    <Data Name="User">NT AUTHORITY\SYSTEM</Data>
    <Data Name="LogonGuid">{bca4f578-11bd-4986-a043-b3c59698a3e0}</Data>
    <Data Name="LogonId">0x3e7</Data>
    <Data Name="TerminalSessionId">0</Data>
    <Data Name="IntegrityLevel">System</Data>
    <Data Name="Hashes">SHA1=32CFBB56DC8CC2863ED56E3E7BACCEA0B5002BD4,MD5=05E23A0CD9F0DE360AF39F2DF0C41762,SHA256=D605CF53B446BBF17DB355600E1BE97DDC8161D4FA42E1B7EB3F783C1362153F,IMPHASH=29FC0238333C0ACBB4F163B61A8B5895</Data>
    <Data Name="ParentProcessGuid">{db89d853-0c4a-663e-f402-0000a948597b}</Data>
    <Data Name="ParentProcessId">3200</Data>
    <Data Name="ParentImage">C:\Windows\System32\svchost.exe</Data>
    <Data Name="ParentCommandLine">svchost.exe -k netsvcs</Data>
    
  </EventData>
</Event>
<Event xmlns="http://schemas.microsoft.com/win/2004/08/events/event">
  <System>
    <Provider Name="Microsoft-Windows-Sysmon" Guid="{5770385f-c22a-43e0-bf4c-06f5698ffbd9}"/>
    <EventID>5</EventID>
    <Version>3</Version>
    <Level>4</Level>
    <Task>5</Task>
    <Opcode>0</Opcode>
    <Keywords>0x8000000000000000</Keywords>
    <TimeCreated SystemTime="2024-05-14T17:01:25.9121945Z"/>
    <EventRecordID>671679</EventRecordID>
    <Correlation/>
    <Execution ProcessID="2060" ThreadID="1488"/>
    <Channel>Microsoft-Windows-Sysmon/Operational</Channel>
    <Computer>WS-LMORRIS-01.northstar-branch.local</Computer>
    <Security UserID="S-1-5-18"/>
  </System>
  <EventData>
    
    <Data Name="RuleName">-</Data>
    <Data Name="UtcTime">2024-05-14 17:01:25.912</Data>
    <Data Name="ProcessGuid">{db89d853-98e2-6643-de00-0000f8bad769}</Data>
    <Data Name="ProcessId">6596</Data>
    <Data Name="Image">C:\Windows\System32\gpupdate.exe</Data>
    <Data Name="User">NT AUTHORITY\SYSTEM</Data>
    
  </EventData>
</Event>
