<Event xmlns="http://schemas.microsoft.com/win/2004/08/events/event">
  <System>
    <Provider Name="Microsoft-Windows-Sysmon" Guid="{5770385f-c22a-43e0-bf4c-06f5698ffbd9}"/>
    <EventID>5</EventID>
    <Version>3</Version>
    <Level>4</Level>
    <Task>5</Task>
    <Opcode>0</Opcode>
    <Keywords>0x8000000000000000</Keywords>
    <TimeCreated SystemTime="2024-05-14T14:20:16.7455289Z"/>
    <EventRecordID>663405</EventRecordID>
    <Correlation/>
    <Execution ProcessID="2060" ThreadID="3548"/>
    <Channel>Microsoft-Windows-Sysmon/Operational</Channel>
    <Computer>WS-LMORRIS-01.northstar-branch.local</Computer>
    <Security UserID="S-1-5-18"/>
  </System>
  <EventData>
    
    <Data Name="RuleName">-</Data>
    <Data Name="UtcTime">2024-05-14 14:20:16.745</Data>
    <Data Name="ProcessGuid">{db89d853-72c7-6643-2802-0010bf7f140b}</Data>
    <Data Name="ProcessId">5164</Data>
    <Data Name="Image">C:\Program Files (x86)\Common Files\Adobe\ARM\1.0\AdobeARMservice.exe</Data>
    <Data Name="User">NT AUTHORITY\SYSTEM</Data>
    
  </EventData>
</Event>
<Event xmlns="http://schemas.microsoft.com/win/2004/08/events/event">
  <System>
    <Provider Name="Microsoft-Windows-Sysmon" Guid="{5770385f-c22a-43e0-bf4c-06f5698ffbd9}"/>
    <EventID>3</EventID>
    <Version>5</Version>
    <Level>4</Level>
    <Task>3</Task>
    <Opcode>0</Opcode>
    <Keywords>0x8000000000000000</Keywords>
    <TimeCreated SystemTime="2024-05-14T14:20:56.5394260Z"/>
    <EventRecordID>663432</EventRecordID>
    <Correlation/>
    <Execution ProcessID="2060" ThreadID="1488"/>
    <Channel>Microsoft-Windows-Sysmon/Operational</Channel>
    <Computer>WS-LMORRIS-01.northstar-branch.local</Computer>
    <Security UserID="S-1-5-18"/>
  </System>
  <EventData>
    
    <Data Name="RuleName">-</Data>
    <Data Name="UtcTime">2024-05-14 14:20:56.539</Data>
    <Data Name="ProcessGuid">{db89d853-0c47-663e-cc00-0010fbf99eed}</Data>
    <Data Name="ProcessId">3152</Data>
    <Data Name="Image">C:\Windows\System32\lsass.exe</Data>
    <Data Name="User">NT AUTHORITY\SYSTEM</Data>
    <Data Name="Protocol">udp</Data>
    <Data Name="Initiated">true</Data>
    <Data Name="SourceIsIpv6">false</Data>
    <Data Name="SourceIp">10.44.10.23</Data>
    <Data Name="SourceHostname">WS-LMORRIS-01.northstar-branch.local</Data>
    <Data Name="SourcePort">61410</Data>
    <Data Name="SourcePortName">-</Data>
    <Data Name="DestinationIsIpv6">false</Data>
    <Data Name="DestinationIp">10.44.20.10</Data>
    <Data Name="DestinationHostname">DC-BO-01.northstar-branch.local</Data>
    <Data Name="DestinationPort">88</Data>
    <Data Name="DestinationPortName">kerberos</Data>
    
  </EventData>
</Event>
<Event xmlns="http://schemas.microsoft.com/win/2004/08/events/event">
  <System>
    <Provider Name="Microsoft-Windows-Sysmon" Guid="{5770385f-c22a-43e0-bf4c-06f5698ffbd9}"/>
    <EventID>22</EventID>
    <Version>5</Version>
    <Level>4</Level>
    <Task>22</Task>
    <Opcode>0</Opcode>
    <Keywords>0x8000000000000000</Keywords>
    <TimeCreated SystemTime="2024-05-14T14:23:21.5255676Z"/>
    <EventRecordID>663434</EventRecordID>
    <Correlation/>
    <Execution ProcessID="2060" ThreadID="1488"/>
    <Channel>Microsoft-Windows-Sysmon/Operational</Channel>
    <Computer>WS-LMORRIS-01.northstar-branch.local</Computer>
    <Security UserID="S-1-5-18"/>
  </System>
  <EventData>
    
    <Data Name="RuleName">-</Data>
    <Data Name="UtcTime">2024-05-14 14:23:21.525</Data>
    <Data Name="ProcessGuid">{db89d853-0c4d-663e-c700-00108f2df611}</Data>
    <Data Name="ProcessId">3248</Data>
    <Data Name="QueryName">DC-BO-01.northstar-branch.local</Data>
    <Data Name="QueryStatus">0</Data>
    <Data Name="QueryResults">10.44.20.10;</Data>
    <Data Name="Image">C:\Windows\System32\svchost.exe</Data>
    <Data Name="User">NT AUTHORITY\LOCAL SERVICE</Data>
    
  </EventData>
</Event>
<Event xmlns="http://schemas.microsoft.com/win/2004/08/events/event">
  <System>
    <Provider Name="Microsoft-Windows-Sysmon" Guid="{5770385f-c22a-43e0-bf4c-06f5698ffbd9}"/>
    <EventID>10</EventID>
    <Version>3</Version>
    <Level>4</Level>
    <Task>10</Task>
    <Opcode>0</Opcode>
    <Keywords>0x8000000000000000</Keywords>
    <TimeCreated SystemTime="2024-05-14T14:23:35.7777027Z"/>
    <EventRecordID>663435</EventRecordID>
    <Correlation/>
    <Execution ProcessID="2060" ThreadID="1488"/>
    <Channel>Microsoft-Windows-Sysmon/Operational</Channel>
    <Computer>WS-LMORRIS-01.northstar-branch.local</Computer>
    <Security UserID="S-1-5-18"/>
  </System>
  <EventData>
    
    <Data Name="RuleName">-</Data>
    <Data Name="UtcTime">2024-05-14 14:23:35.777</Data>
    <Data Name="SourceProcessGUID">{db89d853-0c45-663e-c700-00004ad00e0c}</Data>
    <Data Name="SourceProcessId">3112</Data>
    <Data Name="SourceImage">C:\Windows\System32\csrss.exe</Data>
    <Data Name="SourceThreadId">9808</Data>
    <Data Name="SourceUser">NT AUTHORITY\SYSTEM</Data>
    <Data Name="TargetProcessGUID">{db89d853-0c49-663e-9a00-00102eebc277}</Data>
    <Data Name="TargetProcessId">3176</Data>
    <Data Name="TargetImage">C:\Windows\System32\svchost.exe</Data>
    <Data Name="TargetUser">NT AUTHORITY\SYSTEM</Data>
    <Data Name="GrantedAccess">0x1400</Data>
    <Data Name="CallTrace">C:\Windows\SYSTEM32\ntdll.dll+9E03C|C:\Windows\SYSTEM32\RPCRT4.dll+7CCC5|C:\Windows\SYSTEM32\KERNELBASE.dll+2C8A1</Data>
    
  </EventData>
</Event>
<Event xmlns="http://schemas.microsoft.com/win/2004/08/events/event">
  <System>
    <Provider Name="Microsoft-Windows-Sysmon" Guid="{5770385f-c22a-43e0-bf4c-06f5698ffbd9}"/>
    <EventID>13</EventID>
    <Version>2</Version>
    <Level>4</Level>
    <Task>13</Task>
    <Opcode>0</Opcode>
    <Keywords>0x8000000000000000</Keywords>
    <TimeCreated SystemTime="2024-05-14T14:23:55.9018878Z"/>
    <EventRecordID>663474</EventRecordID>
    <Correlation/>
    <Execution ProcessID="2060" ThreadID="4252"/>
    <Channel>Microsoft-Windows-Sysmon/Operational</Channel>
    <Computer>WS-LMORRIS-01.northstar-branch.local</Computer>
    <Security UserID="S-1-5-18"/>
  </System>
  <EventData>
    
    <Data Name="RuleName">-</Data>
    <Data Name="EventType">SetValue</Data>
    <Data Name="UtcTime">2024-05-14 14:23:55.901</Data>
    <Data Name="ProcessGuid">{db89d853-0c64-663e-9300-0000caffdbc3}</Data>
    <Data Name="ProcessId">3576</Data>
    <Data Name="Image">C:\Windows\System32\RuntimeBroker.exe</Data>
    <Data Name="User">NORTHSTAR-BRANCH\lena.morris</Data>
    <Data Name="TargetObject">HKU\S-1-5-21-3882363548-2838386070-1334550370-1003\Software\Microsoft\Windows\CurrentVersion\Explorer\UserAssist\{CEBFF5CD-ACE2-4F4F-9178-9926F41749EA}\Count\HRZR_EHACNGU:P:\Jvaqbjf\Flfgrz32\zfgfp.rkr</Data>
    <Data Name="Details">1A 27 B5 03 BC 21 24 11 87 DF 4F 07 99 B6 DC FC DB 5D C7 CE E9 9F 2F 9E EC 27 4F 88 87 8B FA 7F</Data>
    
  </EventData>
</Event>
<Event xmlns="http://schemas.microsoft.com/win/2004/08/events/event">
  <System>
    <Provider Name="Microsoft-Windows-Sysmon" Guid="{5770385f-c22a-43e0-bf4c-06f5698ffbd9}"/>
    <EventID>1</EventID>
    <Version>5</Version>
    <Level>4</Level>
    <Task>1</Task>
    <Opcode>0</Opcode>
    <Keywords>0x8000000000000000</Keywords>
    <TimeCreated SystemTime="2024-05-14T14:25:40.0735166Z"/>
    <EventRecordID>663475</EventRecordID>
    <Correlation/>
    <Execution ProcessID="2060" ThreadID="4940"/>
    <Channel>Microsoft-Windows-Sysmon/Operational</Channel>
    <Computer>WS-LMORRIS-01.northstar-branch.local</Computer>
    <Security UserID="S-1-5-18"/>
  </System>
  <EventData>
    
    <Data Name="RuleName">-</Data>
    <Data Name="UtcTime">2024-05-14 14:25:40.073</Data>
    <Data Name="ProcessGuid">{db89d853-7464-6643-cb02-0000a0358580}</Data>
    <Data Name="ProcessId">5052</Data>
    <Data Name="Image">C:\Windows\System32\WindowsPowerShell\v1.0\powershell.exe</Data>
    <Data Name="FileVersion">10.0.22621.1</Data>
    <Data Name="Description">Windows PowerShell</Data>
    <Data Name="Product">Microsoft Windows Operating System</Data>
    <Data Name="Company">Microsoft Corporation</Data>
    <Data Name="OriginalFileName">PowerShell.EXE</Data>
    <Data Name="CommandLine">powershell.exe -ExecutionPolicy Bypass -File C:\Admin\update-inventory.ps1</Data>
    <Data Name="CurrentDirectory">c:\windows\</Data>
    <Data Name="User">NORTHSTAR-BRANCH\lena.morris</Data>
    <Data Name="LogonGuid">{00000000-0000-0000-0000-000000000000}</Data>
    <Data Name="LogonId">0x330cad7</Data>
    <Data Name="TerminalSessionId">4</Data>
    <Data Name="IntegrityLevel">Medium</Data>
    <Data Name="Hashes">SHA1=74807298BB026542B177B40CEC0B2D64D5238D09,MD5=EEACC5305C17D7F9E330B33280A27AC5,SHA256=8A59DE82B9F4AD767B08A19B8F47E045B6E82C53F55A422FE0CE860BA3A9470A,IMPHASH=9E37895148BCA2306FCE4BCB0E51C310</Data>
    <Data Name="ParentProcessGuid">{db89d853-6e97-6643-4202-0000676cfd87}</Data>
    <Data Name="ParentProcessId">4952</Data>
    <Data Name="ParentImage">C:\Windows\explorer.exe</Data>
    <Data Name="ParentCommandLine">explorer.exe</Data>
    
  </EventData>
</Event>
<Event xmlns="http://schemas.microsoft.com/win/2004/08/events/event">
  <System>
    <Provider Name="Microsoft-Windows-Sysmon" Guid="{5770385f-c22a-43e0-bf4c-06f5698ffbd9}"/>
    <EventID>11</EventID>
    <Version>2</Version>
    <Level>4</Level>
    <Task>11</Task>
    <Opcode>0</Opcode>
    <Keywords>0x8000000000000000</Keywords>
    <TimeCreated SystemTime="2024-05-14T14:25:40.0745592Z"/>
    <EventRecordID>663476</EventRecordID>
    <Correlation/>
    <Execution ProcessID="2060" ThreadID="4940"/>
    <Channel>Microsoft-Windows-Sysmon/Operational</Channel>
    <Computer>WS-LMORRIS-01.northstar-branch.local</Computer>
    <Security UserID="S-1-5-18"/>
  </System>
  <EventData>
    
    <Data Name="RuleName">-</Data>
    <Data Name="UtcTime">2024-05-14 14:25:40.074</Data>
    <Data Name="ProcessGuid">{db89d853-7464-6643-cb02-0000a0358580}</Data>
    <Data Name="ProcessId">5052</Data>
    <Data Name="Image">C:\Windows\System32\WindowsPowerShell\v1.0\powershell.exe</Data>
    <Data Name="User">NORTHSTAR-BRANCH\lena.morris</Data>
    <Data Name="TargetFilename">C:\Users\lena.morris\AppData\Local\Temp\tmp84670.tmp</Data>
    <Data Name="CreationUtcTime">2024-05-14 14:25:40.074</Data>
    
  </EventData>
</Event>
<Event xmlns="http://schemas.microsoft.com/win/2004/08/events/event">
  <System>
    <Provider Name="Microsoft-Windows-Sysmon" Guid="{5770385f-c22a-43e0-bf4c-06f5698ffbd9}"/>
    <EventID>22</EventID>
    <Version>5</Version>
    <Level>4</Level>
    <Task>22</Task>
    <Opcode>0</Opcode>
    <Keywords>0x8000000000000000</Keywords>
    <TimeCreated SystemTime="2024-05-14T14:26:01.2021184Z"/>
    <EventRecordID>663477</EventRecordID>
    <Correlation/>
    <Execution ProcessID="2060" ThreadID="1488"/>
    <Channel>Microsoft-Windows-Sysmon/Operational</Channel>
    <Computer>WS-LMORRIS-01.northstar-branch.local</Computer>
    <Security UserID="S-1-5-18"/>
  </System>
  <EventData>
    
    <Data Name="RuleName">-</Data>
    <Data Name="UtcTime">2024-05-14 14:26:01.202</Data>
    <Data Name="ProcessGuid">{db89d853-0c4d-663e-c700-00108f2df611}</Data>
    <Data Name="ProcessId">3248</Data>
    <Data Name="QueryName">_ldap._tcp.dc._msdcs.northstar-branch.local</Data>
    <Data Name="QueryStatus">0</Data>
    <Data Name="QueryResults">0 100 389 DC-BO-01.northstar-branch.local;</Data>
    <Data Name="Image">C:\Windows\System32\svchost.exe</Data>
    <Data Name="User">NT AUTHORITY\LOCAL SERVICE</Data>
    
  </EventData>
</Event>
<Event xmlns="http://schemas.microsoft.com/win/2004/08/events/event">
  <System>
    <Provider Name="Microsoft-Windows-Sysmon" Guid="{5770385f-c22a-43e0-bf4c-06f5698ffbd9}"/>
    <EventID>5</EventID>
    <Version>3</Version>
    <Level>4</Level>
    <Task>5</Task>
    <Opcode>0</Opcode>
    <Keywords>0x8000000000000000</Keywords>
    <TimeCreated SystemTime="2024-05-14T14:26:01.6221362Z"/>
    <EventRecordID>663580</EventRecordID>
    <Correlation/>
    <Execution ProcessID="2060" ThreadID="4940"/>
    <Channel>Microsoft-Windows-Sysmon/Operational</Channel>
    <Computer>WS-LMORRIS-01.northstar-branch.local</Computer>
    <Security UserID="S-1-5-18"/>
  </System>
  <EventData>
    
    <Data Name="RuleName">-</Data>
    <Data Name="UtcTime">2024-05-14 14:26:01.622</Data>
    <Data Name="ProcessGuid">{db89d853-7464-6643-cb02-0000a0358580}</Data>
    <Data Name="ProcessId">5052</Data>
    <Data Name="Image">C:\Windows\System32\WindowsPowerShell\v1.0\powershell.exe</Data>
    <Data Name="User">NORTHSTAR-BRANCH\lena.morris</Data>
    
  </EventData>
</Event>
<Event xmlns="http://schemas.microsoft.com/win/2004/08/events/event">
  <System>
    <Provider Name="Microsoft-Windows-Sysmon" Guid="{5770385f-c22a-43e0-bf4c-06f5698ffbd9}"/>
    <EventID>22</EventID>
    <Version>5</Version>
    <Level>4</Level>
    <Task>22</Task>
    <Opcode>0</Opcode>
    <Keywords>0x8000000000000000</Keywords>
    <TimeCreated SystemTime="2024-05-14T14:26:02.0755157Z"/>
    <EventRecordID>663581</EventRecordID>
    <Correlation/>
    <Execution ProcessID="2060" ThreadID="1488"/>
    <Channel>Microsoft-Windows-Sysmon/Operational</Channel>
    <Computer>WS-LMORRIS-01.northstar-branch.local</Computer>
    <Security UserID="S-1-5-18"/>
  </System>
  <EventData>
    
    <Data Name="RuleName">-</Data>
    <Data Name="UtcTime">2024-05-14 14:26:02.075</Data>
    <Data Name="ProcessGuid">{db89d853-0c4d-663e-c700-00108f2df611}</Data>
    <Data Name="ProcessId">3248</Data>
    <Data Name="QueryName">_kerberos._tcp.northstar-branch.local</Data>
    <Data Name="QueryStatus">0</Data>
    <Data Name="QueryResults">0 100 88 DC-BO-01.northstar-branch.local;</Data>
    <Data Name="Image">C:\Windows\System32\svchost.exe</Data>
    <Data Name="User">NT AUTHORITY\LOCAL SERVICE</Data>
    
  </EventData>
</Event>
<Event xmlns="http://schemas.microsoft.com/win/2004/08/events/event">
  <System>
    <Provider Name="Microsoft-Windows-Sysmon" Guid="{5770385f-c22a-43e0-bf4c-06f5698ffbd9}"/>
    <EventID>22</EventID>
    <Version>5</Version>
    <Level>4</Level>
    <Task>22</Task>
    <Opcode>0</Opcode>
    <Keywords>0x8000000000000000</Keywords>
    <TimeCreated SystemTime="2024-05-14T14:26:03.5358604Z"/>
    <EventRecordID>663582</EventRecordID>
    <Correlation/>
    <Execution ProcessID="2060" ThreadID="1488"/>
    <Channel>Microsoft-Windows-Sysmon/Operational</Channel>
    <Computer>WS-LMORRIS-01.northstar-branch.local</Computer>
    <Security UserID="S-1-5-18"/>
  </System>
  <EventData>
    
    <Data Name="RuleName">-</Data>
    <Data Name="UtcTime">2024-05-14 14:26:03.535</Data>
    <Data Name="ProcessGuid">{db89d853-0c4d-663e-c700-00108f2df611}</Data>
    <Data Name="ProcessId">3248</Data>
    <Data Name="QueryName">DB-SRV-01.northstar-branch.local</Data>
    <Data Name="QueryStatus">0</Data>
    <Data Name="QueryResults">fd00:2c14:0095::1;</Data>
    <Data Name="Image">C:\Windows\System32\svchost.exe</Data>
    <Data Name="User">NT AUTHORITY\LOCAL SERVICE</Data>
    
  </EventData>
</Event>
<Event xmlns="http://schemas.microsoft.com/win/2004/08/events/event">
  <System>
    <Provider Name="Microsoft-Windows-Sysmon" Guid="{5770385f-c22a-43e0-bf4c-06f5698ffbd9}"/>
    <EventID>3</EventID>
    <Version>5</Version>
    <Level>4</Level>
    <Task>3</Task>
    <Opcode>0</Opcode>
    <Keywords>0x8000000000000000</Keywords>
    <TimeCreated SystemTime="2024-05-14T14:26:04.1482035Z"/>
    <EventRecordID>663619</EventRecordID>
    <Correlation/>
    <Execution ProcessID="2060" ThreadID="2296"/>
    <Channel>Microsoft-Windows-Sysmon/Operational</Channel>
    <Computer>WS-LMORRIS-01.northstar-branch.local</Computer>
    <Security UserID="S-1-5-18"/>
  </System>
  <EventData>
    
    <Data Name="RuleName">-</Data>
    <Data Name="UtcTime">2024-05-14 14:26:04.148</Data>
    <Data Name="ProcessGuid">{db89d853-0c4d-663e-c700-00108f2df611}</Data>
    <Data Name="ProcessId">3248</Data>
    <Data Name="Image">C:\Windows\System32\svchost.exe</Data>
    <Data Name="User">NT AUTHORITY\LOCAL SERVICE</Data>
    <Data Name="Protocol">udp</Data>
    <Data Name="Initiated">true</Data>
    <Data Name="SourceIsIpv6">false</Data>
    <Data Name="SourceIp">10.44.10.23</Data>
    <Data Name="SourceHostname">WS-LMORRIS-01.northstar-branch.local</Data>
    <Data Name="SourcePort">63391</Data>
    <Data Name="SourcePortName">-</Data>
    <Data Name="DestinationIsIpv6">false</Data>
    <Data Name="DestinationIp">10.44.20.10</Data>
    <Data Name="DestinationHostname">DC-BO-01.northstar-branch.local</Data>
    <Data Name="DestinationPort">53</Data>
    <Data Name="DestinationPortName">domain</Data>
    
  </EventData>
</Event>
<Event xmlns="http://schemas.microsoft.com/win/2004/08/events/event">
  <System>
    <Provider Name="Microsoft-Windows-Sysmon" Guid="{5770385f-c22a-43e0-bf4c-06f5698ffbd9}"/>
    <EventID>22</EventID>
    <Version>5</Version>
    <Level>4</Level>
    <Task>22</Task>
    <Opcode>0</Opcode>
    <Keywords>0x8000000000000000</Keywords>
    <TimeCreated SystemTime="2024-05-14T14:26:04.2693957Z"/>
    <EventRecordID>663772</EventRecordID>
    <Correlation/>
    <Execution ProcessID="2060" ThreadID="2296"/>
    <Channel>Microsoft-Windows-Sysmon/Operational</Channel>
    <Computer>WS-LMORRIS-01.northstar-branch.local</Computer>
    <Security UserID="S-1-5-18"/>
  </System>
  <EventData>
    
    <Data Name="RuleName">-</Data>
    <Data Name="UtcTime">2024-05-14 14:26:04.269</Data>
    <Data Name="ProcessGuid">{db89d853-0c4d-663e-c700-00108f2df611}</Data>
    <Data Name="ProcessId">3248</Data>
    <Data Name="QueryName">DB-SRV-01.northstar-branch.local</Data>
    <Data Name="QueryStatus">0</Data>
    <Data Name="QueryResults">10.44.20.149;</Data>
    <Data Name="Image">C:\Windows\System32\svchost.exe</Data>
    <Data Name="User">NT AUTHORITY\LOCAL SERVICE</Data>
    
  </EventData>
</Event>
<Event xmlns="http://schemas.microsoft.com/win/2004/08/events/event">
  <System>
    <Provider Name="Microsoft-Windows-Sysmon" Guid="{5770385f-c22a-43e0-bf4c-06f5698ffbd9}"/>
    <EventID>1</EventID>
    <Version>5</Version>
    <Level>4</Level>
    <Task>1</Task>
    <Opcode>0</Opcode>
    <Keywords>0x8000000000000000</Keywords>
    <TimeCreated SystemTime="2024-05-14T14:26:04.3899828Z"/>
    <EventRecordID>663807</EventRecordID>
    <Correlation/>
    <Execution ProcessID="2060" ThreadID="4940"/>
    <Channel>Microsoft-Windows-Sysmon/Operational</Channel>
    <Computer>WS-LMORRIS-01.northstar-branch.local</Computer>
    <Security UserID="S-1-5-18"/>
  </System>
  <EventData>
    
    <Data Name="RuleName">-</Data>
    <Data Name="UtcTime">2024-05-14 14:26:04.389</Data>
    <Data Name="ProcessGuid">{db89d853-747c-6643-9c00-000061b21af9}</Data>
    <Data Name="ProcessId">5084</Data>
    <Data Name="Image">C:\Windows\System32\cmd.exe</Data>
    <Data Name="FileVersion">10.0.22621.1</Data>
    <Data Name="Description">Windows Command Processor</Data>
    <Data Name="Product">Microsoft Windows Operating System</Data>
    <Data Name="Company">Microsoft Corporation</Data>
    <Data Name="OriginalFileName">Cmd.Exe</Data>
    <Data Name="CommandLine">C:\Windows\System32\cmd.exe</Data>
    <Data Name="CurrentDirectory">C:\Windows\System32\</Data>
    <Data Name="User">NORTHSTAR-BRANCH\lena.morris</Data>
    <Data Name="LogonGuid">{00000000-0000-0000-0000-000000000000}</Data>
    <Data Name="LogonId">0x330cad7</Data>
    <Data Name="TerminalSessionId">4</Data>
    <Data Name="IntegrityLevel">Medium</Data>
    <Data Name="Hashes">SHA1=054D996851E7DC5256673590519B656F559B1E05,MD5=50B55BC5676CF337ED8A2D8592A544B9,SHA256=2EC9E4A79D29C286969E0DA59A9810D4C96B15551ED3FB8AA8C23A2A20E93C5A,IMPHASH=9EDE7E8A2FCA05174975F0540B6C1FA7</Data>
    <Data Name="ParentProcessGuid">{db89d853-6e97-6643-4202-0000676cfd87}</Data>
    <Data Name="ParentProcessId">4952</Data>
    <Data Name="ParentImage">C:\Windows\explorer.exe</Data>
    <Data Name="ParentCommandLine">explorer.exe</Data>
    
  </EventData>
</Event>
<Event xmlns="http://schemas.microsoft.com/win/2004/08/events/event">
  <System>
    <Provider Name="Microsoft-Windows-Sysmon" Guid="{5770385f-c22a-43e0-bf4c-06f5698ffbd9}"/>
    <EventID>1</EventID>
    <Version>5</Version>
    <Level>4</Level>
    <Task>1</Task>
    <Opcode>0</Opcode>
    <Keywords>0x8000000000000000</Keywords>
    <TimeCreated SystemTime="2024-05-14T14:26:05.0264714Z"/>
    <EventRecordID>663808</EventRecordID>
    <Correlation/>
    <Execution ProcessID="2060" ThreadID="1488"/>
    <Channel>Microsoft-Windows-Sysmon/Operational</Channel>
    <Computer>WS-LMORRIS-01.northstar-branch.local</Computer>
    <Security UserID="S-1-5-18"/>
  </System>
  <EventData>
    
    <Data Name="RuleName">-</Data>
    <Data Name="UtcTime">2024-05-14 14:26:05.026</Data>
    <Data Name="ProcessGuid">{db89d853-747d-6643-4102-0000bef764e8}</Data>
    <Data Name="ProcessId">5088</Data>
    <Data Name="Image">C:\Program Files\Microsoft SQL Server\Client SDK\ODBC\170\Tools\Binn\sqlcmd.exe</Data>
    <Data Name="FileVersion">15.0.4153.1</Data>
    <Data Name="Description">Microsoft SQL Server Command Line Tool</Data>
    <Data Name="Product">Microsoft SQL Server</Data>
    <Data Name="Company">Microsoft Corporation</Data>
    <Data Name="OriginalFileName">sqlcmd.exe</Data>
    <Data Name="CommandLine">sqlcmd.exe -S DB-SRV-01 -Q "SELECT name, recovery_model_desc FROM sys.databases"</Data>
    <Data Name="CurrentDirectory">C:\Program Files\Microsoft SQL Server\Client SDK\ODBC\170\Tools\Binn\</Data>
    <Data Name="User">NORTHSTAR-BRANCH\lena.morris</Data>
    <Data Name="LogonGuid">{00000000-0000-0000-0000-000000000000}</Data>
    <Data Name="LogonId">0x330cad7</Data>
    <Data Name="TerminalSessionId">4</Data>
    <Data Name="IntegrityLevel">Medium</Data>
    <Data Name="Hashes">SHA1=5D8154B9F2BCD1D42AB10551A4DFC0D752A23201,MD5=E9D6D4279AAE3792AA13D5DE71F1E5EA,SHA256=8F2A08B121562032FE4E450BF359398D2F438C5FC5B622571ED47B226EC409AD,IMPHASH=5B97BF2C3C98A13B59FDF36DF272FDDB</Data>
    <Data Name="ParentProcessGuid">{db89d853-747c-6643-9c00-000061b21af9}</Data>
    <Data Name="ParentProcessId">5084</Data>
    <Data Name="ParentImage">C:\Windows\System32\cmd.exe</Data>
    <Data Name="ParentCommandLine">C:\Windows\System32\cmd.exe</Data>
    
  </EventData>
</Event>
<Event xmlns="http://schemas.microsoft.com/win/2004/08/events/event">
  <System>
    <Provider Name="Microsoft-Windows-Sysmon" Guid="{5770385f-c22a-43e0-bf4c-06f5698ffbd9}"/>
    <EventID>1</EventID>
    <Version>5</Version>
    <Level>4</Level>
    <Task>1</Task>
    <Opcode>0</Opcode>
    <Keywords>0x8000000000000000</Keywords>
    <TimeCreated SystemTime="2024-05-14T14:26:12.9884839Z"/>
    <EventRecordID>663815</EventRecordID>
    <Correlation/>
    <Execution ProcessID="2060" ThreadID="4940"/>
    <Channel>Microsoft-Windows-Sysmon/Operational</Channel>
    <Computer>WS-LMORRIS-01.northstar-branch.local</Computer>
    <Security UserID="S-1-5-18"/>
  </System>
  <EventData>
    
    <Data Name="RuleName">-</Data>
    <Data Name="UtcTime">2024-05-14 14:26:12.988</Data>
    <Data Name="ProcessGuid">{db89d853-7484-6643-6e00-00107ed29273}</Data>
    <Data Name="ProcessId">5064</Data>
    <Data Name="Image">C:\Program Files (x86)\Cisco\Cisco AnyConnect Secure Mobility Client\vpnui.exe</Data>
    <Data Name="FileVersion">5.1.4.74</Data>
    <Data Name="Description">Cisco Secure Client User Interface</Data>
    <Data Name="Product">Cisco Secure Client</Data>
    <Data Name="Company">Cisco Systems, Inc.</Data>
    <Data Name="OriginalFileName">vpnui.exe</Data>
    <Data Name="CommandLine">"C:\Program Files (x86)\Cisco\Cisco AnyConnect Secure Mobility Client\vpnui.exe"</Data>
    <Data Name="CurrentDirectory">C:\Program Files (x86)\Cisco\Cisco AnyConnect Secure Mobility Client\</Data>
    <Data Name="User">NORTHSTAR-BRANCH\lena.morris</Data>
    <Data Name="LogonGuid">{00000000-0000-0000-0000-000000000000}</Data>
    <Data Name="LogonId">0x330cad7</Data>
    <Data Name="TerminalSessionId">4</Data>
    <Data Name="IntegrityLevel">Medium</Data>
    <Data Name="Hashes">SHA1=CA44E8389AE66DC31D76C155EA8DF9853D4E1214,MD5=91DB5DE730F2C99153E41A341BC64470,SHA256=DEB731FE03CBC8EDEA7A2B486CF54213526253FB17A3BABC572E75B635465AC6,IMPHASH=EBF877CD083162478CD1AD2943071AA2</Data>
    <Data Name="ParentProcessGuid">{db89d853-6e97-6643-4202-0000676cfd87}</Data>
    <Data Name="ParentProcessId">4952</Data>
    <Data Name="ParentImage">C:\Windows\explorer.exe</Data>
    <Data Name="ParentCommandLine">explorer.exe</Data>
    
  </EventData>
</Event>
<Event xmlns="http://schemas.microsoft.com/win/2004/08/events/event">
  <System>
    <Provider Name="Microsoft-Windows-Sysmon" Guid="{5770385f-c22a-43e0-bf4c-06f5698ffbd9}"/>
    <EventID>3</EventID>
    <Version>5</Version>
    <Level>4</Level>
    <Task>3</Task>
    <Opcode>0</Opcode>
    <Keywords>0x8000000000000000</Keywords>
    <TimeCreated SystemTime="2024-05-14T14:26:22.0898105Z"/>
    <EventRecordID>663816</EventRecordID>
    <Correlation/>
    <Execution ProcessID="2060" ThreadID="2296"/>
    <Channel>Microsoft-Windows-Sysmon/Operational</Channel>
    <Computer>WS-LMORRIS-01.northstar-branch.local</Computer>
    <Security UserID="S-1-5-18"/>
  </System>
  <EventData>
    
    <Data Name="RuleName">-</Data>
    <Data Name="UtcTime">2024-05-14 14:26:22.089</Data>
    <Data Name="ProcessGuid">{db89d853-41a4-6643-6102-0000ba8f7e05}</Data>
    <Data Name="ProcessId">3836</Data>
    <Data Name="Image">C:\Program Files (x86)\Microsoft\Edge\Application\msedge.exe</Data>
    <Data Name="User">NORTHSTAR-BRANCH\lena.morris</Data>
    <Data Name="Protocol">tcp</Data>
    <Data Name="Initiated">true</Data>
    <Data Name="SourceIsIpv6">false</Data>
    <Data Name="SourceIp">10.44.10.23</Data>
    <Data Name="SourceHostname">WS-LMORRIS-01.northstar-branch.local</Data>
    <Data Name="SourcePort">59910</Data>
    <Data Name="SourcePortName">-</Data>
    <Data Name="DestinationIsIpv6">false</Data>
    <Data Name="DestinationIp">10.44.20.30</Data>
    <Data Name="DestinationHostname">PROXY-BO-01.northstar-branch.local</Data>
    <Data Name="DestinationPort">8080</Data>
    <Data Name="DestinationPortName">http-alt</Data>
    
  </EventData>
</Event>
<Event xmlns="http://schemas.microsoft.com/win/2004/08/events/event">
  <System>
    <Provider Name="Microsoft-Windows-Sysmon" Guid="{5770385f-c22a-43e0-bf4c-06f5698ffbd9}"/>
    <EventID>5</EventID>
    <Version>3</Version>
    <Level>4</Level>
    <Task>5</Task>
    <Opcode>0</Opcode>
    <Keywords>0x8000000000000000</Keywords>
    <TimeCreated SystemTime="2024-05-14T14:26:25.5404221Z"/>
    <EventRecordID>663817</EventRecordID>
    <Correlation/>
    <Execution ProcessID="2060" ThreadID="1488"/>
    <Channel>Microsoft-Windows-Sysmon/Operational</Channel>
    <Computer>WS-LMORRIS-01.northstar-branch.local</Computer>
    <Security UserID="S-1-5-18"/>
  </System>
  <EventData>
    
    <Data Name="RuleName">-</Data>
    <Data Name="UtcTime">2024-05-14 14:26:25.540</Data>
    <Data Name="ProcessGuid">{db89d853-747d-6643-4102-0000bef764e8}</Data>
    <Data Name="ProcessId">5088</Data>
    <Data Name="Image">C:\Program Files\Microsoft SQL Server\Client SDK\ODBC\170\Tools\Binn\sqlcmd.exe</Data>
    <Data Name="User">NORTHSTAR-BRANCH\lena.morris</Data>
    
  </EventData>
</Event>
<Event xmlns="http://schemas.microsoft.com/win/2004/08/events/event">
  <System>
    <Provider Name="Microsoft-Windows-Sysmon" Guid="{5770385f-c22a-43e0-bf4c-06f5698ffbd9}"/>
    <EventID>13</EventID>
    <Version>2</Version>
    <Level>4</Level>
    <Task>13</Task>
    <Opcode>0</Opcode>
    <Keywords>0x8000000000000000</Keywords>
    <TimeCreated SystemTime="2024-05-14T14:28:53.7987216Z"/>
    <EventRecordID>663819</EventRecordID>
    <Correlation/>
    <Execution ProcessID="2060" ThreadID="4252"/>
    <Channel>Microsoft-Windows-Sysmon/Operational</Channel>
    <Computer>WS-LMORRIS-01.northstar-branch.local</Computer>
    <Security UserID="S-1-5-18"/>
  </System>
  <EventData>
    
    <Data Name="RuleName">-</Data>
    <Data Name="EventType">SetValue</Data>
    <Data Name="UtcTime">2024-05-14 14:28:53.798</Data>
    <Data Name="ProcessGuid">{db89d853-0c64-663e-9300-0000caffdbc3}</Data>
    <Data Name="ProcessId">3576</Data>
    <Data Name="Image">C:\Windows\System32\RuntimeBroker.exe</Data>
    <Data Name="User">NORTHSTAR-BRANCH\lena.morris</Data>
    <Data Name="TargetObject">HKU\S-1-5-21-3882363548-2838386070-1334550370-1003\Software\Microsoft\Windows\CurrentVersion\Explorer\UserAssist\{CEBFF5CD-ACE2-4F4F-9178-9926F41749EA}\Count\HRZR_EHACNGU:P:\Cebtenz Svyrf\Zbmvyyn Sversbk\sversbk.rkr</Data>
    <Data Name="Details">89 01 BD 79 3F 68 5F 1B CF 58 47 9D B2 8C 36 D3 7B EE 42 F6 D0 F5 B2 53 AD 14 09 98 5A 4E 50 51</Data>
    
  </EventData>
</Event>
<Event xmlns="http://schemas.microsoft.com/win/2004/08/events/event">
  <System>
    <Provider Name="Microsoft-Windows-Sysmon" Guid="{5770385f-c22a-43e0-bf4c-06f5698ffbd9}"/>
    <EventID>13</EventID>
    <Version>2</Version>
    <Level>4</Level>
    <Task>13</Task>
    <Opcode>0</Opcode>
    <Keywords>0x8000000000000000</Keywords>
    <TimeCreated SystemTime="2024-05-14T14:29:34.2718900Z"/>
    <EventRecordID>663820</EventRecordID>
    <Correlation/>
    <Execution ProcessID="2060" ThreadID="4940"/>
    <Channel>Microsoft-Windows-Sysmon/Operational</Channel>
    <Computer>WS-LMORRIS-01.northstar-branch.local</Computer>
    <Security UserID="S-1-5-18"/>
  </System>
  <EventData>
    
    <Data Name="RuleName">-</Data>
    <Data Name="EventType">SetValue</Data>
    <Data Name="UtcTime">2024-05-14 14:29:34.271</Data>
    <Data Name="ProcessGuid">{db89d853-0c64-663e-9300-0000caffdbc3}</Data>
    <Data Name="ProcessId">3576</Data>
    <Data Name="Image">C:\Windows\System32\RuntimeBroker.exe</Data>
    <Data Name="User">NORTHSTAR-BRANCH\lena.morris</Data>
    <Data Name="TargetObject">HKU\S-1-5-21-3882363548-2838386070-1334550370-1003\Software\Microsoft\Windows\CurrentVersion\Explorer\UserAssist\{CEBFF5CD-ACE2-4F4F-9178-9926F41749EA}\Count\HRZR_EHACNGU:P:\Cebtenz Svyrf\Tbbtyr\Puebzr\Nccyvpngvba\puebzr.rkr</Data>
    <Data Name="Details">66 74 43 F1 4B 4A 58 3D 9E 36 BB 47 12 14 FD B0 7C 2B B2 FC 1A 2D FF 84 D4 FE AB 11 59 35 F1 CE</Data>
    
  </EventData>
</Event>
<Event xmlns="http://schemas.microsoft.com/win/2004/08/events/event">
  <System>
    <Provider Name="Microsoft-Windows-Sysmon" Guid="{5770385f-c22a-43e0-bf4c-06f5698ffbd9}"/>
    <EventID>5</EventID>
    <Version>3</Version>
    <Level>4</Level>
    <Task>5</Task>
    <Opcode>0</Opcode>
    <Keywords>0x8000000000000000</Keywords>
    <TimeCreated SystemTime="2024-05-14T14:34:48.9134886Z"/>
    <EventRecordID>663822</EventRecordID>
    <Correlation/>
    <Execution ProcessID="2060" ThreadID="3548"/>
    <Channel>Microsoft-Windows-Sysmon/Operational</Channel>
    <Computer>WS-LMORRIS-01.northstar-branch.local</Computer>
    <Security UserID="S-1-5-18"/>
  </System>
  <EventData>
    
    <Data Name="RuleName">-</Data>
    <Data Name="UtcTime">2024-05-14 14:34:48.913</Data>
    <Data Name="ProcessGuid">{db89d853-501d-6643-8200-00106a185b6b}</Data>
    <Data Name="ProcessId">4512</Data>
    <Data Name="Image">C:\Windows\System32\SearchProtocolHost.exe</Data>
    <Data Name="User">NT AUTHORITY\SYSTEM</Data>
    
  </EventData>
</Event>
<Event xmlns="http://schemas.microsoft.com/win/2004/08/events/event">
  <System>
    <Provider Name="Microsoft-Windows-Sysmon" Guid="{5770385f-c22a-43e0-bf4c-06f5698ffbd9}"/>
    <EventID>13</EventID>
    <Version>2</Version>
    <Level>4</Level>
    <Task>13</Task>
    <Opcode>0</Opcode>
    <Keywords>0x8000000000000000</Keywords>
    <TimeCreated SystemTime="2024-05-14T14:36:16.1676852Z"/>
    <EventRecordID>663824</EventRecordID>
    <Correlation/>
    <Execution ProcessID="2060" ThreadID="4252"/>
    <Channel>Microsoft-Windows-Sysmon/Operational</Channel>
    <Computer>WS-LMORRIS-01.northstar-branch.local</Computer>
    <Security UserID="S-1-5-18"/>
  </System>
  <EventData>
    
    <Data Name="RuleName">-</Data>
    <Data Name="EventType">SetValue</Data>
    <Data Name="UtcTime">2024-05-14 14:36:16.167</Data>
    <Data Name="ProcessGuid">{db89d853-0c53-663e-1f00-000014d2fa3c}</Data>
    <Data Name="ProcessId">3352</Data>
    <Data Name="Image">C:\Windows\System32\svchost.exe</Data>
    <Data Name="User">NT AUTHORITY\SYSTEM</Data>
    <Data Name="TargetObject">HKLM\SOFTWARE\Microsoft\Windows\CurrentVersion\Component Based Servicing\Packages\Package_for_KB5034122~31bf3856ad364e35~amd64~~10.0.22621.7\CurrentState</Data>
    <Data Name="Details">DWORD (0x00000070)</Data>
    
  </EventData>
</Event>
<Event xmlns="http://schemas.microsoft.com/win/2004/08/events/event">
  <System>
    <Provider Name="Microsoft-Windows-Sysmon" Guid="{5770385f-c22a-43e0-bf4c-06f5698ffbd9}"/>
    <EventID>22</EventID>
    <Version>5</Version>
    <Level>4</Level>
    <Task>22</Task>
    <Opcode>0</Opcode>
    <Keywords>0x8000000000000000</Keywords>
    <TimeCreated SystemTime="2024-05-14T14:38:39.2876713Z"/>
    <EventRecordID>663833</EventRecordID>
    <Correlation/>
    <Execution ProcessID="2060" ThreadID="3548"/>
    <Channel>Microsoft-Windows-Sysmon/Operational</Channel>
    <Computer>WS-LMORRIS-01.northstar-branch.local</Computer>
    <Security UserID="S-1-5-18"/>
  </System>
  <EventData>
    
    <Data Name="RuleName">-</Data>
    <Data Name="UtcTime">2024-05-14 14:38:39.287</Data>
    <Data Name="ProcessGuid">{db89d853-0c4d-663e-c700-00108f2df611}</Data>
    <Data Name="ProcessId">3248</Data>
    <Data Name="QueryName">WEB-BO-01.northstar-branch.local</Data>
    <Data Name="QueryStatus">0</Data>
    <Data Name="QueryResults">10.44.30.10;</Data>
    <Data Name="Image">C:\Windows\System32\svchost.exe</Data>
    <Data Name="User">NT AUTHORITY\LOCAL SERVICE</Data>
    
  </EventData>
</Event>
<Event xmlns="http://schemas.microsoft.com/win/2004/08/events/event">
  <System>
    <Provider Name="Microsoft-Windows-Sysmon" Guid="{5770385f-c22a-43e0-bf4c-06f5698ffbd9}"/>
    <EventID>11</EventID>
    <Version>2</Version>
    <Level>4</Level>
    <Task>11</Task>
    <Opcode>0</Opcode>
    <Keywords>0x8000000000000000</Keywords>
    <TimeCreated SystemTime="2024-05-14T14:40:14.1344614Z"/>
    <EventRecordID>663834</EventRecordID>
    <Correlation/>
    <Execution ProcessID="2060" ThreadID="4252"/>
    <Channel>Microsoft-Windows-Sysmon/Operational</Channel>
    <Computer>WS-LMORRIS-01.northstar-branch.local</Computer>
    <Security UserID="S-1-5-18"/>
  </System>
  <EventData>
    
    <Data Name="RuleName">-</Data>
    <Data Name="UtcTime">2024-05-14 14:40:14.134</Data>
    <Data Name="ProcessGuid">{db89d853-0c4a-663e-f402-0000a948597b}</Data>
    <Data Name="ProcessId">3200</Data>
    <Data Name="Image">C:\Windows\System32\svchost.exe</Data>
    <Data Name="User">NT AUTHORITY\NETWORK SERVICE</Data>
    <Data Name="TargetFilename">C:\ProgramData\Microsoft\Windows\WER\ReportQueue\97835\Report.wer</Data>
    <Data Name="CreationUtcTime">2024-05-14 14:40:14.134</Data>
    
  </EventData>
</Event>
<Event xmlns="http://schemas.microsoft.com/win/2004/08/events/event">
  <System>
    <Provider Name="Microsoft-Windows-Sysmon" Guid="{5770385f-c22a-43e0-bf4c-06f5698ffbd9}"/>
    <EventID>10</EventID>
    <Version>3</Version>
    <Level>4</Level>
    <Task>10</Task>
    <Opcode>0</Opcode>
    <Keywords>0x8000000000000000</Keywords>
    <TimeCreated SystemTime="2024-05-14T14:40:27.2281393Z"/>
    <EventRecordID>663835</EventRecordID>
    <Correlation/>
    <Execution ProcessID="2060" ThreadID="1488"/>
    <Channel>Microsoft-Windows-Sysmon/Operational</Channel>
    <Computer>WS-LMORRIS-01.northstar-branch.local</Computer>
    <Security UserID="S-1-5-18"/>
  </System>
  <EventData>
    
    <Data Name="RuleName">-</Data>
    <Data Name="UtcTime">2024-05-14 14:40:27.228</Data>
    <Data Name="SourceProcessGUID">{db89d853-0c4a-663e-f402-0000a948597b}</Data>
    <Data Name="SourceProcessId">3200</Data>
    <Data Name="SourceImage">C:\Windows\System32\svchost.exe</Data>
    <Data Name="SourceThreadId">9940</Data>
    <Data Name="SourceUser">NT AUTHORITY\NETWORK SERVICE</Data>
    <Data Name="TargetProcessGUID">{db89d853-0c47-663e-cc00-0010fbf99eed}</Data>
    <Data Name="TargetProcessId">3152</Data>
    <Data Name="TargetImage">C:\Windows\System32\lsass.exe</Data>
    <Data Name="TargetUser">NT AUTHORITY\SYSTEM</Data>
    <Data Name="GrantedAccess">0x1000</Data>
    <Data Name="CallTrace">C:\Windows\SYSTEM32\ntdll.dll+9CE6E</Data>
    
  </EventData>
</Event>
<Event xmlns="http://schemas.microsoft.com/win/2004/08/events/event">
  <System>
    <Provider Name="Microsoft-Windows-Sysmon" Guid="{5770385f-c22a-43e0-bf4c-06f5698ffbd9}"/>
    <EventID>7</EventID>
    <Version>3</Version>
    <Level>4</Level>
    <Task>7</Task>
    <Opcode>0</Opcode>
    <Keywords>0x8000000000000000</Keywords>
    <TimeCreated SystemTime="2024-05-14T14:40:45.8235006Z"/>
    <EventRecordID>663908</EventRecordID>
    <Correlation/>
    <Execution ProcessID="2060" ThreadID="1488"/>
    <Channel>Microsoft-Windows-Sysmon/Operational</Channel>
    <Computer>WS-LMORRIS-01.northstar-branch.local</Computer>
    <Security UserID="S-1-5-18"/>
  </System>
  <EventData>
    
    <Data Name="RuleName">-</Data>
    <Data Name="UtcTime">2024-05-14 14:40:45.823</Data>
    <Data Name="ProcessGuid">{db89d853-4db5-6643-1f00-00004398c33c}</Data>
    <Data Name="ProcessId">4160</Data>
    <Data Name="Image">C:\Windows\explorer.exe</Data>
    <Data Name="ImageLoaded">C:\Program Files\Microsoft OneDrive\FileSyncShell64.dll</Data>
    <Data Name="FileVersion">24.020.0128.0003</Data>
    <Data Name="Description">Microsoft OneDrive Shell Extension</Data>
    <Data Name="Product">Microsoft OneDrive</Data>
    <Data Name="Company">Microsoft Corporation</Data>
    <Data Name="OriginalFileName">FileSyncShell64.dll</Data>
    <Data Name="Hashes">SHA1=8A8D2F92840400B12DF5B23067B3645614A6154C,MD5=6494F9E418717F254D9C51C1D6AB7776,SHA256=89CE72127ACEC3868EE255920B456C571E65F3478525757E8E9C7D9B594A2CAC,IMPHASH=B6F0CB2FEAC0D06F10AEF2E6082E5925</Data>
    <Data Name="Signed">true</Data>
    <Data Name="Signature">Microsoft Corporation</Data>
    <Data Name="SignatureStatus">Valid</Data>
    
  </EventData>
</Event>
<Event xmlns="http://schemas.microsoft.com/win/2004/08/events/event">
  <System>
    <Provider Name="Microsoft-Windows-Sysmon" Guid="{5770385f-c22a-43e0-bf4c-06f5698ffbd9}"/>
    <EventID>13</EventID>
    <Version>2</Version>
    <Level>4</Level>
    <Task>13</Task>
    <Opcode>0</Opcode>
    <Keywords>0x8000000000000000</Keywords>
    <TimeCreated SystemTime="2024-05-14T14:41:11.0312495Z"/>
    <EventRecordID>664025</EventRecordID>
    <Correlation/>
    <Execution ProcessID="2060" ThreadID="4940"/>
    <Channel>Microsoft-Windows-Sysmon/Operational</Channel>
    <Computer>WS-LMORRIS-01.northstar-branch.local</Computer>
    <Security UserID="S-1-5-18"/>
  </System>
  <EventData>
    
    <Data Name="RuleName">-</Data>
    <Data Name="EventType">SetValue</Data>
    <Data Name="UtcTime">2024-05-14 14:41:11.031</Data>
    <Data Name="ProcessGuid">{db89d853-0c64-663e-9300-0000caffdbc3}</Data>
    <Data Name="ProcessId">3576</Data>
    <Data Name="Image">C:\Windows\System32\RuntimeBroker.exe</Data>
    <Data Name="User">NORTHSTAR-BRANCH\lena.morris</Data>
    <Data Name="TargetObject">HKU\S-1-5-21-3882363548-2838386070-1334550370-1003\Software\Microsoft\Office\16.0\Excel\File MRU\Item 19</Data>
    <Data Name="Details">[F00000000][T01D9]C:\Users\lena.morris\Documents\budget-28.xlsx</Data>
    
  </EventData>
</Event>
<Event xmlns="http://schemas.microsoft.com/win/2004/08/events/event">
  <System>
    <Provider Name="Microsoft-Windows-Sysmon" Guid="{5770385f-c22a-43e0-bf4c-06f5698ffbd9}"/>
    <EventID>7</EventID>
    <Version>3</Version>
    <Level>4</Level>
    <Task>7</Task>
    <Opcode>0</Opcode>
    <Keywords>0x8000000000000000</Keywords>
    <TimeCreated SystemTime="2024-05-14T14:41:29.5401184Z"/>
    <EventRecordID>664059</EventRecordID>
    <Correlation/>
    <Execution ProcessID="2060" ThreadID="1488"/>
    <Channel>Microsoft-Windows-Sysmon/Operational</Channel>
    <Computer>WS-LMORRIS-01.northstar-branch.local</Computer>
    <Security UserID="S-1-5-18"/>
  </System>
  <EventData>
    
    <Data Name="RuleName">-</Data>
    <Data Name="UtcTime">2024-05-14 14:41:29.540</Data>
    <Data Name="ProcessGuid">{db89d853-4ba4-6643-0200-001065bd79c3}</Data>
    <Data Name="ProcessId">4288</Data>
    <Data Name="Image">C:\Windows\explorer.exe</Data>
    <Data Name="ImageLoaded">C:\Program Files\Microsoft OneDrive\24.045.0303.0002\FileSyncShell64.dll</Data>
    <Data Name="FileVersion">24.020.0128.0003</Data>
    <Data Name="Description">Microsoft OneDrive Shell Extension</Data>
    <Data Name="Product">Microsoft OneDrive</Data>
    <Data Name="Company">Microsoft Corporation</Data>
    <Data Name="OriginalFileName">FileSyncShell64.dll</Data>
    <Data Name="Hashes">SHA1=ECD80F573C96A2173CC3B2BE6D8E34167FEEE1E0,MD5=511139CAB0912EE787855B5145E745E2,SHA256=1A8A03120152C072DD0757C35509ED317B267C5F4D33866A8791F18247626F3B,IMPHASH=2028DA4475C70B7D957D02DE4DA1EE67</Data>
    <Data Name="Signed">true</Data>
    <Data Name="Signature">Microsoft Corporation</Data>
    <Data Name="SignatureStatus">Valid</Data>
    
  </EventData>
</Event>
<Event xmlns="http://schemas.microsoft.com/win/2004/08/events/event">
  <System>
    <Provider Name="Microsoft-Windows-Sysmon" Guid="{5770385f-c22a-43e0-bf4c-06f5698ffbd9}"/>
    <EventID>1</EventID>
    <Version>5</Version>
    <Level>4</Level>
    <Task>1</Task>
    <Opcode>0</Opcode>
    <Keywords>0x8000000000000000</Keywords>
    <TimeCreated SystemTime="2024-05-14T14:42:25.5417607Z"/>
    <EventRecordID>664061</EventRecordID>
    <Correlation/>
    <Execution ProcessID="2060" ThreadID="2296"/>
    <Channel>Microsoft-Windows-Sysmon/Operational</Channel>
    <Computer>WS-LMORRIS-01.northstar-branch.local</Computer>
    <Security UserID="S-1-5-18"/>
  </System>
  <EventData>
    
    <Data Name="RuleName">-</Data>
    <Data Name="UtcTime">2024-05-14 14:42:25.541</Data>
    <Data Name="ProcessGuid">{db89d853-7851-6643-4300-00106955fbea}</Data>
    <Data Name="ProcessId">5136</Data>
    <Data Name="Image">C:\Program Files\Zscaler\ZSATunnel\ZSATunnel.exe</Data>
    <Data Name="FileVersion">-</Data>
    <Data Name="Description">-</Data>
    <Data Name="Product">-</Data>
    <Data Name="Company">-</Data>
    <Data Name="OriginalFileName">-</Data>
    <Data Name="CommandLine">ZSATunnel.exe</Data>
    <Data Name="CurrentDirectory">C:\Windows\System32\</Data>
    <Data Name="User">NT AUTHORITY\SYSTEM</Data>
    <Data Name="LogonGuid">{bca4f578-11bd-4986-a043-b3c59698a3e0}</Data>
    <Data Name="LogonId">0x3e7</Data>
    <Data Name="TerminalSessionId">0</Data>
    <Data Name="IntegrityLevel">System</Data>
    <Data Name="Hashes">SHA1=6210F9CB08C7EEE20E47C25AD23648993DB1780E,MD5=35559DED8E738977F97BD4573AB4FB64,SHA256=15A6C4EAB70343C51901339ED837BEEE1867F4601EF289E0878BE62B07FEE7EA,IMPHASH=8AA74086C46C767E39A3A8A5B01DFDCF</Data>
    <Data Name="ParentProcessGuid">{db89d853-0c46-663e-6a00-00101fdee78d}</Data>
    <Data Name="ParentProcessId">3136</Data>
    <Data Name="ParentImage">C:\Windows\System32\services.exe</Data>
    <Data Name="ParentCommandLine">services.exe</Data>
    
  </EventData>
</Event>
<Event xmlns="http://schemas.microsoft.com/win/2004/08/events/event">
  <System>
    <Provider Name="Microsoft-Windows-Sysmon" Guid="{5770385f-c22a-43e0-bf4c-06f5698ffbd9}"/>
    <EventID>11</EventID>
    <Version>2</Version>
    <Level>4</Level>
    <Task>11</Task>
    <Opcode>0</Opcode>
    <Keywords>0x8000000000000000</Keywords>
    <TimeCreated SystemTime="2024-05-14T14:42:57.3169260Z"/>
    <EventRecordID>664099</EventRecordID>
    <Correlation/>
    <Execution ProcessID="2060" ThreadID="4252"/>
    <Channel>Microsoft-Windows-Sysmon/Operational</Channel>
    <Computer>WS-LMORRIS-01.northstar-branch.local</Computer>
    <Security UserID="S-1-5-18"/>
  </System>
  <EventData>
    
    <Data Name="RuleName">-</Data>
    <Data Name="UtcTime">2024-05-14 14:42:57.316</Data>
    <Data Name="ProcessGuid">{db89d853-0c5c-663e-a300-00004150fb7b}</Data>
    <Data Name="ProcessId">3448</Data>
    <Data Name="Image">C:\ProgramData\Microsoft\Windows Defender\Platform\4.18.2301.6-0\MpCmdRun.exe</Data>
    <Data Name="User">NT AUTHORITY\SYSTEM</Data>
    <Data Name="TargetFilename">C:\ProgramData\Microsoft\Windows Defender\Scans\History\Service\DetectionHistory\68197</Data>
    <Data Name="CreationUtcTime">2024-05-14 14:42:57.316</Data>
    
  </EventData>
</Event>
<Event xmlns="http://schemas.microsoft.com/win/2004/08/events/event">
  <System>
    <Provider Name="Microsoft-Windows-Sysmon" Guid="{5770385f-c22a-43e0-bf4c-06f5698ffbd9}"/>
    <EventID>7</EventID>
    <Version>3</Version>
    <Level>4</Level>
    <Task>7</Task>
    <Opcode>0</Opcode>
    <Keywords>0x8000000000000000</Keywords>
    <TimeCreated SystemTime="2024-05-14T14:44:40.3153918Z"/>
    <EventRecordID>664100</EventRecordID>
    <Correlation/>
    <Execution ProcessID="2060" ThreadID="4252"/>
    <Channel>Microsoft-Windows-Sysmon/Operational</Channel>
    <Computer>WS-LMORRIS-01.northstar-branch.local</Computer>
    <Security UserID="S-1-5-18"/>
  </System>
  <EventData>
    
    <Data Name="RuleName">-</Data>
    <Data Name="UtcTime">2024-05-14 14:44:40.315</Data>
    <Data Name="ProcessGuid">{db89d853-3dae-6643-1900-00106d531cf0}</Data>
    <Data Name="ProcessId">3772</Data>
    <Data Name="Image">C:\Windows\explorer.exe</Data>
    <Data Name="ImageLoaded">C:\Program Files\Microsoft OneDrive\FileSyncShell64.dll</Data>
    <Data Name="FileVersion">24.020.0128.0003</Data>
    <Data Name="Description">Microsoft OneDrive Shell Extension</Data>
    <Data Name="Product">Microsoft OneDrive</Data>
    <Data Name="Company">Microsoft Corporation</Data>
    <Data Name="OriginalFileName">FileSyncShell64.dll</Data>
    <Data Name="Hashes">SHA1=8A8D2F92840400B12DF5B23067B3645614A6154C,MD5=6494F9E418717F254D9C51C1D6AB7776,SHA256=89CE72127ACEC3868EE255920B456C571E65F3478525757E8E9C7D9B594A2CAC,IMPHASH=B6F0CB2FEAC0D06F10AEF2E6082E5925</Data>
    <Data Name="Signed">true</Data>
    <Data Name="Signature">Microsoft Corporation</Data>
    <Data Name="SignatureStatus">Valid</Data>
    
  </EventData>
</Event>
<Event xmlns="http://schemas.microsoft.com/win/2004/08/events/event">
  <System>
    <Provider Name="Microsoft-Windows-Sysmon" Guid="{5770385f-c22a-43e0-bf4c-06f5698ffbd9}"/>
    <EventID>10</EventID>
    <Version>3</Version>
    <Level>4</Level>
    <Task>10</Task>
    <Opcode>0</Opcode>
    <Keywords>0x8000000000000000</Keywords>
    <TimeCreated SystemTime="2024-05-14T14:45:43.8450919Z"/>
    <EventRecordID>664101</EventRecordID>
    <Correlation/>
    <Execution ProcessID="2060" ThreadID="1488"/>
    <Channel>Microsoft-Windows-Sysmon/Operational</Channel>
    <Computer>WS-LMORRIS-01.northstar-branch.local</Computer>
    <Security UserID="S-1-5-18"/>
  </System>
  <EventData>
    
    <Data Name="RuleName">-</Data>
    <Data Name="UtcTime">2024-05-14 14:45:43.845</Data>
    <Data Name="SourceProcessGUID">{db89d853-0c58-663e-3100-0010b0df7c4c}</Data>
    <Data Name="SourceProcessId">3424</Data>
    <Data Name="SourceImage">C:\Windows\System32\dllhost.exe</Data>
    <Data Name="SourceThreadId">7768</Data>
    <Data Name="SourceUser">NT AUTHORITY\SYSTEM</Data>
    <Data Name="TargetProcessGUID">{db89d853-0c63-663e-ea02-0000204ded81}</Data>
    <Data Name="TargetProcessId">3552</Data>
    <Data Name="TargetImage">C:\Windows\explorer.exe</Data>
    <Data Name="TargetUser">NORTHSTAR-BRANCH\lena.morris</Data>
    <Data Name="GrantedAccess">0x1400</Data>
    <Data Name="CallTrace">C:\Windows\SYSTEM32\ntdll.dll+9CD98|C:\Windows\SYSTEM32\KERNELBASE.dll+2CD5F|C:\Windows\SYSTEM32\sechost.dll+1407E</Data>
    
  </EventData>
</Event>
<Event xmlns="http://schemas.microsoft.com/win/2004/08/events/event">
  <System>
    <Provider Name="Microsoft-Windows-Sysmon" Guid="{5770385f-c22a-43e0-bf4c-06f5698ffbd9}"/>
    <EventID>5</EventID>
    <Version>3</Version>
    <Level>4</Level>
    <Task>5</Task>
    <Opcode>0</Opcode>
    <Keywords>0x8000000000000000</Keywords>
    <TimeCreated SystemTime="2024-05-14T14:47:22.9423030Z"/>
    <EventRecordID>664121</EventRecordID>
    <Correlation/>
    <Execution ProcessID="2060" ThreadID="1488"/>
    <Channel>Microsoft-Windows-Sysmon/Operational</Channel>
    <Computer>WS-LMORRIS-01.northstar-branch.local</Computer>
    <Security UserID="S-1-5-18"/>
  </System>
  <EventData>
    
    <Data Name="RuleName">-</Data>
    <Data Name="UtcTime">2024-05-14 14:47:22.942</Data>
    <Data Name="ProcessGuid">{db89d853-7484-6643-6e00-00107ed29273}</Data>
    <Data Name="ProcessId">5064</Data>
    <Data Name="Image">C:\Program Files (x86)\Cisco\Cisco AnyConnect Secure Mobility Client\vpnui.exe</Data>
    <Data Name="User">NORTHSTAR-BRANCH\lena.morris</Data>
    
  </EventData>
</Event>
