<Event xmlns="http://schemas.microsoft.com/win/2004/08/events/event">
  <System>
    <Provider Name="Microsoft-Windows-Sysmon" Guid="{5770385f-c22a-43e0-bf4c-06f5698ffbd9}"/>
    <EventID>7</EventID>
    <Version>3</Version>
    <Level>4</Level>
    <Task>7</Task>
    <Opcode>0</Opcode>
    <Keywords>0x8000000000000000</Keywords>
    <TimeCreated SystemTime="2024-05-14T14:00:01.0497130Z"/>
    <EventRecordID>229012</EventRecordID>
    <Correlation/>
    <Execution ProcessID="2848" ThreadID="2876"/>
    <Channel>Microsoft-Windows-Sysmon/Operational</Channel>
    <Computer>WS-AMEEN-01.agentsoc.local</Computer>
    <Security UserID="S-1-5-18"/>
  </System>
  <EventData>
    
    <Data Name="RuleName">-</Data>
    <Data Name="UtcTime">2024-05-14 14:00:01.049</Data>
    <Data Name="ProcessGuid">{31b3aa98-694c-663b-4300-0000abbff32f}</Data>
    <Data Name="ProcessId">5832</Data>
    <Data Name="Image">C:\Windows\System32\svchost.exe</Data>
    <Data Name="ImageLoaded">C:\ProgramData\Microsoft\Windows Defender\Platform\4.18.24030.9-0\MpClient.dll</Data>
    <Data Name="FileVersion">10.0.19041.1</Data>
    <Data Name="Description">MpClient.dll system library</Data>
    <Data Name="Product">Microsoft Windows Operating System</Data>
    <Data Name="Company">Microsoft Corporation</Data>
    <Data Name="OriginalFileName">MpClient.dll</Data>
    <Data Name="Hashes">SHA1=339E7240B5B54A9AD6F179FEF537C2BF3B08A08C,MD5=D9A906E17F4C5425EF06B4556323690C,SHA256=D0F96C0577C7EDC90BD8D16AE34D4855FAE5CE665F6679EE5B2E75387138B3BF,IMPHASH=103ADFB06C3B7BE3209A9EF380DCF830</Data>
    <Data Name="Signed">true</Data>
    <Data Name="Signature">Microsoft Corporation</Data>
    <Data Name="SignatureStatus">Valid</Data>
    
  </EventData>
</Event>
<Event xmlns="http://schemas.microsoft.com/win/2004/08/events/event">
  <System>
    <Provider Name="Microsoft-Windows-Sysmon" Guid="{5770385f-c22a-43e0-bf4c-06f5698ffbd9}"/>
    <EventID>13</EventID>
    <Version>2</Version>
    <Level>4</Level>
    <Task>13</Task>
    <Opcode>0</Opcode>
    <Keywords>0x8000000000000000</Keywords>
    <TimeCreated SystemTime="2024-05-14T14:00:43.4690024Z"/>
    <EventRecordID>229743</EventRecordID>
    <Correlation/>
    <Execution ProcessID="2848" ThreadID="2876"/>
    <Channel>Microsoft-Windows-Sysmon/Operational</Channel>
    <Computer>WS-AMEEN-01.agentsoc.local</Computer>
    <Security UserID="S-1-5-18"/>
  </System>
  <EventData>
    
    <Data Name="RuleName">-</Data>
    <Data Name="EventType">SetValue</Data>
    <Data Name="UtcTime">2024-05-14 14:00:43.469</Data>
    <Data Name="ProcessGuid">{31b3aa98-6963-663b-0b02-0000209e0d25}</Data>
    <Data Name="ProcessId">6096</Data>
    <Data Name="Image">C:\Windows\System32\RuntimeBroker.exe</Data>
    <Data Name="User">AGENTSOC\ameen.khan</Data>
    <Data Name="TargetObject">HKU\S-1-5-21-1223493204-1473060041-1971563278-1004\Software\Microsoft\Windows\CurrentVersion\Explorer\UserAssist\{CEBFF5CD-ACE2-4F4F-9178-9926F41749EA}\Count\HRZR_EHACNGU:P:\Jvaqbjf\Flfgrz32\zfgfp.rkr</Data>
    <Data Name="Details">12 B8 8B E4 F4 19 75 C3 6B 63 90 D6 BB 0D 64 FB 35 81 2C 88 92 7D 00 CF E4 76 B4 D7 D9 E5 6A 0C</Data>
    
  </EventData>
</Event>
<Event xmlns="http://schemas.microsoft.com/win/2004/08/events/event">
  <System>
    <Provider Name="Microsoft-Windows-Sysmon" Guid="{5770385f-c22a-43e0-bf4c-06f5698ffbd9}"/>
    <EventID>10</EventID>
    <Version>3</Version>
    <Level>4</Level>
    <Task>10</Task>
    <Opcode>0</Opcode>
    <Keywords>0x8000000000000000</Keywords>
    <TimeCreated SystemTime="2024-05-14T14:01:11.8446471Z"/>
    <EventRecordID>229745</EventRecordID>
    <Correlation/>
    <Execution ProcessID="2848" ThreadID="2964"/>
    <Channel>Microsoft-Windows-Sysmon/Operational</Channel>
    <Computer>WS-AMEEN-01.agentsoc.local</Computer>
    <Security UserID="S-1-5-18"/>
  </System>
  <EventData>
    
    <Data Name="RuleName">-</Data>
    <Data Name="UtcTime">2024-05-14 14:01:11.844</Data>
    <Data Name="SourceProcessGUID">{31b3aa98-6942-663b-8202-00001f455e2a}</Data>
    <Data Name="SourceProcessId">5752</Data>
    <Data Name="SourceImage">C:\Windows\System32\csrss.exe</Data>
    <Data Name="SourceThreadId">7176</Data>
    <Data Name="SourceUser">NT AUTHORITY\SYSTEM</Data>
    <Data Name="TargetProcessGUID">{31b3aa98-6946-663b-4b02-00103e21593c}</Data>
    <Data Name="TargetProcessId">5788</Data>
    <Data Name="TargetImage">C:\Windows\System32\lsass.exe</Data>
    <Data Name="TargetUser">NT AUTHORITY\SYSTEM</Data>
    <Data Name="GrantedAccess">0x1000</Data>
    <Data Name="CallTrace">C:\Windows\SYSTEM32\ntdll.dll+9C1CB</Data>
    
  </EventData>
</Event>
<Event xmlns="http://schemas.microsoft.com/win/2004/08/events/event">
  <System>
    <Provider Name="Microsoft-Windows-Sysmon" Guid="{5770385f-c22a-43e0-bf4c-06f5698ffbd9}"/>
    <EventID>13</EventID>
    <Version>2</Version>
    <Level>4</Level>
    <Task>13</Task>
    <Opcode>0</Opcode>
    <Keywords>0x8000000000000000</Keywords>
    <TimeCreated SystemTime="2024-05-14T14:01:38.0631442Z"/>
    <EventRecordID>229765</EventRecordID>
    <Correlation/>
    <Execution ProcessID="2848" ThreadID="1672"/>
    <Channel>Microsoft-Windows-Sysmon/Operational</Channel>
    <Computer>WS-AMEEN-01.agentsoc.local</Computer>
    <Security UserID="S-1-5-18"/>
  </System>
  <EventData>
    
    <Data Name="RuleName">-</Data>
    <Data Name="EventType">SetValue</Data>
    <Data Name="UtcTime">2024-05-14 14:01:38.063</Data>
    <Data Name="ProcessGuid">{31b3aa98-6953-663b-2602-0010562bf11f}</Data>
    <Data Name="ProcessId">5868</Data>
    <Data Name="Image">C:\Windows\System32\svchost.exe</Data>
    <Data Name="User">NT AUTHORITY\SYSTEM</Data>
    <Data Name="TargetObject">HKLM\SOFTWARE\Microsoft\Windows\CurrentVersion\Component Based Servicing\Packages\Package_for_DotNetRollup~31bf3856ad364e35~amd64~~10.0.22621.7\CurrentState</Data>
    <Data Name="Details">DWORD (0x00000070)</Data>
    
  </EventData>
</Event>
<Event xmlns="http://schemas.microsoft.com/win/2004/08/events/event">
  <System>
    <Provider Name="Microsoft-Windows-Sysmon" Guid="{5770385f-c22a-43e0-bf4c-06f5698ffbd9}"/>
    <EventID>13</EventID>
    <Version>2</Version>
    <Level>4</Level>
    <Task>13</Task>
    <Opcode>0</Opcode>
    <Keywords>0x8000000000000000</Keywords>
    <TimeCreated SystemTime="2024-05-14T14:02:39.3073788Z"/>
    <EventRecordID>229768</EventRecordID>
    <Correlation/>
    <Execution ProcessID="2848" ThreadID="2876"/>
    <Channel>Microsoft-Windows-Sysmon/Operational</Channel>
    <Computer>WS-AMEEN-01.agentsoc.local</Computer>
    <Security UserID="S-1-5-18"/>
  </System>
  <EventData>
    
    <Data Name="RuleName">-</Data>
    <Data Name="EventType">SetValue</Data>
    <Data Name="UtcTime">2024-05-14 14:02:39.307</Data>
    <Data Name="ProcessGuid">{31b3aa98-694b-663b-4f00-00001a3f8401}</Data>
    <Data Name="ProcessId">5812</Data>
    <Data Name="Image">C:\Windows\System32\svchost.exe</Data>
    <Data Name="User">NT AUTHORITY\NETWORK SERVICE</Data>
    <Data Name="TargetObject">HKLM\SYSTEM\CurrentControlSet\Services\Tcpip\Parameters\DhcpNameServer</Data>
    <Data Name="Details">10.44.20.10</Data>
    
  </EventData>
</Event>
<Event xmlns="http://schemas.microsoft.com/win/2004/08/events/event">
  <System>
    <Provider Name="Microsoft-Windows-Sysmon" Guid="{5770385f-c22a-43e0-bf4c-06f5698ffbd9}"/>
    <EventID>13</EventID>
    <Version>2</Version>
    <Level>4</Level>
    <Task>13</Task>
    <Opcode>0</Opcode>
    <Keywords>0x8000000000000000</Keywords>
    <TimeCreated SystemTime="2024-05-14T14:02:39.5083575Z"/>
    <EventRecordID>229769</EventRecordID>
    <Correlation/>
    <Execution ProcessID="2848" ThreadID="2876"/>
    <Channel>Microsoft-Windows-Sysmon/Operational</Channel>
    <Computer>WS-AMEEN-01.agentsoc.local</Computer>
    <Security UserID="S-1-5-18"/>
  </System>
  <EventData>
    
    <Data Name="RuleName">-</Data>
    <Data Name="EventType">SetValue</Data>
    <Data Name="UtcTime">2024-05-14 14:02:39.508</Data>
    <Data Name="ProcessGuid">{31b3aa98-6945-663b-5900-00107ae20c31}</Data>
    <Data Name="ProcessId">5784</Data>
    <Data Name="Image">C:\Windows\System32\services.exe</Data>
    <Data Name="User">NT AUTHORITY\SYSTEM</Data>
    <Data Name="TargetObject">HKLM\SYSTEM\CurrentControlSet\Services\Tcpip\Parameters\Interfaces\{A5E3BC61-D141-213F-9A3C-00000BED261E}\DhcpIPAddress</Data>
    <Data Name="Details">10.44.10.24</Data>
    
  </EventData>
</Event>
<Event xmlns="http://schemas.microsoft.com/win/2004/08/events/event">
  <System>
    <Provider Name="Microsoft-Windows-Sysmon" Guid="{5770385f-c22a-43e0-bf4c-06f5698ffbd9}"/>
    <EventID>3</EventID>
    <Version>5</Version>
    <Level>4</Level>
    <Task>3</Task>
    <Opcode>0</Opcode>
    <Keywords>0x8000000000000000</Keywords>
    <TimeCreated SystemTime="2024-05-14T14:03:57.2053623Z"/>
    <EventRecordID>229773</EventRecordID>
    <Correlation/>
    <Execution ProcessID="2848" ThreadID="2876"/>
    <Channel>Microsoft-Windows-Sysmon/Operational</Channel>
    <Computer>WS-AMEEN-01.agentsoc.local</Computer>
    <Security UserID="S-1-5-18"/>
  </System>
  <EventData>
    
    <Data Name="RuleName">-</Data>
    <Data Name="UtcTime">2024-05-14 14:03:57.205</Data>
    <Data Name="ProcessGuid">{31b3aa98-3a4a-6643-ab02-001042c2b800}</Data>
    <Data Name="ProcessId">6156</Data>
    <Data Name="Image">C:\Program Files (x86)\Microsoft\Edge\Application\msedge.exe</Data>
    <Data Name="User">AGENTSOC\ameen.khan</Data>
    <Data Name="Protocol">tcp</Data>
    <Data Name="Initiated">true</Data>
    <Data Name="SourceIsIpv6">false</Data>
    <Data Name="SourceIp">10.44.10.24</Data>
    <Data Name="SourceHostname">WS-AMEEN-01.agentsoc.local</Data>
    <Data Name="SourcePort">64198</Data>
    <Data Name="SourcePortName">-</Data>
    <Data Name="DestinationIsIpv6">false</Data>
    <Data Name="DestinationIp">10.44.20.30</Data>
    <Data Name="DestinationHostname">PROXY-BO-01.agentsoc.local</Data>
    <Data Name="DestinationPort">8080</Data>
    <Data Name="DestinationPortName">http-alt</Data>
    
  </EventData>
</Event>
<Event xmlns="http://schemas.microsoft.com/win/2004/08/events/event">
  <System>
    <Provider Name="Microsoft-Windows-Sysmon" Guid="{5770385f-c22a-43e0-bf4c-06f5698ffbd9}"/>
    <EventID>10</EventID>
    <Version>3</Version>
    <Level>4</Level>
    <Task>10</Task>
    <Opcode>0</Opcode>
    <Keywords>0x8000000000000000</Keywords>
    <TimeCreated SystemTime="2024-05-14T14:04:28.3267172Z"/>
    <EventRecordID>229888</EventRecordID>
    <Correlation/>
    <Execution ProcessID="2848" ThreadID="2876"/>
    <Channel>Microsoft-Windows-Sysmon/Operational</Channel>
    <Computer>WS-AMEEN-01.agentsoc.local</Computer>
    <Security UserID="S-1-5-18"/>
  </System>
  <EventData>
    
    <Data Name="RuleName">-</Data>
    <Data Name="UtcTime">2024-05-14 14:04:28.326</Data>
    <Data Name="SourceProcessGUID">{31b3aa98-6942-663b-8202-00001f455e2a}</Data>
    <Data Name="SourceProcessId">5752</Data>
    <Data Name="SourceImage">C:\Windows\System32\csrss.exe</Data>
    <Data Name="SourceThreadId">9856</Data>
    <Data Name="SourceUser">NT AUTHORITY\SYSTEM</Data>
    <Data Name="TargetProcessGUID">{31b3aa98-6946-663b-4b02-00103e21593c}</Data>
    <Data Name="TargetProcessId">5788</Data>
    <Data Name="TargetImage">C:\Windows\System32\lsass.exe</Data>
    <Data Name="TargetUser">NT AUTHORITY\SYSTEM</Data>
    <Data Name="GrantedAccess">0x0400</Data>
    <Data Name="CallTrace">C:\Windows\SYSTEM32\ntdll.dll+9C1CB</Data>
    
  </EventData>
</Event>
<Event xmlns="http://schemas.microsoft.com/win/2004/08/events/event">
  <System>
    <Provider Name="Microsoft-Windows-Sysmon" Guid="{5770385f-c22a-43e0-bf4c-06f5698ffbd9}"/>
    <EventID>1</EventID>
    <Version>5</Version>
    <Level>4</Level>
    <Task>1</Task>
    <Opcode>0</Opcode>
    <Keywords>0x8000000000000000</Keywords>
    <TimeCreated SystemTime="2024-05-14T14:04:37.8510957Z"/>
    <EventRecordID>230678</EventRecordID>
    <Correlation/>
    <Execution ProcessID="2848" ThreadID="4020"/>
    <Channel>Microsoft-Windows-Sysmon/Operational</Channel>
    <Computer>WS-AMEEN-01.agentsoc.local</Computer>
    <Security UserID="S-1-5-18"/>
  </System>
  <EventData>
    
    <Data Name="RuleName">-</Data>
    <Data Name="UtcTime">2024-05-14 14:04:37.851</Data>
    <Data Name="ProcessGuid">{31b3aa98-6f75-6643-a702-0000f04eb7b3}</Data>
    <Data Name="ProcessId">7016</Data>
    <Data Name="Image">C:\Windows\System32\gpupdate.exe</Data>
    <Data Name="FileVersion">10.0.22621.1</Data>
    <Data Name="Description">Microsoft Group Policy Update Utility</Data>
    <Data Name="Product">Microsoft Windows</Data>
    <Data Name="Company">Microsoft Corporation</Data>
    <Data Name="OriginalFileName">GPUpdate.exe</Data>
    <Data Name="CommandLine">gpupdate.exe /target:computer /force</Data>
    <Data Name="CurrentDirectory">C:\Windows\System32\</Data>
    <Data Name="User">NT AUTHORITY\SYSTEM</Data>
    <Data Name="LogonGuid">{1bda0869-f218-44a5-8f6a-69bd92a8e6f8}</Data>
    <Data Name="LogonId">0x3e7</Data>
    <Data Name="TerminalSessionId">0</Data>
    <Data Name="IntegrityLevel">System</Data>
    <Data Name="Hashes">SHA1=32CFBB56DC8CC2863ED56E3E7BACCEA0B5002BD4,MD5=05E23A0CD9F0DE360AF39F2DF0C41762,SHA256=D605CF53B446BBF17DB355600E1BE97DDC8161D4FA42E1B7EB3F783C1362153F,IMPHASH=29FC0238333C0ACBB4F163B61A8B5895</Data>
    <Data Name="ParentProcessGuid">{31b3aa98-694b-663b-4f00-00001a3f8401}</Data>
    <Data Name="ParentProcessId">5812</Data>
    <Data Name="ParentImage">C:\Windows\System32\svchost.exe</Data>
    <Data Name="ParentCommandLine">svchost.exe -k netsvcs</Data>
    <Data Name="ParentUser">NT AUTHORITY\NETWORK SERVICE</Data>
    
  </EventData>
</Event>
<Event xmlns="http://schemas.microsoft.com/win/2004/08/events/event">
  <System>
    <Provider Name="Microsoft-Windows-Sysmon" Guid="{5770385f-c22a-43e0-bf4c-06f5698ffbd9}"/>
    <EventID>5</EventID>
    <Version>3</Version>
    <Level>4</Level>
    <Task>5</Task>
    <Opcode>0</Opcode>
    <Keywords>0x8000000000000000</Keywords>
    <TimeCreated SystemTime="2024-05-14T14:04:38.7674133Z"/>
    <EventRecordID>230679</EventRecordID>
    <Correlation/>
    <Execution ProcessID="2848" ThreadID="2876"/>
    <Channel>Microsoft-Windows-Sysmon/Operational</Channel>
    <Computer>WS-AMEEN-01.agentsoc.local</Computer>
    <Security UserID="S-1-5-18"/>
  </System>
  <EventData>
    
    <Data Name="RuleName">-</Data>
    <Data Name="UtcTime">2024-05-14 14:04:38.767</Data>
    <Data Name="ProcessGuid">{31b3aa98-6f75-6643-a702-0000f04eb7b3}</Data>
    <Data Name="ProcessId">7016</Data>
    <Data Name="Image">C:\Windows\System32\gpupdate.exe</Data>
    <Data Name="User">NT AUTHORITY\SYSTEM</Data>
    
  </EventData>
</Event>
<Event xmlns="http://schemas.microsoft.com/win/2004/08/events/event">
  <System>
    <Provider Name="Microsoft-Windows-Sysmon" Guid="{5770385f-c22a-43e0-bf4c-06f5698ffbd9}"/>
    <EventID>10</EventID>
    <Version>3</Version>
    <Level>4</Level>
    <Task>10</Task>
    <Opcode>0</Opcode>
    <Keywords>0x8000000000000000</Keywords>
    <TimeCreated SystemTime="2024-05-14T14:06:39.3680964Z"/>
    <EventRecordID>230720</EventRecordID>
    <Correlation/>
    <Execution ProcessID="2848" ThreadID="2876"/>
    <Channel>Microsoft-Windows-Sysmon/Operational</Channel>
    <Computer>WS-AMEEN-01.agentsoc.local</Computer>
    <Security UserID="S-1-5-18"/>
  </System>
  <EventData>
    
    <Data Name="RuleName">-</Data>
    <Data Name="UtcTime">2024-05-14 14:06:39.368</Data>
    <Data Name="SourceProcessGUID">{31b3aa98-6954-663b-4700-001096a7e72b}</Data>
    <Data Name="SourceProcessId">5880</Data>
    <Data Name="SourceImage">C:\ProgramData\Microsoft\Windows Defender\Platform\4.18.24030.9-0\MsMpEng.exe</Data>
    <Data Name="SourceThreadId">5672</Data>
    <Data Name="SourceUser">NT AUTHORITY\SYSTEM</Data>
    <Data Name="TargetProcessGUID">{31b3aa98-6964-663b-a302-0010de599931}</Data>
    <Data Name="TargetProcessId">5984</Data>
    <Data Name="TargetImage">C:\Windows\explorer.exe</Data>
    <Data Name="TargetUser">AGENTSOC\ameen.khan</Data>
    <Data Name="GrantedAccess">0x1410</Data>
    <Data Name="CallTrace">C:\Windows\SYSTEM32\ntdll.dll+9D749|C:\Windows\SYSTEM32\KERNELBASE.dll+2D997|C:\Windows\SYSTEM32\advapi32.dll+4A785</Data>
    
  </EventData>
</Event>
<Event xmlns="http://schemas.microsoft.com/win/2004/08/events/event">
  <System>
    <Provider Name="Microsoft-Windows-Sysmon" Guid="{5770385f-c22a-43e0-bf4c-06f5698ffbd9}"/>
    <EventID>10</EventID>
    <Version>3</Version>
    <Level>4</Level>
    <Task>10</Task>
    <Opcode>0</Opcode>
    <Keywords>0x8000000000000000</Keywords>
    <TimeCreated SystemTime="2024-05-14T14:06:42.6830344Z"/>
    <EventRecordID>230739</EventRecordID>
    <Correlation/>
    <Execution ProcessID="2848" ThreadID="2876"/>
    <Channel>Microsoft-Windows-Sysmon/Operational</Channel>
    <Computer>WS-AMEEN-01.agentsoc.local</Computer>
    <Security UserID="S-1-5-18"/>
  </System>
  <EventData>
    
    <Data Name="RuleName">-</Data>
    <Data Name="UtcTime">2024-05-14 14:06:42.683</Data>
    <Data Name="SourceProcessGUID">{31b3aa98-6954-663b-4700-001096a7e72b}</Data>
    <Data Name="SourceProcessId">5880</Data>
    <Data Name="SourceImage">C:\ProgramData\Microsoft\Windows Defender\Platform\4.18.24030.9-0\MsMpEng.exe</Data>
    <Data Name="SourceThreadId">9660</Data>
    <Data Name="SourceUser">NT AUTHORITY\SYSTEM</Data>
    <Data Name="TargetProcessGUID">{31b3aa98-694b-663b-4f00-00001a3f8401}</Data>
    <Data Name="TargetProcessId">5812</Data>
    <Data Name="TargetImage">C:\Windows\System32\svchost.exe</Data>
    <Data Name="TargetUser">NT AUTHORITY\NETWORK SERVICE</Data>
    <Data Name="GrantedAccess">0x1010</Data>
    <Data Name="CallTrace">C:\Windows\SYSTEM32\ntdll.dll+9D749|C:\Windows\SYSTEM32\KERNELBASE.dll+2D997|C:\Windows\SYSTEM32\advapi32.dll+4A785</Data>
    
  </EventData>
</Event>
<Event xmlns="http://schemas.microsoft.com/win/2004/08/events/event">
  <System>
    <Provider Name="Microsoft-Windows-Sysmon" Guid="{5770385f-c22a-43e0-bf4c-06f5698ffbd9}"/>
    <EventID>11</EventID>
    <Version>2</Version>
    <Level>4</Level>
    <Task>11</Task>
    <Opcode>0</Opcode>
    <Keywords>0x8000000000000000</Keywords>
    <TimeCreated SystemTime="2024-05-14T14:08:20.1592571Z"/>
    <EventRecordID>230743</EventRecordID>
    <Correlation/>
    <Execution ProcessID="2848" ThreadID="2964"/>
    <Channel>Microsoft-Windows-Sysmon/Operational</Channel>
    <Computer>WS-AMEEN-01.agentsoc.local</Computer>
    <Security UserID="S-1-5-18"/>
  </System>
  <EventData>
    
    <Data Name="RuleName">-</Data>
    <Data Name="UtcTime">2024-05-14 14:08:20.159</Data>
    <Data Name="ProcessGuid">{31b3aa98-695c-663b-4402-0000908a9b18}</Data>
    <Data Name="ProcessId">5936</Data>
    <Data Name="Image">C:\Windows\System32\msiexec.exe</Data>
    <Data Name="User">NT AUTHORITY\SYSTEM</Data>
    <Data Name="TargetFilename">C:\Windows\Temp\13266.tmp</Data>
    <Data Name="CreationUtcTime">2024-05-14 14:08:20.159</Data>
    
  </EventData>
</Event>
<Event xmlns="http://schemas.microsoft.com/win/2004/08/events/event">
  <System>
    <Provider Name="Microsoft-Windows-Sysmon" Guid="{5770385f-c22a-43e0-bf4c-06f5698ffbd9}"/>
    <EventID>22</EventID>
    <Version>5</Version>
    <Level>4</Level>
    <Task>22</Task>
    <Opcode>0</Opcode>
    <Keywords>0x8000000000000000</Keywords>
    <TimeCreated SystemTime="2024-05-14T14:08:34.7484944Z"/>
    <EventRecordID>230745</EventRecordID>
    <Correlation/>
    <Execution ProcessID="2848" ThreadID="2876"/>
    <Channel>Microsoft-Windows-Sysmon/Operational</Channel>
    <Computer>WS-AMEEN-01.agentsoc.local</Computer>
    <Security UserID="S-1-5-18"/>
  </System>
  <EventData>
    
    <Data Name="RuleName">-</Data>
    <Data Name="UtcTime">2024-05-14 14:08:34.748</Data>
    <Data Name="ProcessGuid">{31b3aa98-694c-663b-4300-0000abbff32f}</Data>
    <Data Name="ProcessId">5832</Data>
    <Data Name="QueryName">DC-BO-01.agentsoc.local</Data>
    <Data Name="QueryStatus">0</Data>
    <Data Name="QueryResults">10.44.20.10;</Data>
    <Data Name="Image">C:\Windows\System32\svchost.exe</Data>
    <Data Name="User">NT AUTHORITY\LOCAL SERVICE</Data>
    
  </EventData>
</Event>
<Event xmlns="http://schemas.microsoft.com/win/2004/08/events/event">
  <System>
    <Provider Name="Microsoft-Windows-Sysmon" Guid="{5770385f-c22a-43e0-bf4c-06f5698ffbd9}"/>
    <EventID>3</EventID>
    <Version>5</Version>
    <Level>4</Level>
    <Task>3</Task>
    <Opcode>0</Opcode>
    <Keywords>0x8000000000000000</Keywords>
    <TimeCreated SystemTime="2024-05-14T14:09:55.7355999Z"/>
    <EventRecordID>230749</EventRecordID>
    <Correlation/>
    <Execution ProcessID="2848" ThreadID="2876"/>
    <Channel>Microsoft-Windows-Sysmon/Operational</Channel>
    <Computer>WS-AMEEN-01.agentsoc.local</Computer>
    <Security UserID="S-1-5-18"/>
  </System>
  <EventData>
    
    <Data Name="RuleName">-</Data>
    <Data Name="UtcTime">2024-05-14 14:09:55.735</Data>
    <Data Name="ProcessGuid">{31b3aa98-3a4a-6643-ab02-001042c2b800}</Data>
    <Data Name="ProcessId">6156</Data>
    <Data Name="Image">C:\Program Files (x86)\Microsoft\Edge\Application\msedge.exe</Data>
    <Data Name="User">AGENTSOC\ameen.khan</Data>
    <Data Name="Protocol">tcp</Data>
    <Data Name="Initiated">true</Data>
    <Data Name="SourceIsIpv6">false</Data>
    <Data Name="SourceIp">10.44.10.24</Data>
    <Data Name="SourceHostname">WS-AMEEN-01.agentsoc.local</Data>
    <Data Name="SourcePort">63416</Data>
    <Data Name="SourcePortName">-</Data>
    <Data Name="DestinationIsIpv6">false</Data>
    <Data Name="DestinationIp">10.44.20.30</Data>
    <Data Name="DestinationHostname">PROXY-BO-01.agentsoc.local</Data>
    <Data Name="DestinationPort">8080</Data>
    <Data Name="DestinationPortName">http-alt</Data>
    
  </EventData>
</Event>
<Event xmlns="http://schemas.microsoft.com/win/2004/08/events/event">
  <System>
    <Provider Name="Microsoft-Windows-Sysmon" Guid="{5770385f-c22a-43e0-bf4c-06f5698ffbd9}"/>
    <EventID>22</EventID>
    <Version>5</Version>
    <Level>4</Level>
    <Task>22</Task>
    <Opcode>0</Opcode>
    <Keywords>0x8000000000000000</Keywords>
    <TimeCreated SystemTime="2024-05-14T14:11:24.8811943Z"/>
    <EventRecordID>230753</EventRecordID>
    <Correlation/>
    <Execution ProcessID="2848" ThreadID="2876"/>
    <Channel>Microsoft-Windows-Sysmon/Operational</Channel>
    <Computer>WS-AMEEN-01.agentsoc.local</Computer>
    <Security UserID="S-1-5-18"/>
  </System>
  <EventData>
    
    <Data Name="RuleName">-</Data>
    <Data Name="UtcTime">2024-05-14 14:11:24.881</Data>
    <Data Name="ProcessGuid">{31b3aa98-694c-663b-4300-0000abbff32f}</Data>
    <Data Name="ProcessId">5832</Data>
    <Data Name="QueryName">PROXY-BO-01.agentsoc.local</Data>
    <Data Name="QueryStatus">0</Data>
    <Data Name="QueryResults">fd00:2c14:001e::1;</Data>
    <Data Name="Image">C:\Windows\System32\svchost.exe</Data>
    <Data Name="User">NT AUTHORITY\LOCAL SERVICE</Data>
    
  </EventData>
</Event>
<Event xmlns="http://schemas.microsoft.com/win/2004/08/events/event">
  <System>
    <Provider Name="Microsoft-Windows-Sysmon" Guid="{5770385f-c22a-43e0-bf4c-06f5698ffbd9}"/>
    <EventID>10</EventID>
    <Version>3</Version>
    <Level>4</Level>
    <Task>10</Task>
    <Opcode>0</Opcode>
    <Keywords>0x8000000000000000</Keywords>
    <TimeCreated SystemTime="2024-05-14T14:13:31.4800973Z"/>
    <EventRecordID>230765</EventRecordID>
    <Correlation/>
    <Execution ProcessID="2848" ThreadID="1672"/>
    <Channel>Microsoft-Windows-Sysmon/Operational</Channel>
    <Computer>WS-AMEEN-01.agentsoc.local</Computer>
    <Security UserID="S-1-5-18"/>
  </System>
  <EventData>
    
    <Data Name="RuleName">-</Data>
    <Data Name="UtcTime">2024-05-14 14:13:31.480</Data>
    <Data Name="SourceProcessGUID">{31b3aa98-6957-663b-ad00-000002eebeb4}</Data>
    <Data Name="SourceProcessId">5920</Data>
    <Data Name="SourceImage">C:\Windows\System32\dllhost.exe</Data>
    <Data Name="SourceThreadId">9476</Data>
    <Data Name="SourceUser">NT AUTHORITY\SYSTEM</Data>
    <Data Name="TargetProcessGUID">{31b3aa98-6964-663b-a302-0010de599931}</Data>
    <Data Name="TargetProcessId">5984</Data>
    <Data Name="TargetImage">C:\Windows\explorer.exe</Data>
    <Data Name="TargetUser">AGENTSOC\ameen.khan</Data>
    <Data Name="GrantedAccess">0x1400</Data>
    <Data Name="CallTrace">C:\Windows\SYSTEM32\ntdll.dll+9D749|C:\Windows\SYSTEM32\KERNELBASE.dll+2D997|C:\Windows\SYSTEM32\advapi32.dll+4A785</Data>
    
  </EventData>
</Event>
<Event xmlns="http://schemas.microsoft.com/win/2004/08/events/event">
  <System>
    <Provider Name="Microsoft-Windows-Sysmon" Guid="{5770385f-c22a-43e0-bf4c-06f5698ffbd9}"/>
    <EventID>3</EventID>
    <Version>5</Version>
    <Level>4</Level>
    <Task>3</Task>
    <Opcode>0</Opcode>
    <Keywords>0x8000000000000000</Keywords>
    <TimeCreated SystemTime="2024-05-14T14:14:01.5101777Z"/>
    <EventRecordID>230767</EventRecordID>
    <Correlation/>
    <Execution ProcessID="2848" ThreadID="2964"/>
    <Channel>Microsoft-Windows-Sysmon/Operational</Channel>
    <Computer>WS-AMEEN-01.agentsoc.local</Computer>
    <Security UserID="S-1-5-18"/>
  </System>
  <EventData>
    
    <Data Name="RuleName">-</Data>
    <Data Name="UtcTime">2024-05-14 14:14:01.510</Data>
    <Data Name="ProcessGuid">{31b3aa98-3a4a-6643-ab02-001042c2b800}</Data>
    <Data Name="ProcessId">6156</Data>
    <Data Name="Image">C:\Program Files (x86)\Microsoft\Edge\Application\msedge.exe</Data>
    <Data Name="User">AGENTSOC\ameen.khan</Data>
    <Data Name="Protocol">tcp</Data>
    <Data Name="Initiated">true</Data>
    <Data Name="SourceIsIpv6">false</Data>
    <Data Name="SourceIp">10.44.10.24</Data>
    <Data Name="SourceHostname">WS-AMEEN-01.agentsoc.local</Data>
    <Data Name="SourcePort">52291</Data>
    <Data Name="SourcePortName">-</Data>
    <Data Name="DestinationIsIpv6">false</Data>
    <Data Name="DestinationIp">10.44.20.30</Data>
    <Data Name="DestinationHostname">PROXY-BO-01.agentsoc.local</Data>
    <Data Name="DestinationPort">8080</Data>
    <Data Name="DestinationPortName">http-alt</Data>
    
  </EventData>
</Event>
<Event xmlns="http://schemas.microsoft.com/win/2004/08/events/event">
  <System>
    <Provider Name="Microsoft-Windows-Sysmon" Guid="{5770385f-c22a-43e0-bf4c-06f5698ffbd9}"/>
    <EventID>10</EventID>
    <Version>3</Version>
    <Level>4</Level>
    <Task>10</Task>
    <Opcode>0</Opcode>
    <Keywords>0x8000000000000000</Keywords>
    <TimeCreated SystemTime="2024-05-14T14:14:53.7158083Z"/>
    <EventRecordID>230769</EventRecordID>
    <Correlation/>
    <Execution ProcessID="2848" ThreadID="1672"/>
    <Channel>Microsoft-Windows-Sysmon/Operational</Channel>
    <Computer>WS-AMEEN-01.agentsoc.local</Computer>
    <Security UserID="S-1-5-18"/>
  </System>
  <EventData>
    
    <Data Name="RuleName">-</Data>
    <Data Name="UtcTime">2024-05-14 14:14:53.715</Data>
    <Data Name="SourceProcessGUID">{31b3aa98-694b-663b-4f00-00001a3f8401}</Data>
    <Data Name="SourceProcessId">5812</Data>
    <Data Name="SourceImage">C:\Windows\System32\svchost.exe</Data>
    <Data Name="SourceThreadId">6888</Data>
    <Data Name="SourceUser">NT AUTHORITY\NETWORK SERVICE</Data>
    <Data Name="TargetProcessGUID">{31b3aa98-6946-663b-4b02-00103e21593c}</Data>
    <Data Name="TargetProcessId">5788</Data>
    <Data Name="TargetImage">C:\Windows\System32\lsass.exe</Data>
    <Data Name="TargetUser">NT AUTHORITY\SYSTEM</Data>
    <Data Name="GrantedAccess">0x1000</Data>
    <Data Name="CallTrace">C:\Windows\SYSTEM32\ntdll.dll+9D29C|C:\Windows\SYSTEM32\RPCRT4.dll+7CB00|C:\Windows\SYSTEM32\KERNELBASE.dll+2E97A</Data>
    
  </EventData>
</Event>
<Event xmlns="http://schemas.microsoft.com/win/2004/08/events/event">
  <System>
    <Provider Name="Microsoft-Windows-Sysmon" Guid="{5770385f-c22a-43e0-bf4c-06f5698ffbd9}"/>
    <EventID>10</EventID>
    <Version>3</Version>
    <Level>4</Level>
    <Task>10</Task>
    <Opcode>0</Opcode>
    <Keywords>0x8000000000000000</Keywords>
    <TimeCreated SystemTime="2024-05-14T14:17:19.2544693Z"/>
    <EventRecordID>230775</EventRecordID>
    <Correlation/>
    <Execution ProcessID="2848" ThreadID="2876"/>
    <Channel>Microsoft-Windows-Sysmon/Operational</Channel>
    <Computer>WS-AMEEN-01.agentsoc.local</Computer>
    <Security UserID="S-1-5-18"/>
  </System>
  <EventData>
    
    <Data Name="RuleName">-</Data>
    <Data Name="UtcTime">2024-05-14 14:17:19.254</Data>
    <Data Name="SourceProcessGUID">{31b3aa98-6954-663b-4700-001096a7e72b}</Data>
    <Data Name="SourceProcessId">5880</Data>
    <Data Name="SourceImage">C:\ProgramData\Microsoft\Windows Defender\Platform\4.18.24030.9-0\MsMpEng.exe</Data>
    <Data Name="SourceThreadId">9448</Data>
    <Data Name="SourceUser">NT AUTHORITY\SYSTEM</Data>
    <Data Name="TargetProcessGUID">{31b3aa98-6964-663b-a302-0010de599931}</Data>
    <Data Name="TargetProcessId">5984</Data>
    <Data Name="TargetImage">C:\Windows\explorer.exe</Data>
    <Data Name="TargetUser">AGENTSOC\ameen.khan</Data>
    <Data Name="GrantedAccess">0x1410</Data>
    <Data Name="CallTrace">C:\Windows\SYSTEM32\ntdll.dll+9D749|C:\Windows\SYSTEM32\KERNELBASE.dll+2D997|C:\Windows\SYSTEM32\advapi32.dll+4A785</Data>
    
  </EventData>
</Event>
<Event xmlns="http://schemas.microsoft.com/win/2004/08/events/event">
  <System>
    <Provider Name="Microsoft-Windows-Sysmon" Guid="{5770385f-c22a-43e0-bf4c-06f5698ffbd9}"/>
    <EventID>13</EventID>
    <Version>2</Version>
    <Level>4</Level>
    <Task>13</Task>
    <Opcode>0</Opcode>
    <Keywords>0x8000000000000000</Keywords>
    <TimeCreated SystemTime="2024-05-14T14:17:41.5763641Z"/>
    <EventRecordID>230891</EventRecordID>
    <Correlation/>
    <Execution ProcessID="2848" ThreadID="1672"/>
    <Channel>Microsoft-Windows-Sysmon/Operational</Channel>
    <Computer>WS-AMEEN-01.agentsoc.local</Computer>
    <Security UserID="S-1-5-18"/>
  </System>
  <EventData>
    
    <Data Name="RuleName">-</Data>
    <Data Name="EventType">SetValue</Data>
    <Data Name="UtcTime">2024-05-14 14:17:41.576</Data>
    <Data Name="ProcessGuid">{31b3aa98-6963-663b-0b02-0000209e0d25}</Data>
    <Data Name="ProcessId">6096</Data>
    <Data Name="Image">C:\Windows\System32\RuntimeBroker.exe</Data>
    <Data Name="User">AGENTSOC\ameen.khan</Data>
    <Data Name="TargetObject">HKU\S-1-5-21-1223493204-1473060041-1971563278-1004\Software\Microsoft\Windows\CurrentVersion\Explorer\UserAssist\{CEBFF5CD-ACE2-4F4F-9178-9926F41749EA}\Count\HRZR_EHACNGU:P:\Hfref\nzrra.xuna\NccQngn\Ebnzvat\Zvpebfbsg\Jvaqbjf\Fgneg Zrah\Cebtenzf\Fynpx.yax</Data>
    <Data Name="Details">8A F5 79 E2 22 BD E1 49 EC 2D 77 05 CE A1 58 6E A0 99 E4 14 EE 51 8C 4F 75 81 48 32 0B 85 6D D0 DE B3 2F 24 E3 90 D0 CC</Data>
    
  </EventData>
</Event>
<Event xmlns="http://schemas.microsoft.com/win/2004/08/events/event">
  <System>
    <Provider Name="Microsoft-Windows-Sysmon" Guid="{5770385f-c22a-43e0-bf4c-06f5698ffbd9}"/>
    <EventID>5</EventID>
    <Version>3</Version>
    <Level>4</Level>
    <Task>5</Task>
    <Opcode>0</Opcode>
    <Keywords>0x8000000000000000</Keywords>
    <TimeCreated SystemTime="2024-05-14T14:18:19.6734004Z"/>
    <EventRecordID>230893</EventRecordID>
    <Correlation/>
    <Execution ProcessID="2848" ThreadID="2876"/>
    <Channel>Microsoft-Windows-Sysmon/Operational</Channel>
    <Computer>WS-AMEEN-01.agentsoc.local</Computer>
    <Security UserID="S-1-5-18"/>
  </System>
  <EventData>
    
    <Data Name="RuleName">-</Data>
    <Data Name="UtcTime">2024-05-14 14:18:19.673</Data>
    <Data Name="ProcessGuid">{31b3aa98-69b4-6643-fe00-0000d54e6b9d}</Data>
    <Data Name="ProcessId">6876</Data>
    <Data Name="Image">C:\Windows\System32\SearchFilterHost.exe</Data>
    <Data Name="User">NT AUTHORITY\SYSTEM</Data>
    
  </EventData>
</Event>
<Event xmlns="http://schemas.microsoft.com/win/2004/08/events/event">
  <System>
    <Provider Name="Microsoft-Windows-Sysmon" Guid="{5770385f-c22a-43e0-bf4c-06f5698ffbd9}"/>
    <EventID>3</EventID>
    <Version>5</Version>
    <Level>4</Level>
    <Task>3</Task>
    <Opcode>0</Opcode>
    <Keywords>0x8000000000000000</Keywords>
    <TimeCreated SystemTime="2024-05-14T14:19:25.9058395Z"/>
    <EventRecordID>230896</EventRecordID>
    <Correlation/>
    <Execution ProcessID="2848" ThreadID="4804"/>
    <Channel>Microsoft-Windows-Sysmon/Operational</Channel>
    <Computer>WS-AMEEN-01.agentsoc.local</Computer>
    <Security UserID="S-1-5-18"/>
  </System>
  <EventData>
    
    <Data Name="RuleName">-</Data>
    <Data Name="UtcTime">2024-05-14 14:19:25.905</Data>
    <Data Name="ProcessGuid">{31b3aa98-3a4a-6643-ab02-001042c2b800}</Data>
    <Data Name="ProcessId">6156</Data>
    <Data Name="Image">C:\Program Files (x86)\Microsoft\Edge\Application\msedge.exe</Data>
    <Data Name="User">AGENTSOC\ameen.khan</Data>
    <Data Name="Protocol">tcp</Data>
    <Data Name="Initiated">true</Data>
    <Data Name="SourceIsIpv6">false</Data>
    <Data Name="SourceIp">10.44.10.24</Data>
    <Data Name="SourceHostname">WS-AMEEN-01.agentsoc.local</Data>
    <Data Name="SourcePort">50896</Data>
    <Data Name="SourcePortName">-</Data>
    <Data Name="DestinationIsIpv6">false</Data>
    <Data Name="DestinationIp">10.44.20.30</Data>
    <Data Name="DestinationHostname">PROXY-BO-01.agentsoc.local</Data>
    <Data Name="DestinationPort">8080</Data>
    <Data Name="DestinationPortName">http-alt</Data>
    
  </EventData>
</Event>
<Event xmlns="http://schemas.microsoft.com/win/2004/08/events/event">
  <System>
    <Provider Name="Microsoft-Windows-Sysmon" Guid="{5770385f-c22a-43e0-bf4c-06f5698ffbd9}"/>
    <EventID>22</EventID>
    <Version>5</Version>
    <Level>4</Level>
    <Task>22</Task>
    <Opcode>0</Opcode>
    <Keywords>0x8000000000000000</Keywords>
    <TimeCreated SystemTime="2024-05-14T14:19:55.9512205Z"/>
    <EventRecordID>230898</EventRecordID>
    <Correlation/>
    <Execution ProcessID="2848" ThreadID="2876"/>
    <Channel>Microsoft-Windows-Sysmon/Operational</Channel>
    <Computer>WS-AMEEN-01.agentsoc.local</Computer>
    <Security UserID="S-1-5-18"/>
  </System>
  <EventData>
    
    <Data Name="RuleName">-</Data>
    <Data Name="UtcTime">2024-05-14 14:19:55.951</Data>
    <Data Name="ProcessGuid">{31b3aa98-694c-663b-4300-0000abbff32f}</Data>
    <Data Name="ProcessId">5832</Data>
    <Data Name="QueryName">DC-BO-01.agentsoc.local</Data>
    <Data Name="QueryStatus">0</Data>
    <Data Name="QueryResults">10.44.20.10;</Data>
    <Data Name="Image">C:\Windows\System32\svchost.exe</Data>
    <Data Name="User">NT AUTHORITY\LOCAL SERVICE</Data>
    
  </EventData>
</Event>
<Event xmlns="http://schemas.microsoft.com/win/2004/08/events/event">
  <System>
    <Provider Name="Microsoft-Windows-Sysmon" Guid="{5770385f-c22a-43e0-bf4c-06f5698ffbd9}"/>
    <EventID>13</EventID>
    <Version>2</Version>
    <Level>4</Level>
    <Task>13</Task>
    <Opcode>0</Opcode>
    <Keywords>0x8000000000000000</Keywords>
    <TimeCreated SystemTime="2024-05-14T14:22:16.0903370Z"/>
    <EventRecordID>230903</EventRecordID>
    <Correlation/>
    <Execution ProcessID="2848" ThreadID="2964"/>
    <Channel>Microsoft-Windows-Sysmon/Operational</Channel>
    <Computer>WS-AMEEN-01.agentsoc.local</Computer>
    <Security UserID="S-1-5-18"/>
  </System>
  <EventData>
    
    <Data Name="RuleName">-</Data>
    <Data Name="EventType">SetValue</Data>
    <Data Name="UtcTime">2024-05-14 14:22:16.090</Data>
    <Data Name="ProcessGuid">{31b3aa98-6963-663b-0b02-0000209e0d25}</Data>
    <Data Name="ProcessId">6096</Data>
    <Data Name="Image">C:\Windows\System32\RuntimeBroker.exe</Data>
    <Data Name="User">AGENTSOC\ameen.khan</Data>
    <Data Name="TargetObject">HKU\S-1-5-21-1223493204-1473060041-1971563278-1004\Software\Microsoft\Windows\CurrentVersion\Explorer\UserAssist\{CEBFF5CD-ACE2-4F4F-9178-9926F41749EA}\Count\HRZR_EHACNGU:P:\Hfref\nzrra.xuna\NccQngn\Ebnzvat\Zvpebfbsg\Jvaqbjf\Fgneg Zrah\Cebtenzf\Fynpx.yax</Data>
    <Data Name="Details">88 66 04 34 44 78 8F 5A 8D 67 1C 36 53 42 79 E3 EB B4 2D 92 07 51 EF C4 CF DF AC 71 2B 4C 3C 79 81 D5 9D 77 B4 0F 2A 30</Data>
    
  </EventData>
</Event>
<Event xmlns="http://schemas.microsoft.com/win/2004/08/events/event">
  <System>
    <Provider Name="Microsoft-Windows-Sysmon" Guid="{5770385f-c22a-43e0-bf4c-06f5698ffbd9}"/>
    <EventID>22</EventID>
    <Version>5</Version>
    <Level>4</Level>
    <Task>22</Task>
    <Opcode>0</Opcode>
    <Keywords>0x8000000000000000</Keywords>
    <TimeCreated SystemTime="2024-05-14T14:22:24.3559114Z"/>
    <EventRecordID>230905</EventRecordID>
    <Correlation/>
    <Execution ProcessID="2848" ThreadID="2876"/>
    <Channel>Microsoft-Windows-Sysmon/Operational</Channel>
    <Computer>WS-AMEEN-01.agentsoc.local</Computer>
    <Security UserID="S-1-5-18"/>
  </System>
  <EventData>
    
    <Data Name="RuleName">-</Data>
    <Data Name="UtcTime">2024-05-14 14:22:24.355</Data>
    <Data Name="ProcessGuid">{31b3aa98-694c-663b-4300-0000abbff32f}</Data>
    <Data Name="ProcessId">5832</Data>
    <Data Name="QueryName">10.20.44.10.in-addr.arpa</Data>
    <Data Name="QueryStatus">0</Data>
    <Data Name="QueryResults">DC-BO-01.agentsoc.local;</Data>
    <Data Name="Image">C:\Windows\System32\svchost.exe</Data>
    <Data Name="User">NT AUTHORITY\LOCAL SERVICE</Data>
    
  </EventData>
</Event>
<Event xmlns="http://schemas.microsoft.com/win/2004/08/events/event">
  <System>
    <Provider Name="Microsoft-Windows-Sysmon" Guid="{5770385f-c22a-43e0-bf4c-06f5698ffbd9}"/>
    <EventID>3</EventID>
    <Version>5</Version>
    <Level>4</Level>
    <Task>3</Task>
    <Opcode>0</Opcode>
    <Keywords>0x8000000000000000</Keywords>
    <TimeCreated SystemTime="2024-05-14T14:22:26.7610590Z"/>
    <EventRecordID>230906</EventRecordID>
    <Correlation/>
    <Execution ProcessID="2848" ThreadID="2964"/>
    <Channel>Microsoft-Windows-Sysmon/Operational</Channel>
    <Computer>WS-AMEEN-01.agentsoc.local</Computer>
    <Security UserID="S-1-5-18"/>
  </System>
  <EventData>
    
    <Data Name="RuleName">-</Data>
    <Data Name="UtcTime">2024-05-14 14:22:26.761</Data>
    <Data Name="ProcessGuid">{31b3aa98-6946-663b-4b02-00103e21593c}</Data>
    <Data Name="ProcessId">5788</Data>
    <Data Name="Image">C:\Windows\System32\lsass.exe</Data>
    <Data Name="User">NT AUTHORITY\SYSTEM</Data>
    <Data Name="Protocol">tcp</Data>
    <Data Name="Initiated">true</Data>
    <Data Name="SourceIsIpv6">false</Data>
    <Data Name="SourceIp">10.44.10.24</Data>
    <Data Name="SourceHostname">WS-AMEEN-01.agentsoc.local</Data>
    <Data Name="SourcePort">57870</Data>
    <Data Name="SourcePortName">-</Data>
    <Data Name="DestinationIsIpv6">false</Data>
    <Data Name="DestinationIp">10.44.20.10</Data>
    <Data Name="DestinationHostname">DC-BO-01.agentsoc.local</Data>
    <Data Name="DestinationPort">389</Data>
    <Data Name="DestinationPortName">ldap</Data>
    
  </EventData>
</Event>
<Event xmlns="http://schemas.microsoft.com/win/2004/08/events/event">
  <System>
    <Provider Name="Microsoft-Windows-Sysmon" Guid="{5770385f-c22a-43e0-bf4c-06f5698ffbd9}"/>
    <EventID>22</EventID>
    <Version>5</Version>
    <Level>4</Level>
    <Task>22</Task>
    <Opcode>0</Opcode>
    <Keywords>0x8000000000000000</Keywords>
    <TimeCreated SystemTime="2024-05-14T14:24:12.0935657Z"/>
    <EventRecordID>230942</EventRecordID>
    <Correlation/>
    <Execution ProcessID="2848" ThreadID="2876"/>
    <Channel>Microsoft-Windows-Sysmon/Operational</Channel>
    <Computer>WS-AMEEN-01.agentsoc.local</Computer>
    <Security UserID="S-1-5-18"/>
  </System>
  <EventData>
    
    <Data Name="RuleName">-</Data>
    <Data Name="UtcTime">2024-05-14 14:24:12.093</Data>
    <Data Name="ProcessGuid">{31b3aa98-694c-663b-4300-0000abbff32f}</Data>
    <Data Name="ProcessId">5832</Data>
    <Data Name="QueryName">WEB-BO-01.agentsoc.local</Data>
    <Data Name="QueryStatus">0</Data>
    <Data Name="QueryResults">10.44.30.10;</Data>
    <Data Name="Image">C:\Windows\System32\svchost.exe</Data>
    <Data Name="User">NT AUTHORITY\LOCAL SERVICE</Data>
    
  </EventData>
</Event>
<Event xmlns="http://schemas.microsoft.com/win/2004/08/events/event">
  <System>
    <Provider Name="Microsoft-Windows-Sysmon" Guid="{5770385f-c22a-43e0-bf4c-06f5698ffbd9}"/>
    <EventID>3</EventID>
    <Version>5</Version>
    <Level>4</Level>
    <Task>3</Task>
    <Opcode>0</Opcode>
    <Keywords>0x8000000000000000</Keywords>
    <TimeCreated SystemTime="2024-05-14T14:24:12.5375360Z"/>
    <EventRecordID>231037</EventRecordID>
    <Correlation/>
    <Execution ProcessID="2848" ThreadID="2876"/>
    <Channel>Microsoft-Windows-Sysmon/Operational</Channel>
    <Computer>WS-AMEEN-01.agentsoc.local</Computer>
    <Security UserID="S-1-5-18"/>
  </System>
  <EventData>
    
    <Data Name="RuleName">-</Data>
    <Data Name="UtcTime">2024-05-14 14:24:12.537</Data>
    <Data Name="ProcessGuid">{31b3aa98-694c-663b-4300-0000abbff32f}</Data>
    <Data Name="ProcessId">5832</Data>
    <Data Name="Image">C:\Windows\System32\svchost.exe</Data>
    <Data Name="User">NT AUTHORITY\LOCAL SERVICE</Data>
    <Data Name="Protocol">udp</Data>
    <Data Name="Initiated">true</Data>
    <Data Name="SourceIsIpv6">false</Data>
    <Data Name="SourceIp">10.44.10.24</Data>
    <Data Name="SourceHostname">WS-AMEEN-01.agentsoc.local</Data>
    <Data Name="SourcePort">57164</Data>
    <Data Name="SourcePortName">-</Data>
    <Data Name="DestinationIsIpv6">false</Data>
    <Data Name="DestinationIp">10.44.20.10</Data>
    <Data Name="DestinationHostname">DC-BO-01.agentsoc.local</Data>
    <Data Name="DestinationPort">53</Data>
    <Data Name="DestinationPortName">domain</Data>
    
  </EventData>
</Event>
<Event xmlns="http://schemas.microsoft.com/win/2004/08/events/event">
  <System>
    <Provider Name="Microsoft-Windows-Sysmon" Guid="{5770385f-c22a-43e0-bf4c-06f5698ffbd9}"/>
    <EventID>22</EventID>
    <Version>5</Version>
    <Level>4</Level>
    <Task>22</Task>
    <Opcode>0</Opcode>
    <Keywords>0x8000000000000000</Keywords>
    <TimeCreated SystemTime="2024-05-14T14:30:22.7124907Z"/>
    <EventRecordID>231051</EventRecordID>
    <Correlation/>
    <Execution ProcessID="2848" ThreadID="2876"/>
    <Channel>Microsoft-Windows-Sysmon/Operational</Channel>
    <Computer>WS-AMEEN-01.agentsoc.local</Computer>
    <Security UserID="S-1-5-18"/>
  </System>
  <EventData>
    
    <Data Name="RuleName">-</Data>
    <Data Name="UtcTime">2024-05-14 14:30:22.712</Data>
    <Data Name="ProcessGuid">{31b3aa98-694c-663b-4300-0000abbff32f}</Data>
    <Data Name="ProcessId">5832</Data>
    <Data Name="QueryName">DC-BO-01.agentsoc.local</Data>
    <Data Name="QueryStatus">0</Data>
    <Data Name="QueryResults">10.44.20.10;</Data>
    <Data Name="Image">C:\Windows\System32\svchost.exe</Data>
    <Data Name="User">NT AUTHORITY\LOCAL SERVICE</Data>
    
  </EventData>
</Event>
<Event xmlns="http://schemas.microsoft.com/win/2004/08/events/event">
  <System>
    <Provider Name="Microsoft-Windows-Sysmon" Guid="{5770385f-c22a-43e0-bf4c-06f5698ffbd9}"/>
    <EventID>10</EventID>
    <Version>3</Version>
    <Level>4</Level>
    <Task>10</Task>
    <Opcode>0</Opcode>
    <Keywords>0x8000000000000000</Keywords>
    <TimeCreated SystemTime="2024-05-14T14:30:56.3985695Z"/>
    <EventRecordID>231063</EventRecordID>
    <Correlation/>
    <Execution ProcessID="2848" ThreadID="2876"/>
    <Channel>Microsoft-Windows-Sysmon/Operational</Channel>
    <Computer>WS-AMEEN-01.agentsoc.local</Computer>
    <Security UserID="S-1-5-18"/>
  </System>
  <EventData>
    
    <Data Name="RuleName">-</Data>
    <Data Name="UtcTime">2024-05-14 14:30:56.398</Data>
    <Data Name="SourceProcessGUID">{31b3aa98-6945-663b-5900-00107ae20c31}</Data>
    <Data Name="SourceProcessId">5784</Data>
    <Data Name="SourceImage">C:\Windows\System32\services.exe</Data>
    <Data Name="SourceThreadId">2068</Data>
    <Data Name="SourceUser">NT AUTHORITY\SYSTEM</Data>
    <Data Name="TargetProcessGUID">{31b3aa98-6946-663b-4b02-00103e21593c}</Data>
    <Data Name="TargetProcessId">5788</Data>
    <Data Name="TargetImage">C:\Windows\System32\lsass.exe</Data>
    <Data Name="TargetUser">NT AUTHORITY\SYSTEM</Data>
    <Data Name="GrantedAccess">0x1000</Data>
    <Data Name="CallTrace">C:\Windows\SYSTEM32\ntdll.dll+9C787|C:\Windows\SYSTEM32\KERNELBASE.dll+2EBC8|C:\Windows\SYSTEM32\sechost.dll+133E4</Data>
    
  </EventData>
</Event>
<Event xmlns="http://schemas.microsoft.com/win/2004/08/events/event">
  <System>
    <Provider Name="Microsoft-Windows-Sysmon" Guid="{5770385f-c22a-43e0-bf4c-06f5698ffbd9}"/>
    <EventID>13</EventID>
    <Version>2</Version>
    <Level>4</Level>
    <Task>13</Task>
    <Opcode>0</Opcode>
    <Keywords>0x8000000000000000</Keywords>
    <TimeCreated SystemTime="2024-05-14T14:31:34.1566139Z"/>
    <EventRecordID>231066</EventRecordID>
    <Correlation/>
    <Execution ProcessID="2848" ThreadID="1672"/>
    <Channel>Microsoft-Windows-Sysmon/Operational</Channel>
    <Computer>WS-AMEEN-01.agentsoc.local</Computer>
    <Security UserID="S-1-5-18"/>
  </System>
  <EventData>
    
    <Data Name="RuleName">-</Data>
    <Data Name="EventType">SetValue</Data>
    <Data Name="UtcTime">2024-05-14 14:31:34.156</Data>
    <Data Name="ProcessGuid">{31b3aa98-6945-663b-5900-00107ae20c31}</Data>
    <Data Name="ProcessId">5784</Data>
    <Data Name="Image">C:\Windows\System32\services.exe</Data>
    <Data Name="User">NT AUTHORITY\SYSTEM</Data>
    <Data Name="TargetObject">HKLM\SOFTWARE\Microsoft\Windows\CurrentVersion\Component Based Servicing\Packages\Package_for_ServicingStack~31bf3856ad364e35~amd64~~10.0.22621.74\CurrentState</Data>
    <Data Name="Details">DWORD (0x00000070)</Data>
    
  </EventData>
</Event>
<Event xmlns="http://schemas.microsoft.com/win/2004/08/events/event">
  <System>
    <Provider Name="Microsoft-Windows-Sysmon" Guid="{5770385f-c22a-43e0-bf4c-06f5698ffbd9}"/>
    <EventID>13</EventID>
    <Version>2</Version>
    <Level>4</Level>
    <Task>13</Task>
    <Opcode>0</Opcode>
    <Keywords>0x8000000000000000</Keywords>
    <TimeCreated SystemTime="2024-05-14T14:33:31.2935406Z"/>
    <EventRecordID>231071</EventRecordID>
    <Correlation/>
    <Execution ProcessID="2848" ThreadID="2876"/>
    <Channel>Microsoft-Windows-Sysmon/Operational</Channel>
    <Computer>WS-AMEEN-01.agentsoc.local</Computer>
    <Security UserID="S-1-5-18"/>
  </System>
  <EventData>
    
    <Data Name="RuleName">-</Data>
    <Data Name="EventType">SetValue</Data>
    <Data Name="UtcTime">2024-05-14 14:33:31.293</Data>
    <Data Name="ProcessGuid">{31b3aa98-694b-663b-4f00-00001a3f8401}</Data>
    <Data Name="ProcessId">5812</Data>
    <Data Name="Image">C:\Windows\System32\svchost.exe</Data>
    <Data Name="User">NT AUTHORITY\NETWORK SERVICE</Data>
    <Data Name="TargetObject">HKLM\SYSTEM\CurrentControlSet\Services\Tcpip\Parameters\Interfaces\{A5E3BC61-D141-213F-9A3C-00000BED261E}\DhcpIPAddress</Data>
    <Data Name="Details">10.44.10.24</Data>
    
  </EventData>
</Event>
<Event xmlns="http://schemas.microsoft.com/win/2004/08/events/event">
  <System>
    <Provider Name="Microsoft-Windows-Sysmon" Guid="{5770385f-c22a-43e0-bf4c-06f5698ffbd9}"/>
    <EventID>1</EventID>
    <Version>5</Version>
    <Level>4</Level>
    <Task>1</Task>
    <Opcode>0</Opcode>
    <Keywords>0x8000000000000000</Keywords>
    <TimeCreated SystemTime="2024-05-14T14:33:44.1050908Z"/>
    <EventRecordID>231072</EventRecordID>
    <Correlation/>
    <Execution ProcessID="2848" ThreadID="2964"/>
    <Channel>Microsoft-Windows-Sysmon/Operational</Channel>
    <Computer>WS-AMEEN-01.agentsoc.local</Computer>
    <Security UserID="S-1-5-18"/>
  </System>
  <EventData>
    
    <Data Name="RuleName">-</Data>
    <Data Name="UtcTime">2024-05-14 14:33:44.105</Data>
    <Data Name="ProcessGuid">{31b3aa98-7648-6643-f702-0000b5a4f7e9}</Data>
    <Data Name="ProcessId">6976</Data>
    <Data Name="Image">C:\Program Files (x86)\Common Files\Adobe\ARM\1.0\AdobeARM.exe</Data>
    <Data Name="FileVersion">-</Data>
    <Data Name="Description">-</Data>
    <Data Name="Product">-</Data>
    <Data Name="Company">-</Data>
    <Data Name="OriginalFileName">-</Data>
    <Data Name="CommandLine">AdobeARM.exe /Update</Data>
    <Data Name="CurrentDirectory">C:\Windows\System32\</Data>
    <Data Name="User">NT AUTHORITY\SYSTEM</Data>
    <Data Name="LogonGuid">{1bda0869-f218-44a5-8f6a-69bd92a8e6f8}</Data>
    <Data Name="LogonId">0x3e7</Data>
    <Data Name="TerminalSessionId">0</Data>
    <Data Name="IntegrityLevel">System</Data>
    <Data Name="Hashes">SHA1=01BD75C9D4E5A5A31360E5D1D2876AC7FA87A57A,MD5=2660FCA4824B037372B7C0ADAB02A76A,SHA256=DCCE402B9C72278DBA9EE0948BBC8AE6CCB5FA290D0AF1B937AB6DED1FCF7B05,IMPHASH=4E700D57A159D56556A2A0C08DA18C89</Data>
    <Data Name="ParentProcessGuid">{31b3aa98-695c-663b-d902-0000ea68416f}</Data>
    <Data Name="ParentProcessId">5944</Data>
    <Data Name="ParentImage">C:\Windows\System32\taskhostw.exe</Data>
    <Data Name="ParentCommandLine">taskhostw.exe</Data>
    <Data Name="ParentUser">NT AUTHORITY\SYSTEM</Data>
    
  </EventData>
</Event>
