<Event xmlns="http://schemas.microsoft.com/win/2004/08/events/event">
  <System>
    
    <Provider Name="Microsoft-Windows-Security-Auditing" Guid="{54849625-5478-4994-a5ba-3e3b0328c30d}"/>
    
    <EventID>5156</EventID>
    <Version>1</Version>
    <Level>0</Level>
    <Task>12810</Task>
    <Opcode>0</Opcode>
    <Keywords>0x8020000000000000</Keywords>
    <TimeCreated SystemTime="2024-05-14T15:08:29.4404229Z"/>
    <EventRecordID>546918</EventRecordID>
    <Correlation/>
    <Execution ProcessID="4" ThreadID="140"/>
    <Channel>Security</Channel>
    <Computer>WS-AMEEN-01.agentsoc.local</Computer>
    
    <Security/>
    
  </System>
  
  <EventData>
    
    <Data Name="ProcessID">5788</Data>
    <Data Name="Application">\device\harddiskvolume1\windows\system32\lsass.exe</Data>
    <Data Name="Direction">%%14593</Data>
    <Data Name="SourceAddress">10.44.10.24</Data>
    <Data Name="SourcePort">53817</Data>
    <Data Name="DestAddress">10.44.20.10</Data>
    <Data Name="DestPort">88</Data>
    <Data Name="Protocol">17</Data>
    <Data Name="FilterRTID">37313</Data>
    <Data Name="LayerName">%%14611</Data>
    <Data Name="LayerRTID">48</Data>
    <Data Name="RemoteUserID">S-1-0-0</Data>
    <Data Name="RemoteMachineID">S-1-0-0</Data>
    
  </EventData>
  
</Event>
<Event xmlns="http://schemas.microsoft.com/win/2004/08/events/event">
  <System>
    
    <Provider Name="Microsoft-Windows-Security-Auditing" Guid="{54849625-5478-4994-a5ba-3e3b0328c30d}"/>
    
    <EventID>5156</EventID>
    <Version>1</Version>
    <Level>0</Level>
    <Task>12810</Task>
    <Opcode>0</Opcode>
    <Keywords>0x8020000000000000</Keywords>
    <TimeCreated SystemTime="2024-05-14T15:10:36.9076862Z"/>
    <EventRecordID>546923</EventRecordID>
    <Correlation/>
    <Execution ProcessID="4" ThreadID="96"/>
    <Channel>Security</Channel>
    <Computer>WS-AMEEN-01.agentsoc.local</Computer>
    
    <Security/>
    
  </System>
  
  <EventData>
    
    <Data Name="ProcessID">6156</Data>
    <Data Name="Application">\device\harddiskvolume1\program files (x86)\microsoft\edge\application\msedge.exe</Data>
    <Data Name="Direction">%%14593</Data>
    <Data Name="SourceAddress">10.44.10.24</Data>
    <Data Name="SourcePort">60035</Data>
    <Data Name="DestAddress">10.44.20.30</Data>
    <Data Name="DestPort">8080</Data>
    <Data Name="Protocol">6</Data>
    <Data Name="FilterRTID">37378</Data>
    <Data Name="LayerName">%%14611</Data>
    <Data Name="LayerRTID">48</Data>
    <Data Name="RemoteUserID">S-1-0-0</Data>
    <Data Name="RemoteMachineID">S-1-0-0</Data>
    
  </EventData>
  
</Event>
<Event xmlns="http://schemas.microsoft.com/win/2004/08/events/event">
  <System>
    
    <Provider Name="Microsoft-Windows-Security-Auditing" Guid="{54849625-5478-4994-a5ba-3e3b0328c30d}"/>
    
    <EventID>5156</EventID>
    <Version>1</Version>
    <Level>0</Level>
    <Task>12810</Task>
    <Opcode>0</Opcode>
    <Keywords>0x8020000000000000</Keywords>
    <TimeCreated SystemTime="2024-05-14T15:10:51.9791458Z"/>
    <EventRecordID>546925</EventRecordID>
    <Correlation/>
    <Execution ProcessID="4" ThreadID="136"/>
    <Channel>Security</Channel>
    <Computer>WS-AMEEN-01.agentsoc.local</Computer>
    
    <Security/>
    
  </System>
  
  <EventData>
    
    <Data Name="ProcessID">5832</Data>
    <Data Name="Application">\device\harddiskvolume1\windows\system32\svchost.exe</Data>
    <Data Name="Direction">%%14593</Data>
    <Data Name="SourceAddress">10.44.10.24</Data>
    <Data Name="SourcePort">61958</Data>
    <Data Name="DestAddress">10.44.20.10</Data>
    <Data Name="DestPort">53</Data>
    <Data Name="Protocol">17</Data>
    <Data Name="FilterRTID">37297</Data>
    <Data Name="LayerName">%%14611</Data>
    <Data Name="LayerRTID">48</Data>
    <Data Name="RemoteUserID">S-1-0-0</Data>
    <Data Name="RemoteMachineID">S-1-0-0</Data>
    
  </EventData>
  
</Event>
<Event xmlns="http://schemas.microsoft.com/win/2004/08/events/event">
  <System>
    
    <Provider Name="Microsoft-Windows-Security-Auditing" Guid="{54849625-5478-4994-a5ba-3e3b0328c30d}"/>
    
    <EventID>5156</EventID>
    <Version>1</Version>
    <Level>0</Level>
    <Task>12810</Task>
    <Opcode>0</Opcode>
    <Keywords>0x8020000000000000</Keywords>
    <TimeCreated SystemTime="2024-05-14T15:10:53.5913805Z"/>
    <EventRecordID>546926</EventRecordID>
    <Correlation/>
    <Execution ProcessID="4" ThreadID="188"/>
    <Channel>Security</Channel>
    <Computer>WS-AMEEN-01.agentsoc.local</Computer>
    
    <Security/>
    
  </System>
  
  <EventData>
    
    <Data Name="ProcessID">5788</Data>
    <Data Name="Application">\device\harddiskvolume1\windows\system32\lsass.exe</Data>
    <Data Name="Direction">%%14593</Data>
    <Data Name="SourceAddress">10.44.10.24</Data>
    <Data Name="SourcePort">60409</Data>
    <Data Name="DestAddress">10.44.20.10</Data>
    <Data Name="DestPort">88</Data>
    <Data Name="Protocol">6</Data>
    <Data Name="FilterRTID">37312</Data>
    <Data Name="LayerName">%%14611</Data>
    <Data Name="LayerRTID">48</Data>
    <Data Name="RemoteUserID">S-1-0-0</Data>
    <Data Name="RemoteMachineID">S-1-0-0</Data>
    
  </EventData>
  
</Event>
<Event xmlns="http://schemas.microsoft.com/win/2004/08/events/event">
  <System>
    
    <Provider Name="Microsoft-Windows-Security-Auditing" Guid="{54849625-5478-4994-a5ba-3e3b0328c30d}"/>
    
    <EventID>5156</EventID>
    <Version>1</Version>
    <Level>0</Level>
    <Task>12810</Task>
    <Opcode>0</Opcode>
    <Keywords>0x8020000000000000</Keywords>
    <TimeCreated SystemTime="2024-05-14T15:11:13.5514309Z"/>
    <EventRecordID>546927</EventRecordID>
    <Correlation/>
    <Execution ProcessID="4" ThreadID="80"/>
    <Channel>Security</Channel>
    <Computer>WS-AMEEN-01.agentsoc.local</Computer>
    
    <Security/>
    
  </System>
  
  <EventData>
    
    <Data Name="ProcessID">5812</Data>
    <Data Name="Application">\device\harddiskvolume1\windows\system32\svchost.exe</Data>
    <Data Name="Direction">%%14593</Data>
    <Data Name="SourceAddress">10.44.10.24</Data>
    <Data Name="SourcePort">54409</Data>
    <Data Name="DestAddress">10.44.20.20</Data>
    <Data Name="DestPort">445</Data>
    <Data Name="Protocol">6</Data>
    <Data Name="FilterRTID">37342</Data>
    <Data Name="LayerName">%%14611</Data>
    <Data Name="LayerRTID">48</Data>
    <Data Name="RemoteUserID">S-1-0-0</Data>
    <Data Name="RemoteMachineID">S-1-0-0</Data>
    
  </EventData>
  
</Event>
<Event xmlns="http://schemas.microsoft.com/win/2004/08/events/event">
  <System>
    
    <Provider Name="Microsoft-Windows-Security-Auditing" Guid="{54849625-5478-4994-a5ba-3e3b0328c30d}"/>
    
    <EventID>5156</EventID>
    <Version>1</Version>
    <Level>0</Level>
    <Task>12810</Task>
    <Opcode>0</Opcode>
    <Keywords>0x8020000000000000</Keywords>
    <TimeCreated SystemTime="2024-05-14T15:11:15.5279889Z"/>
    <EventRecordID>546928</EventRecordID>
    <Correlation/>
    <Execution ProcessID="4" ThreadID="192"/>
    <Channel>Security</Channel>
    <Computer>WS-AMEEN-01.agentsoc.local</Computer>
    
    <Security/>
    
  </System>
  
  <EventData>
    
    <Data Name="ProcessID">4</Data>
    <Data Name="Application">System</Data>
    <Data Name="Direction">%%14593</Data>
    <Data Name="SourceAddress">10.44.10.24</Data>
    <Data Name="SourcePort">60513</Data>
    <Data Name="DestAddress">10.44.20.20</Data>
    <Data Name="DestPort">445</Data>
    <Data Name="Protocol">6</Data>
    <Data Name="FilterRTID">37342</Data>
    <Data Name="LayerName">%%14611</Data>
    <Data Name="LayerRTID">48</Data>
    <Data Name="RemoteUserID">S-1-0-0</Data>
    <Data Name="RemoteMachineID">S-1-0-0</Data>
    
  </EventData>
  
</Event>
<Event xmlns="http://schemas.microsoft.com/win/2004/08/events/event">
  <System>
    
    <Provider Name="Microsoft-Windows-Security-Auditing" Guid="{54849625-5478-4994-a5ba-3e3b0328c30d}"/>
    
    <EventID>5156</EventID>
    <Version>1</Version>
    <Level>0</Level>
    <Task>12810</Task>
    <Opcode>0</Opcode>
    <Keywords>0x8020000000000000</Keywords>
    <TimeCreated SystemTime="2024-05-14T15:11:32.0271090Z"/>
    <EventRecordID>546959</EventRecordID>
    <Correlation/>
    <Execution ProcessID="4" ThreadID="112"/>
    <Channel>Security</Channel>
    <Computer>WS-AMEEN-01.agentsoc.local</Computer>
    
    <Security/>
    
  </System>
  
  <EventData>
    
    <Data Name="ProcessID">5812</Data>
    <Data Name="Application">\device\harddiskvolume1\windows\system32\svchost.exe</Data>
    <Data Name="Direction">%%14593</Data>
    <Data Name="SourceAddress">10.44.10.24</Data>
    <Data Name="SourcePort">57669</Data>
    <Data Name="DestAddress">10.44.30.10</Data>
    <Data Name="DestPort">443</Data>
    <Data Name="Protocol">6</Data>
    <Data Name="FilterRTID">37360</Data>
    <Data Name="LayerName">%%14611</Data>
    <Data Name="LayerRTID">48</Data>
    <Data Name="RemoteUserID">S-1-0-0</Data>
    <Data Name="RemoteMachineID">S-1-0-0</Data>
    
  </EventData>
  
</Event>
<Event xmlns="http://schemas.microsoft.com/win/2004/08/events/event">
  <System>
    
    <Provider Name="Microsoft-Windows-Security-Auditing" Guid="{54849625-5478-4994-a5ba-3e3b0328c30d}"/>
    
    <EventID>4688</EventID>
    <Version>2</Version>
    <Level>0</Level>
    <Task>13312</Task>
    <Opcode>0</Opcode>
    <Keywords>0x8020000000000000</Keywords>
    <TimeCreated SystemTime="2024-05-14T15:11:42.3645735Z"/>
    <EventRecordID>546960</EventRecordID>
    <Correlation/>
    <Execution ProcessID="4" ThreadID="2340"/>
    <Channel>Security</Channel>
    <Computer>WS-AMEEN-01.agentsoc.local</Computer>
    
    <Security/>
    
  </System>
  
  <EventData>
    
    <Data Name="SubjectUserSid">S-1-5-21-1223493204-1473060041-1971563278-1004</Data>
    <Data Name="SubjectUserName">ameen.khan</Data>
    <Data Name="SubjectDomainName">AGENTSOC</Data>
    <Data Name="SubjectLogonId">0x49e9c66</Data>
    <Data Name="NewProcessId">0x1c04</Data>
    <Data Name="NewProcessName">C:\Program Files\Microsoft Office\root\Office16\OUTLOOK.EXE</Data>
    <Data Name="TokenElevationType">%%1938</Data>
    <Data Name="ProcessId">0x1b7c</Data>
    <Data Name="CommandLine">"C:\Program Files\Microsoft Office\root\Office16\OUTLOOK.EXE"</Data>
    <Data Name="TargetUserSid">S-1-5-21-1223493204-1473060041-1971563278-1004</Data>
    <Data Name="TargetUserName">ameen.khan</Data>
    <Data Name="TargetDomainName">AGENTSOC</Data>
    <Data Name="TargetLogonId">0x49e9c66</Data>
    <Data Name="ParentProcessName">C:\Windows\explorer.exe</Data>
    <Data Name="MandatoryLabel">S-1-16-8192</Data>
    
  </EventData>
  
</Event>
<Event xmlns="http://schemas.microsoft.com/win/2004/08/events/event">
  <System>
    
    <Provider Name="Microsoft-Windows-Security-Auditing" Guid="{54849625-5478-4994-a5ba-3e3b0328c30d}"/>
    
    <EventID>5156</EventID>
    <Version>1</Version>
    <Level>0</Level>
    <Task>12810</Task>
    <Opcode>0</Opcode>
    <Keywords>0x8020000000000000</Keywords>
    <TimeCreated SystemTime="2024-05-14T15:11:42.7367525Z"/>
    <EventRecordID>554824</EventRecordID>
    <Correlation/>
    <Execution ProcessID="4" ThreadID="144"/>
    <Channel>Security</Channel>
    <Computer>WS-AMEEN-01.agentsoc.local</Computer>
    
    <Security/>
    
  </System>
  
  <EventData>
    
    <Data Name="ProcessID">6156</Data>
    <Data Name="Application">\device\harddiskvolume1\program files (x86)\microsoft\edge\application\msedge.exe</Data>
    <Data Name="Direction">%%14593</Data>
    <Data Name="SourceAddress">10.44.10.24</Data>
    <Data Name="SourcePort">60899</Data>
    <Data Name="DestAddress">10.44.20.30</Data>
    <Data Name="DestPort">8080</Data>
    <Data Name="Protocol">6</Data>
    <Data Name="FilterRTID">37378</Data>
    <Data Name="LayerName">%%14611</Data>
    <Data Name="LayerRTID">48</Data>
    <Data Name="RemoteUserID">S-1-0-0</Data>
    <Data Name="RemoteMachineID">S-1-0-0</Data>
    
  </EventData>
  
</Event>
<Event xmlns="http://schemas.microsoft.com/win/2004/08/events/event">
  <System>
    
    <Provider Name="Microsoft-Windows-Security-Auditing" Guid="{54849625-5478-4994-a5ba-3e3b0328c30d}"/>
    
    <EventID>5156</EventID>
    <Version>1</Version>
    <Level>0</Level>
    <Task>12810</Task>
    <Opcode>0</Opcode>
    <Keywords>0x8020000000000000</Keywords>
    <TimeCreated SystemTime="2024-05-14T15:11:44.3960726Z"/>
    <EventRecordID>554940</EventRecordID>
    <Correlation/>
    <Execution ProcessID="4" ThreadID="140"/>
    <Channel>Security</Channel>
    <Computer>WS-AMEEN-01.agentsoc.local</Computer>
    
    <Security/>
    
  </System>
  
  <EventData>
    
    <Data Name="ProcessID">6156</Data>
    <Data Name="Application">\device\harddiskvolume1\program files (x86)\microsoft\edge\application\msedge.exe</Data>
    <Data Name="Direction">%%14593</Data>
    <Data Name="SourceAddress">10.44.10.24</Data>
    <Data Name="SourcePort">56229</Data>
    <Data Name="DestAddress">10.44.20.30</Data>
    <Data Name="DestPort">8080</Data>
    <Data Name="Protocol">6</Data>
    <Data Name="FilterRTID">37378</Data>
    <Data Name="LayerName">%%14611</Data>
    <Data Name="LayerRTID">48</Data>
    <Data Name="RemoteUserID">S-1-0-0</Data>
    <Data Name="RemoteMachineID">S-1-0-0</Data>
    
  </EventData>
  
</Event>
<Event xmlns="http://schemas.microsoft.com/win/2004/08/events/event">
  <System>
    
    <Provider Name="Microsoft-Windows-Security-Auditing" Guid="{54849625-5478-4994-a5ba-3e3b0328c30d}"/>
    
    <EventID>5156</EventID>
    <Version>1</Version>
    <Level>0</Level>
    <Task>12810</Task>
    <Opcode>0</Opcode>
    <Keywords>0x8020000000000000</Keywords>
    <TimeCreated SystemTime="2024-05-14T15:11:44.4833118Z"/>
    <EventRecordID>554941</EventRecordID>
    <Correlation/>
    <Execution ProcessID="4" ThreadID="84"/>
    <Channel>Security</Channel>
    <Computer>WS-AMEEN-01.agentsoc.local</Computer>
    
    <Security/>
    
  </System>
  
  <EventData>
    
    <Data Name="ProcessID">6156</Data>
    <Data Name="Application">\device\harddiskvolume1\program files (x86)\microsoft\edge\application\msedge.exe</Data>
    <Data Name="Direction">%%14593</Data>
    <Data Name="SourceAddress">10.44.10.24</Data>
    <Data Name="SourcePort">51051</Data>
    <Data Name="DestAddress">10.44.20.30</Data>
    <Data Name="DestPort">8080</Data>
    <Data Name="Protocol">6</Data>
    <Data Name="FilterRTID">37378</Data>
    <Data Name="LayerName">%%14611</Data>
    <Data Name="LayerRTID">48</Data>
    <Data Name="RemoteUserID">S-1-0-0</Data>
    <Data Name="RemoteMachineID">S-1-0-0</Data>
    
  </EventData>
  
</Event>
<Event xmlns="http://schemas.microsoft.com/win/2004/08/events/event">
  <System>
    
    <Provider Name="Microsoft-Windows-Security-Auditing" Guid="{54849625-5478-4994-a5ba-3e3b0328c30d}"/>
    
    <EventID>5156</EventID>
    <Version>1</Version>
    <Level>0</Level>
    <Task>12810</Task>
    <Opcode>0</Opcode>
    <Keywords>0x8020000000000000</Keywords>
    <TimeCreated SystemTime="2024-05-14T15:11:45.0221758Z"/>
    <EventRecordID>554947</EventRecordID>
    <Correlation/>
    <Execution ProcessID="4" ThreadID="156"/>
    <Channel>Security</Channel>
    <Computer>WS-AMEEN-01.agentsoc.local</Computer>
    
    <Security/>
    
  </System>
  
  <EventData>
    
    <Data Name="ProcessID">6156</Data>
    <Data Name="Application">\device\harddiskvolume1\program files (x86)\microsoft\edge\application\msedge.exe</Data>
    <Data Name="Direction">%%14593</Data>
    <Data Name="SourceAddress">10.44.10.24</Data>
    <Data Name="SourcePort">65520</Data>
    <Data Name="DestAddress">10.44.20.30</Data>
    <Data Name="DestPort">8080</Data>
    <Data Name="Protocol">6</Data>
    <Data Name="FilterRTID">37378</Data>
    <Data Name="LayerName">%%14611</Data>
    <Data Name="LayerRTID">48</Data>
    <Data Name="RemoteUserID">S-1-0-0</Data>
    <Data Name="RemoteMachineID">S-1-0-0</Data>
    
  </EventData>
  
</Event>
<Event xmlns="http://schemas.microsoft.com/win/2004/08/events/event">
  <System>
    
    <Provider Name="Microsoft-Windows-Security-Auditing" Guid="{54849625-5478-4994-a5ba-3e3b0328c30d}"/>
    
    <EventID>5156</EventID>
    <Version>1</Version>
    <Level>0</Level>
    <Task>12810</Task>
    <Opcode>0</Opcode>
    <Keywords>0x8020000000000000</Keywords>
    <TimeCreated SystemTime="2024-05-14T15:11:45.5779306Z"/>
    <EventRecordID>555147</EventRecordID>
    <Correlation/>
    <Execution ProcessID="4" ThreadID="96"/>
    <Channel>Security</Channel>
    <Computer>WS-AMEEN-01.agentsoc.local</Computer>
    
    <Security/>
    
  </System>
  
  <EventData>
    
    <Data Name="ProcessID">6156</Data>
    <Data Name="Application">\device\harddiskvolume1\program files (x86)\microsoft\edge\application\msedge.exe</Data>
    <Data Name="Direction">%%14593</Data>
    <Data Name="SourceAddress">10.44.10.24</Data>
    <Data Name="SourcePort">63914</Data>
    <Data Name="DestAddress">10.44.20.30</Data>
    <Data Name="DestPort">8080</Data>
    <Data Name="Protocol">6</Data>
    <Data Name="FilterRTID">37378</Data>
    <Data Name="LayerName">%%14611</Data>
    <Data Name="LayerRTID">48</Data>
    <Data Name="RemoteUserID">S-1-0-0</Data>
    <Data Name="RemoteMachineID">S-1-0-0</Data>
    
  </EventData>
  
</Event>
<Event xmlns="http://schemas.microsoft.com/win/2004/08/events/event">
  <System>
    
    <Provider Name="Microsoft-Windows-Security-Auditing" Guid="{54849625-5478-4994-a5ba-3e3b0328c30d}"/>
    
    <EventID>5156</EventID>
    <Version>1</Version>
    <Level>0</Level>
    <Task>12810</Task>
    <Opcode>0</Opcode>
    <Keywords>0x8020000000000000</Keywords>
    <TimeCreated SystemTime="2024-05-14T15:11:57.2923800Z"/>
    <EventRecordID>555204</EventRecordID>
    <Correlation/>
    <Execution ProcessID="4" ThreadID="148"/>
    <Channel>Security</Channel>
    <Computer>WS-AMEEN-01.agentsoc.local</Computer>
    
    <Security/>
    
  </System>
  
  <EventData>
    
    <Data Name="ProcessID">5788</Data>
    <Data Name="Application">\device\harddiskvolume1\windows\system32\lsass.exe</Data>
    <Data Name="Direction">%%14593</Data>
    <Data Name="SourceAddress">10.44.10.24</Data>
    <Data Name="SourcePort">63146</Data>
    <Data Name="DestAddress">10.44.20.10</Data>
    <Data Name="DestPort">88</Data>
    <Data Name="Protocol">6</Data>
    <Data Name="FilterRTID">37312</Data>
    <Data Name="LayerName">%%14611</Data>
    <Data Name="LayerRTID">48</Data>
    <Data Name="RemoteUserID">S-1-0-0</Data>
    <Data Name="RemoteMachineID">S-1-0-0</Data>
    
  </EventData>
  
</Event>
<Event xmlns="http://schemas.microsoft.com/win/2004/08/events/event">
  <System>
    
    <Provider Name="Microsoft-Windows-Security-Auditing" Guid="{54849625-5478-4994-a5ba-3e3b0328c30d}"/>
    
    <EventID>5156</EventID>
    <Version>1</Version>
    <Level>0</Level>
    <Task>12810</Task>
    <Opcode>0</Opcode>
    <Keywords>0x8020000000000000</Keywords>
    <TimeCreated SystemTime="2024-05-14T15:12:16.6184510Z"/>
    <EventRecordID>555238</EventRecordID>
    <Correlation/>
    <Execution ProcessID="4" ThreadID="164"/>
    <Channel>Security</Channel>
    <Computer>WS-AMEEN-01.agentsoc.local</Computer>
    
    <Security/>
    
  </System>
  
  <EventData>
    
    <Data Name="ProcessID">4</Data>
    <Data Name="Application">System</Data>
    <Data Name="Direction">%%14593</Data>
    <Data Name="SourceAddress">10.44.10.24</Data>
    <Data Name="SourcePort">52646</Data>
    <Data Name="DestAddress">10.44.20.20</Data>
    <Data Name="DestPort">445</Data>
    <Data Name="Protocol">6</Data>
    <Data Name="FilterRTID">37342</Data>
    <Data Name="LayerName">%%14611</Data>
    <Data Name="LayerRTID">48</Data>
    <Data Name="RemoteUserID">S-1-0-0</Data>
    <Data Name="RemoteMachineID">S-1-0-0</Data>
    
  </EventData>
  
</Event>
<Event xmlns="http://schemas.microsoft.com/win/2004/08/events/event">
  <System>
    
    <Provider Name="Microsoft-Windows-Security-Auditing" Guid="{54849625-5478-4994-a5ba-3e3b0328c30d}"/>
    
    <EventID>5156</EventID>
    <Version>1</Version>
    <Level>0</Level>
    <Task>12810</Task>
    <Opcode>0</Opcode>
    <Keywords>0x8020000000000000</Keywords>
    <TimeCreated SystemTime="2024-05-14T15:12:22.8213236Z"/>
    <EventRecordID>555239</EventRecordID>
    <Correlation/>
    <Execution ProcessID="4" ThreadID="96"/>
    <Channel>Security</Channel>
    <Computer>WS-AMEEN-01.agentsoc.local</Computer>
    
    <Security/>
    
  </System>
  
  <EventData>
    
    <Data Name="ProcessID">4</Data>
    <Data Name="Application">System</Data>
    <Data Name="Direction">%%14593</Data>
    <Data Name="SourceAddress">10.44.10.24</Data>
    <Data Name="SourcePort">53905</Data>
    <Data Name="DestAddress">10.44.20.20</Data>
    <Data Name="DestPort">445</Data>
    <Data Name="Protocol">6</Data>
    <Data Name="FilterRTID">37342</Data>
    <Data Name="LayerName">%%14611</Data>
    <Data Name="LayerRTID">48</Data>
    <Data Name="RemoteUserID">S-1-0-0</Data>
    <Data Name="RemoteMachineID">S-1-0-0</Data>
    
  </EventData>
  
</Event>
<Event xmlns="http://schemas.microsoft.com/win/2004/08/events/event">
  <System>
    
    <Provider Name="Microsoft-Windows-Security-Auditing" Guid="{54849625-5478-4994-a5ba-3e3b0328c30d}"/>
    
    <EventID>5156</EventID>
    <Version>1</Version>
    <Level>0</Level>
    <Task>12810</Task>
    <Opcode>0</Opcode>
    <Keywords>0x8020000000000000</Keywords>
    <TimeCreated SystemTime="2024-05-14T15:12:33.7268122Z"/>
    <EventRecordID>555302</EventRecordID>
    <Correlation/>
    <Execution ProcessID="4" ThreadID="56"/>
    <Channel>Security</Channel>
    <Computer>WS-AMEEN-01.agentsoc.local</Computer>
    
    <Security/>
    
  </System>
  
  <EventData>
    
    <Data Name="ProcessID">5788</Data>
    <Data Name="Application">\device\harddiskvolume1\windows\system32\lsass.exe</Data>
    <Data Name="Direction">%%14593</Data>
    <Data Name="SourceAddress">10.44.10.24</Data>
    <Data Name="SourcePort">57670</Data>
    <Data Name="DestAddress">10.44.20.10</Data>
    <Data Name="DestPort">389</Data>
    <Data Name="Protocol">6</Data>
    <Data Name="FilterRTID">37327</Data>
    <Data Name="LayerName">%%14611</Data>
    <Data Name="LayerRTID">48</Data>
    <Data Name="RemoteUserID">S-1-0-0</Data>
    <Data Name="RemoteMachineID">S-1-0-0</Data>
    
  </EventData>
  
</Event>
<Event xmlns="http://schemas.microsoft.com/win/2004/08/events/event">
  <System>
    
    <Provider Name="Microsoft-Windows-Security-Auditing" Guid="{54849625-5478-4994-a5ba-3e3b0328c30d}"/>
    
    <EventID>5156</EventID>
    <Version>1</Version>
    <Level>0</Level>
    <Task>12810</Task>
    <Opcode>0</Opcode>
    <Keywords>0x8020000000000000</Keywords>
    <TimeCreated SystemTime="2024-05-14T15:12:42.4445091Z"/>
    <EventRecordID>555303</EventRecordID>
    <Correlation/>
    <Execution ProcessID="4" ThreadID="156"/>
    <Channel>Security</Channel>
    <Computer>WS-AMEEN-01.agentsoc.local</Computer>
    
    <Security/>
    
  </System>
  
  <EventData>
    
    <Data Name="ProcessID">5788</Data>
    <Data Name="Application">\device\harddiskvolume1\windows\system32\lsass.exe</Data>
    <Data Name="Direction">%%14593</Data>
    <Data Name="SourceAddress">10.44.10.24</Data>
    <Data Name="SourcePort">57590</Data>
    <Data Name="DestAddress">10.44.20.10</Data>
    <Data Name="DestPort">88</Data>
    <Data Name="Protocol">17</Data>
    <Data Name="FilterRTID">37313</Data>
    <Data Name="LayerName">%%14611</Data>
    <Data Name="LayerRTID">48</Data>
    <Data Name="RemoteUserID">S-1-0-0</Data>
    <Data Name="RemoteMachineID">S-1-0-0</Data>
    
  </EventData>
  
</Event>
<Event xmlns="http://schemas.microsoft.com/win/2004/08/events/event">
  <System>
    
    <Provider Name="Microsoft-Windows-Security-Auditing" Guid="{54849625-5478-4994-a5ba-3e3b0328c30d}"/>
    
    <EventID>5156</EventID>
    <Version>1</Version>
    <Level>0</Level>
    <Task>12810</Task>
    <Opcode>0</Opcode>
    <Keywords>0x8020000000000000</Keywords>
    <TimeCreated SystemTime="2024-05-14T15:13:30.3046736Z"/>
    <EventRecordID>555305</EventRecordID>
    <Correlation/>
    <Execution ProcessID="4" ThreadID="188"/>
    <Channel>Security</Channel>
    <Computer>WS-AMEEN-01.agentsoc.local</Computer>
    
    <Security/>
    
  </System>
  
  <EventData>
    
    <Data Name="ProcessID">4</Data>
    <Data Name="Application">System</Data>
    <Data Name="Direction">%%14593</Data>
    <Data Name="SourceAddress">10.44.10.24</Data>
    <Data Name="SourcePort">52932</Data>
    <Data Name="DestAddress">10.44.20.10</Data>
    <Data Name="DestPort">445</Data>
    <Data Name="Protocol">6</Data>
    <Data Name="FilterRTID">37342</Data>
    <Data Name="LayerName">%%14611</Data>
    <Data Name="LayerRTID">48</Data>
    <Data Name="RemoteUserID">S-1-0-0</Data>
    <Data Name="RemoteMachineID">S-1-0-0</Data>
    
  </EventData>
  
</Event>
<Event xmlns="http://schemas.microsoft.com/win/2004/08/events/event">
  <System>
    
    <Provider Name="Microsoft-Windows-Security-Auditing" Guid="{54849625-5478-4994-a5ba-3e3b0328c30d}"/>
    
    <EventID>5156</EventID>
    <Version>1</Version>
    <Level>0</Level>
    <Task>12810</Task>
    <Opcode>0</Opcode>
    <Keywords>0x8020000000000000</Keywords>
    <TimeCreated SystemTime="2024-05-14T15:14:00.1185802Z"/>
    <EventRecordID>555332</EventRecordID>
    <Correlation/>
    <Execution ProcessID="4" ThreadID="96"/>
    <Channel>Security</Channel>
    <Computer>WS-AMEEN-01.agentsoc.local</Computer>
    
    <Security/>
    
  </System>
  
  <EventData>
    
    <Data Name="ProcessID">5832</Data>
    <Data Name="Application">\device\harddiskvolume1\windows\system32\svchost.exe</Data>
    <Data Name="Direction">%%14593</Data>
    <Data Name="SourceAddress">10.44.10.24</Data>
    <Data Name="SourcePort">50325</Data>
    <Data Name="DestAddress">10.44.20.10</Data>
    <Data Name="DestPort">53</Data>
    <Data Name="Protocol">17</Data>
    <Data Name="FilterRTID">37297</Data>
    <Data Name="LayerName">%%14611</Data>
    <Data Name="LayerRTID">48</Data>
    <Data Name="RemoteUserID">S-1-0-0</Data>
    <Data Name="RemoteMachineID">S-1-0-0</Data>
    
  </EventData>
  
</Event>
<Event xmlns="http://schemas.microsoft.com/win/2004/08/events/event">
  <System>
    
    <Provider Name="Microsoft-Windows-Security-Auditing" Guid="{54849625-5478-4994-a5ba-3e3b0328c30d}"/>
    
    <EventID>4688</EventID>
    <Version>2</Version>
    <Level>0</Level>
    <Task>13312</Task>
    <Opcode>0</Opcode>
    <Keywords>0x8020000000000000</Keywords>
    <TimeCreated SystemTime="2024-05-14T15:14:03.3875951Z"/>
    <EventRecordID>555333</EventRecordID>
    <Correlation/>
    <Execution ProcessID="4" ThreadID="1824"/>
    <Channel>Security</Channel>
    <Computer>WS-AMEEN-01.agentsoc.local</Computer>
    
    <Security/>
    
  </System>
  
  <EventData>
    
    <Data Name="SubjectUserSid">S-1-5-18</Data>
    <Data Name="SubjectUserName">SYSTEM</Data>
    <Data Name="SubjectDomainName">NT AUTHORITY</Data>
    <Data Name="SubjectLogonId">0x3e7</Data>
    <Data Name="NewProcessId">0x1c48</Data>
    <Data Name="NewProcessName">C:\Windows\System32\svchost.exe</Data>
    <Data Name="TokenElevationType">%%1936</Data>
    <Data Name="ProcessId">0x1698</Data>
    <Data Name="CommandLine">svchost.exe -k netsvcs -p -s BITS</Data>
    <Data Name="TargetUserSid">S-1-5-18</Data>
    <Data Name="TargetUserName">SYSTEM</Data>
    <Data Name="TargetDomainName">NT AUTHORITY</Data>
    <Data Name="TargetLogonId">0x3e7</Data>
    <Data Name="ParentProcessName">C:\Windows\System32\services.exe</Data>
    <Data Name="MandatoryLabel">S-1-16-16384</Data>
    
  </EventData>
  
</Event>
<Event xmlns="http://schemas.microsoft.com/win/2004/08/events/event">
  <System>
    
    <Provider Name="Microsoft-Windows-Security-Auditing" Guid="{54849625-5478-4994-a5ba-3e3b0328c30d}"/>
    
    <EventID>5156</EventID>
    <Version>1</Version>
    <Level>0</Level>
    <Task>12810</Task>
    <Opcode>0</Opcode>
    <Keywords>0x8020000000000000</Keywords>
    <TimeCreated SystemTime="2024-05-14T15:14:27.2870803Z"/>
    <EventRecordID>555334</EventRecordID>
    <Correlation/>
    <Execution ProcessID="4" ThreadID="60"/>
    <Channel>Security</Channel>
    <Computer>WS-AMEEN-01.agentsoc.local</Computer>
    
    <Security/>
    
  </System>
  
  <EventData>
    
    <Data Name="ProcessID">5788</Data>
    <Data Name="Application">\device\harddiskvolume1\windows\system32\lsass.exe</Data>
    <Data Name="Direction">%%14593</Data>
    <Data Name="SourceAddress">10.44.10.24</Data>
    <Data Name="SourcePort">64733</Data>
    <Data Name="DestAddress">10.44.20.10</Data>
    <Data Name="DestPort">88</Data>
    <Data Name="Protocol">6</Data>
    <Data Name="FilterRTID">37312</Data>
    <Data Name="LayerName">%%14611</Data>
    <Data Name="LayerRTID">48</Data>
    <Data Name="RemoteUserID">S-1-0-0</Data>
    <Data Name="RemoteMachineID">S-1-0-0</Data>
    
  </EventData>
  
</Event>
<Event xmlns="http://schemas.microsoft.com/win/2004/08/events/event">
  <System>
    
    <Provider Name="Microsoft-Windows-Security-Auditing" Guid="{54849625-5478-4994-a5ba-3e3b0328c30d}"/>
    
    <EventID>5156</EventID>
    <Version>1</Version>
    <Level>0</Level>
    <Task>12810</Task>
    <Opcode>0</Opcode>
    <Keywords>0x8020000000000000</Keywords>
    <TimeCreated SystemTime="2024-05-14T15:14:27.8893850Z"/>
    <EventRecordID>555335</EventRecordID>
    <Correlation/>
    <Execution ProcessID="4" ThreadID="168"/>
    <Channel>Security</Channel>
    <Computer>WS-AMEEN-01.agentsoc.local</Computer>
    
    <Security/>
    
  </System>
  
  <EventData>
    
    <Data Name="ProcessID">5788</Data>
    <Data Name="Application">\device\harddiskvolume1\windows\system32\lsass.exe</Data>
    <Data Name="Direction">%%14593</Data>
    <Data Name="SourceAddress">10.44.10.24</Data>
    <Data Name="SourcePort">58376</Data>
    <Data Name="DestAddress">10.44.20.10</Data>
    <Data Name="DestPort">88</Data>
    <Data Name="Protocol">6</Data>
    <Data Name="FilterRTID">37312</Data>
    <Data Name="LayerName">%%14611</Data>
    <Data Name="LayerRTID">48</Data>
    <Data Name="RemoteUserID">S-1-0-0</Data>
    <Data Name="RemoteMachineID">S-1-0-0</Data>
    
  </EventData>
  
</Event>
<Event xmlns="http://schemas.microsoft.com/win/2004/08/events/event">
  <System>
    
    <Provider Name="Microsoft-Windows-Security-Auditing" Guid="{54849625-5478-4994-a5ba-3e3b0328c30d}"/>
    
    <EventID>5156</EventID>
    <Version>1</Version>
    <Level>0</Level>
    <Task>12810</Task>
    <Opcode>0</Opcode>
    <Keywords>0x8020000000000000</Keywords>
    <TimeCreated SystemTime="2024-05-14T15:14:30.1776851Z"/>
    <EventRecordID>555336</EventRecordID>
    <Correlation/>
    <Execution ProcessID="4" ThreadID="152"/>
    <Channel>Security</Channel>
    <Computer>WS-AMEEN-01.agentsoc.local</Computer>
    
    <Security/>
    
  </System>
  
  <EventData>
    
    <Data Name="ProcessID">5788</Data>
    <Data Name="Application">\device\harddiskvolume1\windows\system32\lsass.exe</Data>
    <Data Name="Direction">%%14593</Data>
    <Data Name="SourceAddress">10.44.10.24</Data>
    <Data Name="SourcePort">61991</Data>
    <Data Name="DestAddress">10.44.20.10</Data>
    <Data Name="DestPort">88</Data>
    <Data Name="Protocol">17</Data>
    <Data Name="FilterRTID">37313</Data>
    <Data Name="LayerName">%%14611</Data>
    <Data Name="LayerRTID">48</Data>
    <Data Name="RemoteUserID">S-1-0-0</Data>
    <Data Name="RemoteMachineID">S-1-0-0</Data>
    
  </EventData>
  
</Event>
<Event xmlns="http://schemas.microsoft.com/win/2004/08/events/event">
  <System>
    
    <Provider Name="Microsoft-Windows-Security-Auditing" Guid="{54849625-5478-4994-a5ba-3e3b0328c30d}"/>
    
    <EventID>5156</EventID>
    <Version>1</Version>
    <Level>0</Level>
    <Task>12810</Task>
    <Opcode>0</Opcode>
    <Keywords>0x8020000000000000</Keywords>
    <TimeCreated SystemTime="2024-05-14T15:14:40.4641700Z"/>
    <EventRecordID>555362</EventRecordID>
    <Correlation/>
    <Execution ProcessID="4" ThreadID="76"/>
    <Channel>Security</Channel>
    <Computer>WS-AMEEN-01.agentsoc.local</Computer>
    
    <Security/>
    
  </System>
  
  <EventData>
    
    <Data Name="ProcessID">7332</Data>
    <Data Name="Application">\device\harddiskvolume1\windows\system32\openssh\ssh.exe</Data>
    <Data Name="Direction">%%14593</Data>
    <Data Name="SourceAddress">10.44.10.24</Data>
    <Data Name="SourcePort">56820</Data>
    <Data Name="DestAddress">10.44.30.10</Data>
    <Data Name="DestPort">22</Data>
    <Data Name="Protocol">6</Data>
    <Data Name="FilterRTID">37407</Data>
    <Data Name="LayerName">%%14611</Data>
    <Data Name="LayerRTID">48</Data>
    <Data Name="RemoteUserID">S-1-0-0</Data>
    <Data Name="RemoteMachineID">S-1-0-0</Data>
    
  </EventData>
  
</Event>
<Event xmlns="http://schemas.microsoft.com/win/2004/08/events/event">
  <System>
    
    <Provider Name="Microsoft-Windows-Security-Auditing" Guid="{54849625-5478-4994-a5ba-3e3b0328c30d}"/>
    
    <EventID>5156</EventID>
    <Version>1</Version>
    <Level>0</Level>
    <Task>12810</Task>
    <Opcode>0</Opcode>
    <Keywords>0x8020000000000000</Keywords>
    <TimeCreated SystemTime="2024-05-14T15:14:54.5517131Z"/>
    <EventRecordID>555390</EventRecordID>
    <Correlation/>
    <Execution ProcessID="4" ThreadID="60"/>
    <Channel>Security</Channel>
    <Computer>WS-AMEEN-01.agentsoc.local</Computer>
    
    <Security/>
    
  </System>
  
  <EventData>
    
    <Data Name="ProcessID">4</Data>
    <Data Name="Application">System</Data>
    <Data Name="Direction">%%14593</Data>
    <Data Name="SourceAddress">10.44.10.24</Data>
    <Data Name="SourcePort">64759</Data>
    <Data Name="DestAddress">10.44.20.20</Data>
    <Data Name="DestPort">445</Data>
    <Data Name="Protocol">6</Data>
    <Data Name="FilterRTID">37342</Data>
    <Data Name="LayerName">%%14611</Data>
    <Data Name="LayerRTID">48</Data>
    <Data Name="RemoteUserID">S-1-0-0</Data>
    <Data Name="RemoteMachineID">S-1-0-0</Data>
    
  </EventData>
  
</Event>
<Event xmlns="http://schemas.microsoft.com/win/2004/08/events/event">
  <System>
    
    <Provider Name="Microsoft-Windows-Security-Auditing" Guid="{54849625-5478-4994-a5ba-3e3b0328c30d}"/>
    
    <EventID>4688</EventID>
    <Version>2</Version>
    <Level>0</Level>
    <Task>13312</Task>
    <Opcode>0</Opcode>
    <Keywords>0x8020000000000000</Keywords>
    <TimeCreated SystemTime="2024-05-14T15:19:01.7700244Z"/>
    <EventRecordID>555399</EventRecordID>
    <Correlation/>
    <Execution ProcessID="4" ThreadID="1012"/>
    <Channel>Security</Channel>
    <Computer>WS-AMEEN-01.agentsoc.local</Computer>
    
    <Security/>
    
  </System>
  
  <EventData>
    
    <Data Name="SubjectUserSid">S-1-5-18</Data>
    <Data Name="SubjectUserName">SYSTEM</Data>
    <Data Name="SubjectDomainName">NT AUTHORITY</Data>
    <Data Name="SubjectLogonId">0x3e7</Data>
    <Data Name="NewProcessId">0x1c54</Data>
    <Data Name="NewProcessName">C:\Windows\System32\taskhostw.exe</Data>
    <Data Name="TokenElevationType">%%1936</Data>
    <Data Name="ProcessId">0x16a8</Data>
    <Data Name="CommandLine">taskhostw.exe</Data>
    <Data Name="TargetUserSid">S-1-5-18</Data>
    <Data Name="TargetUserName">SYSTEM</Data>
    <Data Name="TargetDomainName">NT AUTHORITY</Data>
    <Data Name="TargetLogonId">0x3e7</Data>
    <Data Name="ParentProcessName">C:\Windows\System32\svchost.exe</Data>
    <Data Name="MandatoryLabel">S-1-16-16384</Data>
    
  </EventData>
  
</Event>
<Event xmlns="http://schemas.microsoft.com/win/2004/08/events/event">
  <System>
    
    <Provider Name="Microsoft-Windows-Security-Auditing" Guid="{54849625-5478-4994-a5ba-3e3b0328c30d}"/>
    
    <EventID>5156</EventID>
    <Version>1</Version>
    <Level>0</Level>
    <Task>12810</Task>
    <Opcode>0</Opcode>
    <Keywords>0x8020000000000000</Keywords>
    <TimeCreated SystemTime="2024-05-14T15:19:52.0359872Z"/>
    <EventRecordID>555402</EventRecordID>
    <Correlation/>
    <Execution ProcessID="4" ThreadID="152"/>
    <Channel>Security</Channel>
    <Computer>WS-AMEEN-01.agentsoc.local</Computer>
    
    <Security/>
    
  </System>
  
  <EventData>
    
    <Data Name="ProcessID">4</Data>
    <Data Name="Application">System</Data>
    <Data Name="Direction">%%14593</Data>
    <Data Name="SourceAddress">10.44.10.24</Data>
    <Data Name="SourcePort">60472</Data>
    <Data Name="DestAddress">10.44.20.20</Data>
    <Data Name="DestPort">445</Data>
    <Data Name="Protocol">6</Data>
    <Data Name="FilterRTID">37342</Data>
    <Data Name="LayerName">%%14611</Data>
    <Data Name="LayerRTID">48</Data>
    <Data Name="RemoteUserID">S-1-0-0</Data>
    <Data Name="RemoteMachineID">S-1-0-0</Data>
    
  </EventData>
  
</Event>
<Event xmlns="http://schemas.microsoft.com/win/2004/08/events/event">
  <System>
    
    <Provider Name="Microsoft-Windows-Security-Auditing" Guid="{54849625-5478-4994-a5ba-3e3b0328c30d}"/>
    
    <EventID>5156</EventID>
    <Version>1</Version>
    <Level>0</Level>
    <Task>12810</Task>
    <Opcode>0</Opcode>
    <Keywords>0x8020000000000000</Keywords>
    <TimeCreated SystemTime="2024-05-14T15:21:14.6419315Z"/>
    <EventRecordID>555405</EventRecordID>
    <Correlation/>
    <Execution ProcessID="4" ThreadID="96"/>
    <Channel>Security</Channel>
    <Computer>WS-AMEEN-01.agentsoc.local</Computer>
    
    <Security/>
    
  </System>
  
  <EventData>
    
    <Data Name="ProcessID">5788</Data>
    <Data Name="Application">\device\harddiskvolume1\windows\system32\lsass.exe</Data>
    <Data Name="Direction">%%14593</Data>
    <Data Name="SourceAddress">10.44.10.24</Data>
    <Data Name="SourcePort">54577</Data>
    <Data Name="DestAddress">10.44.20.10</Data>
    <Data Name="DestPort">88</Data>
    <Data Name="Protocol">17</Data>
    <Data Name="FilterRTID">37313</Data>
    <Data Name="LayerName">%%14611</Data>
    <Data Name="LayerRTID">48</Data>
    <Data Name="RemoteUserID">S-1-0-0</Data>
    <Data Name="RemoteMachineID">S-1-0-0</Data>
    
  </EventData>
  
</Event>
<Event xmlns="http://schemas.microsoft.com/win/2004/08/events/event">
  <System>
    
    <Provider Name="Microsoft-Windows-Security-Auditing" Guid="{54849625-5478-4994-a5ba-3e3b0328c30d}"/>
    
    <EventID>5156</EventID>
    <Version>1</Version>
    <Level>0</Level>
    <Task>12810</Task>
    <Opcode>0</Opcode>
    <Keywords>0x8020000000000000</Keywords>
    <TimeCreated SystemTime="2024-05-14T15:21:51.5475221Z"/>
    <EventRecordID>555408</EventRecordID>
    <Correlation/>
    <Execution ProcessID="4" ThreadID="64"/>
    <Channel>Security</Channel>
    <Computer>WS-AMEEN-01.agentsoc.local</Computer>
    
    <Security/>
    
  </System>
  
  <EventData>
    
    <Data Name="ProcessID">4</Data>
    <Data Name="Application">System</Data>
    <Data Name="Direction">%%14593</Data>
    <Data Name="SourceAddress">10.44.10.24</Data>
    <Data Name="SourcePort">62555</Data>
    <Data Name="DestAddress">10.44.20.20</Data>
    <Data Name="DestPort">445</Data>
    <Data Name="Protocol">6</Data>
    <Data Name="FilterRTID">37342</Data>
    <Data Name="LayerName">%%14611</Data>
    <Data Name="LayerRTID">48</Data>
    <Data Name="RemoteUserID">S-1-0-0</Data>
    <Data Name="RemoteMachineID">S-1-0-0</Data>
    
  </EventData>
  
</Event>
<Event xmlns="http://schemas.microsoft.com/win/2004/08/events/event">
  <System>
    
    <Provider Name="Microsoft-Windows-Security-Auditing" Guid="{54849625-5478-4994-a5ba-3e3b0328c30d}"/>
    
    <EventID>5156</EventID>
    <Version>1</Version>
    <Level>0</Level>
    <Task>12810</Task>
    <Opcode>0</Opcode>
    <Keywords>0x8020000000000000</Keywords>
    <TimeCreated SystemTime="2024-05-14T15:22:15.6430720Z"/>
    <EventRecordID>555410</EventRecordID>
    <Correlation/>
    <Execution ProcessID="4" ThreadID="192"/>
    <Channel>Security</Channel>
    <Computer>WS-AMEEN-01.agentsoc.local</Computer>
    
    <Security/>
    
  </System>
  
  <EventData>
    
    <Data Name="ProcessID">5788</Data>
    <Data Name="Application">\device\harddiskvolume1\windows\system32\lsass.exe</Data>
    <Data Name="Direction">%%14593</Data>
    <Data Name="SourceAddress">10.44.10.24</Data>
    <Data Name="SourcePort">55730</Data>
    <Data Name="DestAddress">10.44.20.10</Data>
    <Data Name="DestPort">88</Data>
    <Data Name="Protocol">6</Data>
    <Data Name="FilterRTID">37312</Data>
    <Data Name="LayerName">%%14611</Data>
    <Data Name="LayerRTID">48</Data>
    <Data Name="RemoteUserID">S-1-0-0</Data>
    <Data Name="RemoteMachineID">S-1-0-0</Data>
    
  </EventData>
  
</Event>
<Event xmlns="http://schemas.microsoft.com/win/2004/08/events/event">
  <System>
    
    <Provider Name="Microsoft-Windows-Security-Auditing" Guid="{54849625-5478-4994-a5ba-3e3b0328c30d}"/>
    
    <EventID>5156</EventID>
    <Version>1</Version>
    <Level>0</Level>
    <Task>12810</Task>
    <Opcode>0</Opcode>
    <Keywords>0x8020000000000000</Keywords>
    <TimeCreated SystemTime="2024-05-14T15:22:32.0285542Z"/>
    <EventRecordID>555428</EventRecordID>
    <Correlation/>
    <Execution ProcessID="4" ThreadID="188"/>
    <Channel>Security</Channel>
    <Computer>WS-AMEEN-01.agentsoc.local</Computer>
    
    <Security/>
    
  </System>
  
  <EventData>
    
    <Data Name="ProcessID">5788</Data>
    <Data Name="Application">\device\harddiskvolume1\windows\system32\lsass.exe</Data>
    <Data Name="Direction">%%14593</Data>
    <Data Name="SourceAddress">10.44.10.24</Data>
    <Data Name="SourcePort">57082</Data>
    <Data Name="DestAddress">10.44.20.10</Data>
    <Data Name="DestPort">88</Data>
    <Data Name="Protocol">17</Data>
    <Data Name="FilterRTID">37313</Data>
    <Data Name="LayerName">%%14611</Data>
    <Data Name="LayerRTID">48</Data>
    <Data Name="RemoteUserID">S-1-0-0</Data>
    <Data Name="RemoteMachineID">S-1-0-0</Data>
    
  </EventData>
  
</Event>
<Event xmlns="http://schemas.microsoft.com/win/2004/08/events/event">
  <System>
    
    <Provider Name="Microsoft-Windows-Security-Auditing" Guid="{54849625-5478-4994-a5ba-3e3b0328c30d}"/>
    
    <EventID>4688</EventID>
    <Version>2</Version>
    <Level>0</Level>
    <Task>13312</Task>
    <Opcode>0</Opcode>
    <Keywords>0x8020000000000000</Keywords>
    <TimeCreated SystemTime="2024-05-14T15:22:32.3032739Z"/>
    <EventRecordID>555431</EventRecordID>
    <Correlation/>
    <Execution ProcessID="4" ThreadID="8092"/>
    <Channel>Security</Channel>
    <Computer>WS-AMEEN-01.agentsoc.local</Computer>
    
    <Security/>
    
  </System>
  
  <EventData>
    
    <Data Name="SubjectUserSid">S-1-5-18</Data>
    <Data Name="SubjectUserName">SYSTEM</Data>
    <Data Name="SubjectDomainName">NT AUTHORITY</Data>
    <Data Name="SubjectLogonId">0x3e7</Data>
    <Data Name="NewProcessId">0x1c30</Data>
    <Data Name="NewProcessName">C:\Windows\System32\SearchProtocolHost.exe</Data>
    <Data Name="TokenElevationType">%%1936</Data>
    <Data Name="ProcessId">0x16fc</Data>
    <Data Name="CommandLine">SearchProtocolHost.exe Global\UsGthrFltPipeMssGthrPipe_S-1-5-18 Global\UsGthrCtrlFltPipeMssGthrPipe_S-1-5-18 1</Data>
    <Data Name="TargetUserSid">S-1-5-18</Data>
    <Data Name="TargetUserName">SYSTEM</Data>
    <Data Name="TargetDomainName">NT AUTHORITY</Data>
    <Data Name="TargetLogonId">0x3e7</Data>
    <Data Name="ParentProcessName">C:\Windows\System32\SearchIndexer.exe</Data>
    <Data Name="MandatoryLabel">S-1-16-16384</Data>
    
  </EventData>
  
</Event>
<Event xmlns="http://schemas.microsoft.com/win/2004/08/events/event">
  <System>
    
    <Provider Name="Microsoft-Windows-Security-Auditing" Guid="{54849625-5478-4994-a5ba-3e3b0328c30d}"/>
    
    <EventID>5156</EventID>
    <Version>1</Version>
    <Level>0</Level>
    <Task>12810</Task>
    <Opcode>0</Opcode>
    <Keywords>0x8020000000000000</Keywords>
    <TimeCreated SystemTime="2024-05-14T15:22:36.7632059Z"/>
    <EventRecordID>555538</EventRecordID>
    <Correlation/>
    <Execution ProcessID="4" ThreadID="100"/>
    <Channel>Security</Channel>
    <Computer>WS-AMEEN-01.agentsoc.local</Computer>
    
    <Security/>
    
  </System>
  
  <EventData>
    
    <Data Name="ProcessID">5788</Data>
    <Data Name="Application">\device\harddiskvolume1\windows\system32\lsass.exe</Data>
    <Data Name="Direction">%%14593</Data>
    <Data Name="SourceAddress">10.44.10.24</Data>
    <Data Name="SourcePort">57421</Data>
    <Data Name="DestAddress">10.44.20.10</Data>
    <Data Name="DestPort">88</Data>
    <Data Name="Protocol">6</Data>
    <Data Name="FilterRTID">37312</Data>
    <Data Name="LayerName">%%14611</Data>
    <Data Name="LayerRTID">48</Data>
    <Data Name="RemoteUserID">S-1-0-0</Data>
    <Data Name="RemoteMachineID">S-1-0-0</Data>
    
  </EventData>
  
</Event>
<Event xmlns="http://schemas.microsoft.com/win/2004/08/events/event">
  <System>
    
    <Provider Name="Microsoft-Windows-Security-Auditing" Guid="{54849625-5478-4994-a5ba-3e3b0328c30d}"/>
    
    <EventID>5156</EventID>
    <Version>1</Version>
    <Level>0</Level>
    <Task>12810</Task>
    <Opcode>0</Opcode>
    <Keywords>0x8020000000000000</Keywords>
    <TimeCreated SystemTime="2024-05-14T15:22:40.5980767Z"/>
    <EventRecordID>555556</EventRecordID>
    <Correlation/>
    <Execution ProcessID="4" ThreadID="188"/>
    <Channel>Security</Channel>
    <Computer>WS-AMEEN-01.agentsoc.local</Computer>
    
    <Security/>
    
  </System>
  
  <EventData>
    
    <Data Name="ProcessID">5788</Data>
    <Data Name="Application">\device\harddiskvolume1\windows\system32\lsass.exe</Data>
    <Data Name="Direction">%%14593</Data>
    <Data Name="SourceAddress">10.44.10.24</Data>
    <Data Name="SourcePort">55024</Data>
    <Data Name="DestAddress">10.44.20.10</Data>
    <Data Name="DestPort">88</Data>
    <Data Name="Protocol">17</Data>
    <Data Name="FilterRTID">37313</Data>
    <Data Name="LayerName">%%14611</Data>
    <Data Name="LayerRTID">48</Data>
    <Data Name="RemoteUserID">S-1-0-0</Data>
    <Data Name="RemoteMachineID">S-1-0-0</Data>
    
  </EventData>
  
</Event>
<Event xmlns="http://schemas.microsoft.com/win/2004/08/events/event">
  <System>
    
    <Provider Name="Microsoft-Windows-Security-Auditing" Guid="{54849625-5478-4994-a5ba-3e3b0328c30d}"/>
    
    <EventID>4688</EventID>
    <Version>2</Version>
    <Level>0</Level>
    <Task>13312</Task>
    <Opcode>0</Opcode>
    <Keywords>0x8020000000000000</Keywords>
    <TimeCreated SystemTime="2024-05-14T15:22:56.5078089Z"/>
    <EventRecordID>555557</EventRecordID>
    <Correlation/>
    <Execution ProcessID="4" ThreadID="5504"/>
    <Channel>Security</Channel>
    <Computer>WS-AMEEN-01.agentsoc.local</Computer>
    
    <Security/>
    
  </System>
  
  <EventData>
    
    <Data Name="SubjectUserSid">S-1-5-21-1223493204-1473060041-1971563278-1004</Data>
    <Data Name="SubjectUserName">ameen.khan</Data>
    <Data Name="SubjectDomainName">AGENTSOC</Data>
    <Data Name="SubjectLogonId">0x49e9c66</Data>
    <Data Name="NewProcessId">0x1c9c</Data>
    <Data Name="NewProcessName">C:\Windows\System32\OpenSSH\ssh.exe</Data>
    <Data Name="TokenElevationType">%%1938</Data>
    <Data Name="ProcessId">0x1b7c</Data>
    <Data Name="CommandLine">ssh.exe ameen.khan@WEB-BO-01.agentsoc.local</Data>
    <Data Name="TargetUserSid">S-1-5-21-1223493204-1473060041-1971563278-1004</Data>
    <Data Name="TargetUserName">ameen.khan</Data>
    <Data Name="TargetDomainName">AGENTSOC</Data>
    <Data Name="TargetLogonId">0x49e9c66</Data>
    <Data Name="ParentProcessName">C:\Windows\explorer.exe</Data>
    <Data Name="MandatoryLabel">S-1-16-8192</Data>
    
  </EventData>
  
</Event>
<Event xmlns="http://schemas.microsoft.com/win/2004/08/events/event">
  <System>
    
    <Provider Name="Microsoft-Windows-Security-Auditing" Guid="{54849625-5478-4994-a5ba-3e3b0328c30d}"/>
    
    <EventID>5156</EventID>
    <Version>1</Version>
    <Level>0</Level>
    <Task>12810</Task>
    <Opcode>0</Opcode>
    <Keywords>0x8020000000000000</Keywords>
    <TimeCreated SystemTime="2024-05-14T15:23:20.0097700Z"/>
    <EventRecordID>564316</EventRecordID>
    <Correlation/>
    <Execution ProcessID="4" ThreadID="144"/>
    <Channel>Security</Channel>
    <Computer>WS-AMEEN-01.agentsoc.local</Computer>
    
    <Security/>
    
  </System>
  
  <EventData>
    
    <Data Name="ProcessID">7324</Data>
    <Data Name="Application">\device\harddiskvolume1\windows\system32\openssh\ssh.exe</Data>
    <Data Name="Direction">%%14593</Data>
    <Data Name="SourceAddress">10.44.10.24</Data>
    <Data Name="SourcePort">63572</Data>
    <Data Name="DestAddress">10.44.30.10</Data>
    <Data Name="DestPort">22</Data>
    <Data Name="Protocol">6</Data>
    <Data Name="FilterRTID">37407</Data>
    <Data Name="LayerName">%%14611</Data>
    <Data Name="LayerRTID">48</Data>
    <Data Name="RemoteUserID">S-1-0-0</Data>
    <Data Name="RemoteMachineID">S-1-0-0</Data>
    
  </EventData>
  
</Event>
