<Event xmlns="http://schemas.microsoft.com/win/2004/08/events/event">
  <System>
    <Provider Name="Microsoft-Windows-Sysmon" Guid="{5770385f-c22a-43e0-bf4c-06f5698ffbd9}"/>
    <EventID>5</EventID>
    <Version>3</Version>
    <Level>4</Level>
    <Task>5</Task>
    <Opcode>0</Opcode>
    <Keywords>0x8000000000000000</Keywords>
    <TimeCreated SystemTime="2024-05-14T12:29:39.4072956Z"/>
    <EventRecordID>220759</EventRecordID>
    <Correlation/>
    <Execution ProcessID="2848" ThreadID="2964"/>
    <Channel>Microsoft-Windows-Sysmon/Operational</Channel>
    <Computer>WS-AMEEN-01.agentsoc.local</Computer>
    <Security UserID="S-1-5-18"/>
  </System>
  <EventData>
    
    <Data Name="RuleName">-</Data>
    <Data Name="UtcTime">2024-05-14 12:29:39.407</Data>
    <Data Name="ProcessGuid">{31b3aa98-3ca3-6643-df02-0010e329c3ce}</Data>
    <Data Name="ProcessId">6232</Data>
    <Data Name="Image">C:\Program Files\DBeaver\dbeaver.exe</Data>
    <Data Name="User">AGENTSOC\ameen.khan</Data>
    
  </EventData>
</Event>
<Event xmlns="http://schemas.microsoft.com/win/2004/08/events/event">
  <System>
    <Provider Name="Microsoft-Windows-Sysmon" Guid="{5770385f-c22a-43e0-bf4c-06f5698ffbd9}"/>
    <EventID>5</EventID>
    <Version>3</Version>
    <Level>4</Level>
    <Task>5</Task>
    <Opcode>0</Opcode>
    <Keywords>0x8000000000000000</Keywords>
    <TimeCreated SystemTime="2024-05-14T12:30:11.2394471Z"/>
    <EventRecordID>220762</EventRecordID>
    <Correlation/>
    <Execution ProcessID="2848" ThreadID="2964"/>
    <Channel>Microsoft-Windows-Sysmon/Operational</Channel>
    <Computer>WS-AMEEN-01.agentsoc.local</Computer>
    <Security UserID="S-1-5-18"/>
  </System>
  <EventData>
    
    <Data Name="RuleName">-</Data>
    <Data Name="UtcTime">2024-05-14 12:30:11.239</Data>
    <Data Name="ProcessGuid">{31b3aa98-590f-6643-c102-00001800d6db}</Data>
    <Data Name="ProcessId">6720</Data>
    <Data Name="Image">C:\Windows\System32\CompatTelRunner.exe</Data>
    <Data Name="User">NT AUTHORITY\SYSTEM</Data>
    
  </EventData>
</Event>
<Event xmlns="http://schemas.microsoft.com/win/2004/08/events/event">
  <System>
    <Provider Name="Microsoft-Windows-Sysmon" Guid="{5770385f-c22a-43e0-bf4c-06f5698ffbd9}"/>
    <EventID>1</EventID>
    <Version>5</Version>
    <Level>4</Level>
    <Task>1</Task>
    <Opcode>0</Opcode>
    <Keywords>0x8000000000000000</Keywords>
    <TimeCreated SystemTime="2024-05-14T12:30:34.6604722Z"/>
    <EventRecordID>220764</EventRecordID>
    <Correlation/>
    <Execution ProcessID="2848" ThreadID="4804"/>
    <Channel>Microsoft-Windows-Sysmon/Operational</Channel>
    <Computer>WS-AMEEN-01.agentsoc.local</Computer>
    <Security UserID="S-1-5-18"/>
  </System>
  <EventData>
    
    <Data Name="RuleName">-</Data>
    <Data Name="UtcTime">2024-05-14 12:30:34.660</Data>
    <Data Name="ProcessGuid">{31b3aa98-596a-6643-5c00-0010a0dec303}</Data>
    <Data Name="ProcessId">6696</Data>
    <Data Name="Image">C:\Program Files (x86)\Common Files\Adobe\ARM\1.0\AdobeARMservice.exe</Data>
    <Data Name="FileVersion">-</Data>
    <Data Name="Description">-</Data>
    <Data Name="Product">-</Data>
    <Data Name="Company">-</Data>
    <Data Name="OriginalFileName">-</Data>
    <Data Name="CommandLine">AdobeARMservice.exe</Data>
    <Data Name="CurrentDirectory">C:\Windows\System32\</Data>
    <Data Name="User">NT AUTHORITY\SYSTEM</Data>
    <Data Name="LogonGuid">{1bda0869-f218-44a5-8f6a-69bd92a8e6f8}</Data>
    <Data Name="LogonId">0x3e7</Data>
    <Data Name="TerminalSessionId">0</Data>
    <Data Name="IntegrityLevel">System</Data>
    <Data Name="Hashes">SHA1=F6D11F05CF8A9A0F83C37ED5ECDBD769FE5940D7,MD5=D0D49ED5C483D4411B2FE409B120FB71,SHA256=837159C278E95EA9EFAE5DFBCD8E494488E64BDF14D66B146D3301397AF40143,IMPHASH=2369C9FAD3A1DA461C349F66EAE1B462</Data>
    <Data Name="ParentProcessGuid">{31b3aa98-6945-663b-5900-00107ae20c31}</Data>
    <Data Name="ParentProcessId">5784</Data>
    <Data Name="ParentImage">C:\Windows\System32\services.exe</Data>
    <Data Name="ParentCommandLine">services.exe</Data>
    <Data Name="ParentUser">NT AUTHORITY\SYSTEM</Data>
    
  </EventData>
</Event>
<Event xmlns="http://schemas.microsoft.com/win/2004/08/events/event">
  <System>
    <Provider Name="Microsoft-Windows-Sysmon" Guid="{5770385f-c22a-43e0-bf4c-06f5698ffbd9}"/>
    <EventID>1</EventID>
    <Version>5</Version>
    <Level>4</Level>
    <Task>1</Task>
    <Opcode>0</Opcode>
    <Keywords>0x8000000000000000</Keywords>
    <TimeCreated SystemTime="2024-05-14T12:31:03.9017462Z"/>
    <EventRecordID>220781</EventRecordID>
    <Correlation/>
    <Execution ProcessID="2848" ThreadID="4020"/>
    <Channel>Microsoft-Windows-Sysmon/Operational</Channel>
    <Computer>WS-AMEEN-01.agentsoc.local</Computer>
    <Security UserID="S-1-5-18"/>
  </System>
  <EventData>
    
    <Data Name="RuleName">-</Data>
    <Data Name="UtcTime">2024-05-14 12:31:03.901</Data>
    <Data Name="ProcessGuid">{31b3aa98-5987-6643-c900-0000b9761cb4}</Data>
    <Data Name="ProcessId">6780</Data>
    <Data Name="Image">C:\Windows\System32\mmc.exe</Data>
    <Data Name="FileVersion">10.0.22621.1</Data>
    <Data Name="Description">Microsoft Management Console</Data>
    <Data Name="Product">Microsoft Windows Operating System</Data>
    <Data Name="Company">Microsoft Corporation</Data>
    <Data Name="OriginalFileName">mmc.exe</Data>
    <Data Name="CommandLine">"C:\Windows\System32\mmc.exe" "C:\Windows\System32\dsa.msc"</Data>
    <Data Name="CurrentDirectory">C:\Windows\System32\</Data>
    <Data Name="User">AGENTSOC\ameen.khan</Data>
    <Data Name="LogonGuid">{00000000-0000-0000-0000-000000000000}</Data>
    <Data Name="LogonId">0x47b8a01</Data>
    <Data Name="TerminalSessionId">1</Data>
    <Data Name="IntegrityLevel">High</Data>
    <Data Name="Hashes">SHA1=C6F84880D54C731CE82C06C939D0E5A109210B8C,MD5=BCB299EE85364A9A97AC919C88BCEF6B,SHA256=B46F547287A4822027B49FBC85C53611E5DB881D417BEDDB85FF01E04D2E05E3,IMPHASH=A2FE9D74313BE66A7E7ED19A6DCAE5C5</Data>
    <Data Name="ParentProcessGuid">{31b3aa98-3a25-6643-8402-0010b3dec6a2}</Data>
    <Data Name="ParentProcessId">6144</Data>
    <Data Name="ParentImage">C:\Windows\explorer.exe</Data>
    <Data Name="ParentCommandLine">explorer.exe</Data>
    <Data Name="ParentUser">AGENTSOC\ameen.khan</Data>
    
  </EventData>
</Event>
<Event xmlns="http://schemas.microsoft.com/win/2004/08/events/event">
  <System>
    <Provider Name="Microsoft-Windows-Sysmon" Guid="{5770385f-c22a-43e0-bf4c-06f5698ffbd9}"/>
    <EventID>3</EventID>
    <Version>5</Version>
    <Level>4</Level>
    <Task>3</Task>
    <Opcode>0</Opcode>
    <Keywords>0x8000000000000000</Keywords>
    <TimeCreated SystemTime="2024-05-14T12:31:05.3513031Z"/>
    <EventRecordID>220922</EventRecordID>
    <Correlation/>
    <Execution ProcessID="2848" ThreadID="2964"/>
    <Channel>Microsoft-Windows-Sysmon/Operational</Channel>
    <Computer>WS-AMEEN-01.agentsoc.local</Computer>
    <Security UserID="S-1-5-18"/>
  </System>
  <EventData>
    
    <Data Name="RuleName">-</Data>
    <Data Name="UtcTime">2024-05-14 12:31:05.351</Data>
    <Data Name="ProcessGuid">{31b3aa98-5987-6643-c900-0000b9761cb4}</Data>
    <Data Name="ProcessId">6780</Data>
    <Data Name="Image">C:\Windows\System32\mmc.exe</Data>
    <Data Name="User">AGENTSOC\ameen.khan</Data>
    <Data Name="Protocol">tcp</Data>
    <Data Name="Initiated">true</Data>
    <Data Name="SourceIsIpv6">false</Data>
    <Data Name="SourceIp">10.44.10.24</Data>
    <Data Name="SourceHostname">WS-AMEEN-01.agentsoc.local</Data>
    <Data Name="SourcePort">58583</Data>
    <Data Name="SourcePortName">-</Data>
    <Data Name="DestinationIsIpv6">false</Data>
    <Data Name="DestinationIp">10.44.20.10</Data>
    <Data Name="DestinationHostname">DC-BO-01.agentsoc.local</Data>
    <Data Name="DestinationPort">389</Data>
    <Data Name="DestinationPortName">ldap</Data>
    
  </EventData>
</Event>
<Event xmlns="http://schemas.microsoft.com/win/2004/08/events/event">
  <System>
    <Provider Name="Microsoft-Windows-Sysmon" Guid="{5770385f-c22a-43e0-bf4c-06f5698ffbd9}"/>
    <EventID>22</EventID>
    <Version>5</Version>
    <Level>4</Level>
    <Task>22</Task>
    <Opcode>0</Opcode>
    <Keywords>0x8000000000000000</Keywords>
    <TimeCreated SystemTime="2024-05-14T12:31:06.3567421Z"/>
    <EventRecordID>220923</EventRecordID>
    <Correlation/>
    <Execution ProcessID="2848" ThreadID="2876"/>
    <Channel>Microsoft-Windows-Sysmon/Operational</Channel>
    <Computer>WS-AMEEN-01.agentsoc.local</Computer>
    <Security UserID="S-1-5-18"/>
  </System>
  <EventData>
    
    <Data Name="RuleName">-</Data>
    <Data Name="UtcTime">2024-05-14 12:31:06.356</Data>
    <Data Name="ProcessGuid">{31b3aa98-694c-663b-4300-0000abbff32f}</Data>
    <Data Name="ProcessId">5832</Data>
    <Data Name="QueryName">_ldap._tcp.agentsoc.local</Data>
    <Data Name="QueryStatus">0</Data>
    <Data Name="QueryResults">0 100 389 DC-BO-01.agentsoc.local;</Data>
    <Data Name="Image">C:\Windows\System32\svchost.exe</Data>
    <Data Name="User">NT AUTHORITY\LOCAL SERVICE</Data>
    
  </EventData>
</Event>
<Event xmlns="http://schemas.microsoft.com/win/2004/08/events/event">
  <System>
    <Provider Name="Microsoft-Windows-Sysmon" Guid="{5770385f-c22a-43e0-bf4c-06f5698ffbd9}"/>
    <EventID>3</EventID>
    <Version>5</Version>
    <Level>4</Level>
    <Task>3</Task>
    <Opcode>0</Opcode>
    <Keywords>0x8000000000000000</Keywords>
    <TimeCreated SystemTime="2024-05-14T12:31:07.2893742Z"/>
    <EventRecordID>220924</EventRecordID>
    <Correlation/>
    <Execution ProcessID="2848" ThreadID="2964"/>
    <Channel>Microsoft-Windows-Sysmon/Operational</Channel>
    <Computer>WS-AMEEN-01.agentsoc.local</Computer>
    <Security UserID="S-1-5-18"/>
  </System>
  <EventData>
    
    <Data Name="RuleName">-</Data>
    <Data Name="UtcTime">2024-05-14 12:31:07.289</Data>
    <Data Name="ProcessGuid">{31b3aa98-5987-6643-c900-0000b9761cb4}</Data>
    <Data Name="ProcessId">6780</Data>
    <Data Name="Image">C:\Windows\System32\mmc.exe</Data>
    <Data Name="User">AGENTSOC\ameen.khan</Data>
    <Data Name="Protocol">tcp</Data>
    <Data Name="Initiated">true</Data>
    <Data Name="SourceIsIpv6">false</Data>
    <Data Name="SourceIp">10.44.10.24</Data>
    <Data Name="SourceHostname">WS-AMEEN-01.agentsoc.local</Data>
    <Data Name="SourcePort">62671</Data>
    <Data Name="SourcePortName">-</Data>
    <Data Name="DestinationIsIpv6">false</Data>
    <Data Name="DestinationIp">10.44.20.10</Data>
    <Data Name="DestinationHostname">DC-BO-01.agentsoc.local</Data>
    <Data Name="DestinationPort">135</Data>
    <Data Name="DestinationPortName">epmap</Data>
    
  </EventData>
</Event>
<Event xmlns="http://schemas.microsoft.com/win/2004/08/events/event">
  <System>
    <Provider Name="Microsoft-Windows-Sysmon" Guid="{5770385f-c22a-43e0-bf4c-06f5698ffbd9}"/>
    <EventID>22</EventID>
    <Version>5</Version>
    <Level>4</Level>
    <Task>22</Task>
    <Opcode>0</Opcode>
    <Keywords>0x8000000000000000</Keywords>
    <TimeCreated SystemTime="2024-05-14T12:31:07.3632585Z"/>
    <EventRecordID>220925</EventRecordID>
    <Correlation/>
    <Execution ProcessID="2848" ThreadID="2876"/>
    <Channel>Microsoft-Windows-Sysmon/Operational</Channel>
    <Computer>WS-AMEEN-01.agentsoc.local</Computer>
    <Security UserID="S-1-5-18"/>
  </System>
  <EventData>
    
    <Data Name="RuleName">-</Data>
    <Data Name="UtcTime">2024-05-14 12:31:07.363</Data>
    <Data Name="ProcessGuid">{31b3aa98-694c-663b-4300-0000abbff32f}</Data>
    <Data Name="ProcessId">5832</Data>
    <Data Name="QueryName">DC-BO-01.agentsoc.local</Data>
    <Data Name="QueryStatus">0</Data>
    <Data Name="QueryResults">10.44.20.10;</Data>
    <Data Name="Image">C:\Windows\System32\svchost.exe</Data>
    <Data Name="User">NT AUTHORITY\LOCAL SERVICE</Data>
    
  </EventData>
</Event>
<Event xmlns="http://schemas.microsoft.com/win/2004/08/events/event">
  <System>
    <Provider Name="Microsoft-Windows-Sysmon" Guid="{5770385f-c22a-43e0-bf4c-06f5698ffbd9}"/>
    <EventID>22</EventID>
    <Version>5</Version>
    <Level>4</Level>
    <Task>22</Task>
    <Opcode>0</Opcode>
    <Keywords>0x8000000000000000</Keywords>
    <TimeCreated SystemTime="2024-05-14T12:31:09.5506885Z"/>
    <EventRecordID>220926</EventRecordID>
    <Correlation/>
    <Execution ProcessID="2848" ThreadID="2876"/>
    <Channel>Microsoft-Windows-Sysmon/Operational</Channel>
    <Computer>WS-AMEEN-01.agentsoc.local</Computer>
    <Security UserID="S-1-5-18"/>
  </System>
  <EventData>
    
    <Data Name="RuleName">-</Data>
    <Data Name="UtcTime">2024-05-14 12:31:09.550</Data>
    <Data Name="ProcessGuid">{31b3aa98-694c-663b-4300-0000abbff32f}</Data>
    <Data Name="ProcessId">5832</Data>
    <Data Name="QueryName">FILE-BO-01.agentsoc.local</Data>
    <Data Name="QueryStatus">0</Data>
    <Data Name="QueryResults">10.44.20.20;</Data>
    <Data Name="Image">C:\Windows\System32\svchost.exe</Data>
    <Data Name="User">NT AUTHORITY\LOCAL SERVICE</Data>
    
  </EventData>
</Event>
<Event xmlns="http://schemas.microsoft.com/win/2004/08/events/event">
  <System>
    <Provider Name="Microsoft-Windows-Sysmon" Guid="{5770385f-c22a-43e0-bf4c-06f5698ffbd9}"/>
    <EventID>5</EventID>
    <Version>3</Version>
    <Level>4</Level>
    <Task>5</Task>
    <Opcode>0</Opcode>
    <Keywords>0x8000000000000000</Keywords>
    <TimeCreated SystemTime="2024-05-14T12:31:16.6945188Z"/>
    <EventRecordID>220927</EventRecordID>
    <Correlation/>
    <Execution ProcessID="2848" ThreadID="4804"/>
    <Channel>Microsoft-Windows-Sysmon/Operational</Channel>
    <Computer>WS-AMEEN-01.agentsoc.local</Computer>
    <Security UserID="S-1-5-18"/>
  </System>
  <EventData>
    
    <Data Name="RuleName">-</Data>
    <Data Name="UtcTime">2024-05-14 12:31:16.694</Data>
    <Data Name="ProcessGuid">{31b3aa98-596a-6643-5c00-0010a0dec303}</Data>
    <Data Name="ProcessId">6696</Data>
    <Data Name="Image">C:\Program Files (x86)\Common Files\Adobe\ARM\1.0\AdobeARMservice.exe</Data>
    <Data Name="User">NT AUTHORITY\SYSTEM</Data>
    
  </EventData>
</Event>
<Event xmlns="http://schemas.microsoft.com/win/2004/08/events/event">
  <System>
    <Provider Name="Microsoft-Windows-Sysmon" Guid="{5770385f-c22a-43e0-bf4c-06f5698ffbd9}"/>
    <EventID>1</EventID>
    <Version>5</Version>
    <Level>4</Level>
    <Task>1</Task>
    <Opcode>0</Opcode>
    <Keywords>0x8000000000000000</Keywords>
    <TimeCreated SystemTime="2024-05-14T12:31:17.8288172Z"/>
    <EventRecordID>220958</EventRecordID>
    <Correlation/>
    <Execution ProcessID="2848" ThreadID="4804"/>
    <Channel>Microsoft-Windows-Sysmon/Operational</Channel>
    <Computer>WS-AMEEN-01.agentsoc.local</Computer>
    <Security UserID="S-1-5-18"/>
  </System>
  <EventData>
    
    <Data Name="RuleName">-</Data>
    <Data Name="UtcTime">2024-05-14 12:31:17.828</Data>
    <Data Name="ProcessGuid">{31b3aa98-5995-6643-8d00-00105a342e1f}</Data>
    <Data Name="ProcessId">6664</Data>
    <Data Name="Image">C:\Program Files (x86)\Cisco\Cisco AnyConnect Secure Mobility Client\vpnui.exe</Data>
    <Data Name="FileVersion">5.1.4.74</Data>
    <Data Name="Description">Cisco Secure Client User Interface</Data>
    <Data Name="Product">Cisco Secure Client</Data>
    <Data Name="Company">Cisco Systems, Inc.</Data>
    <Data Name="OriginalFileName">vpnui.exe</Data>
    <Data Name="CommandLine">"C:\Program Files (x86)\Cisco\Cisco AnyConnect Secure Mobility Client\vpnui.exe"</Data>
    <Data Name="CurrentDirectory">C:\Program Files (x86)\Cisco\Cisco AnyConnect Secure Mobility Client\</Data>
    <Data Name="User">AGENTSOC\ameen.khan</Data>
    <Data Name="LogonGuid">{00000000-0000-0000-0000-000000000000}</Data>
    <Data Name="LogonId">0x47af2d6</Data>
    <Data Name="TerminalSessionId">4</Data>
    <Data Name="IntegrityLevel">Medium</Data>
    <Data Name="Hashes">SHA1=CA44E8389AE66DC31D76C155EA8DF9853D4E1214,MD5=91DB5DE730F2C99153E41A341BC64470,SHA256=DEB731FE03CBC8EDEA7A2B486CF54213526253FB17A3BABC572E75B635465AC6,IMPHASH=EBF877CD083162478CD1AD2943071AA2</Data>
    <Data Name="ParentProcessGuid">{31b3aa98-3914-6643-1200-000015773621}</Data>
    <Data Name="ParentProcessId">6448</Data>
    <Data Name="ParentImage">C:\Windows\explorer.exe</Data>
    <Data Name="ParentCommandLine">explorer.exe</Data>
    <Data Name="ParentUser">AGENTSOC\ameen.khan</Data>
    
  </EventData>
</Event>
<Event xmlns="http://schemas.microsoft.com/win/2004/08/events/event">
  <System>
    <Provider Name="Microsoft-Windows-Sysmon" Guid="{5770385f-c22a-43e0-bf4c-06f5698ffbd9}"/>
    <EventID>13</EventID>
    <Version>2</Version>
    <Level>4</Level>
    <Task>13</Task>
    <Opcode>0</Opcode>
    <Keywords>0x8000000000000000</Keywords>
    <TimeCreated SystemTime="2024-05-14T12:32:11.5491349Z"/>
    <EventRecordID>220961</EventRecordID>
    <Correlation/>
    <Execution ProcessID="2848" ThreadID="2964"/>
    <Channel>Microsoft-Windows-Sysmon/Operational</Channel>
    <Computer>WS-AMEEN-01.agentsoc.local</Computer>
    <Security UserID="S-1-5-18"/>
  </System>
  <EventData>
    
    <Data Name="RuleName">-</Data>
    <Data Name="EventType">SetValue</Data>
    <Data Name="UtcTime">2024-05-14 12:32:11.549</Data>
    <Data Name="ProcessGuid">{31b3aa98-695c-663b-4402-0000908a9b18}</Data>
    <Data Name="ProcessId">5936</Data>
    <Data Name="Image">C:\Windows\System32\msiexec.exe</Data>
    <Data Name="User">NT AUTHORITY\SYSTEM</Data>
    <Data Name="TargetObject">HKLM\SOFTWARE\Microsoft\Windows\CurrentVersion\Component Based Servicing\Packages\Package_for_DotNetRollup~31bf3856ad364e35~amd64~~10.0.22621.58\CurrentState</Data>
    <Data Name="Details">DWORD (0x00000070)</Data>
    
  </EventData>
</Event>
<Event xmlns="http://schemas.microsoft.com/win/2004/08/events/event">
  <System>
    <Provider Name="Microsoft-Windows-Sysmon" Guid="{5770385f-c22a-43e0-bf4c-06f5698ffbd9}"/>
    <EventID>22</EventID>
    <Version>5</Version>
    <Level>4</Level>
    <Task>22</Task>
    <Opcode>0</Opcode>
    <Keywords>0x8000000000000000</Keywords>
    <TimeCreated SystemTime="2024-05-14T12:32:45.6813073Z"/>
    <EventRecordID>220963</EventRecordID>
    <Correlation/>
    <Execution ProcessID="2848" ThreadID="4804"/>
    <Channel>Microsoft-Windows-Sysmon/Operational</Channel>
    <Computer>WS-AMEEN-01.agentsoc.local</Computer>
    <Security UserID="S-1-5-18"/>
  </System>
  <EventData>
    
    <Data Name="RuleName">-</Data>
    <Data Name="UtcTime">2024-05-14 12:32:45.681</Data>
    <Data Name="ProcessGuid">{31b3aa98-694c-663b-4300-0000abbff32f}</Data>
    <Data Name="ProcessId">5832</Data>
    <Data Name="QueryName">DC-BO-01.agentsoc.local</Data>
    <Data Name="QueryStatus">0</Data>
    <Data Name="QueryResults">fd00:2c14:000a::1;</Data>
    <Data Name="Image">C:\Windows\System32\svchost.exe</Data>
    <Data Name="User">NT AUTHORITY\LOCAL SERVICE</Data>
    
  </EventData>
</Event>
<Event xmlns="http://schemas.microsoft.com/win/2004/08/events/event">
  <System>
    <Provider Name="Microsoft-Windows-Sysmon" Guid="{5770385f-c22a-43e0-bf4c-06f5698ffbd9}"/>
    <EventID>13</EventID>
    <Version>2</Version>
    <Level>4</Level>
    <Task>13</Task>
    <Opcode>0</Opcode>
    <Keywords>0x8000000000000000</Keywords>
    <TimeCreated SystemTime="2024-05-14T12:32:47.7108749Z"/>
    <EventRecordID>220964</EventRecordID>
    <Correlation/>
    <Execution ProcessID="2848" ThreadID="2876"/>
    <Channel>Microsoft-Windows-Sysmon/Operational</Channel>
    <Computer>WS-AMEEN-01.agentsoc.local</Computer>
    <Security UserID="S-1-5-18"/>
  </System>
  <EventData>
    
    <Data Name="RuleName">-</Data>
    <Data Name="EventType">SetValue</Data>
    <Data Name="UtcTime">2024-05-14 12:32:47.710</Data>
    <Data Name="ProcessGuid">{31b3aa98-6954-663b-4700-001096a7e72b}</Data>
    <Data Name="ProcessId">5880</Data>
    <Data Name="Image">C:\ProgramData\Microsoft\Windows Defender\Platform\4.18.24030.9-0\MsMpEng.exe</Data>
    <Data Name="User">NT AUTHORITY\SYSTEM</Data>
    <Data Name="TargetObject">HKLM\SOFTWARE\Microsoft\Windows Defender\Real-Time Protection\DisableRealtimeMonitoring</Data>
    <Data Name="Details">DWORD (0x00000000)</Data>
    
  </EventData>
</Event>
<Event xmlns="http://schemas.microsoft.com/win/2004/08/events/event">
  <System>
    <Provider Name="Microsoft-Windows-Sysmon" Guid="{5770385f-c22a-43e0-bf4c-06f5698ffbd9}"/>
    <EventID>3</EventID>
    <Version>5</Version>
    <Level>4</Level>
    <Task>3</Task>
    <Opcode>0</Opcode>
    <Keywords>0x8000000000000000</Keywords>
    <TimeCreated SystemTime="2024-05-14T12:32:57.6111158Z"/>
    <EventRecordID>220966</EventRecordID>
    <Correlation/>
    <Execution ProcessID="2848" ThreadID="2964"/>
    <Channel>Microsoft-Windows-Sysmon/Operational</Channel>
    <Computer>WS-AMEEN-01.agentsoc.local</Computer>
    <Security UserID="S-1-5-18"/>
  </System>
  <EventData>
    
    <Data Name="RuleName">-</Data>
    <Data Name="UtcTime">2024-05-14 12:32:57.611</Data>
    <Data Name="ProcessGuid">{31b3aa98-6946-663b-4b02-00103e21593c}</Data>
    <Data Name="ProcessId">5788</Data>
    <Data Name="Image">C:\Windows\System32\lsass.exe</Data>
    <Data Name="User">NT AUTHORITY\SYSTEM</Data>
    <Data Name="Protocol">udp</Data>
    <Data Name="Initiated">true</Data>
    <Data Name="SourceIsIpv6">false</Data>
    <Data Name="SourceIp">10.44.10.24</Data>
    <Data Name="SourceHostname">WS-AMEEN-01.agentsoc.local</Data>
    <Data Name="SourcePort">55218</Data>
    <Data Name="SourcePortName">-</Data>
    <Data Name="DestinationIsIpv6">false</Data>
    <Data Name="DestinationIp">10.44.20.10</Data>
    <Data Name="DestinationHostname">DC-BO-01.agentsoc.local</Data>
    <Data Name="DestinationPort">88</Data>
    <Data Name="DestinationPortName">kerberos</Data>
    
  </EventData>
</Event>
<Event xmlns="http://schemas.microsoft.com/win/2004/08/events/event">
  <System>
    <Provider Name="Microsoft-Windows-Sysmon" Guid="{5770385f-c22a-43e0-bf4c-06f5698ffbd9}"/>
    <EventID>13</EventID>
    <Version>2</Version>
    <Level>4</Level>
    <Task>13</Task>
    <Opcode>0</Opcode>
    <Keywords>0x8000000000000000</Keywords>
    <TimeCreated SystemTime="2024-05-14T12:33:22.6168317Z"/>
    <EventRecordID>220967</EventRecordID>
    <Correlation/>
    <Execution ProcessID="2848" ThreadID="2876"/>
    <Channel>Microsoft-Windows-Sysmon/Operational</Channel>
    <Computer>WS-AMEEN-01.agentsoc.local</Computer>
    <Security UserID="S-1-5-18"/>
  </System>
  <EventData>
    
    <Data Name="RuleName">-</Data>
    <Data Name="EventType">SetValue</Data>
    <Data Name="UtcTime">2024-05-14 12:33:22.616</Data>
    <Data Name="ProcessGuid">{31b3aa98-6945-663b-5900-00107ae20c31}</Data>
    <Data Name="ProcessId">5784</Data>
    <Data Name="Image">C:\Windows\System32\services.exe</Data>
    <Data Name="User">NT AUTHORITY\SYSTEM</Data>
    <Data Name="TargetObject">HKLM\SYSTEM\CurrentControlSet\Services\SharedAccess\Parameters\FirewallPolicy\StandardProfile\EnableFirewall</Data>
    <Data Name="Details">DWORD (0x00000001)</Data>
    
  </EventData>
</Event>
<Event xmlns="http://schemas.microsoft.com/win/2004/08/events/event">
  <System>
    <Provider Name="Microsoft-Windows-Sysmon" Guid="{5770385f-c22a-43e0-bf4c-06f5698ffbd9}"/>
    <EventID>1</EventID>
    <Version>5</Version>
    <Level>4</Level>
    <Task>1</Task>
    <Opcode>0</Opcode>
    <Keywords>0x8000000000000000</Keywords>
    <TimeCreated SystemTime="2024-05-14T12:34:41.8122434Z"/>
    <EventRecordID>220971</EventRecordID>
    <Correlation/>
    <Execution ProcessID="2848" ThreadID="2964"/>
    <Channel>Microsoft-Windows-Sysmon/Operational</Channel>
    <Computer>WS-AMEEN-01.agentsoc.local</Computer>
    <Security UserID="S-1-5-18"/>
  </System>
  <EventData>
    
    <Data Name="RuleName">-</Data>
    <Data Name="UtcTime">2024-05-14 12:34:41.812</Data>
    <Data Name="ProcessGuid">{31b3aa98-5a61-6643-db02-0000422fd216}</Data>
    <Data Name="ProcessId">6748</Data>
    <Data Name="Image">C:\Windows\System32\svchost.exe</Data>
    <Data Name="FileVersion">10.0.22621.1</Data>
    <Data Name="Description">Host Process for Windows Services</Data>
    <Data Name="Product">Microsoft Windows Operating System</Data>
    <Data Name="Company">Microsoft Corporation</Data>
    <Data Name="OriginalFileName">svchost.exe</Data>
    <Data Name="CommandLine">svchost.exe -k netsvcs -p -s AppXSvc</Data>
    <Data Name="CurrentDirectory">C:\Windows\System32\</Data>
    <Data Name="User">NT AUTHORITY\SYSTEM</Data>
    <Data Name="LogonGuid">{1bda0869-f218-44a5-8f6a-69bd92a8e6f8}</Data>
    <Data Name="LogonId">0x3e7</Data>
    <Data Name="TerminalSessionId">0</Data>
    <Data Name="IntegrityLevel">System</Data>
    <Data Name="Hashes">SHA1=368D2441944693B0CBA629E5ADBC34A8407C40C3,MD5=8CF7DD20664F50F77B71A622747C3D66,SHA256=139556DF0A11AAA4D60AE41B55524114829D5C419E8E043A1F46FC360C93693A,IMPHASH=FC6BB923636A32BB4D62A5991B95FB0D</Data>
    <Data Name="ParentProcessGuid">{31b3aa98-6945-663b-5900-00107ae20c31}</Data>
    <Data Name="ParentProcessId">5784</Data>
    <Data Name="ParentImage">C:\Windows\System32\services.exe</Data>
    <Data Name="ParentCommandLine">services.exe</Data>
    <Data Name="ParentUser">NT AUTHORITY\SYSTEM</Data>
    
  </EventData>
</Event>
<Event xmlns="http://schemas.microsoft.com/win/2004/08/events/event">
  <System>
    <Provider Name="Microsoft-Windows-Sysmon" Guid="{5770385f-c22a-43e0-bf4c-06f5698ffbd9}"/>
    <EventID>13</EventID>
    <Version>2</Version>
    <Level>4</Level>
    <Task>13</Task>
    <Opcode>0</Opcode>
    <Keywords>0x8000000000000000</Keywords>
    <TimeCreated SystemTime="2024-05-14T12:37:05.9027511Z"/>
    <EventRecordID>221060</EventRecordID>
    <Correlation/>
    <Execution ProcessID="2848" ThreadID="2876"/>
    <Channel>Microsoft-Windows-Sysmon/Operational</Channel>
    <Computer>WS-AMEEN-01.agentsoc.local</Computer>
    <Security UserID="S-1-5-18"/>
  </System>
  <EventData>
    
    <Data Name="RuleName">-</Data>
    <Data Name="EventType">SetValue</Data>
    <Data Name="UtcTime">2024-05-14 12:37:05.902</Data>
    <Data Name="ProcessGuid">{31b3aa98-6945-663b-5900-00107ae20c31}</Data>
    <Data Name="ProcessId">5784</Data>
    <Data Name="Image">C:\Windows\System32\services.exe</Data>
    <Data Name="User">NT AUTHORITY\SYSTEM</Data>
    <Data Name="TargetObject">HKLM\SYSTEM\CurrentControlSet\Services\Tcpip\Parameters\Interfaces\{A5E3BC61-D141-213F-9A3C-00000BED261E}\DhcpIPAddress</Data>
    <Data Name="Details">10.44.10.24</Data>
    
  </EventData>
</Event>
<Event xmlns="http://schemas.microsoft.com/win/2004/08/events/event">
  <System>
    <Provider Name="Microsoft-Windows-Sysmon" Guid="{5770385f-c22a-43e0-bf4c-06f5698ffbd9}"/>
    <EventID>1</EventID>
    <Version>5</Version>
    <Level>4</Level>
    <Task>1</Task>
    <Opcode>0</Opcode>
    <Keywords>0x8000000000000000</Keywords>
    <TimeCreated SystemTime="2024-05-14T12:37:22.5581710Z"/>
    <EventRecordID>221080</EventRecordID>
    <Correlation/>
    <Execution ProcessID="2848" ThreadID="1672"/>
    <Channel>Microsoft-Windows-Sysmon/Operational</Channel>
    <Computer>WS-AMEEN-01.agentsoc.local</Computer>
    <Security UserID="S-1-5-18"/>
  </System>
  <EventData>
    
    <Data Name="RuleName">-</Data>
    <Data Name="UtcTime">2024-05-14 12:37:22.558</Data>
    <Data Name="ProcessGuid">{31b3aa98-5b02-6643-d602-0000827f49df}</Data>
    <Data Name="ProcessId">6772</Data>
    <Data Name="Image">C:\Windows\System32\mstsc.exe</Data>
    <Data Name="FileVersion">10.0.22621.1</Data>
    <Data Name="Description">Remote Desktop Connection</Data>
    <Data Name="Product">Microsoft Windows Operating System</Data>
    <Data Name="Company">Microsoft Corporation</Data>
    <Data Name="OriginalFileName">mstsc.exe</Data>
    <Data Name="CommandLine">mstsc.exe /v:DC-BO-01</Data>
    <Data Name="CurrentDirectory">C:\Windows\System32\</Data>
    <Data Name="User">AGENTSOC\ameen.khan</Data>
    <Data Name="LogonGuid">{00000000-0000-0000-0000-000000000000}</Data>
    <Data Name="LogonId">0x47b8a01</Data>
    <Data Name="TerminalSessionId">1</Data>
    <Data Name="IntegrityLevel">Medium</Data>
    <Data Name="Hashes">SHA1=E6E36D2FC9772680CAA626321052A0C9D56D307A,MD5=D279444AE4C9D8B7840B8A914D0D3419,SHA256=07030FD178093090E1B1A171374910B6868B60F1E452940FB8F03806C324C621,IMPHASH=8C24FC2F939A9A509FBC0B5C81CBAA47</Data>
    <Data Name="ParentProcessGuid">{31b3aa98-3a25-6643-8402-0010b3dec6a2}</Data>
    <Data Name="ParentProcessId">6144</Data>
    <Data Name="ParentImage">C:\Windows\explorer.exe</Data>
    <Data Name="ParentCommandLine">explorer.exe</Data>
    <Data Name="ParentUser">AGENTSOC\ameen.khan</Data>
    
  </EventData>
</Event>
<Event xmlns="http://schemas.microsoft.com/win/2004/08/events/event">
  <System>
    <Provider Name="Microsoft-Windows-Sysmon" Guid="{5770385f-c22a-43e0-bf4c-06f5698ffbd9}"/>
    <EventID>3</EventID>
    <Version>5</Version>
    <Level>4</Level>
    <Task>3</Task>
    <Opcode>0</Opcode>
    <Keywords>0x8000000000000000</Keywords>
    <TimeCreated SystemTime="2024-05-14T12:37:24.6494832Z"/>
    <EventRecordID>221098</EventRecordID>
    <Correlation/>
    <Execution ProcessID="2848" ThreadID="1672"/>
    <Channel>Microsoft-Windows-Sysmon/Operational</Channel>
    <Computer>WS-AMEEN-01.agentsoc.local</Computer>
    <Security UserID="S-1-5-18"/>
  </System>
  <EventData>
    
    <Data Name="RuleName">-</Data>
    <Data Name="UtcTime">2024-05-14 12:37:24.649</Data>
    <Data Name="ProcessGuid">{31b3aa98-5b02-6643-d602-0000827f49df}</Data>
    <Data Name="ProcessId">6772</Data>
    <Data Name="Image">C:\Windows\System32\mstsc.exe</Data>
    <Data Name="User">AGENTSOC\ameen.khan</Data>
    <Data Name="Protocol">tcp</Data>
    <Data Name="Initiated">true</Data>
    <Data Name="SourceIsIpv6">false</Data>
    <Data Name="SourceIp">10.44.10.24</Data>
    <Data Name="SourceHostname">WS-AMEEN-01.agentsoc.local</Data>
    <Data Name="SourcePort">54126</Data>
    <Data Name="SourcePortName">-</Data>
    <Data Name="DestinationIsIpv6">false</Data>
    <Data Name="DestinationIp">10.44.20.10</Data>
    <Data Name="DestinationHostname">DC-BO-01.agentsoc.local</Data>
    <Data Name="DestinationPort">3389</Data>
    <Data Name="DestinationPortName">ms-wbt-server</Data>
    
  </EventData>
</Event>
<Event xmlns="http://schemas.microsoft.com/win/2004/08/events/event">
  <System>
    <Provider Name="Microsoft-Windows-Sysmon" Guid="{5770385f-c22a-43e0-bf4c-06f5698ffbd9}"/>
    <EventID>10</EventID>
    <Version>3</Version>
    <Level>4</Level>
    <Task>10</Task>
    <Opcode>0</Opcode>
    <Keywords>0x8000000000000000</Keywords>
    <TimeCreated SystemTime="2024-05-14T12:37:29.7417107Z"/>
    <EventRecordID>221119</EventRecordID>
    <Correlation/>
    <Execution ProcessID="2848" ThreadID="2876"/>
    <Channel>Microsoft-Windows-Sysmon/Operational</Channel>
    <Computer>WS-AMEEN-01.agentsoc.local</Computer>
    <Security UserID="S-1-5-18"/>
  </System>
  <EventData>
    
    <Data Name="RuleName">-</Data>
    <Data Name="UtcTime">2024-05-14 12:37:29.741</Data>
    <Data Name="SourceProcessGUID">{31b3aa98-6957-663b-4200-0010f8da27a7}</Data>
    <Data Name="SourceProcessId">5904</Data>
    <Data Name="SourceImage">C:\Windows\System32\wbem\WmiPrvSE.exe</Data>
    <Data Name="SourceThreadId">9780</Data>
    <Data Name="SourceUser">NT AUTHORITY\NETWORK SERVICE</Data>
    <Data Name="TargetProcessGUID">{31b3aa98-6948-663b-8a00-00101dca5b68}</Data>
    <Data Name="TargetProcessId">5800</Data>
    <Data Name="TargetImage">C:\Windows\System32\svchost.exe</Data>
    <Data Name="TargetUser">NT AUTHORITY\SYSTEM</Data>
    <Data Name="GrantedAccess">0x0400</Data>
    <Data Name="CallTrace">C:\Windows\SYSTEM32\ntdll.dll+9DEBE|C:\Windows\SYSTEM32\KERNELBASE.dll+2CFE2|C:\Windows\SYSTEM32\combase.dll+28F8E</Data>
    
  </EventData>
</Event>
<Event xmlns="http://schemas.microsoft.com/win/2004/08/events/event">
  <System>
    <Provider Name="Microsoft-Windows-Sysmon" Guid="{5770385f-c22a-43e0-bf4c-06f5698ffbd9}"/>
    <EventID>3</EventID>
    <Version>5</Version>
    <Level>4</Level>
    <Task>3</Task>
    <Opcode>0</Opcode>
    <Keywords>0x8000000000000000</Keywords>
    <TimeCreated SystemTime="2024-05-14T12:39:21.5231689Z"/>
    <EventRecordID>221301</EventRecordID>
    <Correlation/>
    <Execution ProcessID="2848" ThreadID="2964"/>
    <Channel>Microsoft-Windows-Sysmon/Operational</Channel>
    <Computer>WS-AMEEN-01.agentsoc.local</Computer>
    <Security UserID="S-1-5-18"/>
  </System>
  <EventData>
    
    <Data Name="RuleName">-</Data>
    <Data Name="UtcTime">2024-05-14 12:39:21.523</Data>
    <Data Name="ProcessGuid">{31b3aa98-3eac-6643-0f02-0000f019de4d}</Data>
    <Data Name="ProcessId">6344</Data>
    <Data Name="Image">C:\Windows\System32\OpenSSH\ssh.exe</Data>
    <Data Name="User">AGENTSOC\ameen.khan</Data>
    <Data Name="Protocol">tcp</Data>
    <Data Name="Initiated">true</Data>
    <Data Name="SourceIsIpv6">false</Data>
    <Data Name="SourceIp">10.44.10.24</Data>
    <Data Name="SourceHostname">WS-AMEEN-01.agentsoc.local</Data>
    <Data Name="SourcePort">56532</Data>
    <Data Name="SourcePortName">-</Data>
    <Data Name="DestinationIsIpv6">false</Data>
    <Data Name="DestinationIp">10.44.30.10</Data>
    <Data Name="DestinationHostname">WEB-BO-01.agentsoc.local</Data>
    <Data Name="DestinationPort">22</Data>
    <Data Name="DestinationPortName">ssh</Data>
    
  </EventData>
</Event>
<Event xmlns="http://schemas.microsoft.com/win/2004/08/events/event">
  <System>
    <Provider Name="Microsoft-Windows-Sysmon" Guid="{5770385f-c22a-43e0-bf4c-06f5698ffbd9}"/>
    <EventID>10</EventID>
    <Version>3</Version>
    <Level>4</Level>
    <Task>10</Task>
    <Opcode>0</Opcode>
    <Keywords>0x8000000000000000</Keywords>
    <TimeCreated SystemTime="2024-05-14T12:39:45.4580734Z"/>
    <EventRecordID>221302</EventRecordID>
    <Correlation/>
    <Execution ProcessID="2848" ThreadID="4804"/>
    <Channel>Microsoft-Windows-Sysmon/Operational</Channel>
    <Computer>WS-AMEEN-01.agentsoc.local</Computer>
    <Security UserID="S-1-5-18"/>
  </System>
  <EventData>
    
    <Data Name="RuleName">-</Data>
    <Data Name="UtcTime">2024-05-14 12:39:45.458</Data>
    <Data Name="SourceProcessGUID">{31b3aa98-6942-663b-8202-00001f455e2a}</Data>
    <Data Name="SourceProcessId">5752</Data>
    <Data Name="SourceImage">C:\Windows\System32\csrss.exe</Data>
    <Data Name="SourceThreadId">9148</Data>
    <Data Name="SourceUser">NT AUTHORITY\SYSTEM</Data>
    <Data Name="TargetProcessGUID">{31b3aa98-6948-663b-8a00-00101dca5b68}</Data>
    <Data Name="TargetProcessId">5800</Data>
    <Data Name="TargetImage">C:\Windows\System32\svchost.exe</Data>
    <Data Name="TargetUser">NT AUTHORITY\SYSTEM</Data>
    <Data Name="GrantedAccess">0x1000</Data>
    <Data Name="CallTrace">C:\Windows\SYSTEM32\ntdll.dll+9C1CB</Data>
    
  </EventData>
</Event>
<Event xmlns="http://schemas.microsoft.com/win/2004/08/events/event">
  <System>
    <Provider Name="Microsoft-Windows-Sysmon" Guid="{5770385f-c22a-43e0-bf4c-06f5698ffbd9}"/>
    <EventID>22</EventID>
    <Version>5</Version>
    <Level>4</Level>
    <Task>22</Task>
    <Opcode>0</Opcode>
    <Keywords>0x8000000000000000</Keywords>
    <TimeCreated SystemTime="2024-05-14T12:41:51.9506369Z"/>
    <EventRecordID>221341</EventRecordID>
    <Correlation/>
    <Execution ProcessID="2848" ThreadID="2876"/>
    <Channel>Microsoft-Windows-Sysmon/Operational</Channel>
    <Computer>WS-AMEEN-01.agentsoc.local</Computer>
    <Security UserID="S-1-5-18"/>
  </System>
  <EventData>
    
    <Data Name="RuleName">-</Data>
    <Data Name="UtcTime">2024-05-14 12:41:51.950</Data>
    <Data Name="ProcessGuid">{31b3aa98-694c-663b-4300-0000abbff32f}</Data>
    <Data Name="ProcessId">5832</Data>
    <Data Name="QueryName">DC-BO-01.agentsoc.local</Data>
    <Data Name="QueryStatus">0</Data>
    <Data Name="QueryResults">10.44.20.10;</Data>
    <Data Name="Image">C:\Windows\System32\svchost.exe</Data>
    <Data Name="User">NT AUTHORITY\LOCAL SERVICE</Data>
    
  </EventData>
</Event>
<Event xmlns="http://schemas.microsoft.com/win/2004/08/events/event">
  <System>
    <Provider Name="Microsoft-Windows-Sysmon" Guid="{5770385f-c22a-43e0-bf4c-06f5698ffbd9}"/>
    <EventID>13</EventID>
    <Version>2</Version>
    <Level>4</Level>
    <Task>13</Task>
    <Opcode>0</Opcode>
    <Keywords>0x8000000000000000</Keywords>
    <TimeCreated SystemTime="2024-05-14T12:41:56.0374011Z"/>
    <EventRecordID>221342</EventRecordID>
    <Correlation/>
    <Execution ProcessID="2848" ThreadID="4020"/>
    <Channel>Microsoft-Windows-Sysmon/Operational</Channel>
    <Computer>WS-AMEEN-01.agentsoc.local</Computer>
    <Security UserID="S-1-5-18"/>
  </System>
  <EventData>
    
    <Data Name="RuleName">-</Data>
    <Data Name="EventType">SetValue</Data>
    <Data Name="UtcTime">2024-05-14 12:41:56.037</Data>
    <Data Name="ProcessGuid">{31b3aa98-6945-663b-5900-00107ae20c31}</Data>
    <Data Name="ProcessId">5784</Data>
    <Data Name="Image">C:\Windows\System32\services.exe</Data>
    <Data Name="User">NT AUTHORITY\SYSTEM</Data>
    <Data Name="TargetObject">HKLM\SOFTWARE\Microsoft\Windows\CurrentVersion\Component Based Servicing\PackagesPending\TrustedInstaller</Data>
    <Data Name="Details">DWORD (0x00000001)</Data>
    
  </EventData>
</Event>
<Event xmlns="http://schemas.microsoft.com/win/2004/08/events/event">
  <System>
    <Provider Name="Microsoft-Windows-Sysmon" Guid="{5770385f-c22a-43e0-bf4c-06f5698ffbd9}"/>
    <EventID>13</EventID>
    <Version>2</Version>
    <Level>4</Level>
    <Task>13</Task>
    <Opcode>0</Opcode>
    <Keywords>0x8000000000000000</Keywords>
    <TimeCreated SystemTime="2024-05-14T12:42:18.7353101Z"/>
    <EventRecordID>221343</EventRecordID>
    <Correlation/>
    <Execution ProcessID="2848" ThreadID="2876"/>
    <Channel>Microsoft-Windows-Sysmon/Operational</Channel>
    <Computer>WS-AMEEN-01.agentsoc.local</Computer>
    <Security UserID="S-1-5-18"/>
  </System>
  <EventData>
    
    <Data Name="RuleName">-</Data>
    <Data Name="EventType">SetValue</Data>
    <Data Name="UtcTime">2024-05-14 12:42:18.735</Data>
    <Data Name="ProcessGuid">{31b3aa98-6963-663b-0b02-0000209e0d25}</Data>
    <Data Name="ProcessId">6096</Data>
    <Data Name="Image">C:\Windows\System32\RuntimeBroker.exe</Data>
    <Data Name="User">AGENTSOC\ameen.khan</Data>
    <Data Name="TargetObject">HKU\S-1-5-21-1223493204-1473060041-1971563278-1004\Software\Microsoft\Windows\CurrentVersion\Explorer\UserAssist\{CEBFF5CD-ACE2-4F4F-9178-9926F41749EA}\Count\HRZR_EHACNGU:P:\Cebtenz Svyrf\Zvpebfbsg Bssvpr\ebbg\Bssvpr16\RKPRY.RKR</Data>
    <Data Name="Details">8D CC AB 6F 45 80 2E 57 1A B1 B4 51 67 5E 9D 54 31 6B 9C EB BA CC 76 A3 DA 14 AB 89 72 EA E5 31</Data>
    
  </EventData>
</Event>
<Event xmlns="http://schemas.microsoft.com/win/2004/08/events/event">
  <System>
    <Provider Name="Microsoft-Windows-Sysmon" Guid="{5770385f-c22a-43e0-bf4c-06f5698ffbd9}"/>
    <EventID>3</EventID>
    <Version>5</Version>
    <Level>4</Level>
    <Task>3</Task>
    <Opcode>0</Opcode>
    <Keywords>0x8000000000000000</Keywords>
    <TimeCreated SystemTime="2024-05-14T12:42:43.7524337Z"/>
    <EventRecordID>221486</EventRecordID>
    <Correlation/>
    <Execution ProcessID="2848" ThreadID="2876"/>
    <Channel>Microsoft-Windows-Sysmon/Operational</Channel>
    <Computer>WS-AMEEN-01.agentsoc.local</Computer>
    <Security UserID="S-1-5-18"/>
  </System>
  <EventData>
    
    <Data Name="RuleName">-</Data>
    <Data Name="UtcTime">2024-05-14 12:42:43.752</Data>
    <Data Name="ProcessGuid">{31b3aa98-6946-663b-4b02-00103e21593c}</Data>
    <Data Name="ProcessId">5788</Data>
    <Data Name="Image">C:\Windows\System32\lsass.exe</Data>
    <Data Name="User">NT AUTHORITY\SYSTEM</Data>
    <Data Name="Protocol">udp</Data>
    <Data Name="Initiated">true</Data>
    <Data Name="SourceIsIpv6">false</Data>
    <Data Name="SourceIp">10.44.10.24</Data>
    <Data Name="SourceHostname">WS-AMEEN-01.agentsoc.local</Data>
    <Data Name="SourcePort">63041</Data>
    <Data Name="SourcePortName">-</Data>
    <Data Name="DestinationIsIpv6">false</Data>
    <Data Name="DestinationIp">10.44.20.10</Data>
    <Data Name="DestinationHostname">DC-BO-01.agentsoc.local</Data>
    <Data Name="DestinationPort">88</Data>
    <Data Name="DestinationPortName">kerberos</Data>
    
  </EventData>
</Event>
<Event xmlns="http://schemas.microsoft.com/win/2004/08/events/event">
  <System>
    <Provider Name="Microsoft-Windows-Sysmon" Guid="{5770385f-c22a-43e0-bf4c-06f5698ffbd9}"/>
    <EventID>22</EventID>
    <Version>5</Version>
    <Level>4</Level>
    <Task>22</Task>
    <Opcode>0</Opcode>
    <Keywords>0x8000000000000000</Keywords>
    <TimeCreated SystemTime="2024-05-14T12:44:28.9141225Z"/>
    <EventRecordID>221491</EventRecordID>
    <Correlation/>
    <Execution ProcessID="2848" ThreadID="4804"/>
    <Channel>Microsoft-Windows-Sysmon/Operational</Channel>
    <Computer>WS-AMEEN-01.agentsoc.local</Computer>
    <Security UserID="S-1-5-18"/>
  </System>
  <EventData>
    
    <Data Name="RuleName">-</Data>
    <Data Name="UtcTime">2024-05-14 12:44:28.914</Data>
    <Data Name="ProcessGuid">{31b3aa98-694c-663b-4300-0000abbff32f}</Data>
    <Data Name="ProcessId">5832</Data>
    <Data Name="QueryName">WEB-BO-01.agentsoc.local</Data>
    <Data Name="QueryStatus">0</Data>
    <Data Name="QueryResults">10.44.30.10;</Data>
    <Data Name="Image">C:\Windows\System32\svchost.exe</Data>
    <Data Name="User">NT AUTHORITY\LOCAL SERVICE</Data>
    
  </EventData>
</Event>
<Event xmlns="http://schemas.microsoft.com/win/2004/08/events/event">
  <System>
    <Provider Name="Microsoft-Windows-Sysmon" Guid="{5770385f-c22a-43e0-bf4c-06f5698ffbd9}"/>
    <EventID>22</EventID>
    <Version>5</Version>
    <Level>4</Level>
    <Task>22</Task>
    <Opcode>0</Opcode>
    <Keywords>0x8000000000000000</Keywords>
    <TimeCreated SystemTime="2024-05-14T12:44:29.2524487Z"/>
    <EventRecordID>221856</EventRecordID>
    <Correlation/>
    <Execution ProcessID="2848" ThreadID="4804"/>
    <Channel>Microsoft-Windows-Sysmon/Operational</Channel>
    <Computer>WS-AMEEN-01.agentsoc.local</Computer>
    <Security UserID="S-1-5-18"/>
  </System>
  <EventData>
    
    <Data Name="RuleName">-</Data>
    <Data Name="UtcTime">2024-05-14 12:44:29.252</Data>
    <Data Name="ProcessGuid">{31b3aa98-694c-663b-4300-0000abbff32f}</Data>
    <Data Name="ProcessId">5832</Data>
    <Data Name="QueryName">WEB-BO-01.agentsoc.local</Data>
    <Data Name="QueryStatus">0</Data>
    <Data Name="QueryResults">fd00:2c1e:000a::1;</Data>
    <Data Name="Image">C:\Windows\System32\svchost.exe</Data>
    <Data Name="User">NT AUTHORITY\LOCAL SERVICE</Data>
    
  </EventData>
</Event>
<Event xmlns="http://schemas.microsoft.com/win/2004/08/events/event">
  <System>
    <Provider Name="Microsoft-Windows-Sysmon" Guid="{5770385f-c22a-43e0-bf4c-06f5698ffbd9}"/>
    <EventID>3</EventID>
    <Version>5</Version>
    <Level>4</Level>
    <Task>3</Task>
    <Opcode>0</Opcode>
    <Keywords>0x8000000000000000</Keywords>
    <TimeCreated SystemTime="2024-05-14T12:44:29.6329966Z"/>
    <EventRecordID>221857</EventRecordID>
    <Correlation/>
    <Execution ProcessID="2848" ThreadID="2876"/>
    <Channel>Microsoft-Windows-Sysmon/Operational</Channel>
    <Computer>WS-AMEEN-01.agentsoc.local</Computer>
    <Security UserID="S-1-5-18"/>
  </System>
  <EventData>
    
    <Data Name="RuleName">-</Data>
    <Data Name="UtcTime">2024-05-14 12:44:29.632</Data>
    <Data Name="ProcessGuid">{31b3aa98-6946-663b-4b02-00103e21593c}</Data>
    <Data Name="ProcessId">5788</Data>
    <Data Name="Image">C:\Windows\System32\lsass.exe</Data>
    <Data Name="User">NT AUTHORITY\SYSTEM</Data>
    <Data Name="Protocol">udp</Data>
    <Data Name="Initiated">true</Data>
    <Data Name="SourceIsIpv6">false</Data>
    <Data Name="SourceIp">10.44.10.24</Data>
    <Data Name="SourceHostname">WS-AMEEN-01.agentsoc.local</Data>
    <Data Name="SourcePort">62287</Data>
    <Data Name="SourcePortName">-</Data>
    <Data Name="DestinationIsIpv6">false</Data>
    <Data Name="DestinationIp">10.44.20.10</Data>
    <Data Name="DestinationHostname">DC-BO-01.agentsoc.local</Data>
    <Data Name="DestinationPort">88</Data>
    <Data Name="DestinationPortName">kerberos</Data>
    
  </EventData>
</Event>
<Event xmlns="http://schemas.microsoft.com/win/2004/08/events/event">
  <System>
    <Provider Name="Microsoft-Windows-Sysmon" Guid="{5770385f-c22a-43e0-bf4c-06f5698ffbd9}"/>
    <EventID>3</EventID>
    <Version>5</Version>
    <Level>4</Level>
    <Task>3</Task>
    <Opcode>0</Opcode>
    <Keywords>0x8000000000000000</Keywords>
    <TimeCreated SystemTime="2024-05-14T12:44:30.5254843Z"/>
    <EventRecordID>221858</EventRecordID>
    <Correlation/>
    <Execution ProcessID="2848" ThreadID="4804"/>
    <Channel>Microsoft-Windows-Sysmon/Operational</Channel>
    <Computer>WS-AMEEN-01.agentsoc.local</Computer>
    <Security UserID="S-1-5-18"/>
  </System>
  <EventData>
    
    <Data Name="RuleName">-</Data>
    <Data Name="UtcTime">2024-05-14 12:44:30.525</Data>
    <Data Name="ProcessGuid">{31b3aa98-3eac-6643-0f02-0000f019de4d}</Data>
    <Data Name="ProcessId">6344</Data>
    <Data Name="Image">C:\Windows\System32\OpenSSH\ssh.exe</Data>
    <Data Name="User">AGENTSOC\ameen.khan</Data>
    <Data Name="Protocol">tcp</Data>
    <Data Name="Initiated">true</Data>
    <Data Name="SourceIsIpv6">false</Data>
    <Data Name="SourceIp">10.44.10.24</Data>
    <Data Name="SourceHostname">WS-AMEEN-01.agentsoc.local</Data>
    <Data Name="SourcePort">49967</Data>
    <Data Name="SourcePortName">-</Data>
    <Data Name="DestinationIsIpv6">false</Data>
    <Data Name="DestinationIp">10.44.30.10</Data>
    <Data Name="DestinationHostname">WEB-BO-01.agentsoc.local</Data>
    <Data Name="DestinationPort">22</Data>
    <Data Name="DestinationPortName">ssh</Data>
    
  </EventData>
</Event>
<Event xmlns="http://schemas.microsoft.com/win/2004/08/events/event">
  <System>
    <Provider Name="Microsoft-Windows-Sysmon" Guid="{5770385f-c22a-43e0-bf4c-06f5698ffbd9}"/>
    <EventID>10</EventID>
    <Version>3</Version>
    <Level>4</Level>
    <Task>10</Task>
    <Opcode>0</Opcode>
    <Keywords>0x8000000000000000</Keywords>
    <TimeCreated SystemTime="2024-05-14T12:44:37.2606258Z"/>
    <EventRecordID>221885</EventRecordID>
    <Correlation/>
    <Execution ProcessID="2848" ThreadID="4804"/>
    <Channel>Microsoft-Windows-Sysmon/Operational</Channel>
    <Computer>WS-AMEEN-01.agentsoc.local</Computer>
    <Security UserID="S-1-5-18"/>
  </System>
  <EventData>
    
    <Data Name="RuleName">-</Data>
    <Data Name="UtcTime">2024-05-14 12:44:37.260</Data>
    <Data Name="SourceProcessGUID">{31b3aa98-695b-663b-6402-00105cf5fd76}</Data>
    <Data Name="SourceProcessId">5932</Data>
    <Data Name="SourceImage">C:\ProgramData\Microsoft\Windows Defender\Platform\4.18.24030.9-0\MpCmdRun.exe</Data>
    <Data Name="SourceThreadId">7968</Data>
    <Data Name="SourceUser">NT AUTHORITY\SYSTEM</Data>
    <Data Name="TargetProcessGUID">{31b3aa98-6954-663b-4700-001096a7e72b}</Data>
    <Data Name="TargetProcessId">5880</Data>
    <Data Name="TargetImage">C:\ProgramData\Microsoft\Windows Defender\Platform\4.18.24030.9-0\MsMpEng.exe</Data>
    <Data Name="TargetUser">NT AUTHORITY\SYSTEM</Data>
    <Data Name="GrantedAccess">0x1010</Data>
    <Data Name="CallTrace">C:\Windows\SYSTEM32\ntdll.dll+9D749|C:\Windows\SYSTEM32\KERNELBASE.dll+2D997|C:\Windows\SYSTEM32\advapi32.dll+4A785</Data>
    
  </EventData>
</Event>
<Event xmlns="http://schemas.microsoft.com/win/2004/08/events/event">
  <System>
    <Provider Name="Microsoft-Windows-Sysmon" Guid="{5770385f-c22a-43e0-bf4c-06f5698ffbd9}"/>
    <EventID>13</EventID>
    <Version>2</Version>
    <Level>4</Level>
    <Task>13</Task>
    <Opcode>0</Opcode>
    <Keywords>0x8000000000000000</Keywords>
    <TimeCreated SystemTime="2024-05-14T12:46:45.2001474Z"/>
    <EventRecordID>222052</EventRecordID>
    <Correlation/>
    <Execution ProcessID="2848" ThreadID="2964"/>
    <Channel>Microsoft-Windows-Sysmon/Operational</Channel>
    <Computer>WS-AMEEN-01.agentsoc.local</Computer>
    <Security UserID="S-1-5-18"/>
  </System>
  <EventData>
    
    <Data Name="RuleName">-</Data>
    <Data Name="EventType">SetValue</Data>
    <Data Name="UtcTime">2024-05-14 12:46:45.200</Data>
    <Data Name="ProcessGuid">{31b3aa98-6963-663b-0b02-0000209e0d25}</Data>
    <Data Name="ProcessId">6096</Data>
    <Data Name="Image">C:\Windows\System32\RuntimeBroker.exe</Data>
    <Data Name="User">AGENTSOC\ameen.khan</Data>
    <Data Name="TargetObject">HKU\S-1-5-21-1223493204-1473060041-1971563278-1004\Software\Microsoft\Office\16.0\Word\Reading Locations\Document 20\Datetime</Data>
    <Data Name="Details">2024-05-14T10:45:00</Data>
    
  </EventData>
</Event>
