<Event xmlns="http://schemas.microsoft.com/win/2004/08/events/event">
  <System>
    <Provider Name="Microsoft-Windows-Sysmon" Guid="{5770385f-c22a-43e0-bf4c-06f5698ffbd9}"/>
    <EventID>1</EventID>
    <Version>5</Version>
    <Level>4</Level>
    <Task>1</Task>
    <Opcode>0</Opcode>
    <Keywords>0x8000000000000000</Keywords>
    <TimeCreated SystemTime="2024-05-14T16:10:22.4706673Z"/>
    <EventRecordID>239464</EventRecordID>
    <Correlation/>
    <Execution ProcessID="2848" ThreadID="2964"/>
    <Channel>Microsoft-Windows-Sysmon/Operational</Channel>
    <Computer>WS-AMEEN-01.agentsoc.local</Computer>
    <Security UserID="S-1-5-18"/>
  </System>
  <EventData>
    
    <Data Name="RuleName">-</Data>
    <Data Name="UtcTime">2024-05-14 16:10:22.470</Data>
    <Data Name="ProcessGuid">{31b3aa98-8cee-6643-9000-001014866aa1}</Data>
    <Data Name="ProcessId">7520</Data>
    <Data Name="Image">C:\Windows\System32\OpenSSH\ssh.exe</Data>
    <Data Name="FileVersion">8.6.0.1</Data>
    <Data Name="Description">OpenSSH SSH client</Data>
    <Data Name="Product">OpenSSH for Windows</Data>
    <Data Name="Company">Microsoft Corporation</Data>
    <Data Name="OriginalFileName">ssh.exe</Data>
    <Data Name="CommandLine">ssh.exe ameen.khan@PROXY-BO-01.agentsoc.local</Data>
    <Data Name="CurrentDirectory">C:\Users\ameen.khan\</Data>
    <Data Name="User">AGENTSOC\ameen.khan</Data>
    <Data Name="LogonGuid">{00000000-0000-0000-0000-000000000000}</Data>
    <Data Name="LogonId">0x49e9c66</Data>
    <Data Name="TerminalSessionId">1</Data>
    <Data Name="IntegrityLevel">Medium</Data>
    <Data Name="Hashes">SHA1=34EDBE1F2503BED1B1F8F387974ACB65F632C21B,MD5=177AE85C74B6D0BB9FC040A42BF2CAC0,SHA256=5CA44FEC35D64819E1CF357648C98073ACA2AEF9816F8FA375095783B3AC3EE1,IMPHASH=62F7B0310260F97B5078263292DD1CBA</Data>
    <Data Name="ParentProcessGuid">{31b3aa98-7bef-6643-ef02-0000c1c3c2b2}</Data>
    <Data Name="ParentProcessId">7036</Data>
    <Data Name="ParentImage">C:\Windows\explorer.exe</Data>
    <Data Name="ParentCommandLine">explorer.exe</Data>
    <Data Name="ParentUser">AGENTSOC\ameen.khan</Data>
    
  </EventData>
</Event>
<Event xmlns="http://schemas.microsoft.com/win/2004/08/events/event">
  <System>
    <Provider Name="Microsoft-Windows-Sysmon" Guid="{5770385f-c22a-43e0-bf4c-06f5698ffbd9}"/>
    <EventID>22</EventID>
    <Version>5</Version>
    <Level>4</Level>
    <Task>22</Task>
    <Opcode>0</Opcode>
    <Keywords>0x8000000000000000</Keywords>
    <TimeCreated SystemTime="2024-05-14T16:10:28.8583346Z"/>
    <EventRecordID>239465</EventRecordID>
    <Correlation/>
    <Execution ProcessID="2848" ThreadID="2964"/>
    <Channel>Microsoft-Windows-Sysmon/Operational</Channel>
    <Computer>WS-AMEEN-01.agentsoc.local</Computer>
    <Security UserID="S-1-5-18"/>
  </System>
  <EventData>
    
    <Data Name="RuleName">-</Data>
    <Data Name="UtcTime">2024-05-14 16:10:28.858</Data>
    <Data Name="ProcessGuid">{31b3aa98-694c-663b-4300-0000abbff32f}</Data>
    <Data Name="ProcessId">5832</Data>
    <Data Name="QueryName">PROXY-BO-01.agentsoc.local</Data>
    <Data Name="QueryStatus">0</Data>
    <Data Name="QueryResults">10.44.20.30;</Data>
    <Data Name="Image">C:\Windows\System32\svchost.exe</Data>
    <Data Name="User">NT AUTHORITY\LOCAL SERVICE</Data>
    
  </EventData>
</Event>
<Event xmlns="http://schemas.microsoft.com/win/2004/08/events/event">
  <System>
    <Provider Name="Microsoft-Windows-Sysmon" Guid="{5770385f-c22a-43e0-bf4c-06f5698ffbd9}"/>
    <EventID>22</EventID>
    <Version>5</Version>
    <Level>4</Level>
    <Task>22</Task>
    <Opcode>0</Opcode>
    <Keywords>0x8000000000000000</Keywords>
    <TimeCreated SystemTime="2024-05-14T16:10:29.5529059Z"/>
    <EventRecordID>239466</EventRecordID>
    <Correlation/>
    <Execution ProcessID="2848" ThreadID="2964"/>
    <Channel>Microsoft-Windows-Sysmon/Operational</Channel>
    <Computer>WS-AMEEN-01.agentsoc.local</Computer>
    <Security UserID="S-1-5-18"/>
  </System>
  <EventData>
    
    <Data Name="RuleName">-</Data>
    <Data Name="UtcTime">2024-05-14 16:10:29.552</Data>
    <Data Name="ProcessGuid">{31b3aa98-694c-663b-4300-0000abbff32f}</Data>
    <Data Name="ProcessId">5832</Data>
    <Data Name="QueryName">PROXY-BO-01.agentsoc.local</Data>
    <Data Name="QueryStatus">0</Data>
    <Data Name="QueryResults">fd00:2c14:001e::1;</Data>
    <Data Name="Image">C:\Windows\System32\svchost.exe</Data>
    <Data Name="User">NT AUTHORITY\LOCAL SERVICE</Data>
    
  </EventData>
</Event>
<Event xmlns="http://schemas.microsoft.com/win/2004/08/events/event">
  <System>
    <Provider Name="Microsoft-Windows-Sysmon" Guid="{5770385f-c22a-43e0-bf4c-06f5698ffbd9}"/>
    <EventID>3</EventID>
    <Version>5</Version>
    <Level>4</Level>
    <Task>3</Task>
    <Opcode>0</Opcode>
    <Keywords>0x8000000000000000</Keywords>
    <TimeCreated SystemTime="2024-05-14T16:10:30.6794688Z"/>
    <EventRecordID>239518</EventRecordID>
    <Correlation/>
    <Execution ProcessID="2848" ThreadID="4804"/>
    <Channel>Microsoft-Windows-Sysmon/Operational</Channel>
    <Computer>WS-AMEEN-01.agentsoc.local</Computer>
    <Security UserID="S-1-5-18"/>
  </System>
  <EventData>
    
    <Data Name="RuleName">-</Data>
    <Data Name="UtcTime">2024-05-14 16:10:30.679</Data>
    <Data Name="ProcessGuid">{31b3aa98-8cee-6643-9000-001014866aa1}</Data>
    <Data Name="ProcessId">7520</Data>
    <Data Name="Image">C:\Windows\System32\OpenSSH\ssh.exe</Data>
    <Data Name="User">AGENTSOC\ameen.khan</Data>
    <Data Name="Protocol">tcp</Data>
    <Data Name="Initiated">true</Data>
    <Data Name="SourceIsIpv6">false</Data>
    <Data Name="SourceIp">10.44.10.24</Data>
    <Data Name="SourceHostname">WS-AMEEN-01.agentsoc.local</Data>
    <Data Name="SourcePort">53981</Data>
    <Data Name="SourcePortName">-</Data>
    <Data Name="DestinationIsIpv6">false</Data>
    <Data Name="DestinationIp">10.44.20.30</Data>
    <Data Name="DestinationHostname">PROXY-BO-01.agentsoc.local</Data>
    <Data Name="DestinationPort">22</Data>
    <Data Name="DestinationPortName">ssh</Data>
    
  </EventData>
</Event>
<Event xmlns="http://schemas.microsoft.com/win/2004/08/events/event">
  <System>
    <Provider Name="Microsoft-Windows-Sysmon" Guid="{5770385f-c22a-43e0-bf4c-06f5698ffbd9}"/>
    <EventID>3</EventID>
    <Version>5</Version>
    <Level>4</Level>
    <Task>3</Task>
    <Opcode>0</Opcode>
    <Keywords>0x8000000000000000</Keywords>
    <TimeCreated SystemTime="2024-05-14T16:10:52.9142119Z"/>
    <EventRecordID>239520</EventRecordID>
    <Correlation/>
    <Execution ProcessID="2848" ThreadID="4020"/>
    <Channel>Microsoft-Windows-Sysmon/Operational</Channel>
    <Computer>WS-AMEEN-01.agentsoc.local</Computer>
    <Security UserID="S-1-5-18"/>
  </System>
  <EventData>
    
    <Data Name="RuleName">-</Data>
    <Data Name="UtcTime">2024-05-14 16:10:52.914</Data>
    <Data Name="ProcessGuid">{31b3aa98-8329-6643-5a00-0000624d5b37}</Data>
    <Data Name="ProcessId">7320</Data>
    <Data Name="Image">C:\Windows\System32\OpenSSH\ssh.exe</Data>
    <Data Name="User">AGENTSOC\ameen.khan</Data>
    <Data Name="Protocol">tcp</Data>
    <Data Name="Initiated">true</Data>
    <Data Name="SourceIsIpv6">false</Data>
    <Data Name="SourceIp">10.44.10.24</Data>
    <Data Name="SourceHostname">WS-AMEEN-01.agentsoc.local</Data>
    <Data Name="SourcePort">54871</Data>
    <Data Name="SourcePortName">-</Data>
    <Data Name="DestinationIsIpv6">false</Data>
    <Data Name="DestinationIp">10.44.30.10</Data>
    <Data Name="DestinationHostname">WEB-BO-01.agentsoc.local</Data>
    <Data Name="DestinationPort">22</Data>
    <Data Name="DestinationPortName">ssh</Data>
    
  </EventData>
</Event>
<Event xmlns="http://schemas.microsoft.com/win/2004/08/events/event">
  <System>
    <Provider Name="Microsoft-Windows-Sysmon" Guid="{5770385f-c22a-43e0-bf4c-06f5698ffbd9}"/>
    <EventID>7</EventID>
    <Version>3</Version>
    <Level>4</Level>
    <Task>7</Task>
    <Opcode>0</Opcode>
    <Keywords>0x8000000000000000</Keywords>
    <TimeCreated SystemTime="2024-05-14T16:12:06.0186934Z"/>
    <EventRecordID>239524</EventRecordID>
    <Correlation/>
    <Execution ProcessID="2848" ThreadID="4020"/>
    <Channel>Microsoft-Windows-Sysmon/Operational</Channel>
    <Computer>WS-AMEEN-01.agentsoc.local</Computer>
    <Security UserID="S-1-5-18"/>
  </System>
  <EventData>
    
    <Data Name="RuleName">-</Data>
    <Data Name="UtcTime">2024-05-14 16:12:06.018</Data>
    <Data Name="ProcessGuid">{31b3aa98-87fa-6643-4c00-00007c4adf65}</Data>
    <Data Name="ProcessId">7300</Data>
    <Data Name="Image">C:\Windows\System32\svchost.exe</Data>
    <Data Name="ImageLoaded">C:\Program Files\Windows Defender Advanced Threat Protection\SenseCncProxy.dll</Data>
    <Data Name="FileVersion">10.8049.22439.1065</Data>
    <Data Name="Description">Microsoft Defender for Endpoint Sensor Command Proxy</Data>
    <Data Name="Product">Microsoft Defender for Endpoint</Data>
    <Data Name="Company">Microsoft Corporation</Data>
    <Data Name="OriginalFileName">SenseCncProxy.dll</Data>
    <Data Name="Hashes">SHA1=80520C50C30D947A68E2E01E4B92DF5FF29928FA,MD5=D6395FA4C4ABC4A284744C04BC2C6207,SHA256=69D6A3AB75BCB21819F7D54E69E6BA2CB32C8E958F27473FD54099ADEB4BB353,IMPHASH=D775FDE08B202AEDA21B2DF864344D45</Data>
    <Data Name="Signed">true</Data>
    <Data Name="Signature">Microsoft Corporation</Data>
    <Data Name="SignatureStatus">Valid</Data>
    
  </EventData>
</Event>
<Event xmlns="http://schemas.microsoft.com/win/2004/08/events/event">
  <System>
    <Provider Name="Microsoft-Windows-Sysmon" Guid="{5770385f-c22a-43e0-bf4c-06f5698ffbd9}"/>
    <EventID>10</EventID>
    <Version>3</Version>
    <Level>4</Level>
    <Task>10</Task>
    <Opcode>0</Opcode>
    <Keywords>0x8000000000000000</Keywords>
    <TimeCreated SystemTime="2024-05-14T16:12:27.2759946Z"/>
    <EventRecordID>239526</EventRecordID>
    <Correlation/>
    <Execution ProcessID="2848" ThreadID="1672"/>
    <Channel>Microsoft-Windows-Sysmon/Operational</Channel>
    <Computer>WS-AMEEN-01.agentsoc.local</Computer>
    <Security UserID="S-1-5-18"/>
  </System>
  <EventData>
    
    <Data Name="RuleName">-</Data>
    <Data Name="UtcTime">2024-05-14 16:12:27.275</Data>
    <Data Name="SourceProcessGUID">{31b3aa98-6954-663b-4700-001096a7e72b}</Data>
    <Data Name="SourceProcessId">5880</Data>
    <Data Name="SourceImage">C:\ProgramData\Microsoft\Windows Defender\Platform\4.18.24030.9-0\MsMpEng.exe</Data>
    <Data Name="SourceThreadId">9356</Data>
    <Data Name="SourceUser">NT AUTHORITY\SYSTEM</Data>
    <Data Name="TargetProcessGUID">{31b3aa98-694b-663b-4f00-00001a3f8401}</Data>
    <Data Name="TargetProcessId">5812</Data>
    <Data Name="TargetImage">C:\Windows\System32\svchost.exe</Data>
    <Data Name="TargetUser">NT AUTHORITY\NETWORK SERVICE</Data>
    <Data Name="GrantedAccess">0x1000</Data>
    <Data Name="CallTrace">C:\Windows\SYSTEM32\ntdll.dll+9D749|C:\Windows\SYSTEM32\KERNELBASE.dll+2D997|C:\Windows\SYSTEM32\advapi32.dll+4A785</Data>
    
  </EventData>
</Event>
<Event xmlns="http://schemas.microsoft.com/win/2004/08/events/event">
  <System>
    <Provider Name="Microsoft-Windows-Sysmon" Guid="{5770385f-c22a-43e0-bf4c-06f5698ffbd9}"/>
    <EventID>3</EventID>
    <Version>5</Version>
    <Level>4</Level>
    <Task>3</Task>
    <Opcode>0</Opcode>
    <Keywords>0x8000000000000000</Keywords>
    <TimeCreated SystemTime="2024-05-14T16:13:05.8245853Z"/>
    <EventRecordID>239529</EventRecordID>
    <Correlation/>
    <Execution ProcessID="2848" ThreadID="4020"/>
    <Channel>Microsoft-Windows-Sysmon/Operational</Channel>
    <Computer>WS-AMEEN-01.agentsoc.local</Computer>
    <Security UserID="S-1-5-18"/>
  </System>
  <EventData>
    
    <Data Name="RuleName">-</Data>
    <Data Name="UtcTime">2024-05-14 16:13:05.824</Data>
    <Data Name="ProcessGuid">{31b3aa98-8329-6643-5a00-0000624d5b37}</Data>
    <Data Name="ProcessId">7320</Data>
    <Data Name="Image">C:\Windows\System32\OpenSSH\ssh.exe</Data>
    <Data Name="User">AGENTSOC\ameen.khan</Data>
    <Data Name="Protocol">tcp</Data>
    <Data Name="Initiated">true</Data>
    <Data Name="SourceIsIpv6">false</Data>
    <Data Name="SourceIp">10.44.10.24</Data>
    <Data Name="SourceHostname">WS-AMEEN-01.agentsoc.local</Data>
    <Data Name="SourcePort">59479</Data>
    <Data Name="SourcePortName">-</Data>
    <Data Name="DestinationIsIpv6">false</Data>
    <Data Name="DestinationIp">10.44.30.10</Data>
    <Data Name="DestinationHostname">WEB-BO-01.agentsoc.local</Data>
    <Data Name="DestinationPort">22</Data>
    <Data Name="DestinationPortName">ssh</Data>
    
  </EventData>
</Event>
<Event xmlns="http://schemas.microsoft.com/win/2004/08/events/event">
  <System>
    <Provider Name="Microsoft-Windows-Sysmon" Guid="{5770385f-c22a-43e0-bf4c-06f5698ffbd9}"/>
    <EventID>1</EventID>
    <Version>5</Version>
    <Level>4</Level>
    <Task>1</Task>
    <Opcode>0</Opcode>
    <Keywords>0x8000000000000000</Keywords>
    <TimeCreated SystemTime="2024-05-14T16:13:31.4816586Z"/>
    <EventRecordID>239699</EventRecordID>
    <Correlation/>
    <Execution ProcessID="2848" ThreadID="2964"/>
    <Channel>Microsoft-Windows-Sysmon/Operational</Channel>
    <Computer>WS-AMEEN-01.agentsoc.local</Computer>
    <Security UserID="S-1-5-18"/>
  </System>
  <EventData>
    
    <Data Name="RuleName">-</Data>
    <Data Name="UtcTime">2024-05-14 16:13:31.481</Data>
    <Data Name="ProcessGuid">{31b3aa98-8dab-6643-3400-0000abdb5649}</Data>
    <Data Name="ProcessId">7540</Data>
    <Data Name="Image">C:\Windows\System32\mstsc.exe</Data>
    <Data Name="FileVersion">10.0.22621.1</Data>
    <Data Name="Description">Remote Desktop Connection</Data>
    <Data Name="Product">Microsoft Windows Operating System</Data>
    <Data Name="Company">Microsoft Corporation</Data>
    <Data Name="OriginalFileName">mstsc.exe</Data>
    <Data Name="CommandLine">mstsc.exe /v:FILE-BO-01</Data>
    <Data Name="CurrentDirectory">C:\Windows\System32\</Data>
    <Data Name="User">AGENTSOC\ameen.khan</Data>
    <Data Name="LogonGuid">{00000000-0000-0000-0000-000000000000}</Data>
    <Data Name="LogonId">0x49e9c66</Data>
    <Data Name="TerminalSessionId">1</Data>
    <Data Name="IntegrityLevel">Medium</Data>
    <Data Name="Hashes">SHA1=E6E36D2FC9772680CAA626321052A0C9D56D307A,MD5=D279444AE4C9D8B7840B8A914D0D3419,SHA256=07030FD178093090E1B1A171374910B6868B60F1E452940FB8F03806C324C621,IMPHASH=8C24FC2F939A9A509FBC0B5C81CBAA47</Data>
    <Data Name="ParentProcessGuid">{31b3aa98-7bef-6643-ef02-0000c1c3c2b2}</Data>
    <Data Name="ParentProcessId">7036</Data>
    <Data Name="ParentImage">C:\Windows\explorer.exe</Data>
    <Data Name="ParentCommandLine">explorer.exe</Data>
    <Data Name="ParentUser">AGENTSOC\ameen.khan</Data>
    
  </EventData>
</Event>
<Event xmlns="http://schemas.microsoft.com/win/2004/08/events/event">
  <System>
    <Provider Name="Microsoft-Windows-Sysmon" Guid="{5770385f-c22a-43e0-bf4c-06f5698ffbd9}"/>
    <EventID>3</EventID>
    <Version>5</Version>
    <Level>4</Level>
    <Task>3</Task>
    <Opcode>0</Opcode>
    <Keywords>0x8000000000000000</Keywords>
    <TimeCreated SystemTime="2024-05-14T16:13:33.9380341Z"/>
    <EventRecordID>239700</EventRecordID>
    <Correlation/>
    <Execution ProcessID="2848" ThreadID="2964"/>
    <Channel>Microsoft-Windows-Sysmon/Operational</Channel>
    <Computer>WS-AMEEN-01.agentsoc.local</Computer>
    <Security UserID="S-1-5-18"/>
  </System>
  <EventData>
    
    <Data Name="RuleName">-</Data>
    <Data Name="UtcTime">2024-05-14 16:13:33.938</Data>
    <Data Name="ProcessGuid">{31b3aa98-8dab-6643-3400-0000abdb5649}</Data>
    <Data Name="ProcessId">7540</Data>
    <Data Name="Image">C:\Windows\System32\mstsc.exe</Data>
    <Data Name="User">AGENTSOC\ameen.khan</Data>
    <Data Name="Protocol">tcp</Data>
    <Data Name="Initiated">true</Data>
    <Data Name="SourceIsIpv6">false</Data>
    <Data Name="SourceIp">10.44.10.24</Data>
    <Data Name="SourceHostname">WS-AMEEN-01.agentsoc.local</Data>
    <Data Name="SourcePort">55823</Data>
    <Data Name="SourcePortName">-</Data>
    <Data Name="DestinationIsIpv6">false</Data>
    <Data Name="DestinationIp">10.44.20.20</Data>
    <Data Name="DestinationHostname">FILE-BO-01.agentsoc.local</Data>
    <Data Name="DestinationPort">3389</Data>
    <Data Name="DestinationPortName">ms-wbt-server</Data>
    
  </EventData>
</Event>
<Event xmlns="http://schemas.microsoft.com/win/2004/08/events/event">
  <System>
    <Provider Name="Microsoft-Windows-Sysmon" Guid="{5770385f-c22a-43e0-bf4c-06f5698ffbd9}"/>
    <EventID>3</EventID>
    <Version>5</Version>
    <Level>4</Level>
    <Task>3</Task>
    <Opcode>0</Opcode>
    <Keywords>0x8000000000000000</Keywords>
    <TimeCreated SystemTime="2024-05-14T16:13:57.7362690Z"/>
    <EventRecordID>239725</EventRecordID>
    <Correlation/>
    <Execution ProcessID="2848" ThreadID="4020"/>
    <Channel>Microsoft-Windows-Sysmon/Operational</Channel>
    <Computer>WS-AMEEN-01.agentsoc.local</Computer>
    <Security UserID="S-1-5-18"/>
  </System>
  <EventData>
    
    <Data Name="RuleName">-</Data>
    <Data Name="UtcTime">2024-05-14 16:13:57.736</Data>
    <Data Name="ProcessGuid">{31b3aa98-8329-6643-5a00-0000624d5b37}</Data>
    <Data Name="ProcessId">7320</Data>
    <Data Name="Image">C:\Windows\System32\OpenSSH\ssh.exe</Data>
    <Data Name="User">AGENTSOC\ameen.khan</Data>
    <Data Name="Protocol">tcp</Data>
    <Data Name="Initiated">true</Data>
    <Data Name="SourceIsIpv6">false</Data>
    <Data Name="SourceIp">10.44.10.24</Data>
    <Data Name="SourceHostname">WS-AMEEN-01.agentsoc.local</Data>
    <Data Name="SourcePort">65508</Data>
    <Data Name="SourcePortName">-</Data>
    <Data Name="DestinationIsIpv6">false</Data>
    <Data Name="DestinationIp">10.44.30.10</Data>
    <Data Name="DestinationHostname">WEB-BO-01.agentsoc.local</Data>
    <Data Name="DestinationPort">22</Data>
    <Data Name="DestinationPortName">ssh</Data>
    
  </EventData>
</Event>
<Event xmlns="http://schemas.microsoft.com/win/2004/08/events/event">
  <System>
    <Provider Name="Microsoft-Windows-Sysmon" Guid="{5770385f-c22a-43e0-bf4c-06f5698ffbd9}"/>
    <EventID>3</EventID>
    <Version>5</Version>
    <Level>4</Level>
    <Task>3</Task>
    <Opcode>0</Opcode>
    <Keywords>0x8000000000000000</Keywords>
    <TimeCreated SystemTime="2024-05-14T16:16:32.2745170Z"/>
    <EventRecordID>239731</EventRecordID>
    <Correlation/>
    <Execution ProcessID="2848" ThreadID="2876"/>
    <Channel>Microsoft-Windows-Sysmon/Operational</Channel>
    <Computer>WS-AMEEN-01.agentsoc.local</Computer>
    <Security UserID="S-1-5-18"/>
  </System>
  <EventData>
    
    <Data Name="RuleName">-</Data>
    <Data Name="UtcTime">2024-05-14 16:16:32.274</Data>
    <Data Name="ProcessGuid">{31b3aa98-3a4a-6643-ab02-001042c2b800}</Data>
    <Data Name="ProcessId">6156</Data>
    <Data Name="Image">C:\Program Files (x86)\Microsoft\Edge\Application\msedge.exe</Data>
    <Data Name="User">AGENTSOC\ameen.khan</Data>
    <Data Name="Protocol">tcp</Data>
    <Data Name="Initiated">true</Data>
    <Data Name="SourceIsIpv6">false</Data>
    <Data Name="SourceIp">10.44.10.24</Data>
    <Data Name="SourceHostname">WS-AMEEN-01.agentsoc.local</Data>
    <Data Name="SourcePort">61682</Data>
    <Data Name="SourcePortName">-</Data>
    <Data Name="DestinationIsIpv6">false</Data>
    <Data Name="DestinationIp">10.44.20.30</Data>
    <Data Name="DestinationHostname">PROXY-BO-01.agentsoc.local</Data>
    <Data Name="DestinationPort">8080</Data>
    <Data Name="DestinationPortName">http-alt</Data>
    
  </EventData>
</Event>
<Event xmlns="http://schemas.microsoft.com/win/2004/08/events/event">
  <System>
    <Provider Name="Microsoft-Windows-Sysmon" Guid="{5770385f-c22a-43e0-bf4c-06f5698ffbd9}"/>
    <EventID>11</EventID>
    <Version>2</Version>
    <Level>4</Level>
    <Task>11</Task>
    <Opcode>0</Opcode>
    <Keywords>0x8000000000000000</Keywords>
    <TimeCreated SystemTime="2024-05-14T16:17:14.2132600Z"/>
    <EventRecordID>239733</EventRecordID>
    <Correlation/>
    <Execution ProcessID="2848" ThreadID="2964"/>
    <Channel>Microsoft-Windows-Sysmon/Operational</Channel>
    <Computer>WS-AMEEN-01.agentsoc.local</Computer>
    <Security UserID="S-1-5-18"/>
  </System>
  <EventData>
    
    <Data Name="RuleName">-</Data>
    <Data Name="UtcTime">2024-05-14 16:17:14.213</Data>
    <Data Name="ProcessGuid">{31b3aa98-694f-663b-d602-00002d0ad127}</Data>
    <Data Name="ProcessId">5848</Data>
    <Data Name="Image">C:\Windows\System32\svchost.exe</Data>
    <Data Name="User">NT AUTHORITY\LOCAL SERVICE</Data>
    <Data Name="TargetFilename">C:\ProgramData\Microsoft\Windows Defender\Scans\History\Service\DetectionHistory\45000</Data>
    <Data Name="CreationUtcTime">2024-05-14 16:17:14.213</Data>
    
  </EventData>
</Event>
<Event xmlns="http://schemas.microsoft.com/win/2004/08/events/event">
  <System>
    <Provider Name="Microsoft-Windows-Sysmon" Guid="{5770385f-c22a-43e0-bf4c-06f5698ffbd9}"/>
    <EventID>3</EventID>
    <Version>5</Version>
    <Level>4</Level>
    <Task>3</Task>
    <Opcode>0</Opcode>
    <Keywords>0x8000000000000000</Keywords>
    <TimeCreated SystemTime="2024-05-14T16:17:46.8307768Z"/>
    <EventRecordID>239738</EventRecordID>
    <Correlation/>
    <Execution ProcessID="2848" ThreadID="4020"/>
    <Channel>Microsoft-Windows-Sysmon/Operational</Channel>
    <Computer>WS-AMEEN-01.agentsoc.local</Computer>
    <Security UserID="S-1-5-18"/>
  </System>
  <EventData>
    
    <Data Name="RuleName">-</Data>
    <Data Name="UtcTime">2024-05-14 16:17:46.830</Data>
    <Data Name="ProcessGuid">{31b3aa98-8329-6643-5a00-0000624d5b37}</Data>
    <Data Name="ProcessId">7320</Data>
    <Data Name="Image">C:\Windows\System32\OpenSSH\ssh.exe</Data>
    <Data Name="User">AGENTSOC\ameen.khan</Data>
    <Data Name="Protocol">tcp</Data>
    <Data Name="Initiated">true</Data>
    <Data Name="SourceIsIpv6">false</Data>
    <Data Name="SourceIp">10.44.10.24</Data>
    <Data Name="SourceHostname">WS-AMEEN-01.agentsoc.local</Data>
    <Data Name="SourcePort">55985</Data>
    <Data Name="SourcePortName">-</Data>
    <Data Name="DestinationIsIpv6">false</Data>
    <Data Name="DestinationIp">10.44.30.10</Data>
    <Data Name="DestinationHostname">WEB-BO-01.agentsoc.local</Data>
    <Data Name="DestinationPort">22</Data>
    <Data Name="DestinationPortName">ssh</Data>
    
  </EventData>
</Event>
<Event xmlns="http://schemas.microsoft.com/win/2004/08/events/event">
  <System>
    <Provider Name="Microsoft-Windows-Sysmon" Guid="{5770385f-c22a-43e0-bf4c-06f5698ffbd9}"/>
    <EventID>1</EventID>
    <Version>5</Version>
    <Level>4</Level>
    <Task>1</Task>
    <Opcode>0</Opcode>
    <Keywords>0x8000000000000000</Keywords>
    <TimeCreated SystemTime="2024-05-14T16:18:23.4205086Z"/>
    <EventRecordID>239741</EventRecordID>
    <Correlation/>
    <Execution ProcessID="2848" ThreadID="1672"/>
    <Channel>Microsoft-Windows-Sysmon/Operational</Channel>
    <Computer>WS-AMEEN-01.agentsoc.local</Computer>
    <Security UserID="S-1-5-18"/>
  </System>
  <EventData>
    
    <Data Name="RuleName">-</Data>
    <Data Name="UtcTime">2024-05-14 16:18:23.420</Data>
    <Data Name="ProcessGuid">{31b3aa98-8ecf-6643-f100-0010b893d5ad}</Data>
    <Data Name="ProcessId">7384</Data>
    <Data Name="Image">C:\Program Files (x86)\Cisco\Cisco AnyConnect Secure Mobility Client\vpnui.exe</Data>
    <Data Name="FileVersion">5.1.4.74</Data>
    <Data Name="Description">Cisco Secure Client User Interface</Data>
    <Data Name="Product">Cisco Secure Client</Data>
    <Data Name="Company">Cisco Systems, Inc.</Data>
    <Data Name="OriginalFileName">vpnui.exe</Data>
    <Data Name="CommandLine">"C:\Program Files (x86)\Cisco\Cisco AnyConnect Secure Mobility Client\vpnui.exe" -minimized</Data>
    <Data Name="CurrentDirectory">C:\Program Files (x86)\Cisco\Cisco AnyConnect Secure Mobility Client\</Data>
    <Data Name="User">AGENTSOC\ameen.khan</Data>
    <Data Name="LogonGuid">{00000000-0000-0000-0000-000000000000}</Data>
    <Data Name="LogonId">0x49e9c66</Data>
    <Data Name="TerminalSessionId">1</Data>
    <Data Name="IntegrityLevel">Medium</Data>
    <Data Name="Hashes">SHA1=CA44E8389AE66DC31D76C155EA8DF9853D4E1214,MD5=91DB5DE730F2C99153E41A341BC64470,SHA256=DEB731FE03CBC8EDEA7A2B486CF54213526253FB17A3BABC572E75B635465AC6,IMPHASH=EBF877CD083162478CD1AD2943071AA2</Data>
    <Data Name="ParentProcessGuid">{31b3aa98-7bef-6643-ef02-0000c1c3c2b2}</Data>
    <Data Name="ParentProcessId">7036</Data>
    <Data Name="ParentImage">C:\Windows\explorer.exe</Data>
    <Data Name="ParentCommandLine">explorer.exe</Data>
    <Data Name="ParentUser">AGENTSOC\ameen.khan</Data>
    
  </EventData>
</Event>
<Event xmlns="http://schemas.microsoft.com/win/2004/08/events/event">
  <System>
    <Provider Name="Microsoft-Windows-Sysmon" Guid="{5770385f-c22a-43e0-bf4c-06f5698ffbd9}"/>
    <EventID>3</EventID>
    <Version>5</Version>
    <Level>4</Level>
    <Task>3</Task>
    <Opcode>0</Opcode>
    <Keywords>0x8000000000000000</Keywords>
    <TimeCreated SystemTime="2024-05-14T16:18:25.6075497Z"/>
    <EventRecordID>239742</EventRecordID>
    <Correlation/>
    <Execution ProcessID="2848" ThreadID="1672"/>
    <Channel>Microsoft-Windows-Sysmon/Operational</Channel>
    <Computer>WS-AMEEN-01.agentsoc.local</Computer>
    <Security UserID="S-1-5-18"/>
  </System>
  <EventData>
    
    <Data Name="RuleName">-</Data>
    <Data Name="UtcTime">2024-05-14 16:18:25.607</Data>
    <Data Name="ProcessGuid">{31b3aa98-3a4a-6643-ab02-001042c2b800}</Data>
    <Data Name="ProcessId">6156</Data>
    <Data Name="Image">C:\Program Files (x86)\Microsoft\Edge\Application\msedge.exe</Data>
    <Data Name="User">AGENTSOC\ameen.khan</Data>
    <Data Name="Protocol">tcp</Data>
    <Data Name="Initiated">true</Data>
    <Data Name="SourceIsIpv6">false</Data>
    <Data Name="SourceIp">10.44.10.24</Data>
    <Data Name="SourceHostname">WS-AMEEN-01.agentsoc.local</Data>
    <Data Name="SourcePort">65407</Data>
    <Data Name="SourcePortName">-</Data>
    <Data Name="DestinationIsIpv6">false</Data>
    <Data Name="DestinationIp">10.44.20.30</Data>
    <Data Name="DestinationHostname">PROXY-BO-01.agentsoc.local</Data>
    <Data Name="DestinationPort">8080</Data>
    <Data Name="DestinationPortName">http-alt</Data>
    
  </EventData>
</Event>
<Event xmlns="http://schemas.microsoft.com/win/2004/08/events/event">
  <System>
    <Provider Name="Microsoft-Windows-Sysmon" Guid="{5770385f-c22a-43e0-bf4c-06f5698ffbd9}"/>
    <EventID>3</EventID>
    <Version>5</Version>
    <Level>4</Level>
    <Task>3</Task>
    <Opcode>0</Opcode>
    <Keywords>0x8000000000000000</Keywords>
    <TimeCreated SystemTime="2024-05-14T16:18:27.6434772Z"/>
    <EventRecordID>239743</EventRecordID>
    <Correlation/>
    <Execution ProcessID="2848" ThreadID="1672"/>
    <Channel>Microsoft-Windows-Sysmon/Operational</Channel>
    <Computer>WS-AMEEN-01.agentsoc.local</Computer>
    <Security UserID="S-1-5-18"/>
  </System>
  <EventData>
    
    <Data Name="RuleName">-</Data>
    <Data Name="UtcTime">2024-05-14 16:18:27.643</Data>
    <Data Name="ProcessGuid">{31b3aa98-3a4a-6643-ab02-001042c2b800}</Data>
    <Data Name="ProcessId">6156</Data>
    <Data Name="Image">C:\Program Files (x86)\Microsoft\Edge\Application\msedge.exe</Data>
    <Data Name="User">AGENTSOC\ameen.khan</Data>
    <Data Name="Protocol">tcp</Data>
    <Data Name="Initiated">true</Data>
    <Data Name="SourceIsIpv6">false</Data>
    <Data Name="SourceIp">10.44.10.24</Data>
    <Data Name="SourceHostname">WS-AMEEN-01.agentsoc.local</Data>
    <Data Name="SourcePort">51948</Data>
    <Data Name="SourcePortName">-</Data>
    <Data Name="DestinationIsIpv6">false</Data>
    <Data Name="DestinationIp">10.44.20.30</Data>
    <Data Name="DestinationHostname">PROXY-BO-01.agentsoc.local</Data>
    <Data Name="DestinationPort">8080</Data>
    <Data Name="DestinationPortName">http-alt</Data>
    
  </EventData>
</Event>
<Event xmlns="http://schemas.microsoft.com/win/2004/08/events/event">
  <System>
    <Provider Name="Microsoft-Windows-Sysmon" Guid="{5770385f-c22a-43e0-bf4c-06f5698ffbd9}"/>
    <EventID>5</EventID>
    <Version>3</Version>
    <Level>4</Level>
    <Task>5</Task>
    <Opcode>0</Opcode>
    <Keywords>0x8000000000000000</Keywords>
    <TimeCreated SystemTime="2024-05-14T16:18:42.6398356Z"/>
    <EventRecordID>239753</EventRecordID>
    <Correlation/>
    <Execution ProcessID="2848" ThreadID="2876"/>
    <Channel>Microsoft-Windows-Sysmon/Operational</Channel>
    <Computer>WS-AMEEN-01.agentsoc.local</Computer>
    <Security UserID="S-1-5-18"/>
  </System>
  <EventData>
    
    <Data Name="RuleName">-</Data>
    <Data Name="UtcTime">2024-05-14 16:18:42.639</Data>
    <Data Name="ProcessGuid">{31b3aa98-3a4a-6643-ab02-001042c2b800}</Data>
    <Data Name="ProcessId">6156</Data>
    <Data Name="Image">C:\Program Files (x86)\Microsoft\Edge\Application\msedge.exe</Data>
    <Data Name="User">AGENTSOC\ameen.khan</Data>
    
  </EventData>
</Event>
<Event xmlns="http://schemas.microsoft.com/win/2004/08/events/event">
  <System>
    <Provider Name="Microsoft-Windows-Sysmon" Guid="{5770385f-c22a-43e0-bf4c-06f5698ffbd9}"/>
    <EventID>10</EventID>
    <Version>3</Version>
    <Level>4</Level>
    <Task>10</Task>
    <Opcode>0</Opcode>
    <Keywords>0x8000000000000000</Keywords>
    <TimeCreated SystemTime="2024-05-14T16:19:01.8972178Z"/>
    <EventRecordID>239755</EventRecordID>
    <Correlation/>
    <Execution ProcessID="2848" ThreadID="1672"/>
    <Channel>Microsoft-Windows-Sysmon/Operational</Channel>
    <Computer>WS-AMEEN-01.agentsoc.local</Computer>
    <Security UserID="S-1-5-18"/>
  </System>
  <EventData>
    
    <Data Name="RuleName">-</Data>
    <Data Name="UtcTime">2024-05-14 16:19:01.897</Data>
    <Data Name="SourceProcessGUID">{31b3aa98-695c-663b-4402-0000908a9b18}</Data>
    <Data Name="SourceProcessId">5936</Data>
    <Data Name="SourceImage">C:\Windows\System32\msiexec.exe</Data>
    <Data Name="SourceThreadId">4288</Data>
    <Data Name="SourceUser">NT AUTHORITY\SYSTEM</Data>
    <Data Name="TargetProcessGUID">{31b3aa98-6945-663b-5900-00107ae20c31}</Data>
    <Data Name="TargetProcessId">5784</Data>
    <Data Name="TargetImage">C:\Windows\System32\services.exe</Data>
    <Data Name="TargetUser">NT AUTHORITY\SYSTEM</Data>
    <Data Name="GrantedAccess">0x1000</Data>
    <Data Name="CallTrace">C:\Windows\SYSTEM32\ntdll.dll+9E5DA|C:\Windows\SYSTEM32\KERNELBASE.dll+2EA3C|C:\Windows\SYSTEM32\kernel32.dll+1DAB0</Data>
    
  </EventData>
</Event>
<Event xmlns="http://schemas.microsoft.com/win/2004/08/events/event">
  <System>
    <Provider Name="Microsoft-Windows-Sysmon" Guid="{5770385f-c22a-43e0-bf4c-06f5698ffbd9}"/>
    <EventID>22</EventID>
    <Version>5</Version>
    <Level>4</Level>
    <Task>22</Task>
    <Opcode>0</Opcode>
    <Keywords>0x8000000000000000</Keywords>
    <TimeCreated SystemTime="2024-05-14T16:19:17.1089533Z"/>
    <EventRecordID>239756</EventRecordID>
    <Correlation/>
    <Execution ProcessID="2848" ThreadID="2876"/>
    <Channel>Microsoft-Windows-Sysmon/Operational</Channel>
    <Computer>WS-AMEEN-01.agentsoc.local</Computer>
    <Security UserID="S-1-5-18"/>
  </System>
  <EventData>
    
    <Data Name="RuleName">-</Data>
    <Data Name="UtcTime">2024-05-14 16:19:17.108</Data>
    <Data Name="ProcessGuid">{31b3aa98-694c-663b-4300-0000abbff32f}</Data>
    <Data Name="ProcessId">5832</Data>
    <Data Name="QueryName">DC-BO-01.agentsoc.local</Data>
    <Data Name="QueryStatus">0</Data>
    <Data Name="QueryResults">10.44.20.10;</Data>
    <Data Name="Image">C:\Windows\System32\svchost.exe</Data>
    <Data Name="User">NT AUTHORITY\LOCAL SERVICE</Data>
    
  </EventData>
</Event>
<Event xmlns="http://schemas.microsoft.com/win/2004/08/events/event">
  <System>
    <Provider Name="Microsoft-Windows-Sysmon" Guid="{5770385f-c22a-43e0-bf4c-06f5698ffbd9}"/>
    <EventID>7</EventID>
    <Version>3</Version>
    <Level>4</Level>
    <Task>7</Task>
    <Opcode>0</Opcode>
    <Keywords>0x8000000000000000</Keywords>
    <TimeCreated SystemTime="2024-05-14T16:21:36.6783333Z"/>
    <EventRecordID>239762</EventRecordID>
    <Correlation/>
    <Execution ProcessID="2848" ThreadID="2964"/>
    <Channel>Microsoft-Windows-Sysmon/Operational</Channel>
    <Computer>WS-AMEEN-01.agentsoc.local</Computer>
    <Security UserID="S-1-5-18"/>
  </System>
  <EventData>
    
    <Data Name="RuleName">-</Data>
    <Data Name="UtcTime">2024-05-14 16:21:36.678</Data>
    <Data Name="ProcessGuid">{31b3aa98-672a-6643-8600-00009504daac}</Data>
    <Data Name="ProcessId">6908</Data>
    <Data Name="Image">C:\Windows\System32\svchost.exe</Data>
    <Data Name="ImageLoaded">C:\ProgramData\Microsoft\Windows Defender\Platform\4.18.24030.9-0\MpClient.dll</Data>
    <Data Name="FileVersion">10.0.19041.1</Data>
    <Data Name="Description">MpClient.dll system library</Data>
    <Data Name="Product">Microsoft Windows Operating System</Data>
    <Data Name="Company">Microsoft Corporation</Data>
    <Data Name="OriginalFileName">MpClient.dll</Data>
    <Data Name="Hashes">SHA1=339E7240B5B54A9AD6F179FEF537C2BF3B08A08C,MD5=D9A906E17F4C5425EF06B4556323690C,SHA256=D0F96C0577C7EDC90BD8D16AE34D4855FAE5CE665F6679EE5B2E75387138B3BF,IMPHASH=103ADFB06C3B7BE3209A9EF380DCF830</Data>
    <Data Name="Signed">true</Data>
    <Data Name="Signature">Microsoft Corporation</Data>
    <Data Name="SignatureStatus">Valid</Data>
    
  </EventData>
</Event>
<Event xmlns="http://schemas.microsoft.com/win/2004/08/events/event">
  <System>
    <Provider Name="Microsoft-Windows-Sysmon" Guid="{5770385f-c22a-43e0-bf4c-06f5698ffbd9}"/>
    <EventID>3</EventID>
    <Version>5</Version>
    <Level>4</Level>
    <Task>3</Task>
    <Opcode>0</Opcode>
    <Keywords>0x8000000000000000</Keywords>
    <TimeCreated SystemTime="2024-05-14T16:24:44.8779489Z"/>
    <EventRecordID>239769</EventRecordID>
    <Correlation/>
    <Execution ProcessID="2848" ThreadID="2964"/>
    <Channel>Microsoft-Windows-Sysmon/Operational</Channel>
    <Computer>WS-AMEEN-01.agentsoc.local</Computer>
    <Security UserID="S-1-5-18"/>
  </System>
  <EventData>
    
    <Data Name="RuleName">-</Data>
    <Data Name="UtcTime">2024-05-14 16:24:44.877</Data>
    <Data Name="ProcessGuid">{31b3aa98-6946-663b-4b02-00103e21593c}</Data>
    <Data Name="ProcessId">5788</Data>
    <Data Name="Image">C:\Windows\System32\lsass.exe</Data>
    <Data Name="User">NT AUTHORITY\SYSTEM</Data>
    <Data Name="Protocol">udp</Data>
    <Data Name="Initiated">true</Data>
    <Data Name="SourceIsIpv6">false</Data>
    <Data Name="SourceIp">10.44.10.24</Data>
    <Data Name="SourceHostname">WS-AMEEN-01.agentsoc.local</Data>
    <Data Name="SourcePort">56661</Data>
    <Data Name="SourcePortName">-</Data>
    <Data Name="DestinationIsIpv6">false</Data>
    <Data Name="DestinationIp">10.44.20.10</Data>
    <Data Name="DestinationHostname">DC-BO-01.agentsoc.local</Data>
    <Data Name="DestinationPort">88</Data>
    <Data Name="DestinationPortName">kerberos</Data>
    
  </EventData>
</Event>
<Event xmlns="http://schemas.microsoft.com/win/2004/08/events/event">
  <System>
    <Provider Name="Microsoft-Windows-Sysmon" Guid="{5770385f-c22a-43e0-bf4c-06f5698ffbd9}"/>
    <EventID>22</EventID>
    <Version>5</Version>
    <Level>4</Level>
    <Task>22</Task>
    <Opcode>0</Opcode>
    <Keywords>0x8000000000000000</Keywords>
    <TimeCreated SystemTime="2024-05-14T16:25:16.7135569Z"/>
    <EventRecordID>242666</EventRecordID>
    <Correlation/>
    <Execution ProcessID="2848" ThreadID="4804"/>
    <Channel>Microsoft-Windows-Sysmon/Operational</Channel>
    <Computer>WS-AMEEN-01.agentsoc.local</Computer>
    <Security UserID="S-1-5-18"/>
  </System>
  <EventData>
    
    <Data Name="RuleName">-</Data>
    <Data Name="UtcTime">2024-05-14 16:25:16.713</Data>
    <Data Name="ProcessGuid">{31b3aa98-694c-663b-4300-0000abbff32f}</Data>
    <Data Name="ProcessId">5832</Data>
    <Data Name="QueryName">WEB-BO-01.agentsoc.local</Data>
    <Data Name="QueryStatus">0</Data>
    <Data Name="QueryResults">fd00:2c1e:000a::1;</Data>
    <Data Name="Image">C:\Windows\System32\svchost.exe</Data>
    <Data Name="User">NT AUTHORITY\LOCAL SERVICE</Data>
    
  </EventData>
</Event>
<Event xmlns="http://schemas.microsoft.com/win/2004/08/events/event">
  <System>
    <Provider Name="Microsoft-Windows-Sysmon" Guid="{5770385f-c22a-43e0-bf4c-06f5698ffbd9}"/>
    <EventID>3</EventID>
    <Version>5</Version>
    <Level>4</Level>
    <Task>3</Task>
    <Opcode>0</Opcode>
    <Keywords>0x8000000000000000</Keywords>
    <TimeCreated SystemTime="2024-05-14T16:25:16.8405207Z"/>
    <EventRecordID>249414</EventRecordID>
    <Correlation/>
    <Execution ProcessID="2848" ThreadID="4804"/>
    <Channel>Microsoft-Windows-Sysmon/Operational</Channel>
    <Computer>WS-AMEEN-01.agentsoc.local</Computer>
    <Security UserID="S-1-5-18"/>
  </System>
  <EventData>
    
    <Data Name="RuleName">-</Data>
    <Data Name="UtcTime">2024-05-14 16:25:16.840</Data>
    <Data Name="ProcessGuid">{31b3aa98-694c-663b-4300-0000abbff32f}</Data>
    <Data Name="ProcessId">5832</Data>
    <Data Name="Image">C:\Windows\System32\svchost.exe</Data>
    <Data Name="User">NT AUTHORITY\LOCAL SERVICE</Data>
    <Data Name="Protocol">udp</Data>
    <Data Name="Initiated">true</Data>
    <Data Name="SourceIsIpv6">false</Data>
    <Data Name="SourceIp">10.44.10.24</Data>
    <Data Name="SourceHostname">WS-AMEEN-01.agentsoc.local</Data>
    <Data Name="SourcePort">52603</Data>
    <Data Name="SourcePortName">-</Data>
    <Data Name="DestinationIsIpv6">false</Data>
    <Data Name="DestinationIp">10.44.20.10</Data>
    <Data Name="DestinationHostname">DC-BO-01.agentsoc.local</Data>
    <Data Name="DestinationPort">53</Data>
    <Data Name="DestinationPortName">domain</Data>
    
  </EventData>
</Event>
<Event xmlns="http://schemas.microsoft.com/win/2004/08/events/event">
  <System>
    <Provider Name="Microsoft-Windows-Sysmon" Guid="{5770385f-c22a-43e0-bf4c-06f5698ffbd9}"/>
    <EventID>3</EventID>
    <Version>5</Version>
    <Level>4</Level>
    <Task>3</Task>
    <Opcode>0</Opcode>
    <Keywords>0x8000000000000000</Keywords>
    <TimeCreated SystemTime="2024-05-14T16:25:18.3235017Z"/>
    <EventRecordID>249475</EventRecordID>
    <Correlation/>
    <Execution ProcessID="2848" ThreadID="4804"/>
    <Channel>Microsoft-Windows-Sysmon/Operational</Channel>
    <Computer>WS-AMEEN-01.agentsoc.local</Computer>
    <Security UserID="S-1-5-18"/>
  </System>
  <EventData>
    
    <Data Name="RuleName">-</Data>
    <Data Name="UtcTime">2024-05-14 16:25:18.323</Data>
    <Data Name="ProcessGuid">{31b3aa98-8329-6643-5a00-0000624d5b37}</Data>
    <Data Name="ProcessId">7320</Data>
    <Data Name="Image">C:\Windows\System32\OpenSSH\ssh.exe</Data>
    <Data Name="User">AGENTSOC\ameen.khan</Data>
    <Data Name="Protocol">tcp</Data>
    <Data Name="Initiated">true</Data>
    <Data Name="SourceIsIpv6">false</Data>
    <Data Name="SourceIp">10.44.10.24</Data>
    <Data Name="SourceHostname">WS-AMEEN-01.agentsoc.local</Data>
    <Data Name="SourcePort">54348</Data>
    <Data Name="SourcePortName">-</Data>
    <Data Name="DestinationIsIpv6">false</Data>
    <Data Name="DestinationIp">10.44.30.10</Data>
    <Data Name="DestinationHostname">WEB-BO-01.agentsoc.local</Data>
    <Data Name="DestinationPort">22</Data>
    <Data Name="DestinationPortName">ssh</Data>
    
  </EventData>
</Event>
<Event xmlns="http://schemas.microsoft.com/win/2004/08/events/event">
  <System>
    <Provider Name="Microsoft-Windows-Sysmon" Guid="{5770385f-c22a-43e0-bf4c-06f5698ffbd9}"/>
    <EventID>22</EventID>
    <Version>5</Version>
    <Level>4</Level>
    <Task>22</Task>
    <Opcode>0</Opcode>
    <Keywords>0x8000000000000000</Keywords>
    <TimeCreated SystemTime="2024-05-14T16:27:40.1202569Z"/>
    <EventRecordID>249497</EventRecordID>
    <Correlation/>
    <Execution ProcessID="2848" ThreadID="2876"/>
    <Channel>Microsoft-Windows-Sysmon/Operational</Channel>
    <Computer>WS-AMEEN-01.agentsoc.local</Computer>
    <Security UserID="S-1-5-18"/>
  </System>
  <EventData>
    
    <Data Name="RuleName">-</Data>
    <Data Name="UtcTime">2024-05-14 16:27:40.120</Data>
    <Data Name="ProcessGuid">{31b3aa98-694c-663b-4300-0000abbff32f}</Data>
    <Data Name="ProcessId">5832</Data>
    <Data Name="QueryName">10.20.44.10.in-addr.arpa</Data>
    <Data Name="QueryStatus">0</Data>
    <Data Name="QueryResults">DC-BO-01.agentsoc.local;</Data>
    <Data Name="Image">C:\Windows\System32\svchost.exe</Data>
    <Data Name="User">NT AUTHORITY\LOCAL SERVICE</Data>
    
  </EventData>
</Event>
<Event xmlns="http://schemas.microsoft.com/win/2004/08/events/event">
  <System>
    <Provider Name="Microsoft-Windows-Sysmon" Guid="{5770385f-c22a-43e0-bf4c-06f5698ffbd9}"/>
    <EventID>11</EventID>
    <Version>2</Version>
    <Level>4</Level>
    <Task>11</Task>
    <Opcode>0</Opcode>
    <Keywords>0x8000000000000000</Keywords>
    <TimeCreated SystemTime="2024-05-14T16:28:45.6237453Z"/>
    <EventRecordID>249529</EventRecordID>
    <Correlation/>
    <Execution ProcessID="2848" ThreadID="2876"/>
    <Channel>Microsoft-Windows-Sysmon/Operational</Channel>
    <Computer>WS-AMEEN-01.agentsoc.local</Computer>
    <Security UserID="S-1-5-18"/>
  </System>
  <EventData>
    
    <Data Name="RuleName">-</Data>
    <Data Name="UtcTime">2024-05-14 16:28:45.623</Data>
    <Data Name="ProcessGuid">{31b3aa98-6941-663b-a300-0010fd31273e}</Data>
    <Data Name="ProcessId">5736</Data>
    <Data Name="Image">C:\Windows\System32\smss.exe</Data>
    <Data Name="User">NT AUTHORITY\SYSTEM</Data>
    <Data Name="TargetFilename">C:\ProgramData\Microsoft\Windows\WER\ReportQueue\44125\Report.wer</Data>
    <Data Name="CreationUtcTime">2024-05-14 16:28:45.623</Data>
    
  </EventData>
</Event>
<Event xmlns="http://schemas.microsoft.com/win/2004/08/events/event">
  <System>
    <Provider Name="Microsoft-Windows-Sysmon" Guid="{5770385f-c22a-43e0-bf4c-06f5698ffbd9}"/>
    <EventID>13</EventID>
    <Version>2</Version>
    <Level>4</Level>
    <Task>13</Task>
    <Opcode>0</Opcode>
    <Keywords>0x8000000000000000</Keywords>
    <TimeCreated SystemTime="2024-05-14T16:28:59.7810828Z"/>
    <EventRecordID>249531</EventRecordID>
    <Correlation/>
    <Execution ProcessID="2848" ThreadID="2964"/>
    <Channel>Microsoft-Windows-Sysmon/Operational</Channel>
    <Computer>WS-AMEEN-01.agentsoc.local</Computer>
    <Security UserID="S-1-5-18"/>
  </System>
  <EventData>
    
    <Data Name="RuleName">-</Data>
    <Data Name="EventType">SetValue</Data>
    <Data Name="UtcTime">2024-05-14 16:28:59.781</Data>
    <Data Name="ProcessGuid">{31b3aa98-6963-663b-0b02-0000209e0d25}</Data>
    <Data Name="ProcessId">6096</Data>
    <Data Name="Image">C:\Windows\System32\RuntimeBroker.exe</Data>
    <Data Name="User">AGENTSOC\ameen.khan</Data>
    <Data Name="TargetObject">HKU\S-1-5-21-1223493204-1473060041-1971563278-1004\Software\Microsoft\Windows\CurrentVersion\Explorer\UserAssist\{CEBFF5CD-ACE2-4F4F-9178-9926F41749EA}\Count\HRZR_EHACNGU:P:\Hfref\nzrra.xuna\NccQngn\Ebnzvat\Zvpebfbsg\Jvaqbjf\Fgneg Zrah\Cebtenzf\Fynpx.yax</Data>
    <Data Name="Details">F3 9C 73 1C 66 8F 12 53 6E E2 A4 2C B2 6A 79 27 FB 4B 39 CB B3 93 3C E4 EE 6E AD 01 59 AF DE 76</Data>
    
  </EventData>
</Event>
<Event xmlns="http://schemas.microsoft.com/win/2004/08/events/event">
  <System>
    <Provider Name="Microsoft-Windows-Sysmon" Guid="{5770385f-c22a-43e0-bf4c-06f5698ffbd9}"/>
    <EventID>22</EventID>
    <Version>5</Version>
    <Level>4</Level>
    <Task>22</Task>
    <Opcode>0</Opcode>
    <Keywords>0x8000000000000000</Keywords>
    <TimeCreated SystemTime="2024-05-14T16:29:25.7160889Z"/>
    <EventRecordID>249533</EventRecordID>
    <Correlation/>
    <Execution ProcessID="2848" ThreadID="2876"/>
    <Channel>Microsoft-Windows-Sysmon/Operational</Channel>
    <Computer>WS-AMEEN-01.agentsoc.local</Computer>
    <Security UserID="S-1-5-18"/>
  </System>
  <EventData>
    
    <Data Name="RuleName">-</Data>
    <Data Name="UtcTime">2024-05-14 16:29:25.716</Data>
    <Data Name="ProcessGuid">{31b3aa98-694c-663b-4300-0000abbff32f}</Data>
    <Data Name="ProcessId">5832</Data>
    <Data Name="QueryName">DC-BO-01.agentsoc.local</Data>
    <Data Name="QueryStatus">0</Data>
    <Data Name="QueryResults">10.44.20.10;</Data>
    <Data Name="Image">C:\Windows\System32\svchost.exe</Data>
    <Data Name="User">NT AUTHORITY\LOCAL SERVICE</Data>
    
  </EventData>
</Event>
<Event xmlns="http://schemas.microsoft.com/win/2004/08/events/event">
  <System>
    <Provider Name="Microsoft-Windows-Sysmon" Guid="{5770385f-c22a-43e0-bf4c-06f5698ffbd9}"/>
    <EventID>1</EventID>
    <Version>5</Version>
    <Level>4</Level>
    <Task>1</Task>
    <Opcode>0</Opcode>
    <Keywords>0x8000000000000000</Keywords>
    <TimeCreated SystemTime="2024-05-14T16:29:45.0099796Z"/>
    <EventRecordID>249543</EventRecordID>
    <Correlation/>
    <Execution ProcessID="2848" ThreadID="1672"/>
    <Channel>Microsoft-Windows-Sysmon/Operational</Channel>
    <Computer>WS-AMEEN-01.agentsoc.local</Computer>
    <Security UserID="S-1-5-18"/>
  </System>
  <EventData>
    
    <Data Name="RuleName">-</Data>
    <Data Name="UtcTime">2024-05-14 16:29:45.009</Data>
    <Data Name="ProcessGuid">{31b3aa98-9179-6643-1e02-00006520199d}</Data>
    <Data Name="ProcessId">7508</Data>
    <Data Name="Image">C:\Windows\System32\taskhostw.exe</Data>
    <Data Name="FileVersion">10.0.22621.1</Data>
    <Data Name="Description">Host Process for Windows Tasks</Data>
    <Data Name="Product">Microsoft Windows Operating System</Data>
    <Data Name="Company">Microsoft Corporation</Data>
    <Data Name="OriginalFileName">taskhostw.exe</Data>
    <Data Name="CommandLine">taskhostw.exe /Run</Data>
    <Data Name="CurrentDirectory">C:\Windows\System32\</Data>
    <Data Name="User">NT AUTHORITY\SYSTEM</Data>
    <Data Name="LogonGuid">{1bda0869-f218-44a5-8f6a-69bd92a8e6f8}</Data>
    <Data Name="LogonId">0x3e7</Data>
    <Data Name="TerminalSessionId">0</Data>
    <Data Name="IntegrityLevel">System</Data>
    <Data Name="Hashes">SHA1=43D2778A530C049762799D2A49B4003FE63197E8,MD5=9CBB25D7316E690FD9A7B5A94FE435BA,SHA256=20F9EA7819597F0D2417814292A93F7DA3C7C772624D93C8D2EBBDEBEFCA7FBA,IMPHASH=6665061B5B72EBC3024E458910E50591</Data>
    <Data Name="ParentProcessGuid">{31b3aa98-6948-663b-8a00-00101dca5b68}</Data>
    <Data Name="ParentProcessId">5800</Data>
    <Data Name="ParentImage">C:\Windows\System32\svchost.exe</Data>
    <Data Name="ParentCommandLine">svchost.exe -k LocalSystem</Data>
    <Data Name="ParentUser">NT AUTHORITY\SYSTEM</Data>
    
  </EventData>
</Event>
<Event xmlns="http://schemas.microsoft.com/win/2004/08/events/event">
  <System>
    <Provider Name="Microsoft-Windows-Sysmon" Guid="{5770385f-c22a-43e0-bf4c-06f5698ffbd9}"/>
    <EventID>22</EventID>
    <Version>5</Version>
    <Level>4</Level>
    <Task>22</Task>
    <Opcode>0</Opcode>
    <Keywords>0x8000000000000000</Keywords>
    <TimeCreated SystemTime="2024-05-14T16:30:02.4154397Z"/>
    <EventRecordID>249544</EventRecordID>
    <Correlation/>
    <Execution ProcessID="2848" ThreadID="4020"/>
    <Channel>Microsoft-Windows-Sysmon/Operational</Channel>
    <Computer>WS-AMEEN-01.agentsoc.local</Computer>
    <Security UserID="S-1-5-18"/>
  </System>
  <EventData>
    
    <Data Name="RuleName">-</Data>
    <Data Name="UtcTime">2024-05-14 16:30:02.415</Data>
    <Data Name="ProcessGuid">{31b3aa98-694c-663b-4300-0000abbff32f}</Data>
    <Data Name="ProcessId">5832</Data>
    <Data Name="QueryName">DC-BO-01.agentsoc.local</Data>
    <Data Name="QueryStatus">0</Data>
    <Data Name="QueryResults">fd00:2c14:000a::1;</Data>
    <Data Name="Image">C:\Windows\System32\svchost.exe</Data>
    <Data Name="User">NT AUTHORITY\LOCAL SERVICE</Data>
    
  </EventData>
</Event>
<Event xmlns="http://schemas.microsoft.com/win/2004/08/events/event">
  <System>
    <Provider Name="Microsoft-Windows-Sysmon" Guid="{5770385f-c22a-43e0-bf4c-06f5698ffbd9}"/>
    <EventID>10</EventID>
    <Version>3</Version>
    <Level>4</Level>
    <Task>10</Task>
    <Opcode>0</Opcode>
    <Keywords>0x8000000000000000</Keywords>
    <TimeCreated SystemTime="2024-05-14T16:31:08.1080080Z"/>
    <EventRecordID>249547</EventRecordID>
    <Correlation/>
    <Execution ProcessID="2848" ThreadID="2876"/>
    <Channel>Microsoft-Windows-Sysmon/Operational</Channel>
    <Computer>WS-AMEEN-01.agentsoc.local</Computer>
    <Security UserID="S-1-5-18"/>
  </System>
  <EventData>
    
    <Data Name="RuleName">-</Data>
    <Data Name="UtcTime">2024-05-14 16:31:08.108</Data>
    <Data Name="SourceProcessGUID">{31b3aa98-694b-663b-4f00-00001a3f8401}</Data>
    <Data Name="SourceProcessId">5812</Data>
    <Data Name="SourceImage">C:\Windows\System32\svchost.exe</Data>
    <Data Name="SourceThreadId">3980</Data>
    <Data Name="SourceUser">NT AUTHORITY\NETWORK SERVICE</Data>
    <Data Name="TargetProcessGUID">{31b3aa98-6946-663b-4b02-00103e21593c}</Data>
    <Data Name="TargetProcessId">5788</Data>
    <Data Name="TargetImage">C:\Windows\System32\lsass.exe</Data>
    <Data Name="TargetUser">NT AUTHORITY\SYSTEM</Data>
    <Data Name="GrantedAccess">0x1000</Data>
    <Data Name="CallTrace">C:\Windows\SYSTEM32\ntdll.dll+9DEBE|C:\Windows\SYSTEM32\KERNELBASE.dll+2CFE2|C:\Windows\SYSTEM32\combase.dll+28F8E</Data>
    
  </EventData>
</Event>
