<?xml version="1.0" encoding="utf-8"?>
<Events>
<Event xmlns="http://schemas.microsoft.com/win/2004/08/events/event">
  <System>
    <Provider Name="Microsoft-Windows-Sysmon" Guid="{5770385f-c22a-43e0-bf4c-06f5698ffbd9}"/>
    <EventID>10</EventID>
    <Version>3</Version>
    <Level>4</Level>
    <Task>10</Task>
    <Opcode>0</Opcode>
    <Keywords>0x8000000000000000</Keywords>
    <TimeCreated SystemTime="2024-05-14T12:00:14.8991098Z"/>
    <EventRecordID>446901</EventRecordID>
    <Correlation/>
    <Execution ProcessID="2384" ThreadID="2896"/>
    <Channel>Microsoft-Windows-Sysmon/Operational</Channel>
    <Computer>WS-NKAPOOR-01.northstar-branch.local</Computer>
    <Security UserID="S-1-5-18"/>
  </System>
  <EventData>
    
    <Data Name="RuleName">-</Data>
    <Data Name="UtcTime">2024-05-14 12:00:14.899</Data>
    <Data Name="SourceProcessGUID">{aab87a56-d1d8-6634-f800-0000ebef28d5}</Data>
    <Data Name="SourceProcessId">5804</Data>
    <Data Name="SourceImage">C:\ProgramData\Microsoft\Windows Defender\Platform\4.18.2301.6-0\MsMpEng.exe</Data>
    <Data Name="SourceThreadId">4204</Data>
    <Data Name="SourceUser">NT AUTHORITY\SYSTEM</Data>
    <Data Name="TargetProcessGUID">{aab87a56-d1c8-6634-8002-001038fe3a60}</Data>
    <Data Name="TargetProcessId">5680</Data>
    <Data Name="TargetImage">C:\Windows\System32\lsass.exe</Data>
    <Data Name="TargetUser">NT AUTHORITY\SYSTEM</Data>
    <Data Name="GrantedAccess">0x1010</Data>
    <Data Name="CallTrace">C:\Windows\SYSTEM32\ntdll.dll+9C72B|C:\Windows\SYSTEM32\KERNELBASE.dll+2D5A2|C:\Windows\SYSTEM32\sechost.dll+1263D</Data>
    
  </EventData>
</Event>
<Event xmlns="http://schemas.microsoft.com/win/2004/08/events/event">
  <System>
    <Provider Name="Microsoft-Windows-Sysmon" Guid="{5770385f-c22a-43e0-bf4c-06f5698ffbd9}"/>
    <EventID>11</EventID>
    <Version>2</Version>
    <Level>4</Level>
    <Task>11</Task>
    <Opcode>0</Opcode>
    <Keywords>0x8000000000000000</Keywords>
    <TimeCreated SystemTime="2024-05-14T12:03:13.3035958Z"/>
    <EventRecordID>451385</EventRecordID>
    <Correlation/>
    <Execution ProcessID="2384" ThreadID="1176"/>
    <Channel>Microsoft-Windows-Sysmon/Operational</Channel>
    <Computer>WS-NKAPOOR-01.northstar-branch.local</Computer>
    <Security UserID="S-1-5-18"/>
  </System>
  <EventData>
    
    <Data Name="RuleName">-</Data>
    <Data Name="UtcTime">2024-05-14 12:03:13.303</Data>
    <Data Name="ProcessGuid">{aab87a56-d1d9-6634-7500-0000b99de1f5}</Data>
    <Data Name="ProcessId">5836</Data>
    <Data Name="Image">C:\Windows\System32\SearchIndexer.exe</Data>
    <Data Name="User">NT AUTHORITY\SYSTEM</Data>
    <Data Name="TargetFilename">C:\ProgramData\Microsoft\Windows\WER\ReportQueue\88797\Report.wer</Data>
    <Data Name="CreationUtcTime">2024-05-14 12:03:13.303</Data>
    
  </EventData>
</Event>
<Event xmlns="http://schemas.microsoft.com/win/2004/08/events/event">
  <System>
    <Provider Name="Microsoft-Windows-Sysmon" Guid="{5770385f-c22a-43e0-bf4c-06f5698ffbd9}"/>
    <EventID>1</EventID>
    <Version>5</Version>
    <Level>4</Level>
    <Task>1</Task>
    <Opcode>0</Opcode>
    <Keywords>0x8000000000000000</Keywords>
    <TimeCreated SystemTime="2024-05-14T12:03:52.5907688Z"/>
    <EventRecordID>451387</EventRecordID>
    <Correlation/>
    <Execution ProcessID="2384" ThreadID="2092"/>
    <Channel>Microsoft-Windows-Sysmon/Operational</Channel>
    <Computer>WS-NKAPOOR-01.northstar-branch.local</Computer>
    <Security UserID="S-1-5-18"/>
  </System>
  <EventData>
    
    <Data Name="RuleName">-</Data>
    <Data Name="UtcTime">2024-05-14 12:03:52.590</Data>
    <Data Name="ProcessGuid">{aab87a56-5328-6643-1b02-001009ce7af5}</Data>
    <Data Name="ProcessId">6692</Data>
    <Data Name="Image">C:\Program Files\Zscaler\ZSAService\ZSAService.exe</Data>
    <Data Name="FileVersion">-</Data>
    <Data Name="Description">-</Data>
    <Data Name="Product">-</Data>
    <Data Name="Company">-</Data>
    <Data Name="OriginalFileName">-</Data>
    <Data Name="CommandLine">ZSAService.exe</Data>
    <Data Name="CurrentDirectory">C:\Windows\System32\</Data>
    <Data Name="User">NT AUTHORITY\SYSTEM</Data>
    <Data Name="LogonGuid">{a1bae2c4-0244-444a-9ca2-e881554d8892}</Data>
    <Data Name="LogonId">0x3e7</Data>
    <Data Name="TerminalSessionId">0</Data>
    <Data Name="IntegrityLevel">System</Data>
    <Data Name="Hashes">SHA1=A3AAF107C5D09EC17E1F0D0AC23062EC0D42D552,MD5=AE56101B807A2BC2F420F420C88580E6,SHA256=80706335E0187B8422A8C0938A7C65D5FB249E7377A9FB249DC81F6B8BEDBAC8,IMPHASH=30BCD5EC244E4F59F7243F4C4129FEA7</Data>
    <Data Name="ParentProcessGuid">{aab87a56-d1c7-6634-a302-0010ff884d16}</Data>
    <Data Name="ParentProcessId">5652</Data>
    <Data Name="ParentImage">C:\Windows\System32\services.exe</Data>
    <Data Name="ParentCommandLine">services.exe</Data>
    
  </EventData>
</Event>
<Event xmlns="http://schemas.microsoft.com/win/2004/08/events/event">
  <System>
    <Provider Name="Microsoft-Windows-Sysmon" Guid="{5770385f-c22a-43e0-bf4c-06f5698ffbd9}"/>
    <EventID>1</EventID>
    <Version>5</Version>
    <Level>4</Level>
    <Task>1</Task>
    <Opcode>0</Opcode>
    <Keywords>0x8000000000000000</Keywords>
    <TimeCreated SystemTime="2024-05-14T12:04:15.4370230Z"/>
    <EventRecordID>451424</EventRecordID>
    <Correlation/>
    <Execution ProcessID="2384" ThreadID="1176"/>
    <Channel>Microsoft-Windows-Sysmon/Operational</Channel>
    <Computer>WS-NKAPOOR-01.northstar-branch.local</Computer>
    <Security UserID="S-1-5-18"/>
  </System>
  <EventData>
    
    <Data Name="RuleName">-</Data>
    <Data Name="UtcTime">2024-05-14 12:04:15.437</Data>
    <Data Name="ProcessGuid">{aab87a56-533f-6643-8800-0000b8d87172}</Data>
    <Data Name="ProcessId">6848</Data>
    <Data Name="Image">C:\Windows\System32\gpupdate.exe</Data>
    <Data Name="FileVersion">10.0.22621.1</Data>
    <Data Name="Description">Microsoft Group Policy Update Utility</Data>
    <Data Name="Product">Microsoft Windows</Data>
    <Data Name="Company">Microsoft Corporation</Data>
    <Data Name="OriginalFileName">GPUpdate.exe</Data>
    <Data Name="CommandLine">gpupdate.exe /target:computer /force</Data>
    <Data Name="CurrentDirectory">C:\Windows\System32\</Data>
    <Data Name="User">NT AUTHORITY\SYSTEM</Data>
    <Data Name="LogonGuid">{a1bae2c4-0244-444a-9ca2-e881554d8892}</Data>
    <Data Name="LogonId">0x3e7</Data>
    <Data Name="TerminalSessionId">0</Data>
    <Data Name="IntegrityLevel">System</Data>
    <Data Name="Hashes">SHA1=32CFBB56DC8CC2863ED56E3E7BACCEA0B5002BD4,MD5=05E23A0CD9F0DE360AF39F2DF0C41762,SHA256=D605CF53B446BBF17DB355600E1BE97DDC8161D4FA42E1B7EB3F783C1362153F,IMPHASH=29FC0238333C0ACBB4F163B61A8B5895</Data>
    <Data Name="ParentProcessGuid">{aab87a56-d1cd-6634-ea02-0000a314dfa6}</Data>
    <Data Name="ParentProcessId">5752</Data>
    <Data Name="ParentImage">C:\Windows\System32\svchost.exe</Data>
    <Data Name="ParentCommandLine">svchost.exe -k netsvcs</Data>
    
  </EventData>
</Event>
<Event xmlns="http://schemas.microsoft.com/win/2004/08/events/event">
  <System>
    <Provider Name="Microsoft-Windows-Sysmon" Guid="{5770385f-c22a-43e0-bf4c-06f5698ffbd9}"/>
    <EventID>5</EventID>
    <Version>3</Version>
    <Level>4</Level>
    <Task>5</Task>
    <Opcode>0</Opcode>
    <Keywords>0x8000000000000000</Keywords>
    <TimeCreated SystemTime="2024-05-14T12:04:16.6973883Z"/>
    <EventRecordID>451425</EventRecordID>
    <Correlation/>
    <Execution ProcessID="2384" ThreadID="2896"/>
    <Channel>Microsoft-Windows-Sysmon/Operational</Channel>
    <Computer>WS-NKAPOOR-01.northstar-branch.local</Computer>
    <Security UserID="S-1-5-18"/>
  </System>
  <EventData>
    
    <Data Name="RuleName">-</Data>
    <Data Name="UtcTime">2024-05-14 12:04:16.697</Data>
    <Data Name="ProcessGuid">{aab87a56-533f-6643-8800-0000b8d87172}</Data>
    <Data Name="ProcessId">6848</Data>
    <Data Name="Image">C:\Windows\System32\gpupdate.exe</Data>
    <Data Name="User">NT AUTHORITY\SYSTEM</Data>
    
  </EventData>
</Event>
<Event xmlns="http://schemas.microsoft.com/win/2004/08/events/event">
  <System>
    <Provider Name="Microsoft-Windows-Sysmon" Guid="{5770385f-c22a-43e0-bf4c-06f5698ffbd9}"/>
    <EventID>1</EventID>
    <Version>5</Version>
    <Level>4</Level>
    <Task>1</Task>
    <Opcode>0</Opcode>
    <Keywords>0x8000000000000000</Keywords>
    <TimeCreated SystemTime="2024-05-14T12:05:27.2697415Z"/>
    <EventRecordID>451469</EventRecordID>
    <Correlation/>
    <Execution ProcessID="2384" ThreadID="2248"/>
    <Channel>Microsoft-Windows-Sysmon/Operational</Channel>
    <Computer>WS-NKAPOOR-01.northstar-branch.local</Computer>
    <Security UserID="S-1-5-18"/>
  </System>
  <EventData>
    
    <Data Name="RuleName">-</Data>
    <Data Name="UtcTime">2024-05-14 12:05:27.269</Data>
    <Data Name="ProcessGuid">{aab87a56-5387-6643-8802-0010b246b6ad}</Data>
    <Data Name="ProcessId">6788</Data>
    <Data Name="Image">C:\Windows\System32\conhost.exe</Data>
    <Data Name="FileVersion">10.0.22621.1</Data>
    <Data Name="Description">Console Window Host</Data>
    <Data Name="Product">Microsoft Windows Operating System</Data>
    <Data Name="Company">Microsoft Corporation</Data>
    <Data Name="OriginalFileName">conhost.exe</Data>
    <Data Name="CommandLine">\??\C:\Windows\system32\conhost.exe 0xffffffff -ForceV1</Data>
    <Data Name="CurrentDirectory">C:\Windows\System32\</Data>
    <Data Name="User">NT AUTHORITY\SYSTEM</Data>
    <Data Name="LogonGuid">{a1bae2c4-0244-444a-9ca2-e881554d8892}</Data>
    <Data Name="LogonId">0x3e7</Data>
    <Data Name="TerminalSessionId">0</Data>
    <Data Name="IntegrityLevel">System</Data>
    <Data Name="Hashes">SHA1=C5BD601C27AA1527E53242CF6DCE1C779AB58F54,MD5=C7180D6EF3169C4CFD9152F2E0F718D6,SHA256=14986A25CAF24462E361E0E3D07934E9926D2E0D36D1C8FEFCDE00AB59AF67C6,IMPHASH=8E63419D15B3090A0F7E22048F46A007</Data>
    <Data Name="ParentProcessGuid">{aab87a56-d1c2-6634-6e00-00100432979b}</Data>
    <Data Name="ParentProcessId">5636</Data>
    <Data Name="ParentImage">C:\Windows\System32\csrss.exe</Data>
    <Data Name="ParentCommandLine">csrss.exe</Data>
    
  </EventData>
</Event>
<Event xmlns="http://schemas.microsoft.com/win/2004/08/events/event">
  <System>
    <Provider Name="Microsoft-Windows-Sysmon" Guid="{5770385f-c22a-43e0-bf4c-06f5698ffbd9}"/>
    <EventID>5</EventID>
    <Version>3</Version>
    <Level>4</Level>
    <Task>5</Task>
    <Opcode>0</Opcode>
    <Keywords>0x8000000000000000</Keywords>
    <TimeCreated SystemTime="2024-05-14T12:05:28.2238119Z"/>
    <EventRecordID>451470</EventRecordID>
    <Correlation/>
    <Execution ProcessID="2384" ThreadID="2248"/>
    <Channel>Microsoft-Windows-Sysmon/Operational</Channel>
    <Computer>WS-NKAPOOR-01.northstar-branch.local</Computer>
    <Security UserID="S-1-5-18"/>
  </System>
  <EventData>
    
    <Data Name="RuleName">-</Data>
    <Data Name="UtcTime">2024-05-14 12:05:28.223</Data>
    <Data Name="ProcessGuid">{aab87a56-5387-6643-8802-0010b246b6ad}</Data>
    <Data Name="ProcessId">6788</Data>
    <Data Name="Image">C:\Windows\System32\conhost.exe</Data>
    <Data Name="User">NT AUTHORITY\SYSTEM</Data>
    
  </EventData>
</Event>
<Event xmlns="http://schemas.microsoft.com/win/2004/08/events/event">
  <System>
    <Provider Name="Microsoft-Windows-Sysmon" Guid="{5770385f-c22a-43e0-bf4c-06f5698ffbd9}"/>
    <EventID>3</EventID>
    <Version>5</Version>
    <Level>4</Level>
    <Task>3</Task>
    <Opcode>0</Opcode>
    <Keywords>0x8000000000000000</Keywords>
    <TimeCreated SystemTime="2024-05-14T12:06:26.4328589Z"/>
    <EventRecordID>451473</EventRecordID>
    <Correlation/>
    <Execution ProcessID="2384" ThreadID="2248"/>
    <Channel>Microsoft-Windows-Sysmon/Operational</Channel>
    <Computer>WS-NKAPOOR-01.northstar-branch.local</Computer>
    <Security UserID="S-1-5-18"/>
  </System>
  <EventData>
    
    <Data Name="RuleName">-</Data>
    <Data Name="UtcTime">2024-05-14 12:06:26.432</Data>
    <Data Name="ProcessGuid">{aab87a56-d1c8-6634-8002-001038fe3a60}</Data>
    <Data Name="ProcessId">5680</Data>
    <Data Name="Image">C:\Windows\System32\lsass.exe</Data>
    <Data Name="User">NT AUTHORITY\SYSTEM</Data>
    <Data Name="Protocol">tcp</Data>
    <Data Name="Initiated">true</Data>
    <Data Name="SourceIsIpv6">false</Data>
    <Data Name="SourceIp">10.44.10.24</Data>
    <Data Name="SourceHostname">WS-NKAPOOR-01.northstar-branch.local</Data>
    <Data Name="SourcePort">49743</Data>
    <Data Name="SourcePortName">-</Data>
    <Data Name="DestinationIsIpv6">false</Data>
    <Data Name="DestinationIp">10.44.20.10</Data>
    <Data Name="DestinationHostname">DC-BO-01.northstar-branch.local</Data>
    <Data Name="DestinationPort">389</Data>
    <Data Name="DestinationPortName">ldap</Data>
    
  </EventData>
</Event>
<Event xmlns="http://schemas.microsoft.com/win/2004/08/events/event">
  <System>
    <Provider Name="Microsoft-Windows-Sysmon" Guid="{5770385f-c22a-43e0-bf4c-06f5698ffbd9}"/>
    <EventID>1</EventID>
    <Version>5</Version>
    <Level>4</Level>
    <Task>1</Task>
    <Opcode>0</Opcode>
    <Keywords>0x8000000000000000</Keywords>
    <TimeCreated SystemTime="2024-05-14T12:07:28.6865807Z"/>
    <EventRecordID>451506</EventRecordID>
    <Correlation/>
    <Execution ProcessID="2384" ThreadID="2248"/>
    <Channel>Microsoft-Windows-Sysmon/Operational</Channel>
    <Computer>WS-NKAPOOR-01.northstar-branch.local</Computer>
    <Security UserID="S-1-5-18"/>
  </System>
  <EventData>
    
    <Data Name="RuleName">-</Data>
    <Data Name="UtcTime">2024-05-14 12:07:28.686</Data>
    <Data Name="ProcessGuid">{aab87a56-5400-6643-2c00-0010e1738bc7}</Data>
    <Data Name="ProcessId">6932</Data>
    <Data Name="Image">C:\Windows\System32\mmc.exe</Data>
    <Data Name="FileVersion">10.0.22621.1</Data>
    <Data Name="Description">Microsoft Management Console</Data>
    <Data Name="Product">Microsoft Windows Operating System</Data>
    <Data Name="Company">Microsoft Corporation</Data>
    <Data Name="OriginalFileName">mmc.exe</Data>
    <Data Name="CommandLine">"C:\Windows\System32\mmc.exe" "C:\Windows\System32\dnsmgmt.msc"</Data>
    <Data Name="CurrentDirectory">C:\Windows\System32\</Data>
    <Data Name="User">NORTHSTAR-BRANCH\nina.kapoor</Data>
    <Data Name="LogonGuid">{00000000-0000-0000-0000-000000000000}</Data>
    <Data Name="LogonId">0x837e3d1</Data>
    <Data Name="TerminalSessionId">1</Data>
    <Data Name="IntegrityLevel">High</Data>
    <Data Name="Hashes">SHA1=C6F84880D54C731CE82C06C939D0E5A109210B8C,MD5=BCB299EE85364A9A97AC919C88BCEF6B,SHA256=B46F547287A4822027B49FBC85C53611E5DB881D417BEDDB85FF01E04D2E05E3,IMPHASH=A2FE9D74313BE66A7E7ED19A6DCAE5C5</Data>
    <Data Name="ParentProcessGuid">{aab87a56-3d55-6643-1900-00003d677e83}</Data>
    <Data Name="ParentProcessId">6292</Data>
    <Data Name="ParentImage">C:\Windows\explorer.exe</Data>
    <Data Name="ParentCommandLine">explorer.exe</Data>
    
  </EventData>
</Event>
<Event xmlns="http://schemas.microsoft.com/win/2004/08/events/event">
  <System>
    <Provider Name="Microsoft-Windows-Sysmon" Guid="{5770385f-c22a-43e0-bf4c-06f5698ffbd9}"/>
    <EventID>13</EventID>
    <Version>2</Version>
    <Level>4</Level>
    <Task>13</Task>
    <Opcode>0</Opcode>
    <Keywords>0x8000000000000000</Keywords>
    <TimeCreated SystemTime="2024-05-14T12:07:29.7510248Z"/>
    <EventRecordID>451507</EventRecordID>
    <Correlation/>
    <Execution ProcessID="2384" ThreadID="2092"/>
    <Channel>Microsoft-Windows-Sysmon/Operational</Channel>
    <Computer>WS-NKAPOOR-01.northstar-branch.local</Computer>
    <Security UserID="S-1-5-18"/>
  </System>
  <EventData>
    
    <Data Name="RuleName">-</Data>
    <Data Name="EventType">SetValue</Data>
    <Data Name="UtcTime">2024-05-14 12:07:29.751</Data>
    <Data Name="ProcessGuid">{aab87a56-d1e8-6634-fa02-00003f48bc4c}</Data>
    <Data Name="ProcessId">5948</Data>
    <Data Name="Image">C:\Windows\explorer.exe</Data>
    <Data Name="User">NORTHSTAR-BRANCH\nina.kapoor</Data>
    <Data Name="TargetObject">HKU\S-1-5-21-3882363548-2838386070-1334550370-1004\Software\Microsoft\Windows\CurrentVersion\Explorer\Accent\AccentPalette</Data>
    <Data Name="Details">hex:0AC9C963</Data>
    
  </EventData>
</Event>
<Event xmlns="http://schemas.microsoft.com/win/2004/08/events/event">
  <System>
    <Provider Name="Microsoft-Windows-Sysmon" Guid="{5770385f-c22a-43e0-bf4c-06f5698ffbd9}"/>
    <EventID>13</EventID>
    <Version>2</Version>
    <Level>4</Level>
    <Task>13</Task>
    <Opcode>0</Opcode>
    <Keywords>0x8000000000000000</Keywords>
    <TimeCreated SystemTime="2024-05-14T12:07:31.0920564Z"/>
    <EventRecordID>451654</EventRecordID>
    <Correlation/>
    <Execution ProcessID="2384" ThreadID="2248"/>
    <Channel>Microsoft-Windows-Sysmon/Operational</Channel>
    <Computer>WS-NKAPOOR-01.northstar-branch.local</Computer>
    <Security UserID="S-1-5-18"/>
  </System>
  <EventData>
    
    <Data Name="RuleName">-</Data>
    <Data Name="EventType">SetValue</Data>
    <Data Name="UtcTime">2024-05-14 12:07:31.092</Data>
    <Data Name="ProcessGuid">{aab87a56-d1ea-6634-2d02-00007073e398}</Data>
    <Data Name="ProcessId">5952</Data>
    <Data Name="Image">C:\Windows\System32\RuntimeBroker.exe</Data>
    <Data Name="User">NORTHSTAR-BRANCH\nina.kapoor</Data>
    <Data Name="TargetObject">HKU\S-1-5-21-3882363548-2838386070-1334550370-1004\Software\Microsoft\Windows\CurrentVersion\Internet Settings\ProxyEnable</Data>
    <Data Name="Details">DWORD (0x00000000)</Data>
    
  </EventData>
</Event>
<Event xmlns="http://schemas.microsoft.com/win/2004/08/events/event">
  <System>
    <Provider Name="Microsoft-Windows-Sysmon" Guid="{5770385f-c22a-43e0-bf4c-06f5698ffbd9}"/>
    <EventID>3</EventID>
    <Version>5</Version>
    <Level>4</Level>
    <Task>3</Task>
    <Opcode>0</Opcode>
    <Keywords>0x8000000000000000</Keywords>
    <TimeCreated SystemTime="2024-05-14T12:07:32.0783727Z"/>
    <EventRecordID>451680</EventRecordID>
    <Correlation/>
    <Execution ProcessID="2384" ThreadID="2092"/>
    <Channel>Microsoft-Windows-Sysmon/Operational</Channel>
    <Computer>WS-NKAPOOR-01.northstar-branch.local</Computer>
    <Security UserID="S-1-5-18"/>
  </System>
  <EventData>
    
    <Data Name="RuleName">-</Data>
    <Data Name="UtcTime">2024-05-14 12:07:32.078</Data>
    <Data Name="ProcessGuid">{aab87a56-5400-6643-2c00-0010e1738bc7}</Data>
    <Data Name="ProcessId">6932</Data>
    <Data Name="Image">C:\Windows\System32\mmc.exe</Data>
    <Data Name="User">NORTHSTAR-BRANCH\nina.kapoor</Data>
    <Data Name="Protocol">tcp</Data>
    <Data Name="Initiated">true</Data>
    <Data Name="SourceIsIpv6">false</Data>
    <Data Name="SourceIp">10.44.10.24</Data>
    <Data Name="SourceHostname">WS-NKAPOOR-01.northstar-branch.local</Data>
    <Data Name="SourcePort">58067</Data>
    <Data Name="SourcePortName">-</Data>
    <Data Name="DestinationIsIpv6">false</Data>
    <Data Name="DestinationIp">10.44.20.10</Data>
    <Data Name="DestinationHostname">DC-BO-01.northstar-branch.local</Data>
    <Data Name="DestinationPort">135</Data>
    <Data Name="DestinationPortName">epmap</Data>
    
  </EventData>
</Event>
<Event xmlns="http://schemas.microsoft.com/win/2004/08/events/event">
  <System>
    <Provider Name="Microsoft-Windows-Sysmon" Guid="{5770385f-c22a-43e0-bf4c-06f5698ffbd9}"/>
    <EventID>13</EventID>
    <Version>2</Version>
    <Level>4</Level>
    <Task>13</Task>
    <Opcode>0</Opcode>
    <Keywords>0x8000000000000000</Keywords>
    <TimeCreated SystemTime="2024-05-14T12:07:49.0747442Z"/>
    <EventRecordID>451681</EventRecordID>
    <Correlation/>
    <Execution ProcessID="2384" ThreadID="2092"/>
    <Channel>Microsoft-Windows-Sysmon/Operational</Channel>
    <Computer>WS-NKAPOOR-01.northstar-branch.local</Computer>
    <Security UserID="S-1-5-18"/>
  </System>
  <EventData>
    
    <Data Name="RuleName">-</Data>
    <Data Name="EventType">SetValue</Data>
    <Data Name="UtcTime">2024-05-14 12:07:49.074</Data>
    <Data Name="ProcessGuid">{aab87a56-d1ea-6634-2d02-00007073e398}</Data>
    <Data Name="ProcessId">5952</Data>
    <Data Name="Image">C:\Windows\System32\RuntimeBroker.exe</Data>
    <Data Name="User">NORTHSTAR-BRANCH\nina.kapoor</Data>
    <Data Name="TargetObject">HKU\S-1-5-21-3882363548-2838386070-1334550370-1004\Software\Microsoft\Windows\CurrentVersion\Explorer\ComDlg32\OpenSavePidlMRU\pdf\1</Data>
    <Data Name="Details">hex(2):43,00,3a,00</Data>
    
  </EventData>
</Event>
<Event xmlns="http://schemas.microsoft.com/win/2004/08/events/event">
  <System>
    <Provider Name="Microsoft-Windows-Sysmon" Guid="{5770385f-c22a-43e0-bf4c-06f5698ffbd9}"/>
    <EventID>13</EventID>
    <Version>2</Version>
    <Level>4</Level>
    <Task>13</Task>
    <Opcode>0</Opcode>
    <Keywords>0x8000000000000000</Keywords>
    <TimeCreated SystemTime="2024-05-14T12:08:04.4403842Z"/>
    <EventRecordID>451682</EventRecordID>
    <Correlation/>
    <Execution ProcessID="2384" ThreadID="2092"/>
    <Channel>Microsoft-Windows-Sysmon/Operational</Channel>
    <Computer>WS-NKAPOOR-01.northstar-branch.local</Computer>
    <Security UserID="S-1-5-18"/>
  </System>
  <EventData>
    
    <Data Name="RuleName">-</Data>
    <Data Name="EventType">SetValue</Data>
    <Data Name="UtcTime">2024-05-14 12:08:04.440</Data>
    <Data Name="ProcessGuid">{aab87a56-d1ca-6634-7902-0000f7ee934e}</Data>
    <Data Name="ProcessId">5696</Data>
    <Data Name="Image">C:\Windows\System32\svchost.exe</Data>
    <Data Name="User">NT AUTHORITY\SYSTEM</Data>
    <Data Name="TargetObject">HKLM\SOFTWARE\Microsoft\WBEM\CIMOM\Logging</Data>
    <Data Name="Details">DWORD (0x00000002)</Data>
    
  </EventData>
</Event>
<Event xmlns="http://schemas.microsoft.com/win/2004/08/events/event">
  <System>
    <Provider Name="Microsoft-Windows-Sysmon" Guid="{5770385f-c22a-43e0-bf4c-06f5698ffbd9}"/>
    <EventID>13</EventID>
    <Version>2</Version>
    <Level>4</Level>
    <Task>13</Task>
    <Opcode>0</Opcode>
    <Keywords>0x8000000000000000</Keywords>
    <TimeCreated SystemTime="2024-05-14T12:09:17.6299929Z"/>
    <EventRecordID>451684</EventRecordID>
    <Correlation/>
    <Execution ProcessID="2384" ThreadID="1176"/>
    <Channel>Microsoft-Windows-Sysmon/Operational</Channel>
    <Computer>WS-NKAPOOR-01.northstar-branch.local</Computer>
    <Security UserID="S-1-5-18"/>
  </System>
  <EventData>
    
    <Data Name="RuleName">-</Data>
    <Data Name="EventType">SetValue</Data>
    <Data Name="UtcTime">2024-05-14 12:09:17.629</Data>
    <Data Name="ProcessGuid">{aab87a56-d1c7-6634-a302-0010ff884d16}</Data>
    <Data Name="ProcessId">5652</Data>
    <Data Name="Image">C:\Windows\System32\services.exe</Data>
    <Data Name="User">NT AUTHORITY\SYSTEM</Data>
    <Data Name="TargetObject">HKLM\SYSTEM\CurrentControlSet\Control\Session Manager\Memory Management\ClearPageFileAtShutdown</Data>
    <Data Name="Details">DWORD (0x00000000)</Data>
    
  </EventData>
</Event>
<Event xmlns="http://schemas.microsoft.com/win/2004/08/events/event">
  <System>
    <Provider Name="Microsoft-Windows-Sysmon" Guid="{5770385f-c22a-43e0-bf4c-06f5698ffbd9}"/>
    <EventID>10</EventID>
    <Version>3</Version>
    <Level>4</Level>
    <Task>10</Task>
    <Opcode>0</Opcode>
    <Keywords>0x8000000000000000</Keywords>
    <TimeCreated SystemTime="2024-05-14T12:10:03.8579917Z"/>
    <EventRecordID>451686</EventRecordID>
    <Correlation/>
    <Execution ProcessID="2384" ThreadID="2248"/>
    <Channel>Microsoft-Windows-Sysmon/Operational</Channel>
    <Computer>WS-NKAPOOR-01.northstar-branch.local</Computer>
    <Security UserID="S-1-5-18"/>
  </System>
  <EventData>
    
    <Data Name="RuleName">-</Data>
    <Data Name="UtcTime">2024-05-14 12:10:03.857</Data>
    <Data Name="SourceProcessGUID">{aab87a56-d1e0-6634-8f02-0000c9c291d0}</Data>
    <Data Name="SourceProcessId">5896</Data>
    <Data Name="SourceImage">C:\Windows\System32\msiexec.exe</Data>
    <Data Name="SourceThreadId">1192</Data>
    <Data Name="SourceUser">NT AUTHORITY\SYSTEM</Data>
    <Data Name="TargetProcessGUID">{aab87a56-d1c7-6634-a302-0010ff884d16}</Data>
    <Data Name="TargetProcessId">5652</Data>
    <Data Name="TargetImage">C:\Windows\System32\services.exe</Data>
    <Data Name="TargetUser">NT AUTHORITY\SYSTEM</Data>
    <Data Name="GrantedAccess">0x1000</Data>
    <Data Name="CallTrace">C:\Windows\SYSTEM32\ntdll.dll+9EFB8|C:\Windows\SYSTEM32\KERNELBASE.dll+2C23F</Data>
    
  </EventData>
</Event>
<Event xmlns="http://schemas.microsoft.com/win/2004/08/events/event">
  <System>
    <Provider Name="Microsoft-Windows-Sysmon" Guid="{5770385f-c22a-43e0-bf4c-06f5698ffbd9}"/>
    <EventID>10</EventID>
    <Version>3</Version>
    <Level>4</Level>
    <Task>10</Task>
    <Opcode>0</Opcode>
    <Keywords>0x8000000000000000</Keywords>
    <TimeCreated SystemTime="2024-05-14T12:11:04.9639982Z"/>
    <EventRecordID>451688</EventRecordID>
    <Correlation/>
    <Execution ProcessID="2384" ThreadID="2248"/>
    <Channel>Microsoft-Windows-Sysmon/Operational</Channel>
    <Computer>WS-NKAPOOR-01.northstar-branch.local</Computer>
    <Security UserID="S-1-5-18"/>
  </System>
  <EventData>
    
    <Data Name="RuleName">-</Data>
    <Data Name="UtcTime">2024-05-14 12:11:04.963</Data>
    <Data Name="SourceProcessGUID">{aab87a56-d1dd-6634-6300-0010de8af64d}</Data>
    <Data Name="SourceProcessId">5880</Data>
    <Data Name="SourceImage">C:\ProgramData\Microsoft\Windows Defender\Platform\4.18.2301.6-0\MpCmdRun.exe</Data>
    <Data Name="SourceThreadId">8332</Data>
    <Data Name="SourceUser">NT AUTHORITY\SYSTEM</Data>
    <Data Name="TargetProcessGUID">{aab87a56-d1d8-6634-f800-0000ebef28d5}</Data>
    <Data Name="TargetProcessId">5804</Data>
    <Data Name="TargetImage">C:\ProgramData\Microsoft\Windows Defender\Platform\4.18.2301.6-0\MsMpEng.exe</Data>
    <Data Name="TargetUser">NT AUTHORITY\SYSTEM</Data>
    <Data Name="GrantedAccess">0x1010</Data>
    <Data Name="CallTrace">C:\Windows\SYSTEM32\ntdll.dll+9D759|C:\Windows\SYSTEM32\KERNELBASE.dll+2D85B|C:\Windows\SYSTEM32\combase.dll+295B2</Data>
    
  </EventData>
</Event>
<Event xmlns="http://schemas.microsoft.com/win/2004/08/events/event">
  <System>
    <Provider Name="Microsoft-Windows-Sysmon" Guid="{5770385f-c22a-43e0-bf4c-06f5698ffbd9}"/>
    <EventID>1</EventID>
    <Version>5</Version>
    <Level>4</Level>
    <Task>1</Task>
    <Opcode>0</Opcode>
    <Keywords>0x8000000000000000</Keywords>
    <TimeCreated SystemTime="2024-05-14T12:12:27.1728466Z"/>
    <EventRecordID>451689</EventRecordID>
    <Correlation/>
    <Execution ProcessID="2384" ThreadID="1176"/>
    <Channel>Microsoft-Windows-Sysmon/Operational</Channel>
    <Computer>WS-NKAPOOR-01.northstar-branch.local</Computer>
    <Security UserID="S-1-5-18"/>
  </System>
  <EventData>
    
    <Data Name="RuleName">-</Data>
    <Data Name="UtcTime">2024-05-14 12:12:27.172</Data>
    <Data Name="ProcessGuid">{aab87a56-552b-6643-2902-000085b0fda1}</Data>
    <Data Name="ProcessId">6792</Data>
    <Data Name="Image">C:\Program Files (x86)\Cisco\Cisco AnyConnect Secure Mobility Client\vpnagent.exe</Data>
    <Data Name="FileVersion">-</Data>
    <Data Name="Description">-</Data>
    <Data Name="Product">-</Data>
    <Data Name="Company">-</Data>
    <Data Name="OriginalFileName">-</Data>
    <Data Name="CommandLine">vpnagent.exe</Data>
    <Data Name="CurrentDirectory">C:\Windows\System32\</Data>
    <Data Name="User">NT AUTHORITY\SYSTEM</Data>
    <Data Name="LogonGuid">{a1bae2c4-0244-444a-9ca2-e881554d8892}</Data>
    <Data Name="LogonId">0x3e7</Data>
    <Data Name="TerminalSessionId">0</Data>
    <Data Name="IntegrityLevel">System</Data>
    <Data Name="Hashes">SHA1=E5C261B32AD13EAE8BB6160C144E7D01B15D680E,MD5=751CA0C85F1A2CD273FE55F5AB6DC8FF,SHA256=A0DAF4583A062F2E6F9F735C6D1C7509468AA3CC84858D29A96518B0122544A0,IMPHASH=D23BA061037A52A84AEC4F31BDCA10E4</Data>
    <Data Name="ParentProcessGuid">{aab87a56-d1c7-6634-a302-0010ff884d16}</Data>
    <Data Name="ParentProcessId">5652</Data>
    <Data Name="ParentImage">C:\Windows\System32\services.exe</Data>
    <Data Name="ParentCommandLine">services.exe</Data>
    
  </EventData>
</Event>
<Event xmlns="http://schemas.microsoft.com/win/2004/08/events/event">
  <System>
    <Provider Name="Microsoft-Windows-Sysmon" Guid="{5770385f-c22a-43e0-bf4c-06f5698ffbd9}"/>
    <EventID>5</EventID>
    <Version>3</Version>
    <Level>4</Level>
    <Task>5</Task>
    <Opcode>0</Opcode>
    <Keywords>0x8000000000000000</Keywords>
    <TimeCreated SystemTime="2024-05-14T12:16:15.6032611Z"/>
    <EventRecordID>451692</EventRecordID>
    <Correlation/>
    <Execution ProcessID="2384" ThreadID="1176"/>
    <Channel>Microsoft-Windows-Sysmon/Operational</Channel>
    <Computer>WS-NKAPOOR-01.northstar-branch.local</Computer>
    <Security UserID="S-1-5-18"/>
  </System>
  <EventData>
    
    <Data Name="RuleName">-</Data>
    <Data Name="UtcTime">2024-05-14 12:16:15.603</Data>
    <Data Name="ProcessGuid">{aab87a56-4202-6643-9a02-000072e7314c}</Data>
    <Data Name="ProcessId">6028</Data>
    <Data Name="Image">C:\Program Files\Zscaler\ZSATunnel\ZSATunnel.exe</Data>
    <Data Name="User">NT AUTHORITY\SYSTEM</Data>
    
  </EventData>
</Event>
<Event xmlns="http://schemas.microsoft.com/win/2004/08/events/event">
  <System>
    <Provider Name="Microsoft-Windows-Sysmon" Guid="{5770385f-c22a-43e0-bf4c-06f5698ffbd9}"/>
    <EventID>22</EventID>
    <Version>5</Version>
    <Level>4</Level>
    <Task>22</Task>
    <Opcode>0</Opcode>
    <Keywords>0x8000000000000000</Keywords>
    <TimeCreated SystemTime="2024-05-14T12:19:17.9616542Z"/>
    <EventRecordID>451695</EventRecordID>
    <Correlation/>
    <Execution ProcessID="2384" ThreadID="2248"/>
    <Channel>Microsoft-Windows-Sysmon/Operational</Channel>
    <Computer>WS-NKAPOOR-01.northstar-branch.local</Computer>
    <Security UserID="S-1-5-18"/>
  </System>
  <EventData>
    
    <Data Name="RuleName">-</Data>
    <Data Name="UtcTime">2024-05-14 12:19:17.961</Data>
    <Data Name="ProcessGuid">{aab87a56-d1cf-6634-3902-0000c24e8961}</Data>
    <Data Name="ProcessId">5756</Data>
    <Data Name="QueryName">PROXY-BO-01.northstar-branch.local</Data>
    <Data Name="QueryStatus">0</Data>
    <Data Name="QueryResults">10.44.20.30;</Data>
    <Data Name="Image">C:\Windows\System32\svchost.exe</Data>
    <Data Name="User">NT AUTHORITY\LOCAL SERVICE</Data>
    
  </EventData>
</Event>
<Event xmlns="http://schemas.microsoft.com/win/2004/08/events/event">
  <System>
    <Provider Name="Microsoft-Windows-Sysmon" Guid="{5770385f-c22a-43e0-bf4c-06f5698ffbd9}"/>
    <EventID>1</EventID>
    <Version>5</Version>
    <Level>4</Level>
    <Task>1</Task>
    <Opcode>0</Opcode>
    <Keywords>0x8000000000000000</Keywords>
    <TimeCreated SystemTime="2024-05-14T12:19:45.2446793Z"/>
    <EventRecordID>451732</EventRecordID>
    <Correlation/>
    <Execution ProcessID="2384" ThreadID="2248"/>
    <Channel>Microsoft-Windows-Sysmon/Operational</Channel>
    <Computer>WS-NKAPOOR-01.northstar-branch.local</Computer>
    <Security UserID="S-1-5-18"/>
  </System>
  <EventData>
    
    <Data Name="RuleName">-</Data>
    <Data Name="UtcTime">2024-05-14 12:19:45.244</Data>
    <Data Name="ProcessGuid">{aab87a56-56e1-6643-be00-001076c69405}</Data>
    <Data Name="ProcessId">6800</Data>
    <Data Name="Image">C:\Windows\System32\cleanmgr.exe</Data>
    <Data Name="FileVersion">10.0.22621.1</Data>
    <Data Name="Description">Disk Cleanup</Data>
    <Data Name="Product">Microsoft Windows Operating System</Data>
    <Data Name="Company">Microsoft Corporation</Data>
    <Data Name="OriginalFileName">cleanmgr.exe</Data>
    <Data Name="CommandLine">cleanmgr.exe /autoclean /d C:</Data>
    <Data Name="CurrentDirectory">C:\Windows\System32\</Data>
    <Data Name="User">NT AUTHORITY\SYSTEM</Data>
    <Data Name="LogonGuid">{a1bae2c4-0244-444a-9ca2-e881554d8892}</Data>
    <Data Name="LogonId">0x3e7</Data>
    <Data Name="TerminalSessionId">0</Data>
    <Data Name="IntegrityLevel">System</Data>
    <Data Name="Hashes">SHA1=F7405FC135F7F98A78983EE3672617C50D1A4CC5,MD5=AF88D2598BC1A01899415BD0B7198844,SHA256=A8FBC40DAD217ECC5E0D080ED5892D423B9AE6D172AE2789079025A94E1A7F05,IMPHASH=9F5AC06852348D83FE3CCF723AC3AEA1</Data>
    <Data Name="ParentProcessGuid">{aab87a56-d1cc-6634-3102-00103db5f5dc}</Data>
    <Data Name="ParentProcessId">5724</Data>
    <Data Name="ParentImage">C:\Windows\System32\svchost.exe</Data>
    <Data Name="ParentCommandLine">svchost.exe -k LocalSystem</Data>
    
  </EventData>
</Event>
<Event xmlns="http://schemas.microsoft.com/win/2004/08/events/event">
  <System>
    <Provider Name="Microsoft-Windows-Sysmon" Guid="{5770385f-c22a-43e0-bf4c-06f5698ffbd9}"/>
    <EventID>22</EventID>
    <Version>5</Version>
    <Level>4</Level>
    <Task>22</Task>
    <Opcode>0</Opcode>
    <Keywords>0x8000000000000000</Keywords>
    <TimeCreated SystemTime="2024-05-14T12:19:58.2763029Z"/>
    <EventRecordID>451891</EventRecordID>
    <Correlation/>
    <Execution ProcessID="2384" ThreadID="2248"/>
    <Channel>Microsoft-Windows-Sysmon/Operational</Channel>
    <Computer>WS-NKAPOOR-01.northstar-branch.local</Computer>
    <Security UserID="S-1-5-18"/>
  </System>
  <EventData>
    
    <Data Name="RuleName">-</Data>
    <Data Name="UtcTime">2024-05-14 12:19:58.276</Data>
    <Data Name="ProcessGuid">{aab87a56-d1cf-6634-3902-0000c24e8961}</Data>
    <Data Name="ProcessId">5756</Data>
    <Data Name="QueryName">DC-BO-01.northstar-branch.local</Data>
    <Data Name="QueryStatus">0</Data>
    <Data Name="QueryResults">10.44.20.10;</Data>
    <Data Name="Image">C:\Windows\System32\svchost.exe</Data>
    <Data Name="User">NT AUTHORITY\LOCAL SERVICE</Data>
    
  </EventData>
</Event>
<Event xmlns="http://schemas.microsoft.com/win/2004/08/events/event">
  <System>
    <Provider Name="Microsoft-Windows-Sysmon" Guid="{5770385f-c22a-43e0-bf4c-06f5698ffbd9}"/>
    <EventID>13</EventID>
    <Version>2</Version>
    <Level>4</Level>
    <Task>13</Task>
    <Opcode>0</Opcode>
    <Keywords>0x8000000000000000</Keywords>
    <TimeCreated SystemTime="2024-05-14T12:20:11.1931983Z"/>
    <EventRecordID>451892</EventRecordID>
    <Correlation/>
    <Execution ProcessID="2384" ThreadID="2844"/>
    <Channel>Microsoft-Windows-Sysmon/Operational</Channel>
    <Computer>WS-NKAPOOR-01.northstar-branch.local</Computer>
    <Security UserID="S-1-5-18"/>
  </System>
  <EventData>
    
    <Data Name="RuleName">-</Data>
    <Data Name="EventType">SetValue</Data>
    <Data Name="UtcTime">2024-05-14 12:20:11.193</Data>
    <Data Name="ProcessGuid">{aab87a56-d1e0-6634-8f02-0000c9c291d0}</Data>
    <Data Name="ProcessId">5896</Data>
    <Data Name="Image">C:\Windows\System32\msiexec.exe</Data>
    <Data Name="User">NT AUTHORITY\SYSTEM</Data>
    <Data Name="TargetObject">HKLM\SOFTWARE\Microsoft\Windows\CurrentVersion\Component Based Servicing\Packages\Package_for_KB5034122~31bf3856ad364e35~amd64~~10.0.22621.54\CurrentState</Data>
    <Data Name="Details">DWORD (0x00000070)</Data>
    
  </EventData>
</Event>
<Event xmlns="http://schemas.microsoft.com/win/2004/08/events/event">
  <System>
    <Provider Name="Microsoft-Windows-Sysmon" Guid="{5770385f-c22a-43e0-bf4c-06f5698ffbd9}"/>
    <EventID>10</EventID>
    <Version>3</Version>
    <Level>4</Level>
    <Task>10</Task>
    <Opcode>0</Opcode>
    <Keywords>0x8000000000000000</Keywords>
    <TimeCreated SystemTime="2024-05-14T12:20:36.8204199Z"/>
    <EventRecordID>451979</EventRecordID>
    <Correlation/>
    <Execution ProcessID="2384" ThreadID="2844"/>
    <Channel>Microsoft-Windows-Sysmon/Operational</Channel>
    <Computer>WS-NKAPOOR-01.northstar-branch.local</Computer>
    <Security UserID="S-1-5-18"/>
  </System>
  <EventData>
    
    <Data Name="RuleName">-</Data>
    <Data Name="UtcTime">2024-05-14 12:20:36.820</Data>
    <Data Name="SourceProcessGUID">{aab87a56-d1c2-6634-6e00-00100432979b}</Data>
    <Data Name="SourceProcessId">5636</Data>
    <Data Name="SourceImage">C:\Windows\System32\csrss.exe</Data>
    <Data Name="SourceThreadId">7824</Data>
    <Data Name="SourceUser">NT AUTHORITY\SYSTEM</Data>
    <Data Name="TargetProcessGUID">{aab87a56-d1c8-6634-8002-001038fe3a60}</Data>
    <Data Name="TargetProcessId">5680</Data>
    <Data Name="TargetImage">C:\Windows\System32\lsass.exe</Data>
    <Data Name="TargetUser">NT AUTHORITY\SYSTEM</Data>
    <Data Name="GrantedAccess">0x1400</Data>
    <Data Name="CallTrace">C:\Windows\SYSTEM32\ntdll.dll+9D6CB|C:\Windows\SYSTEM32\KERNELBASE.dll+2DE05|C:\Windows\SYSTEM32\wbemcomn.dll+17980</Data>
    
  </EventData>
</Event>
<Event xmlns="http://schemas.microsoft.com/win/2004/08/events/event">
  <System>
    <Provider Name="Microsoft-Windows-Sysmon" Guid="{5770385f-c22a-43e0-bf4c-06f5698ffbd9}"/>
    <EventID>10</EventID>
    <Version>3</Version>
    <Level>4</Level>
    <Task>10</Task>
    <Opcode>0</Opcode>
    <Keywords>0x8000000000000000</Keywords>
    <TimeCreated SystemTime="2024-05-14T12:23:46.1906981Z"/>
    <EventRecordID>451982</EventRecordID>
    <Correlation/>
    <Execution ProcessID="2384" ThreadID="2896"/>
    <Channel>Microsoft-Windows-Sysmon/Operational</Channel>
    <Computer>WS-NKAPOOR-01.northstar-branch.local</Computer>
    <Security UserID="S-1-5-18"/>
  </System>
  <EventData>
    
    <Data Name="RuleName">-</Data>
    <Data Name="UtcTime">2024-05-14 12:23:46.190</Data>
    <Data Name="SourceProcessGUID">{aab87a56-d1d8-6634-f800-0000ebef28d5}</Data>
    <Data Name="SourceProcessId">5804</Data>
    <Data Name="SourceImage">C:\ProgramData\Microsoft\Windows Defender\Platform\4.18.2301.6-0\MsMpEng.exe</Data>
    <Data Name="SourceThreadId">9268</Data>
    <Data Name="SourceUser">NT AUTHORITY\SYSTEM</Data>
    <Data Name="TargetProcessGUID">{aab87a56-d1c8-6634-8002-001038fe3a60}</Data>
    <Data Name="TargetProcessId">5680</Data>
    <Data Name="TargetImage">C:\Windows\System32\lsass.exe</Data>
    <Data Name="TargetUser">NT AUTHORITY\SYSTEM</Data>
    <Data Name="GrantedAccess">0x1410</Data>
    <Data Name="CallTrace">C:\Windows\SYSTEM32\ntdll.dll+9D6CB|C:\Windows\SYSTEM32\KERNELBASE.dll+2DE05|C:\Windows\SYSTEM32\wbemcomn.dll+17980</Data>
    
  </EventData>
</Event>
<Event xmlns="http://schemas.microsoft.com/win/2004/08/events/event">
  <System>
    <Provider Name="Microsoft-Windows-Sysmon" Guid="{5770385f-c22a-43e0-bf4c-06f5698ffbd9}"/>
    <EventID>3</EventID>
    <Version>5</Version>
    <Level>4</Level>
    <Task>3</Task>
    <Opcode>0</Opcode>
    <Keywords>0x8000000000000000</Keywords>
    <TimeCreated SystemTime="2024-05-14T12:24:18.9218545Z"/>
    <EventRecordID>452019</EventRecordID>
    <Correlation/>
    <Execution ProcessID="2384" ThreadID="2248"/>
    <Channel>Microsoft-Windows-Sysmon/Operational</Channel>
    <Computer>WS-NKAPOOR-01.northstar-branch.local</Computer>
    <Security UserID="S-1-5-18"/>
  </System>
  <EventData>
    
    <Data Name="RuleName">-</Data>
    <Data Name="UtcTime">2024-05-14 12:24:18.921</Data>
    <Data Name="ProcessGuid">{aab87a56-d1cd-6634-ea02-0000a314dfa6}</Data>
    <Data Name="ProcessId">5752</Data>
    <Data Name="Image">C:\Windows\System32\svchost.exe</Data>
    <Data Name="User">NT AUTHORITY\NETWORK SERVICE</Data>
    <Data Name="Protocol">tcp</Data>
    <Data Name="Initiated">true</Data>
    <Data Name="SourceIsIpv6">false</Data>
    <Data Name="SourceIp">10.44.10.24</Data>
    <Data Name="SourceHostname">WS-NKAPOOR-01.northstar-branch.local</Data>
    <Data Name="SourcePort">54876</Data>
    <Data Name="SourcePortName">-</Data>
    <Data Name="DestinationIsIpv6">false</Data>
    <Data Name="DestinationIp">10.44.30.10</Data>
    <Data Name="DestinationHostname">WEB-BO-01.northstar-branch.local</Data>
    <Data Name="DestinationPort">443</Data>
    <Data Name="DestinationPortName">https</Data>
    
  </EventData>
</Event>
<Event xmlns="http://schemas.microsoft.com/win/2004/08/events/event">
  <System>
    <Provider Name="Microsoft-Windows-Sysmon" Guid="{5770385f-c22a-43e0-bf4c-06f5698ffbd9}"/>
    <EventID>5</EventID>
    <Version>3</Version>
    <Level>4</Level>
    <Task>5</Task>
    <Opcode>0</Opcode>
    <Keywords>0x8000000000000000</Keywords>
    <TimeCreated SystemTime="2024-05-14T12:25:41.7736891Z"/>
    <EventRecordID>452021</EventRecordID>
    <Correlation/>
    <Execution ProcessID="2384" ThreadID="1176"/>
    <Channel>Microsoft-Windows-Sysmon/Operational</Channel>
    <Computer>WS-NKAPOOR-01.northstar-branch.local</Computer>
    <Security UserID="S-1-5-18"/>
  </System>
  <EventData>
    
    <Data Name="RuleName">-</Data>
    <Data Name="UtcTime">2024-05-14 12:25:41.773</Data>
    <Data Name="ProcessGuid">{aab87a56-3d56-6643-ad00-0000b8f0ed5a}</Data>
    <Data Name="ProcessId">6296</Data>
    <Data Name="Image">C:\Windows\System32\mstsc.exe</Data>
    <Data Name="User">NORTHSTAR-BRANCH\nina.kapoor</Data>
    
  </EventData>
</Event>
<Event xmlns="http://schemas.microsoft.com/win/2004/08/events/event">
  <System>
    <Provider Name="Microsoft-Windows-Sysmon" Guid="{5770385f-c22a-43e0-bf4c-06f5698ffbd9}"/>
    <EventID>22</EventID>
    <Version>5</Version>
    <Level>4</Level>
    <Task>22</Task>
    <Opcode>0</Opcode>
    <Keywords>0x8000000000000000</Keywords>
    <TimeCreated SystemTime="2024-05-14T12:25:47.9641436Z"/>
    <EventRecordID>452032</EventRecordID>
    <Correlation/>
    <Execution ProcessID="2384" ThreadID="1176"/>
    <Channel>Microsoft-Windows-Sysmon/Operational</Channel>
    <Computer>WS-NKAPOOR-01.northstar-branch.local</Computer>
    <Security UserID="S-1-5-18"/>
  </System>
  <EventData>
    
    <Data Name="RuleName">-</Data>
    <Data Name="UtcTime">2024-05-14 12:25:47.964</Data>
    <Data Name="ProcessGuid">{aab87a56-d1cf-6634-3902-0000c24e8961}</Data>
    <Data Name="ProcessId">5756</Data>
    <Data Name="QueryName">WEB-BO-01.northstar-branch.local</Data>
    <Data Name="QueryStatus">0</Data>
    <Data Name="QueryResults">10.44.30.10;</Data>
    <Data Name="Image">C:\Windows\System32\svchost.exe</Data>
    <Data Name="User">NT AUTHORITY\LOCAL SERVICE</Data>
    
  </EventData>
</Event>
<Event xmlns="http://schemas.microsoft.com/win/2004/08/events/event">
  <System>
    <Provider Name="Microsoft-Windows-Sysmon" Guid="{5770385f-c22a-43e0-bf4c-06f5698ffbd9}"/>
    <EventID>3</EventID>
    <Version>5</Version>
    <Level>4</Level>
    <Task>3</Task>
    <Opcode>0</Opcode>
    <Keywords>0x8000000000000000</Keywords>
    <TimeCreated SystemTime="2024-05-14T12:26:10.8297702Z"/>
    <EventRecordID>452033</EventRecordID>
    <Correlation/>
    <Execution ProcessID="2384" ThreadID="2248"/>
    <Channel>Microsoft-Windows-Sysmon/Operational</Channel>
    <Computer>WS-NKAPOOR-01.northstar-branch.local</Computer>
    <Security UserID="S-1-5-18"/>
  </System>
  <EventData>
    
    <Data Name="RuleName">-</Data>
    <Data Name="UtcTime">2024-05-14 12:26:10.829</Data>
    <Data Name="ProcessGuid">{aab87a56-d1cd-6634-ea02-0000a314dfa6}</Data>
    <Data Name="ProcessId">5752</Data>
    <Data Name="Image">C:\Windows\System32\svchost.exe</Data>
    <Data Name="User">NT AUTHORITY\NETWORK SERVICE</Data>
    <Data Name="Protocol">tcp</Data>
    <Data Name="Initiated">true</Data>
    <Data Name="SourceIsIpv6">false</Data>
    <Data Name="SourceIp">10.44.10.24</Data>
    <Data Name="SourceHostname">WS-NKAPOOR-01.northstar-branch.local</Data>
    <Data Name="SourcePort">64346</Data>
    <Data Name="SourcePortName">-</Data>
    <Data Name="DestinationIsIpv6">false</Data>
    <Data Name="DestinationIp">10.44.20.20</Data>
    <Data Name="DestinationHostname">FILE-BO-01.northstar-branch.local</Data>
    <Data Name="DestinationPort">445</Data>
    <Data Name="DestinationPortName">microsoft-ds</Data>
    
  </EventData>
</Event>
<Event xmlns="http://schemas.microsoft.com/win/2004/08/events/event">
  <System>
    <Provider Name="Microsoft-Windows-Sysmon" Guid="{5770385f-c22a-43e0-bf4c-06f5698ffbd9}"/>
    <EventID>13</EventID>
    <Version>2</Version>
    <Level>4</Level>
    <Task>13</Task>
    <Opcode>0</Opcode>
    <Keywords>0x8000000000000000</Keywords>
    <TimeCreated SystemTime="2024-05-14T12:26:21.0741995Z"/>
    <EventRecordID>452034</EventRecordID>
    <Correlation/>
    <Execution ProcessID="2384" ThreadID="2092"/>
    <Channel>Microsoft-Windows-Sysmon/Operational</Channel>
    <Computer>WS-NKAPOOR-01.northstar-branch.local</Computer>
    <Security UserID="S-1-5-18"/>
  </System>
  <EventData>
    
    <Data Name="RuleName">-</Data>
    <Data Name="EventType">SetValue</Data>
    <Data Name="UtcTime">2024-05-14 12:26:21.074</Data>
    <Data Name="ProcessGuid">{aab87a56-d1ea-6634-2d02-00007073e398}</Data>
    <Data Name="ProcessId">5952</Data>
    <Data Name="Image">C:\Windows\System32\RuntimeBroker.exe</Data>
    <Data Name="User">NORTHSTAR-BRANCH\nina.kapoor</Data>
    <Data Name="TargetObject">HKU\S-1-5-21-3882363548-2838386070-1334550370-1004\Software\Microsoft\Office\16.0\Word\Reading Locations\Document 9\Datetime</Data>
    <Data Name="Details">2024-05-14T11:56:57</Data>
    
  </EventData>
</Event>
<Event xmlns="http://schemas.microsoft.com/win/2004/08/events/event">
  <System>
    <Provider Name="Microsoft-Windows-Sysmon" Guid="{5770385f-c22a-43e0-bf4c-06f5698ffbd9}"/>
    <EventID>1</EventID>
    <Version>5</Version>
    <Level>4</Level>
    <Task>1</Task>
    <Opcode>0</Opcode>
    <Keywords>0x8000000000000000</Keywords>
    <TimeCreated SystemTime="2024-05-14T12:26:24.8785797Z"/>
    <EventRecordID>452040</EventRecordID>
    <Correlation/>
    <Execution ProcessID="2384" ThreadID="2248"/>
    <Channel>Microsoft-Windows-Sysmon/Operational</Channel>
    <Computer>WS-NKAPOOR-01.northstar-branch.local</Computer>
    <Security UserID="S-1-5-18"/>
  </System>
  <EventData>
    
    <Data Name="RuleName">-</Data>
    <Data Name="UtcTime">2024-05-14 12:26:24.878</Data>
    <Data Name="ProcessGuid">{aab87a56-5870-6643-ad00-000047debb5a}</Data>
    <Data Name="ProcessId">6804</Data>
    <Data Name="Image">C:\Windows\System32\MpCmdRun.exe</Data>
    <Data Name="FileVersion">4.18.2211.5</Data>
    <Data Name="Description">Microsoft Malware Protection Command Line Utility</Data>
    <Data Name="Product">Microsoft Antimalware</Data>
    <Data Name="Company">Microsoft Corporation</Data>
    <Data Name="OriginalFileName">MpCmdRun.exe</Data>
    <Data Name="CommandLine">MpCmdRun.exe -SignatureUpdate</Data>
    <Data Name="CurrentDirectory">C:\Windows\System32\</Data>
    <Data Name="User">NT AUTHORITY\SYSTEM</Data>
    <Data Name="LogonGuid">{a1bae2c4-0244-444a-9ca2-e881554d8892}</Data>
    <Data Name="LogonId">0x3e7</Data>
    <Data Name="TerminalSessionId">0</Data>
    <Data Name="IntegrityLevel">System</Data>
    <Data Name="Hashes">SHA1=F4EF00F41048EBCC93DDDD07336499E959343F58,MD5=9B838F4924D64C5DD674FED40433F836,SHA256=6D1A306334F254CECFADAFE15CFDE5758AD680D93A4AF98E6FB2064776AF6334,IMPHASH=F8F14F62C527C382581D90DAA5F1D4C5</Data>
    <Data Name="ParentProcessGuid">{aab87a56-d1c7-6634-a302-0010ff884d16}</Data>
    <Data Name="ParentProcessId">5652</Data>
    <Data Name="ParentImage">C:\Windows\System32\services.exe</Data>
    <Data Name="ParentCommandLine">services.exe</Data>
    
  </EventData>
</Event>
<Event xmlns="http://schemas.microsoft.com/win/2004/08/events/event">
  <System>
    <Provider Name="Microsoft-Windows-Sysmon" Guid="{5770385f-c22a-43e0-bf4c-06f5698ffbd9}"/>
    <EventID>5</EventID>
    <Version>3</Version>
    <Level>4</Level>
    <Task>5</Task>
    <Opcode>0</Opcode>
    <Keywords>0x8000000000000000</Keywords>
    <TimeCreated SystemTime="2024-05-14T12:26:33.9392596Z"/>
    <EventRecordID>452063</EventRecordID>
    <Correlation/>
    <Execution ProcessID="2384" ThreadID="1176"/>
    <Channel>Microsoft-Windows-Sysmon/Operational</Channel>
    <Computer>WS-NKAPOOR-01.northstar-branch.local</Computer>
    <Security UserID="S-1-5-18"/>
  </System>
  <EventData>
    
    <Data Name="RuleName">-</Data>
    <Data Name="UtcTime">2024-05-14 12:26:33.939</Data>
    <Data Name="ProcessGuid">{aab87a56-5870-6643-ad00-000047debb5a}</Data>
    <Data Name="ProcessId">6804</Data>
    <Data Name="Image">C:\Windows\System32\MpCmdRun.exe</Data>
    <Data Name="User">NT AUTHORITY\SYSTEM</Data>
    
  </EventData>
</Event>
<Event xmlns="http://schemas.microsoft.com/win/2004/08/events/event">
  <System>
    <Provider Name="Microsoft-Windows-Sysmon" Guid="{5770385f-c22a-43e0-bf4c-06f5698ffbd9}"/>
    <EventID>5</EventID>
    <Version>3</Version>
    <Level>4</Level>
    <Task>5</Task>
    <Opcode>0</Opcode>
    <Keywords>0x8000000000000000</Keywords>
    <TimeCreated SystemTime="2024-05-14T12:31:11.5842543Z"/>
    <EventRecordID>452099</EventRecordID>
    <Correlation/>
    <Execution ProcessID="2384" ThreadID="2092"/>
    <Channel>Microsoft-Windows-Sysmon/Operational</Channel>
    <Computer>WS-NKAPOOR-01.northstar-branch.local</Computer>
    <Security UserID="S-1-5-18"/>
  </System>
  <EventData>
    
    <Data Name="RuleName">-</Data>
    <Data Name="UtcTime">2024-05-14 12:31:11.584</Data>
    <Data Name="ProcessGuid">{aab87a56-5188-6643-8b00-000085bd65c5}</Data>
    <Data Name="ProcessId">6628</Data>
    <Data Name="Image">C:\Windows\System32\mmc.exe</Data>
    <Data Name="User">NORTHSTAR-BRANCH\nina.kapoor</Data>
    
  </EventData>
</Event>
