<Event xmlns="http://schemas.microsoft.com/win/2004/08/events/event">
  <System>
    <Provider Name="Microsoft-Windows-Sysmon" Guid="{5770385f-c22a-43e0-bf4c-06f5698ffbd9}"/>
    <EventID>1</EventID>
    <Version>5</Version>
    <Level>4</Level>
    <Task>1</Task>
    <Opcode>0</Opcode>
    <Keywords>0x8000000000000000</Keywords>
    <TimeCreated SystemTime="2024-05-14T15:51:27.7949321Z"/>
    <EventRecordID>461106</EventRecordID>
    <Correlation/>
    <Execution ProcessID="2384" ThreadID="2248"/>
    <Channel>Microsoft-Windows-Sysmon/Operational</Channel>
    <Computer>WS-NKAPOOR-01.northstar-branch.local</Computer>
    <Security UserID="S-1-5-18"/>
  </System>
  <EventData>
    
    <Data Name="RuleName">-</Data>
    <Data Name="UtcTime">2024-05-14 15:51:27.794</Data>
    <Data Name="ProcessGuid">{aab87a56-887f-6643-d100-000075395b71}</Data>
    <Data Name="ProcessId">7520</Data>
    <Data Name="Image">C:\Windows\System32\taskhostw.exe</Data>
    <Data Name="FileVersion">10.0.22621.1</Data>
    <Data Name="Description">Host Process for Windows Tasks</Data>
    <Data Name="Product">Microsoft Windows Operating System</Data>
    <Data Name="Company">Microsoft Corporation</Data>
    <Data Name="OriginalFileName">taskhostw.exe</Data>
    <Data Name="CommandLine">taskhostw.exe</Data>
    <Data Name="CurrentDirectory">C:\Windows\System32\</Data>
    <Data Name="User">NT AUTHORITY\SYSTEM</Data>
    <Data Name="LogonGuid">{a1bae2c4-0244-444a-9ca2-e881554d8892}</Data>
    <Data Name="LogonId">0x3e7</Data>
    <Data Name="TerminalSessionId">0</Data>
    <Data Name="IntegrityLevel">System</Data>
    <Data Name="Hashes">SHA1=43D2778A530C049762799D2A49B4003FE63197E8,MD5=9CBB25D7316E690FD9A7B5A94FE435BA,SHA256=20F9EA7819597F0D2417814292A93F7DA3C7C772624D93C8D2EBBDEBEFCA7FBA,IMPHASH=6665061B5B72EBC3024E458910E50591</Data>
    <Data Name="ParentProcessGuid">{aab87a56-d1cc-6634-3102-00103db5f5dc}</Data>
    <Data Name="ParentProcessId">5724</Data>
    <Data Name="ParentImage">C:\Windows\System32\svchost.exe</Data>
    <Data Name="ParentCommandLine">svchost.exe -k LocalSystem</Data>
    
  </EventData>
</Event>
<Event xmlns="http://schemas.microsoft.com/win/2004/08/events/event">
  <System>
    <Provider Name="Microsoft-Windows-Sysmon" Guid="{5770385f-c22a-43e0-bf4c-06f5698ffbd9}"/>
    <EventID>3</EventID>
    <Version>5</Version>
    <Level>4</Level>
    <Task>3</Task>
    <Opcode>0</Opcode>
    <Keywords>0x8000000000000000</Keywords>
    <TimeCreated SystemTime="2024-05-14T15:51:35.0342491Z"/>
    <EventRecordID>461107</EventRecordID>
    <Correlation/>
    <Execution ProcessID="2384" ThreadID="2092"/>
    <Channel>Microsoft-Windows-Sysmon/Operational</Channel>
    <Computer>WS-NKAPOOR-01.northstar-branch.local</Computer>
    <Security UserID="S-1-5-18"/>
  </System>
  <EventData>
    
    <Data Name="RuleName">-</Data>
    <Data Name="UtcTime">2024-05-14 15:51:35.034</Data>
    <Data Name="ProcessGuid">{aab87a56-d1c8-6634-8002-001038fe3a60}</Data>
    <Data Name="ProcessId">5680</Data>
    <Data Name="Image">C:\Windows\System32\lsass.exe</Data>
    <Data Name="User">NT AUTHORITY\SYSTEM</Data>
    <Data Name="Protocol">udp</Data>
    <Data Name="Initiated">true</Data>
    <Data Name="SourceIsIpv6">false</Data>
    <Data Name="SourceIp">10.44.10.24</Data>
    <Data Name="SourceHostname">WS-NKAPOOR-01.northstar-branch.local</Data>
    <Data Name="SourcePort">50876</Data>
    <Data Name="SourcePortName">-</Data>
    <Data Name="DestinationIsIpv6">false</Data>
    <Data Name="DestinationIp">10.44.20.10</Data>
    <Data Name="DestinationHostname">DC-BO-01.northstar-branch.local</Data>
    <Data Name="DestinationPort">88</Data>
    <Data Name="DestinationPortName">kerberos</Data>
    
  </EventData>
</Event>
<Event xmlns="http://schemas.microsoft.com/win/2004/08/events/event">
  <System>
    <Provider Name="Microsoft-Windows-Sysmon" Guid="{5770385f-c22a-43e0-bf4c-06f5698ffbd9}"/>
    <EventID>1</EventID>
    <Version>5</Version>
    <Level>4</Level>
    <Task>1</Task>
    <Opcode>0</Opcode>
    <Keywords>0x8000000000000000</Keywords>
    <TimeCreated SystemTime="2024-05-14T15:51:47.1292343Z"/>
    <EventRecordID>461205</EventRecordID>
    <Correlation/>
    <Execution ProcessID="2384" ThreadID="2248"/>
    <Channel>Microsoft-Windows-Sysmon/Operational</Channel>
    <Computer>WS-NKAPOOR-01.northstar-branch.local</Computer>
    <Security UserID="S-1-5-18"/>
  </System>
  <EventData>
    
    <Data Name="RuleName">-</Data>
    <Data Name="UtcTime">2024-05-14 15:51:47.129</Data>
    <Data Name="ProcessGuid">{aab87a56-8893-6643-0600-0000545d81be}</Data>
    <Data Name="ProcessId">7572</Data>
    <Data Name="Image">C:\Windows\System32\WindowsPowerShell\v1.0\powershell.exe</Data>
    <Data Name="FileVersion">10.0.22621.1</Data>
    <Data Name="Description">Windows PowerShell</Data>
    <Data Name="Product">Microsoft Windows Operating System</Data>
    <Data Name="Company">Microsoft Corporation</Data>
    <Data Name="OriginalFileName">PowerShell.EXE</Data>
    <Data Name="CommandLine">powershell.exe -WindowStyle Hidden -Command "Get-WinEvent -LogName Security -MaxEvents 500 | Export-Csv C:\Reports\incident.csv"</Data>
    <Data Name="CurrentDirectory">c:\windows\</Data>
    <Data Name="User">NORTHSTAR-BRANCH\nina.kapoor</Data>
    <Data Name="LogonGuid">{00000000-0000-0000-0000-000000000000}</Data>
    <Data Name="LogonId">0x837e3d1</Data>
    <Data Name="TerminalSessionId">1</Data>
    <Data Name="IntegrityLevel">Medium</Data>
    <Data Name="Hashes">SHA1=74807298BB026542B177B40CEC0B2D64D5238D09,MD5=EEACC5305C17D7F9E330B33280A27AC5,SHA256=8A59DE82B9F4AD767B08A19B8F47E045B6E82C53F55A422FE0CE860BA3A9470A,IMPHASH=9E37895148BCA2306FCE4BCB0E51C310</Data>
    <Data Name="ParentProcessGuid">{aab87a56-3d55-6643-1900-00003d677e83}</Data>
    <Data Name="ParentProcessId">6292</Data>
    <Data Name="ParentImage">C:\Windows\explorer.exe</Data>
    <Data Name="ParentCommandLine">explorer.exe</Data>
    
  </EventData>
</Event>
<Event xmlns="http://schemas.microsoft.com/win/2004/08/events/event">
  <System>
    <Provider Name="Microsoft-Windows-Sysmon" Guid="{5770385f-c22a-43e0-bf4c-06f5698ffbd9}"/>
    <EventID>5</EventID>
    <Version>3</Version>
    <Level>4</Level>
    <Task>5</Task>
    <Opcode>0</Opcode>
    <Keywords>0x8000000000000000</Keywords>
    <TimeCreated SystemTime="2024-05-14T15:51:50.6893622Z"/>
    <EventRecordID>461225</EventRecordID>
    <Correlation/>
    <Execution ProcessID="2384" ThreadID="2248"/>
    <Channel>Microsoft-Windows-Sysmon/Operational</Channel>
    <Computer>WS-NKAPOOR-01.northstar-branch.local</Computer>
    <Security UserID="S-1-5-18"/>
  </System>
  <EventData>
    
    <Data Name="RuleName">-</Data>
    <Data Name="UtcTime">2024-05-14 15:51:50.689</Data>
    <Data Name="ProcessGuid">{aab87a56-8893-6643-0600-0000545d81be}</Data>
    <Data Name="ProcessId">7572</Data>
    <Data Name="Image">C:\Windows\System32\WindowsPowerShell\v1.0\powershell.exe</Data>
    <Data Name="User">NORTHSTAR-BRANCH\nina.kapoor</Data>
    
  </EventData>
</Event>
<Event xmlns="http://schemas.microsoft.com/win/2004/08/events/event">
  <System>
    <Provider Name="Microsoft-Windows-Sysmon" Guid="{5770385f-c22a-43e0-bf4c-06f5698ffbd9}"/>
    <EventID>5</EventID>
    <Version>3</Version>
    <Level>4</Level>
    <Task>5</Task>
    <Opcode>0</Opcode>
    <Keywords>0x8000000000000000</Keywords>
    <TimeCreated SystemTime="2024-05-14T15:52:03.9704345Z"/>
    <EventRecordID>461226</EventRecordID>
    <Correlation/>
    <Execution ProcessID="2384" ThreadID="2896"/>
    <Channel>Microsoft-Windows-Sysmon/Operational</Channel>
    <Computer>WS-NKAPOOR-01.northstar-branch.local</Computer>
    <Security UserID="S-1-5-18"/>
  </System>
  <EventData>
    
    <Data Name="RuleName">-</Data>
    <Data Name="UtcTime">2024-05-14 15:52:03.970</Data>
    <Data Name="ProcessGuid">{aab87a56-8311-6643-6600-001030275085}</Data>
    <Data Name="ProcessId">7472</Data>
    <Data Name="Image">C:\Program Files\Palo Alto Networks\GlobalProtect\PanGPS.exe</Data>
    <Data Name="User">NT AUTHORITY\SYSTEM</Data>
    
  </EventData>
</Event>
<Event xmlns="http://schemas.microsoft.com/win/2004/08/events/event">
  <System>
    <Provider Name="Microsoft-Windows-Sysmon" Guid="{5770385f-c22a-43e0-bf4c-06f5698ffbd9}"/>
    <EventID>3</EventID>
    <Version>5</Version>
    <Level>4</Level>
    <Task>3</Task>
    <Opcode>0</Opcode>
    <Keywords>0x8000000000000000</Keywords>
    <TimeCreated SystemTime="2024-05-14T15:52:12.0313775Z"/>
    <EventRecordID>461254</EventRecordID>
    <Correlation/>
    <Execution ProcessID="2384" ThreadID="2092"/>
    <Channel>Microsoft-Windows-Sysmon/Operational</Channel>
    <Computer>WS-NKAPOOR-01.northstar-branch.local</Computer>
    <Security UserID="S-1-5-18"/>
  </System>
  <EventData>
    
    <Data Name="RuleName">-</Data>
    <Data Name="UtcTime">2024-05-14 15:52:12.031</Data>
    <Data Name="ProcessGuid">{aab87a56-d1cd-6634-ea02-0000a314dfa6}</Data>
    <Data Name="ProcessId">5752</Data>
    <Data Name="Image">C:\Windows\System32\svchost.exe</Data>
    <Data Name="User">NT AUTHORITY\NETWORK SERVICE</Data>
    <Data Name="Protocol">tcp</Data>
    <Data Name="Initiated">true</Data>
    <Data Name="SourceIsIpv6">false</Data>
    <Data Name="SourceIp">10.44.10.24</Data>
    <Data Name="SourceHostname">WS-NKAPOOR-01.northstar-branch.local</Data>
    <Data Name="SourcePort">59910</Data>
    <Data Name="SourcePortName">-</Data>
    <Data Name="DestinationIsIpv6">false</Data>
    <Data Name="DestinationIp">10.44.20.20</Data>
    <Data Name="DestinationHostname">FILE-BO-01.northstar-branch.local</Data>
    <Data Name="DestinationPort">445</Data>
    <Data Name="DestinationPortName">microsoft-ds</Data>
    
  </EventData>
</Event>
<Event xmlns="http://schemas.microsoft.com/win/2004/08/events/event">
  <System>
    <Provider Name="Microsoft-Windows-Sysmon" Guid="{5770385f-c22a-43e0-bf4c-06f5698ffbd9}"/>
    <EventID>7</EventID>
    <Version>3</Version>
    <Level>4</Level>
    <Task>7</Task>
    <Opcode>0</Opcode>
    <Keywords>0x8000000000000000</Keywords>
    <TimeCreated SystemTime="2024-05-14T15:52:24.9824035Z"/>
    <EventRecordID>461255</EventRecordID>
    <Correlation/>
    <Execution ProcessID="2384" ThreadID="2844"/>
    <Channel>Microsoft-Windows-Sysmon/Operational</Channel>
    <Computer>WS-NKAPOOR-01.northstar-branch.local</Computer>
    <Security UserID="S-1-5-18"/>
  </System>
  <EventData>
    
    <Data Name="RuleName">-</Data>
    <Data Name="UtcTime">2024-05-14 15:52:24.982</Data>
    <Data Name="ProcessGuid">{aab87a56-6b1f-6643-bb00-001085288635}</Data>
    <Data Name="ProcessId">7008</Data>
    <Data Name="Image">C:\Program Files\Palo Alto Networks\GlobalProtect\PanGPS.exe</Data>
    <Data Name="ImageLoaded">C:\Program Files\Palo Alto Networks\GlobalProtect\PanGpHip.dll</Data>
    <Data Name="FileVersion">6.2.3.123</Data>
    <Data Name="Description">GlobalProtect HIP</Data>
    <Data Name="Product">GlobalProtect</Data>
    <Data Name="Company">Palo Alto Networks, Inc.</Data>
    <Data Name="OriginalFileName">PanGpHip.dll</Data>
    <Data Name="Hashes">SHA1=F4622801ACB452FA33AF075342F7FDDEC7D991C3,MD5=976798A011542C96D6E71180804662B3,SHA256=2DDB024F97E7F67246320F8B70D15DCAACAA1FD4F4D062809BCD95164310F051,IMPHASH=6574D178B8CDF19E4278AB88C1FA4F3A</Data>
    <Data Name="Signed">true</Data>
    <Data Name="Signature">Palo Alto Networks, Inc.</Data>
    <Data Name="SignatureStatus">Valid</Data>
    
  </EventData>
</Event>
<Event xmlns="http://schemas.microsoft.com/win/2004/08/events/event">
  <System>
    <Provider Name="Microsoft-Windows-Sysmon" Guid="{5770385f-c22a-43e0-bf4c-06f5698ffbd9}"/>
    <EventID>5</EventID>
    <Version>3</Version>
    <Level>4</Level>
    <Task>5</Task>
    <Opcode>0</Opcode>
    <Keywords>0x8000000000000000</Keywords>
    <TimeCreated SystemTime="2024-05-14T15:52:27.3981273Z"/>
    <EventRecordID>461256</EventRecordID>
    <Correlation/>
    <Execution ProcessID="2384" ThreadID="1176"/>
    <Channel>Microsoft-Windows-Sysmon/Operational</Channel>
    <Computer>WS-NKAPOOR-01.northstar-branch.local</Computer>
    <Security UserID="S-1-5-18"/>
  </System>
  <EventData>
    
    <Data Name="RuleName">-</Data>
    <Data Name="UtcTime">2024-05-14 15:52:27.398</Data>
    <Data Name="ProcessGuid">{aab87a56-4d03-6643-0100-00103e20fe88}</Data>
    <Data Name="ProcessId">6524</Data>
    <Data Name="Image">C:\Windows\System32\spoolsv.exe</Data>
    <Data Name="User">NT AUTHORITY\SYSTEM</Data>
    
  </EventData>
</Event>
<Event xmlns="http://schemas.microsoft.com/win/2004/08/events/event">
  <System>
    <Provider Name="Microsoft-Windows-Sysmon" Guid="{5770385f-c22a-43e0-bf4c-06f5698ffbd9}"/>
    <EventID>5</EventID>
    <Version>3</Version>
    <Level>4</Level>
    <Task>5</Task>
    <Opcode>0</Opcode>
    <Keywords>0x8000000000000000</Keywords>
    <TimeCreated SystemTime="2024-05-14T15:52:49.7948807Z"/>
    <EventRecordID>461257</EventRecordID>
    <Correlation/>
    <Execution ProcessID="2384" ThreadID="2896"/>
    <Channel>Microsoft-Windows-Sysmon/Operational</Channel>
    <Computer>WS-NKAPOOR-01.northstar-branch.local</Computer>
    <Security UserID="S-1-5-18"/>
  </System>
  <EventData>
    
    <Data Name="RuleName">-</Data>
    <Data Name="UtcTime">2024-05-14 15:52:49.794</Data>
    <Data Name="ProcessGuid">{aab87a56-6b1f-6643-bb00-001085288635}</Data>
    <Data Name="ProcessId">7008</Data>
    <Data Name="Image">C:\Program Files\Palo Alto Networks\GlobalProtect\PanGPS.exe</Data>
    <Data Name="User">NT AUTHORITY\SYSTEM</Data>
    
  </EventData>
</Event>
<Event xmlns="http://schemas.microsoft.com/win/2004/08/events/event">
  <System>
    <Provider Name="Microsoft-Windows-Sysmon" Guid="{5770385f-c22a-43e0-bf4c-06f5698ffbd9}"/>
    <EventID>3</EventID>
    <Version>5</Version>
    <Level>4</Level>
    <Task>3</Task>
    <Opcode>0</Opcode>
    <Keywords>0x8000000000000000</Keywords>
    <TimeCreated SystemTime="2024-05-14T15:52:49.9466517Z"/>
    <EventRecordID>461969</EventRecordID>
    <Correlation/>
    <Execution ProcessID="2384" ThreadID="1176"/>
    <Channel>Microsoft-Windows-Sysmon/Operational</Channel>
    <Computer>WS-NKAPOOR-01.northstar-branch.local</Computer>
    <Security UserID="S-1-5-18"/>
  </System>
  <EventData>
    
    <Data Name="RuleName">-</Data>
    <Data Name="UtcTime">2024-05-14 15:52:49.946</Data>
    <Data Name="ProcessGuid">{aab87a56-d1cd-6634-ea02-0000a314dfa6}</Data>
    <Data Name="ProcessId">5752</Data>
    <Data Name="Image">C:\Windows\System32\svchost.exe</Data>
    <Data Name="User">NT AUTHORITY\NETWORK SERVICE</Data>
    <Data Name="Protocol">tcp</Data>
    <Data Name="Initiated">true</Data>
    <Data Name="SourceIsIpv6">false</Data>
    <Data Name="SourceIp">10.44.10.24</Data>
    <Data Name="SourceHostname">WS-NKAPOOR-01.northstar-branch.local</Data>
    <Data Name="SourcePort">58178</Data>
    <Data Name="SourcePortName">-</Data>
    <Data Name="DestinationIsIpv6">false</Data>
    <Data Name="DestinationIp">10.44.20.20</Data>
    <Data Name="DestinationHostname">FILE-BO-01.northstar-branch.local</Data>
    <Data Name="DestinationPort">445</Data>
    <Data Name="DestinationPortName">microsoft-ds</Data>
    
  </EventData>
</Event>
<Event xmlns="http://schemas.microsoft.com/win/2004/08/events/event">
  <System>
    <Provider Name="Microsoft-Windows-Sysmon" Guid="{5770385f-c22a-43e0-bf4c-06f5698ffbd9}"/>
    <EventID>5</EventID>
    <Version>3</Version>
    <Level>4</Level>
    <Task>5</Task>
    <Opcode>0</Opcode>
    <Keywords>0x8000000000000000</Keywords>
    <TimeCreated SystemTime="2024-05-14T15:52:55.7402608Z"/>
    <EventRecordID>461994</EventRecordID>
    <Correlation/>
    <Execution ProcessID="2384" ThreadID="2896"/>
    <Channel>Microsoft-Windows-Sysmon/Operational</Channel>
    <Computer>WS-NKAPOOR-01.northstar-branch.local</Computer>
    <Security UserID="S-1-5-18"/>
  </System>
  <EventData>
    
    <Data Name="RuleName">-</Data>
    <Data Name="UtcTime">2024-05-14 15:52:55.740</Data>
    <Data Name="ProcessGuid">{aab87a56-6f24-6643-9902-0010730db0c0}</Data>
    <Data Name="ProcessId">7348</Data>
    <Data Name="Image">C:\Windows\System32\mstsc.exe</Data>
    <Data Name="User">NORTHSTAR-BRANCH\nina.kapoor</Data>
    
  </EventData>
</Event>
<Event xmlns="http://schemas.microsoft.com/win/2004/08/events/event">
  <System>
    <Provider Name="Microsoft-Windows-Sysmon" Guid="{5770385f-c22a-43e0-bf4c-06f5698ffbd9}"/>
    <EventID>7</EventID>
    <Version>3</Version>
    <Level>4</Level>
    <Task>7</Task>
    <Opcode>0</Opcode>
    <Keywords>0x8000000000000000</Keywords>
    <TimeCreated SystemTime="2024-05-14T15:57:02.3368166Z"/>
    <EventRecordID>461999</EventRecordID>
    <Correlation/>
    <Execution ProcessID="2384" ThreadID="2844"/>
    <Channel>Microsoft-Windows-Sysmon/Operational</Channel>
    <Computer>WS-NKAPOOR-01.northstar-branch.local</Computer>
    <Security UserID="S-1-5-18"/>
  </System>
  <EventData>
    
    <Data Name="RuleName">-</Data>
    <Data Name="UtcTime">2024-05-14 15:57:02.336</Data>
    <Data Name="ProcessGuid">{aab87a56-4fdf-6643-8c00-00009f8661f4}</Data>
    <Data Name="ProcessId">6648</Data>
    <Data Name="Image">C:\Program Files\Google\Chrome\Application\chrome.exe</Data>
    <Data Name="ImageLoaded">C:\Program Files\Google\Chrome\Application\121.0.6167.185\chrome_elf.dll</Data>
    <Data Name="FileVersion">120.0.6099.225</Data>
    <Data Name="Description">Google Chrome ELF</Data>
    <Data Name="Product">Google Chrome</Data>
    <Data Name="Company">Google LLC</Data>
    <Data Name="OriginalFileName">chrome_elf.dll</Data>
    <Data Name="Hashes">SHA1=EAB018A9859C8ABC69482F1111CF8FA2D5FE7638,MD5=FB0A03708172F475D18B662D5A93DD0B,SHA256=17FE9E6AEE70132CFD06F5A0ADFE8E876731B67A69F0BAE621E08A62C5C975A0,IMPHASH=1C0DE2FA37B208C515D424375E28531A</Data>
    <Data Name="Signed">true</Data>
    <Data Name="Signature">Google LLC</Data>
    <Data Name="SignatureStatus">Valid</Data>
    
  </EventData>
</Event>
<Event xmlns="http://schemas.microsoft.com/win/2004/08/events/event">
  <System>
    <Provider Name="Microsoft-Windows-Sysmon" Guid="{5770385f-c22a-43e0-bf4c-06f5698ffbd9}"/>
    <EventID>1</EventID>
    <Version>5</Version>
    <Level>4</Level>
    <Task>1</Task>
    <Opcode>0</Opcode>
    <Keywords>0x8000000000000000</Keywords>
    <TimeCreated SystemTime="2024-05-14T15:57:50.4229787Z"/>
    <EventRecordID>462001</EventRecordID>
    <Correlation/>
    <Execution ProcessID="2384" ThreadID="2248"/>
    <Channel>Microsoft-Windows-Sysmon/Operational</Channel>
    <Computer>WS-NKAPOOR-01.northstar-branch.local</Computer>
    <Security UserID="S-1-5-18"/>
  </System>
  <EventData>
    
    <Data Name="RuleName">-</Data>
    <Data Name="UtcTime">2024-05-14 15:57:50.422</Data>
    <Data Name="ProcessGuid">{aab87a56-89fe-6643-1902-0010edb142b4}</Data>
    <Data Name="ProcessId">7564</Data>
    <Data Name="Image">C:\Windows\System32\mmc.exe</Data>
    <Data Name="FileVersion">10.0.22621.1</Data>
    <Data Name="Description">Microsoft Management Console</Data>
    <Data Name="Product">Microsoft Windows Operating System</Data>
    <Data Name="Company">Microsoft Corporation</Data>
    <Data Name="OriginalFileName">mmc.exe</Data>
    <Data Name="CommandLine">"C:\Windows\System32\mmc.exe" "C:\Windows\System32\dsa.msc"</Data>
    <Data Name="CurrentDirectory">C:\Windows\System32\</Data>
    <Data Name="User">NORTHSTAR-BRANCH\nina.kapoor</Data>
    <Data Name="LogonGuid">{00000000-0000-0000-0000-000000000000}</Data>
    <Data Name="LogonId">0x837e3d1</Data>
    <Data Name="TerminalSessionId">1</Data>
    <Data Name="IntegrityLevel">High</Data>
    <Data Name="Hashes">SHA1=C6F84880D54C731CE82C06C939D0E5A109210B8C,MD5=BCB299EE85364A9A97AC919C88BCEF6B,SHA256=B46F547287A4822027B49FBC85C53611E5DB881D417BEDDB85FF01E04D2E05E3,IMPHASH=A2FE9D74313BE66A7E7ED19A6DCAE5C5</Data>
    <Data Name="ParentProcessGuid">{aab87a56-3d55-6643-1900-00003d677e83}</Data>
    <Data Name="ParentProcessId">6292</Data>
    <Data Name="ParentImage">C:\Windows\explorer.exe</Data>
    <Data Name="ParentCommandLine">explorer.exe</Data>
    
  </EventData>
</Event>
<Event xmlns="http://schemas.microsoft.com/win/2004/08/events/event">
  <System>
    <Provider Name="Microsoft-Windows-Sysmon" Guid="{5770385f-c22a-43e0-bf4c-06f5698ffbd9}"/>
    <EventID>3</EventID>
    <Version>5</Version>
    <Level>4</Level>
    <Task>3</Task>
    <Opcode>0</Opcode>
    <Keywords>0x8000000000000000</Keywords>
    <TimeCreated SystemTime="2024-05-14T15:57:53.0626314Z"/>
    <EventRecordID>462002</EventRecordID>
    <Correlation/>
    <Execution ProcessID="2384" ThreadID="2248"/>
    <Channel>Microsoft-Windows-Sysmon/Operational</Channel>
    <Computer>WS-NKAPOOR-01.northstar-branch.local</Computer>
    <Security UserID="S-1-5-18"/>
  </System>
  <EventData>
    
    <Data Name="RuleName">-</Data>
    <Data Name="UtcTime">2024-05-14 15:57:53.062</Data>
    <Data Name="ProcessGuid">{aab87a56-89fe-6643-1902-0010edb142b4}</Data>
    <Data Name="ProcessId">7564</Data>
    <Data Name="Image">C:\Windows\System32\mmc.exe</Data>
    <Data Name="User">NORTHSTAR-BRANCH\nina.kapoor</Data>
    <Data Name="Protocol">tcp</Data>
    <Data Name="Initiated">true</Data>
    <Data Name="SourceIsIpv6">false</Data>
    <Data Name="SourceIp">10.44.10.24</Data>
    <Data Name="SourceHostname">WS-NKAPOOR-01.northstar-branch.local</Data>
    <Data Name="SourcePort">50864</Data>
    <Data Name="SourcePortName">-</Data>
    <Data Name="DestinationIsIpv6">false</Data>
    <Data Name="DestinationIp">10.44.20.10</Data>
    <Data Name="DestinationHostname">DC-BO-01.northstar-branch.local</Data>
    <Data Name="DestinationPort">389</Data>
    <Data Name="DestinationPortName">ldap</Data>
    
  </EventData>
</Event>
<Event xmlns="http://schemas.microsoft.com/win/2004/08/events/event">
  <System>
    <Provider Name="Microsoft-Windows-Sysmon" Guid="{5770385f-c22a-43e0-bf4c-06f5698ffbd9}"/>
    <EventID>3</EventID>
    <Version>5</Version>
    <Level>4</Level>
    <Task>3</Task>
    <Opcode>0</Opcode>
    <Keywords>0x8000000000000000</Keywords>
    <TimeCreated SystemTime="2024-05-14T15:57:53.4342566Z"/>
    <EventRecordID>462003</EventRecordID>
    <Correlation/>
    <Execution ProcessID="2384" ThreadID="2248"/>
    <Channel>Microsoft-Windows-Sysmon/Operational</Channel>
    <Computer>WS-NKAPOOR-01.northstar-branch.local</Computer>
    <Security UserID="S-1-5-18"/>
  </System>
  <EventData>
    
    <Data Name="RuleName">-</Data>
    <Data Name="UtcTime">2024-05-14 15:57:53.434</Data>
    <Data Name="ProcessGuid">{aab87a56-89fe-6643-1902-0010edb142b4}</Data>
    <Data Name="ProcessId">7564</Data>
    <Data Name="Image">C:\Windows\System32\mmc.exe</Data>
    <Data Name="User">NORTHSTAR-BRANCH\nina.kapoor</Data>
    <Data Name="Protocol">tcp</Data>
    <Data Name="Initiated">true</Data>
    <Data Name="SourceIsIpv6">false</Data>
    <Data Name="SourceIp">10.44.10.24</Data>
    <Data Name="SourceHostname">WS-NKAPOOR-01.northstar-branch.local</Data>
    <Data Name="SourcePort">60642</Data>
    <Data Name="SourcePortName">-</Data>
    <Data Name="DestinationIsIpv6">false</Data>
    <Data Name="DestinationIp">10.44.20.10</Data>
    <Data Name="DestinationHostname">DC-BO-01.northstar-branch.local</Data>
    <Data Name="DestinationPort">135</Data>
    <Data Name="DestinationPortName">epmap</Data>
    
  </EventData>
</Event>
<Event xmlns="http://schemas.microsoft.com/win/2004/08/events/event">
  <System>
    <Provider Name="Microsoft-Windows-Sysmon" Guid="{5770385f-c22a-43e0-bf4c-06f5698ffbd9}"/>
    <EventID>13</EventID>
    <Version>2</Version>
    <Level>4</Level>
    <Task>13</Task>
    <Opcode>0</Opcode>
    <Keywords>0x8000000000000000</Keywords>
    <TimeCreated SystemTime="2024-05-14T15:58:35.8263168Z"/>
    <EventRecordID>462004</EventRecordID>
    <Correlation/>
    <Execution ProcessID="2384" ThreadID="2896"/>
    <Channel>Microsoft-Windows-Sysmon/Operational</Channel>
    <Computer>WS-NKAPOOR-01.northstar-branch.local</Computer>
    <Security UserID="S-1-5-18"/>
  </System>
  <EventData>
    
    <Data Name="RuleName">-</Data>
    <Data Name="EventType">SetValue</Data>
    <Data Name="UtcTime">2024-05-14 15:58:35.826</Data>
    <Data Name="ProcessGuid">{aab87a56-d1e8-6634-fa02-00003f48bc4c}</Data>
    <Data Name="ProcessId">5948</Data>
    <Data Name="Image">C:\Windows\explorer.exe</Data>
    <Data Name="User">NORTHSTAR-BRANCH\nina.kapoor</Data>
    <Data Name="TargetObject">HKU\S-1-5-21-3882363548-2838386070-1334550370-1004\Software\Microsoft\Windows\CurrentVersion\Explorer\UserAssist\{CEBFF5CD-ACE2-4F4F-9178-9926F41749EA}\Count\HRZR_EHACNGU:P:\Jvaqbjf\Flfgrz32\zfgfp.rkr</Data>
    <Data Name="Details">AF 53 DD AE 5F A0 94 C0 63 65 8B 5B 07 3B 21 42 A4 2B EB D9 12 53 81 0C B2 70 B9 E1 19 79 7A 08</Data>
    
  </EventData>
</Event>
<Event xmlns="http://schemas.microsoft.com/win/2004/08/events/event">
  <System>
    <Provider Name="Microsoft-Windows-Sysmon" Guid="{5770385f-c22a-43e0-bf4c-06f5698ffbd9}"/>
    <EventID>5</EventID>
    <Version>3</Version>
    <Level>4</Level>
    <Task>5</Task>
    <Opcode>0</Opcode>
    <Keywords>0x8000000000000000</Keywords>
    <TimeCreated SystemTime="2024-05-14T15:59:16.2022418Z"/>
    <EventRecordID>462006</EventRecordID>
    <Correlation/>
    <Execution ProcessID="2384" ThreadID="2248"/>
    <Channel>Microsoft-Windows-Sysmon/Operational</Channel>
    <Computer>WS-NKAPOOR-01.northstar-branch.local</Computer>
    <Security UserID="S-1-5-18"/>
  </System>
  <EventData>
    
    <Data Name="RuleName">-</Data>
    <Data Name="UtcTime">2024-05-14 15:59:16.202</Data>
    <Data Name="ProcessGuid">{aab87a56-7b7b-6643-2002-00103e9a29dd}</Data>
    <Data Name="ProcessId">7360</Data>
    <Data Name="Image">C:\Windows\System32\mstsc.exe</Data>
    <Data Name="User">NORTHSTAR-BRANCH\nina.kapoor</Data>
    
  </EventData>
</Event>
<Event xmlns="http://schemas.microsoft.com/win/2004/08/events/event">
  <System>
    <Provider Name="Microsoft-Windows-Sysmon" Guid="{5770385f-c22a-43e0-bf4c-06f5698ffbd9}"/>
    <EventID>5</EventID>
    <Version>3</Version>
    <Level>4</Level>
    <Task>5</Task>
    <Opcode>0</Opcode>
    <Keywords>0x8000000000000000</Keywords>
    <TimeCreated SystemTime="2024-05-14T15:59:40.7315401Z"/>
    <EventRecordID>462007</EventRecordID>
    <Correlation/>
    <Execution ProcessID="2384" ThreadID="2248"/>
    <Channel>Microsoft-Windows-Sysmon/Operational</Channel>
    <Computer>WS-NKAPOOR-01.northstar-branch.local</Computer>
    <Security UserID="S-1-5-18"/>
  </System>
  <EventData>
    
    <Data Name="RuleName">-</Data>
    <Data Name="UtcTime">2024-05-14 15:59:40.731</Data>
    <Data Name="ProcessGuid">{aab87a56-664b-6643-4d00-000007589974}</Data>
    <Data Name="ProcessId">7004</Data>
    <Data Name="Image">C:\Windows\System32\CompatTelRunner.exe</Data>
    <Data Name="User">NT AUTHORITY\SYSTEM</Data>
    
  </EventData>
</Event>
<Event xmlns="http://schemas.microsoft.com/win/2004/08/events/event">
  <System>
    <Provider Name="Microsoft-Windows-Sysmon" Guid="{5770385f-c22a-43e0-bf4c-06f5698ffbd9}"/>
    <EventID>1</EventID>
    <Version>5</Version>
    <Level>4</Level>
    <Task>1</Task>
    <Opcode>0</Opcode>
    <Keywords>0x8000000000000000</Keywords>
    <TimeCreated SystemTime="2024-05-14T16:00:29.3468840Z"/>
    <EventRecordID>462009</EventRecordID>
    <Correlation/>
    <Execution ProcessID="2384" ThreadID="2896"/>
    <Channel>Microsoft-Windows-Sysmon/Operational</Channel>
    <Computer>WS-NKAPOOR-01.northstar-branch.local</Computer>
    <Security UserID="S-1-5-18"/>
  </System>
  <EventData>
    
    <Data Name="RuleName">-</Data>
    <Data Name="UtcTime">2024-05-14 16:00:29.346</Data>
    <Data Name="ProcessGuid">{aab87a56-8a9d-6643-2f00-000071e139a2}</Data>
    <Data Name="ProcessId">7948</Data>
    <Data Name="Image">C:\Program Files (x86)\Common Files\Adobe\ARM\1.0\AdobeARMservice.exe</Data>
    <Data Name="FileVersion">-</Data>
    <Data Name="Description">-</Data>
    <Data Name="Product">-</Data>
    <Data Name="Company">-</Data>
    <Data Name="OriginalFileName">-</Data>
    <Data Name="CommandLine">AdobeARMservice.exe</Data>
    <Data Name="CurrentDirectory">C:\Windows\System32\</Data>
    <Data Name="User">NT AUTHORITY\SYSTEM</Data>
    <Data Name="LogonGuid">{a1bae2c4-0244-444a-9ca2-e881554d8892}</Data>
    <Data Name="LogonId">0x3e7</Data>
    <Data Name="TerminalSessionId">0</Data>
    <Data Name="IntegrityLevel">System</Data>
    <Data Name="Hashes">SHA1=F6D11F05CF8A9A0F83C37ED5ECDBD769FE5940D7,MD5=D0D49ED5C483D4411B2FE409B120FB71,SHA256=837159C278E95EA9EFAE5DFBCD8E494488E64BDF14D66B146D3301397AF40143,IMPHASH=2369C9FAD3A1DA461C349F66EAE1B462</Data>
    <Data Name="ParentProcessGuid">{aab87a56-d1c7-6634-a302-0010ff884d16}</Data>
    <Data Name="ParentProcessId">5652</Data>
    <Data Name="ParentImage">C:\Windows\System32\services.exe</Data>
    <Data Name="ParentCommandLine">services.exe</Data>
    
  </EventData>
</Event>
<Event xmlns="http://schemas.microsoft.com/win/2004/08/events/event">
  <System>
    <Provider Name="Microsoft-Windows-Sysmon" Guid="{5770385f-c22a-43e0-bf4c-06f5698ffbd9}"/>
    <EventID>5</EventID>
    <Version>3</Version>
    <Level>4</Level>
    <Task>5</Task>
    <Opcode>0</Opcode>
    <Keywords>0x8000000000000000</Keywords>
    <TimeCreated SystemTime="2024-05-14T16:00:50.8196912Z"/>
    <EventRecordID>462066</EventRecordID>
    <Correlation/>
    <Execution ProcessID="2384" ThreadID="2092"/>
    <Channel>Microsoft-Windows-Sysmon/Operational</Channel>
    <Computer>WS-NKAPOOR-01.northstar-branch.local</Computer>
    <Security UserID="S-1-5-18"/>
  </System>
  <EventData>
    
    <Data Name="RuleName">-</Data>
    <Data Name="UtcTime">2024-05-14 16:00:50.819</Data>
    <Data Name="ProcessGuid">{aab87a56-8a9d-6643-2f00-000071e139a2}</Data>
    <Data Name="ProcessId">7948</Data>
    <Data Name="Image">C:\Program Files (x86)\Common Files\Adobe\ARM\1.0\AdobeARMservice.exe</Data>
    <Data Name="User">NT AUTHORITY\SYSTEM</Data>
    
  </EventData>
</Event>
<Event xmlns="http://schemas.microsoft.com/win/2004/08/events/event">
  <System>
    <Provider Name="Microsoft-Windows-Sysmon" Guid="{5770385f-c22a-43e0-bf4c-06f5698ffbd9}"/>
    <EventID>5</EventID>
    <Version>3</Version>
    <Level>4</Level>
    <Task>5</Task>
    <Opcode>0</Opcode>
    <Keywords>0x8000000000000000</Keywords>
    <TimeCreated SystemTime="2024-05-14T16:01:34.3928735Z"/>
    <EventRecordID>462067</EventRecordID>
    <Correlation/>
    <Execution ProcessID="2384" ThreadID="2896"/>
    <Channel>Microsoft-Windows-Sysmon/Operational</Channel>
    <Computer>WS-NKAPOOR-01.northstar-branch.local</Computer>
    <Security UserID="S-1-5-18"/>
  </System>
  <EventData>
    
    <Data Name="RuleName">-</Data>
    <Data Name="UtcTime">2024-05-14 16:01:34.392</Data>
    <Data Name="ProcessGuid">{aab87a56-7306-6643-d902-00106d5894ba}</Data>
    <Data Name="ProcessId">7368</Data>
    <Data Name="Image">C:\Windows\System32\mmc.exe</Data>
    <Data Name="User">NORTHSTAR-BRANCH\nina.kapoor</Data>
    
  </EventData>
</Event>
<Event xmlns="http://schemas.microsoft.com/win/2004/08/events/event">
  <System>
    <Provider Name="Microsoft-Windows-Sysmon" Guid="{5770385f-c22a-43e0-bf4c-06f5698ffbd9}"/>
    <EventID>13</EventID>
    <Version>2</Version>
    <Level>4</Level>
    <Task>13</Task>
    <Opcode>0</Opcode>
    <Keywords>0x8000000000000000</Keywords>
    <TimeCreated SystemTime="2024-05-14T16:03:12.0281411Z"/>
    <EventRecordID>462068</EventRecordID>
    <Correlation/>
    <Execution ProcessID="2384" ThreadID="2248"/>
    <Channel>Microsoft-Windows-Sysmon/Operational</Channel>
    <Computer>WS-NKAPOOR-01.northstar-branch.local</Computer>
    <Security UserID="S-1-5-18"/>
  </System>
  <EventData>
    
    <Data Name="RuleName">-</Data>
    <Data Name="EventType">SetValue</Data>
    <Data Name="UtcTime">2024-05-14 16:03:12.028</Data>
    <Data Name="ProcessGuid">{aab87a56-d1ea-6634-2d02-00007073e398}</Data>
    <Data Name="ProcessId">5952</Data>
    <Data Name="Image">C:\Windows\System32\RuntimeBroker.exe</Data>
    <Data Name="User">NORTHSTAR-BRANCH\nina.kapoor</Data>
    <Data Name="TargetObject">HKU\S-1-5-21-3882363548-2838386070-1334550370-1004\Software\Microsoft\Windows\CurrentVersion\Explorer\Advanced\HideFileExt</Data>
    <Data Name="Details">DWORD (0x00000001)</Data>
    
  </EventData>
</Event>
<Event xmlns="http://schemas.microsoft.com/win/2004/08/events/event">
  <System>
    <Provider Name="Microsoft-Windows-Sysmon" Guid="{5770385f-c22a-43e0-bf4c-06f5698ffbd9}"/>
    <EventID>1</EventID>
    <Version>5</Version>
    <Level>4</Level>
    <Task>1</Task>
    <Opcode>0</Opcode>
    <Keywords>0x8000000000000000</Keywords>
    <TimeCreated SystemTime="2024-05-14T16:03:18.5623901Z"/>
    <EventRecordID>462338</EventRecordID>
    <Correlation/>
    <Execution ProcessID="2384" ThreadID="2896"/>
    <Channel>Microsoft-Windows-Sysmon/Operational</Channel>
    <Computer>WS-NKAPOOR-01.northstar-branch.local</Computer>
    <Security UserID="S-1-5-18"/>
  </System>
  <EventData>
    
    <Data Name="RuleName">-</Data>
    <Data Name="UtcTime">2024-05-14 16:03:18.562</Data>
    <Data Name="ProcessGuid">{aab87a56-8b46-6643-c302-0010eff4e90a}</Data>
    <Data Name="ProcessId">7956</Data>
    <Data Name="Image">C:\Program Files\Microsoft OneDrive\OneDriveStandaloneUpdater.exe</Data>
    <Data Name="FileVersion">-</Data>
    <Data Name="Description">-</Data>
    <Data Name="Product">-</Data>
    <Data Name="Company">-</Data>
    <Data Name="OriginalFileName">-</Data>
    <Data Name="CommandLine">OneDriveStandaloneUpdater.exe /silent</Data>
    <Data Name="CurrentDirectory">C:\Windows\System32\</Data>
    <Data Name="User">NT AUTHORITY\SYSTEM</Data>
    <Data Name="LogonGuid">{a1bae2c4-0244-444a-9ca2-e881554d8892}</Data>
    <Data Name="LogonId">0x3e7</Data>
    <Data Name="TerminalSessionId">0</Data>
    <Data Name="IntegrityLevel">System</Data>
    <Data Name="Hashes">SHA1=0C78923030FC719861633B3362F38B42A22FE0FB,MD5=87BEA74D86517DB88533DD842A5DDCEF,SHA256=D7CD3E778300D7AEC9AD5E5079904DBDCB94C56DE0836A047DC0297C129E9243,IMPHASH=83625FEAC2CA7AE3D743CB23CF4940EA</Data>
    <Data Name="ParentProcessGuid">{aab87a56-d1e2-6634-6200-0010927d31cd}</Data>
    <Data Name="ParentProcessId">5904</Data>
    <Data Name="ParentImage">C:\Windows\System32\taskhostw.exe</Data>
    <Data Name="ParentCommandLine">taskhostw.exe</Data>
    
  </EventData>
</Event>
<Event xmlns="http://schemas.microsoft.com/win/2004/08/events/event">
  <System>
    <Provider Name="Microsoft-Windows-Sysmon" Guid="{5770385f-c22a-43e0-bf4c-06f5698ffbd9}"/>
    <EventID>1</EventID>
    <Version>5</Version>
    <Level>4</Level>
    <Task>1</Task>
    <Opcode>0</Opcode>
    <Keywords>0x8000000000000000</Keywords>
    <TimeCreated SystemTime="2024-05-14T16:03:51.0879567Z"/>
    <EventRecordID>462392</EventRecordID>
    <Correlation/>
    <Execution ProcessID="2384" ThreadID="1176"/>
    <Channel>Microsoft-Windows-Sysmon/Operational</Channel>
    <Computer>WS-NKAPOOR-01.northstar-branch.local</Computer>
    <Security UserID="S-1-5-18"/>
  </System>
  <EventData>
    
    <Data Name="RuleName">-</Data>
    <Data Name="UtcTime">2024-05-14 16:03:51.087</Data>
    <Data Name="ProcessGuid">{aab87a56-8b67-6643-8200-0010b11fcff9}</Data>
    <Data Name="ProcessId">7888</Data>
    <Data Name="Image">C:\Windows\System32\SearchProtocolHost.exe</Data>
    <Data Name="FileVersion">10.0.22621.1</Data>
    <Data Name="Description">Microsoft Windows Search Protocol Host</Data>
    <Data Name="Product">Microsoft Windows Operating System</Data>
    <Data Name="Company">Microsoft Corporation</Data>
    <Data Name="OriginalFileName">SearchProtocolHost.exe</Data>
    <Data Name="CommandLine">SearchProtocolHost.exe Global\UsGthrFltPipeMssGthrPipe_S-1-5-20 Global\UsGthrCtrlFltPipeMssGthrPipe_S-1-5-20 1</Data>
    <Data Name="CurrentDirectory">C:\Windows\System32\</Data>
    <Data Name="User">NT AUTHORITY\SYSTEM</Data>
    <Data Name="LogonGuid">{a1bae2c4-0244-444a-9ca2-e881554d8892}</Data>
    <Data Name="LogonId">0x3e7</Data>
    <Data Name="TerminalSessionId">0</Data>
    <Data Name="IntegrityLevel">System</Data>
    <Data Name="Hashes">SHA1=43216957F6B1F6C0C1C954D1CFC7F9CE3FC72B60,MD5=BA242BD070D4A866C5D58169DB10ED02,SHA256=D48FE4EDB7B572D8CF8A37CD1AFC0882D88CA17A0BE3F4615C9E5A4F608E954A,IMPHASH=E495A5C3FEEEA98E32665B0ADE2B5A18</Data>
    <Data Name="ParentProcessGuid">{aab87a56-d1d9-6634-7500-0000b99de1f5}</Data>
    <Data Name="ParentProcessId">5836</Data>
    <Data Name="ParentImage">C:\Windows\System32\SearchIndexer.exe</Data>
    <Data Name="ParentCommandLine">SearchIndexer.exe</Data>
    
  </EventData>
</Event>
<Event xmlns="http://schemas.microsoft.com/win/2004/08/events/event">
  <System>
    <Provider Name="Microsoft-Windows-Sysmon" Guid="{5770385f-c22a-43e0-bf4c-06f5698ffbd9}"/>
    <EventID>7</EventID>
    <Version>3</Version>
    <Level>4</Level>
    <Task>7</Task>
    <Opcode>0</Opcode>
    <Keywords>0x8000000000000000</Keywords>
    <TimeCreated SystemTime="2024-05-14T16:03:59.9232585Z"/>
    <EventRecordID>462417</EventRecordID>
    <Correlation/>
    <Execution ProcessID="2384" ThreadID="1176"/>
    <Channel>Microsoft-Windows-Sysmon/Operational</Channel>
    <Computer>WS-NKAPOOR-01.northstar-branch.local</Computer>
    <Security UserID="S-1-5-18"/>
  </System>
  <EventData>
    
    <Data Name="RuleName">-</Data>
    <Data Name="UtcTime">2024-05-14 16:03:59.923</Data>
    <Data Name="ProcessGuid">{aab87a56-7d84-6643-f602-0010380c96ce}</Data>
    <Data Name="ProcessId">7488</Data>
    <Data Name="Image">C:\Windows\System32\svchost.exe</Data>
    <Data Name="ImageLoaded">C:\ProgramData\Microsoft\Windows Defender\Platform\4.18.2301.6-0\MpClient.dll</Data>
    <Data Name="FileVersion">10.0.19041.1</Data>
    <Data Name="Description">MpClient.dll system library</Data>
    <Data Name="Product">Microsoft Windows Operating System</Data>
    <Data Name="Company">Microsoft Corporation</Data>
    <Data Name="OriginalFileName">MpClient.dll</Data>
    <Data Name="Hashes">SHA1=4EBD0CB418B646D66B75B6D3F2B67E91F7B3B446,MD5=5F2E97046C77BE473616ED1279BEAA8E,SHA256=422A0693BDA99E6CDFF4A8A0C8BD30836EEF8EB07274C75EEF93A5821955DB34,IMPHASH=6D02D9D84BB1546D6814A7A1F16E72C7</Data>
    <Data Name="Signed">true</Data>
    <Data Name="Signature">Microsoft Corporation</Data>
    <Data Name="SignatureStatus">Valid</Data>
    
  </EventData>
</Event>
<Event xmlns="http://schemas.microsoft.com/win/2004/08/events/event">
  <System>
    <Provider Name="Microsoft-Windows-Sysmon" Guid="{5770385f-c22a-43e0-bf4c-06f5698ffbd9}"/>
    <EventID>5</EventID>
    <Version>3</Version>
    <Level>4</Level>
    <Task>5</Task>
    <Opcode>0</Opcode>
    <Keywords>0x8000000000000000</Keywords>
    <TimeCreated SystemTime="2024-05-14T16:04:11.5869914Z"/>
    <EventRecordID>462418</EventRecordID>
    <Correlation/>
    <Execution ProcessID="2384" ThreadID="2248"/>
    <Channel>Microsoft-Windows-Sysmon/Operational</Channel>
    <Computer>WS-NKAPOOR-01.northstar-branch.local</Computer>
    <Security UserID="S-1-5-18"/>
  </System>
  <EventData>
    
    <Data Name="RuleName">-</Data>
    <Data Name="UtcTime">2024-05-14 16:04:11.586</Data>
    <Data Name="ProcessGuid">{aab87a56-7a08-6643-8502-00108070539f}</Data>
    <Data Name="ProcessId">7376</Data>
    <Data Name="Image">C:\Windows\System32\mmc.exe</Data>
    <Data Name="User">NORTHSTAR-BRANCH\nina.kapoor</Data>
    
  </EventData>
</Event>
<Event xmlns="http://schemas.microsoft.com/win/2004/08/events/event">
  <System>
    <Provider Name="Microsoft-Windows-Sysmon" Guid="{5770385f-c22a-43e0-bf4c-06f5698ffbd9}"/>
    <EventID>5</EventID>
    <Version>3</Version>
    <Level>4</Level>
    <Task>5</Task>
    <Opcode>0</Opcode>
    <Keywords>0x8000000000000000</Keywords>
    <TimeCreated SystemTime="2024-05-14T16:04:11.5955870Z"/>
    <EventRecordID>462419</EventRecordID>
    <Correlation/>
    <Execution ProcessID="2384" ThreadID="2248"/>
    <Channel>Microsoft-Windows-Sysmon/Operational</Channel>
    <Computer>WS-NKAPOOR-01.northstar-branch.local</Computer>
    <Security UserID="S-1-5-18"/>
  </System>
  <EventData>
    
    <Data Name="RuleName">-</Data>
    <Data Name="UtcTime">2024-05-14 16:04:11.595</Data>
    <Data Name="ProcessGuid">{aab87a56-8863-6643-ad02-0010a5231f74}</Data>
    <Data Name="ProcessId">7560</Data>
    <Data Name="Image">C:\Windows\System32\mmc.exe</Data>
    <Data Name="User">NORTHSTAR-BRANCH\nina.kapoor</Data>
    
  </EventData>
</Event>
<Event xmlns="http://schemas.microsoft.com/win/2004/08/events/event">
  <System>
    <Provider Name="Microsoft-Windows-Sysmon" Guid="{5770385f-c22a-43e0-bf4c-06f5698ffbd9}"/>
    <EventID>5</EventID>
    <Version>3</Version>
    <Level>4</Level>
    <Task>5</Task>
    <Opcode>0</Opcode>
    <Keywords>0x8000000000000000</Keywords>
    <TimeCreated SystemTime="2024-05-14T16:04:11.9686216Z"/>
    <EventRecordID>462420</EventRecordID>
    <Correlation/>
    <Execution ProcessID="2384" ThreadID="2896"/>
    <Channel>Microsoft-Windows-Sysmon/Operational</Channel>
    <Computer>WS-NKAPOOR-01.northstar-branch.local</Computer>
    <Security UserID="S-1-5-18"/>
  </System>
  <EventData>
    
    <Data Name="RuleName">-</Data>
    <Data Name="UtcTime">2024-05-14 16:04:11.968</Data>
    <Data Name="ProcessGuid">{aab87a56-679b-6643-2700-0000b109e280}</Data>
    <Data Name="ProcessId">7204</Data>
    <Data Name="Image">C:\Windows\System32\mmc.exe</Data>
    <Data Name="User">NORTHSTAR-BRANCH\nina.kapoor</Data>
    
  </EventData>
</Event>
<Event xmlns="http://schemas.microsoft.com/win/2004/08/events/event">
  <System>
    <Provider Name="Microsoft-Windows-Sysmon" Guid="{5770385f-c22a-43e0-bf4c-06f5698ffbd9}"/>
    <EventID>5</EventID>
    <Version>3</Version>
    <Level>4</Level>
    <Task>5</Task>
    <Opcode>0</Opcode>
    <Keywords>0x8000000000000000</Keywords>
    <TimeCreated SystemTime="2024-05-14T16:05:44.4820082Z"/>
    <EventRecordID>462434</EventRecordID>
    <Correlation/>
    <Execution ProcessID="2384" ThreadID="2896"/>
    <Channel>Microsoft-Windows-Sysmon/Operational</Channel>
    <Computer>WS-NKAPOOR-01.northstar-branch.local</Computer>
    <Security UserID="S-1-5-18"/>
  </System>
  <EventData>
    
    <Data Name="RuleName">-</Data>
    <Data Name="UtcTime">2024-05-14 16:05:44.482</Data>
    <Data Name="ProcessGuid">{aab87a56-8b46-6643-c302-0010eff4e90a}</Data>
    <Data Name="ProcessId">7956</Data>
    <Data Name="Image">C:\Program Files\Microsoft OneDrive\OneDriveStandaloneUpdater.exe</Data>
    <Data Name="User">NT AUTHORITY\SYSTEM</Data>
    
  </EventData>
</Event>
<Event xmlns="http://schemas.microsoft.com/win/2004/08/events/event">
  <System>
    <Provider Name="Microsoft-Windows-Sysmon" Guid="{5770385f-c22a-43e0-bf4c-06f5698ffbd9}"/>
    <EventID>13</EventID>
    <Version>2</Version>
    <Level>4</Level>
    <Task>13</Task>
    <Opcode>0</Opcode>
    <Keywords>0x8000000000000000</Keywords>
    <TimeCreated SystemTime="2024-05-14T16:06:53.2893344Z"/>
    <EventRecordID>462681</EventRecordID>
    <Correlation/>
    <Execution ProcessID="2384" ThreadID="1176"/>
    <Channel>Microsoft-Windows-Sysmon/Operational</Channel>
    <Computer>WS-NKAPOOR-01.northstar-branch.local</Computer>
    <Security UserID="S-1-5-18"/>
  </System>
  <EventData>
    
    <Data Name="RuleName">-</Data>
    <Data Name="EventType">SetValue</Data>
    <Data Name="UtcTime">2024-05-14 16:06:53.289</Data>
    <Data Name="ProcessGuid">{aab87a56-d1c7-6634-a302-0010ff884d16}</Data>
    <Data Name="ProcessId">5652</Data>
    <Data Name="Image">C:\Windows\System32\services.exe</Data>
    <Data Name="User">NT AUTHORITY\SYSTEM</Data>
    <Data Name="TargetObject">HKLM\SOFTWARE\Microsoft\Windows\CurrentVersion\Component Based Servicing\Packages\Package_for_ServicingStack~31bf3856ad364e35~amd64~~10.0.22621.1\CurrentState</Data>
    <Data Name="Details">DWORD (0x00000070)</Data>
    
  </EventData>
</Event>
<Event xmlns="http://schemas.microsoft.com/win/2004/08/events/event">
  <System>
    <Provider Name="Microsoft-Windows-Sysmon" Guid="{5770385f-c22a-43e0-bf4c-06f5698ffbd9}"/>
    <EventID>10</EventID>
    <Version>3</Version>
    <Level>4</Level>
    <Task>10</Task>
    <Opcode>0</Opcode>
    <Keywords>0x8000000000000000</Keywords>
    <TimeCreated SystemTime="2024-05-14T16:07:51.1396168Z"/>
    <EventRecordID>462711</EventRecordID>
    <Correlation/>
    <Execution ProcessID="2384" ThreadID="2248"/>
    <Channel>Microsoft-Windows-Sysmon/Operational</Channel>
    <Computer>WS-NKAPOOR-01.northstar-branch.local</Computer>
    <Security UserID="S-1-5-18"/>
  </System>
  <EventData>
    
    <Data Name="RuleName">-</Data>
    <Data Name="UtcTime">2024-05-14 16:07:51.139</Data>
    <Data Name="SourceProcessGUID">{aab87a56-d1cc-6634-3102-00103db5f5dc}</Data>
    <Data Name="SourceProcessId">5724</Data>
    <Data Name="SourceImage">C:\Windows\System32\svchost.exe</Data>
    <Data Name="SourceThreadId">6620</Data>
    <Data Name="SourceUser">NT AUTHORITY\SYSTEM</Data>
    <Data Name="TargetProcessGUID">{aab87a56-d1c8-6634-8002-001038fe3a60}</Data>
    <Data Name="TargetProcessId">5680</Data>
    <Data Name="TargetImage">C:\Windows\System32\lsass.exe</Data>
    <Data Name="TargetUser">NT AUTHORITY\SYSTEM</Data>
    <Data Name="GrantedAccess">0x1000</Data>
    <Data Name="CallTrace">C:\Windows\SYSTEM32\ntdll.dll+9CD3D|C:\Windows\SYSTEM32\KERNELBASE.dll+2E51C|C:\Windows\SYSTEM32\kernel32.dll+1CC0D</Data>
    
  </EventData>
</Event>
<Event xmlns="http://schemas.microsoft.com/win/2004/08/events/event">
  <System>
    <Provider Name="Microsoft-Windows-Sysmon" Guid="{5770385f-c22a-43e0-bf4c-06f5698ffbd9}"/>
    <EventID>10</EventID>
    <Version>3</Version>
    <Level>4</Level>
    <Task>10</Task>
    <Opcode>0</Opcode>
    <Keywords>0x8000000000000000</Keywords>
    <TimeCreated SystemTime="2024-05-14T16:08:39.5070948Z"/>
    <EventRecordID>462740</EventRecordID>
    <Correlation/>
    <Execution ProcessID="2384" ThreadID="2248"/>
    <Channel>Microsoft-Windows-Sysmon/Operational</Channel>
    <Computer>WS-NKAPOOR-01.northstar-branch.local</Computer>
    <Security UserID="S-1-5-18"/>
  </System>
  <EventData>
    
    <Data Name="RuleName">-</Data>
    <Data Name="UtcTime">2024-05-14 16:08:39.507</Data>
    <Data Name="SourceProcessGUID">{aab87a56-d1c2-6634-6e00-00100432979b}</Data>
    <Data Name="SourceProcessId">5636</Data>
    <Data Name="SourceImage">C:\Windows\System32\csrss.exe</Data>
    <Data Name="SourceThreadId">9352</Data>
    <Data Name="SourceUser">NT AUTHORITY\SYSTEM</Data>
    <Data Name="TargetProcessGUID">{aab87a56-d1cc-6634-3102-00103db5f5dc}</Data>
    <Data Name="TargetProcessId">5724</Data>
    <Data Name="TargetImage">C:\Windows\System32\svchost.exe</Data>
    <Data Name="TargetUser">NT AUTHORITY\SYSTEM</Data>
    <Data Name="GrantedAccess">0x1000</Data>
    <Data Name="CallTrace">C:\Windows\SYSTEM32\ntdll.dll+9DF1A|C:\Windows\SYSTEM32\KERNELBASE.dll+2ECFE|C:\Windows\SYSTEM32\advapi32.dll+4C6EE</Data>
    
  </EventData>
</Event>
<Event xmlns="http://schemas.microsoft.com/win/2004/08/events/event">
  <System>
    <Provider Name="Microsoft-Windows-Sysmon" Guid="{5770385f-c22a-43e0-bf4c-06f5698ffbd9}"/>
    <EventID>5</EventID>
    <Version>3</Version>
    <Level>4</Level>
    <Task>5</Task>
    <Opcode>0</Opcode>
    <Keywords>0x8000000000000000</Keywords>
    <TimeCreated SystemTime="2024-05-14T16:10:41.0652552Z"/>
    <EventRecordID>462742</EventRecordID>
    <Correlation/>
    <Execution ProcessID="2384" ThreadID="2248"/>
    <Channel>Microsoft-Windows-Sysmon/Operational</Channel>
    <Computer>WS-NKAPOOR-01.northstar-branch.local</Computer>
    <Security UserID="S-1-5-18"/>
  </System>
  <EventData>
    
    <Data Name="RuleName">-</Data>
    <Data Name="UtcTime">2024-05-14 16:10:41.065</Data>
    <Data Name="ProcessGuid">{aab87a56-6f58-6643-f302-0000ce51fb3b}</Data>
    <Data Name="ProcessId">7256</Data>
    <Data Name="Image">C:\Program Files\Zscaler\ZSAService\ZSAService.exe</Data>
    <Data Name="User">NT AUTHORITY\SYSTEM</Data>
    
  </EventData>
</Event>
