<Event xmlns="http://schemas.microsoft.com/win/2004/08/events/event">
  <System>
    <Provider Name="Microsoft-Windows-Sysmon" Guid="{5770385f-c22a-43e0-bf4c-06f5698ffbd9}"/>
    <EventID>1</EventID>
    <Version>5</Version>
    <Level>4</Level>
    <Task>1</Task>
    <Opcode>0</Opcode>
    <Keywords>0x8000000000000000</Keywords>
    <TimeCreated SystemTime="2024-05-14T12:44:20.3873521Z"/>
    <EventRecordID>452932</EventRecordID>
    <Correlation/>
    <Execution ProcessID="2384" ThreadID="2844"/>
    <Channel>Microsoft-Windows-Sysmon/Operational</Channel>
    <Computer>WS-NKAPOOR-01.northstar-branch.local</Computer>
    <Security UserID="S-1-5-18"/>
  </System>
  <EventData>
    
    <Data Name="RuleName">-</Data>
    <Data Name="UtcTime">2024-05-14 12:44:20.387</Data>
    <Data Name="ProcessGuid">{aab87a56-5ca4-6643-5600-0010fd774fdf}</Data>
    <Data Name="ProcessId">6944</Data>
    <Data Name="Image">C:\Windows\System32\WindowsPowerShell\v1.0\powershell.exe</Data>
    <Data Name="FileVersion">10.0.22621.1</Data>
    <Data Name="Description">Windows PowerShell</Data>
    <Data Name="Product">Microsoft Windows Operating System</Data>
    <Data Name="Company">Microsoft Corporation</Data>
    <Data Name="OriginalFileName">PowerShell.EXE</Data>
    <Data Name="CommandLine">powershell.exe -EncodedCommand RwBlAHQALQBFAHYAZQBuAHQATABvAGcAIAAtAEwAbwBnAE4AYQBtAGUAIABBAHAAcABsAGkAYwBhAHQAaQBvAG4AIAAtAE4AZQB3AGUAcwB0ACAAMgA1AA==</Data>
    <Data Name="CurrentDirectory">c:\windows\</Data>
    <Data Name="User">NORTHSTAR-BRANCH\nina.kapoor</Data>
    <Data Name="LogonGuid">{00000000-0000-0000-0000-000000000000}</Data>
    <Data Name="LogonId">0x837e3d1</Data>
    <Data Name="TerminalSessionId">1</Data>
    <Data Name="IntegrityLevel">Medium</Data>
    <Data Name="Hashes">SHA1=74807298BB026542B177B40CEC0B2D64D5238D09,MD5=EEACC5305C17D7F9E330B33280A27AC5,SHA256=8A59DE82B9F4AD767B08A19B8F47E045B6E82C53F55A422FE0CE860BA3A9470A,IMPHASH=9E37895148BCA2306FCE4BCB0E51C310</Data>
    <Data Name="ParentProcessGuid">{aab87a56-3d55-6643-1900-00003d677e83}</Data>
    <Data Name="ParentProcessId">6292</Data>
    <Data Name="ParentImage">C:\Windows\explorer.exe</Data>
    <Data Name="ParentCommandLine">explorer.exe</Data>
    
  </EventData>
</Event>
<Event xmlns="http://schemas.microsoft.com/win/2004/08/events/event">
  <System>
    <Provider Name="Microsoft-Windows-Sysmon" Guid="{5770385f-c22a-43e0-bf4c-06f5698ffbd9}"/>
    <EventID>13</EventID>
    <Version>2</Version>
    <Level>4</Level>
    <Task>13</Task>
    <Opcode>0</Opcode>
    <Keywords>0x8000000000000000</Keywords>
    <TimeCreated SystemTime="2024-05-14T12:44:20.3882599Z"/>
    <EventRecordID>452933</EventRecordID>
    <Correlation/>
    <Execution ProcessID="2384" ThreadID="2248"/>
    <Channel>Microsoft-Windows-Sysmon/Operational</Channel>
    <Computer>WS-NKAPOOR-01.northstar-branch.local</Computer>
    <Security UserID="S-1-5-18"/>
  </System>
  <EventData>
    
    <Data Name="RuleName">-</Data>
    <Data Name="EventType">SetValue</Data>
    <Data Name="UtcTime">2024-05-14 12:44:20.388</Data>
    <Data Name="ProcessGuid">{aab87a56-5ca4-6643-5600-0010fd774fdf}</Data>
    <Data Name="ProcessId">6944</Data>
    <Data Name="Image">C:\Windows\System32\WindowsPowerShell\v1.0\powershell.exe</Data>
    <Data Name="User">NORTHSTAR-BRANCH\nina.kapoor</Data>
    <Data Name="TargetObject">HKU\S-1-5-21-3882363548-2838386070-1334550370-1004\Software\Microsoft\Office\16.0\Excel\File MRU\Item 4</Data>
    <Data Name="Details">[F00000000][T01D9]C:\Users\nina.kapoor\Documents\budget-41.xlsx</Data>
    
  </EventData>
</Event>
<Event xmlns="http://schemas.microsoft.com/win/2004/08/events/event">
  <System>
    <Provider Name="Microsoft-Windows-Sysmon" Guid="{5770385f-c22a-43e0-bf4c-06f5698ffbd9}"/>
    <EventID>13</EventID>
    <Version>2</Version>
    <Level>4</Level>
    <Task>13</Task>
    <Opcode>0</Opcode>
    <Keywords>0x8000000000000000</Keywords>
    <TimeCreated SystemTime="2024-05-14T12:44:20.3883730Z"/>
    <EventRecordID>453102</EventRecordID>
    <Correlation/>
    <Execution ProcessID="2384" ThreadID="2844"/>
    <Channel>Microsoft-Windows-Sysmon/Operational</Channel>
    <Computer>WS-NKAPOOR-01.northstar-branch.local</Computer>
    <Security UserID="S-1-5-18"/>
  </System>
  <EventData>
    
    <Data Name="RuleName">-</Data>
    <Data Name="EventType">SetValue</Data>
    <Data Name="UtcTime">2024-05-14 12:44:20.388</Data>
    <Data Name="ProcessGuid">{aab87a56-5ca4-6643-5600-0010fd774fdf}</Data>
    <Data Name="ProcessId">6944</Data>
    <Data Name="Image">C:\Windows\System32\WindowsPowerShell\v1.0\powershell.exe</Data>
    <Data Name="User">NORTHSTAR-BRANCH\nina.kapoor</Data>
    <Data Name="TargetObject">HKU\S-1-5-21-3882363548-2838386070-1334550370-1004\Software\Microsoft\Windows\CurrentVersion\Explorer\ComDlg32\LastVisitedPidlMRU\0</Data>
    <Data Name="Details">hex(2):43,00,3a,00</Data>
    
  </EventData>
</Event>
<Event xmlns="http://schemas.microsoft.com/win/2004/08/events/event">
  <System>
    <Provider Name="Microsoft-Windows-Sysmon" Guid="{5770385f-c22a-43e0-bf4c-06f5698ffbd9}"/>
    <EventID>5</EventID>
    <Version>3</Version>
    <Level>4</Level>
    <Task>5</Task>
    <Opcode>0</Opcode>
    <Keywords>0x8000000000000000</Keywords>
    <TimeCreated SystemTime="2024-05-14T12:44:33.8401652Z"/>
    <EventRecordID>453103</EventRecordID>
    <Correlation/>
    <Execution ProcessID="2384" ThreadID="2844"/>
    <Channel>Microsoft-Windows-Sysmon/Operational</Channel>
    <Computer>WS-NKAPOOR-01.northstar-branch.local</Computer>
    <Security UserID="S-1-5-18"/>
  </System>
  <EventData>
    
    <Data Name="RuleName">-</Data>
    <Data Name="UtcTime">2024-05-14 12:44:33.840</Data>
    <Data Name="ProcessGuid">{aab87a56-5ca4-6643-5600-0010fd774fdf}</Data>
    <Data Name="ProcessId">6944</Data>
    <Data Name="Image">C:\Windows\System32\WindowsPowerShell\v1.0\powershell.exe</Data>
    <Data Name="User">NORTHSTAR-BRANCH\nina.kapoor</Data>
    
  </EventData>
</Event>
<Event xmlns="http://schemas.microsoft.com/win/2004/08/events/event">
  <System>
    <Provider Name="Microsoft-Windows-Sysmon" Guid="{5770385f-c22a-43e0-bf4c-06f5698ffbd9}"/>
    <EventID>13</EventID>
    <Version>2</Version>
    <Level>4</Level>
    <Task>13</Task>
    <Opcode>0</Opcode>
    <Keywords>0x8000000000000000</Keywords>
    <TimeCreated SystemTime="2024-05-14T12:44:52.2775422Z"/>
    <EventRecordID>453104</EventRecordID>
    <Correlation/>
    <Execution ProcessID="2384" ThreadID="2092"/>
    <Channel>Microsoft-Windows-Sysmon/Operational</Channel>
    <Computer>WS-NKAPOOR-01.northstar-branch.local</Computer>
    <Security UserID="S-1-5-18"/>
  </System>
  <EventData>
    
    <Data Name="RuleName">-</Data>
    <Data Name="EventType">SetValue</Data>
    <Data Name="UtcTime">2024-05-14 12:44:52.277</Data>
    <Data Name="ProcessGuid">{aab87a56-d1e8-6634-fa02-00003f48bc4c}</Data>
    <Data Name="ProcessId">5948</Data>
    <Data Name="Image">C:\Windows\explorer.exe</Data>
    <Data Name="User">NORTHSTAR-BRANCH\nina.kapoor</Data>
    <Data Name="TargetObject">HKU\S-1-5-21-3882363548-2838386070-1334550370-1004\Software\Microsoft\Windows\CurrentVersion\Explorer\UserAssist\{CEBFF5CD-ACE2-4F4F-9178-9926F41749EA}\Count\HRZR_EHACNGU:P:\Jvaqbjf\Flfgrz32\zfgfp.rkr</Data>
    <Data Name="Details">F0 F3 C9 BD 8C F0 C6 F8 CB 5C 7F 4E 63 42 93 E3 A2 11 6C CA 71 DB 00 95 0C C9 A4 AA D4 5E D0 C1 46 14 FE 63 B1 14 A0 97</Data>
    
  </EventData>
</Event>
<Event xmlns="http://schemas.microsoft.com/win/2004/08/events/event">
  <System>
    <Provider Name="Microsoft-Windows-Sysmon" Guid="{5770385f-c22a-43e0-bf4c-06f5698ffbd9}"/>
    <EventID>1</EventID>
    <Version>5</Version>
    <Level>4</Level>
    <Task>1</Task>
    <Opcode>0</Opcode>
    <Keywords>0x8000000000000000</Keywords>
    <TimeCreated SystemTime="2024-05-14T12:45:29.0781560Z"/>
    <EventRecordID>453106</EventRecordID>
    <Correlation/>
    <Execution ProcessID="2384" ThreadID="2844"/>
    <Channel>Microsoft-Windows-Sysmon/Operational</Channel>
    <Computer>WS-NKAPOOR-01.northstar-branch.local</Computer>
    <Security UserID="S-1-5-18"/>
  </System>
  <EventData>
    
    <Data Name="RuleName">-</Data>
    <Data Name="UtcTime">2024-05-14 12:45:29.078</Data>
    <Data Name="ProcessGuid">{aab87a56-5ce9-6643-7702-0010c4b1d9e2}</Data>
    <Data Name="ProcessId">6652</Data>
    <Data Name="Image">C:\Windows\System32\svchost.exe</Data>
    <Data Name="FileVersion">10.0.22621.1</Data>
    <Data Name="Description">Host Process for Windows Services</Data>
    <Data Name="Product">Microsoft Windows Operating System</Data>
    <Data Name="Company">Microsoft Corporation</Data>
    <Data Name="OriginalFileName">svchost.exe</Data>
    <Data Name="CommandLine">svchost.exe -k netsvcs -p -s Schedule</Data>
    <Data Name="CurrentDirectory">C:\Windows\System32\</Data>
    <Data Name="User">NT AUTHORITY\SYSTEM</Data>
    <Data Name="LogonGuid">{a1bae2c4-0244-444a-9ca2-e881554d8892}</Data>
    <Data Name="LogonId">0x3e7</Data>
    <Data Name="TerminalSessionId">0</Data>
    <Data Name="IntegrityLevel">System</Data>
    <Data Name="Hashes">SHA1=368D2441944693B0CBA629E5ADBC34A8407C40C3,MD5=8CF7DD20664F50F77B71A622747C3D66,SHA256=139556DF0A11AAA4D60AE41B55524114829D5C419E8E043A1F46FC360C93693A,IMPHASH=FC6BB923636A32BB4D62A5991B95FB0D</Data>
    <Data Name="ParentProcessGuid">{aab87a56-d1c7-6634-a302-0010ff884d16}</Data>
    <Data Name="ParentProcessId">5652</Data>
    <Data Name="ParentImage">C:\Windows\System32\services.exe</Data>
    <Data Name="ParentCommandLine">services.exe</Data>
    
  </EventData>
</Event>
<Event xmlns="http://schemas.microsoft.com/win/2004/08/events/event">
  <System>
    <Provider Name="Microsoft-Windows-Sysmon" Guid="{5770385f-c22a-43e0-bf4c-06f5698ffbd9}"/>
    <EventID>13</EventID>
    <Version>2</Version>
    <Level>4</Level>
    <Task>13</Task>
    <Opcode>0</Opcode>
    <Keywords>0x8000000000000000</Keywords>
    <TimeCreated SystemTime="2024-05-14T12:46:00.3104428Z"/>
    <EventRecordID>453137</EventRecordID>
    <Correlation/>
    <Execution ProcessID="2384" ThreadID="2248"/>
    <Channel>Microsoft-Windows-Sysmon/Operational</Channel>
    <Computer>WS-NKAPOOR-01.northstar-branch.local</Computer>
    <Security UserID="S-1-5-18"/>
  </System>
  <EventData>
    
    <Data Name="RuleName">-</Data>
    <Data Name="EventType">SetValue</Data>
    <Data Name="UtcTime">2024-05-14 12:46:00.310</Data>
    <Data Name="ProcessGuid">{aab87a56-d1e8-6634-fa02-00003f48bc4c}</Data>
    <Data Name="ProcessId">5948</Data>
    <Data Name="Image">C:\Windows\explorer.exe</Data>
    <Data Name="User">NORTHSTAR-BRANCH\nina.kapoor</Data>
    <Data Name="TargetObject">HKU\S-1-5-21-3882363548-2838386070-1334550370-1004\Software\Microsoft\Office\16.0\Word\Reading Locations\Document 76\Datetime</Data>
    <Data Name="Details">2024-05-14T10:51:50</Data>
    
  </EventData>
</Event>
<Event xmlns="http://schemas.microsoft.com/win/2004/08/events/event">
  <System>
    <Provider Name="Microsoft-Windows-Sysmon" Guid="{5770385f-c22a-43e0-bf4c-06f5698ffbd9}"/>
    <EventID>3</EventID>
    <Version>5</Version>
    <Level>4</Level>
    <Task>3</Task>
    <Opcode>0</Opcode>
    <Keywords>0x8000000000000000</Keywords>
    <TimeCreated SystemTime="2024-05-14T12:46:02.0878822Z"/>
    <EventRecordID>453138</EventRecordID>
    <Correlation/>
    <Execution ProcessID="2384" ThreadID="2844"/>
    <Channel>Microsoft-Windows-Sysmon/Operational</Channel>
    <Computer>WS-NKAPOOR-01.northstar-branch.local</Computer>
    <Security UserID="S-1-5-18"/>
  </System>
  <EventData>
    
    <Data Name="RuleName">-</Data>
    <Data Name="UtcTime">2024-05-14 12:46:02.087</Data>
    <Data Name="ProcessGuid">{aab87a56-d1cd-6634-ea02-0000a314dfa6}</Data>
    <Data Name="ProcessId">5752</Data>
    <Data Name="Image">C:\Windows\System32\svchost.exe</Data>
    <Data Name="User">NT AUTHORITY\NETWORK SERVICE</Data>
    <Data Name="Protocol">tcp</Data>
    <Data Name="Initiated">true</Data>
    <Data Name="SourceIsIpv6">false</Data>
    <Data Name="SourceIp">10.44.10.24</Data>
    <Data Name="SourceHostname">WS-NKAPOOR-01.northstar-branch.local</Data>
    <Data Name="SourcePort">62541</Data>
    <Data Name="SourcePortName">-</Data>
    <Data Name="DestinationIsIpv6">false</Data>
    <Data Name="DestinationIp">10.44.20.30</Data>
    <Data Name="DestinationHostname">PROXY-BO-01.northstar-branch.local</Data>
    <Data Name="DestinationPort">8080</Data>
    <Data Name="DestinationPortName">http-alt</Data>
    
  </EventData>
</Event>
<Event xmlns="http://schemas.microsoft.com/win/2004/08/events/event">
  <System>
    <Provider Name="Microsoft-Windows-Sysmon" Guid="{5770385f-c22a-43e0-bf4c-06f5698ffbd9}"/>
    <EventID>1</EventID>
    <Version>5</Version>
    <Level>4</Level>
    <Task>1</Task>
    <Opcode>0</Opcode>
    <Keywords>0x8000000000000000</Keywords>
    <TimeCreated SystemTime="2024-05-14T12:46:31.4989010Z"/>
    <EventRecordID>453139</EventRecordID>
    <Correlation/>
    <Execution ProcessID="2384" ThreadID="1176"/>
    <Channel>Microsoft-Windows-Sysmon/Operational</Channel>
    <Computer>WS-NKAPOOR-01.northstar-branch.local</Computer>
    <Security UserID="S-1-5-18"/>
  </System>
  <EventData>
    
    <Data Name="RuleName">-</Data>
    <Data Name="UtcTime">2024-05-14 12:46:31.498</Data>
    <Data Name="ProcessGuid">{aab87a56-5d27-6643-e000-00000dc09d70}</Data>
    <Data Name="ProcessId">6832</Data>
    <Data Name="Image">C:\Windows\System32\cleanmgr.exe</Data>
    <Data Name="FileVersion">10.0.22621.1</Data>
    <Data Name="Description">Disk Cleanup</Data>
    <Data Name="Product">Microsoft Windows Operating System</Data>
    <Data Name="Company">Microsoft Corporation</Data>
    <Data Name="OriginalFileName">cleanmgr.exe</Data>
    <Data Name="CommandLine">cleanmgr.exe /autoclean /d C:</Data>
    <Data Name="CurrentDirectory">C:\Windows\System32\</Data>
    <Data Name="User">NT AUTHORITY\SYSTEM</Data>
    <Data Name="LogonGuid">{a1bae2c4-0244-444a-9ca2-e881554d8892}</Data>
    <Data Name="LogonId">0x3e7</Data>
    <Data Name="TerminalSessionId">0</Data>
    <Data Name="IntegrityLevel">System</Data>
    <Data Name="Hashes">SHA1=F7405FC135F7F98A78983EE3672617C50D1A4CC5,MD5=AF88D2598BC1A01899415BD0B7198844,SHA256=A8FBC40DAD217ECC5E0D080ED5892D423B9AE6D172AE2789079025A94E1A7F05,IMPHASH=9F5AC06852348D83FE3CCF723AC3AEA1</Data>
    <Data Name="ParentProcessGuid">{aab87a56-d1cc-6634-3102-00103db5f5dc}</Data>
    <Data Name="ParentProcessId">5724</Data>
    <Data Name="ParentImage">C:\Windows\System32\svchost.exe</Data>
    <Data Name="ParentCommandLine">svchost.exe -k LocalSystem</Data>
    
  </EventData>
</Event>
<Event xmlns="http://schemas.microsoft.com/win/2004/08/events/event">
  <System>
    <Provider Name="Microsoft-Windows-Sysmon" Guid="{5770385f-c22a-43e0-bf4c-06f5698ffbd9}"/>
    <EventID>1</EventID>
    <Version>5</Version>
    <Level>4</Level>
    <Task>1</Task>
    <Opcode>0</Opcode>
    <Keywords>0x8000000000000000</Keywords>
    <TimeCreated SystemTime="2024-05-14T12:46:50.3769157Z"/>
    <EventRecordID>453173</EventRecordID>
    <Correlation/>
    <Execution ProcessID="2384" ThreadID="1176"/>
    <Channel>Microsoft-Windows-Sysmon/Operational</Channel>
    <Computer>WS-NKAPOOR-01.northstar-branch.local</Computer>
    <Security UserID="S-1-5-18"/>
  </System>
  <EventData>
    
    <Data Name="RuleName">-</Data>
    <Data Name="UtcTime">2024-05-14 12:46:50.376</Data>
    <Data Name="ProcessGuid">{aab87a56-5d3a-6643-1102-0000b032852d}</Data>
    <Data Name="ProcessId">6796</Data>
    <Data Name="Image">C:\Program Files (x86)\Common Files\Adobe\ARM\1.0\AdobeARMservice.exe</Data>
    <Data Name="FileVersion">-</Data>
    <Data Name="Description">-</Data>
    <Data Name="Product">-</Data>
    <Data Name="Company">-</Data>
    <Data Name="OriginalFileName">-</Data>
    <Data Name="CommandLine">AdobeARMservice.exe</Data>
    <Data Name="CurrentDirectory">C:\Windows\System32\</Data>
    <Data Name="User">NT AUTHORITY\SYSTEM</Data>
    <Data Name="LogonGuid">{a1bae2c4-0244-444a-9ca2-e881554d8892}</Data>
    <Data Name="LogonId">0x3e7</Data>
    <Data Name="TerminalSessionId">0</Data>
    <Data Name="IntegrityLevel">System</Data>
    <Data Name="Hashes">SHA1=F6D11F05CF8A9A0F83C37ED5ECDBD769FE5940D7,MD5=D0D49ED5C483D4411B2FE409B120FB71,SHA256=837159C278E95EA9EFAE5DFBCD8E494488E64BDF14D66B146D3301397AF40143,IMPHASH=2369C9FAD3A1DA461C349F66EAE1B462</Data>
    <Data Name="ParentProcessGuid">{aab87a56-d1c7-6634-a302-0010ff884d16}</Data>
    <Data Name="ParentProcessId">5652</Data>
    <Data Name="ParentImage">C:\Windows\System32\services.exe</Data>
    <Data Name="ParentCommandLine">services.exe</Data>
    
  </EventData>
</Event>
<Event xmlns="http://schemas.microsoft.com/win/2004/08/events/event">
  <System>
    <Provider Name="Microsoft-Windows-Sysmon" Guid="{5770385f-c22a-43e0-bf4c-06f5698ffbd9}"/>
    <EventID>5</EventID>
    <Version>3</Version>
    <Level>4</Level>
    <Task>5</Task>
    <Opcode>0</Opcode>
    <Keywords>0x8000000000000000</Keywords>
    <TimeCreated SystemTime="2024-05-14T12:47:19.9389703Z"/>
    <EventRecordID>453174</EventRecordID>
    <Correlation/>
    <Execution ProcessID="2384" ThreadID="1176"/>
    <Channel>Microsoft-Windows-Sysmon/Operational</Channel>
    <Computer>WS-NKAPOOR-01.northstar-branch.local</Computer>
    <Security UserID="S-1-5-18"/>
  </System>
  <EventData>
    
    <Data Name="RuleName">-</Data>
    <Data Name="UtcTime">2024-05-14 12:47:19.938</Data>
    <Data Name="ProcessGuid">{aab87a56-5d3a-6643-1102-0000b032852d}</Data>
    <Data Name="ProcessId">6796</Data>
    <Data Name="Image">C:\Program Files (x86)\Common Files\Adobe\ARM\1.0\AdobeARMservice.exe</Data>
    <Data Name="User">NT AUTHORITY\SYSTEM</Data>
    
  </EventData>
</Event>
<Event xmlns="http://schemas.microsoft.com/win/2004/08/events/event">
  <System>
    <Provider Name="Microsoft-Windows-Sysmon" Guid="{5770385f-c22a-43e0-bf4c-06f5698ffbd9}"/>
    <EventID>5</EventID>
    <Version>3</Version>
    <Level>4</Level>
    <Task>5</Task>
    <Opcode>0</Opcode>
    <Keywords>0x8000000000000000</Keywords>
    <TimeCreated SystemTime="2024-05-14T12:47:29.9213917Z"/>
    <EventRecordID>453178</EventRecordID>
    <Correlation/>
    <Execution ProcessID="2384" ThreadID="1176"/>
    <Channel>Microsoft-Windows-Sysmon/Operational</Channel>
    <Computer>WS-NKAPOOR-01.northstar-branch.local</Computer>
    <Security UserID="S-1-5-18"/>
  </System>
  <EventData>
    
    <Data Name="RuleName">-</Data>
    <Data Name="UtcTime">2024-05-14 12:47:29.921</Data>
    <Data Name="ProcessGuid">{aab87a56-3ec8-6643-ce00-0010dd54f6db}</Data>
    <Data Name="ProcessId">6132</Data>
    <Data Name="Image">C:\Program Files (x86)\Cisco\Cisco AnyConnect Secure Mobility Client\vpnagent.exe</Data>
    <Data Name="User">NT AUTHORITY\SYSTEM</Data>
    
  </EventData>
</Event>
<Event xmlns="http://schemas.microsoft.com/win/2004/08/events/event">
  <System>
    <Provider Name="Microsoft-Windows-Sysmon" Guid="{5770385f-c22a-43e0-bf4c-06f5698ffbd9}"/>
    <EventID>5</EventID>
    <Version>3</Version>
    <Level>4</Level>
    <Task>5</Task>
    <Opcode>0</Opcode>
    <Keywords>0x8000000000000000</Keywords>
    <TimeCreated SystemTime="2024-05-14T12:47:57.1308884Z"/>
    <EventRecordID>453179</EventRecordID>
    <Correlation/>
    <Execution ProcessID="2384" ThreadID="1176"/>
    <Channel>Microsoft-Windows-Sysmon/Operational</Channel>
    <Computer>WS-NKAPOOR-01.northstar-branch.local</Computer>
    <Security UserID="S-1-5-18"/>
  </System>
  <EventData>
    
    <Data Name="RuleName">-</Data>
    <Data Name="UtcTime">2024-05-14 12:47:57.130</Data>
    <Data Name="ProcessGuid">{aab87a56-3787-6643-2e00-0010c0f4f107}</Data>
    <Data Name="ProcessId">6040</Data>
    <Data Name="Image">C:\Program Files (x86)\Google\Update\GoogleUpdater.exe</Data>
    <Data Name="User">NT AUTHORITY\SYSTEM</Data>
    
  </EventData>
</Event>
<Event xmlns="http://schemas.microsoft.com/win/2004/08/events/event">
  <System>
    <Provider Name="Microsoft-Windows-Sysmon" Guid="{5770385f-c22a-43e0-bf4c-06f5698ffbd9}"/>
    <EventID>3</EventID>
    <Version>5</Version>
    <Level>4</Level>
    <Task>3</Task>
    <Opcode>0</Opcode>
    <Keywords>0x8000000000000000</Keywords>
    <TimeCreated SystemTime="2024-05-14T12:48:04.2867911Z"/>
    <EventRecordID>453180</EventRecordID>
    <Correlation/>
    <Execution ProcessID="2384" ThreadID="2248"/>
    <Channel>Microsoft-Windows-Sysmon/Operational</Channel>
    <Computer>WS-NKAPOOR-01.northstar-branch.local</Computer>
    <Security UserID="S-1-5-18"/>
  </System>
  <EventData>
    
    <Data Name="RuleName">-</Data>
    <Data Name="UtcTime">2024-05-14 12:48:04.286</Data>
    <Data Name="ProcessGuid">{aab87a56-d1c8-6634-8002-001038fe3a60}</Data>
    <Data Name="ProcessId">5680</Data>
    <Data Name="Image">C:\Windows\System32\lsass.exe</Data>
    <Data Name="User">NT AUTHORITY\SYSTEM</Data>
    <Data Name="Protocol">tcp</Data>
    <Data Name="Initiated">true</Data>
    <Data Name="SourceIsIpv6">false</Data>
    <Data Name="SourceIp">10.44.10.24</Data>
    <Data Name="SourceHostname">WS-NKAPOOR-01.northstar-branch.local</Data>
    <Data Name="SourcePort">53541</Data>
    <Data Name="SourcePortName">-</Data>
    <Data Name="DestinationIsIpv6">false</Data>
    <Data Name="DestinationIp">10.44.20.10</Data>
    <Data Name="DestinationHostname">DC-BO-01.northstar-branch.local</Data>
    <Data Name="DestinationPort">88</Data>
    <Data Name="DestinationPortName">kerberos</Data>
    
  </EventData>
</Event>
<Event xmlns="http://schemas.microsoft.com/win/2004/08/events/event">
  <System>
    <Provider Name="Microsoft-Windows-Sysmon" Guid="{5770385f-c22a-43e0-bf4c-06f5698ffbd9}"/>
    <EventID>3</EventID>
    <Version>5</Version>
    <Level>4</Level>
    <Task>3</Task>
    <Opcode>0</Opcode>
    <Keywords>0x8000000000000000</Keywords>
    <TimeCreated SystemTime="2024-05-14T12:48:09.9113518Z"/>
    <EventRecordID>453208</EventRecordID>
    <Correlation/>
    <Execution ProcessID="2384" ThreadID="2248"/>
    <Channel>Microsoft-Windows-Sysmon/Operational</Channel>
    <Computer>WS-NKAPOOR-01.northstar-branch.local</Computer>
    <Security UserID="S-1-5-18"/>
  </System>
  <EventData>
    
    <Data Name="RuleName">-</Data>
    <Data Name="UtcTime">2024-05-14 12:48:09.911</Data>
    <Data Name="ProcessGuid">{aab87a56-d1c8-6634-8002-001038fe3a60}</Data>
    <Data Name="ProcessId">5680</Data>
    <Data Name="Image">C:\Windows\System32\lsass.exe</Data>
    <Data Name="User">NT AUTHORITY\SYSTEM</Data>
    <Data Name="Protocol">tcp</Data>
    <Data Name="Initiated">true</Data>
    <Data Name="SourceIsIpv6">false</Data>
    <Data Name="SourceIp">10.44.10.24</Data>
    <Data Name="SourceHostname">WS-NKAPOOR-01.northstar-branch.local</Data>
    <Data Name="SourcePort">58012</Data>
    <Data Name="SourcePortName">-</Data>
    <Data Name="DestinationIsIpv6">false</Data>
    <Data Name="DestinationIp">10.44.20.10</Data>
    <Data Name="DestinationHostname">DC-BO-01.northstar-branch.local</Data>
    <Data Name="DestinationPort">88</Data>
    <Data Name="DestinationPortName">kerberos</Data>
    
  </EventData>
</Event>
<Event xmlns="http://schemas.microsoft.com/win/2004/08/events/event">
  <System>
    <Provider Name="Microsoft-Windows-Sysmon" Guid="{5770385f-c22a-43e0-bf4c-06f5698ffbd9}"/>
    <EventID>13</EventID>
    <Version>2</Version>
    <Level>4</Level>
    <Task>13</Task>
    <Opcode>0</Opcode>
    <Keywords>0x8000000000000000</Keywords>
    <TimeCreated SystemTime="2024-05-14T12:48:57.6631634Z"/>
    <EventRecordID>453209</EventRecordID>
    <Correlation/>
    <Execution ProcessID="2384" ThreadID="2092"/>
    <Channel>Microsoft-Windows-Sysmon/Operational</Channel>
    <Computer>WS-NKAPOOR-01.northstar-branch.local</Computer>
    <Security UserID="S-1-5-18"/>
  </System>
  <EventData>
    
    <Data Name="RuleName">-</Data>
    <Data Name="EventType">SetValue</Data>
    <Data Name="UtcTime">2024-05-14 12:48:57.663</Data>
    <Data Name="ProcessGuid">{aab87a56-d1c7-6634-a302-0010ff884d16}</Data>
    <Data Name="ProcessId">5652</Data>
    <Data Name="Image">C:\Windows\System32\services.exe</Data>
    <Data Name="User">NT AUTHORITY\SYSTEM</Data>
    <Data Name="TargetObject">HKLM\SOFTWARE\Microsoft\Windows\CurrentVersion\Component Based Servicing\Packages\Package_for_RollupFix~31bf3856ad364e35~amd64~~10.0.22621.45\CurrentState</Data>
    <Data Name="Details">DWORD (0x00000070)</Data>
    
  </EventData>
</Event>
<Event xmlns="http://schemas.microsoft.com/win/2004/08/events/event">
  <System>
    <Provider Name="Microsoft-Windows-Sysmon" Guid="{5770385f-c22a-43e0-bf4c-06f5698ffbd9}"/>
    <EventID>1</EventID>
    <Version>5</Version>
    <Level>4</Level>
    <Task>1</Task>
    <Opcode>0</Opcode>
    <Keywords>0x8000000000000000</Keywords>
    <TimeCreated SystemTime="2024-05-14T12:50:07.4782201Z"/>
    <EventRecordID>453274</EventRecordID>
    <Correlation/>
    <Execution ProcessID="2384" ThreadID="2248"/>
    <Channel>Microsoft-Windows-Sysmon/Operational</Channel>
    <Computer>WS-NKAPOOR-01.northstar-branch.local</Computer>
    <Security UserID="S-1-5-18"/>
  </System>
  <EventData>
    
    <Data Name="RuleName">-</Data>
    <Data Name="UtcTime">2024-05-14 12:50:07.478</Data>
    <Data Name="ProcessGuid">{aab87a56-5dff-6643-8100-0000c6ce3d9a}</Data>
    <Data Name="ProcessId">6844</Data>
    <Data Name="Image">C:\Windows\System32\wsqmcons.exe</Data>
    <Data Name="FileVersion">10.0.22621.1</Data>
    <Data Name="Description">Windows SQM Consolidator</Data>
    <Data Name="Product">Microsoft Windows Operating System</Data>
    <Data Name="Company">Microsoft Corporation</Data>
    <Data Name="OriginalFileName">wsqmcons.exe</Data>
    <Data Name="CommandLine">wsqmcons.exe</Data>
    <Data Name="CurrentDirectory">C:\Windows\System32\</Data>
    <Data Name="User">NT AUTHORITY\SYSTEM</Data>
    <Data Name="LogonGuid">{a1bae2c4-0244-444a-9ca2-e881554d8892}</Data>
    <Data Name="LogonId">0x3e7</Data>
    <Data Name="TerminalSessionId">0</Data>
    <Data Name="IntegrityLevel">System</Data>
    <Data Name="Hashes">SHA1=F9FA354F4840B7E9239DE64F32FA74DB394F6F72,MD5=D4E8C66AECA0321FE0E5C5FCAE1AB0D3,SHA256=3CBD8272C2210AA1B9F2408BDD09CAA39B433E5384314C95B4F8C468A687B86E,IMPHASH=E70CA8B5A14A3E20D3AF153C870448D1</Data>
    <Data Name="ParentProcessGuid">{aab87a56-d1cc-6634-3102-00103db5f5dc}</Data>
    <Data Name="ParentProcessId">5724</Data>
    <Data Name="ParentImage">C:\Windows\System32\svchost.exe</Data>
    <Data Name="ParentCommandLine">svchost.exe -k LocalSystem</Data>
    
  </EventData>
</Event>
<Event xmlns="http://schemas.microsoft.com/win/2004/08/events/event">
  <System>
    <Provider Name="Microsoft-Windows-Sysmon" Guid="{5770385f-c22a-43e0-bf4c-06f5698ffbd9}"/>
    <EventID>5</EventID>
    <Version>3</Version>
    <Level>4</Level>
    <Task>5</Task>
    <Opcode>0</Opcode>
    <Keywords>0x8000000000000000</Keywords>
    <TimeCreated SystemTime="2024-05-14T12:50:18.2764828Z"/>
    <EventRecordID>453275</EventRecordID>
    <Correlation/>
    <Execution ProcessID="2384" ThreadID="1176"/>
    <Channel>Microsoft-Windows-Sysmon/Operational</Channel>
    <Computer>WS-NKAPOOR-01.northstar-branch.local</Computer>
    <Security UserID="S-1-5-18"/>
  </System>
  <EventData>
    
    <Data Name="RuleName">-</Data>
    <Data Name="UtcTime">2024-05-14 12:50:18.276</Data>
    <Data Name="ProcessGuid">{aab87a56-5dff-6643-8100-0000c6ce3d9a}</Data>
    <Data Name="ProcessId">6844</Data>
    <Data Name="Image">C:\Windows\System32\wsqmcons.exe</Data>
    <Data Name="User">NT AUTHORITY\SYSTEM</Data>
    
  </EventData>
</Event>
<Event xmlns="http://schemas.microsoft.com/win/2004/08/events/event">
  <System>
    <Provider Name="Microsoft-Windows-Sysmon" Guid="{5770385f-c22a-43e0-bf4c-06f5698ffbd9}"/>
    <EventID>5</EventID>
    <Version>3</Version>
    <Level>4</Level>
    <Task>5</Task>
    <Opcode>0</Opcode>
    <Keywords>0x8000000000000000</Keywords>
    <TimeCreated SystemTime="2024-05-14T12:50:31.0411794Z"/>
    <EventRecordID>453276</EventRecordID>
    <Correlation/>
    <Execution ProcessID="2384" ThreadID="2844"/>
    <Channel>Microsoft-Windows-Sysmon/Operational</Channel>
    <Computer>WS-NKAPOOR-01.northstar-branch.local</Computer>
    <Security UserID="S-1-5-18"/>
  </System>
  <EventData>
    
    <Data Name="RuleName">-</Data>
    <Data Name="UtcTime">2024-05-14 12:50:31.041</Data>
    <Data Name="ProcessGuid">{aab87a56-48c2-6643-fa00-0000869fac98}</Data>
    <Data Name="ProcessId">6468</Data>
    <Data Name="Image">C:\Windows\System32\SearchFilterHost.exe</Data>
    <Data Name="User">NT AUTHORITY\SYSTEM</Data>
    
  </EventData>
</Event>
<Event xmlns="http://schemas.microsoft.com/win/2004/08/events/event">
  <System>
    <Provider Name="Microsoft-Windows-Sysmon" Guid="{5770385f-c22a-43e0-bf4c-06f5698ffbd9}"/>
    <EventID>1</EventID>
    <Version>5</Version>
    <Level>4</Level>
    <Task>1</Task>
    <Opcode>0</Opcode>
    <Keywords>0x8000000000000000</Keywords>
    <TimeCreated SystemTime="2024-05-14T12:51:20.5892964Z"/>
    <EventRecordID>453287</EventRecordID>
    <Correlation/>
    <Execution ProcessID="2384" ThreadID="2896"/>
    <Channel>Microsoft-Windows-Sysmon/Operational</Channel>
    <Computer>WS-NKAPOOR-01.northstar-branch.local</Computer>
    <Security UserID="S-1-5-18"/>
  </System>
  <EventData>
    
    <Data Name="RuleName">-</Data>
    <Data Name="UtcTime">2024-05-14 12:51:20.589</Data>
    <Data Name="ProcessGuid">{aab87a56-5e48-6643-0100-0010c5a2de07}</Data>
    <Data Name="ProcessId">6736</Data>
    <Data Name="Image">C:\Program Files\Palo Alto Networks\GlobalProtect\PanGPS.exe</Data>
    <Data Name="FileVersion">-</Data>
    <Data Name="Description">-</Data>
    <Data Name="Product">-</Data>
    <Data Name="Company">-</Data>
    <Data Name="OriginalFileName">-</Data>
    <Data Name="CommandLine">PanGPS.exe</Data>
    <Data Name="CurrentDirectory">C:\Windows\System32\</Data>
    <Data Name="User">NT AUTHORITY\SYSTEM</Data>
    <Data Name="LogonGuid">{a1bae2c4-0244-444a-9ca2-e881554d8892}</Data>
    <Data Name="LogonId">0x3e7</Data>
    <Data Name="TerminalSessionId">0</Data>
    <Data Name="IntegrityLevel">System</Data>
    <Data Name="Hashes">SHA1=3E200EA313A39B2CBEE20971DDD7C18B622CE2D1,MD5=3F21D9F4256A8E3AA849259BD1FBE527,SHA256=34AA7BEFDA8F05386177BA93D66E597AE790BE0BC1B08F53796B052FEE28C2F6,IMPHASH=B0306BFAEFE452A8693305757C9EB154</Data>
    <Data Name="ParentProcessGuid">{aab87a56-d1c7-6634-a302-0010ff884d16}</Data>
    <Data Name="ParentProcessId">5652</Data>
    <Data Name="ParentImage">C:\Windows\System32\services.exe</Data>
    <Data Name="ParentCommandLine">services.exe</Data>
    
  </EventData>
</Event>
<Event xmlns="http://schemas.microsoft.com/win/2004/08/events/event">
  <System>
    <Provider Name="Microsoft-Windows-Sysmon" Guid="{5770385f-c22a-43e0-bf4c-06f5698ffbd9}"/>
    <EventID>13</EventID>
    <Version>2</Version>
    <Level>4</Level>
    <Task>13</Task>
    <Opcode>0</Opcode>
    <Keywords>0x8000000000000000</Keywords>
    <TimeCreated SystemTime="2024-05-14T12:53:06.1808447Z"/>
    <EventRecordID>453430</EventRecordID>
    <Correlation/>
    <Execution ProcessID="2384" ThreadID="2092"/>
    <Channel>Microsoft-Windows-Sysmon/Operational</Channel>
    <Computer>WS-NKAPOOR-01.northstar-branch.local</Computer>
    <Security UserID="S-1-5-18"/>
  </System>
  <EventData>
    
    <Data Name="RuleName">-</Data>
    <Data Name="EventType">SetValue</Data>
    <Data Name="UtcTime">2024-05-14 12:53:06.180</Data>
    <Data Name="ProcessGuid">{aab87a56-d1cd-6634-ea02-0000a314dfa6}</Data>
    <Data Name="ProcessId">5752</Data>
    <Data Name="Image">C:\Windows\System32\svchost.exe</Data>
    <Data Name="User">NT AUTHORITY\NETWORK SERVICE</Data>
    <Data Name="TargetObject">HKLM\SYSTEM\CurrentControlSet\Services\Netlogon\Parameters\DynamicSiteName</Data>
    <Data Name="Details">Default-First-Site-Name</Data>
    
  </EventData>
</Event>
<Event xmlns="http://schemas.microsoft.com/win/2004/08/events/event">
  <System>
    <Provider Name="Microsoft-Windows-Sysmon" Guid="{5770385f-c22a-43e0-bf4c-06f5698ffbd9}"/>
    <EventID>10</EventID>
    <Version>3</Version>
    <Level>4</Level>
    <Task>10</Task>
    <Opcode>0</Opcode>
    <Keywords>0x8000000000000000</Keywords>
    <TimeCreated SystemTime="2024-05-14T12:54:03.5917121Z"/>
    <EventRecordID>453435</EventRecordID>
    <Correlation/>
    <Execution ProcessID="2384" ThreadID="2896"/>
    <Channel>Microsoft-Windows-Sysmon/Operational</Channel>
    <Computer>WS-NKAPOOR-01.northstar-branch.local</Computer>
    <Security UserID="S-1-5-18"/>
  </System>
  <EventData>
    
    <Data Name="RuleName">-</Data>
    <Data Name="UtcTime">2024-05-14 12:54:03.591</Data>
    <Data Name="SourceProcessGUID">{aab87a56-d1da-6634-d602-0010f6b13cc0}</Data>
    <Data Name="SourceProcessId">5844</Data>
    <Data Name="SourceImage">C:\Windows\System32\wbem\WmiPrvSE.exe</Data>
    <Data Name="SourceThreadId">4444</Data>
    <Data Name="SourceUser">NT AUTHORITY\NETWORK SERVICE</Data>
    <Data Name="TargetProcessGUID">{aab87a56-d1cc-6634-3102-00103db5f5dc}</Data>
    <Data Name="TargetProcessId">5724</Data>
    <Data Name="TargetImage">C:\Windows\System32\svchost.exe</Data>
    <Data Name="TargetUser">NT AUTHORITY\SYSTEM</Data>
    <Data Name="GrantedAccess">0x1000</Data>
    <Data Name="CallTrace">C:\Windows\SYSTEM32\ntdll.dll+9EA64</Data>
    
  </EventData>
</Event>
<Event xmlns="http://schemas.microsoft.com/win/2004/08/events/event">
  <System>
    <Provider Name="Microsoft-Windows-Sysmon" Guid="{5770385f-c22a-43e0-bf4c-06f5698ffbd9}"/>
    <EventID>3</EventID>
    <Version>5</Version>
    <Level>4</Level>
    <Task>3</Task>
    <Opcode>0</Opcode>
    <Keywords>0x8000000000000000</Keywords>
    <TimeCreated SystemTime="2024-05-14T12:54:10.3711277Z"/>
    <EventRecordID>453436</EventRecordID>
    <Correlation/>
    <Execution ProcessID="2384" ThreadID="1176"/>
    <Channel>Microsoft-Windows-Sysmon/Operational</Channel>
    <Computer>WS-NKAPOOR-01.northstar-branch.local</Computer>
    <Security UserID="S-1-5-18"/>
  </System>
  <EventData>
    
    <Data Name="RuleName">-</Data>
    <Data Name="UtcTime">2024-05-14 12:54:10.371</Data>
    <Data Name="ProcessGuid">{aab87a56-4fdf-6643-8c00-00009f8661f4}</Data>
    <Data Name="ProcessId">6648</Data>
    <Data Name="Image">C:\Program Files\Google\Chrome\Application\chrome.exe</Data>
    <Data Name="User">NORTHSTAR-BRANCH\nina.kapoor</Data>
    <Data Name="Protocol">tcp</Data>
    <Data Name="Initiated">true</Data>
    <Data Name="SourceIsIpv6">false</Data>
    <Data Name="SourceIp">10.44.10.24</Data>
    <Data Name="SourceHostname">WS-NKAPOOR-01.northstar-branch.local</Data>
    <Data Name="SourcePort">56983</Data>
    <Data Name="SourcePortName">-</Data>
    <Data Name="DestinationIsIpv6">false</Data>
    <Data Name="DestinationIp">10.44.30.10</Data>
    <Data Name="DestinationHostname">WEB-BO-01.northstar-branch.local</Data>
    <Data Name="DestinationPort">80</Data>
    <Data Name="DestinationPortName">http</Data>
    
  </EventData>
</Event>
<Event xmlns="http://schemas.microsoft.com/win/2004/08/events/event">
  <System>
    <Provider Name="Microsoft-Windows-Sysmon" Guid="{5770385f-c22a-43e0-bf4c-06f5698ffbd9}"/>
    <EventID>1</EventID>
    <Version>5</Version>
    <Level>4</Level>
    <Task>1</Task>
    <Opcode>0</Opcode>
    <Keywords>0x8000000000000000</Keywords>
    <TimeCreated SystemTime="2024-05-14T12:54:35.5541558Z"/>
    <EventRecordID>453437</EventRecordID>
    <Correlation/>
    <Execution ProcessID="2384" ThreadID="2248"/>
    <Channel>Microsoft-Windows-Sysmon/Operational</Channel>
    <Computer>WS-NKAPOOR-01.northstar-branch.local</Computer>
    <Security UserID="S-1-5-18"/>
  </System>
  <EventData>
    
    <Data Name="RuleName">-</Data>
    <Data Name="UtcTime">2024-05-14 12:54:35.554</Data>
    <Data Name="ProcessGuid">{aab87a56-5f0b-6643-d000-000011b9a5f6}</Data>
    <Data Name="ProcessId">6916</Data>
    <Data Name="Image">C:\Windows\System32\mmc.exe</Data>
    <Data Name="FileVersion">10.0.22621.1</Data>
    <Data Name="Description">Microsoft Management Console</Data>
    <Data Name="Product">Microsoft Windows Operating System</Data>
    <Data Name="Company">Microsoft Corporation</Data>
    <Data Name="OriginalFileName">mmc.exe</Data>
    <Data Name="CommandLine">"C:\Windows\System32\mmc.exe" "C:\Windows\System32\dnsmgmt.msc"</Data>
    <Data Name="CurrentDirectory">C:\Windows\System32\</Data>
    <Data Name="User">NORTHSTAR-BRANCH\nina.kapoor</Data>
    <Data Name="LogonGuid">{00000000-0000-0000-0000-000000000000}</Data>
    <Data Name="LogonId">0x837e3d1</Data>
    <Data Name="TerminalSessionId">1</Data>
    <Data Name="IntegrityLevel">High</Data>
    <Data Name="Hashes">SHA1=C6F84880D54C731CE82C06C939D0E5A109210B8C,MD5=BCB299EE85364A9A97AC919C88BCEF6B,SHA256=B46F547287A4822027B49FBC85C53611E5DB881D417BEDDB85FF01E04D2E05E3,IMPHASH=A2FE9D74313BE66A7E7ED19A6DCAE5C5</Data>
    <Data Name="ParentProcessGuid">{aab87a56-3d55-6643-1900-00003d677e83}</Data>
    <Data Name="ParentProcessId">6292</Data>
    <Data Name="ParentImage">C:\Windows\explorer.exe</Data>
    <Data Name="ParentCommandLine">explorer.exe</Data>
    
  </EventData>
</Event>
<Event xmlns="http://schemas.microsoft.com/win/2004/08/events/event">
  <System>
    <Provider Name="Microsoft-Windows-Sysmon" Guid="{5770385f-c22a-43e0-bf4c-06f5698ffbd9}"/>
    <EventID>3</EventID>
    <Version>5</Version>
    <Level>4</Level>
    <Task>3</Task>
    <Opcode>0</Opcode>
    <Keywords>0x8000000000000000</Keywords>
    <TimeCreated SystemTime="2024-05-14T12:54:37.9666797Z"/>
    <EventRecordID>453438</EventRecordID>
    <Correlation/>
    <Execution ProcessID="2384" ThreadID="2248"/>
    <Channel>Microsoft-Windows-Sysmon/Operational</Channel>
    <Computer>WS-NKAPOOR-01.northstar-branch.local</Computer>
    <Security UserID="S-1-5-18"/>
  </System>
  <EventData>
    
    <Data Name="RuleName">-</Data>
    <Data Name="UtcTime">2024-05-14 12:54:37.966</Data>
    <Data Name="ProcessGuid">{aab87a56-5f0b-6643-d000-000011b9a5f6}</Data>
    <Data Name="ProcessId">6916</Data>
    <Data Name="Image">C:\Windows\System32\mmc.exe</Data>
    <Data Name="User">NORTHSTAR-BRANCH\nina.kapoor</Data>
    <Data Name="Protocol">tcp</Data>
    <Data Name="Initiated">true</Data>
    <Data Name="SourceIsIpv6">false</Data>
    <Data Name="SourceIp">10.44.10.24</Data>
    <Data Name="SourceHostname">WS-NKAPOOR-01.northstar-branch.local</Data>
    <Data Name="SourcePort">65140</Data>
    <Data Name="SourcePortName">-</Data>
    <Data Name="DestinationIsIpv6">false</Data>
    <Data Name="DestinationIp">10.44.20.10</Data>
    <Data Name="DestinationHostname">DC-BO-01.northstar-branch.local</Data>
    <Data Name="DestinationPort">135</Data>
    <Data Name="DestinationPortName">epmap</Data>
    
  </EventData>
</Event>
<Event xmlns="http://schemas.microsoft.com/win/2004/08/events/event">
  <System>
    <Provider Name="Microsoft-Windows-Sysmon" Guid="{5770385f-c22a-43e0-bf4c-06f5698ffbd9}"/>
    <EventID>13</EventID>
    <Version>2</Version>
    <Level>4</Level>
    <Task>13</Task>
    <Opcode>0</Opcode>
    <Keywords>0x8000000000000000</Keywords>
    <TimeCreated SystemTime="2024-05-14T12:56:01.9603342Z"/>
    <EventRecordID>453440</EventRecordID>
    <Correlation/>
    <Execution ProcessID="2384" ThreadID="2092"/>
    <Channel>Microsoft-Windows-Sysmon/Operational</Channel>
    <Computer>WS-NKAPOOR-01.northstar-branch.local</Computer>
    <Security UserID="S-1-5-18"/>
  </System>
  <EventData>
    
    <Data Name="RuleName">-</Data>
    <Data Name="EventType">SetValue</Data>
    <Data Name="UtcTime">2024-05-14 12:56:01.960</Data>
    <Data Name="ProcessGuid">{aab87a56-d1d4-6634-d002-0010b335eea3}</Data>
    <Data Name="ProcessId">5800</Data>
    <Data Name="Image">C:\Windows\System32\svchost.exe</Data>
    <Data Name="User">NT AUTHORITY\SYSTEM</Data>
    <Data Name="TargetObject">HKLM\SOFTWARE\Microsoft\Windows\CurrentVersion\Component Based Servicing\Packages\Microsoft-Windows-Client-Features~31bf3856ad364e35~amd64~~10.0.22621.6\CurrentState</Data>
    <Data Name="Details">DWORD (0x00000070)</Data>
    
  </EventData>
</Event>
<Event xmlns="http://schemas.microsoft.com/win/2004/08/events/event">
  <System>
    <Provider Name="Microsoft-Windows-Sysmon" Guid="{5770385f-c22a-43e0-bf4c-06f5698ffbd9}"/>
    <EventID>13</EventID>
    <Version>2</Version>
    <Level>4</Level>
    <Task>13</Task>
    <Opcode>0</Opcode>
    <Keywords>0x8000000000000000</Keywords>
    <TimeCreated SystemTime="2024-05-14T12:56:21.7625286Z"/>
    <EventRecordID>453441</EventRecordID>
    <Correlation/>
    <Execution ProcessID="2384" ThreadID="2844"/>
    <Channel>Microsoft-Windows-Sysmon/Operational</Channel>
    <Computer>WS-NKAPOOR-01.northstar-branch.local</Computer>
    <Security UserID="S-1-5-18"/>
  </System>
  <EventData>
    
    <Data Name="RuleName">-</Data>
    <Data Name="EventType">SetValue</Data>
    <Data Name="UtcTime">2024-05-14 12:56:21.762</Data>
    <Data Name="ProcessGuid">{aab87a56-d1ea-6634-2d02-00007073e398}</Data>
    <Data Name="ProcessId">5952</Data>
    <Data Name="Image">C:\Windows\System32\RuntimeBroker.exe</Data>
    <Data Name="User">NORTHSTAR-BRANCH\nina.kapoor</Data>
    <Data Name="TargetObject">HKU\S-1-5-21-3882363548-2838386070-1334550370-1004\Software\Microsoft\Windows\CurrentVersion\Explorer\UserAssist\{CEBFF5CD-ACE2-4F4F-9178-9926F41749EA}\Count\HRZR_EHACNGU:P:\Jvaqbjf\Flfgrz32\JvaqbjfCbjreFuryy\i1.0\cbjrefuryy.rkr</Data>
    <Data Name="Details">DC 7A 56 67 EE E6 DF 28 93 BC 7A 3C 8F E0 E3 7C AF 93 83 0E 8E AD E8 0D DF 3D 6F 2F 78 96 E7 AE</Data>
    
  </EventData>
</Event>
<Event xmlns="http://schemas.microsoft.com/win/2004/08/events/event">
  <System>
    <Provider Name="Microsoft-Windows-Sysmon" Guid="{5770385f-c22a-43e0-bf4c-06f5698ffbd9}"/>
    <EventID>13</EventID>
    <Version>2</Version>
    <Level>4</Level>
    <Task>13</Task>
    <Opcode>0</Opcode>
    <Keywords>0x8000000000000000</Keywords>
    <TimeCreated SystemTime="2024-05-14T13:02:29.5743238Z"/>
    <EventRecordID>453444</EventRecordID>
    <Correlation/>
    <Execution ProcessID="2384" ThreadID="2248"/>
    <Channel>Microsoft-Windows-Sysmon/Operational</Channel>
    <Computer>WS-NKAPOOR-01.northstar-branch.local</Computer>
    <Security UserID="S-1-5-18"/>
  </System>
  <EventData>
    
    <Data Name="RuleName">-</Data>
    <Data Name="EventType">SetValue</Data>
    <Data Name="UtcTime">2024-05-14 13:02:29.574</Data>
    <Data Name="ProcessGuid">{aab87a56-d1ea-6634-2d02-00007073e398}</Data>
    <Data Name="ProcessId">5952</Data>
    <Data Name="Image">C:\Windows\System32\RuntimeBroker.exe</Data>
    <Data Name="User">NORTHSTAR-BRANCH\nina.kapoor</Data>
    <Data Name="TargetObject">HKU\S-1-5-21-3882363548-2838386070-1334550370-1004\Software\Microsoft\Office\16.0\Word\Reading Locations\Document 3\Datetime</Data>
    <Data Name="Details">2024-05-14T11:08:32</Data>
    
  </EventData>
</Event>
<Event xmlns="http://schemas.microsoft.com/win/2004/08/events/event">
  <System>
    <Provider Name="Microsoft-Windows-Sysmon" Guid="{5770385f-c22a-43e0-bf4c-06f5698ffbd9}"/>
    <EventID>1</EventID>
    <Version>5</Version>
    <Level>4</Level>
    <Task>1</Task>
    <Opcode>0</Opcode>
    <Keywords>0x8000000000000000</Keywords>
    <TimeCreated SystemTime="2024-05-14T13:02:49.8361515Z"/>
    <EventRecordID>453445</EventRecordID>
    <Correlation/>
    <Execution ProcessID="2384" ThreadID="2248"/>
    <Channel>Microsoft-Windows-Sysmon/Operational</Channel>
    <Computer>WS-NKAPOOR-01.northstar-branch.local</Computer>
    <Security UserID="S-1-5-18"/>
  </System>
  <EventData>
    
    <Data Name="RuleName">-</Data>
    <Data Name="UtcTime">2024-05-14 13:02:49.836</Data>
    <Data Name="ProcessGuid">{aab87a56-60f9-6643-f400-0010acac4718}</Data>
    <Data Name="ProcessId">7072</Data>
    <Data Name="Image">C:\Windows\System32\wbem\WmiPrvSE.exe</Data>
    <Data Name="FileVersion">10.0.22621.1</Data>
    <Data Name="Description">WMI Provider Host</Data>
    <Data Name="Product">Microsoft Windows Operating System</Data>
    <Data Name="Company">Microsoft Corporation</Data>
    <Data Name="OriginalFileName">WmiPrvSE.exe</Data>
    <Data Name="CommandLine">WmiPrvSE.exe -secured -Embedding</Data>
    <Data Name="CurrentDirectory">C:\Windows\System32\</Data>
    <Data Name="User">NT AUTHORITY\SYSTEM</Data>
    <Data Name="LogonGuid">{a1bae2c4-0244-444a-9ca2-e881554d8892}</Data>
    <Data Name="LogonId">0x3e7</Data>
    <Data Name="TerminalSessionId">0</Data>
    <Data Name="IntegrityLevel">System</Data>
    <Data Name="Hashes">SHA1=46ED812F7B5C135F9B5C3B57477D88A786683FF2,MD5=AAEAE0631E80D5742B02ED7046F7C425,SHA256=894ABE128AA86E96E7CD29A302C0E058BF88455F7D54C53BF1C01C3669D49661,IMPHASH=2AF1A337C33BBA81DFC20C21850217EF</Data>
    <Data Name="ParentProcessGuid">{aab87a56-d1ca-6634-7902-0000f7ee934e}</Data>
    <Data Name="ParentProcessId">5696</Data>
    <Data Name="ParentImage">C:\Windows\System32\svchost.exe</Data>
    <Data Name="ParentCommandLine">svchost.exe -k DcomLaunch</Data>
    
  </EventData>
</Event>
<Event xmlns="http://schemas.microsoft.com/win/2004/08/events/event">
  <System>
    <Provider Name="Microsoft-Windows-Sysmon" Guid="{5770385f-c22a-43e0-bf4c-06f5698ffbd9}"/>
    <EventID>1</EventID>
    <Version>5</Version>
    <Level>4</Level>
    <Task>1</Task>
    <Opcode>0</Opcode>
    <Keywords>0x8000000000000000</Keywords>
    <TimeCreated SystemTime="2024-05-14T13:02:51.0672493Z"/>
    <EventRecordID>453446</EventRecordID>
    <Correlation/>
    <Execution ProcessID="2384" ThreadID="2248"/>
    <Channel>Microsoft-Windows-Sysmon/Operational</Channel>
    <Computer>WS-NKAPOOR-01.northstar-branch.local</Computer>
    <Security UserID="S-1-5-18"/>
  </System>
  <EventData>
    
    <Data Name="RuleName">-</Data>
    <Data Name="UtcTime">2024-05-14 13:02:51.067</Data>
    <Data Name="ProcessGuid">{aab87a56-60fb-6643-8800-0000c3a07324}</Data>
    <Data Name="ProcessId">7104</Data>
    <Data Name="Image">C:\Program Files\HP\HP Image Assistant\HPImageAssistant.exe</Data>
    <Data Name="FileVersion">-</Data>
    <Data Name="Description">-</Data>
    <Data Name="Product">-</Data>
    <Data Name="Company">-</Data>
    <Data Name="OriginalFileName">-</Data>
    <Data Name="CommandLine">HPImageAssistant.exe /Operation:Analyze /Silent</Data>
    <Data Name="CurrentDirectory">C:\Windows\System32\</Data>
    <Data Name="User">NT AUTHORITY\SYSTEM</Data>
    <Data Name="LogonGuid">{a1bae2c4-0244-444a-9ca2-e881554d8892}</Data>
    <Data Name="LogonId">0x3e7</Data>
    <Data Name="TerminalSessionId">0</Data>
    <Data Name="IntegrityLevel">System</Data>
    <Data Name="Hashes">SHA1=A06EC1FA31BF4F03C1DC8B8448E2F00F263E607D,MD5=BBC9DE50239C7FBB3BE6EDCB9A0BE725,SHA256=EFA87B1039A292E477780A95DE6B3694F0A1777208659A359BB51CEE1163D2FE,IMPHASH=61542B51CAA457C075C1EA6EFFA060FC</Data>
    <Data Name="ParentProcessGuid">{aab87a56-d1e2-6634-6200-0010927d31cd}</Data>
    <Data Name="ParentProcessId">5904</Data>
    <Data Name="ParentImage">C:\Windows\System32\taskhostw.exe</Data>
    <Data Name="ParentCommandLine">taskhostw.exe</Data>
    
  </EventData>
</Event>
<Event xmlns="http://schemas.microsoft.com/win/2004/08/events/event">
  <System>
    <Provider Name="Microsoft-Windows-Sysmon" Guid="{5770385f-c22a-43e0-bf4c-06f5698ffbd9}"/>
    <EventID>11</EventID>
    <Version>2</Version>
    <Level>4</Level>
    <Task>11</Task>
    <Opcode>0</Opcode>
    <Keywords>0x8000000000000000</Keywords>
    <TimeCreated SystemTime="2024-05-14T13:06:19.0352545Z"/>
    <EventRecordID>453476</EventRecordID>
    <Correlation/>
    <Execution ProcessID="2384" ThreadID="2092"/>
    <Channel>Microsoft-Windows-Sysmon/Operational</Channel>
    <Computer>WS-NKAPOOR-01.northstar-branch.local</Computer>
    <Security UserID="S-1-5-18"/>
  </System>
  <EventData>
    
    <Data Name="RuleName">-</Data>
    <Data Name="UtcTime">2024-05-14 13:06:19.035</Data>
    <Data Name="ProcessGuid">{aab87a56-d1c2-6634-6e00-00100432979b}</Data>
    <Data Name="ProcessId">5636</Data>
    <Data Name="Image">C:\Windows\System32\csrss.exe</Data>
    <Data Name="User">NT AUTHORITY\SYSTEM</Data>
    <Data Name="TargetFilename">C:\ProgramData\Microsoft\Windows Defender\Scans\History\Service\DetectionHistory\41073</Data>
    <Data Name="CreationUtcTime">2024-05-14 13:06:19.035</Data>
    
  </EventData>
</Event>
