<Event xmlns="http://schemas.microsoft.com/win/2004/08/events/event">
  <System>
    <Provider Name="Microsoft-Windows-Sysmon" Guid="{5770385f-c22a-43e0-bf4c-06f5698ffbd9}"/>
    <EventID>3</EventID>
    <Version>5</Version>
    <Level>4</Level>
    <Task>3</Task>
    <Opcode>0</Opcode>
    <Keywords>0x8000000000000000</Keywords>
    <TimeCreated SystemTime="2024-05-14T13:07:48.5395082Z"/>
    <EventRecordID>453530</EventRecordID>
    <Correlation/>
    <Execution ProcessID="2384" ThreadID="2844"/>
    <Channel>Microsoft-Windows-Sysmon/Operational</Channel>
    <Computer>WS-NKAPOOR-01.northstar-branch.local</Computer>
    <Security UserID="S-1-5-18"/>
  </System>
  <EventData>
    
    <Data Name="RuleName">-</Data>
    <Data Name="UtcTime">2024-05-14 13:07:48.539</Data>
    <Data Name="ProcessGuid">{aab87a56-d1c8-6634-8002-001038fe3a60}</Data>
    <Data Name="ProcessId">5680</Data>
    <Data Name="Image">C:\Windows\System32\lsass.exe</Data>
    <Data Name="User">NT AUTHORITY\SYSTEM</Data>
    <Data Name="Protocol">udp</Data>
    <Data Name="Initiated">true</Data>
    <Data Name="SourceIsIpv6">false</Data>
    <Data Name="SourceIp">10.44.10.24</Data>
    <Data Name="SourceHostname">WS-NKAPOOR-01.northstar-branch.local</Data>
    <Data Name="SourcePort">54937</Data>
    <Data Name="SourcePortName">-</Data>
    <Data Name="DestinationIsIpv6">false</Data>
    <Data Name="DestinationIp">10.44.20.10</Data>
    <Data Name="DestinationHostname">DC-BO-01.northstar-branch.local</Data>
    <Data Name="DestinationPort">88</Data>
    <Data Name="DestinationPortName">kerberos</Data>
    
  </EventData>
</Event>
<Event xmlns="http://schemas.microsoft.com/win/2004/08/events/event">
  <System>
    <Provider Name="Microsoft-Windows-Sysmon" Guid="{5770385f-c22a-43e0-bf4c-06f5698ffbd9}"/>
    <EventID>5</EventID>
    <Version>3</Version>
    <Level>4</Level>
    <Task>5</Task>
    <Opcode>0</Opcode>
    <Keywords>0x8000000000000000</Keywords>
    <TimeCreated SystemTime="2024-05-14T13:08:00.0777738Z"/>
    <EventRecordID>453531</EventRecordID>
    <Correlation/>
    <Execution ProcessID="2384" ThreadID="2896"/>
    <Channel>Microsoft-Windows-Sysmon/Operational</Channel>
    <Computer>WS-NKAPOOR-01.northstar-branch.local</Computer>
    <Security UserID="S-1-5-18"/>
  </System>
  <EventData>
    
    <Data Name="RuleName">-</Data>
    <Data Name="UtcTime">2024-05-14 13:08:00.077</Data>
    <Data Name="ProcessGuid">{aab87a56-60f9-6643-f400-0010acac4718}</Data>
    <Data Name="ProcessId">7072</Data>
    <Data Name="Image">C:\Windows\System32\wbem\WmiPrvSE.exe</Data>
    <Data Name="User">NT AUTHORITY\SYSTEM</Data>
    
  </EventData>
</Event>
<Event xmlns="http://schemas.microsoft.com/win/2004/08/events/event">
  <System>
    <Provider Name="Microsoft-Windows-Sysmon" Guid="{5770385f-c22a-43e0-bf4c-06f5698ffbd9}"/>
    <EventID>3</EventID>
    <Version>5</Version>
    <Level>4</Level>
    <Task>3</Task>
    <Opcode>0</Opcode>
    <Keywords>0x8000000000000000</Keywords>
    <TimeCreated SystemTime="2024-05-14T13:08:10.6494209Z"/>
    <EventRecordID>453532</EventRecordID>
    <Correlation/>
    <Execution ProcessID="2384" ThreadID="2896"/>
    <Channel>Microsoft-Windows-Sysmon/Operational</Channel>
    <Computer>WS-NKAPOOR-01.northstar-branch.local</Computer>
    <Security UserID="S-1-5-18"/>
  </System>
  <EventData>
    
    <Data Name="RuleName">-</Data>
    <Data Name="UtcTime">2024-05-14 13:08:10.649</Data>
    <Data Name="ProcessGuid">{aab87a56-59f1-6643-0c00-000053203940}</Data>
    <Data Name="ProcessId">6668</Data>
    <Data Name="Image">C:\Program Files\Internet Explorer\iexplore.exe</Data>
    <Data Name="User">NORTHSTAR-BRANCH\nina.kapoor</Data>
    <Data Name="Protocol">tcp</Data>
    <Data Name="Initiated">true</Data>
    <Data Name="SourceIsIpv6">false</Data>
    <Data Name="SourceIp">10.44.10.24</Data>
    <Data Name="SourceHostname">WS-NKAPOOR-01.northstar-branch.local</Data>
    <Data Name="SourcePort">56747</Data>
    <Data Name="SourcePortName">-</Data>
    <Data Name="DestinationIsIpv6">false</Data>
    <Data Name="DestinationIp">10.44.20.30</Data>
    <Data Name="DestinationHostname">PROXY-BO-01.northstar-branch.local</Data>
    <Data Name="DestinationPort">8080</Data>
    <Data Name="DestinationPortName">http-alt</Data>
    
  </EventData>
</Event>
<Event xmlns="http://schemas.microsoft.com/win/2004/08/events/event">
  <System>
    <Provider Name="Microsoft-Windows-Sysmon" Guid="{5770385f-c22a-43e0-bf4c-06f5698ffbd9}"/>
    <EventID>3</EventID>
    <Version>5</Version>
    <Level>4</Level>
    <Task>3</Task>
    <Opcode>0</Opcode>
    <Keywords>0x8000000000000000</Keywords>
    <TimeCreated SystemTime="2024-05-14T13:11:28.1169434Z"/>
    <EventRecordID>453545</EventRecordID>
    <Correlation/>
    <Execution ProcessID="2384" ThreadID="2844"/>
    <Channel>Microsoft-Windows-Sysmon/Operational</Channel>
    <Computer>WS-NKAPOOR-01.northstar-branch.local</Computer>
    <Security UserID="S-1-5-18"/>
  </System>
  <EventData>
    
    <Data Name="RuleName">-</Data>
    <Data Name="UtcTime">2024-05-14 13:11:28.116</Data>
    <Data Name="ProcessGuid">{aab87a56-d1cd-6634-ea02-0000a314dfa6}</Data>
    <Data Name="ProcessId">5752</Data>
    <Data Name="Image">C:\Windows\System32\svchost.exe</Data>
    <Data Name="User">NT AUTHORITY\NETWORK SERVICE</Data>
    <Data Name="Protocol">tcp</Data>
    <Data Name="Initiated">true</Data>
    <Data Name="SourceIsIpv6">false</Data>
    <Data Name="SourceIp">10.44.10.24</Data>
    <Data Name="SourceHostname">WS-NKAPOOR-01.northstar-branch.local</Data>
    <Data Name="SourcePort">52057</Data>
    <Data Name="SourcePortName">-</Data>
    <Data Name="DestinationIsIpv6">false</Data>
    <Data Name="DestinationIp">10.44.20.30</Data>
    <Data Name="DestinationHostname">PROXY-BO-01.northstar-branch.local</Data>
    <Data Name="DestinationPort">8080</Data>
    <Data Name="DestinationPortName">http-alt</Data>
    
  </EventData>
</Event>
<Event xmlns="http://schemas.microsoft.com/win/2004/08/events/event">
  <System>
    <Provider Name="Microsoft-Windows-Sysmon" Guid="{5770385f-c22a-43e0-bf4c-06f5698ffbd9}"/>
    <EventID>3</EventID>
    <Version>5</Version>
    <Level>4</Level>
    <Task>3</Task>
    <Opcode>0</Opcode>
    <Keywords>0x8000000000000000</Keywords>
    <TimeCreated SystemTime="2024-05-14T13:11:31.9010638Z"/>
    <EventRecordID>453554</EventRecordID>
    <Correlation/>
    <Execution ProcessID="2384" ThreadID="2844"/>
    <Channel>Microsoft-Windows-Sysmon/Operational</Channel>
    <Computer>WS-NKAPOOR-01.northstar-branch.local</Computer>
    <Security UserID="S-1-5-18"/>
  </System>
  <EventData>
    
    <Data Name="RuleName">-</Data>
    <Data Name="UtcTime">2024-05-14 13:11:31.901</Data>
    <Data Name="ProcessGuid">{aab87a56-4fdf-6643-8c00-00009f8661f4}</Data>
    <Data Name="ProcessId">6648</Data>
    <Data Name="Image">C:\Program Files\Google\Chrome\Application\chrome.exe</Data>
    <Data Name="User">NORTHSTAR-BRANCH\nina.kapoor</Data>
    <Data Name="Protocol">tcp</Data>
    <Data Name="Initiated">true</Data>
    <Data Name="SourceIsIpv6">false</Data>
    <Data Name="SourceIp">10.44.10.24</Data>
    <Data Name="SourceHostname">WS-NKAPOOR-01.northstar-branch.local</Data>
    <Data Name="SourcePort">62000</Data>
    <Data Name="SourcePortName">-</Data>
    <Data Name="DestinationIsIpv6">false</Data>
    <Data Name="DestinationIp">10.44.20.30</Data>
    <Data Name="DestinationHostname">PROXY-BO-01.northstar-branch.local</Data>
    <Data Name="DestinationPort">8080</Data>
    <Data Name="DestinationPortName">http-alt</Data>
    
  </EventData>
</Event>
<Event xmlns="http://schemas.microsoft.com/win/2004/08/events/event">
  <System>
    <Provider Name="Microsoft-Windows-Sysmon" Guid="{5770385f-c22a-43e0-bf4c-06f5698ffbd9}"/>
    <EventID>5</EventID>
    <Version>3</Version>
    <Level>4</Level>
    <Task>5</Task>
    <Opcode>0</Opcode>
    <Keywords>0x8000000000000000</Keywords>
    <TimeCreated SystemTime="2024-05-14T13:11:51.0285132Z"/>
    <EventRecordID>453585</EventRecordID>
    <Correlation/>
    <Execution ProcessID="2384" ThreadID="1176"/>
    <Channel>Microsoft-Windows-Sysmon/Operational</Channel>
    <Computer>WS-NKAPOOR-01.northstar-branch.local</Computer>
    <Security UserID="S-1-5-18"/>
  </System>
  <EventData>
    
    <Data Name="RuleName">-</Data>
    <Data Name="UtcTime">2024-05-14 13:11:51.028</Data>
    <Data Name="ProcessGuid">{aab87a56-5d27-6643-e000-00000dc09d70}</Data>
    <Data Name="ProcessId">6832</Data>
    <Data Name="Image">C:\Windows\System32\cleanmgr.exe</Data>
    <Data Name="User">NT AUTHORITY\SYSTEM</Data>
    
  </EventData>
</Event>
<Event xmlns="http://schemas.microsoft.com/win/2004/08/events/event">
  <System>
    <Provider Name="Microsoft-Windows-Sysmon" Guid="{5770385f-c22a-43e0-bf4c-06f5698ffbd9}"/>
    <EventID>13</EventID>
    <Version>2</Version>
    <Level>4</Level>
    <Task>13</Task>
    <Opcode>0</Opcode>
    <Keywords>0x8000000000000000</Keywords>
    <TimeCreated SystemTime="2024-05-14T13:11:59.8987431Z"/>
    <EventRecordID>453616</EventRecordID>
    <Correlation/>
    <Execution ProcessID="2384" ThreadID="2092"/>
    <Channel>Microsoft-Windows-Sysmon/Operational</Channel>
    <Computer>WS-NKAPOOR-01.northstar-branch.local</Computer>
    <Security UserID="S-1-5-18"/>
  </System>
  <EventData>
    
    <Data Name="RuleName">-</Data>
    <Data Name="EventType">SetValue</Data>
    <Data Name="UtcTime">2024-05-14 13:11:59.898</Data>
    <Data Name="ProcessGuid">{aab87a56-d1e0-6634-8f02-0000c9c291d0}</Data>
    <Data Name="ProcessId">5896</Data>
    <Data Name="Image">C:\Windows\System32\msiexec.exe</Data>
    <Data Name="User">NT AUTHORITY\SYSTEM</Data>
    <Data Name="TargetObject">HKLM\SOFTWARE\Microsoft\Windows\CurrentVersion\Component Based Servicing\Packages\Package_for_RollupFix~31bf3856ad364e35~amd64~~10.0.22621.56\CurrentState</Data>
    <Data Name="Details">DWORD (0x00000070)</Data>
    
  </EventData>
</Event>
<Event xmlns="http://schemas.microsoft.com/win/2004/08/events/event">
  <System>
    <Provider Name="Microsoft-Windows-Sysmon" Guid="{5770385f-c22a-43e0-bf4c-06f5698ffbd9}"/>
    <EventID>5</EventID>
    <Version>3</Version>
    <Level>4</Level>
    <Task>5</Task>
    <Opcode>0</Opcode>
    <Keywords>0x8000000000000000</Keywords>
    <TimeCreated SystemTime="2024-05-14T13:12:53.0052215Z"/>
    <EventRecordID>453795</EventRecordID>
    <Correlation/>
    <Execution ProcessID="2384" ThreadID="2248"/>
    <Channel>Microsoft-Windows-Sysmon/Operational</Channel>
    <Computer>WS-NKAPOOR-01.northstar-branch.local</Computer>
    <Security UserID="S-1-5-18"/>
  </System>
  <EventData>
    
    <Data Name="RuleName">-</Data>
    <Data Name="UtcTime">2024-05-14 13:12:53.005</Data>
    <Data Name="ProcessGuid">{aab87a56-60fb-6643-8800-0000c3a07324}</Data>
    <Data Name="ProcessId">7104</Data>
    <Data Name="Image">C:\Program Files\HP\HP Image Assistant\HPImageAssistant.exe</Data>
    <Data Name="User">NT AUTHORITY\SYSTEM</Data>
    
  </EventData>
</Event>
<Event xmlns="http://schemas.microsoft.com/win/2004/08/events/event">
  <System>
    <Provider Name="Microsoft-Windows-Sysmon" Guid="{5770385f-c22a-43e0-bf4c-06f5698ffbd9}"/>
    <EventID>1</EventID>
    <Version>5</Version>
    <Level>4</Level>
    <Task>1</Task>
    <Opcode>0</Opcode>
    <Keywords>0x8000000000000000</Keywords>
    <TimeCreated SystemTime="2024-05-14T13:13:32.3369940Z"/>
    <EventRecordID>453796</EventRecordID>
    <Correlation/>
    <Execution ProcessID="2384" ThreadID="2248"/>
    <Channel>Microsoft-Windows-Sysmon/Operational</Channel>
    <Computer>WS-NKAPOOR-01.northstar-branch.local</Computer>
    <Security UserID="S-1-5-18"/>
  </System>
  <EventData>
    
    <Data Name="RuleName">-</Data>
    <Data Name="UtcTime">2024-05-14 13:13:32.336</Data>
    <Data Name="ProcessGuid">{aab87a56-637c-6643-cd00-00105e0c7fea}</Data>
    <Data Name="ProcessId">7196</Data>
    <Data Name="Image">C:\Windows\System32\mstsc.exe</Data>
    <Data Name="FileVersion">10.0.22621.1</Data>
    <Data Name="Description">Remote Desktop Connection</Data>
    <Data Name="Product">Microsoft Windows Operating System</Data>
    <Data Name="Company">Microsoft Corporation</Data>
    <Data Name="OriginalFileName">mstsc.exe</Data>
    <Data Name="CommandLine">mstsc.exe /v:DC-BO-01</Data>
    <Data Name="CurrentDirectory">C:\Windows\System32\</Data>
    <Data Name="User">NORTHSTAR-BRANCH\nina.kapoor</Data>
    <Data Name="LogonGuid">{00000000-0000-0000-0000-000000000000}</Data>
    <Data Name="LogonId">0x837e3d1</Data>
    <Data Name="TerminalSessionId">1</Data>
    <Data Name="IntegrityLevel">Medium</Data>
    <Data Name="Hashes">SHA1=E6E36D2FC9772680CAA626321052A0C9D56D307A,MD5=D279444AE4C9D8B7840B8A914D0D3419,SHA256=07030FD178093090E1B1A171374910B6868B60F1E452940FB8F03806C324C621,IMPHASH=8C24FC2F939A9A509FBC0B5C81CBAA47</Data>
    <Data Name="ParentProcessGuid">{aab87a56-3d55-6643-1900-00003d677e83}</Data>
    <Data Name="ParentProcessId">6292</Data>
    <Data Name="ParentImage">C:\Windows\explorer.exe</Data>
    <Data Name="ParentCommandLine">explorer.exe</Data>
    
  </EventData>
</Event>
<Event xmlns="http://schemas.microsoft.com/win/2004/08/events/event">
  <System>
    <Provider Name="Microsoft-Windows-Sysmon" Guid="{5770385f-c22a-43e0-bf4c-06f5698ffbd9}"/>
    <EventID>3</EventID>
    <Version>5</Version>
    <Level>4</Level>
    <Task>3</Task>
    <Opcode>0</Opcode>
    <Keywords>0x8000000000000000</Keywords>
    <TimeCreated SystemTime="2024-05-14T13:13:34.4090460Z"/>
    <EventRecordID>453811</EventRecordID>
    <Correlation/>
    <Execution ProcessID="2384" ThreadID="2092"/>
    <Channel>Microsoft-Windows-Sysmon/Operational</Channel>
    <Computer>WS-NKAPOOR-01.northstar-branch.local</Computer>
    <Security UserID="S-1-5-18"/>
  </System>
  <EventData>
    
    <Data Name="RuleName">-</Data>
    <Data Name="UtcTime">2024-05-14 13:13:34.409</Data>
    <Data Name="ProcessGuid">{aab87a56-637c-6643-cd00-00105e0c7fea}</Data>
    <Data Name="ProcessId">7196</Data>
    <Data Name="Image">C:\Windows\System32\mstsc.exe</Data>
    <Data Name="User">NORTHSTAR-BRANCH\nina.kapoor</Data>
    <Data Name="Protocol">tcp</Data>
    <Data Name="Initiated">true</Data>
    <Data Name="SourceIsIpv6">false</Data>
    <Data Name="SourceIp">10.44.10.24</Data>
    <Data Name="SourceHostname">WS-NKAPOOR-01.northstar-branch.local</Data>
    <Data Name="SourcePort">62746</Data>
    <Data Name="SourcePortName">-</Data>
    <Data Name="DestinationIsIpv6">false</Data>
    <Data Name="DestinationIp">10.44.20.10</Data>
    <Data Name="DestinationHostname">DC-BO-01.northstar-branch.local</Data>
    <Data Name="DestinationPort">3389</Data>
    <Data Name="DestinationPortName">ms-wbt-server</Data>
    
  </EventData>
</Event>
<Event xmlns="http://schemas.microsoft.com/win/2004/08/events/event">
  <System>
    <Provider Name="Microsoft-Windows-Sysmon" Guid="{5770385f-c22a-43e0-bf4c-06f5698ffbd9}"/>
    <EventID>10</EventID>
    <Version>3</Version>
    <Level>4</Level>
    <Task>10</Task>
    <Opcode>0</Opcode>
    <Keywords>0x8000000000000000</Keywords>
    <TimeCreated SystemTime="2024-05-14T13:14:32.0769754Z"/>
    <EventRecordID>453812</EventRecordID>
    <Correlation/>
    <Execution ProcessID="2384" ThreadID="2844"/>
    <Channel>Microsoft-Windows-Sysmon/Operational</Channel>
    <Computer>WS-NKAPOOR-01.northstar-branch.local</Computer>
    <Security UserID="S-1-5-18"/>
  </System>
  <EventData>
    
    <Data Name="RuleName">-</Data>
    <Data Name="UtcTime">2024-05-14 13:14:32.076</Data>
    <Data Name="SourceProcessGUID">{aab87a56-d1d8-6634-f800-0000ebef28d5}</Data>
    <Data Name="SourceProcessId">5804</Data>
    <Data Name="SourceImage">C:\ProgramData\Microsoft\Windows Defender\Platform\4.18.2301.6-0\MsMpEng.exe</Data>
    <Data Name="SourceThreadId">9928</Data>
    <Data Name="SourceUser">NT AUTHORITY\SYSTEM</Data>
    <Data Name="TargetProcessGUID">{aab87a56-d1e8-6634-fa02-00003f48bc4c}</Data>
    <Data Name="TargetProcessId">5948</Data>
    <Data Name="TargetImage">C:\Windows\explorer.exe</Data>
    <Data Name="TargetUser">NORTHSTAR-BRANCH\nina.kapoor</Data>
    <Data Name="GrantedAccess">0x1410</Data>
    <Data Name="CallTrace">C:\Windows\SYSTEM32\ntdll.dll+9D6CB|C:\Windows\SYSTEM32\KERNELBASE.dll+2DE05|C:\Windows\SYSTEM32\wbemcomn.dll+17980</Data>
    
  </EventData>
</Event>
<Event xmlns="http://schemas.microsoft.com/win/2004/08/events/event">
  <System>
    <Provider Name="Microsoft-Windows-Sysmon" Guid="{5770385f-c22a-43e0-bf4c-06f5698ffbd9}"/>
    <EventID>10</EventID>
    <Version>3</Version>
    <Level>4</Level>
    <Task>10</Task>
    <Opcode>0</Opcode>
    <Keywords>0x8000000000000000</Keywords>
    <TimeCreated SystemTime="2024-05-14T13:15:43.5576497Z"/>
    <EventRecordID>453814</EventRecordID>
    <Correlation/>
    <Execution ProcessID="2384" ThreadID="1176"/>
    <Channel>Microsoft-Windows-Sysmon/Operational</Channel>
    <Computer>WS-NKAPOOR-01.northstar-branch.local</Computer>
    <Security UserID="S-1-5-18"/>
  </System>
  <EventData>
    
    <Data Name="RuleName">-</Data>
    <Data Name="UtcTime">2024-05-14 13:15:43.557</Data>
    <Data Name="SourceProcessGUID">{aab87a56-d1c2-6634-6e00-00100432979b}</Data>
    <Data Name="SourceProcessId">5636</Data>
    <Data Name="SourceImage">C:\Windows\System32\csrss.exe</Data>
    <Data Name="SourceThreadId">1968</Data>
    <Data Name="SourceUser">NT AUTHORITY\SYSTEM</Data>
    <Data Name="TargetProcessGUID">{aab87a56-d1cc-6634-3102-00103db5f5dc}</Data>
    <Data Name="TargetProcessId">5724</Data>
    <Data Name="TargetImage">C:\Windows\System32\svchost.exe</Data>
    <Data Name="TargetUser">NT AUTHORITY\SYSTEM</Data>
    <Data Name="GrantedAccess">0x1000</Data>
    <Data Name="CallTrace">C:\Windows\SYSTEM32\ntdll.dll+9EFB8|C:\Windows\SYSTEM32\KERNELBASE.dll+2C23F</Data>
    
  </EventData>
</Event>
<Event xmlns="http://schemas.microsoft.com/win/2004/08/events/event">
  <System>
    <Provider Name="Microsoft-Windows-Sysmon" Guid="{5770385f-c22a-43e0-bf4c-06f5698ffbd9}"/>
    <EventID>10</EventID>
    <Version>3</Version>
    <Level>4</Level>
    <Task>10</Task>
    <Opcode>0</Opcode>
    <Keywords>0x8000000000000000</Keywords>
    <TimeCreated SystemTime="2024-05-14T13:17:10.6831813Z"/>
    <EventRecordID>453816</EventRecordID>
    <Correlation/>
    <Execution ProcessID="2384" ThreadID="2844"/>
    <Channel>Microsoft-Windows-Sysmon/Operational</Channel>
    <Computer>WS-NKAPOOR-01.northstar-branch.local</Computer>
    <Security UserID="S-1-5-18"/>
  </System>
  <EventData>
    
    <Data Name="RuleName">-</Data>
    <Data Name="UtcTime">2024-05-14 13:17:10.683</Data>
    <Data Name="SourceProcessGUID">{aab87a56-d1c2-6634-6e00-00100432979b}</Data>
    <Data Name="SourceProcessId">5636</Data>
    <Data Name="SourceImage">C:\Windows\System32\csrss.exe</Data>
    <Data Name="SourceThreadId">1676</Data>
    <Data Name="SourceUser">NT AUTHORITY\SYSTEM</Data>
    <Data Name="TargetProcessGUID">{aab87a56-d1cc-6634-3102-00103db5f5dc}</Data>
    <Data Name="TargetProcessId">5724</Data>
    <Data Name="TargetImage">C:\Windows\System32\svchost.exe</Data>
    <Data Name="TargetUser">NT AUTHORITY\SYSTEM</Data>
    <Data Name="GrantedAccess">0x1000</Data>
    <Data Name="CallTrace">C:\Windows\SYSTEM32\ntdll.dll+9E671|C:\Windows\SYSTEM32\RPCRT4.dll+7D1C2|C:\Windows\SYSTEM32\KERNELBASE.dll+2D664</Data>
    
  </EventData>
</Event>
<Event xmlns="http://schemas.microsoft.com/win/2004/08/events/event">
  <System>
    <Provider Name="Microsoft-Windows-Sysmon" Guid="{5770385f-c22a-43e0-bf4c-06f5698ffbd9}"/>
    <EventID>1</EventID>
    <Version>5</Version>
    <Level>4</Level>
    <Task>1</Task>
    <Opcode>0</Opcode>
    <Keywords>0x8000000000000000</Keywords>
    <TimeCreated SystemTime="2024-05-14T13:18:02.1365451Z"/>
    <EventRecordID>453858</EventRecordID>
    <Correlation/>
    <Execution ProcessID="2384" ThreadID="1176"/>
    <Channel>Microsoft-Windows-Sysmon/Operational</Channel>
    <Computer>WS-NKAPOOR-01.northstar-branch.local</Computer>
    <Security UserID="S-1-5-18"/>
  </System>
  <EventData>
    
    <Data Name="RuleName">-</Data>
    <Data Name="UtcTime">2024-05-14 13:18:02.136</Data>
    <Data Name="ProcessGuid">{aab87a56-648a-6643-0502-001011b9e104}</Data>
    <Data Name="ProcessId">7032</Data>
    <Data Name="Image">C:\Program Files\Zscaler\ZSAService\ZSAService.exe</Data>
    <Data Name="FileVersion">-</Data>
    <Data Name="Description">-</Data>
    <Data Name="Product">-</Data>
    <Data Name="Company">-</Data>
    <Data Name="OriginalFileName">-</Data>
    <Data Name="CommandLine">ZSAService.exe</Data>
    <Data Name="CurrentDirectory">C:\Windows\System32\</Data>
    <Data Name="User">NT AUTHORITY\SYSTEM</Data>
    <Data Name="LogonGuid">{a1bae2c4-0244-444a-9ca2-e881554d8892}</Data>
    <Data Name="LogonId">0x3e7</Data>
    <Data Name="TerminalSessionId">0</Data>
    <Data Name="IntegrityLevel">System</Data>
    <Data Name="Hashes">SHA1=A3AAF107C5D09EC17E1F0D0AC23062EC0D42D552,MD5=AE56101B807A2BC2F420F420C88580E6,SHA256=80706335E0187B8422A8C0938A7C65D5FB249E7377A9FB249DC81F6B8BEDBAC8,IMPHASH=30BCD5EC244E4F59F7243F4C4129FEA7</Data>
    <Data Name="ParentProcessGuid">{aab87a56-d1c7-6634-a302-0010ff884d16}</Data>
    <Data Name="ParentProcessId">5652</Data>
    <Data Name="ParentImage">C:\Windows\System32\services.exe</Data>
    <Data Name="ParentCommandLine">services.exe</Data>
    
  </EventData>
</Event>
<Event xmlns="http://schemas.microsoft.com/win/2004/08/events/event">
  <System>
    <Provider Name="Microsoft-Windows-Sysmon" Guid="{5770385f-c22a-43e0-bf4c-06f5698ffbd9}"/>
    <EventID>5</EventID>
    <Version>3</Version>
    <Level>4</Level>
    <Task>5</Task>
    <Opcode>0</Opcode>
    <Keywords>0x8000000000000000</Keywords>
    <TimeCreated SystemTime="2024-05-14T13:19:44.9387167Z"/>
    <EventRecordID>453892</EventRecordID>
    <Correlation/>
    <Execution ProcessID="2384" ThreadID="2896"/>
    <Channel>Microsoft-Windows-Sysmon/Operational</Channel>
    <Computer>WS-NKAPOOR-01.northstar-branch.local</Computer>
    <Security UserID="S-1-5-18"/>
  </System>
  <EventData>
    
    <Data Name="RuleName">-</Data>
    <Data Name="UtcTime">2024-05-14 13:19:44.938</Data>
    <Data Name="ProcessGuid">{aab87a56-56e1-6643-be00-001076c69405}</Data>
    <Data Name="ProcessId">6800</Data>
    <Data Name="Image">C:\Windows\System32\cleanmgr.exe</Data>
    <Data Name="User">NT AUTHORITY\SYSTEM</Data>
    
  </EventData>
</Event>
<Event xmlns="http://schemas.microsoft.com/win/2004/08/events/event">
  <System>
    <Provider Name="Microsoft-Windows-Sysmon" Guid="{5770385f-c22a-43e0-bf4c-06f5698ffbd9}"/>
    <EventID>5</EventID>
    <Version>3</Version>
    <Level>4</Level>
    <Task>5</Task>
    <Opcode>0</Opcode>
    <Keywords>0x8000000000000000</Keywords>
    <TimeCreated SystemTime="2024-05-14T13:21:48.6189764Z"/>
    <EventRecordID>453894</EventRecordID>
    <Correlation/>
    <Execution ProcessID="2384" ThreadID="2844"/>
    <Channel>Microsoft-Windows-Sysmon/Operational</Channel>
    <Computer>WS-NKAPOOR-01.northstar-branch.local</Computer>
    <Security UserID="S-1-5-18"/>
  </System>
  <EventData>
    
    <Data Name="RuleName">-</Data>
    <Data Name="UtcTime">2024-05-14 13:21:48.618</Data>
    <Data Name="ProcessGuid">{aab87a56-3d82-6643-d702-0000acbde64e}</Data>
    <Data Name="ProcessId">6372</Data>
    <Data Name="Image">C:\Windows\System32\mstsc.exe</Data>
    <Data Name="User">NORTHSTAR-BRANCH\nina.kapoor</Data>
    
  </EventData>
</Event>
<Event xmlns="http://schemas.microsoft.com/win/2004/08/events/event">
  <System>
    <Provider Name="Microsoft-Windows-Sysmon" Guid="{5770385f-c22a-43e0-bf4c-06f5698ffbd9}"/>
    <EventID>5</EventID>
    <Version>3</Version>
    <Level>4</Level>
    <Task>5</Task>
    <Opcode>0</Opcode>
    <Keywords>0x8000000000000000</Keywords>
    <TimeCreated SystemTime="2024-05-14T13:22:43.3446612Z"/>
    <EventRecordID>454366</EventRecordID>
    <Correlation/>
    <Execution ProcessID="2384" ThreadID="2092"/>
    <Channel>Microsoft-Windows-Sysmon/Operational</Channel>
    <Computer>WS-NKAPOOR-01.northstar-branch.local</Computer>
    <Security UserID="S-1-5-18"/>
  </System>
  <EventData>
    
    <Data Name="RuleName">-</Data>
    <Data Name="UtcTime">2024-05-14 13:22:43.344</Data>
    <Data Name="ProcessGuid">{aab87a56-4919-6643-6d02-0010186dabe8}</Data>
    <Data Name="ProcessId">6512</Data>
    <Data Name="Image">C:\Program Files\Palo Alto Networks\GlobalProtect\PanGPS.exe</Data>
    <Data Name="User">NT AUTHORITY\SYSTEM</Data>
    
  </EventData>
</Event>
<Event xmlns="http://schemas.microsoft.com/win/2004/08/events/event">
  <System>
    <Provider Name="Microsoft-Windows-Sysmon" Guid="{5770385f-c22a-43e0-bf4c-06f5698ffbd9}"/>
    <EventID>5</EventID>
    <Version>3</Version>
    <Level>4</Level>
    <Task>5</Task>
    <Opcode>0</Opcode>
    <Keywords>0x8000000000000000</Keywords>
    <TimeCreated SystemTime="2024-05-14T13:23:00.3340543Z"/>
    <EventRecordID>454367</EventRecordID>
    <Correlation/>
    <Execution ProcessID="2384" ThreadID="1176"/>
    <Channel>Microsoft-Windows-Sysmon/Operational</Channel>
    <Computer>WS-NKAPOOR-01.northstar-branch.local</Computer>
    <Security UserID="S-1-5-18"/>
  </System>
  <EventData>
    
    <Data Name="RuleName">-</Data>
    <Data Name="UtcTime">2024-05-14 13:23:00.334</Data>
    <Data Name="ProcessGuid">{aab87a56-5138-6643-7002-0010fcc58907}</Data>
    <Data Name="ProcessId">6452</Data>
    <Data Name="Image">C:\Program Files (x86)\Google\Update\GoogleUpdater.exe</Data>
    <Data Name="User">NT AUTHORITY\SYSTEM</Data>
    
  </EventData>
</Event>
<Event xmlns="http://schemas.microsoft.com/win/2004/08/events/event">
  <System>
    <Provider Name="Microsoft-Windows-Sysmon" Guid="{5770385f-c22a-43e0-bf4c-06f5698ffbd9}"/>
    <EventID>1</EventID>
    <Version>5</Version>
    <Level>4</Level>
    <Task>1</Task>
    <Opcode>0</Opcode>
    <Keywords>0x8000000000000000</Keywords>
    <TimeCreated SystemTime="2024-05-14T13:25:31.9745075Z"/>
    <EventRecordID>454369</EventRecordID>
    <Correlation/>
    <Execution ProcessID="2384" ThreadID="1176"/>
    <Channel>Microsoft-Windows-Sysmon/Operational</Channel>
    <Computer>WS-NKAPOOR-01.northstar-branch.local</Computer>
    <Security UserID="S-1-5-18"/>
  </System>
  <EventData>
    
    <Data Name="RuleName">-</Data>
    <Data Name="UtcTime">2024-05-14 13:25:31.974</Data>
    <Data Name="ProcessGuid">{aab87a56-664b-6643-4d00-000007589974}</Data>
    <Data Name="ProcessId">7004</Data>
    <Data Name="Image">C:\Windows\System32\CompatTelRunner.exe</Data>
    <Data Name="FileVersion">10.0.22621.1</Data>
    <Data Name="Description">Microsoft Compatibility Appraiser</Data>
    <Data Name="Product">Microsoft Windows Operating System</Data>
    <Data Name="Company">Microsoft Corporation</Data>
    <Data Name="OriginalFileName">CompatTelRunner.exe</Data>
    <Data Name="CommandLine">CompatTelRunner.exe -m:appraiser.dll -f:DoScheduledTelemetryRun</Data>
    <Data Name="CurrentDirectory">C:\Windows\System32\</Data>
    <Data Name="User">NT AUTHORITY\SYSTEM</Data>
    <Data Name="LogonGuid">{a1bae2c4-0244-444a-9ca2-e881554d8892}</Data>
    <Data Name="LogonId">0x3e7</Data>
    <Data Name="TerminalSessionId">0</Data>
    <Data Name="IntegrityLevel">System</Data>
    <Data Name="Hashes">SHA1=7178826772149442E12C592ECAA2E433A0683F21,MD5=9DB9BC75A4DF692CC4FF8A1841FE0826,SHA256=29B1916AAA03A9338B0685F6C6E370A8855A572FCAAAB7F1E4AD3A78A40EC325,IMPHASH=BF266F5CB2245F19B06805FE6D86FE0C</Data>
    <Data Name="ParentProcessGuid">{aab87a56-d1cc-6634-3102-00103db5f5dc}</Data>
    <Data Name="ParentProcessId">5724</Data>
    <Data Name="ParentImage">C:\Windows\System32\svchost.exe</Data>
    <Data Name="ParentCommandLine">svchost.exe -k LocalSystem</Data>
    
  </EventData>
</Event>
<Event xmlns="http://schemas.microsoft.com/win/2004/08/events/event">
  <System>
    <Provider Name="Microsoft-Windows-Sysmon" Guid="{5770385f-c22a-43e0-bf4c-06f5698ffbd9}"/>
    <EventID>22</EventID>
    <Version>5</Version>
    <Level>4</Level>
    <Task>22</Task>
    <Opcode>0</Opcode>
    <Keywords>0x8000000000000000</Keywords>
    <TimeCreated SystemTime="2024-05-14T13:25:33.7853509Z"/>
    <EventRecordID>454370</EventRecordID>
    <Correlation/>
    <Execution ProcessID="2384" ThreadID="1176"/>
    <Channel>Microsoft-Windows-Sysmon/Operational</Channel>
    <Computer>WS-NKAPOOR-01.northstar-branch.local</Computer>
    <Security UserID="S-1-5-18"/>
  </System>
  <EventData>
    
    <Data Name="RuleName">-</Data>
    <Data Name="UtcTime">2024-05-14 13:25:33.785</Data>
    <Data Name="ProcessGuid">{aab87a56-d1cf-6634-3902-0000c24e8961}</Data>
    <Data Name="ProcessId">5756</Data>
    <Data Name="QueryName">FILE-BO-01.northstar-branch.local</Data>
    <Data Name="QueryStatus">0</Data>
    <Data Name="QueryResults">10.44.20.20;</Data>
    <Data Name="Image">C:\Windows\System32\svchost.exe</Data>
    <Data Name="User">NT AUTHORITY\LOCAL SERVICE</Data>
    
  </EventData>
</Event>
<Event xmlns="http://schemas.microsoft.com/win/2004/08/events/event">
  <System>
    <Provider Name="Microsoft-Windows-Sysmon" Guid="{5770385f-c22a-43e0-bf4c-06f5698ffbd9}"/>
    <EventID>5</EventID>
    <Version>3</Version>
    <Level>4</Level>
    <Task>5</Task>
    <Opcode>0</Opcode>
    <Keywords>0x8000000000000000</Keywords>
    <TimeCreated SystemTime="2024-05-14T13:25:48.6226433Z"/>
    <EventRecordID>454371</EventRecordID>
    <Correlation/>
    <Execution ProcessID="2384" ThreadID="2092"/>
    <Channel>Microsoft-Windows-Sysmon/Operational</Channel>
    <Computer>WS-NKAPOOR-01.northstar-branch.local</Computer>
    <Security UserID="S-1-5-18"/>
  </System>
  <EventData>
    
    <Data Name="RuleName">-</Data>
    <Data Name="UtcTime">2024-05-14 13:25:48.622</Data>
    <Data Name="ProcessGuid">{aab87a56-4c64-6643-c602-0010d612af5f}</Data>
    <Data Name="ProcessId">6596</Data>
    <Data Name="Image">C:\Windows\System32\mstsc.exe</Data>
    <Data Name="User">NORTHSTAR-BRANCH\nina.kapoor</Data>
    
  </EventData>
</Event>
<Event xmlns="http://schemas.microsoft.com/win/2004/08/events/event">
  <System>
    <Provider Name="Microsoft-Windows-Sysmon" Guid="{5770385f-c22a-43e0-bf4c-06f5698ffbd9}"/>
    <EventID>5</EventID>
    <Version>3</Version>
    <Level>4</Level>
    <Task>5</Task>
    <Opcode>0</Opcode>
    <Keywords>0x8000000000000000</Keywords>
    <TimeCreated SystemTime="2024-05-14T13:28:25.4939193Z"/>
    <EventRecordID>454373</EventRecordID>
    <Correlation/>
    <Execution ProcessID="2384" ThreadID="2844"/>
    <Channel>Microsoft-Windows-Sysmon/Operational</Channel>
    <Computer>WS-NKAPOOR-01.northstar-branch.local</Computer>
    <Security UserID="S-1-5-18"/>
  </System>
  <EventData>
    
    <Data Name="RuleName">-</Data>
    <Data Name="UtcTime">2024-05-14 13:28:25.493</Data>
    <Data Name="ProcessGuid">{aab87a56-43e0-6643-0e00-0010ee9aa659}</Data>
    <Data Name="ProcessId">6072</Data>
    <Data Name="Image">C:\Program Files\Zscaler\ZSAService\ZSAService.exe</Data>
    <Data Name="User">NT AUTHORITY\SYSTEM</Data>
    
  </EventData>
</Event>
<Event xmlns="http://schemas.microsoft.com/win/2004/08/events/event">
  <System>
    <Provider Name="Microsoft-Windows-Sysmon" Guid="{5770385f-c22a-43e0-bf4c-06f5698ffbd9}"/>
    <EventID>22</EventID>
    <Version>5</Version>
    <Level>4</Level>
    <Task>22</Task>
    <Opcode>0</Opcode>
    <Keywords>0x8000000000000000</Keywords>
    <TimeCreated SystemTime="2024-05-14T13:29:01.8290143Z"/>
    <EventRecordID>454374</EventRecordID>
    <Correlation/>
    <Execution ProcessID="2384" ThreadID="2092"/>
    <Channel>Microsoft-Windows-Sysmon/Operational</Channel>
    <Computer>WS-NKAPOOR-01.northstar-branch.local</Computer>
    <Security UserID="S-1-5-18"/>
  </System>
  <EventData>
    
    <Data Name="RuleName">-</Data>
    <Data Name="UtcTime">2024-05-14 13:29:01.829</Data>
    <Data Name="ProcessGuid">{aab87a56-d1cf-6634-3902-0000c24e8961}</Data>
    <Data Name="ProcessId">5756</Data>
    <Data Name="QueryName">DC-BO-01.northstar-branch.local</Data>
    <Data Name="QueryStatus">0</Data>
    <Data Name="QueryResults">10.44.20.10;</Data>
    <Data Name="Image">C:\Windows\System32\svchost.exe</Data>
    <Data Name="User">NT AUTHORITY\LOCAL SERVICE</Data>
    
  </EventData>
</Event>
<Event xmlns="http://schemas.microsoft.com/win/2004/08/events/event">
  <System>
    <Provider Name="Microsoft-Windows-Sysmon" Guid="{5770385f-c22a-43e0-bf4c-06f5698ffbd9}"/>
    <EventID>5</EventID>
    <Version>3</Version>
    <Level>4</Level>
    <Task>5</Task>
    <Opcode>0</Opcode>
    <Keywords>0x8000000000000000</Keywords>
    <TimeCreated SystemTime="2024-05-14T13:29:11.7476874Z"/>
    <EventRecordID>454376</EventRecordID>
    <Correlation/>
    <Execution ProcessID="2384" ThreadID="2896"/>
    <Channel>Microsoft-Windows-Sysmon/Operational</Channel>
    <Computer>WS-NKAPOOR-01.northstar-branch.local</Computer>
    <Security UserID="S-1-5-18"/>
  </System>
  <EventData>
    
    <Data Name="RuleName">-</Data>
    <Data Name="UtcTime">2024-05-14 13:29:11.747</Data>
    <Data Name="ProcessGuid">{aab87a56-5a13-6643-c802-001060c4d9a7}</Data>
    <Data Name="ProcessId">6940</Data>
    <Data Name="Image">C:\Windows\System32\mmc.exe</Data>
    <Data Name="User">NORTHSTAR-BRANCH\nina.kapoor</Data>
    
  </EventData>
</Event>
<Event xmlns="http://schemas.microsoft.com/win/2004/08/events/event">
  <System>
    <Provider Name="Microsoft-Windows-Sysmon" Guid="{5770385f-c22a-43e0-bf4c-06f5698ffbd9}"/>
    <EventID>1</EventID>
    <Version>5</Version>
    <Level>4</Level>
    <Task>1</Task>
    <Opcode>0</Opcode>
    <Keywords>0x8000000000000000</Keywords>
    <TimeCreated SystemTime="2024-05-14T13:31:07.4512723Z"/>
    <EventRecordID>454476</EventRecordID>
    <Correlation/>
    <Execution ProcessID="2384" ThreadID="2092"/>
    <Channel>Microsoft-Windows-Sysmon/Operational</Channel>
    <Computer>WS-NKAPOOR-01.northstar-branch.local</Computer>
    <Security UserID="S-1-5-18"/>
  </System>
  <EventData>
    
    <Data Name="RuleName">-</Data>
    <Data Name="UtcTime">2024-05-14 13:31:07.451</Data>
    <Data Name="ProcessGuid">{aab87a56-679b-6643-2700-0000b109e280}</Data>
    <Data Name="ProcessId">7204</Data>
    <Data Name="Image">C:\Windows\System32\mmc.exe</Data>
    <Data Name="FileVersion">10.0.22621.1</Data>
    <Data Name="Description">Microsoft Management Console</Data>
    <Data Name="Product">Microsoft Windows Operating System</Data>
    <Data Name="Company">Microsoft Corporation</Data>
    <Data Name="OriginalFileName">mmc.exe</Data>
    <Data Name="CommandLine">"C:\Windows\System32\mmc.exe" "C:\Windows\System32\dsa.msc"</Data>
    <Data Name="CurrentDirectory">C:\Windows\System32\</Data>
    <Data Name="User">NORTHSTAR-BRANCH\nina.kapoor</Data>
    <Data Name="LogonGuid">{00000000-0000-0000-0000-000000000000}</Data>
    <Data Name="LogonId">0x837e3d1</Data>
    <Data Name="TerminalSessionId">1</Data>
    <Data Name="IntegrityLevel">High</Data>
    <Data Name="Hashes">SHA1=C6F84880D54C731CE82C06C939D0E5A109210B8C,MD5=BCB299EE85364A9A97AC919C88BCEF6B,SHA256=B46F547287A4822027B49FBC85C53611E5DB881D417BEDDB85FF01E04D2E05E3,IMPHASH=A2FE9D74313BE66A7E7ED19A6DCAE5C5</Data>
    <Data Name="ParentProcessGuid">{aab87a56-3d55-6643-1900-00003d677e83}</Data>
    <Data Name="ParentProcessId">6292</Data>
    <Data Name="ParentImage">C:\Windows\explorer.exe</Data>
    <Data Name="ParentCommandLine">explorer.exe</Data>
    
  </EventData>
</Event>
<Event xmlns="http://schemas.microsoft.com/win/2004/08/events/event">
  <System>
    <Provider Name="Microsoft-Windows-Sysmon" Guid="{5770385f-c22a-43e0-bf4c-06f5698ffbd9}"/>
    <EventID>3</EventID>
    <Version>5</Version>
    <Level>4</Level>
    <Task>3</Task>
    <Opcode>0</Opcode>
    <Keywords>0x8000000000000000</Keywords>
    <TimeCreated SystemTime="2024-05-14T13:31:11.8226006Z"/>
    <EventRecordID>454477</EventRecordID>
    <Correlation/>
    <Execution ProcessID="2384" ThreadID="2248"/>
    <Channel>Microsoft-Windows-Sysmon/Operational</Channel>
    <Computer>WS-NKAPOOR-01.northstar-branch.local</Computer>
    <Security UserID="S-1-5-18"/>
  </System>
  <EventData>
    
    <Data Name="RuleName">-</Data>
    <Data Name="UtcTime">2024-05-14 13:31:11.822</Data>
    <Data Name="ProcessGuid">{aab87a56-679b-6643-2700-0000b109e280}</Data>
    <Data Name="ProcessId">7204</Data>
    <Data Name="Image">C:\Windows\System32\mmc.exe</Data>
    <Data Name="User">NORTHSTAR-BRANCH\nina.kapoor</Data>
    <Data Name="Protocol">tcp</Data>
    <Data Name="Initiated">true</Data>
    <Data Name="SourceIsIpv6">false</Data>
    <Data Name="SourceIp">10.44.10.24</Data>
    <Data Name="SourceHostname">WS-NKAPOOR-01.northstar-branch.local</Data>
    <Data Name="SourcePort">55642</Data>
    <Data Name="SourcePortName">-</Data>
    <Data Name="DestinationIsIpv6">false</Data>
    <Data Name="DestinationIp">10.44.20.10</Data>
    <Data Name="DestinationHostname">DC-BO-01.northstar-branch.local</Data>
    <Data Name="DestinationPort">135</Data>
    <Data Name="DestinationPortName">epmap</Data>
    
  </EventData>
</Event>
<Event xmlns="http://schemas.microsoft.com/win/2004/08/events/event">
  <System>
    <Provider Name="Microsoft-Windows-Sysmon" Guid="{5770385f-c22a-43e0-bf4c-06f5698ffbd9}"/>
    <EventID>3</EventID>
    <Version>5</Version>
    <Level>4</Level>
    <Task>3</Task>
    <Opcode>0</Opcode>
    <Keywords>0x8000000000000000</Keywords>
    <TimeCreated SystemTime="2024-05-14T13:31:11.9071622Z"/>
    <EventRecordID>454496</EventRecordID>
    <Correlation/>
    <Execution ProcessID="2384" ThreadID="2092"/>
    <Channel>Microsoft-Windows-Sysmon/Operational</Channel>
    <Computer>WS-NKAPOOR-01.northstar-branch.local</Computer>
    <Security UserID="S-1-5-18"/>
  </System>
  <EventData>
    
    <Data Name="RuleName">-</Data>
    <Data Name="UtcTime">2024-05-14 13:31:11.907</Data>
    <Data Name="ProcessGuid">{aab87a56-679b-6643-2700-0000b109e280}</Data>
    <Data Name="ProcessId">7204</Data>
    <Data Name="Image">C:\Windows\System32\mmc.exe</Data>
    <Data Name="User">NORTHSTAR-BRANCH\nina.kapoor</Data>
    <Data Name="Protocol">tcp</Data>
    <Data Name="Initiated">true</Data>
    <Data Name="SourceIsIpv6">false</Data>
    <Data Name="SourceIp">10.44.10.24</Data>
    <Data Name="SourceHostname">WS-NKAPOOR-01.northstar-branch.local</Data>
    <Data Name="SourcePort">57564</Data>
    <Data Name="SourcePortName">-</Data>
    <Data Name="DestinationIsIpv6">false</Data>
    <Data Name="DestinationIp">10.44.20.10</Data>
    <Data Name="DestinationHostname">DC-BO-01.northstar-branch.local</Data>
    <Data Name="DestinationPort">389</Data>
    <Data Name="DestinationPortName">ldap</Data>
    
  </EventData>
</Event>
<Event xmlns="http://schemas.microsoft.com/win/2004/08/events/event">
  <System>
    <Provider Name="Microsoft-Windows-Sysmon" Guid="{5770385f-c22a-43e0-bf4c-06f5698ffbd9}"/>
    <EventID>1</EventID>
    <Version>5</Version>
    <Level>4</Level>
    <Task>1</Task>
    <Opcode>0</Opcode>
    <Keywords>0x8000000000000000</Keywords>
    <TimeCreated SystemTime="2024-05-14T13:31:29.6707138Z"/>
    <EventRecordID>455322</EventRecordID>
    <Correlation/>
    <Execution ProcessID="2384" ThreadID="2248"/>
    <Channel>Microsoft-Windows-Sysmon/Operational</Channel>
    <Computer>WS-NKAPOOR-01.northstar-branch.local</Computer>
    <Security UserID="S-1-5-18"/>
  </System>
  <EventData>
    
    <Data Name="RuleName">-</Data>
    <Data Name="UtcTime">2024-05-14 13:31:29.670</Data>
    <Data Name="ProcessGuid">{aab87a56-67b1-6643-8b00-001052d4e1f0}</Data>
    <Data Name="ProcessId">7108</Data>
    <Data Name="Image">C:\Program Files\Microsoft OneDrive\OneDriveStandaloneUpdater.exe</Data>
    <Data Name="FileVersion">-</Data>
    <Data Name="Description">-</Data>
    <Data Name="Product">-</Data>
    <Data Name="Company">-</Data>
    <Data Name="OriginalFileName">-</Data>
    <Data Name="CommandLine">OneDriveStandaloneUpdater.exe /silent</Data>
    <Data Name="CurrentDirectory">C:\Windows\System32\</Data>
    <Data Name="User">NT AUTHORITY\SYSTEM</Data>
    <Data Name="LogonGuid">{a1bae2c4-0244-444a-9ca2-e881554d8892}</Data>
    <Data Name="LogonId">0x3e7</Data>
    <Data Name="TerminalSessionId">0</Data>
    <Data Name="IntegrityLevel">System</Data>
    <Data Name="Hashes">SHA1=0C78923030FC719861633B3362F38B42A22FE0FB,MD5=87BEA74D86517DB88533DD842A5DDCEF,SHA256=D7CD3E778300D7AEC9AD5E5079904DBDCB94C56DE0836A047DC0297C129E9243,IMPHASH=83625FEAC2CA7AE3D743CB23CF4940EA</Data>
    <Data Name="ParentProcessGuid">{aab87a56-d1e2-6634-6200-0010927d31cd}</Data>
    <Data Name="ParentProcessId">5904</Data>
    <Data Name="ParentImage">C:\Windows\System32\taskhostw.exe</Data>
    <Data Name="ParentCommandLine">taskhostw.exe</Data>
    
  </EventData>
</Event>
<Event xmlns="http://schemas.microsoft.com/win/2004/08/events/event">
  <System>
    <Provider Name="Microsoft-Windows-Sysmon" Guid="{5770385f-c22a-43e0-bf4c-06f5698ffbd9}"/>
    <EventID>3</EventID>
    <Version>5</Version>
    <Level>4</Level>
    <Task>3</Task>
    <Opcode>0</Opcode>
    <Keywords>0x8000000000000000</Keywords>
    <TimeCreated SystemTime="2024-05-14T13:31:30.9211089Z"/>
    <EventRecordID>455405</EventRecordID>
    <Correlation/>
    <Execution ProcessID="2384" ThreadID="2844"/>
    <Channel>Microsoft-Windows-Sysmon/Operational</Channel>
    <Computer>WS-NKAPOOR-01.northstar-branch.local</Computer>
    <Security UserID="S-1-5-18"/>
  </System>
  <EventData>
    
    <Data Name="RuleName">-</Data>
    <Data Name="UtcTime">2024-05-14 13:31:30.921</Data>
    <Data Name="ProcessGuid">{aab87a56-d1c8-6634-8002-001038fe3a60}</Data>
    <Data Name="ProcessId">5680</Data>
    <Data Name="Image">C:\Windows\System32\lsass.exe</Data>
    <Data Name="User">NT AUTHORITY\SYSTEM</Data>
    <Data Name="Protocol">udp</Data>
    <Data Name="Initiated">true</Data>
    <Data Name="SourceIsIpv6">false</Data>
    <Data Name="SourceIp">10.44.10.24</Data>
    <Data Name="SourceHostname">WS-NKAPOOR-01.northstar-branch.local</Data>
    <Data Name="SourcePort">57668</Data>
    <Data Name="SourcePortName">-</Data>
    <Data Name="DestinationIsIpv6">false</Data>
    <Data Name="DestinationIp">10.44.20.10</Data>
    <Data Name="DestinationHostname">DC-BO-01.northstar-branch.local</Data>
    <Data Name="DestinationPort">88</Data>
    <Data Name="DestinationPortName">kerberos</Data>
    
  </EventData>
</Event>
<Event xmlns="http://schemas.microsoft.com/win/2004/08/events/event">
  <System>
    <Provider Name="Microsoft-Windows-Sysmon" Guid="{5770385f-c22a-43e0-bf4c-06f5698ffbd9}"/>
    <EventID>1</EventID>
    <Version>5</Version>
    <Level>4</Level>
    <Task>1</Task>
    <Opcode>0</Opcode>
    <Keywords>0x8000000000000000</Keywords>
    <TimeCreated SystemTime="2024-05-14T13:35:21.5648234Z"/>
    <EventRecordID>455407</EventRecordID>
    <Correlation/>
    <Execution ProcessID="2384" ThreadID="2248"/>
    <Channel>Microsoft-Windows-Sysmon/Operational</Channel>
    <Computer>WS-NKAPOOR-01.northstar-branch.local</Computer>
    <Security UserID="S-1-5-18"/>
  </System>
  <EventData>
    
    <Data Name="RuleName">-</Data>
    <Data Name="UtcTime">2024-05-14 13:35:21.564</Data>
    <Data Name="ProcessGuid">{aab87a56-6899-6643-f400-0000e19dfb6d}</Data>
    <Data Name="ProcessId">7152</Data>
    <Data Name="Image">C:\Windows\System32\cleanmgr.exe</Data>
    <Data Name="FileVersion">10.0.22621.1</Data>
    <Data Name="Description">Disk Cleanup</Data>
    <Data Name="Product">Microsoft Windows Operating System</Data>
    <Data Name="Company">Microsoft Corporation</Data>
    <Data Name="OriginalFileName">cleanmgr.exe</Data>
    <Data Name="CommandLine">cleanmgr.exe /autoclean /d C:</Data>
    <Data Name="CurrentDirectory">C:\Windows\System32\</Data>
    <Data Name="User">NT AUTHORITY\SYSTEM</Data>
    <Data Name="LogonGuid">{a1bae2c4-0244-444a-9ca2-e881554d8892}</Data>
    <Data Name="LogonId">0x3e7</Data>
    <Data Name="TerminalSessionId">0</Data>
    <Data Name="IntegrityLevel">System</Data>
    <Data Name="Hashes">SHA1=F7405FC135F7F98A78983EE3672617C50D1A4CC5,MD5=AF88D2598BC1A01899415BD0B7198844,SHA256=A8FBC40DAD217ECC5E0D080ED5892D423B9AE6D172AE2789079025A94E1A7F05,IMPHASH=9F5AC06852348D83FE3CCF723AC3AEA1</Data>
    <Data Name="ParentProcessGuid">{aab87a56-d1cc-6634-3102-00103db5f5dc}</Data>
    <Data Name="ParentProcessId">5724</Data>
    <Data Name="ParentImage">C:\Windows\System32\svchost.exe</Data>
    <Data Name="ParentCommandLine">svchost.exe -k LocalSystem</Data>
    
  </EventData>
</Event>
<Event xmlns="http://schemas.microsoft.com/win/2004/08/events/event">
  <System>
    <Provider Name="Microsoft-Windows-Sysmon" Guid="{5770385f-c22a-43e0-bf4c-06f5698ffbd9}"/>
    <EventID>5</EventID>
    <Version>3</Version>
    <Level>4</Level>
    <Task>5</Task>
    <Opcode>0</Opcode>
    <Keywords>0x8000000000000000</Keywords>
    <TimeCreated SystemTime="2024-05-14T13:38:10.0170889Z"/>
    <EventRecordID>455411</EventRecordID>
    <Correlation/>
    <Execution ProcessID="2384" ThreadID="2248"/>
    <Channel>Microsoft-Windows-Sysmon/Operational</Channel>
    <Computer>WS-NKAPOOR-01.northstar-branch.local</Computer>
    <Security UserID="S-1-5-18"/>
  </System>
  <EventData>
    
    <Data Name="RuleName">-</Data>
    <Data Name="UtcTime">2024-05-14 13:38:10.017</Data>
    <Data Name="ProcessGuid">{aab87a56-6899-6643-f400-0000e19dfb6d}</Data>
    <Data Name="ProcessId">7152</Data>
    <Data Name="Image">C:\Windows\System32\cleanmgr.exe</Data>
    <Data Name="User">NT AUTHORITY\SYSTEM</Data>
    
  </EventData>
</Event>
<Event xmlns="http://schemas.microsoft.com/win/2004/08/events/event">
  <System>
    <Provider Name="Microsoft-Windows-Sysmon" Guid="{5770385f-c22a-43e0-bf4c-06f5698ffbd9}"/>
    <EventID>5</EventID>
    <Version>3</Version>
    <Level>4</Level>
    <Task>5</Task>
    <Opcode>0</Opcode>
    <Keywords>0x8000000000000000</Keywords>
    <TimeCreated SystemTime="2024-05-14T13:38:38.8961674Z"/>
    <EventRecordID>455412</EventRecordID>
    <Correlation/>
    <Execution ProcessID="2384" ThreadID="2248"/>
    <Channel>Microsoft-Windows-Sysmon/Operational</Channel>
    <Computer>WS-NKAPOOR-01.northstar-branch.local</Computer>
    <Security UserID="S-1-5-18"/>
  </System>
  <EventData>
    
    <Data Name="RuleName">-</Data>
    <Data Name="UtcTime">2024-05-14 13:38:38.896</Data>
    <Data Name="ProcessGuid">{aab87a56-67b1-6643-8b00-001052d4e1f0}</Data>
    <Data Name="ProcessId">7108</Data>
    <Data Name="Image">C:\Program Files\Microsoft OneDrive\OneDriveStandaloneUpdater.exe</Data>
    <Data Name="User">NT AUTHORITY\SYSTEM</Data>
    
  </EventData>
</Event>
<Event xmlns="http://schemas.microsoft.com/win/2004/08/events/event">
  <System>
    <Provider Name="Microsoft-Windows-Sysmon" Guid="{5770385f-c22a-43e0-bf4c-06f5698ffbd9}"/>
    <EventID>5</EventID>
    <Version>3</Version>
    <Level>4</Level>
    <Task>5</Task>
    <Opcode>0</Opcode>
    <Keywords>0x8000000000000000</Keywords>
    <TimeCreated SystemTime="2024-05-14T13:39:57.4630469Z"/>
    <EventRecordID>455414</EventRecordID>
    <Correlation/>
    <Execution ProcessID="2384" ThreadID="2844"/>
    <Channel>Microsoft-Windows-Sysmon/Operational</Channel>
    <Computer>WS-NKAPOOR-01.northstar-branch.local</Computer>
    <Security UserID="S-1-5-18"/>
  </System>
  <EventData>
    
    <Data Name="RuleName">-</Data>
    <Data Name="UtcTime">2024-05-14 13:39:57.463</Data>
    <Data Name="ProcessGuid">{aab87a56-4069-6643-dc02-00004fbae5cf}</Data>
    <Data Name="ProcessId">6060</Data>
    <Data Name="Image">C:\Program Files\Zscaler\ZSATunnel\ZSATunnel.exe</Data>
    <Data Name="User">NT AUTHORITY\SYSTEM</Data>
    
  </EventData>
</Event>
<Event xmlns="http://schemas.microsoft.com/win/2004/08/events/event">
  <System>
    <Provider Name="Microsoft-Windows-Sysmon" Guid="{5770385f-c22a-43e0-bf4c-06f5698ffbd9}"/>
    <EventID>1</EventID>
    <Version>5</Version>
    <Level>4</Level>
    <Task>1</Task>
    <Opcode>0</Opcode>
    <Keywords>0x8000000000000000</Keywords>
    <TimeCreated SystemTime="2024-05-14T13:40:55.6709159Z"/>
    <EventRecordID>455415</EventRecordID>
    <Correlation/>
    <Execution ProcessID="2384" ThreadID="2844"/>
    <Channel>Microsoft-Windows-Sysmon/Operational</Channel>
    <Computer>WS-NKAPOOR-01.northstar-branch.local</Computer>
    <Security UserID="S-1-5-18"/>
  </System>
  <EventData>
    
    <Data Name="RuleName">-</Data>
    <Data Name="UtcTime">2024-05-14 13:40:55.670</Data>
    <Data Name="ProcessGuid">{aab87a56-69e7-6643-a900-0000dac23249}</Data>
    <Data Name="ProcessId">6996</Data>
    <Data Name="Image">C:\Program Files (x86)\Google\Update\GoogleUpdater.exe</Data>
    <Data Name="FileVersion">-</Data>
    <Data Name="Description">-</Data>
    <Data Name="Product">-</Data>
    <Data Name="Company">-</Data>
    <Data Name="OriginalFileName">-</Data>
    <Data Name="CommandLine">GoogleUpdater.exe -Embedding</Data>
    <Data Name="CurrentDirectory">C:\Windows\System32\</Data>
    <Data Name="User">NT AUTHORITY\SYSTEM</Data>
    <Data Name="LogonGuid">{a1bae2c4-0244-444a-9ca2-e881554d8892}</Data>
    <Data Name="LogonId">0x3e7</Data>
    <Data Name="TerminalSessionId">0</Data>
    <Data Name="IntegrityLevel">System</Data>
    <Data Name="Hashes">SHA1=24AF88C7C0D70B182A7348C2DAF4F251A90A132E,MD5=2513FBBCCCB4592862E55F73BAAF7A59,SHA256=F616F8B514853E182CDEEC6D1CE4D81C08452FD3172CA216FA75E894DFF25663,IMPHASH=AAD04978F326086CD7E71FF70766AFC0</Data>
    <Data Name="ParentProcessGuid">{aab87a56-d1c7-6634-a302-0010ff884d16}</Data>
    <Data Name="ParentProcessId">5652</Data>
    <Data Name="ParentImage">C:\Windows\System32\services.exe</Data>
    <Data Name="ParentCommandLine">services.exe</Data>
    
  </EventData>
</Event>
