<Event xmlns="http://schemas.microsoft.com/win/2004/08/events/event">
  <System>
    <Provider Name="Microsoft-Windows-Sysmon" Guid="{5770385f-c22a-43e0-bf4c-06f5698ffbd9}"/>
    <EventID>10</EventID>
    <Version>3</Version>
    <Level>4</Level>
    <Task>10</Task>
    <Opcode>0</Opcode>
    <Keywords>0x8000000000000000</Keywords>
    <TimeCreated SystemTime="2024-05-14T16:36:32.9640610Z"/>
    <EventRecordID>4457938</EventRecordID>
    <Correlation/>
    <Execution ProcessID="2292" ThreadID="4536"/>
    <Channel>Microsoft-Windows-Sysmon/Operational</Channel>
    <Computer>DC-BO-01.northstar-branch.local</Computer>
    <Security UserID="S-1-5-18"/>
  </System>
  <EventData>
    
    <Data Name="RuleName">-</Data>
    <Data Name="UtcTime">2024-05-14 16:36:32.964</Data>
    <Data Name="SourceProcessGUID">{0f0dbc5d-16c2-661d-1a02-00001f39ff87}</Data>
    <Data Name="SourceProcessId">5364</Data>
    <Data Name="SourceImage">C:\Windows\System32\csrss.exe</Data>
    <Data Name="SourceThreadId">2692</Data>
    <Data Name="SourceUser">NT AUTHORITY\SYSTEM</Data>
    <Data Name="TargetProcessGUID">{0f0dbc5d-16e5-661d-0402-0000f1b8ecc0}</Data>
    <Data Name="TargetProcessId">5744</Data>
    <Data Name="TargetImage">C:\Windows\System32\winlogon.exe</Data>
    <Data Name="TargetUser">NT AUTHORITY\SYSTEM</Data>
    <Data Name="GrantedAccess">0x1000</Data>
    <Data Name="CallTrace">C:\Windows\SYSTEM32\ntdll.dll+9C45C|C:\Windows\SYSTEM32\KERNELBASE.dll+2DE40|C:\Windows\SYSTEM32\kernel32.dll+1CC1B</Data>
    
  </EventData>
</Event>
<Event xmlns="http://schemas.microsoft.com/win/2004/08/events/event">
  <System>
    <Provider Name="Microsoft-Windows-Sysmon" Guid="{5770385f-c22a-43e0-bf4c-06f5698ffbd9}"/>
    <EventID>13</EventID>
    <Version>2</Version>
    <Level>4</Level>
    <Task>13</Task>
    <Opcode>0</Opcode>
    <Keywords>0x8000000000000000</Keywords>
    <TimeCreated SystemTime="2024-05-14T16:37:27.4516159Z"/>
    <EventRecordID>4457971</EventRecordID>
    <Correlation/>
    <Execution ProcessID="2292" ThreadID="4432"/>
    <Channel>Microsoft-Windows-Sysmon/Operational</Channel>
    <Computer>DC-BO-01.northstar-branch.local</Computer>
    <Security UserID="S-1-5-18"/>
  </System>
  <EventData>
    
    <Data Name="RuleName">-</Data>
    <Data Name="EventType">SetValue</Data>
    <Data Name="UtcTime">2024-05-14 16:37:27.451</Data>
    <Data Name="ProcessGuid">{0f0dbc5d-16d5-661d-fe02-001061d86cca}</Data>
    <Data Name="ProcessId">5652</Data>
    <Data Name="Image">C:\Windows\System32\svchost.exe</Data>
    <Data Name="User">NT AUTHORITY\SYSTEM</Data>
    <Data Name="TargetObject">HKLM\SOFTWARE\Microsoft\Windows\CurrentVersion\Component Based Servicing\Packages\Package_for_DotNetRollup~31bf3856ad364e35~amd64~~10.0.20348.4\CurrentState</Data>
    <Data Name="Details">DWORD (0x00000070)</Data>
    
  </EventData>
</Event>
<Event xmlns="http://schemas.microsoft.com/win/2004/08/events/event">
  <System>
    <Provider Name="Microsoft-Windows-Sysmon" Guid="{5770385f-c22a-43e0-bf4c-06f5698ffbd9}"/>
    <EventID>5</EventID>
    <Version>3</Version>
    <Level>4</Level>
    <Task>5</Task>
    <Opcode>0</Opcode>
    <Keywords>0x8000000000000000</Keywords>
    <TimeCreated SystemTime="2024-05-14T16:38:48.3570141Z"/>
    <EventRecordID>4458325</EventRecordID>
    <Correlation/>
    <Execution ProcessID="2292" ThreadID="4432"/>
    <Channel>Microsoft-Windows-Sysmon/Operational</Channel>
    <Computer>DC-BO-01.northstar-branch.local</Computer>
    <Security UserID="S-1-5-18"/>
  </System>
  <EventData>
    
    <Data Name="RuleName">-</Data>
    <Data Name="UtcTime">2024-05-14 16:38:48.357</Data>
    <Data Name="ProcessGuid">{0f0dbc5d-91d2-6643-dd00-001004a27d87}</Data>
    <Data Name="ProcessId">9344</Data>
    <Data Name="Image">C:\Windows\System32\MpCmdRun.exe</Data>
    <Data Name="User">NT AUTHORITY\SYSTEM</Data>
    
  </EventData>
</Event>
<Event xmlns="http://schemas.microsoft.com/win/2004/08/events/event">
  <System>
    <Provider Name="Microsoft-Windows-Sysmon" Guid="{5770385f-c22a-43e0-bf4c-06f5698ffbd9}"/>
    <EventID>1</EventID>
    <Version>5</Version>
    <Level>4</Level>
    <Task>1</Task>
    <Opcode>0</Opcode>
    <Keywords>0x8000000000000000</Keywords>
    <TimeCreated SystemTime="2024-05-14T16:39:07.6672021Z"/>
    <EventRecordID>4458498</EventRecordID>
    <Correlation/>
    <Execution ProcessID="2292" ThreadID="2696"/>
    <Channel>Microsoft-Windows-Sysmon/Operational</Channel>
    <Computer>DC-BO-01.northstar-branch.local</Computer>
    <Security UserID="S-1-5-18"/>
  </System>
  <EventData>
    
    <Data Name="RuleName">-</Data>
    <Data Name="UtcTime">2024-05-14 16:39:07.667</Data>
    <Data Name="ProcessGuid">{0f0dbc5d-93ab-6643-b900-0010330cd1a7}</Data>
    <Data Name="ProcessId">9172</Data>
    <Data Name="Image">C:\Windows\System32\wbem\WmiPrvSE.exe</Data>
    <Data Name="FileVersion">10.0.20348.1</Data>
    <Data Name="Description">WMI Provider Host</Data>
    <Data Name="Product">Microsoft Windows Operating System</Data>
    <Data Name="Company">Microsoft Corporation</Data>
    <Data Name="OriginalFileName">WmiPrvSE.exe</Data>
    <Data Name="CommandLine">WmiPrvSE.exe -secured -Embedding</Data>
    <Data Name="CurrentDirectory">C:\Windows\System32\</Data>
    <Data Name="User">NT AUTHORITY\SYSTEM</Data>
    <Data Name="LogonGuid">{76a4ff70-6f70-436e-87cf-90c13b467ba0}</Data>
    <Data Name="LogonId">0x3e7</Data>
    <Data Name="TerminalSessionId">0</Data>
    <Data Name="IntegrityLevel">System</Data>
    <Data Name="Hashes">SHA1=A5E3AF2A96B47DDFB49DA94A8671FB987C1FE2BB,MD5=7D26B8B7840F97C88857B470C235D9FE,SHA256=1066389BE1D488A653647CC3A656AC18A6219B4DDAFF89A68A5F31BACF2E0B3F,IMPHASH=7315DF3EBAFC67944E00B47EC7B4744A</Data>
    <Data Name="ParentProcessGuid">{0f0dbc5d-16c8-661d-e500-0000c9aef746}</Data>
    <Data Name="ParentProcessId">5508</Data>
    <Data Name="ParentImage">C:\Windows\System32\svchost.exe</Data>
    <Data Name="ParentCommandLine">svchost.exe -k DcomLaunch</Data>
    
  </EventData>
</Event>
<Event xmlns="http://schemas.microsoft.com/win/2004/08/events/event">
  <System>
    <Provider Name="Microsoft-Windows-Sysmon" Guid="{5770385f-c22a-43e0-bf4c-06f5698ffbd9}"/>
    <EventID>13</EventID>
    <Version>2</Version>
    <Level>4</Level>
    <Task>13</Task>
    <Opcode>0</Opcode>
    <Keywords>0x8000000000000000</Keywords>
    <TimeCreated SystemTime="2024-05-14T16:39:30.9935040Z"/>
    <EventRecordID>4458645</EventRecordID>
    <Correlation/>
    <Execution ProcessID="2292" ThreadID="2696"/>
    <Channel>Microsoft-Windows-Sysmon/Operational</Channel>
    <Computer>DC-BO-01.northstar-branch.local</Computer>
    <Security UserID="S-1-5-18"/>
  </System>
  <EventData>
    
    <Data Name="RuleName">-</Data>
    <Data Name="EventType">SetValue</Data>
    <Data Name="UtcTime">2024-05-14 16:39:30.993</Data>
    <Data Name="ProcessGuid">{0f0dbc5d-16d5-661d-fe02-001061d86cca}</Data>
    <Data Name="ProcessId">5652</Data>
    <Data Name="Image">C:\Windows\System32\svchost.exe</Data>
    <Data Name="User">NT AUTHORITY\SYSTEM</Data>
    <Data Name="TargetObject">HKLM\SOFTWARE\Microsoft\Windows\CurrentVersion\Component Based Servicing\Packages\Package_for_KB5034122~31bf3856ad364e35~amd64~~10.0.20348.3\CurrentState</Data>
    <Data Name="Details">DWORD (0x00000070)</Data>
    
  </EventData>
</Event>
<Event xmlns="http://schemas.microsoft.com/win/2004/08/events/event">
  <System>
    <Provider Name="Microsoft-Windows-Sysmon" Guid="{5770385f-c22a-43e0-bf4c-06f5698ffbd9}"/>
    <EventID>7</EventID>
    <Version>3</Version>
    <Level>4</Level>
    <Task>7</Task>
    <Opcode>0</Opcode>
    <Keywords>0x8000000000000000</Keywords>
    <TimeCreated SystemTime="2024-05-14T16:39:39.3396116Z"/>
    <EventRecordID>4458646</EventRecordID>
    <Correlation/>
    <Execution ProcessID="2292" ThreadID="3544"/>
    <Channel>Microsoft-Windows-Sysmon/Operational</Channel>
    <Computer>DC-BO-01.northstar-branch.local</Computer>
    <Security UserID="S-1-5-18"/>
  </System>
  <EventData>
    
    <Data Name="RuleName">-</Data>
    <Data Name="UtcTime">2024-05-14 16:39:39.339</Data>
    <Data Name="ProcessGuid">{0f0dbc5d-7aa0-6643-3d02-00004ebf7911}</Data>
    <Data Name="ProcessId">7964</Data>
    <Data Name="Image">C:\Windows\System32\taskhostw.exe</Data>
    <Data Name="ImageLoaded">C:\Program Files\Windows Defender Advanced Threat Protection\SenseCncProxy.dll</Data>
    <Data Name="FileVersion">10.8049.22439.1065</Data>
    <Data Name="Description">Microsoft Defender for Endpoint Sensor Command Proxy</Data>
    <Data Name="Product">Microsoft Defender for Endpoint</Data>
    <Data Name="Company">Microsoft Corporation</Data>
    <Data Name="OriginalFileName">SenseCncProxy.dll</Data>
    <Data Name="Hashes">SHA1=80520C50C30D947A68E2E01E4B92DF5FF29928FA,MD5=D6395FA4C4ABC4A284744C04BC2C6207,SHA256=69D6A3AB75BCB21819F7D54E69E6BA2CB32C8E958F27473FD54099ADEB4BB353,IMPHASH=D775FDE08B202AEDA21B2DF864344D45</Data>
    <Data Name="Signed">true</Data>
    <Data Name="Signature">Microsoft Corporation</Data>
    <Data Name="SignatureStatus">Valid</Data>
    
  </EventData>
</Event>
<Event xmlns="http://schemas.microsoft.com/win/2004/08/events/event">
  <System>
    <Provider Name="Microsoft-Windows-Sysmon" Guid="{5770385f-c22a-43e0-bf4c-06f5698ffbd9}"/>
    <EventID>7</EventID>
    <Version>3</Version>
    <Level>4</Level>
    <Task>7</Task>
    <Opcode>0</Opcode>
    <Keywords>0x8000000000000000</Keywords>
    <TimeCreated SystemTime="2024-05-14T16:39:40.8382064Z"/>
    <EventRecordID>4458647</EventRecordID>
    <Correlation/>
    <Execution ProcessID="2292" ThreadID="3544"/>
    <Channel>Microsoft-Windows-Sysmon/Operational</Channel>
    <Computer>DC-BO-01.northstar-branch.local</Computer>
    <Security UserID="S-1-5-18"/>
  </System>
  <EventData>
    
    <Data Name="RuleName">-</Data>
    <Data Name="UtcTime">2024-05-14 16:39:40.838</Data>
    <Data Name="ProcessGuid">{0f0dbc5d-80db-6643-e302-0000abe5aabc}</Data>
    <Data Name="ProcessId">8448</Data>
    <Data Name="Image">C:\Windows\explorer.exe</Data>
    <Data Name="ImageLoaded">C:\Program Files\Microsoft OneDrive\24.045.0303.0002\FileSyncShell64.dll</Data>
    <Data Name="FileVersion">24.020.0128.0003</Data>
    <Data Name="Description">Microsoft OneDrive Shell Extension</Data>
    <Data Name="Product">Microsoft OneDrive</Data>
    <Data Name="Company">Microsoft Corporation</Data>
    <Data Name="OriginalFileName">FileSyncShell64.dll</Data>
    <Data Name="Hashes">SHA1=ECD80F573C96A2173CC3B2BE6D8E34167FEEE1E0,MD5=511139CAB0912EE787855B5145E745E2,SHA256=1A8A03120152C072DD0757C35509ED317B267C5F4D33866A8791F18247626F3B,IMPHASH=2028DA4475C70B7D957D02DE4DA1EE67</Data>
    <Data Name="Signed">true</Data>
    <Data Name="Signature">Microsoft Corporation</Data>
    <Data Name="SignatureStatus">Valid</Data>
    
  </EventData>
</Event>
<Event xmlns="http://schemas.microsoft.com/win/2004/08/events/event">
  <System>
    <Provider Name="Microsoft-Windows-Sysmon" Guid="{5770385f-c22a-43e0-bf4c-06f5698ffbd9}"/>
    <EventID>13</EventID>
    <Version>2</Version>
    <Level>4</Level>
    <Task>13</Task>
    <Opcode>0</Opcode>
    <Keywords>0x8000000000000000</Keywords>
    <TimeCreated SystemTime="2024-05-14T16:39:54.9493782Z"/>
    <EventRecordID>4458649</EventRecordID>
    <Correlation/>
    <Execution ProcessID="2292" ThreadID="4432"/>
    <Channel>Microsoft-Windows-Sysmon/Operational</Channel>
    <Computer>DC-BO-01.northstar-branch.local</Computer>
    <Security UserID="S-1-5-18"/>
  </System>
  <EventData>
    
    <Data Name="RuleName">-</Data>
    <Data Name="EventType">SetValue</Data>
    <Data Name="UtcTime">2024-05-14 16:39:54.949</Data>
    <Data Name="ProcessGuid">{0f0dbc5d-16c5-661d-9200-001026a60bb6}</Data>
    <Data Name="ProcessId">5468</Data>
    <Data Name="Image">C:\Windows\System32\services.exe</Data>
    <Data Name="User">NT AUTHORITY\SYSTEM</Data>
    <Data Name="TargetObject">HKLM\SYSTEM\CurrentControlSet\Services\LanmanWorkstation\Parameters\EnableSecuritySignature</Data>
    <Data Name="Details">DWORD (0x00000001)</Data>
    
  </EventData>
</Event>
<Event xmlns="http://schemas.microsoft.com/win/2004/08/events/event">
  <System>
    <Provider Name="Microsoft-Windows-Sysmon" Guid="{5770385f-c22a-43e0-bf4c-06f5698ffbd9}"/>
    <EventID>1</EventID>
    <Version>5</Version>
    <Level>4</Level>
    <Task>1</Task>
    <Opcode>0</Opcode>
    <Keywords>0x8000000000000000</Keywords>
    <TimeCreated SystemTime="2024-05-14T16:39:55.0179913Z"/>
    <EventRecordID>4458670</EventRecordID>
    <Correlation/>
    <Execution ProcessID="2292" ThreadID="4792"/>
    <Channel>Microsoft-Windows-Sysmon/Operational</Channel>
    <Computer>DC-BO-01.northstar-branch.local</Computer>
    <Security UserID="S-1-5-18"/>
  </System>
  <EventData>
    
    <Data Name="RuleName">-</Data>
    <Data Name="UtcTime">2024-05-14 16:39:55.017</Data>
    <Data Name="ProcessGuid">{0f0dbc5d-93db-6643-9300-00109f782ee4}</Data>
    <Data Name="ProcessId">8740</Data>
    <Data Name="Image">C:\Windows\System32\dllhost.exe</Data>
    <Data Name="FileVersion">10.0.20348.1</Data>
    <Data Name="Description">COM Surrogate</Data>
    <Data Name="Product">Microsoft Windows Operating System</Data>
    <Data Name="Company">Microsoft Corporation</Data>
    <Data Name="OriginalFileName">dllhost.exe</Data>
    <Data Name="CommandLine">dllhost.exe /Processid:{3EB3C877-1F16-487C-9050-104DBCD66683}</Data>
    <Data Name="CurrentDirectory">C:\Windows\System32\</Data>
    <Data Name="User">NT AUTHORITY\SYSTEM</Data>
    <Data Name="LogonGuid">{76a4ff70-6f70-436e-87cf-90c13b467ba0}</Data>
    <Data Name="LogonId">0x3e7</Data>
    <Data Name="TerminalSessionId">0</Data>
    <Data Name="IntegrityLevel">System</Data>
    <Data Name="Hashes">SHA1=30A1BB5B6488DA366EC6CB150CFBC5E1D38AE4EC,MD5=0CF8A7A200AB4EC5554D66B94C14DBF1,SHA256=7330E24D8462CB4C728FAFB454B8F7B81D74B116E290264CC3727466370C3B00,IMPHASH=32EF2A6E05BBEAE7E85E49CA7C70F08E</Data>
    <Data Name="ParentProcessGuid">{0f0dbc5d-16c8-661d-e500-0000c9aef746}</Data>
    <Data Name="ParentProcessId">5508</Data>
    <Data Name="ParentImage">C:\Windows\System32\svchost.exe</Data>
    <Data Name="ParentCommandLine">svchost.exe -k DcomLaunch</Data>
    
  </EventData>
</Event>
<Event xmlns="http://schemas.microsoft.com/win/2004/08/events/event">
  <System>
    <Provider Name="Microsoft-Windows-Sysmon" Guid="{5770385f-c22a-43e0-bf4c-06f5698ffbd9}"/>
    <EventID>13</EventID>
    <Version>2</Version>
    <Level>4</Level>
    <Task>13</Task>
    <Opcode>0</Opcode>
    <Keywords>0x8000000000000000</Keywords>
    <TimeCreated SystemTime="2024-05-14T16:40:02.3250484Z"/>
    <EventRecordID>4458671</EventRecordID>
    <Correlation/>
    <Execution ProcessID="2292" ThreadID="4432"/>
    <Channel>Microsoft-Windows-Sysmon/Operational</Channel>
    <Computer>DC-BO-01.northstar-branch.local</Computer>
    <Security UserID="S-1-5-18"/>
  </System>
  <EventData>
    
    <Data Name="RuleName">-</Data>
    <Data Name="EventType">SetValue</Data>
    <Data Name="UtcTime">2024-05-14 16:40:02.325</Data>
    <Data Name="ProcessGuid">{0f0dbc5d-16ca-661d-ee00-0000ee71786b}</Data>
    <Data Name="ProcessId">5548</Data>
    <Data Name="Image">C:\Windows\System32\svchost.exe</Data>
    <Data Name="User">NT AUTHORITY\NETWORK SERVICE</Data>
    <Data Name="TargetObject">HKLM\SYSTEM\CurrentControlSet\Services\W32Time\Config\MaxPollInterval</Data>
    <Data Name="Details">DWORD (0x0000000f)</Data>
    
  </EventData>
</Event>
<Event xmlns="http://schemas.microsoft.com/win/2004/08/events/event">
  <System>
    <Provider Name="Microsoft-Windows-Sysmon" Guid="{5770385f-c22a-43e0-bf4c-06f5698ffbd9}"/>
    <EventID>13</EventID>
    <Version>2</Version>
    <Level>4</Level>
    <Task>13</Task>
    <Opcode>0</Opcode>
    <Keywords>0x8000000000000000</Keywords>
    <TimeCreated SystemTime="2024-05-14T16:40:05.8777159Z"/>
    <EventRecordID>4458694</EventRecordID>
    <Correlation/>
    <Execution ProcessID="2292" ThreadID="4432"/>
    <Channel>Microsoft-Windows-Sysmon/Operational</Channel>
    <Computer>DC-BO-01.northstar-branch.local</Computer>
    <Security UserID="S-1-5-18"/>
  </System>
  <EventData>
    
    <Data Name="RuleName">-</Data>
    <Data Name="EventType">SetValue</Data>
    <Data Name="UtcTime">2024-05-14 16:40:05.877</Data>
    <Data Name="ProcessGuid">{0f0dbc5d-16dc-661d-6c02-0000fcb1ffcf}</Data>
    <Data Name="ProcessId">5676</Data>
    <Data Name="Image">C:\Windows\System32\dllhost.exe</Data>
    <Data Name="User">NT AUTHORITY\SYSTEM</Data>
    <Data Name="TargetObject">HKLM\SYSTEM\CurrentControlSet\Services\LanmanWorkstation\Parameters\EnableSecuritySignature</Data>
    <Data Name="Details">DWORD (0x00000001)</Data>
    
  </EventData>
</Event>
<Event xmlns="http://schemas.microsoft.com/win/2004/08/events/event">
  <System>
    <Provider Name="Microsoft-Windows-Sysmon" Guid="{5770385f-c22a-43e0-bf4c-06f5698ffbd9}"/>
    <EventID>22</EventID>
    <Version>5</Version>
    <Level>4</Level>
    <Task>22</Task>
    <Opcode>0</Opcode>
    <Keywords>0x8000000000000000</Keywords>
    <TimeCreated SystemTime="2024-05-14T16:40:12.4570536Z"/>
    <EventRecordID>4458695</EventRecordID>
    <Correlation/>
    <Execution ProcessID="2292" ThreadID="4432"/>
    <Channel>Microsoft-Windows-Sysmon/Operational</Channel>
    <Computer>DC-BO-01.northstar-branch.local</Computer>
    <Security UserID="S-1-5-18"/>
  </System>
  <EventData>
    
    <Data Name="RuleName">-</Data>
    <Data Name="UtcTime">2024-05-14 16:40:12.457</Data>
    <Data Name="ProcessGuid">{0f0dbc5d-16cd-661d-6b00-00109c9de648}</Data>
    <Data Name="ProcessId">5572</Data>
    <Data Name="QueryName">_kerberos._tcp.dc._msdcs.northstar-branch.local</Data>
    <Data Name="QueryStatus">0</Data>
    <Data Name="QueryResults">0 100 88 DC-BO-01.northstar-branch.local;</Data>
    <Data Name="Image">C:\Windows\System32\svchost.exe</Data>
    <Data Name="User">NT AUTHORITY\LOCAL SERVICE</Data>
    
  </EventData>
</Event>
<Event xmlns="http://schemas.microsoft.com/win/2004/08/events/event">
  <System>
    <Provider Name="Microsoft-Windows-Sysmon" Guid="{5770385f-c22a-43e0-bf4c-06f5698ffbd9}"/>
    <EventID>22</EventID>
    <Version>5</Version>
    <Level>4</Level>
    <Task>22</Task>
    <Opcode>0</Opcode>
    <Keywords>0x8000000000000000</Keywords>
    <TimeCreated SystemTime="2024-05-14T16:40:12.6417109Z"/>
    <EventRecordID>4458837</EventRecordID>
    <Correlation/>
    <Execution ProcessID="2292" ThreadID="4432"/>
    <Channel>Microsoft-Windows-Sysmon/Operational</Channel>
    <Computer>DC-BO-01.northstar-branch.local</Computer>
    <Security UserID="S-1-5-18"/>
  </System>
  <EventData>
    
    <Data Name="RuleName">-</Data>
    <Data Name="UtcTime">2024-05-14 16:40:12.641</Data>
    <Data Name="ProcessGuid">{0f0dbc5d-16cd-661d-6b00-00109c9de648}</Data>
    <Data Name="ProcessId">5572</Data>
    <Data Name="QueryName">_ldap._tcp.dc._msdcs.northstar-branch.local</Data>
    <Data Name="QueryStatus">0</Data>
    <Data Name="QueryResults">0 100 389 DC-BO-01.northstar-branch.local;</Data>
    <Data Name="Image">C:\Windows\System32\svchost.exe</Data>
    <Data Name="User">NT AUTHORITY\LOCAL SERVICE</Data>
    
  </EventData>
</Event>
<Event xmlns="http://schemas.microsoft.com/win/2004/08/events/event">
  <System>
    <Provider Name="Microsoft-Windows-Sysmon" Guid="{5770385f-c22a-43e0-bf4c-06f5698ffbd9}"/>
    <EventID>22</EventID>
    <Version>5</Version>
    <Level>4</Level>
    <Task>22</Task>
    <Opcode>0</Opcode>
    <Keywords>0x8000000000000000</Keywords>
    <TimeCreated SystemTime="2024-05-14T16:40:14.2767299Z"/>
    <EventRecordID>4458838</EventRecordID>
    <Correlation/>
    <Execution ProcessID="2292" ThreadID="4432"/>
    <Channel>Microsoft-Windows-Sysmon/Operational</Channel>
    <Computer>DC-BO-01.northstar-branch.local</Computer>
    <Security UserID="S-1-5-18"/>
  </System>
  <EventData>
    
    <Data Name="RuleName">-</Data>
    <Data Name="UtcTime">2024-05-14 16:40:14.276</Data>
    <Data Name="ProcessGuid">{0f0dbc5d-16cd-661d-6b00-00109c9de648}</Data>
    <Data Name="ProcessId">5572</Data>
    <Data Name="QueryName">FILE-BO-01.northstar-branch.local</Data>
    <Data Name="QueryStatus">0</Data>
    <Data Name="QueryResults">10.44.20.20;</Data>
    <Data Name="Image">C:\Windows\System32\svchost.exe</Data>
    <Data Name="User">NT AUTHORITY\LOCAL SERVICE</Data>
    
  </EventData>
</Event>
<Event xmlns="http://schemas.microsoft.com/win/2004/08/events/event">
  <System>
    <Provider Name="Microsoft-Windows-Sysmon" Guid="{5770385f-c22a-43e0-bf4c-06f5698ffbd9}"/>
    <EventID>5</EventID>
    <Version>3</Version>
    <Level>4</Level>
    <Task>5</Task>
    <Opcode>0</Opcode>
    <Keywords>0x8000000000000000</Keywords>
    <TimeCreated SystemTime="2024-05-14T16:40:25.8539177Z"/>
    <EventRecordID>4458840</EventRecordID>
    <Correlation/>
    <Execution ProcessID="2292" ThreadID="4792"/>
    <Channel>Microsoft-Windows-Sysmon/Operational</Channel>
    <Computer>DC-BO-01.northstar-branch.local</Computer>
    <Security UserID="S-1-5-18"/>
  </System>
  <EventData>
    
    <Data Name="RuleName">-</Data>
    <Data Name="UtcTime">2024-05-14 16:40:25.853</Data>
    <Data Name="ProcessGuid">{0f0dbc5d-93db-6643-9300-00109f782ee4}</Data>
    <Data Name="ProcessId">8740</Data>
    <Data Name="Image">C:\Windows\System32\dllhost.exe</Data>
    <Data Name="User">NT AUTHORITY\SYSTEM</Data>
    
  </EventData>
</Event>
<Event xmlns="http://schemas.microsoft.com/win/2004/08/events/event">
  <System>
    <Provider Name="Microsoft-Windows-Sysmon" Guid="{5770385f-c22a-43e0-bf4c-06f5698ffbd9}"/>
    <EventID>1</EventID>
    <Version>5</Version>
    <Level>4</Level>
    <Task>1</Task>
    <Opcode>0</Opcode>
    <Keywords>0x8000000000000000</Keywords>
    <TimeCreated SystemTime="2024-05-14T16:41:20.8056396Z"/>
    <EventRecordID>4458846</EventRecordID>
    <Correlation/>
    <Execution ProcessID="2292" ThreadID="2696"/>
    <Channel>Microsoft-Windows-Sysmon/Operational</Channel>
    <Computer>DC-BO-01.northstar-branch.local</Computer>
    <Security UserID="S-1-5-18"/>
  </System>
  <EventData>
    
    <Data Name="RuleName">-</Data>
    <Data Name="UtcTime">2024-05-14 16:41:20.805</Data>
    <Data Name="ProcessGuid">{0f0dbc5d-9430-6643-9902-00009fc0592c}</Data>
    <Data Name="ProcessId">9476</Data>
    <Data Name="Image">C:\Windows\System32\taskhostw.exe</Data>
    <Data Name="FileVersion">10.0.20348.1</Data>
    <Data Name="Description">Host Process for Windows Tasks</Data>
    <Data Name="Product">Microsoft Windows Operating System</Data>
    <Data Name="Company">Microsoft Corporation</Data>
    <Data Name="OriginalFileName">taskhostw.exe</Data>
    <Data Name="CommandLine">taskhostw.exe</Data>
    <Data Name="CurrentDirectory">C:\Windows\System32\</Data>
    <Data Name="User">NT AUTHORITY\SYSTEM</Data>
    <Data Name="LogonGuid">{76a4ff70-6f70-436e-87cf-90c13b467ba0}</Data>
    <Data Name="LogonId">0x3e7</Data>
    <Data Name="TerminalSessionId">0</Data>
    <Data Name="IntegrityLevel">System</Data>
    <Data Name="Hashes">SHA1=8619AEABA32A5BF02C7A7FEA0D605D220CC764C3,MD5=61B2B0A2846502D2A87C115BFC6844F2,SHA256=8DD50FB44A96C9A062B4243044C25FAE85D88190CF1715DE6640D6D2C51098AC,IMPHASH=03BE90DC9D714E2211C4EA3429EA7C04</Data>
    <Data Name="ParentProcessGuid">{0f0dbc5d-16c9-661d-3b02-0010afc469c1}</Data>
    <Data Name="ParentProcessId">5532</Data>
    <Data Name="ParentImage">C:\Windows\System32\svchost.exe</Data>
    <Data Name="ParentCommandLine">svchost.exe -k LocalSystem</Data>
    
  </EventData>
</Event>
<Event xmlns="http://schemas.microsoft.com/win/2004/08/events/event">
  <System>
    <Provider Name="Microsoft-Windows-Sysmon" Guid="{5770385f-c22a-43e0-bf4c-06f5698ffbd9}"/>
    <EventID>1</EventID>
    <Version>5</Version>
    <Level>4</Level>
    <Task>1</Task>
    <Opcode>0</Opcode>
    <Keywords>0x8000000000000000</Keywords>
    <TimeCreated SystemTime="2024-05-14T16:43:27.2804385Z"/>
    <EventRecordID>4458858</EventRecordID>
    <Correlation/>
    <Execution ProcessID="2292" ThreadID="2696"/>
    <Channel>Microsoft-Windows-Sysmon/Operational</Channel>
    <Computer>DC-BO-01.northstar-branch.local</Computer>
    <Security UserID="S-1-5-18"/>
  </System>
  <EventData>
    
    <Data Name="RuleName">-</Data>
    <Data Name="UtcTime">2024-05-14 16:43:27.280</Data>
    <Data Name="ProcessGuid">{0f0dbc5d-94af-6643-3100-001041858d08}</Data>
    <Data Name="ProcessId">9232</Data>
    <Data Name="Image">C:\Windows\System32\dllhost.exe</Data>
    <Data Name="FileVersion">10.0.20348.1</Data>
    <Data Name="Description">COM Surrogate</Data>
    <Data Name="Product">Microsoft Windows Operating System</Data>
    <Data Name="Company">Microsoft Corporation</Data>
    <Data Name="OriginalFileName">dllhost.exe</Data>
    <Data Name="CommandLine">dllhost.exe /Processid:{3EB3C877-1F16-487C-9050-104DBCD66683}</Data>
    <Data Name="CurrentDirectory">C:\Windows\System32\</Data>
    <Data Name="User">NT AUTHORITY\SYSTEM</Data>
    <Data Name="LogonGuid">{76a4ff70-6f70-436e-87cf-90c13b467ba0}</Data>
    <Data Name="LogonId">0x3e7</Data>
    <Data Name="TerminalSessionId">0</Data>
    <Data Name="IntegrityLevel">System</Data>
    <Data Name="Hashes">SHA1=30A1BB5B6488DA366EC6CB150CFBC5E1D38AE4EC,MD5=0CF8A7A200AB4EC5554D66B94C14DBF1,SHA256=7330E24D8462CB4C728FAFB454B8F7B81D74B116E290264CC3727466370C3B00,IMPHASH=32EF2A6E05BBEAE7E85E49CA7C70F08E</Data>
    <Data Name="ParentProcessGuid">{0f0dbc5d-16c8-661d-e500-0000c9aef746}</Data>
    <Data Name="ParentProcessId">5508</Data>
    <Data Name="ParentImage">C:\Windows\System32\svchost.exe</Data>
    <Data Name="ParentCommandLine">svchost.exe -k DcomLaunch</Data>
    
  </EventData>
</Event>
<Event xmlns="http://schemas.microsoft.com/win/2004/08/events/event">
  <System>
    <Provider Name="Microsoft-Windows-Sysmon" Guid="{5770385f-c22a-43e0-bf4c-06f5698ffbd9}"/>
    <EventID>13</EventID>
    <Version>2</Version>
    <Level>4</Level>
    <Task>13</Task>
    <Opcode>0</Opcode>
    <Keywords>0x8000000000000000</Keywords>
    <TimeCreated SystemTime="2024-05-14T16:43:32.5409869Z"/>
    <EventRecordID>4458981</EventRecordID>
    <Correlation/>
    <Execution ProcessID="2292" ThreadID="2696"/>
    <Channel>Microsoft-Windows-Sysmon/Operational</Channel>
    <Computer>DC-BO-01.northstar-branch.local</Computer>
    <Security UserID="S-1-5-18"/>
  </System>
  <EventData>
    
    <Data Name="RuleName">-</Data>
    <Data Name="EventType">SetValue</Data>
    <Data Name="UtcTime">2024-05-14 16:43:32.540</Data>
    <Data Name="ProcessGuid">{0f0dbc5d-16e2-661d-d602-001033f9c3d8}</Data>
    <Data Name="ProcessId">5716</Data>
    <Data Name="Image">C:\Windows\System32\msiexec.exe</Data>
    <Data Name="User">NT AUTHORITY\SYSTEM</Data>
    <Data Name="TargetObject">HKLM\SOFTWARE\Microsoft\Windows\CurrentVersion\Component Based Servicing\Packages\Package_for_DotNetRollup~31bf3856ad364e35~amd64~~10.0.20348.37\CurrentState</Data>
    <Data Name="Details">DWORD (0x00000070)</Data>
    
  </EventData>
</Event>
<Event xmlns="http://schemas.microsoft.com/win/2004/08/events/event">
  <System>
    <Provider Name="Microsoft-Windows-Sysmon" Guid="{5770385f-c22a-43e0-bf4c-06f5698ffbd9}"/>
    <EventID>1</EventID>
    <Version>5</Version>
    <Level>4</Level>
    <Task>1</Task>
    <Opcode>0</Opcode>
    <Keywords>0x8000000000000000</Keywords>
    <TimeCreated SystemTime="2024-05-14T16:43:48.8981498Z"/>
    <EventRecordID>4458984</EventRecordID>
    <Correlation/>
    <Execution ProcessID="2292" ThreadID="4432"/>
    <Channel>Microsoft-Windows-Sysmon/Operational</Channel>
    <Computer>DC-BO-01.northstar-branch.local</Computer>
    <Security UserID="S-1-5-18"/>
  </System>
  <EventData>
    
    <Data Name="RuleName">-</Data>
    <Data Name="UtcTime">2024-05-14 16:43:48.898</Data>
    <Data Name="ProcessGuid">{0f0dbc5d-94c4-6643-c402-0000844d4b5d}</Data>
    <Data Name="ProcessId">8896</Data>
    <Data Name="Image">C:\Windows\System32\wbem\WmiPrvSE.exe</Data>
    <Data Name="FileVersion">10.0.20348.1</Data>
    <Data Name="Description">WMI Provider Host</Data>
    <Data Name="Product">Microsoft Windows Operating System</Data>
    <Data Name="Company">Microsoft Corporation</Data>
    <Data Name="OriginalFileName">WmiPrvSE.exe</Data>
    <Data Name="CommandLine">WmiPrvSE.exe -Embedding</Data>
    <Data Name="CurrentDirectory">C:\Windows\System32\</Data>
    <Data Name="User">NT AUTHORITY\SYSTEM</Data>
    <Data Name="LogonGuid">{76a4ff70-6f70-436e-87cf-90c13b467ba0}</Data>
    <Data Name="LogonId">0x3e7</Data>
    <Data Name="TerminalSessionId">0</Data>
    <Data Name="IntegrityLevel">System</Data>
    <Data Name="Hashes">SHA1=A5E3AF2A96B47DDFB49DA94A8671FB987C1FE2BB,MD5=7D26B8B7840F97C88857B470C235D9FE,SHA256=1066389BE1D488A653647CC3A656AC18A6219B4DDAFF89A68A5F31BACF2E0B3F,IMPHASH=7315DF3EBAFC67944E00B47EC7B4744A</Data>
    <Data Name="ParentProcessGuid">{0f0dbc5d-16c8-661d-e500-0000c9aef746}</Data>
    <Data Name="ParentProcessId">5508</Data>
    <Data Name="ParentImage">C:\Windows\System32\svchost.exe</Data>
    <Data Name="ParentCommandLine">svchost.exe -k DcomLaunch</Data>
    
  </EventData>
</Event>
<Event xmlns="http://schemas.microsoft.com/win/2004/08/events/event">
  <System>
    <Provider Name="Microsoft-Windows-Sysmon" Guid="{5770385f-c22a-43e0-bf4c-06f5698ffbd9}"/>
    <EventID>13</EventID>
    <Version>2</Version>
    <Level>4</Level>
    <Task>13</Task>
    <Opcode>0</Opcode>
    <Keywords>0x8000000000000000</Keywords>
    <TimeCreated SystemTime="2024-05-14T16:44:00.0354877Z"/>
    <EventRecordID>4459139</EventRecordID>
    <Correlation/>
    <Execution ProcessID="2292" ThreadID="4432"/>
    <Channel>Microsoft-Windows-Sysmon/Operational</Channel>
    <Computer>DC-BO-01.northstar-branch.local</Computer>
    <Security UserID="S-1-5-18"/>
  </System>
  <EventData>
    
    <Data Name="RuleName">-</Data>
    <Data Name="EventType">SetValue</Data>
    <Data Name="UtcTime">2024-05-14 16:44:00.035</Data>
    <Data Name="ProcessGuid">{0f0dbc5d-16d5-661d-fe02-001061d86cca}</Data>
    <Data Name="ProcessId">5652</Data>
    <Data Name="Image">C:\Windows\System32\svchost.exe</Data>
    <Data Name="User">NT AUTHORITY\SYSTEM</Data>
    <Data Name="TargetObject">HKLM\SOFTWARE\Microsoft\Windows\CurrentVersion\Component Based Servicing\Packages\Microsoft-Windows-Client-Features~31bf3856ad364e35~amd64~~10.0.20348.41\CurrentState</Data>
    <Data Name="Details">DWORD (0x00000070)</Data>
    
  </EventData>
</Event>
<Event xmlns="http://schemas.microsoft.com/win/2004/08/events/event">
  <System>
    <Provider Name="Microsoft-Windows-Sysmon" Guid="{5770385f-c22a-43e0-bf4c-06f5698ffbd9}"/>
    <EventID>5</EventID>
    <Version>3</Version>
    <Level>4</Level>
    <Task>5</Task>
    <Opcode>0</Opcode>
    <Keywords>0x8000000000000000</Keywords>
    <TimeCreated SystemTime="2024-05-14T16:44:18.2903808Z"/>
    <EventRecordID>4459286</EventRecordID>
    <Correlation/>
    <Execution ProcessID="2292" ThreadID="4432"/>
    <Channel>Microsoft-Windows-Sysmon/Operational</Channel>
    <Computer>DC-BO-01.northstar-branch.local</Computer>
    <Security UserID="S-1-5-18"/>
  </System>
  <EventData>
    
    <Data Name="RuleName">-</Data>
    <Data Name="UtcTime">2024-05-14 16:44:18.290</Data>
    <Data Name="ProcessGuid">{0f0dbc5d-94c4-6643-c402-0000844d4b5d}</Data>
    <Data Name="ProcessId">8896</Data>
    <Data Name="Image">C:\Windows\System32\wbem\WmiPrvSE.exe</Data>
    <Data Name="User">NT AUTHORITY\SYSTEM</Data>
    
  </EventData>
</Event>
<Event xmlns="http://schemas.microsoft.com/win/2004/08/events/event">
  <System>
    <Provider Name="Microsoft-Windows-Sysmon" Guid="{5770385f-c22a-43e0-bf4c-06f5698ffbd9}"/>
    <EventID>13</EventID>
    <Version>2</Version>
    <Level>4</Level>
    <Task>13</Task>
    <Opcode>0</Opcode>
    <Keywords>0x8000000000000000</Keywords>
    <TimeCreated SystemTime="2024-05-14T16:44:45.1082064Z"/>
    <EventRecordID>4459289</EventRecordID>
    <Correlation/>
    <Execution ProcessID="2292" ThreadID="4432"/>
    <Channel>Microsoft-Windows-Sysmon/Operational</Channel>
    <Computer>DC-BO-01.northstar-branch.local</Computer>
    <Security UserID="S-1-5-18"/>
  </System>
  <EventData>
    
    <Data Name="RuleName">-</Data>
    <Data Name="EventType">SetValue</Data>
    <Data Name="UtcTime">2024-05-14 16:44:45.108</Data>
    <Data Name="ProcessGuid">{0f0dbc5d-16d5-661d-fe02-001061d86cca}</Data>
    <Data Name="ProcessId">5652</Data>
    <Data Name="Image">C:\Windows\System32\svchost.exe</Data>
    <Data Name="User">NT AUTHORITY\SYSTEM</Data>
    <Data Name="TargetObject">HKLM\SOFTWARE\Microsoft\Windows\CurrentVersion\Component Based Servicing\Packages\Microsoft-Windows-Client-Features~31bf3856ad364e35~amd64~~10.0.20348.41\CurrentState</Data>
    <Data Name="Details">DWORD (0x00000070)</Data>
    
  </EventData>
</Event>
<Event xmlns="http://schemas.microsoft.com/win/2004/08/events/event">
  <System>
    <Provider Name="Microsoft-Windows-Sysmon" Guid="{5770385f-c22a-43e0-bf4c-06f5698ffbd9}"/>
    <EventID>10</EventID>
    <Version>3</Version>
    <Level>4</Level>
    <Task>10</Task>
    <Opcode>0</Opcode>
    <Keywords>0x8000000000000000</Keywords>
    <TimeCreated SystemTime="2024-05-14T16:44:45.4806586Z"/>
    <EventRecordID>4459320</EventRecordID>
    <Correlation/>
    <Execution ProcessID="2292" ThreadID="4536"/>
    <Channel>Microsoft-Windows-Sysmon/Operational</Channel>
    <Computer>DC-BO-01.northstar-branch.local</Computer>
    <Security UserID="S-1-5-18"/>
  </System>
  <EventData>
    
    <Data Name="RuleName">-</Data>
    <Data Name="UtcTime">2024-05-14 16:44:45.480</Data>
    <Data Name="SourceProcessGUID">{0f0dbc5d-16c5-661d-9200-001026a60bb6}</Data>
    <Data Name="SourceProcessId">5468</Data>
    <Data Name="SourceImage">C:\Windows\System32\services.exe</Data>
    <Data Name="SourceThreadId">7292</Data>
    <Data Name="SourceUser">NT AUTHORITY\SYSTEM</Data>
    <Data Name="TargetProcessGUID">{0f0dbc5d-16ca-661d-ee00-0000ee71786b}</Data>
    <Data Name="TargetProcessId">5548</Data>
    <Data Name="TargetImage">C:\Windows\System32\svchost.exe</Data>
    <Data Name="TargetUser">NT AUTHORITY\NETWORK SERVICE</Data>
    <Data Name="GrantedAccess">0x0400</Data>
    <Data Name="CallTrace">C:\Windows\SYSTEM32\ntdll.dll+9E84E</Data>
    
  </EventData>
</Event>
<Event xmlns="http://schemas.microsoft.com/win/2004/08/events/event">
  <System>
    <Provider Name="Microsoft-Windows-Sysmon" Guid="{5770385f-c22a-43e0-bf4c-06f5698ffbd9}"/>
    <EventID>13</EventID>
    <Version>2</Version>
    <Level>4</Level>
    <Task>13</Task>
    <Opcode>0</Opcode>
    <Keywords>0x8000000000000000</Keywords>
    <TimeCreated SystemTime="2024-05-14T16:44:51.9029715Z"/>
    <EventRecordID>4459322</EventRecordID>
    <Correlation/>
    <Execution ProcessID="2292" ThreadID="4432"/>
    <Channel>Microsoft-Windows-Sysmon/Operational</Channel>
    <Computer>DC-BO-01.northstar-branch.local</Computer>
    <Security UserID="S-1-5-18"/>
  </System>
  <EventData>
    
    <Data Name="RuleName">-</Data>
    <Data Name="EventType">SetValue</Data>
    <Data Name="UtcTime">2024-05-14 16:44:51.902</Data>
    <Data Name="ProcessGuid">{0f0dbc5d-16e2-661d-d602-001033f9c3d8}</Data>
    <Data Name="ProcessId">5716</Data>
    <Data Name="Image">C:\Windows\System32\msiexec.exe</Data>
    <Data Name="User">NT AUTHORITY\SYSTEM</Data>
    <Data Name="TargetObject">HKLM\SOFTWARE\Microsoft\Windows\CurrentVersion\Component Based Servicing\Packages\Package_for_DotNetRollup~31bf3856ad364e35~amd64~~10.0.20348.37\CurrentState</Data>
    <Data Name="Details">DWORD (0x00000070)</Data>
    
  </EventData>
</Event>
<Event xmlns="http://schemas.microsoft.com/win/2004/08/events/event">
  <System>
    <Provider Name="Microsoft-Windows-Sysmon" Guid="{5770385f-c22a-43e0-bf4c-06f5698ffbd9}"/>
    <EventID>10</EventID>
    <Version>3</Version>
    <Level>4</Level>
    <Task>10</Task>
    <Opcode>0</Opcode>
    <Keywords>0x8000000000000000</Keywords>
    <TimeCreated SystemTime="2024-05-14T16:44:52.0883920Z"/>
    <EventRecordID>4459323</EventRecordID>
    <Correlation/>
    <Execution ProcessID="2292" ThreadID="4792"/>
    <Channel>Microsoft-Windows-Sysmon/Operational</Channel>
    <Computer>DC-BO-01.northstar-branch.local</Computer>
    <Security UserID="S-1-5-18"/>
  </System>
  <EventData>
    
    <Data Name="RuleName">-</Data>
    <Data Name="UtcTime">2024-05-14 16:44:52.088</Data>
    <Data Name="SourceProcessGUID">{0f0dbc5d-16dc-661d-db02-0000dbd065cb}</Data>
    <Data Name="SourceProcessId">5668</Data>
    <Data Name="SourceImage">C:\Windows\System32\wbem\WmiPrvSE.exe</Data>
    <Data Name="SourceThreadId">8628</Data>
    <Data Name="SourceUser">NT AUTHORITY\NETWORK SERVICE</Data>
    <Data Name="TargetProcessGUID">{0f0dbc5d-16c9-661d-3b02-0010afc469c1}</Data>
    <Data Name="TargetProcessId">5532</Data>
    <Data Name="TargetImage">C:\Windows\System32\svchost.exe</Data>
    <Data Name="TargetUser">NT AUTHORITY\SYSTEM</Data>
    <Data Name="GrantedAccess">0x1000</Data>
    <Data Name="CallTrace">C:\Windows\SYSTEM32\ntdll.dll+9C5B5|C:\Windows\SYSTEM32\KERNELBASE.dll+2E819|C:\Windows\SYSTEM32\advapi32.dll+4B28E</Data>
    
  </EventData>
</Event>
<Event xmlns="http://schemas.microsoft.com/win/2004/08/events/event">
  <System>
    <Provider Name="Microsoft-Windows-Sysmon" Guid="{5770385f-c22a-43e0-bf4c-06f5698ffbd9}"/>
    <EventID>7</EventID>
    <Version>3</Version>
    <Level>4</Level>
    <Task>7</Task>
    <Opcode>0</Opcode>
    <Keywords>0x8000000000000000</Keywords>
    <TimeCreated SystemTime="2024-05-14T16:46:06.5413195Z"/>
    <EventRecordID>4459497</EventRecordID>
    <Correlation/>
    <Execution ProcessID="2292" ThreadID="4536"/>
    <Channel>Microsoft-Windows-Sysmon/Operational</Channel>
    <Computer>DC-BO-01.northstar-branch.local</Computer>
    <Security UserID="S-1-5-18"/>
  </System>
  <EventData>
    
    <Data Name="RuleName">-</Data>
    <Data Name="UtcTime">2024-05-14 16:46:06.541</Data>
    <Data Name="ProcessGuid">{0f0dbc5d-8779-6643-1102-00004af1abb3}</Data>
    <Data Name="ProcessId">8072</Data>
    <Data Name="Image">C:\Windows\explorer.exe</Data>
    <Data Name="ImageLoaded">C:\Program Files\Microsoft OneDrive\FileSyncShell64.dll</Data>
    <Data Name="FileVersion">24.020.0128.0003</Data>
    <Data Name="Description">Microsoft OneDrive Shell Extension</Data>
    <Data Name="Product">Microsoft OneDrive</Data>
    <Data Name="Company">Microsoft Corporation</Data>
    <Data Name="OriginalFileName">FileSyncShell64.dll</Data>
    <Data Name="Hashes">SHA1=8A8D2F92840400B12DF5B23067B3645614A6154C,MD5=6494F9E418717F254D9C51C1D6AB7776,SHA256=89CE72127ACEC3868EE255920B456C571E65F3478525757E8E9C7D9B594A2CAC,IMPHASH=B6F0CB2FEAC0D06F10AEF2E6082E5925</Data>
    <Data Name="Signed">true</Data>
    <Data Name="Signature">Microsoft Corporation</Data>
    <Data Name="SignatureStatus">Valid</Data>
    
  </EventData>
</Event>
<Event xmlns="http://schemas.microsoft.com/win/2004/08/events/event">
  <System>
    <Provider Name="Microsoft-Windows-Sysmon" Guid="{5770385f-c22a-43e0-bf4c-06f5698ffbd9}"/>
    <EventID>5</EventID>
    <Version>3</Version>
    <Level>4</Level>
    <Task>5</Task>
    <Opcode>0</Opcode>
    <Keywords>0x8000000000000000</Keywords>
    <TimeCreated SystemTime="2024-05-14T16:46:14.9412644Z"/>
    <EventRecordID>4459498</EventRecordID>
    <Correlation/>
    <Execution ProcessID="2292" ThreadID="2696"/>
    <Channel>Microsoft-Windows-Sysmon/Operational</Channel>
    <Computer>DC-BO-01.northstar-branch.local</Computer>
    <Security UserID="S-1-5-18"/>
  </System>
  <EventData>
    
    <Data Name="RuleName">-</Data>
    <Data Name="UtcTime">2024-05-14 16:46:14.941</Data>
    <Data Name="ProcessGuid">{0f0dbc5d-93ab-6643-b900-0010330cd1a7}</Data>
    <Data Name="ProcessId">9172</Data>
    <Data Name="Image">C:\Windows\System32\wbem\WmiPrvSE.exe</Data>
    <Data Name="User">NT AUTHORITY\SYSTEM</Data>
    
  </EventData>
</Event>
<Event xmlns="http://schemas.microsoft.com/win/2004/08/events/event">
  <System>
    <Provider Name="Microsoft-Windows-Sysmon" Guid="{5770385f-c22a-43e0-bf4c-06f5698ffbd9}"/>
    <EventID>1</EventID>
    <Version>5</Version>
    <Level>4</Level>
    <Task>1</Task>
    <Opcode>0</Opcode>
    <Keywords>0x8000000000000000</Keywords>
    <TimeCreated SystemTime="2024-05-14T16:46:33.3265632Z"/>
    <EventRecordID>4460158</EventRecordID>
    <Correlation/>
    <Execution ProcessID="2292" ThreadID="2696"/>
    <Channel>Microsoft-Windows-Sysmon/Operational</Channel>
    <Computer>DC-BO-01.northstar-branch.local</Computer>
    <Security UserID="S-1-5-18"/>
  </System>
  <EventData>
    
    <Data Name="RuleName">-</Data>
    <Data Name="UtcTime">2024-05-14 16:46:33.326</Data>
    <Data Name="ProcessGuid">{0f0dbc5d-9569-6643-7e02-0000d12f6a30}</Data>
    <Data Name="ProcessId">9480</Data>
    <Data Name="Image">C:\Windows\System32\svchost.exe</Data>
    <Data Name="FileVersion">10.0.20348.1</Data>
    <Data Name="Description">Host Process for Windows Services</Data>
    <Data Name="Product">Microsoft Windows Operating System</Data>
    <Data Name="Company">Microsoft Corporation</Data>
    <Data Name="OriginalFileName">svchost.exe</Data>
    <Data Name="CommandLine">svchost.exe -k netsvcs -p -s AppXSvc</Data>
    <Data Name="CurrentDirectory">C:\Windows\System32\</Data>
    <Data Name="User">NT AUTHORITY\SYSTEM</Data>
    <Data Name="LogonGuid">{76a4ff70-6f70-436e-87cf-90c13b467ba0}</Data>
    <Data Name="LogonId">0x3e7</Data>
    <Data Name="TerminalSessionId">0</Data>
    <Data Name="IntegrityLevel">System</Data>
    <Data Name="Hashes">SHA1=5CE448FA905EE08A22B960503A5E06876992E092,MD5=A417C300E2BB7D055C6DFD9E80D04ED8,SHA256=7DA8E1E1E69684B8341E442E8629C6746359808E7B8E9A51BE070AD7866B2CB2,IMPHASH=F9EBF344F0DAE6163C276DAF3CFFA3D3</Data>
    <Data Name="ParentProcessGuid">{0f0dbc5d-16c5-661d-9200-001026a60bb6}</Data>
    <Data Name="ParentProcessId">5468</Data>
    <Data Name="ParentImage">C:\Windows\System32\services.exe</Data>
    <Data Name="ParentCommandLine">services.exe</Data>
    
  </EventData>
</Event>
<Event xmlns="http://schemas.microsoft.com/win/2004/08/events/event">
  <System>
    <Provider Name="Microsoft-Windows-Sysmon" Guid="{5770385f-c22a-43e0-bf4c-06f5698ffbd9}"/>
    <EventID>5</EventID>
    <Version>3</Version>
    <Level>4</Level>
    <Task>5</Task>
    <Opcode>0</Opcode>
    <Keywords>0x8000000000000000</Keywords>
    <TimeCreated SystemTime="2024-05-14T16:46:41.3615917Z"/>
    <EventRecordID>4460160</EventRecordID>
    <Correlation/>
    <Execution ProcessID="2292" ThreadID="3544"/>
    <Channel>Microsoft-Windows-Sysmon/Operational</Channel>
    <Computer>DC-BO-01.northstar-branch.local</Computer>
    <Security UserID="S-1-5-18"/>
  </System>
  <EventData>
    
    <Data Name="RuleName">-</Data>
    <Data Name="UtcTime">2024-05-14 16:46:41.361</Data>
    <Data Name="ProcessGuid">{0f0dbc5d-94af-6643-3100-001041858d08}</Data>
    <Data Name="ProcessId">9232</Data>
    <Data Name="Image">C:\Windows\System32\dllhost.exe</Data>
    <Data Name="User">NT AUTHORITY\SYSTEM</Data>
    
  </EventData>
</Event>
<Event xmlns="http://schemas.microsoft.com/win/2004/08/events/event">
  <System>
    <Provider Name="Microsoft-Windows-Sysmon" Guid="{5770385f-c22a-43e0-bf4c-06f5698ffbd9}"/>
    <EventID>10</EventID>
    <Version>3</Version>
    <Level>4</Level>
    <Task>10</Task>
    <Opcode>0</Opcode>
    <Keywords>0x8000000000000000</Keywords>
    <TimeCreated SystemTime="2024-05-14T16:47:59.4913084Z"/>
    <EventRecordID>4460313</EventRecordID>
    <Correlation/>
    <Execution ProcessID="2292" ThreadID="4432"/>
    <Channel>Microsoft-Windows-Sysmon/Operational</Channel>
    <Computer>DC-BO-01.northstar-branch.local</Computer>
    <Security UserID="S-1-5-18"/>
  </System>
  <EventData>
    
    <Data Name="RuleName">-</Data>
    <Data Name="UtcTime">2024-05-14 16:47:59.491</Data>
    <Data Name="SourceProcessGUID">{0f0dbc5d-16dc-661d-db02-0000dbd065cb}</Data>
    <Data Name="SourceProcessId">5668</Data>
    <Data Name="SourceImage">C:\Windows\System32\wbem\WmiPrvSE.exe</Data>
    <Data Name="SourceThreadId">6900</Data>
    <Data Name="SourceUser">NT AUTHORITY\NETWORK SERVICE</Data>
    <Data Name="TargetProcessGUID">{0f0dbc5d-16c9-661d-3b02-0010afc469c1}</Data>
    <Data Name="TargetProcessId">5532</Data>
    <Data Name="TargetImage">C:\Windows\System32\svchost.exe</Data>
    <Data Name="TargetUser">NT AUTHORITY\SYSTEM</Data>
    <Data Name="GrantedAccess">0x1400</Data>
    <Data Name="CallTrace">C:\Windows\SYSTEM32\ntdll.dll+9EB00|C:\Windows\SYSTEM32\KERNELBASE.dll+2D0B9|C:\Windows\SYSTEM32\combase.dll+2A3F9</Data>
    
  </EventData>
</Event>
<Event xmlns="http://schemas.microsoft.com/win/2004/08/events/event">
  <System>
    <Provider Name="Microsoft-Windows-Sysmon" Guid="{5770385f-c22a-43e0-bf4c-06f5698ffbd9}"/>
    <EventID>13</EventID>
    <Version>2</Version>
    <Level>4</Level>
    <Task>13</Task>
    <Opcode>0</Opcode>
    <Keywords>0x8000000000000000</Keywords>
    <TimeCreated SystemTime="2024-05-14T16:48:07.2456642Z"/>
    <EventRecordID>4460315</EventRecordID>
    <Correlation/>
    <Execution ProcessID="2292" ThreadID="4432"/>
    <Channel>Microsoft-Windows-Sysmon/Operational</Channel>
    <Computer>DC-BO-01.northstar-branch.local</Computer>
    <Security UserID="S-1-5-18"/>
  </System>
  <EventData>
    
    <Data Name="RuleName">-</Data>
    <Data Name="EventType">SetValue</Data>
    <Data Name="UtcTime">2024-05-14 16:48:07.245</Data>
    <Data Name="ProcessGuid">{0f0dbc5d-16e2-661d-d602-001033f9c3d8}</Data>
    <Data Name="ProcessId">5716</Data>
    <Data Name="Image">C:\Windows\System32\msiexec.exe</Data>
    <Data Name="User">NT AUTHORITY\SYSTEM</Data>
    <Data Name="TargetObject">HKLM\SOFTWARE\Microsoft\Windows\CurrentVersion\Component Based Servicing\Packages\Microsoft-Windows-Client-Features~31bf3856ad364e35~amd64~~10.0.20348.11\CurrentState</Data>
    <Data Name="Details">DWORD (0x00000070)</Data>
    
  </EventData>
</Event>
<Event xmlns="http://schemas.microsoft.com/win/2004/08/events/event">
  <System>
    <Provider Name="Microsoft-Windows-Sysmon" Guid="{5770385f-c22a-43e0-bf4c-06f5698ffbd9}"/>
    <EventID>7</EventID>
    <Version>3</Version>
    <Level>4</Level>
    <Task>7</Task>
    <Opcode>0</Opcode>
    <Keywords>0x8000000000000000</Keywords>
    <TimeCreated SystemTime="2024-05-14T16:48:19.3425937Z"/>
    <EventRecordID>4460317</EventRecordID>
    <Correlation/>
    <Execution ProcessID="2292" ThreadID="4432"/>
    <Channel>Microsoft-Windows-Sysmon/Operational</Channel>
    <Computer>DC-BO-01.northstar-branch.local</Computer>
    <Security UserID="S-1-5-18"/>
  </System>
  <EventData>
    
    <Data Name="RuleName">-</Data>
    <Data Name="UtcTime">2024-05-14 16:48:19.342</Data>
    <Data Name="ProcessGuid">{0f0dbc5d-8e4a-6643-4e02-0010feb7e507}</Data>
    <Data Name="ProcessId">9308</Data>
    <Data Name="Image">C:\Windows\System32\taskhostw.exe</Data>
    <Data Name="ImageLoaded">C:\ProgramData\Microsoft\Windows Defender\Platform\4.18.24010.12-0\MpClient.dll</Data>
    <Data Name="FileVersion">10.0.19041.1</Data>
    <Data Name="Description">MpClient.dll system library</Data>
    <Data Name="Product">Microsoft Windows Operating System</Data>
    <Data Name="Company">Microsoft Corporation</Data>
    <Data Name="OriginalFileName">MpClient.dll</Data>
    <Data Name="Hashes">SHA1=3F34D823B40651F9660F8B57D2824354FF4220E0,MD5=8689F539E596BB51AEEAADF7607F2034,SHA256=DBA307B16F14BE1067DBE6A70FD4D06CC6968C32728075BD45ED4C6CACD86DCF,IMPHASH=71182405ECAB499EBCC4F349C5A8EC79</Data>
    <Data Name="Signed">true</Data>
    <Data Name="Signature">Microsoft Corporation</Data>
    <Data Name="SignatureStatus">Valid</Data>
    
  </EventData>
</Event>
<Event xmlns="http://schemas.microsoft.com/win/2004/08/events/event">
  <System>
    <Provider Name="Microsoft-Windows-Sysmon" Guid="{5770385f-c22a-43e0-bf4c-06f5698ffbd9}"/>
    <EventID>1</EventID>
    <Version>5</Version>
    <Level>4</Level>
    <Task>1</Task>
    <Opcode>0</Opcode>
    <Keywords>0x8000000000000000</Keywords>
    <TimeCreated SystemTime="2024-05-14T16:48:21.6650021Z"/>
    <EventRecordID>4460318</EventRecordID>
    <Correlation/>
    <Execution ProcessID="2292" ThreadID="4432"/>
    <Channel>Microsoft-Windows-Sysmon/Operational</Channel>
    <Computer>DC-BO-01.northstar-branch.local</Computer>
    <Security UserID="S-1-5-18"/>
  </System>
  <EventData>
    
    <Data Name="RuleName">-</Data>
    <Data Name="UtcTime">2024-05-14 16:48:21.665</Data>
    <Data Name="ProcessGuid">{0f0dbc5d-95d5-6643-7b00-0010a11a206d}</Data>
    <Data Name="ProcessId">9204</Data>
    <Data Name="Image">C:\Windows\System32\conhost.exe</Data>
    <Data Name="FileVersion">10.0.20348.1</Data>
    <Data Name="Description">Console Window Host</Data>
    <Data Name="Product">Microsoft Windows Operating System</Data>
    <Data Name="Company">Microsoft Corporation</Data>
    <Data Name="OriginalFileName">conhost.exe</Data>
    <Data Name="CommandLine">conhost.exe 0x4</Data>
    <Data Name="CurrentDirectory">C:\Windows\System32\</Data>
    <Data Name="User">NT AUTHORITY\SYSTEM</Data>
    <Data Name="LogonGuid">{76a4ff70-6f70-436e-87cf-90c13b467ba0}</Data>
    <Data Name="LogonId">0x3e7</Data>
    <Data Name="TerminalSessionId">0</Data>
    <Data Name="IntegrityLevel">System</Data>
    <Data Name="Hashes">SHA1=A21F01CD47C2566A531DDDA6295C5F2729AEB2DD,MD5=D5DD0A35623D416B52F2DF3E64573716,SHA256=AD5D2369D2F142C551BF783A7F30D5BD9DE38C580046305DEDBBE7CD844E1905,IMPHASH=259D1C1188D5A01EADD9B3F236B1C61A</Data>
    <Data Name="ParentProcessGuid">{0f0dbc5d-16c2-661d-1a02-00001f39ff87}</Data>
    <Data Name="ParentProcessId">5364</Data>
    <Data Name="ParentImage">C:\Windows\System32\csrss.exe</Data>
    <Data Name="ParentCommandLine">csrss.exe</Data>
    
  </EventData>
</Event>
