<Event xmlns="http://schemas.microsoft.com/win/2004/08/events/event">
  <System>
    <Provider Name="Microsoft-Windows-Sysmon" Guid="{5770385f-c22a-43e0-bf4c-06f5698ffbd9}"/>
    <EventID>10</EventID>
    <Version>3</Version>
    <Level>4</Level>
    <Task>10</Task>
    <Opcode>0</Opcode>
    <Keywords>0x8000000000000000</Keywords>
    <TimeCreated SystemTime="2024-05-14T17:02:09.7527276Z"/>
    <EventRecordID>4461604</EventRecordID>
    <Correlation/>
    <Execution ProcessID="2292" ThreadID="4536"/>
    <Channel>Microsoft-Windows-Sysmon/Operational</Channel>
    <Computer>DC-BO-01.northstar-branch.local</Computer>
    <Security UserID="S-1-5-18"/>
  </System>
  <EventData>
    
    <Data Name="RuleName">-</Data>
    <Data Name="UtcTime">2024-05-14 17:02:09.752</Data>
    <Data Name="SourceProcessGUID">{0f0dbc5d-16dc-661d-db02-0000dbd065cb}</Data>
    <Data Name="SourceProcessId">5668</Data>
    <Data Name="SourceImage">C:\Windows\System32\wbem\WmiPrvSE.exe</Data>
    <Data Name="SourceThreadId">7768</Data>
    <Data Name="SourceUser">NT AUTHORITY\NETWORK SERVICE</Data>
    <Data Name="TargetProcessGUID">{0f0dbc5d-16c9-661d-3b02-0010afc469c1}</Data>
    <Data Name="TargetProcessId">5532</Data>
    <Data Name="TargetImage">C:\Windows\System32\svchost.exe</Data>
    <Data Name="TargetUser">NT AUTHORITY\SYSTEM</Data>
    <Data Name="GrantedAccess">0x0400</Data>
    <Data Name="CallTrace">C:\Windows\SYSTEM32\ntdll.dll+9C428|C:\Windows\SYSTEM32\RPCRT4.dll+7C8E3|C:\Windows\SYSTEM32\KERNELBASE.dll+2C15F</Data>
    
  </EventData>
</Event>
<Event xmlns="http://schemas.microsoft.com/win/2004/08/events/event">
  <System>
    <Provider Name="Microsoft-Windows-Sysmon" Guid="{5770385f-c22a-43e0-bf4c-06f5698ffbd9}"/>
    <EventID>13</EventID>
    <Version>2</Version>
    <Level>4</Level>
    <Task>13</Task>
    <Opcode>0</Opcode>
    <Keywords>0x8000000000000000</Keywords>
    <TimeCreated SystemTime="2024-05-14T17:02:20.5431998Z"/>
    <EventRecordID>4461606</EventRecordID>
    <Correlation/>
    <Execution ProcessID="2292" ThreadID="4792"/>
    <Channel>Microsoft-Windows-Sysmon/Operational</Channel>
    <Computer>DC-BO-01.northstar-branch.local</Computer>
    <Security UserID="S-1-5-18"/>
  </System>
  <EventData>
    
    <Data Name="RuleName">-</Data>
    <Data Name="EventType">SetValue</Data>
    <Data Name="UtcTime">2024-05-14 17:02:20.543</Data>
    <Data Name="ProcessGuid">{0f0dbc5d-16c5-661d-9200-001026a60bb6}</Data>
    <Data Name="ProcessId">5468</Data>
    <Data Name="Image">C:\Windows\System32\services.exe</Data>
    <Data Name="User">NT AUTHORITY\SYSTEM</Data>
    <Data Name="TargetObject">HKLM\SOFTWARE\Microsoft\Windows\CurrentVersion\Component Based Servicing\PackagesPending\TrustedInstaller</Data>
    <Data Name="Details">DWORD (0x00000001)</Data>
    
  </EventData>
</Event>
<Event xmlns="http://schemas.microsoft.com/win/2004/08/events/event">
  <System>
    <Provider Name="Microsoft-Windows-Sysmon" Guid="{5770385f-c22a-43e0-bf4c-06f5698ffbd9}"/>
    <EventID>10</EventID>
    <Version>3</Version>
    <Level>4</Level>
    <Task>10</Task>
    <Opcode>0</Opcode>
    <Keywords>0x8000000000000000</Keywords>
    <TimeCreated SystemTime="2024-05-14T17:02:37.5685689Z"/>
    <EventRecordID>4461685</EventRecordID>
    <Correlation/>
    <Execution ProcessID="2292" ThreadID="2696"/>
    <Channel>Microsoft-Windows-Sysmon/Operational</Channel>
    <Computer>DC-BO-01.northstar-branch.local</Computer>
    <Security UserID="S-1-5-18"/>
  </System>
  <EventData>
    
    <Data Name="RuleName">-</Data>
    <Data Name="UtcTime">2024-05-14 17:02:37.568</Data>
    <Data Name="SourceProcessGUID">{0f0dbc5d-16c2-661d-1a02-00001f39ff87}</Data>
    <Data Name="SourceProcessId">5364</Data>
    <Data Name="SourceImage">C:\Windows\System32\csrss.exe</Data>
    <Data Name="SourceThreadId">4304</Data>
    <Data Name="SourceUser">NT AUTHORITY\SYSTEM</Data>
    <Data Name="TargetProcessGUID">{0f0dbc5d-16e5-661d-0402-0000f1b8ecc0}</Data>
    <Data Name="TargetProcessId">5744</Data>
    <Data Name="TargetImage">C:\Windows\System32\winlogon.exe</Data>
    <Data Name="TargetUser">NT AUTHORITY\SYSTEM</Data>
    <Data Name="GrantedAccess">0x0400</Data>
    <Data Name="CallTrace">C:\Windows\SYSTEM32\ntdll.dll+9C45C|C:\Windows\SYSTEM32\KERNELBASE.dll+2DE40|C:\Windows\SYSTEM32\kernel32.dll+1CC1B</Data>
    
  </EventData>
</Event>
<Event xmlns="http://schemas.microsoft.com/win/2004/08/events/event">
  <System>
    <Provider Name="Microsoft-Windows-Sysmon" Guid="{5770385f-c22a-43e0-bf4c-06f5698ffbd9}"/>
    <EventID>7</EventID>
    <Version>3</Version>
    <Level>4</Level>
    <Task>7</Task>
    <Opcode>0</Opcode>
    <Keywords>0x8000000000000000</Keywords>
    <TimeCreated SystemTime="2024-05-14T17:02:55.4604983Z"/>
    <EventRecordID>4461711</EventRecordID>
    <Correlation/>
    <Execution ProcessID="2292" ThreadID="3544"/>
    <Channel>Microsoft-Windows-Sysmon/Operational</Channel>
    <Computer>DC-BO-01.northstar-branch.local</Computer>
    <Security UserID="S-1-5-18"/>
  </System>
  <EventData>
    
    <Data Name="RuleName">-</Data>
    <Data Name="UtcTime">2024-05-14 17:02:55.460</Data>
    <Data Name="ProcessGuid">{0f0dbc5d-5883-6643-f202-0000984f29b7}</Data>
    <Data Name="ProcessId">7104</Data>
    <Data Name="Image">C:\Windows\System32\taskhostw.exe</Data>
    <Data Name="ImageLoaded">C:\Program Files\Dell\SupportAssistAgent\bin\pcdrsysinfosoftware.p5x</Data>
    <Data Name="FileVersion">1.0.0.0</Data>
    <Data Name="Description">pcdrsysinfosoftware.p5x module</Data>
    <Data Name="Product">Dell Inc.</Data>
    <Data Name="Company">Dell Inc.</Data>
    <Data Name="OriginalFileName">pcdrsysinfosoftware.p5x</Data>
    <Data Name="Hashes">SHA1=DA2C7A7A281800947B5C71F4A92CE843B1DC50F2,MD5=D6EB67E7B79CE37086993703C1352704,SHA256=0DE9D6BA42DE73879DA0EAFD44873E30FCB362AF0AF13A34923E24513C239AD5,IMPHASH=EF39C50EF82A06742DB4608EF8AF9CBB</Data>
    <Data Name="Signed">true</Data>
    <Data Name="Signature">Dell Inc.</Data>
    <Data Name="SignatureStatus">Valid</Data>
    
  </EventData>
</Event>
<Event xmlns="http://schemas.microsoft.com/win/2004/08/events/event">
  <System>
    <Provider Name="Microsoft-Windows-Sysmon" Guid="{5770385f-c22a-43e0-bf4c-06f5698ffbd9}"/>
    <EventID>13</EventID>
    <Version>2</Version>
    <Level>4</Level>
    <Task>13</Task>
    <Opcode>0</Opcode>
    <Keywords>0x8000000000000000</Keywords>
    <TimeCreated SystemTime="2024-05-14T17:03:14.5303687Z"/>
    <EventRecordID>4461714</EventRecordID>
    <Correlation/>
    <Execution ProcessID="2292" ThreadID="4536"/>
    <Channel>Microsoft-Windows-Sysmon/Operational</Channel>
    <Computer>DC-BO-01.northstar-branch.local</Computer>
    <Security UserID="S-1-5-18"/>
  </System>
  <EventData>
    
    <Data Name="RuleName">-</Data>
    <Data Name="EventType">SetValue</Data>
    <Data Name="UtcTime">2024-05-14 17:03:14.530</Data>
    <Data Name="ProcessGuid">{0f0dbc5d-16d5-661d-fe02-001061d86cca}</Data>
    <Data Name="ProcessId">5652</Data>
    <Data Name="Image">C:\Windows\System32\svchost.exe</Data>
    <Data Name="User">NT AUTHORITY\SYSTEM</Data>
    <Data Name="TargetObject">HKLM\SOFTWARE\Microsoft\Windows\CurrentVersion\Component Based Servicing\Packages\Package_for_KB5034122~31bf3856ad364e35~amd64~~10.0.20348.36\CurrentState</Data>
    <Data Name="Details">DWORD (0x00000070)</Data>
    
  </EventData>
</Event>
<Event xmlns="http://schemas.microsoft.com/win/2004/08/events/event">
  <System>
    <Provider Name="Microsoft-Windows-Sysmon" Guid="{5770385f-c22a-43e0-bf4c-06f5698ffbd9}"/>
    <EventID>13</EventID>
    <Version>2</Version>
    <Level>4</Level>
    <Task>13</Task>
    <Opcode>0</Opcode>
    <Keywords>0x8000000000000000</Keywords>
    <TimeCreated SystemTime="2024-05-14T17:03:17.5155820Z"/>
    <EventRecordID>4461754</EventRecordID>
    <Correlation/>
    <Execution ProcessID="2292" ThreadID="3544"/>
    <Channel>Microsoft-Windows-Sysmon/Operational</Channel>
    <Computer>DC-BO-01.northstar-branch.local</Computer>
    <Security UserID="S-1-5-18"/>
  </System>
  <EventData>
    
    <Data Name="RuleName">-</Data>
    <Data Name="EventType">SetValue</Data>
    <Data Name="UtcTime">2024-05-14 17:03:17.515</Data>
    <Data Name="ProcessGuid">{0f0dbc5d-16ca-661d-ee00-0000ee71786b}</Data>
    <Data Name="ProcessId">5548</Data>
    <Data Name="Image">C:\Windows\System32\svchost.exe</Data>
    <Data Name="User">NT AUTHORITY\NETWORK SERVICE</Data>
    <Data Name="TargetObject">HKLM\SYSTEM\CurrentControlSet\Services\LanmanWorkstation\Parameters\EnableSecuritySignature</Data>
    <Data Name="Details">DWORD (0x00000001)</Data>
    
  </EventData>
</Event>
<Event xmlns="http://schemas.microsoft.com/win/2004/08/events/event">
  <System>
    <Provider Name="Microsoft-Windows-Sysmon" Guid="{5770385f-c22a-43e0-bf4c-06f5698ffbd9}"/>
    <EventID>1</EventID>
    <Version>5</Version>
    <Level>4</Level>
    <Task>1</Task>
    <Opcode>0</Opcode>
    <Keywords>0x8000000000000000</Keywords>
    <TimeCreated SystemTime="2024-05-14T17:04:01.5257553Z"/>
    <EventRecordID>4461915</EventRecordID>
    <Correlation/>
    <Execution ProcessID="2292" ThreadID="4536"/>
    <Channel>Microsoft-Windows-Sysmon/Operational</Channel>
    <Computer>DC-BO-01.northstar-branch.local</Computer>
    <Security UserID="S-1-5-18"/>
  </System>
  <EventData>
    
    <Data Name="RuleName">-</Data>
    <Data Name="UtcTime">2024-05-14 17:04:01.525</Data>
    <Data Name="ProcessGuid">{0f0dbc5d-9981-6643-2802-0010761fff4f}</Data>
    <Data Name="ProcessId">9856</Data>
    <Data Name="Image">C:\Windows\System32\wsqmcons.exe</Data>
    <Data Name="FileVersion">10.0.20348.1</Data>
    <Data Name="Description">Windows SQM Consolidator</Data>
    <Data Name="Product">Microsoft Windows Operating System</Data>
    <Data Name="Company">Microsoft Corporation</Data>
    <Data Name="OriginalFileName">wsqmcons.exe</Data>
    <Data Name="CommandLine">wsqmcons.exe</Data>
    <Data Name="CurrentDirectory">C:\Windows\System32\</Data>
    <Data Name="User">NT AUTHORITY\SYSTEM</Data>
    <Data Name="LogonGuid">{76a4ff70-6f70-436e-87cf-90c13b467ba0}</Data>
    <Data Name="LogonId">0x3e7</Data>
    <Data Name="TerminalSessionId">0</Data>
    <Data Name="IntegrityLevel">System</Data>
    <Data Name="Hashes">SHA1=6104A75C65DB07E6EE6706906D704A1338B653FE,MD5=489C55BAC89C8302A2923642E37CCDAC,SHA256=55155F8AFE96FB01851A1DFB6259B5176C3F6B5FCC3B60C8261A2F7B1F792A4D,IMPHASH=899A0BCAA8253EB42A3742DEA8E5B794</Data>
    <Data Name="ParentProcessGuid">{0f0dbc5d-16c9-661d-3b02-0010afc469c1}</Data>
    <Data Name="ParentProcessId">5532</Data>
    <Data Name="ParentImage">C:\Windows\System32\svchost.exe</Data>
    <Data Name="ParentCommandLine">svchost.exe -k LocalSystem</Data>
    
  </EventData>
</Event>
<Event xmlns="http://schemas.microsoft.com/win/2004/08/events/event">
  <System>
    <Provider Name="Microsoft-Windows-Sysmon" Guid="{5770385f-c22a-43e0-bf4c-06f5698ffbd9}"/>
    <EventID>5</EventID>
    <Version>3</Version>
    <Level>4</Level>
    <Task>5</Task>
    <Opcode>0</Opcode>
    <Keywords>0x8000000000000000</Keywords>
    <TimeCreated SystemTime="2024-05-14T17:04:18.3309349Z"/>
    <EventRecordID>4461917</EventRecordID>
    <Correlation/>
    <Execution ProcessID="2292" ThreadID="4536"/>
    <Channel>Microsoft-Windows-Sysmon/Operational</Channel>
    <Computer>DC-BO-01.northstar-branch.local</Computer>
    <Security UserID="S-1-5-18"/>
  </System>
  <EventData>
    
    <Data Name="RuleName">-</Data>
    <Data Name="UtcTime">2024-05-14 17:04:18.330</Data>
    <Data Name="ProcessGuid">{0f0dbc5d-9981-6643-2802-0010761fff4f}</Data>
    <Data Name="ProcessId">9856</Data>
    <Data Name="Image">C:\Windows\System32\wsqmcons.exe</Data>
    <Data Name="User">NT AUTHORITY\SYSTEM</Data>
    
  </EventData>
</Event>
<Event xmlns="http://schemas.microsoft.com/win/2004/08/events/event">
  <System>
    <Provider Name="Microsoft-Windows-Sysmon" Guid="{5770385f-c22a-43e0-bf4c-06f5698ffbd9}"/>
    <EventID>22</EventID>
    <Version>5</Version>
    <Level>4</Level>
    <Task>22</Task>
    <Opcode>0</Opcode>
    <Keywords>0x8000000000000000</Keywords>
    <TimeCreated SystemTime="2024-05-14T17:04:25.7584425Z"/>
    <EventRecordID>4461918</EventRecordID>
    <Correlation/>
    <Execution ProcessID="2292" ThreadID="4536"/>
    <Channel>Microsoft-Windows-Sysmon/Operational</Channel>
    <Computer>DC-BO-01.northstar-branch.local</Computer>
    <Security UserID="S-1-5-18"/>
  </System>
  <EventData>
    
    <Data Name="RuleName">-</Data>
    <Data Name="UtcTime">2024-05-14 17:04:25.758</Data>
    <Data Name="ProcessGuid">{0f0dbc5d-16cd-661d-6b00-00109c9de648}</Data>
    <Data Name="ProcessId">5572</Data>
    <Data Name="QueryName">WEB-BO-01.northstar-branch.local</Data>
    <Data Name="QueryStatus">0</Data>
    <Data Name="QueryResults">10.44.30.10;</Data>
    <Data Name="Image">C:\Windows\System32\svchost.exe</Data>
    <Data Name="User">NT AUTHORITY\LOCAL SERVICE</Data>
    
  </EventData>
</Event>
<Event xmlns="http://schemas.microsoft.com/win/2004/08/events/event">
  <System>
    <Provider Name="Microsoft-Windows-Sysmon" Guid="{5770385f-c22a-43e0-bf4c-06f5698ffbd9}"/>
    <EventID>22</EventID>
    <Version>5</Version>
    <Level>4</Level>
    <Task>22</Task>
    <Opcode>0</Opcode>
    <Keywords>0x8000000000000000</Keywords>
    <TimeCreated SystemTime="2024-05-14T17:04:26.3836126Z"/>
    <EventRecordID>4461923</EventRecordID>
    <Correlation/>
    <Execution ProcessID="2292" ThreadID="4536"/>
    <Channel>Microsoft-Windows-Sysmon/Operational</Channel>
    <Computer>DC-BO-01.northstar-branch.local</Computer>
    <Security UserID="S-1-5-18"/>
  </System>
  <EventData>
    
    <Data Name="RuleName">-</Data>
    <Data Name="UtcTime">2024-05-14 17:04:26.383</Data>
    <Data Name="ProcessGuid">{0f0dbc5d-16cd-661d-6b00-00109c9de648}</Data>
    <Data Name="ProcessId">5572</Data>
    <Data Name="QueryName">10.30.44.10.in-addr.arpa</Data>
    <Data Name="QueryStatus">0</Data>
    <Data Name="QueryResults">WEB-BO-01.northstar-branch.local;</Data>
    <Data Name="Image">C:\Windows\System32\svchost.exe</Data>
    <Data Name="User">NT AUTHORITY\LOCAL SERVICE</Data>
    
  </EventData>
</Event>
<Event xmlns="http://schemas.microsoft.com/win/2004/08/events/event">
  <System>
    <Provider Name="Microsoft-Windows-Sysmon" Guid="{5770385f-c22a-43e0-bf4c-06f5698ffbd9}"/>
    <EventID>13</EventID>
    <Version>2</Version>
    <Level>4</Level>
    <Task>13</Task>
    <Opcode>0</Opcode>
    <Keywords>0x8000000000000000</Keywords>
    <TimeCreated SystemTime="2024-05-14T17:04:52.1758803Z"/>
    <EventRecordID>4461926</EventRecordID>
    <Correlation/>
    <Execution ProcessID="2292" ThreadID="4536"/>
    <Channel>Microsoft-Windows-Sysmon/Operational</Channel>
    <Computer>DC-BO-01.northstar-branch.local</Computer>
    <Security UserID="S-1-5-18"/>
  </System>
  <EventData>
    
    <Data Name="RuleName">-</Data>
    <Data Name="EventType">SetValue</Data>
    <Data Name="UtcTime">2024-05-14 17:04:52.175</Data>
    <Data Name="ProcessGuid">{0f0dbc5d-16d5-661d-fe02-001061d86cca}</Data>
    <Data Name="ProcessId">5652</Data>
    <Data Name="Image">C:\Windows\System32\svchost.exe</Data>
    <Data Name="User">NT AUTHORITY\SYSTEM</Data>
    <Data Name="TargetObject">HKLM\SOFTWARE\Microsoft\Windows\CurrentVersion\Component Based Servicing\Packages\Package_for_RollupFix~31bf3856ad364e35~amd64~~10.0.20348.55\CurrentState</Data>
    <Data Name="Details">DWORD (0x00000070)</Data>
    
  </EventData>
</Event>
<Event xmlns="http://schemas.microsoft.com/win/2004/08/events/event">
  <System>
    <Provider Name="Microsoft-Windows-Sysmon" Guid="{5770385f-c22a-43e0-bf4c-06f5698ffbd9}"/>
    <EventID>13</EventID>
    <Version>2</Version>
    <Level>4</Level>
    <Task>13</Task>
    <Opcode>0</Opcode>
    <Keywords>0x8000000000000000</Keywords>
    <TimeCreated SystemTime="2024-05-14T17:04:57.2331976Z"/>
    <EventRecordID>4461932</EventRecordID>
    <Correlation/>
    <Execution ProcessID="2292" ThreadID="4536"/>
    <Channel>Microsoft-Windows-Sysmon/Operational</Channel>
    <Computer>DC-BO-01.northstar-branch.local</Computer>
    <Security UserID="S-1-5-18"/>
  </System>
  <EventData>
    
    <Data Name="RuleName">-</Data>
    <Data Name="EventType">SetValue</Data>
    <Data Name="UtcTime">2024-05-14 17:04:57.233</Data>
    <Data Name="ProcessGuid">{0f0dbc5d-16ca-661d-ee00-0000ee71786b}</Data>
    <Data Name="ProcessId">5548</Data>
    <Data Name="Image">C:\Windows\System32\svchost.exe</Data>
    <Data Name="User">NT AUTHORITY\NETWORK SERVICE</Data>
    <Data Name="TargetObject">HKLM\SYSTEM\CurrentControlSet\Services\W32Time\Config\MaxPollInterval</Data>
    <Data Name="Details">DWORD (0x0000000f)</Data>
    
  </EventData>
</Event>
<Event xmlns="http://schemas.microsoft.com/win/2004/08/events/event">
  <System>
    <Provider Name="Microsoft-Windows-Sysmon" Guid="{5770385f-c22a-43e0-bf4c-06f5698ffbd9}"/>
    <EventID>7</EventID>
    <Version>3</Version>
    <Level>4</Level>
    <Task>7</Task>
    <Opcode>0</Opcode>
    <Keywords>0x8000000000000000</Keywords>
    <TimeCreated SystemTime="2024-05-14T17:05:01.7989192Z"/>
    <EventRecordID>4461933</EventRecordID>
    <Correlation/>
    <Execution ProcessID="2292" ThreadID="3544"/>
    <Channel>Microsoft-Windows-Sysmon/Operational</Channel>
    <Computer>DC-BO-01.northstar-branch.local</Computer>
    <Security UserID="S-1-5-18"/>
  </System>
  <EventData>
    
    <Data Name="RuleName">-</Data>
    <Data Name="UtcTime">2024-05-14 17:05:01.798</Data>
    <Data Name="ProcessGuid">{0f0dbc5d-61f4-6643-5a00-00004e661dc9}</Data>
    <Data Name="ProcessId">7476</Data>
    <Data Name="Image">C:\Windows\System32\taskhostw.exe</Data>
    <Data Name="ImageLoaded">C:\Program Files\Windows Defender Advanced Threat Protection\SenseCncProxy.dll</Data>
    <Data Name="FileVersion">10.8049.22439.1065</Data>
    <Data Name="Description">Microsoft Defender for Endpoint Sensor Command Proxy</Data>
    <Data Name="Product">Microsoft Defender for Endpoint</Data>
    <Data Name="Company">Microsoft Corporation</Data>
    <Data Name="OriginalFileName">SenseCncProxy.dll</Data>
    <Data Name="Hashes">SHA1=80520C50C30D947A68E2E01E4B92DF5FF29928FA,MD5=D6395FA4C4ABC4A284744C04BC2C6207,SHA256=69D6A3AB75BCB21819F7D54E69E6BA2CB32C8E958F27473FD54099ADEB4BB353,IMPHASH=D775FDE08B202AEDA21B2DF864344D45</Data>
    <Data Name="Signed">true</Data>
    <Data Name="Signature">Microsoft Corporation</Data>
    <Data Name="SignatureStatus">Valid</Data>
    
  </EventData>
</Event>
<Event xmlns="http://schemas.microsoft.com/win/2004/08/events/event">
  <System>
    <Provider Name="Microsoft-Windows-Sysmon" Guid="{5770385f-c22a-43e0-bf4c-06f5698ffbd9}"/>
    <EventID>13</EventID>
    <Version>2</Version>
    <Level>4</Level>
    <Task>13</Task>
    <Opcode>0</Opcode>
    <Keywords>0x8000000000000000</Keywords>
    <TimeCreated SystemTime="2024-05-14T17:05:12.5642646Z"/>
    <EventRecordID>4461957</EventRecordID>
    <Correlation/>
    <Execution ProcessID="2292" ThreadID="4536"/>
    <Channel>Microsoft-Windows-Sysmon/Operational</Channel>
    <Computer>DC-BO-01.northstar-branch.local</Computer>
    <Security UserID="S-1-5-18"/>
  </System>
  <EventData>
    
    <Data Name="RuleName">-</Data>
    <Data Name="EventType">SetValue</Data>
    <Data Name="UtcTime">2024-05-14 17:05:12.564</Data>
    <Data Name="ProcessGuid">{0f0dbc5d-16c5-661d-9200-001026a60bb6}</Data>
    <Data Name="ProcessId">5468</Data>
    <Data Name="Image">C:\Windows\System32\services.exe</Data>
    <Data Name="User">NT AUTHORITY\SYSTEM</Data>
    <Data Name="TargetObject">HKLM\SOFTWARE\Microsoft\Windows\CurrentVersion\Component Based Servicing\Packages\Package_for_DotNetRollup~31bf3856ad364e35~amd64~~10.0.20348.76\CurrentState</Data>
    <Data Name="Details">DWORD (0x00000070)</Data>
    
  </EventData>
</Event>
<Event xmlns="http://schemas.microsoft.com/win/2004/08/events/event">
  <System>
    <Provider Name="Microsoft-Windows-Sysmon" Guid="{5770385f-c22a-43e0-bf4c-06f5698ffbd9}"/>
    <EventID>1</EventID>
    <Version>5</Version>
    <Level>4</Level>
    <Task>1</Task>
    <Opcode>0</Opcode>
    <Keywords>0x8000000000000000</Keywords>
    <TimeCreated SystemTime="2024-05-14T17:05:29.6979660Z"/>
    <EventRecordID>4461960</EventRecordID>
    <Correlation/>
    <Execution ProcessID="2292" ThreadID="2696"/>
    <Channel>Microsoft-Windows-Sysmon/Operational</Channel>
    <Computer>DC-BO-01.northstar-branch.local</Computer>
    <Security UserID="S-1-5-18"/>
  </System>
  <EventData>
    
    <Data Name="RuleName">-</Data>
    <Data Name="UtcTime">2024-05-14 17:05:29.697</Data>
    <Data Name="ProcessGuid">{0f0dbc5d-99d9-6643-9f00-0010e2233051}</Data>
    <Data Name="ProcessId">9832</Data>
    <Data Name="Image">C:\Windows\System32\dllhost.exe</Data>
    <Data Name="FileVersion">10.0.20348.1</Data>
    <Data Name="Description">COM Surrogate</Data>
    <Data Name="Product">Microsoft Windows Operating System</Data>
    <Data Name="Company">Microsoft Corporation</Data>
    <Data Name="OriginalFileName">dllhost.exe</Data>
    <Data Name="CommandLine">dllhost.exe /Processid:{AB8902B4-09CA-4BB6-B78D-A8F59079A8D5}</Data>
    <Data Name="CurrentDirectory">C:\Windows\System32\</Data>
    <Data Name="User">NT AUTHORITY\SYSTEM</Data>
    <Data Name="LogonGuid">{76a4ff70-6f70-436e-87cf-90c13b467ba0}</Data>
    <Data Name="LogonId">0x3e7</Data>
    <Data Name="TerminalSessionId">0</Data>
    <Data Name="IntegrityLevel">System</Data>
    <Data Name="Hashes">SHA1=30A1BB5B6488DA366EC6CB150CFBC5E1D38AE4EC,MD5=0CF8A7A200AB4EC5554D66B94C14DBF1,SHA256=7330E24D8462CB4C728FAFB454B8F7B81D74B116E290264CC3727466370C3B00,IMPHASH=32EF2A6E05BBEAE7E85E49CA7C70F08E</Data>
    <Data Name="ParentProcessGuid">{0f0dbc5d-16c8-661d-e500-0000c9aef746}</Data>
    <Data Name="ParentProcessId">5508</Data>
    <Data Name="ParentImage">C:\Windows\System32\svchost.exe</Data>
    <Data Name="ParentCommandLine">svchost.exe -k DcomLaunch</Data>
    
  </EventData>
</Event>
<Event xmlns="http://schemas.microsoft.com/win/2004/08/events/event">
  <System>
    <Provider Name="Microsoft-Windows-Sysmon" Guid="{5770385f-c22a-43e0-bf4c-06f5698ffbd9}"/>
    <EventID>13</EventID>
    <Version>2</Version>
    <Level>4</Level>
    <Task>13</Task>
    <Opcode>0</Opcode>
    <Keywords>0x8000000000000000</Keywords>
    <TimeCreated SystemTime="2024-05-14T17:06:27.1613135Z"/>
    <EventRecordID>4461966</EventRecordID>
    <Correlation/>
    <Execution ProcessID="2292" ThreadID="4432"/>
    <Channel>Microsoft-Windows-Sysmon/Operational</Channel>
    <Computer>DC-BO-01.northstar-branch.local</Computer>
    <Security UserID="S-1-5-18"/>
  </System>
  <EventData>
    
    <Data Name="RuleName">-</Data>
    <Data Name="EventType">SetValue</Data>
    <Data Name="UtcTime">2024-05-14 17:06:27.161</Data>
    <Data Name="ProcessGuid">{0f0dbc5d-16d5-661d-fe02-001061d86cca}</Data>
    <Data Name="ProcessId">5652</Data>
    <Data Name="Image">C:\Windows\System32\svchost.exe</Data>
    <Data Name="User">NT AUTHORITY\SYSTEM</Data>
    <Data Name="TargetObject">HKLM\SOFTWARE\Microsoft\Windows\CurrentVersion\Component Based Servicing\Packages\Microsoft-Windows-Client-Features~31bf3856ad364e35~amd64~~10.0.20348.39\CurrentState</Data>
    <Data Name="Details">DWORD (0x00000070)</Data>
    
  </EventData>
</Event>
<Event xmlns="http://schemas.microsoft.com/win/2004/08/events/event">
  <System>
    <Provider Name="Microsoft-Windows-Sysmon" Guid="{5770385f-c22a-43e0-bf4c-06f5698ffbd9}"/>
    <EventID>10</EventID>
    <Version>3</Version>
    <Level>4</Level>
    <Task>10</Task>
    <Opcode>0</Opcode>
    <Keywords>0x8000000000000000</Keywords>
    <TimeCreated SystemTime="2024-05-14T17:06:37.8023093Z"/>
    <EventRecordID>4461968</EventRecordID>
    <Correlation/>
    <Execution ProcessID="2292" ThreadID="4536"/>
    <Channel>Microsoft-Windows-Sysmon/Operational</Channel>
    <Computer>DC-BO-01.northstar-branch.local</Computer>
    <Security UserID="S-1-5-18"/>
  </System>
  <EventData>
    
    <Data Name="RuleName">-</Data>
    <Data Name="UtcTime">2024-05-14 17:06:37.802</Data>
    <Data Name="SourceProcessGUID">{0f0dbc5d-16d7-661d-4a00-0010672b4d73}</Data>
    <Data Name="SourceProcessId">5660</Data>
    <Data Name="SourceImage">C:\ProgramData\Microsoft\Windows Defender\Platform\4.18.24010.12-0\MsMpEng.exe</Data>
    <Data Name="SourceThreadId">1236</Data>
    <Data Name="SourceUser">NT AUTHORITY\SYSTEM</Data>
    <Data Name="TargetProcessGUID">{0f0dbc5d-16ca-661d-ee00-0000ee71786b}</Data>
    <Data Name="TargetProcessId">5548</Data>
    <Data Name="TargetImage">C:\Windows\System32\svchost.exe</Data>
    <Data Name="TargetUser">NT AUTHORITY\NETWORK SERVICE</Data>
    <Data Name="GrantedAccess">0x1400</Data>
    <Data Name="CallTrace">C:\Windows\SYSTEM32\ntdll.dll+9C45C|C:\Windows\SYSTEM32\KERNELBASE.dll+2DE40|C:\Windows\SYSTEM32\kernel32.dll+1CC1B</Data>
    
  </EventData>
</Event>
<Event xmlns="http://schemas.microsoft.com/win/2004/08/events/event">
  <System>
    <Provider Name="Microsoft-Windows-Sysmon" Guid="{5770385f-c22a-43e0-bf4c-06f5698ffbd9}"/>
    <EventID>13</EventID>
    <Version>2</Version>
    <Level>4</Level>
    <Task>13</Task>
    <Opcode>0</Opcode>
    <Keywords>0x8000000000000000</Keywords>
    <TimeCreated SystemTime="2024-05-14T17:07:59.9151336Z"/>
    <EventRecordID>4461975</EventRecordID>
    <Correlation/>
    <Execution ProcessID="2292" ThreadID="4432"/>
    <Channel>Microsoft-Windows-Sysmon/Operational</Channel>
    <Computer>DC-BO-01.northstar-branch.local</Computer>
    <Security UserID="S-1-5-18"/>
  </System>
  <EventData>
    
    <Data Name="RuleName">-</Data>
    <Data Name="EventType">SetValue</Data>
    <Data Name="UtcTime">2024-05-14 17:07:59.915</Data>
    <Data Name="ProcessGuid">{0f0dbc5d-16ca-661d-ee00-0000ee71786b}</Data>
    <Data Name="ProcessId">5548</Data>
    <Data Name="Image">C:\Windows\System32\svchost.exe</Data>
    <Data Name="User">NT AUTHORITY\NETWORK SERVICE</Data>
    <Data Name="TargetObject">HKLM\SYSTEM\CurrentControlSet\Services\LanmanWorkstation\Parameters\EnableSecuritySignature</Data>
    <Data Name="Details">DWORD (0x00000001)</Data>
    
  </EventData>
</Event>
<Event xmlns="http://schemas.microsoft.com/win/2004/08/events/event">
  <System>
    <Provider Name="Microsoft-Windows-Sysmon" Guid="{5770385f-c22a-43e0-bf4c-06f5698ffbd9}"/>
    <EventID>5</EventID>
    <Version>3</Version>
    <Level>4</Level>
    <Task>5</Task>
    <Opcode>0</Opcode>
    <Keywords>0x8000000000000000</Keywords>
    <TimeCreated SystemTime="2024-05-14T17:08:26.4076368Z"/>
    <EventRecordID>4461992</EventRecordID>
    <Correlation/>
    <Execution ProcessID="2292" ThreadID="4792"/>
    <Channel>Microsoft-Windows-Sysmon/Operational</Channel>
    <Computer>DC-BO-01.northstar-branch.local</Computer>
    <Security UserID="S-1-5-18"/>
  </System>
  <EventData>
    
    <Data Name="RuleName">-</Data>
    <Data Name="UtcTime">2024-05-14 17:08:26.407</Data>
    <Data Name="ProcessGuid">{0f0dbc5d-99d9-6643-9f00-0010e2233051}</Data>
    <Data Name="ProcessId">9832</Data>
    <Data Name="Image">C:\Windows\System32\dllhost.exe</Data>
    <Data Name="User">NT AUTHORITY\SYSTEM</Data>
    
  </EventData>
</Event>
<Event xmlns="http://schemas.microsoft.com/win/2004/08/events/event">
  <System>
    <Provider Name="Microsoft-Windows-Sysmon" Guid="{5770385f-c22a-43e0-bf4c-06f5698ffbd9}"/>
    <EventID>3</EventID>
    <Version>5</Version>
    <Level>4</Level>
    <Task>3</Task>
    <Opcode>0</Opcode>
    <Keywords>0x8000000000000000</Keywords>
    <TimeCreated SystemTime="2024-05-14T17:08:30.0422353Z"/>
    <EventRecordID>4461993</EventRecordID>
    <Correlation/>
    <Execution ProcessID="2292" ThreadID="4792"/>
    <Channel>Microsoft-Windows-Sysmon/Operational</Channel>
    <Computer>DC-BO-01.northstar-branch.local</Computer>
    <Security UserID="S-1-5-18"/>
  </System>
  <EventData>
    
    <Data Name="RuleName">-</Data>
    <Data Name="UtcTime">2024-05-14 17:08:30.042</Data>
    <Data Name="ProcessGuid">{0f0dbc5d-16ca-661d-ee00-0000ee71786b}</Data>
    <Data Name="ProcessId">5548</Data>
    <Data Name="Image">C:\Windows\System32\svchost.exe</Data>
    <Data Name="User">NT AUTHORITY\NETWORK SERVICE</Data>
    <Data Name="Protocol">tcp</Data>
    <Data Name="Initiated">true</Data>
    <Data Name="SourceIsIpv6">false</Data>
    <Data Name="SourceIp">10.44.20.10</Data>
    <Data Name="SourceHostname">DC-BO-01.northstar-branch.local</Data>
    <Data Name="SourcePort">51046</Data>
    <Data Name="SourcePortName">-</Data>
    <Data Name="DestinationIsIpv6">false</Data>
    <Data Name="DestinationIp">10.44.20.30</Data>
    <Data Name="DestinationHostname">PROXY-BO-01.northstar-branch.local</Data>
    <Data Name="DestinationPort">8080</Data>
    <Data Name="DestinationPortName">http-alt</Data>
    
  </EventData>
</Event>
<Event xmlns="http://schemas.microsoft.com/win/2004/08/events/event">
  <System>
    <Provider Name="Microsoft-Windows-Sysmon" Guid="{5770385f-c22a-43e0-bf4c-06f5698ffbd9}"/>
    <EventID>3</EventID>
    <Version>5</Version>
    <Level>4</Level>
    <Task>3</Task>
    <Opcode>0</Opcode>
    <Keywords>0x8000000000000000</Keywords>
    <TimeCreated SystemTime="2024-05-14T17:08:35.6720540Z"/>
    <EventRecordID>4461994</EventRecordID>
    <Correlation/>
    <Execution ProcessID="2292" ThreadID="4432"/>
    <Channel>Microsoft-Windows-Sysmon/Operational</Channel>
    <Computer>DC-BO-01.northstar-branch.local</Computer>
    <Security UserID="S-1-5-18"/>
  </System>
  <EventData>
    
    <Data Name="RuleName">-</Data>
    <Data Name="UtcTime">2024-05-14 17:08:35.672</Data>
    <Data Name="ProcessGuid">{0f0dbc5d-16ca-661d-ee00-0000ee71786b}</Data>
    <Data Name="ProcessId">5548</Data>
    <Data Name="Image">C:\Windows\System32\svchost.exe</Data>
    <Data Name="User">NT AUTHORITY\NETWORK SERVICE</Data>
    <Data Name="Protocol">tcp</Data>
    <Data Name="Initiated">true</Data>
    <Data Name="SourceIsIpv6">false</Data>
    <Data Name="SourceIp">10.44.20.10</Data>
    <Data Name="SourceHostname">DC-BO-01.northstar-branch.local</Data>
    <Data Name="SourcePort">51893</Data>
    <Data Name="SourcePortName">-</Data>
    <Data Name="DestinationIsIpv6">false</Data>
    <Data Name="DestinationIp">10.44.20.30</Data>
    <Data Name="DestinationHostname">PROXY-BO-01.northstar-branch.local</Data>
    <Data Name="DestinationPort">8080</Data>
    <Data Name="DestinationPortName">http-alt</Data>
    
  </EventData>
</Event>
<Event xmlns="http://schemas.microsoft.com/win/2004/08/events/event">
  <System>
    <Provider Name="Microsoft-Windows-Sysmon" Guid="{5770385f-c22a-43e0-bf4c-06f5698ffbd9}"/>
    <EventID>13</EventID>
    <Version>2</Version>
    <Level>4</Level>
    <Task>13</Task>
    <Opcode>0</Opcode>
    <Keywords>0x8000000000000000</Keywords>
    <TimeCreated SystemTime="2024-05-14T17:08:50.4196091Z"/>
    <EventRecordID>4461996</EventRecordID>
    <Correlation/>
    <Execution ProcessID="2292" ThreadID="4536"/>
    <Channel>Microsoft-Windows-Sysmon/Operational</Channel>
    <Computer>DC-BO-01.northstar-branch.local</Computer>
    <Security UserID="S-1-5-18"/>
  </System>
  <EventData>
    
    <Data Name="RuleName">-</Data>
    <Data Name="EventType">SetValue</Data>
    <Data Name="UtcTime">2024-05-14 17:08:50.419</Data>
    <Data Name="ProcessGuid">{0f0dbc5d-16c5-661d-9200-001026a60bb6}</Data>
    <Data Name="ProcessId">5468</Data>
    <Data Name="Image">C:\Windows\System32\services.exe</Data>
    <Data Name="User">NT AUTHORITY\SYSTEM</Data>
    <Data Name="TargetObject">HKLM\SOFTWARE\Microsoft\Windows\CurrentVersion\Component Based Servicing\Packages\Package_for_ServicingStack~31bf3856ad364e35~amd64~~10.0.20348.21\CurrentState</Data>
    <Data Name="Details">DWORD (0x00000070)</Data>
    
  </EventData>
</Event>
<Event xmlns="http://schemas.microsoft.com/win/2004/08/events/event">
  <System>
    <Provider Name="Microsoft-Windows-Sysmon" Guid="{5770385f-c22a-43e0-bf4c-06f5698ffbd9}"/>
    <EventID>13</EventID>
    <Version>2</Version>
    <Level>4</Level>
    <Task>13</Task>
    <Opcode>0</Opcode>
    <Keywords>0x8000000000000000</Keywords>
    <TimeCreated SystemTime="2024-05-14T17:09:02.7331025Z"/>
    <EventRecordID>4461998</EventRecordID>
    <Correlation/>
    <Execution ProcessID="2292" ThreadID="4536"/>
    <Channel>Microsoft-Windows-Sysmon/Operational</Channel>
    <Computer>DC-BO-01.northstar-branch.local</Computer>
    <Security UserID="S-1-5-18"/>
  </System>
  <EventData>
    
    <Data Name="RuleName">-</Data>
    <Data Name="EventType">SetValue</Data>
    <Data Name="UtcTime">2024-05-14 17:09:02.733</Data>
    <Data Name="ProcessGuid">{0f0dbc5d-16e2-661d-d602-001033f9c3d8}</Data>
    <Data Name="ProcessId">5716</Data>
    <Data Name="Image">C:\Windows\System32\msiexec.exe</Data>
    <Data Name="User">NT AUTHORITY\SYSTEM</Data>
    <Data Name="TargetObject">HKLM\SOFTWARE\Microsoft\Windows\CurrentVersion\Component Based Servicing\Packages\Package_for_RollupFix~31bf3856ad364e35~amd64~~10.0.20348.24\CurrentState</Data>
    <Data Name="Details">DWORD (0x00000070)</Data>
    
  </EventData>
</Event>
<Event xmlns="http://schemas.microsoft.com/win/2004/08/events/event">
  <System>
    <Provider Name="Microsoft-Windows-Sysmon" Guid="{5770385f-c22a-43e0-bf4c-06f5698ffbd9}"/>
    <EventID>1</EventID>
    <Version>5</Version>
    <Level>4</Level>
    <Task>1</Task>
    <Opcode>0</Opcode>
    <Keywords>0x8000000000000000</Keywords>
    <TimeCreated SystemTime="2024-05-14T17:09:12.8861516Z"/>
    <EventRecordID>4461999</EventRecordID>
    <Correlation/>
    <Execution ProcessID="2292" ThreadID="2696"/>
    <Channel>Microsoft-Windows-Sysmon/Operational</Channel>
    <Computer>DC-BO-01.northstar-branch.local</Computer>
    <Security UserID="S-1-5-18"/>
  </System>
  <EventData>
    
    <Data Name="RuleName">-</Data>
    <Data Name="UtcTime">2024-05-14 17:09:12.886</Data>
    <Data Name="ProcessGuid">{0f0dbc5d-9ab8-6643-8202-0010d296e567}</Data>
    <Data Name="ProcessId">9820</Data>
    <Data Name="Image">C:\Windows\System32\dfsr.exe</Data>
    <Data Name="FileVersion">10.0.20348.1</Data>
    <Data Name="Description">DFS Replication Service</Data>
    <Data Name="Product">Microsoft Windows Operating System</Data>
    <Data Name="Company">Microsoft Corporation</Data>
    <Data Name="OriginalFileName">dfsr.exe</Data>
    <Data Name="CommandLine">dfsr.exe</Data>
    <Data Name="CurrentDirectory">C:\Windows\System32\</Data>
    <Data Name="User">NT AUTHORITY\SYSTEM</Data>
    <Data Name="LogonGuid">{76a4ff70-6f70-436e-87cf-90c13b467ba0}</Data>
    <Data Name="LogonId">0x3e7</Data>
    <Data Name="TerminalSessionId">0</Data>
    <Data Name="IntegrityLevel">System</Data>
    <Data Name="Hashes">SHA1=A82C150703CBF7F69A5860AABF2D6F9C1AEBAEEF,MD5=3AECCCAB5BCDFCA537EAB04245ECA5C5,SHA256=85DE7BF1F131C0B7C07645F4F56E424CA4DC2AD239355A6908595EA3A00BF4E8,IMPHASH=D0F2391A8B7BECDBE6C921ACECC4F3A5</Data>
    <Data Name="ParentProcessGuid">{0f0dbc5d-16c5-661d-9200-001026a60bb6}</Data>
    <Data Name="ParentProcessId">5468</Data>
    <Data Name="ParentImage">C:\Windows\System32\services.exe</Data>
    <Data Name="ParentCommandLine">services.exe</Data>
    
  </EventData>
</Event>
<Event xmlns="http://schemas.microsoft.com/win/2004/08/events/event">
  <System>
    <Provider Name="Microsoft-Windows-Sysmon" Guid="{5770385f-c22a-43e0-bf4c-06f5698ffbd9}"/>
    <EventID>13</EventID>
    <Version>2</Version>
    <Level>4</Level>
    <Task>13</Task>
    <Opcode>0</Opcode>
    <Keywords>0x8000000000000000</Keywords>
    <TimeCreated SystemTime="2024-05-14T17:09:15.3719265Z"/>
    <EventRecordID>4462000</EventRecordID>
    <Correlation/>
    <Execution ProcessID="2292" ThreadID="4536"/>
    <Channel>Microsoft-Windows-Sysmon/Operational</Channel>
    <Computer>DC-BO-01.northstar-branch.local</Computer>
    <Security UserID="S-1-5-18"/>
  </System>
  <EventData>
    
    <Data Name="RuleName">-</Data>
    <Data Name="EventType">SetValue</Data>
    <Data Name="UtcTime">2024-05-14 17:09:15.371</Data>
    <Data Name="ProcessGuid">{0f0dbc5d-16e2-661d-d602-001033f9c3d8}</Data>
    <Data Name="ProcessId">5716</Data>
    <Data Name="Image">C:\Windows\System32\msiexec.exe</Data>
    <Data Name="User">NT AUTHORITY\SYSTEM</Data>
    <Data Name="TargetObject">HKLM\SOFTWARE\Policies\Microsoft\Windows\WindowsUpdate\AU\NoAutoUpdate</Data>
    <Data Name="Details">DWORD (0x00000000)</Data>
    
  </EventData>
</Event>
<Event xmlns="http://schemas.microsoft.com/win/2004/08/events/event">
  <System>
    <Provider Name="Microsoft-Windows-Sysmon" Guid="{5770385f-c22a-43e0-bf4c-06f5698ffbd9}"/>
    <EventID>1</EventID>
    <Version>5</Version>
    <Level>4</Level>
    <Task>1</Task>
    <Opcode>0</Opcode>
    <Keywords>0x8000000000000000</Keywords>
    <TimeCreated SystemTime="2024-05-14T17:09:21.5067765Z"/>
    <EventRecordID>4462002</EventRecordID>
    <Correlation/>
    <Execution ProcessID="2292" ThreadID="4432"/>
    <Channel>Microsoft-Windows-Sysmon/Operational</Channel>
    <Computer>DC-BO-01.northstar-branch.local</Computer>
    <Security UserID="S-1-5-18"/>
  </System>
  <EventData>
    
    <Data Name="RuleName">-</Data>
    <Data Name="UtcTime">2024-05-14 17:09:21.506</Data>
    <Data Name="ProcessGuid">{0f0dbc5d-9ac1-6643-5900-00103faa3d62}</Data>
    <Data Name="ProcessId">9692</Data>
    <Data Name="Image">C:\Windows\System32\curl.exe</Data>
    <Data Name="FileVersion">8.4.0</Data>
    <Data Name="Description">The curl executable</Data>
    <Data Name="Product">The curl executable</Data>
    <Data Name="Company">Microsoft Corporation</Data>
    <Data Name="OriginalFileName">curl.exe</Data>
    <Data Name="CommandLine">curl.exe --proxy http://PROXY-BO-01.northstar-branch.local:8080 "https://receiver.citrix.com/"</Data>
    <Data Name="CurrentDirectory">C:\Windows\System32\</Data>
    <Data Name="User">NORTHSTAR-BRANCH\nina.kapoor</Data>
    <Data Name="LogonGuid">{00000000-0000-0000-0000-000000000000}</Data>
    <Data Name="LogonId">0x157c6168</Data>
    <Data Name="TerminalSessionId">9</Data>
    <Data Name="IntegrityLevel">Medium</Data>
    <Data Name="Hashes">SHA1=520B4B50B4756327457BD02BEAE012E053F193AB,MD5=13400C4E9007A3C98584CECA1745658A,SHA256=8F973C9E5D68EC5BD8FF5D73133C83F034CDC6783F1CA1F6F98BCB31B7563EBE,IMPHASH=F059FDA414F155DD17A66E580BB1B89F</Data>
    <Data Name="ParentProcessGuid">{0f0dbc5d-9ac1-6643-b002-0000d0901363}</Data>
    <Data Name="ParentProcessId">9636</Data>
    <Data Name="ParentImage">C:\Windows\explorer.exe</Data>
    <Data Name="ParentCommandLine">explorer.exe</Data>
    
  </EventData>
</Event>
<Event xmlns="http://schemas.microsoft.com/win/2004/08/events/event">
  <System>
    <Provider Name="Microsoft-Windows-Sysmon" Guid="{5770385f-c22a-43e0-bf4c-06f5698ffbd9}"/>
    <EventID>3</EventID>
    <Version>5</Version>
    <Level>4</Level>
    <Task>3</Task>
    <Opcode>0</Opcode>
    <Keywords>0x8000000000000000</Keywords>
    <TimeCreated SystemTime="2024-05-14T17:09:24.8398591Z"/>
    <EventRecordID>4462003</EventRecordID>
    <Correlation/>
    <Execution ProcessID="2292" ThreadID="4432"/>
    <Channel>Microsoft-Windows-Sysmon/Operational</Channel>
    <Computer>DC-BO-01.northstar-branch.local</Computer>
    <Security UserID="S-1-5-18"/>
  </System>
  <EventData>
    
    <Data Name="RuleName">-</Data>
    <Data Name="UtcTime">2024-05-14 17:09:24.839</Data>
    <Data Name="ProcessGuid">{0f0dbc5d-9ac1-6643-5900-00103faa3d62}</Data>
    <Data Name="ProcessId">9692</Data>
    <Data Name="Image">C:\Windows\System32\curl.exe</Data>
    <Data Name="User">NORTHSTAR-BRANCH\nina.kapoor</Data>
    <Data Name="Protocol">tcp</Data>
    <Data Name="Initiated">true</Data>
    <Data Name="SourceIsIpv6">false</Data>
    <Data Name="SourceIp">10.44.20.10</Data>
    <Data Name="SourceHostname">DC-BO-01.northstar-branch.local</Data>
    <Data Name="SourcePort">60354</Data>
    <Data Name="SourcePortName">-</Data>
    <Data Name="DestinationIsIpv6">false</Data>
    <Data Name="DestinationIp">10.44.20.30</Data>
    <Data Name="DestinationHostname">PROXY-BO-01.northstar-branch.local</Data>
    <Data Name="DestinationPort">8080</Data>
    <Data Name="DestinationPortName">http-alt</Data>
    
  </EventData>
</Event>
<Event xmlns="http://schemas.microsoft.com/win/2004/08/events/event">
  <System>
    <Provider Name="Microsoft-Windows-Sysmon" Guid="{5770385f-c22a-43e0-bf4c-06f5698ffbd9}"/>
    <EventID>10</EventID>
    <Version>3</Version>
    <Level>4</Level>
    <Task>10</Task>
    <Opcode>0</Opcode>
    <Keywords>0x8000000000000000</Keywords>
    <TimeCreated SystemTime="2024-05-14T17:09:37.6685054Z"/>
    <EventRecordID>4462005</EventRecordID>
    <Correlation/>
    <Execution ProcessID="2292" ThreadID="2696"/>
    <Channel>Microsoft-Windows-Sysmon/Operational</Channel>
    <Computer>DC-BO-01.northstar-branch.local</Computer>
    <Security UserID="S-1-5-18"/>
  </System>
  <EventData>
    
    <Data Name="RuleName">-</Data>
    <Data Name="UtcTime">2024-05-14 17:09:37.668</Data>
    <Data Name="SourceProcessGUID">{0f0dbc5d-16e2-661d-d602-001033f9c3d8}</Data>
    <Data Name="SourceProcessId">5716</Data>
    <Data Name="SourceImage">C:\Windows\System32\msiexec.exe</Data>
    <Data Name="SourceThreadId">4188</Data>
    <Data Name="SourceUser">NT AUTHORITY\SYSTEM</Data>
    <Data Name="TargetProcessGUID">{0f0dbc5d-16c5-661d-9200-001026a60bb6}</Data>
    <Data Name="TargetProcessId">5468</Data>
    <Data Name="TargetImage">C:\Windows\System32\services.exe</Data>
    <Data Name="TargetUser">NT AUTHORITY\SYSTEM</Data>
    <Data Name="GrantedAccess">0x1000</Data>
    <Data Name="CallTrace">C:\Windows\SYSTEM32\ntdll.dll+9C428|C:\Windows\SYSTEM32\RPCRT4.dll+7C8E3|C:\Windows\SYSTEM32\KERNELBASE.dll+2C15F</Data>
    
  </EventData>
</Event>
<Event xmlns="http://schemas.microsoft.com/win/2004/08/events/event">
  <System>
    <Provider Name="Microsoft-Windows-Sysmon" Guid="{5770385f-c22a-43e0-bf4c-06f5698ffbd9}"/>
    <EventID>5</EventID>
    <Version>3</Version>
    <Level>4</Level>
    <Task>5</Task>
    <Opcode>0</Opcode>
    <Keywords>0x8000000000000000</Keywords>
    <TimeCreated SystemTime="2024-05-14T17:09:38.1901210Z"/>
    <EventRecordID>4462110</EventRecordID>
    <Correlation/>
    <Execution ProcessID="2292" ThreadID="4432"/>
    <Channel>Microsoft-Windows-Sysmon/Operational</Channel>
    <Computer>DC-BO-01.northstar-branch.local</Computer>
    <Security UserID="S-1-5-18"/>
  </System>
  <EventData>
    
    <Data Name="RuleName">-</Data>
    <Data Name="UtcTime">2024-05-14 17:09:38.190</Data>
    <Data Name="ProcessGuid">{0f0dbc5d-9ac1-6643-5900-00103faa3d62}</Data>
    <Data Name="ProcessId">9692</Data>
    <Data Name="Image">C:\Windows\System32\curl.exe</Data>
    <Data Name="User">NORTHSTAR-BRANCH\nina.kapoor</Data>
    
  </EventData>
</Event>
<Event xmlns="http://schemas.microsoft.com/win/2004/08/events/event">
  <System>
    <Provider Name="Microsoft-Windows-Sysmon" Guid="{5770385f-c22a-43e0-bf4c-06f5698ffbd9}"/>
    <EventID>10</EventID>
    <Version>3</Version>
    <Level>4</Level>
    <Task>10</Task>
    <Opcode>0</Opcode>
    <Keywords>0x8000000000000000</Keywords>
    <TimeCreated SystemTime="2024-05-14T17:10:09.3831379Z"/>
    <EventRecordID>4462218</EventRecordID>
    <Correlation/>
    <Execution ProcessID="2292" ThreadID="2696"/>
    <Channel>Microsoft-Windows-Sysmon/Operational</Channel>
    <Computer>DC-BO-01.northstar-branch.local</Computer>
    <Security UserID="S-1-5-18"/>
  </System>
  <EventData>
    
    <Data Name="RuleName">-</Data>
    <Data Name="UtcTime">2024-05-14 17:10:09.383</Data>
    <Data Name="SourceProcessGUID">{0f0dbc5d-16c2-661d-1a02-00001f39ff87}</Data>
    <Data Name="SourceProcessId">5364</Data>
    <Data Name="SourceImage">C:\Windows\System32\csrss.exe</Data>
    <Data Name="SourceThreadId">4008</Data>
    <Data Name="SourceUser">NT AUTHORITY\SYSTEM</Data>
    <Data Name="TargetProcessGUID">{0f0dbc5d-16c7-661d-4602-0010ef20a812}</Data>
    <Data Name="TargetProcessId">5484</Data>
    <Data Name="TargetImage">C:\Windows\System32\lsass.exe</Data>
    <Data Name="TargetUser">NT AUTHORITY\SYSTEM</Data>
    <Data Name="GrantedAccess">0x0400</Data>
    <Data Name="CallTrace">C:\Windows\SYSTEM32\ntdll.dll+9C428|C:\Windows\SYSTEM32\RPCRT4.dll+7C8E3|C:\Windows\SYSTEM32\KERNELBASE.dll+2C15F</Data>
    
  </EventData>
</Event>
<Event xmlns="http://schemas.microsoft.com/win/2004/08/events/event">
  <System>
    <Provider Name="Microsoft-Windows-Sysmon" Guid="{5770385f-c22a-43e0-bf4c-06f5698ffbd9}"/>
    <EventID>7</EventID>
    <Version>3</Version>
    <Level>4</Level>
    <Task>7</Task>
    <Opcode>0</Opcode>
    <Keywords>0x8000000000000000</Keywords>
    <TimeCreated SystemTime="2024-05-14T17:10:21.6569440Z"/>
    <EventRecordID>4462910</EventRecordID>
    <Correlation/>
    <Execution ProcessID="2292" ThreadID="4432"/>
    <Channel>Microsoft-Windows-Sysmon/Operational</Channel>
    <Computer>DC-BO-01.northstar-branch.local</Computer>
    <Security UserID="S-1-5-18"/>
  </System>
  <EventData>
    
    <Data Name="RuleName">-</Data>
    <Data Name="UtcTime">2024-05-14 17:10:21.656</Data>
    <Data Name="ProcessGuid">{0f0dbc5d-8185-6643-5102-00004d49b52e}</Data>
    <Data Name="ProcessId">8168</Data>
    <Data Name="Image">C:\Windows\System32\taskhostw.exe</Data>
    <Data Name="ImageLoaded">C:\Program Files\Dell\SupportAssistAgent\bin\pcdrsysinfosoftware.p5x</Data>
    <Data Name="FileVersion">1.0.0.0</Data>
    <Data Name="Description">pcdrsysinfosoftware.p5x module</Data>
    <Data Name="Product">Dell Inc.</Data>
    <Data Name="Company">Dell Inc.</Data>
    <Data Name="OriginalFileName">pcdrsysinfosoftware.p5x</Data>
    <Data Name="Hashes">SHA1=DA2C7A7A281800947B5C71F4A92CE843B1DC50F2,MD5=D6EB67E7B79CE37086993703C1352704,SHA256=0DE9D6BA42DE73879DA0EAFD44873E30FCB362AF0AF13A34923E24513C239AD5,IMPHASH=EF39C50EF82A06742DB4608EF8AF9CBB</Data>
    <Data Name="Signed">true</Data>
    <Data Name="Signature">Dell Inc.</Data>
    <Data Name="SignatureStatus">Valid</Data>
    
  </EventData>
</Event>
<Event xmlns="http://schemas.microsoft.com/win/2004/08/events/event">
  <System>
    <Provider Name="Microsoft-Windows-Sysmon" Guid="{5770385f-c22a-43e0-bf4c-06f5698ffbd9}"/>
    <EventID>3</EventID>
    <Version>5</Version>
    <Level>4</Level>
    <Task>3</Task>
    <Opcode>0</Opcode>
    <Keywords>0x8000000000000000</Keywords>
    <TimeCreated SystemTime="2024-05-14T17:11:02.0376168Z"/>
    <EventRecordID>4463791</EventRecordID>
    <Correlation/>
    <Execution ProcessID="2292" ThreadID="4792"/>
    <Channel>Microsoft-Windows-Sysmon/Operational</Channel>
    <Computer>DC-BO-01.northstar-branch.local</Computer>
    <Security UserID="S-1-5-18"/>
  </System>
  <EventData>
    
    <Data Name="RuleName">-</Data>
    <Data Name="UtcTime">2024-05-14 17:11:02.037</Data>
    <Data Name="ProcessGuid">{0f0dbc5d-16ca-661d-ee00-0000ee71786b}</Data>
    <Data Name="ProcessId">5548</Data>
    <Data Name="Image">C:\Windows\System32\svchost.exe</Data>
    <Data Name="User">NT AUTHORITY\NETWORK SERVICE</Data>
    <Data Name="Protocol">tcp</Data>
    <Data Name="Initiated">true</Data>
    <Data Name="SourceIsIpv6">false</Data>
    <Data Name="SourceIp">10.44.20.10</Data>
    <Data Name="SourceHostname">DC-BO-01.northstar-branch.local</Data>
    <Data Name="SourcePort">59397</Data>
    <Data Name="SourcePortName">-</Data>
    <Data Name="DestinationIsIpv6">false</Data>
    <Data Name="DestinationIp">10.44.20.30</Data>
    <Data Name="DestinationHostname">PROXY-BO-01.northstar-branch.local</Data>
    <Data Name="DestinationPort">8080</Data>
    <Data Name="DestinationPortName">http-alt</Data>
    
  </EventData>
</Event>
<Event xmlns="http://schemas.microsoft.com/win/2004/08/events/event">
  <System>
    <Provider Name="Microsoft-Windows-Sysmon" Guid="{5770385f-c22a-43e0-bf4c-06f5698ffbd9}"/>
    <EventID>1</EventID>
    <Version>5</Version>
    <Level>4</Level>
    <Task>1</Task>
    <Opcode>0</Opcode>
    <Keywords>0x8000000000000000</Keywords>
    <TimeCreated SystemTime="2024-05-14T17:11:05.9891411Z"/>
    <EventRecordID>4463817</EventRecordID>
    <Correlation/>
    <Execution ProcessID="2292" ThreadID="4536"/>
    <Channel>Microsoft-Windows-Sysmon/Operational</Channel>
    <Computer>DC-BO-01.northstar-branch.local</Computer>
    <Security UserID="S-1-5-18"/>
  </System>
  <EventData>
    
    <Data Name="RuleName">-</Data>
    <Data Name="UtcTime">2024-05-14 17:11:05.989</Data>
    <Data Name="ProcessGuid">{0f0dbc5d-9b29-6643-4e00-00006ee7a745}</Data>
    <Data Name="ProcessId">9864</Data>
    <Data Name="Image">C:\Windows\System32\svchost.exe</Data>
    <Data Name="FileVersion">10.0.20348.1</Data>
    <Data Name="Description">Host Process for Windows Services</Data>
    <Data Name="Product">Microsoft Windows Operating System</Data>
    <Data Name="Company">Microsoft Corporation</Data>
    <Data Name="OriginalFileName">svchost.exe</Data>
    <Data Name="CommandLine">svchost.exe -k netsvcs -p -s LanmanServer</Data>
    <Data Name="CurrentDirectory">C:\Windows\System32\</Data>
    <Data Name="User">NT AUTHORITY\SYSTEM</Data>
    <Data Name="LogonGuid">{76a4ff70-6f70-436e-87cf-90c13b467ba0}</Data>
    <Data Name="LogonId">0x3e7</Data>
    <Data Name="TerminalSessionId">0</Data>
    <Data Name="IntegrityLevel">System</Data>
    <Data Name="Hashes">SHA1=5CE448FA905EE08A22B960503A5E06876992E092,MD5=A417C300E2BB7D055C6DFD9E80D04ED8,SHA256=7DA8E1E1E69684B8341E442E8629C6746359808E7B8E9A51BE070AD7866B2CB2,IMPHASH=F9EBF344F0DAE6163C276DAF3CFFA3D3</Data>
    <Data Name="ParentProcessGuid">{0f0dbc5d-16c5-661d-9200-001026a60bb6}</Data>
    <Data Name="ParentProcessId">5468</Data>
    <Data Name="ParentImage">C:\Windows\System32\services.exe</Data>
    <Data Name="ParentCommandLine">services.exe</Data>
    
  </EventData>
</Event>
