<Event xmlns="http://schemas.microsoft.com/win/2004/08/events/event">
  <System>
    
    <Provider Name="Microsoft-Windows-Security-Auditing" Guid="{54849625-5478-4994-a5ba-3e3b0328c30d}"/>
    
    <EventID>4634</EventID>
    <Version>0</Version>
    <Level>0</Level>
    <Task>12545</Task>
    <Opcode>0</Opcode>
    <Keywords>0x8020000000000000</Keywords>
    <TimeCreated SystemTime="2024-05-14T13:16:09.5369531Z"/>
    <EventRecordID>15478477</EventRecordID>
    <Correlation/>
    <Execution ProcessID="600" ThreadID="132"/>
    <Channel>Security</Channel>
    <Computer>DC-BO-01.northstar-branch.local</Computer>
    
    <Security/>
    
  </System>
  
  <EventData>
    
    <Data Name="TargetUserSid">S-1-5-21-3882363548-2838386070-1334550370-1007</Data>
    <Data Name="TargetUserName">WS-OREED-01$</Data>
    <Data Name="TargetDomainName">NORTHSTAR-BRANCH</Data>
    <Data Name="TargetLogonId">0x15622e6e</Data>
    <Data Name="LogonType">3</Data>
    
  </EventData>
  
</Event>
<Event xmlns="http://schemas.microsoft.com/win/2004/08/events/event">
  <System>
    
    <Provider Name="Microsoft-Windows-Security-Auditing" Guid="{54849625-5478-4994-a5ba-3e3b0328c30d}"/>
    
    <EventID>4768</EventID>
    <Version>0</Version>
    <Level>0</Level>
    <Task>14339</Task>
    <Opcode>0</Opcode>
    <Keywords>0x8020000000000000</Keywords>
    <TimeCreated SystemTime="2024-05-14T13:16:09.5956795Z"/>
    <EventRecordID>15478478</EventRecordID>
    <Correlation/>
    <Execution ProcessID="600" ThreadID="456"/>
    <Channel>Security</Channel>
    <Computer>DC-BO-01.northstar-branch.local</Computer>
    
    <Security/>
    
  </System>
  
  <EventData>
    
    <Data Name="TargetUserName">WS-VHALE-01$</Data>
    <Data Name="TargetDomainName">NORTHSTAR-BRANCH.LOCAL</Data>
    <Data Name="TargetSid">S-1-5-21-3882363548-2838386070-1334550370-1010</Data>
    <Data Name="ServiceName">krbtgt</Data>
    <Data Name="ServiceSid">S-1-5-21-3882363548-2838386070-1334550370-502</Data>
    <Data Name="TicketOptions">0x40810010</Data>
    <Data Name="Status">0x0</Data>
    <Data Name="TicketEncryptionType">0x12</Data>
    <Data Name="PreAuthType">2</Data>
    <Data Name="IpAddress">::ffff:10.44.10.25</Data>
    <Data Name="IpPort">65077</Data>
    <Data Name="CertIssuerName"></Data>
    <Data Name="CertSerialNumber"></Data>
    <Data Name="CertThumbprint"></Data>
    
  </EventData>
  
</Event>
<Event xmlns="http://schemas.microsoft.com/win/2004/08/events/event">
  <System>
    
    <Provider Name="Microsoft-Windows-Security-Auditing" Guid="{54849625-5478-4994-a5ba-3e3b0328c30d}"/>
    
    <EventID>5156</EventID>
    <Version>1</Version>
    <Level>0</Level>
    <Task>12810</Task>
    <Opcode>0</Opcode>
    <Keywords>0x8020000000000000</Keywords>
    <TimeCreated SystemTime="2024-05-14T13:16:09.8478832Z"/>
    <EventRecordID>15478480</EventRecordID>
    <Correlation/>
    <Execution ProcessID="4" ThreadID="200"/>
    <Channel>Security</Channel>
    <Computer>DC-BO-01.northstar-branch.local</Computer>
    
    <Security/>
    
  </System>
  
  <EventData>
    
    <Data Name="ProcessID">5484</Data>
    <Data Name="Application">\device\harddiskvolume1\windows\system32\lsass.exe</Data>
    <Data Name="Direction">%%14592</Data>
    <Data Name="SourceAddress">10.44.10.25</Data>
    <Data Name="SourcePort">65077</Data>
    <Data Name="DestAddress">10.44.20.10</Data>
    <Data Name="DestPort">88</Data>
    <Data Name="Protocol">6</Data>
    <Data Name="FilterRTID">28797</Data>
    <Data Name="LayerName">%%14611</Data>
    <Data Name="LayerRTID">48</Data>
    <Data Name="RemoteUserID">S-1-0-0</Data>
    <Data Name="RemoteMachineID">S-1-0-0</Data>
    
  </EventData>
  
</Event>
<Event xmlns="http://schemas.microsoft.com/win/2004/08/events/event">
  <System>
    
    <Provider Name="Microsoft-Windows-Security-Auditing" Guid="{54849625-5478-4994-a5ba-3e3b0328c30d}"/>
    
    <EventID>4689</EventID>
    <Version>0</Version>
    <Level>0</Level>
    <Task>13313</Task>
    <Opcode>0</Opcode>
    <Keywords>0x8020000000000000</Keywords>
    <TimeCreated SystemTime="2024-05-14T13:16:15.5809715Z"/>
    <EventRecordID>15478483</EventRecordID>
    <Correlation/>
    <Execution ProcessID="4" ThreadID="124"/>
    <Channel>Security</Channel>
    <Computer>DC-BO-01.northstar-branch.local</Computer>
    
    <Security/>
    
  </System>
  
  <EventData>
    
    <Data Name="SubjectUserSid">S-1-5-21-3882363548-2838386070-1334550370-1004</Data>
    <Data Name="SubjectUserName">nina.kapoor</Data>
    <Data Name="SubjectDomainName">NORTHSTAR-BRANCH</Data>
    <Data Name="SubjectLogonId">0x1556f6d1</Data>
    <Data Name="Status">0x0</Data>
    <Data Name="ProcessId">0x1c84</Data>
    <Data Name="ProcessName">C:\Windows\System32\curl.exe</Data>
    
  </EventData>
  
</Event>
<Event xmlns="http://schemas.microsoft.com/win/2004/08/events/event">
  <System>
    
    <Provider Name="Microsoft-Windows-Security-Auditing" Guid="{54849625-5478-4994-a5ba-3e3b0328c30d}"/>
    
    <EventID>4769</EventID>
    <Version>0</Version>
    <Level>0</Level>
    <Task>14337</Task>
    <Opcode>0</Opcode>
    <Keywords>0x8020000000000000</Keywords>
    <TimeCreated SystemTime="2024-05-14T13:16:23.0339980Z"/>
    <EventRecordID>15478486</EventRecordID>
    <Correlation/>
    <Execution ProcessID="600" ThreadID="376"/>
    <Channel>Security</Channel>
    <Computer>DC-BO-01.northstar-branch.local</Computer>
    
    <Security/>
    
  </System>
  
  <EventData>
    
    <Data Name="TargetUserName">WS-VHALE-01$@NORTHSTAR-BRANCH.LOCAL</Data>
    <Data Name="TargetDomainName">NORTHSTAR-BRANCH.LOCAL</Data>
    <Data Name="ServiceName">termsrv/FILE-BO-01</Data>
    <Data Name="ServiceSid">S-1-5-21-3882363548-2838386070-1334550370-1012</Data>
    <Data Name="TicketOptions">0x10</Data>
    <Data Name="TicketEncryptionType">0x12</Data>
    <Data Name="IpAddress">::ffff:10.44.10.25</Data>
    <Data Name="IpPort">60618</Data>
    <Data Name="Status">0x0</Data>
    <Data Name="LogonGuid">{00000000-0000-0000-0000-000000000000}</Data>
    <Data Name="TransmittedServices">-</Data>
    
  </EventData>
  
</Event>
<Event xmlns="http://schemas.microsoft.com/win/2004/08/events/event">
  <System>
    
    <Provider Name="Microsoft-Windows-Security-Auditing" Guid="{54849625-5478-4994-a5ba-3e3b0328c30d}"/>
    
    <EventID>5156</EventID>
    <Version>1</Version>
    <Level>0</Level>
    <Task>12810</Task>
    <Opcode>0</Opcode>
    <Keywords>0x8020000000000000</Keywords>
    <TimeCreated SystemTime="2024-05-14T13:16:23.4214106Z"/>
    <EventRecordID>15478487</EventRecordID>
    <Correlation/>
    <Execution ProcessID="4" ThreadID="192"/>
    <Channel>Security</Channel>
    <Computer>DC-BO-01.northstar-branch.local</Computer>
    
    <Security/>
    
  </System>
  
  <EventData>
    
    <Data Name="ProcessID">5484</Data>
    <Data Name="Application">\device\harddiskvolume1\windows\system32\lsass.exe</Data>
    <Data Name="Direction">%%14592</Data>
    <Data Name="SourceAddress">10.44.10.25</Data>
    <Data Name="SourcePort">60618</Data>
    <Data Name="DestAddress">10.44.20.10</Data>
    <Data Name="DestPort">88</Data>
    <Data Name="Protocol">6</Data>
    <Data Name="FilterRTID">28797</Data>
    <Data Name="LayerName">%%14611</Data>
    <Data Name="LayerRTID">48</Data>
    <Data Name="RemoteUserID">S-1-0-0</Data>
    <Data Name="RemoteMachineID">S-1-0-0</Data>
    
  </EventData>
  
</Event>
<Event xmlns="http://schemas.microsoft.com/win/2004/08/events/event">
  <System>
    
    <Provider Name="Microsoft-Windows-Security-Auditing" Guid="{54849625-5478-4994-a5ba-3e3b0328c30d}"/>
    
    <EventID>4769</EventID>
    <Version>0</Version>
    <Level>0</Level>
    <Task>14337</Task>
    <Opcode>0</Opcode>
    <Keywords>0x8020000000000000</Keywords>
    <TimeCreated SystemTime="2024-05-14T13:16:25.9802442Z"/>
    <EventRecordID>15478489</EventRecordID>
    <Correlation/>
    <Execution ProcessID="600" ThreadID="496"/>
    <Channel>Security</Channel>
    <Computer>DC-BO-01.northstar-branch.local</Computer>
    
    <Security/>
    
  </System>
  
  <EventData>
    
    <Data Name="TargetUserName">WS-VHALE-01$@NORTHSTAR-BRANCH.LOCAL</Data>
    <Data Name="TargetDomainName">NORTHSTAR-BRANCH.LOCAL</Data>
    <Data Name="ServiceName">ldap/DC-BO-01</Data>
    <Data Name="ServiceSid">S-1-5-21-3882363548-2838386070-1334550370-1011</Data>
    <Data Name="TicketOptions">0x10</Data>
    <Data Name="TicketEncryptionType">0x12</Data>
    <Data Name="IpAddress">::ffff:10.44.10.25</Data>
    <Data Name="IpPort">55116</Data>
    <Data Name="Status">0x0</Data>
    <Data Name="LogonGuid">{00000000-0000-0000-0000-000000000000}</Data>
    <Data Name="TransmittedServices">-</Data>
    
  </EventData>
  
</Event>
<Event xmlns="http://schemas.microsoft.com/win/2004/08/events/event">
  <System>
    
    <Provider Name="Microsoft-Windows-Security-Auditing" Guid="{54849625-5478-4994-a5ba-3e3b0328c30d}"/>
    
    <EventID>5156</EventID>
    <Version>1</Version>
    <Level>0</Level>
    <Task>12810</Task>
    <Opcode>0</Opcode>
    <Keywords>0x8020000000000000</Keywords>
    <TimeCreated SystemTime="2024-05-14T13:16:26.3561241Z"/>
    <EventRecordID>15478502</EventRecordID>
    <Correlation/>
    <Execution ProcessID="4" ThreadID="168"/>
    <Channel>Security</Channel>
    <Computer>DC-BO-01.northstar-branch.local</Computer>
    
    <Security/>
    
  </System>
  
  <EventData>
    
    <Data Name="ProcessID">5484</Data>
    <Data Name="Application">\device\harddiskvolume1\windows\system32\lsass.exe</Data>
    <Data Name="Direction">%%14592</Data>
    <Data Name="SourceAddress">10.44.10.25</Data>
    <Data Name="SourcePort">55116</Data>
    <Data Name="DestAddress">10.44.20.10</Data>
    <Data Name="DestPort">88</Data>
    <Data Name="Protocol">17</Data>
    <Data Name="FilterRTID">28796</Data>
    <Data Name="LayerName">%%14611</Data>
    <Data Name="LayerRTID">48</Data>
    <Data Name="RemoteUserID">S-1-0-0</Data>
    <Data Name="RemoteMachineID">S-1-0-0</Data>
    
  </EventData>
  
</Event>
<Event xmlns="http://schemas.microsoft.com/win/2004/08/events/event">
  <System>
    
    <Provider Name="Microsoft-Windows-Security-Auditing" Guid="{54849625-5478-4994-a5ba-3e3b0328c30d}"/>
    
    <EventID>5156</EventID>
    <Version>1</Version>
    <Level>0</Level>
    <Task>12810</Task>
    <Opcode>0</Opcode>
    <Keywords>0x8020000000000000</Keywords>
    <TimeCreated SystemTime="2024-05-14T13:16:33.3155295Z"/>
    <EventRecordID>15478506</EventRecordID>
    <Correlation/>
    <Execution ProcessID="4" ThreadID="112"/>
    <Channel>Security</Channel>
    <Computer>DC-BO-01.northstar-branch.local</Computer>
    
    <Security/>
    
  </System>
  
  <EventData>
    
    <Data Name="ProcessID">5548</Data>
    <Data Name="Application">\device\harddiskvolume1\windows\system32\svchost.exe</Data>
    <Data Name="Direction">%%14593</Data>
    <Data Name="SourceAddress">10.44.20.10</Data>
    <Data Name="SourcePort">63459</Data>
    <Data Name="DestAddress">10.44.20.30</Data>
    <Data Name="DestPort">8080</Data>
    <Data Name="Protocol">6</Data>
    <Data Name="FilterRTID">28863</Data>
    <Data Name="LayerName">%%14611</Data>
    <Data Name="LayerRTID">48</Data>
    <Data Name="RemoteUserID">S-1-0-0</Data>
    <Data Name="RemoteMachineID">S-1-0-0</Data>
    
  </EventData>
  
</Event>
<Event xmlns="http://schemas.microsoft.com/win/2004/08/events/event">
  <System>
    
    <Provider Name="Microsoft-Windows-Security-Auditing" Guid="{54849625-5478-4994-a5ba-3e3b0328c30d}"/>
    
    <EventID>4769</EventID>
    <Version>0</Version>
    <Level>0</Level>
    <Task>14337</Task>
    <Opcode>0</Opcode>
    <Keywords>0x8020000000000000</Keywords>
    <TimeCreated SystemTime="2024-05-14T13:16:43.1809527Z"/>
    <EventRecordID>15478511</EventRecordID>
    <Correlation/>
    <Execution ProcessID="600" ThreadID="300"/>
    <Channel>Security</Channel>
    <Computer>DC-BO-01.northstar-branch.local</Computer>
    
    <Security/>
    
  </System>
  
  <EventData>
    
    <Data Name="TargetUserName">WS-MPATEL-01$@NORTHSTAR-BRANCH.LOCAL</Data>
    <Data Name="TargetDomainName">NORTHSTAR-BRANCH.LOCAL</Data>
    <Data Name="ServiceName">cifs/DC-BO-01</Data>
    <Data Name="ServiceSid">S-1-5-21-3882363548-2838386070-1334550370-1011</Data>
    <Data Name="TicketOptions">0x40810000</Data>
    <Data Name="TicketEncryptionType">0x11</Data>
    <Data Name="IpAddress">::ffff:10.44.10.21</Data>
    <Data Name="IpPort">57296</Data>
    <Data Name="Status">0x0</Data>
    <Data Name="LogonGuid">{00000000-0000-0000-0000-000000000000}</Data>
    <Data Name="TransmittedServices">-</Data>
    
  </EventData>
  
</Event>
<Event xmlns="http://schemas.microsoft.com/win/2004/08/events/event">
  <System>
    
    <Provider Name="Microsoft-Windows-Security-Auditing" Guid="{54849625-5478-4994-a5ba-3e3b0328c30d}"/>
    
    <EventID>5156</EventID>
    <Version>1</Version>
    <Level>0</Level>
    <Task>12810</Task>
    <Opcode>0</Opcode>
    <Keywords>0x8020000000000000</Keywords>
    <TimeCreated SystemTime="2024-05-14T13:16:43.8675649Z"/>
    <EventRecordID>15478513</EventRecordID>
    <Correlation/>
    <Execution ProcessID="4" ThreadID="84"/>
    <Channel>Security</Channel>
    <Computer>DC-BO-01.northstar-branch.local</Computer>
    
    <Security/>
    
  </System>
  
  <EventData>
    
    <Data Name="ProcessID">5484</Data>
    <Data Name="Application">\device\harddiskvolume1\windows\system32\lsass.exe</Data>
    <Data Name="Direction">%%14592</Data>
    <Data Name="SourceAddress">10.44.10.21</Data>
    <Data Name="SourcePort">57296</Data>
    <Data Name="DestAddress">10.44.20.10</Data>
    <Data Name="DestPort">88</Data>
    <Data Name="Protocol">17</Data>
    <Data Name="FilterRTID">28796</Data>
    <Data Name="LayerName">%%14611</Data>
    <Data Name="LayerRTID">48</Data>
    <Data Name="RemoteUserID">S-1-0-0</Data>
    <Data Name="RemoteMachineID">S-1-0-0</Data>
    
  </EventData>
  
</Event>
<Event xmlns="http://schemas.microsoft.com/win/2004/08/events/event">
  <System>
    
    <Provider Name="Microsoft-Windows-Security-Auditing" Guid="{54849625-5478-4994-a5ba-3e3b0328c30d}"/>
    
    <EventID>5156</EventID>
    <Version>1</Version>
    <Level>0</Level>
    <Task>12810</Task>
    <Opcode>0</Opcode>
    <Keywords>0x8020000000000000</Keywords>
    <TimeCreated SystemTime="2024-05-14T13:16:45.5704360Z"/>
    <EventRecordID>15478543</EventRecordID>
    <Correlation/>
    <Execution ProcessID="4" ThreadID="80"/>
    <Channel>Security</Channel>
    <Computer>DC-BO-01.northstar-branch.local</Computer>
    
    <Security/>
    
  </System>
  
  <EventData>
    
    <Data Name="ProcessID">5548</Data>
    <Data Name="Application">\device\harddiskvolume1\windows\system32\svchost.exe</Data>
    <Data Name="Direction">%%14593</Data>
    <Data Name="SourceAddress">10.44.20.10</Data>
    <Data Name="SourcePort">57669</Data>
    <Data Name="DestAddress">10.44.20.30</Data>
    <Data Name="DestPort">8080</Data>
    <Data Name="Protocol">6</Data>
    <Data Name="FilterRTID">28863</Data>
    <Data Name="LayerName">%%14611</Data>
    <Data Name="LayerRTID">48</Data>
    <Data Name="RemoteUserID">S-1-0-0</Data>
    <Data Name="RemoteMachineID">S-1-0-0</Data>
    
  </EventData>
  
</Event>
<Event xmlns="http://schemas.microsoft.com/win/2004/08/events/event">
  <System>
    
    <Provider Name="Microsoft-Windows-Security-Auditing" Guid="{54849625-5478-4994-a5ba-3e3b0328c30d}"/>
    
    <EventID>5156</EventID>
    <Version>1</Version>
    <Level>0</Level>
    <Task>12810</Task>
    <Opcode>0</Opcode>
    <Keywords>0x8020000000000000</Keywords>
    <TimeCreated SystemTime="2024-05-14T13:16:49.5237005Z"/>
    <EventRecordID>15478546</EventRecordID>
    <Correlation/>
    <Execution ProcessID="4" ThreadID="100"/>
    <Channel>Security</Channel>
    <Computer>DC-BO-01.northstar-branch.local</Computer>
    
    <Security/>
    
  </System>
  
  <EventData>
    
    <Data Name="ProcessID">5548</Data>
    <Data Name="Application">\device\harddiskvolume1\windows\system32\svchost.exe</Data>
    <Data Name="Direction">%%14593</Data>
    <Data Name="SourceAddress">10.44.20.10</Data>
    <Data Name="SourcePort">53227</Data>
    <Data Name="DestAddress">10.44.20.30</Data>
    <Data Name="DestPort">8080</Data>
    <Data Name="Protocol">6</Data>
    <Data Name="FilterRTID">28863</Data>
    <Data Name="LayerName">%%14611</Data>
    <Data Name="LayerRTID">48</Data>
    <Data Name="RemoteUserID">S-1-0-0</Data>
    <Data Name="RemoteMachineID">S-1-0-0</Data>
    
  </EventData>
  
</Event>
<Event xmlns="http://schemas.microsoft.com/win/2004/08/events/event">
  <System>
    
    <Provider Name="Microsoft-Windows-Security-Auditing" Guid="{54849625-5478-4994-a5ba-3e3b0328c30d}"/>
    
    <EventID>5156</EventID>
    <Version>1</Version>
    <Level>0</Level>
    <Task>12810</Task>
    <Opcode>0</Opcode>
    <Keywords>0x8020000000000000</Keywords>
    <TimeCreated SystemTime="2024-05-14T13:16:52.8407048Z"/>
    <EventRecordID>15478548</EventRecordID>
    <Correlation/>
    <Execution ProcessID="4" ThreadID="64"/>
    <Channel>Security</Channel>
    <Computer>DC-BO-01.northstar-branch.local</Computer>
    
    <Security/>
    
  </System>
  
  <EventData>
    
    <Data Name="ProcessID">5656</Data>
    <Data Name="Application">\device\harddiskvolume1\windows\system32\dns.exe</Data>
    <Data Name="Direction">%%14592</Data>
    <Data Name="SourceAddress">10.44.10.22</Data>
    <Data Name="SourcePort">52552</Data>
    <Data Name="DestAddress">10.44.20.10</Data>
    <Data Name="DestPort">53</Data>
    <Data Name="Protocol">17</Data>
    <Data Name="FilterRTID">28783</Data>
    <Data Name="LayerName">%%14611</Data>
    <Data Name="LayerRTID">48</Data>
    <Data Name="RemoteUserID">S-1-0-0</Data>
    <Data Name="RemoteMachineID">S-1-0-0</Data>
    
  </EventData>
  
</Event>
<Event xmlns="http://schemas.microsoft.com/win/2004/08/events/event">
  <System>
    
    <Provider Name="Microsoft-Windows-Security-Auditing" Guid="{54849625-5478-4994-a5ba-3e3b0328c30d}"/>
    
    <EventID>4768</EventID>
    <Version>0</Version>
    <Level>0</Level>
    <Task>14339</Task>
    <Opcode>0</Opcode>
    <Keywords>0x8020000000000000</Keywords>
    <TimeCreated SystemTime="2024-05-14T13:17:05.0944454Z"/>
    <EventRecordID>15478553</EventRecordID>
    <Correlation/>
    <Execution ProcessID="600" ThreadID="128"/>
    <Channel>Security</Channel>
    <Computer>DC-BO-01.northstar-branch.local</Computer>
    
    <Security/>
    
  </System>
  
  <EventData>
    
    <Data Name="TargetUserName">WS-NKAPOOR-01$</Data>
    <Data Name="TargetDomainName">NORTHSTAR-BRANCH.LOCAL</Data>
    <Data Name="TargetSid">S-1-5-21-3882363548-2838386070-1334550370-1009</Data>
    <Data Name="ServiceName">krbtgt</Data>
    <Data Name="ServiceSid">S-1-5-21-3882363548-2838386070-1334550370-502</Data>
    <Data Name="TicketOptions">0x40810010</Data>
    <Data Name="Status">0x0</Data>
    <Data Name="TicketEncryptionType">0x12</Data>
    <Data Name="PreAuthType">2</Data>
    <Data Name="IpAddress">::ffff:10.44.10.24</Data>
    <Data Name="IpPort">62571</Data>
    <Data Name="CertIssuerName"></Data>
    <Data Name="CertSerialNumber"></Data>
    <Data Name="CertThumbprint"></Data>
    
  </EventData>
  
</Event>
<Event xmlns="http://schemas.microsoft.com/win/2004/08/events/event">
  <System>
    
    <Provider Name="Microsoft-Windows-Security-Auditing" Guid="{54849625-5478-4994-a5ba-3e3b0328c30d}"/>
    
    <EventID>4769</EventID>
    <Version>0</Version>
    <Level>0</Level>
    <Task>14337</Task>
    <Opcode>0</Opcode>
    <Keywords>0x8020000000000000</Keywords>
    <TimeCreated SystemTime="2024-05-14T13:17:05.1302047Z"/>
    <EventRecordID>15478666</EventRecordID>
    <Correlation/>
    <Execution ProcessID="600" ThreadID="148"/>
    <Channel>Security</Channel>
    <Computer>DC-BO-01.northstar-branch.local</Computer>
    
    <Security/>
    
  </System>
  
  <EventData>
    
    <Data Name="TargetUserName">WS-NKAPOOR-01$@NORTHSTAR-BRANCH.LOCAL</Data>
    <Data Name="TargetDomainName">NORTHSTAR-BRANCH.LOCAL</Data>
    <Data Name="ServiceName">host/DC-BO-01</Data>
    <Data Name="ServiceSid">S-1-5-21-3882363548-2838386070-1334550370-1011</Data>
    <Data Name="TicketOptions">0x10</Data>
    <Data Name="TicketEncryptionType">0x12</Data>
    <Data Name="IpAddress">::ffff:10.44.10.24</Data>
    <Data Name="IpPort">62571</Data>
    <Data Name="Status">0x0</Data>
    <Data Name="LogonGuid">{00000000-0000-0000-0000-000000000000}</Data>
    <Data Name="TransmittedServices">-</Data>
    
  </EventData>
  
</Event>
<Event xmlns="http://schemas.microsoft.com/win/2004/08/events/event">
  <System>
    
    <Provider Name="Microsoft-Windows-Security-Auditing" Guid="{54849625-5478-4994-a5ba-3e3b0328c30d}"/>
    
    <EventID>4624</EventID>
    <Version>2</Version>
    <Level>0</Level>
    <Task>12544</Task>
    <Opcode>0</Opcode>
    <Keywords>0x8020000000000000</Keywords>
    <TimeCreated SystemTime="2024-05-14T13:17:05.1487825Z"/>
    <EventRecordID>15478667</EventRecordID>
    <Correlation/>
    <Execution ProcessID="600" ThreadID="124"/>
    <Channel>Security</Channel>
    <Computer>DC-BO-01.northstar-branch.local</Computer>
    
    <Security/>
    
  </System>
  
  <EventData>
    
    <Data Name="SubjectUserSid">S-1-5-18</Data>
    <Data Name="SubjectUserName">SYSTEM</Data>
    <Data Name="SubjectDomainName">NT AUTHORITY</Data>
    <Data Name="SubjectLogonId">0x3e7</Data>
    <Data Name="TargetUserSid">S-1-5-21-3882363548-2838386070-1334550370-1009</Data>
    <Data Name="TargetUserName">WS-NKAPOOR-01$</Data>
    <Data Name="TargetDomainName">NORTHSTAR-BRANCH</Data>
    <Data Name="TargetLogonId">0x15624f47</Data>
    <Data Name="LogonType">3</Data>
    <Data Name="LogonGuid">{00000000-0000-0000-0000-000000000000}</Data>
    <Data Name="LogonProcessName">Kerberos</Data>
    <Data Name="AuthenticationPackageName">Kerberos</Data>
    <Data Name="WorkstationName">WS-NKAPOOR-01</Data>
    <Data Name="TransmittedServices">-</Data>
    <Data Name="LmPackageName">-</Data>
    <Data Name="KeyLength">0</Data>
    <Data Name="ProcessId">0x0</Data>
    <Data Name="ProcessName">-</Data>
    <Data Name="IpAddress">::ffff:10.44.10.24</Data>
    <Data Name="IpPort">62571</Data>
    <Data Name="ImpersonationLevel">%%1833</Data>
    <Data Name="RestrictedAdminMode">-</Data>
    <Data Name="TargetOutboundUserName">-</Data>
    <Data Name="TargetOutboundDomainName">-</Data>
    <Data Name="VirtualAccount">%%1843</Data>
    <Data Name="ElevatedToken">%%1842</Data>
    <Data Name="TargetLinkedLogonId">0x0</Data>
    
  </EventData>
  
</Event>
<Event xmlns="http://schemas.microsoft.com/win/2004/08/events/event">
  <System>
    
    <Provider Name="Microsoft-Windows-Security-Auditing" Guid="{54849625-5478-4994-a5ba-3e3b0328c30d}"/>
    
    <EventID>5156</EventID>
    <Version>1</Version>
    <Level>0</Level>
    <Task>12810</Task>
    <Opcode>0</Opcode>
    <Keywords>0x8020000000000000</Keywords>
    <TimeCreated SystemTime="2024-05-14T13:17:05.2473665Z"/>
    <EventRecordID>15478668</EventRecordID>
    <Correlation/>
    <Execution ProcessID="4" ThreadID="104"/>
    <Channel>Security</Channel>
    <Computer>DC-BO-01.northstar-branch.local</Computer>
    
    <Security/>
    
  </System>
  
  <EventData>
    
    <Data Name="ProcessID">5484</Data>
    <Data Name="Application">\device\harddiskvolume1\windows\system32\lsass.exe</Data>
    <Data Name="Direction">%%14592</Data>
    <Data Name="SourceAddress">10.44.10.24</Data>
    <Data Name="SourcePort">62571</Data>
    <Data Name="DestAddress">10.44.20.10</Data>
    <Data Name="DestPort">88</Data>
    <Data Name="Protocol">6</Data>
    <Data Name="FilterRTID">28797</Data>
    <Data Name="LayerName">%%14611</Data>
    <Data Name="LayerRTID">48</Data>
    <Data Name="RemoteUserID">S-1-0-0</Data>
    <Data Name="RemoteMachineID">S-1-0-0</Data>
    
  </EventData>
  
</Event>
<Event xmlns="http://schemas.microsoft.com/win/2004/08/events/event">
  <System>
    
    <Provider Name="Microsoft-Windows-Security-Auditing" Guid="{54849625-5478-4994-a5ba-3e3b0328c30d}"/>
    
    <EventID>4768</EventID>
    <Version>0</Version>
    <Level>0</Level>
    <Task>14339</Task>
    <Opcode>0</Opcode>
    <Keywords>0x8020000000000000</Keywords>
    <TimeCreated SystemTime="2024-05-14T13:17:06.2267576Z"/>
    <EventRecordID>15478675</EventRecordID>
    <Correlation/>
    <Execution ProcessID="600" ThreadID="212"/>
    <Channel>Security</Channel>
    <Computer>DC-BO-01.northstar-branch.local</Computer>
    
    <Security/>
    
  </System>
  
  <EventData>
    
    <Data Name="TargetUserName">FILE-BO-01$</Data>
    <Data Name="TargetDomainName">NORTHSTAR-BRANCH.LOCAL</Data>
    <Data Name="TargetSid">S-1-5-21-3882363548-2838386070-1334550370-1012</Data>
    <Data Name="ServiceName">krbtgt</Data>
    <Data Name="ServiceSid">S-1-5-21-3882363548-2838386070-1334550370-502</Data>
    <Data Name="TicketOptions">0x40810000</Data>
    <Data Name="Status">0x0</Data>
    <Data Name="TicketEncryptionType">0x11</Data>
    <Data Name="PreAuthType">2</Data>
    <Data Name="IpAddress">::ffff:10.44.20.20</Data>
    <Data Name="IpPort">52388</Data>
    <Data Name="CertIssuerName"></Data>
    <Data Name="CertSerialNumber"></Data>
    <Data Name="CertThumbprint"></Data>
    
  </EventData>
  
</Event>
<Event xmlns="http://schemas.microsoft.com/win/2004/08/events/event">
  <System>
    
    <Provider Name="Microsoft-Windows-Security-Auditing" Guid="{54849625-5478-4994-a5ba-3e3b0328c30d}"/>
    
    <EventID>4769</EventID>
    <Version>0</Version>
    <Level>0</Level>
    <Task>14337</Task>
    <Opcode>0</Opcode>
    <Keywords>0x8020000000000000</Keywords>
    <TimeCreated SystemTime="2024-05-14T13:17:06.2659148Z"/>
    <EventRecordID>15478676</EventRecordID>
    <Correlation/>
    <Execution ProcessID="600" ThreadID="256"/>
    <Channel>Security</Channel>
    <Computer>DC-BO-01.northstar-branch.local</Computer>
    
    <Security/>
    
  </System>
  
  <EventData>
    
    <Data Name="TargetUserName">FILE-BO-01$@NORTHSTAR-BRANCH.LOCAL</Data>
    <Data Name="TargetDomainName">NORTHSTAR-BRANCH.LOCAL</Data>
    <Data Name="ServiceName">cifs/DC-BO-01</Data>
    <Data Name="ServiceSid">S-1-5-21-3882363548-2838386070-1334550370-1011</Data>
    <Data Name="TicketOptions">0x40810000</Data>
    <Data Name="TicketEncryptionType">0x11</Data>
    <Data Name="IpAddress">::ffff:10.44.20.20</Data>
    <Data Name="IpPort">52388</Data>
    <Data Name="Status">0x0</Data>
    <Data Name="LogonGuid">{00000000-0000-0000-0000-000000000000}</Data>
    <Data Name="TransmittedServices">-</Data>
    
  </EventData>
  
</Event>
<Event xmlns="http://schemas.microsoft.com/win/2004/08/events/event">
  <System>
    
    <Provider Name="Microsoft-Windows-Security-Auditing" Guid="{54849625-5478-4994-a5ba-3e3b0328c30d}"/>
    
    <EventID>5156</EventID>
    <Version>1</Version>
    <Level>0</Level>
    <Task>12810</Task>
    <Opcode>0</Opcode>
    <Keywords>0x8020000000000000</Keywords>
    <TimeCreated SystemTime="2024-05-14T13:17:07.0683501Z"/>
    <EventRecordID>15479252</EventRecordID>
    <Correlation/>
    <Execution ProcessID="4" ThreadID="132"/>
    <Channel>Security</Channel>
    <Computer>DC-BO-01.northstar-branch.local</Computer>
    
    <Security/>
    
  </System>
  
  <EventData>
    
    <Data Name="ProcessID">5484</Data>
    <Data Name="Application">\device\harddiskvolume1\windows\system32\lsass.exe</Data>
    <Data Name="Direction">%%14592</Data>
    <Data Name="SourceAddress">10.44.20.20</Data>
    <Data Name="SourcePort">52388</Data>
    <Data Name="DestAddress">10.44.20.10</Data>
    <Data Name="DestPort">88</Data>
    <Data Name="Protocol">6</Data>
    <Data Name="FilterRTID">28797</Data>
    <Data Name="LayerName">%%14611</Data>
    <Data Name="LayerRTID">48</Data>
    <Data Name="RemoteUserID">S-1-0-0</Data>
    <Data Name="RemoteMachineID">S-1-0-0</Data>
    
  </EventData>
  
</Event>
<Event xmlns="http://schemas.microsoft.com/win/2004/08/events/event">
  <System>
    
    <Provider Name="Microsoft-Windows-Security-Auditing" Guid="{54849625-5478-4994-a5ba-3e3b0328c30d}"/>
    
    <EventID>4624</EventID>
    <Version>2</Version>
    <Level>0</Level>
    <Task>12544</Task>
    <Opcode>0</Opcode>
    <Keywords>0x8020000000000000</Keywords>
    <TimeCreated SystemTime="2024-05-14T13:17:19.3028589Z"/>
    <EventRecordID>15479258</EventRecordID>
    <Correlation/>
    <Execution ProcessID="5484" ThreadID="404"/>
    <Channel>Security</Channel>
    <Computer>DC-BO-01.northstar-branch.local</Computer>
    
    <Security/>
    
  </System>
  
  <EventData>
    
    <Data Name="SubjectUserSid">S-1-5-18</Data>
    <Data Name="SubjectUserName">SYSTEM</Data>
    <Data Name="SubjectDomainName">NT AUTHORITY</Data>
    <Data Name="SubjectLogonId">0x3e7</Data>
    <Data Name="TargetUserSid">S-1-5-18</Data>
    <Data Name="TargetUserName">SYSTEM</Data>
    <Data Name="TargetDomainName">NT AUTHORITY</Data>
    <Data Name="TargetLogonId">0x1562557b</Data>
    <Data Name="LogonType">5</Data>
    <Data Name="LogonGuid">{00000000-0000-0000-0000-000000000000}</Data>
    <Data Name="LogonProcessName">Advapi</Data>
    <Data Name="AuthenticationPackageName">Negotiate</Data>
    <Data Name="WorkstationName">DC-BO-01</Data>
    <Data Name="TransmittedServices">-</Data>
    <Data Name="LmPackageName">-</Data>
    <Data Name="KeyLength">0</Data>
    <Data Name="ProcessId">0x155c</Data>
    <Data Name="ProcessName">C:\Windows\System32\services.exe</Data>
    <Data Name="IpAddress">-</Data>
    <Data Name="IpPort">-</Data>
    <Data Name="ImpersonationLevel">%%1833</Data>
    <Data Name="RestrictedAdminMode">-</Data>
    <Data Name="TargetOutboundUserName">-</Data>
    <Data Name="TargetOutboundDomainName">-</Data>
    <Data Name="VirtualAccount">%%1843</Data>
    <Data Name="ElevatedToken">%%1842</Data>
    <Data Name="TargetLinkedLogonId">0x0</Data>
    
  </EventData>
  
</Event>
<Event xmlns="http://schemas.microsoft.com/win/2004/08/events/event">
  <System>
    
    <Provider Name="Microsoft-Windows-Security-Auditing" Guid="{54849625-5478-4994-a5ba-3e3b0328c30d}"/>
    
    <EventID>4672</EventID>
    <Version>0</Version>
    <Level>0</Level>
    <Task>12548</Task>
    <Opcode>0</Opcode>
    <Keywords>0x8020000000000000</Keywords>
    <TimeCreated SystemTime="2024-05-14T13:17:19.3029916Z"/>
    <EventRecordID>15479259</EventRecordID>
    <Correlation/>
    <Execution ProcessID="5484" ThreadID="368"/>
    <Channel>Security</Channel>
    <Computer>DC-BO-01.northstar-branch.local</Computer>
    
    <Security/>
    
  </System>
  
  <EventData>
    
    <Data Name="SubjectUserSid">S-1-5-18</Data>
    <Data Name="SubjectUserName">SYSTEM</Data>
    <Data Name="SubjectDomainName">NT AUTHORITY</Data>
    <Data Name="SubjectLogonId">0x1562557b</Data>
    <Data Name="PrivilegeList">SeTcbPrivilege
			SeSecurityPrivilege
			SeTakeOwnershipPrivilege
			SeLoadDriverPrivilege
			SeBackupPrivilege
			SeRestorePrivilege
			SeDebugPrivilege
			SeAuditPrivilege
			SeSystemEnvironmentPrivilege
			SeImpersonatePrivilege
			SeDelegateSessionUserImpersonatePrivilege</Data>
    
  </EventData>
  
</Event>
<Event xmlns="http://schemas.microsoft.com/win/2004/08/events/event">
  <System>
    
    <Provider Name="Microsoft-Windows-Security-Auditing" Guid="{54849625-5478-4994-a5ba-3e3b0328c30d}"/>
    
    <EventID>4768</EventID>
    <Version>0</Version>
    <Level>0</Level>
    <Task>14339</Task>
    <Opcode>0</Opcode>
    <Keywords>0x8020000000000000</Keywords>
    <TimeCreated SystemTime="2024-05-14T13:17:21.2716794Z"/>
    <EventRecordID>15479260</EventRecordID>
    <Correlation/>
    <Execution ProcessID="600" ThreadID="272"/>
    <Channel>Security</Channel>
    <Computer>DC-BO-01.northstar-branch.local</Computer>
    
    <Security/>
    
  </System>
  
  <EventData>
    
    <Data Name="TargetUserName">WS-LMORRIS-01$</Data>
    <Data Name="TargetDomainName">NORTHSTAR-BRANCH.LOCAL</Data>
    <Data Name="TargetSid">S-1-5-21-3882363548-2838386070-1334550370-1008</Data>
    <Data Name="ServiceName">krbtgt</Data>
    <Data Name="ServiceSid">S-1-5-21-3882363548-2838386070-1334550370-502</Data>
    <Data Name="TicketOptions">0x40810010</Data>
    <Data Name="Status">0x0</Data>
    <Data Name="TicketEncryptionType">0x11</Data>
    <Data Name="PreAuthType">2</Data>
    <Data Name="IpAddress">::ffff:10.44.10.23</Data>
    <Data Name="IpPort">58611</Data>
    <Data Name="CertIssuerName"></Data>
    <Data Name="CertSerialNumber"></Data>
    <Data Name="CertThumbprint"></Data>
    
  </EventData>
  
</Event>
<Event xmlns="http://schemas.microsoft.com/win/2004/08/events/event">
  <System>
    
    <Provider Name="Microsoft-Windows-Security-Auditing" Guid="{54849625-5478-4994-a5ba-3e3b0328c30d}"/>
    
    <EventID>5156</EventID>
    <Version>1</Version>
    <Level>0</Level>
    <Task>12810</Task>
    <Opcode>0</Opcode>
    <Keywords>0x8020000000000000</Keywords>
    <TimeCreated SystemTime="2024-05-14T13:17:21.5315523Z"/>
    <EventRecordID>15479261</EventRecordID>
    <Correlation/>
    <Execution ProcessID="4" ThreadID="132"/>
    <Channel>Security</Channel>
    <Computer>DC-BO-01.northstar-branch.local</Computer>
    
    <Security/>
    
  </System>
  
  <EventData>
    
    <Data Name="ProcessID">5484</Data>
    <Data Name="Application">\device\harddiskvolume1\windows\system32\lsass.exe</Data>
    <Data Name="Direction">%%14592</Data>
    <Data Name="SourceAddress">10.44.10.23</Data>
    <Data Name="SourcePort">58611</Data>
    <Data Name="DestAddress">10.44.20.10</Data>
    <Data Name="DestPort">88</Data>
    <Data Name="Protocol">17</Data>
    <Data Name="FilterRTID">28796</Data>
    <Data Name="LayerName">%%14611</Data>
    <Data Name="LayerRTID">48</Data>
    <Data Name="RemoteUserID">S-1-0-0</Data>
    <Data Name="RemoteMachineID">S-1-0-0</Data>
    
  </EventData>
  
</Event>
<Event xmlns="http://schemas.microsoft.com/win/2004/08/events/event">
  <System>
    
    <Provider Name="Microsoft-Windows-Security-Auditing" Guid="{54849625-5478-4994-a5ba-3e3b0328c30d}"/>
    
    <EventID>4634</EventID>
    <Version>0</Version>
    <Level>0</Level>
    <Task>12545</Task>
    <Opcode>0</Opcode>
    <Keywords>0x8020000000000000</Keywords>
    <TimeCreated SystemTime="2024-05-14T13:17:27.4637968Z"/>
    <EventRecordID>15479265</EventRecordID>
    <Correlation/>
    <Execution ProcessID="600" ThreadID="212"/>
    <Channel>Security</Channel>
    <Computer>DC-BO-01.northstar-branch.local</Computer>
    
    <Security/>
    
  </System>
  
  <EventData>
    
    <Data Name="TargetUserSid">S-1-5-21-3882363548-2838386070-1334550370-1009</Data>
    <Data Name="TargetUserName">WS-NKAPOOR-01$</Data>
    <Data Name="TargetDomainName">NORTHSTAR-BRANCH</Data>
    <Data Name="TargetLogonId">0x15624f47</Data>
    <Data Name="LogonType">3</Data>
    
  </EventData>
  
</Event>
<Event xmlns="http://schemas.microsoft.com/win/2004/08/events/event">
  <System>
    
    <Provider Name="Microsoft-Windows-Security-Auditing" Guid="{54849625-5478-4994-a5ba-3e3b0328c30d}"/>
    
    <EventID>4624</EventID>
    <Version>2</Version>
    <Level>0</Level>
    <Task>12544</Task>
    <Opcode>0</Opcode>
    <Keywords>0x8020000000000000</Keywords>
    <TimeCreated SystemTime="2024-05-14T13:17:49.4343534Z"/>
    <EventRecordID>15479274</EventRecordID>
    <Correlation/>
    <Execution ProcessID="5484" ThreadID="356"/>
    <Channel>Security</Channel>
    <Computer>DC-BO-01.northstar-branch.local</Computer>
    
    <Security/>
    
  </System>
  
  <EventData>
    
    <Data Name="SubjectUserSid">S-1-5-18</Data>
    <Data Name="SubjectUserName">SYSTEM</Data>
    <Data Name="SubjectDomainName">NT AUTHORITY</Data>
    <Data Name="SubjectLogonId">0x3e7</Data>
    <Data Name="TargetUserSid">S-1-5-19</Data>
    <Data Name="TargetUserName">LOCAL SERVICE</Data>
    <Data Name="TargetDomainName">NT AUTHORITY</Data>
    <Data Name="TargetLogonId">0x156262c0</Data>
    <Data Name="LogonType">5</Data>
    <Data Name="LogonGuid">{00000000-0000-0000-0000-000000000000}</Data>
    <Data Name="LogonProcessName">Advapi</Data>
    <Data Name="AuthenticationPackageName">Negotiate</Data>
    <Data Name="WorkstationName">DC-BO-01</Data>
    <Data Name="TransmittedServices">-</Data>
    <Data Name="LmPackageName">-</Data>
    <Data Name="KeyLength">0</Data>
    <Data Name="ProcessId">0x155c</Data>
    <Data Name="ProcessName">C:\Windows\System32\services.exe</Data>
    <Data Name="IpAddress">-</Data>
    <Data Name="IpPort">-</Data>
    <Data Name="ImpersonationLevel">%%1833</Data>
    <Data Name="RestrictedAdminMode">-</Data>
    <Data Name="TargetOutboundUserName">-</Data>
    <Data Name="TargetOutboundDomainName">-</Data>
    <Data Name="VirtualAccount">%%1843</Data>
    <Data Name="ElevatedToken">%%1842</Data>
    <Data Name="TargetLinkedLogonId">0x0</Data>
    
  </EventData>
  
</Event>
<Event xmlns="http://schemas.microsoft.com/win/2004/08/events/event">
  <System>
    
    <Provider Name="Microsoft-Windows-Security-Auditing" Guid="{54849625-5478-4994-a5ba-3e3b0328c30d}"/>
    
    <EventID>4672</EventID>
    <Version>0</Version>
    <Level>0</Level>
    <Task>12548</Task>
    <Opcode>0</Opcode>
    <Keywords>0x8020000000000000</Keywords>
    <TimeCreated SystemTime="2024-05-14T13:17:49.4345918Z"/>
    <EventRecordID>15479275</EventRecordID>
    <Correlation/>
    <Execution ProcessID="5484" ThreadID="104"/>
    <Channel>Security</Channel>
    <Computer>DC-BO-01.northstar-branch.local</Computer>
    
    <Security/>
    
  </System>
  
  <EventData>
    
    <Data Name="SubjectUserSid">S-1-5-19</Data>
    <Data Name="SubjectUserName">LOCAL SERVICE</Data>
    <Data Name="SubjectDomainName">NT AUTHORITY</Data>
    <Data Name="SubjectLogonId">0x156262c0</Data>
    <Data Name="PrivilegeList">SeAssignPrimaryTokenPrivilege
			SeAuditPrivilege
			SeImpersonatePrivilege
			SeChangeNotifyPrivilege</Data>
    
  </EventData>
  
</Event>
<Event xmlns="http://schemas.microsoft.com/win/2004/08/events/event">
  <System>
    
    <Provider Name="Microsoft-Windows-Security-Auditing" Guid="{54849625-5478-4994-a5ba-3e3b0328c30d}"/>
    
    <EventID>4768</EventID>
    <Version>0</Version>
    <Level>0</Level>
    <Task>14339</Task>
    <Opcode>0</Opcode>
    <Keywords>0x8020000000000000</Keywords>
    <TimeCreated SystemTime="2024-05-14T13:17:56.8157852Z"/>
    <EventRecordID>15479296</EventRecordID>
    <Correlation/>
    <Execution ProcessID="600" ThreadID="304"/>
    <Channel>Security</Channel>
    <Computer>DC-BO-01.northstar-branch.local</Computer>
    
    <Security/>
    
  </System>
  
  <EventData>
    
    <Data Name="TargetUserName">WS-LMORRIS-01$</Data>
    <Data Name="TargetDomainName">NORTHSTAR-BRANCH.LOCAL</Data>
    <Data Name="TargetSid">S-1-5-21-3882363548-2838386070-1334550370-1008</Data>
    <Data Name="ServiceName">krbtgt</Data>
    <Data Name="ServiceSid">S-1-5-21-3882363548-2838386070-1334550370-502</Data>
    <Data Name="TicketOptions">0x40810010</Data>
    <Data Name="Status">0x0</Data>
    <Data Name="TicketEncryptionType">0x12</Data>
    <Data Name="PreAuthType">2</Data>
    <Data Name="IpAddress">::ffff:10.44.10.23</Data>
    <Data Name="IpPort">52539</Data>
    <Data Name="CertIssuerName"></Data>
    <Data Name="CertSerialNumber"></Data>
    <Data Name="CertThumbprint"></Data>
    
  </EventData>
  
</Event>
<Event xmlns="http://schemas.microsoft.com/win/2004/08/events/event">
  <System>
    
    <Provider Name="Microsoft-Windows-Security-Auditing" Guid="{54849625-5478-4994-a5ba-3e3b0328c30d}"/>
    
    <EventID>4769</EventID>
    <Version>0</Version>
    <Level>0</Level>
    <Task>14337</Task>
    <Opcode>0</Opcode>
    <Keywords>0x8020000000000000</Keywords>
    <TimeCreated SystemTime="2024-05-14T13:17:56.9753406Z"/>
    <EventRecordID>15479297</EventRecordID>
    <Correlation/>
    <Execution ProcessID="600" ThreadID="308"/>
    <Channel>Security</Channel>
    <Computer>DC-BO-01.northstar-branch.local</Computer>
    
    <Security/>
    
  </System>
  
  <EventData>
    
    <Data Name="TargetUserName">WS-LMORRIS-01$@NORTHSTAR-BRANCH.LOCAL</Data>
    <Data Name="TargetDomainName">NORTHSTAR-BRANCH.LOCAL</Data>
    <Data Name="ServiceName">host/DC-BO-01</Data>
    <Data Name="ServiceSid">S-1-5-21-3882363548-2838386070-1334550370-1011</Data>
    <Data Name="TicketOptions">0x40810000</Data>
    <Data Name="TicketEncryptionType">0x12</Data>
    <Data Name="IpAddress">::ffff:10.44.10.23</Data>
    <Data Name="IpPort">52539</Data>
    <Data Name="Status">0x0</Data>
    <Data Name="LogonGuid">{00000000-0000-0000-0000-000000000000}</Data>
    <Data Name="TransmittedServices">-</Data>
    
  </EventData>
  
</Event>
<Event xmlns="http://schemas.microsoft.com/win/2004/08/events/event">
  <System>
    
    <Provider Name="Microsoft-Windows-Security-Auditing" Guid="{54849625-5478-4994-a5ba-3e3b0328c30d}"/>
    
    <EventID>4624</EventID>
    <Version>2</Version>
    <Level>0</Level>
    <Task>12544</Task>
    <Opcode>0</Opcode>
    <Keywords>0x8020000000000000</Keywords>
    <TimeCreated SystemTime="2024-05-14T13:17:56.9944313Z"/>
    <EventRecordID>15479298</EventRecordID>
    <Correlation/>
    <Execution ProcessID="600" ThreadID="312"/>
    <Channel>Security</Channel>
    <Computer>DC-BO-01.northstar-branch.local</Computer>
    
    <Security/>
    
  </System>
  
  <EventData>
    
    <Data Name="SubjectUserSid">S-1-5-18</Data>
    <Data Name="SubjectUserName">SYSTEM</Data>
    <Data Name="SubjectDomainName">NT AUTHORITY</Data>
    <Data Name="SubjectLogonId">0x3e7</Data>
    <Data Name="TargetUserSid">S-1-5-21-3882363548-2838386070-1334550370-1008</Data>
    <Data Name="TargetUserName">WS-LMORRIS-01$</Data>
    <Data Name="TargetDomainName">NORTHSTAR-BRANCH</Data>
    <Data Name="TargetLogonId">0x156265f1</Data>
    <Data Name="LogonType">3</Data>
    <Data Name="LogonGuid">{00000000-0000-0000-0000-000000000000}</Data>
    <Data Name="LogonProcessName">Kerberos</Data>
    <Data Name="AuthenticationPackageName">Kerberos</Data>
    <Data Name="WorkstationName">WS-LMORRIS-01</Data>
    <Data Name="TransmittedServices">-</Data>
    <Data Name="LmPackageName">-</Data>
    <Data Name="KeyLength">0</Data>
    <Data Name="ProcessId">0x0</Data>
    <Data Name="ProcessName">-</Data>
    <Data Name="IpAddress">::ffff:10.44.10.23</Data>
    <Data Name="IpPort">52539</Data>
    <Data Name="ImpersonationLevel">%%1833</Data>
    <Data Name="RestrictedAdminMode">-</Data>
    <Data Name="TargetOutboundUserName">-</Data>
    <Data Name="TargetOutboundDomainName">-</Data>
    <Data Name="VirtualAccount">%%1843</Data>
    <Data Name="ElevatedToken">%%1842</Data>
    <Data Name="TargetLinkedLogonId">0x0</Data>
    
  </EventData>
  
</Event>
<Event xmlns="http://schemas.microsoft.com/win/2004/08/events/event">
  <System>
    
    <Provider Name="Microsoft-Windows-Security-Auditing" Guid="{54849625-5478-4994-a5ba-3e3b0328c30d}"/>
    
    <EventID>5156</EventID>
    <Version>1</Version>
    <Level>0</Level>
    <Task>12810</Task>
    <Opcode>0</Opcode>
    <Keywords>0x8020000000000000</Keywords>
    <TimeCreated SystemTime="2024-05-14T13:17:57.2886564Z"/>
    <EventRecordID>15479299</EventRecordID>
    <Correlation/>
    <Execution ProcessID="4" ThreadID="124"/>
    <Channel>Security</Channel>
    <Computer>DC-BO-01.northstar-branch.local</Computer>
    
    <Security/>
    
  </System>
  
  <EventData>
    
    <Data Name="ProcessID">5484</Data>
    <Data Name="Application">\device\harddiskvolume1\windows\system32\lsass.exe</Data>
    <Data Name="Direction">%%14592</Data>
    <Data Name="SourceAddress">10.44.10.23</Data>
    <Data Name="SourcePort">52539</Data>
    <Data Name="DestAddress">10.44.20.10</Data>
    <Data Name="DestPort">88</Data>
    <Data Name="Protocol">6</Data>
    <Data Name="FilterRTID">28797</Data>
    <Data Name="LayerName">%%14611</Data>
    <Data Name="LayerRTID">48</Data>
    <Data Name="RemoteUserID">S-1-0-0</Data>
    <Data Name="RemoteMachineID">S-1-0-0</Data>
    
  </EventData>
  
</Event>
<Event xmlns="http://schemas.microsoft.com/win/2004/08/events/event">
  <System>
    
    <Provider Name="Microsoft-Windows-Security-Auditing" Guid="{54849625-5478-4994-a5ba-3e3b0328c30d}"/>
    
    <EventID>4769</EventID>
    <Version>0</Version>
    <Level>0</Level>
    <Task>14337</Task>
    <Opcode>0</Opcode>
    <Keywords>0x8020000000000000</Keywords>
    <TimeCreated SystemTime="2024-05-14T13:18:02.3176226Z"/>
    <EventRecordID>15479302</EventRecordID>
    <Correlation/>
    <Execution ProcessID="600" ThreadID="456"/>
    <Channel>Security</Channel>
    <Computer>DC-BO-01.northstar-branch.local</Computer>
    
    <Security/>
    
  </System>
  
  <EventData>
    
    <Data Name="TargetUserName">WS-MPATEL-01$@NORTHSTAR-BRANCH.LOCAL</Data>
    <Data Name="TargetDomainName">NORTHSTAR-BRANCH.LOCAL</Data>
    <Data Name="ServiceName">cifs/FILE-BO-01</Data>
    <Data Name="ServiceSid">S-1-5-21-3882363548-2838386070-1334550370-1012</Data>
    <Data Name="TicketOptions">0x40810000</Data>
    <Data Name="TicketEncryptionType">0x12</Data>
    <Data Name="IpAddress">::ffff:10.44.10.21</Data>
    <Data Name="IpPort">51453</Data>
    <Data Name="Status">0x0</Data>
    <Data Name="LogonGuid">{00000000-0000-0000-0000-000000000000}</Data>
    <Data Name="TransmittedServices">-</Data>
    
  </EventData>
  
</Event>
<Event xmlns="http://schemas.microsoft.com/win/2004/08/events/event">
  <System>
    
    <Provider Name="Microsoft-Windows-Security-Auditing" Guid="{54849625-5478-4994-a5ba-3e3b0328c30d}"/>
    
    <EventID>5156</EventID>
    <Version>1</Version>
    <Level>0</Level>
    <Task>12810</Task>
    <Opcode>0</Opcode>
    <Keywords>0x8020000000000000</Keywords>
    <TimeCreated SystemTime="2024-05-14T13:18:03.0741207Z"/>
    <EventRecordID>15479310</EventRecordID>
    <Correlation/>
    <Execution ProcessID="4" ThreadID="136"/>
    <Channel>Security</Channel>
    <Computer>DC-BO-01.northstar-branch.local</Computer>
    
    <Security/>
    
  </System>
  
  <EventData>
    
    <Data Name="ProcessID">5484</Data>
    <Data Name="Application">\device\harddiskvolume1\windows\system32\lsass.exe</Data>
    <Data Name="Direction">%%14592</Data>
    <Data Name="SourceAddress">10.44.10.21</Data>
    <Data Name="SourcePort">51453</Data>
    <Data Name="DestAddress">10.44.20.10</Data>
    <Data Name="DestPort">88</Data>
    <Data Name="Protocol">17</Data>
    <Data Name="FilterRTID">28796</Data>
    <Data Name="LayerName">%%14611</Data>
    <Data Name="LayerRTID">48</Data>
    <Data Name="RemoteUserID">S-1-0-0</Data>
    <Data Name="RemoteMachineID">S-1-0-0</Data>
    
  </EventData>
  
</Event>
<Event xmlns="http://schemas.microsoft.com/win/2004/08/events/event">
  <System>
    
    <Provider Name="Microsoft-Windows-Security-Auditing" Guid="{54849625-5478-4994-a5ba-3e3b0328c30d}"/>
    
    <EventID>4634</EventID>
    <Version>0</Version>
    <Level>0</Level>
    <Task>12545</Task>
    <Opcode>0</Opcode>
    <Keywords>0x8020000000000000</Keywords>
    <TimeCreated SystemTime="2024-05-14T13:18:05.2620094Z"/>
    <EventRecordID>15479312</EventRecordID>
    <Correlation/>
    <Execution ProcessID="600" ThreadID="144"/>
    <Channel>Security</Channel>
    <Computer>DC-BO-01.northstar-branch.local</Computer>
    
    <Security/>
    
  </System>
  
  <EventData>
    
    <Data Name="TargetUserSid">S-1-5-21-3882363548-2838386070-1334550370-1008</Data>
    <Data Name="TargetUserName">WS-LMORRIS-01$</Data>
    <Data Name="TargetDomainName">NORTHSTAR-BRANCH</Data>
    <Data Name="TargetLogonId">0x156265f1</Data>
    <Data Name="LogonType">3</Data>
    
  </EventData>
  
</Event>
<Event xmlns="http://schemas.microsoft.com/win/2004/08/events/event">
  <System>
    
    <Provider Name="Microsoft-Windows-Security-Auditing" Guid="{54849625-5478-4994-a5ba-3e3b0328c30d}"/>
    
    <EventID>5156</EventID>
    <Version>1</Version>
    <Level>0</Level>
    <Task>12810</Task>
    <Opcode>0</Opcode>
    <Keywords>0x8020000000000000</Keywords>
    <TimeCreated SystemTime="2024-05-14T13:18:05.4780425Z"/>
    <EventRecordID>15479337</EventRecordID>
    <Correlation/>
    <Execution ProcessID="4" ThreadID="100"/>
    <Channel>Security</Channel>
    <Computer>DC-BO-01.northstar-branch.local</Computer>
    
    <Security/>
    
  </System>
  
  <EventData>
    
    <Data Name="ProcessID">5484</Data>
    <Data Name="Application">\device\harddiskvolume1\windows\system32\lsass.exe</Data>
    <Data Name="Direction">%%14592</Data>
    <Data Name="SourceAddress">10.44.20.30</Data>
    <Data Name="SourcePort">53882</Data>
    <Data Name="DestAddress">10.44.20.10</Data>
    <Data Name="DestPort">389</Data>
    <Data Name="Protocol">6</Data>
    <Data Name="FilterRTID">28811</Data>
    <Data Name="LayerName">%%14611</Data>
    <Data Name="LayerRTID">48</Data>
    <Data Name="RemoteUserID">S-1-0-0</Data>
    <Data Name="RemoteMachineID">S-1-0-0</Data>
    
  </EventData>
  
</Event>
