<Event xmlns="http://schemas.microsoft.com/win/2004/08/events/event">
  <System>
    <Provider Name="Microsoft-Windows-Sysmon" Guid="{5770385f-c22a-43e0-bf4c-06f5698ffbd9}"/>
    <EventID>1</EventID>
    <Version>5</Version>
    <Level>4</Level>
    <Task>1</Task>
    <Opcode>0</Opcode>
    <Keywords>0x8000000000000000</Keywords>
    <TimeCreated SystemTime="2024-05-14T12:44:58.8055823Z"/>
    <EventRecordID>4397156</EventRecordID>
    <Correlation/>
    <Execution ProcessID="2292" ThreadID="4432"/>
    <Channel>Microsoft-Windows-Sysmon/Operational</Channel>
    <Computer>DC-BO-01.northstar-branch.local</Computer>
    <Security UserID="S-1-5-18"/>
  </System>
  <EventData>
    
    <Data Name="RuleName">-</Data>
    <Data Name="UtcTime">2024-05-14 12:44:58.805</Data>
    <Data Name="ProcessGuid">{0f0dbc5d-5cca-6643-a900-0000bedb9836}</Data>
    <Data Name="ProcessId">6876</Data>
    <Data Name="Image">C:\Windows\System32\wbem\WmiPrvSE.exe</Data>
    <Data Name="FileVersion">10.0.20348.1</Data>
    <Data Name="Description">WMI Provider Host</Data>
    <Data Name="Product">Microsoft Windows Operating System</Data>
    <Data Name="Company">Microsoft Corporation</Data>
    <Data Name="OriginalFileName">WmiPrvSE.exe</Data>
    <Data Name="CommandLine">WmiPrvSE.exe -secured -Embedding</Data>
    <Data Name="CurrentDirectory">C:\Windows\System32\</Data>
    <Data Name="User">NT AUTHORITY\SYSTEM</Data>
    <Data Name="LogonGuid">{76a4ff70-6f70-436e-87cf-90c13b467ba0}</Data>
    <Data Name="LogonId">0x3e7</Data>
    <Data Name="TerminalSessionId">0</Data>
    <Data Name="IntegrityLevel">System</Data>
    <Data Name="Hashes">SHA1=A5E3AF2A96B47DDFB49DA94A8671FB987C1FE2BB,MD5=7D26B8B7840F97C88857B470C235D9FE,SHA256=1066389BE1D488A653647CC3A656AC18A6219B4DDAFF89A68A5F31BACF2E0B3F,IMPHASH=7315DF3EBAFC67944E00B47EC7B4744A</Data>
    <Data Name="ParentProcessGuid">{0f0dbc5d-16c8-661d-e500-0000c9aef746}</Data>
    <Data Name="ParentProcessId">5508</Data>
    <Data Name="ParentImage">C:\Windows\System32\svchost.exe</Data>
    <Data Name="ParentCommandLine">svchost.exe -k DcomLaunch</Data>
    
  </EventData>
</Event>
<Event xmlns="http://schemas.microsoft.com/win/2004/08/events/event">
  <System>
    <Provider Name="Microsoft-Windows-Sysmon" Guid="{5770385f-c22a-43e0-bf4c-06f5698ffbd9}"/>
    <EventID>7</EventID>
    <Version>3</Version>
    <Level>4</Level>
    <Task>7</Task>
    <Opcode>0</Opcode>
    <Keywords>0x8000000000000000</Keywords>
    <TimeCreated SystemTime="2024-05-14T12:46:16.9530172Z"/>
    <EventRecordID>4397163</EventRecordID>
    <Correlation/>
    <Execution ProcessID="2292" ThreadID="2696"/>
    <Channel>Microsoft-Windows-Sysmon/Operational</Channel>
    <Computer>DC-BO-01.northstar-branch.local</Computer>
    <Security UserID="S-1-5-18"/>
  </System>
  <EventData>
    
    <Data Name="RuleName">-</Data>
    <Data Name="UtcTime">2024-05-14 12:46:16.953</Data>
    <Data Name="ProcessGuid">{0f0dbc5d-5745-6643-bb02-00103ab505cf}</Data>
    <Data Name="ProcessId">7088</Data>
    <Data Name="Image">C:\Windows\System32\taskhostw.exe</Data>
    <Data Name="ImageLoaded">C:\ProgramData\Microsoft\Windows Defender\Platform\4.18.24010.12-0\MpClient.dll</Data>
    <Data Name="FileVersion">10.0.19041.1</Data>
    <Data Name="Description">MpClient.dll system library</Data>
    <Data Name="Product">Microsoft Windows Operating System</Data>
    <Data Name="Company">Microsoft Corporation</Data>
    <Data Name="OriginalFileName">MpClient.dll</Data>
    <Data Name="Hashes">SHA1=3F34D823B40651F9660F8B57D2824354FF4220E0,MD5=8689F539E596BB51AEEAADF7607F2034,SHA256=DBA307B16F14BE1067DBE6A70FD4D06CC6968C32728075BD45ED4C6CACD86DCF,IMPHASH=71182405ECAB499EBCC4F349C5A8EC79</Data>
    <Data Name="Signed">true</Data>
    <Data Name="Signature">Microsoft Corporation</Data>
    <Data Name="SignatureStatus">Valid</Data>
    
  </EventData>
</Event>
<Event xmlns="http://schemas.microsoft.com/win/2004/08/events/event">
  <System>
    <Provider Name="Microsoft-Windows-Sysmon" Guid="{5770385f-c22a-43e0-bf4c-06f5698ffbd9}"/>
    <EventID>13</EventID>
    <Version>2</Version>
    <Level>4</Level>
    <Task>13</Task>
    <Opcode>0</Opcode>
    <Keywords>0x8000000000000000</Keywords>
    <TimeCreated SystemTime="2024-05-14T12:46:18.1437686Z"/>
    <EventRecordID>4397164</EventRecordID>
    <Correlation/>
    <Execution ProcessID="2292" ThreadID="3544"/>
    <Channel>Microsoft-Windows-Sysmon/Operational</Channel>
    <Computer>DC-BO-01.northstar-branch.local</Computer>
    <Security UserID="S-1-5-18"/>
  </System>
  <EventData>
    
    <Data Name="RuleName">-</Data>
    <Data Name="EventType">SetValue</Data>
    <Data Name="UtcTime">2024-05-14 12:46:18.143</Data>
    <Data Name="ProcessGuid">{0f0dbc5d-16c5-661d-9200-001026a60bb6}</Data>
    <Data Name="ProcessId">5468</Data>
    <Data Name="Image">C:\Windows\System32\services.exe</Data>
    <Data Name="User">NT AUTHORITY\SYSTEM</Data>
    <Data Name="TargetObject">HKLM\SOFTWARE\Microsoft\Windows\CurrentVersion\Component Based Servicing\Packages\Microsoft-Windows-Client-Features~31bf3856ad364e35~amd64~~10.0.20348.49\CurrentState</Data>
    <Data Name="Details">DWORD (0x00000070)</Data>
    
  </EventData>
</Event>
<Event xmlns="http://schemas.microsoft.com/win/2004/08/events/event">
  <System>
    <Provider Name="Microsoft-Windows-Sysmon" Guid="{5770385f-c22a-43e0-bf4c-06f5698ffbd9}"/>
    <EventID>10</EventID>
    <Version>3</Version>
    <Level>4</Level>
    <Task>10</Task>
    <Opcode>0</Opcode>
    <Keywords>0x8000000000000000</Keywords>
    <TimeCreated SystemTime="2024-05-14T12:46:19.0708123Z"/>
    <EventRecordID>4397194</EventRecordID>
    <Correlation/>
    <Execution ProcessID="2292" ThreadID="4432"/>
    <Channel>Microsoft-Windows-Sysmon/Operational</Channel>
    <Computer>DC-BO-01.northstar-branch.local</Computer>
    <Security UserID="S-1-5-18"/>
  </System>
  <EventData>
    
    <Data Name="RuleName">-</Data>
    <Data Name="UtcTime">2024-05-14 12:46:19.070</Data>
    <Data Name="SourceProcessGUID">{0f0dbc5d-16c2-661d-1a02-00001f39ff87}</Data>
    <Data Name="SourceProcessId">5364</Data>
    <Data Name="SourceImage">C:\Windows\System32\csrss.exe</Data>
    <Data Name="SourceThreadId">6364</Data>
    <Data Name="SourceUser">NT AUTHORITY\SYSTEM</Data>
    <Data Name="TargetProcessGUID">{0f0dbc5d-16e5-661d-0402-0000f1b8ecc0}</Data>
    <Data Name="TargetProcessId">5744</Data>
    <Data Name="TargetImage">C:\Windows\System32\winlogon.exe</Data>
    <Data Name="TargetUser">NT AUTHORITY\SYSTEM</Data>
    <Data Name="GrantedAccess">0x1400</Data>
    <Data Name="CallTrace">C:\Windows\SYSTEM32\ntdll.dll+9D5E8|C:\Windows\SYSTEM32\KERNELBASE.dll+2E1D8</Data>
    
  </EventData>
</Event>
<Event xmlns="http://schemas.microsoft.com/win/2004/08/events/event">
  <System>
    <Provider Name="Microsoft-Windows-Sysmon" Guid="{5770385f-c22a-43e0-bf4c-06f5698ffbd9}"/>
    <EventID>1</EventID>
    <Version>5</Version>
    <Level>4</Level>
    <Task>1</Task>
    <Opcode>0</Opcode>
    <Keywords>0x8000000000000000</Keywords>
    <TimeCreated SystemTime="2024-05-14T12:46:34.0415690Z"/>
    <EventRecordID>4397197</EventRecordID>
    <Correlation/>
    <Execution ProcessID="2292" ThreadID="3544"/>
    <Channel>Microsoft-Windows-Sysmon/Operational</Channel>
    <Computer>DC-BO-01.northstar-branch.local</Computer>
    <Security UserID="S-1-5-18"/>
  </System>
  <EventData>
    
    <Data Name="RuleName">-</Data>
    <Data Name="UtcTime">2024-05-14 12:46:34.041</Data>
    <Data Name="ProcessGuid">{0f0dbc5d-5d2a-6643-0a00-0000e92f5acc}</Data>
    <Data Name="ProcessId">7012</Data>
    <Data Name="Image">C:\Windows\System32\wbem\WmiPrvSE.exe</Data>
    <Data Name="FileVersion">10.0.20348.1</Data>
    <Data Name="Description">WMI Provider Host</Data>
    <Data Name="Product">Microsoft Windows Operating System</Data>
    <Data Name="Company">Microsoft Corporation</Data>
    <Data Name="OriginalFileName">WmiPrvSE.exe</Data>
    <Data Name="CommandLine">WmiPrvSE.exe -secured -Embedding</Data>
    <Data Name="CurrentDirectory">C:\Windows\System32\</Data>
    <Data Name="User">NT AUTHORITY\SYSTEM</Data>
    <Data Name="LogonGuid">{76a4ff70-6f70-436e-87cf-90c13b467ba0}</Data>
    <Data Name="LogonId">0x3e7</Data>
    <Data Name="TerminalSessionId">0</Data>
    <Data Name="IntegrityLevel">System</Data>
    <Data Name="Hashes">SHA1=A5E3AF2A96B47DDFB49DA94A8671FB987C1FE2BB,MD5=7D26B8B7840F97C88857B470C235D9FE,SHA256=1066389BE1D488A653647CC3A656AC18A6219B4DDAFF89A68A5F31BACF2E0B3F,IMPHASH=7315DF3EBAFC67944E00B47EC7B4744A</Data>
    <Data Name="ParentProcessGuid">{0f0dbc5d-16c8-661d-e500-0000c9aef746}</Data>
    <Data Name="ParentProcessId">5508</Data>
    <Data Name="ParentImage">C:\Windows\System32\svchost.exe</Data>
    <Data Name="ParentCommandLine">svchost.exe -k DcomLaunch</Data>
    
  </EventData>
</Event>
<Event xmlns="http://schemas.microsoft.com/win/2004/08/events/event">
  <System>
    <Provider Name="Microsoft-Windows-Sysmon" Guid="{5770385f-c22a-43e0-bf4c-06f5698ffbd9}"/>
    <EventID>1</EventID>
    <Version>5</Version>
    <Level>4</Level>
    <Task>1</Task>
    <Opcode>0</Opcode>
    <Keywords>0x8000000000000000</Keywords>
    <TimeCreated SystemTime="2024-05-14T12:47:23.7222384Z"/>
    <EventRecordID>4397291</EventRecordID>
    <Correlation/>
    <Execution ProcessID="2292" ThreadID="2696"/>
    <Channel>Microsoft-Windows-Sysmon/Operational</Channel>
    <Computer>DC-BO-01.northstar-branch.local</Computer>
    <Security UserID="S-1-5-18"/>
  </System>
  <EventData>
    
    <Data Name="RuleName">-</Data>
    <Data Name="UtcTime">2024-05-14 12:47:23.722</Data>
    <Data Name="ProcessGuid">{0f0dbc5d-5d5b-6643-ce02-0010e6962522}</Data>
    <Data Name="ProcessId">7156</Data>
    <Data Name="Image">C:\Windows\System32\svchost.exe</Data>
    <Data Name="FileVersion">10.0.20348.1</Data>
    <Data Name="Description">Host Process for Windows Services</Data>
    <Data Name="Product">Microsoft Windows Operating System</Data>
    <Data Name="Company">Microsoft Corporation</Data>
    <Data Name="OriginalFileName">svchost.exe</Data>
    <Data Name="CommandLine">svchost.exe -k netsvcs -p -s Schedule</Data>
    <Data Name="CurrentDirectory">C:\Windows\System32\</Data>
    <Data Name="User">NT AUTHORITY\SYSTEM</Data>
    <Data Name="LogonGuid">{76a4ff70-6f70-436e-87cf-90c13b467ba0}</Data>
    <Data Name="LogonId">0x3e7</Data>
    <Data Name="TerminalSessionId">0</Data>
    <Data Name="IntegrityLevel">System</Data>
    <Data Name="Hashes">SHA1=5CE448FA905EE08A22B960503A5E06876992E092,MD5=A417C300E2BB7D055C6DFD9E80D04ED8,SHA256=7DA8E1E1E69684B8341E442E8629C6746359808E7B8E9A51BE070AD7866B2CB2,IMPHASH=F9EBF344F0DAE6163C276DAF3CFFA3D3</Data>
    <Data Name="ParentProcessGuid">{0f0dbc5d-16c5-661d-9200-001026a60bb6}</Data>
    <Data Name="ParentProcessId">5468</Data>
    <Data Name="ParentImage">C:\Windows\System32\services.exe</Data>
    <Data Name="ParentCommandLine">services.exe</Data>
    
  </EventData>
</Event>
<Event xmlns="http://schemas.microsoft.com/win/2004/08/events/event">
  <System>
    <Provider Name="Microsoft-Windows-Sysmon" Guid="{5770385f-c22a-43e0-bf4c-06f5698ffbd9}"/>
    <EventID>10</EventID>
    <Version>3</Version>
    <Level>4</Level>
    <Task>10</Task>
    <Opcode>0</Opcode>
    <Keywords>0x8000000000000000</Keywords>
    <TimeCreated SystemTime="2024-05-14T12:48:37.0782604Z"/>
    <EventRecordID>4397298</EventRecordID>
    <Correlation/>
    <Execution ProcessID="2292" ThreadID="4536"/>
    <Channel>Microsoft-Windows-Sysmon/Operational</Channel>
    <Computer>DC-BO-01.northstar-branch.local</Computer>
    <Security UserID="S-1-5-18"/>
  </System>
  <EventData>
    
    <Data Name="RuleName">-</Data>
    <Data Name="UtcTime">2024-05-14 12:48:37.078</Data>
    <Data Name="SourceProcessGUID">{0f0dbc5d-16c2-661d-1a02-00001f39ff87}</Data>
    <Data Name="SourceProcessId">5364</Data>
    <Data Name="SourceImage">C:\Windows\System32\csrss.exe</Data>
    <Data Name="SourceThreadId">5920</Data>
    <Data Name="SourceUser">NT AUTHORITY\SYSTEM</Data>
    <Data Name="TargetProcessGUID">{0f0dbc5d-16e5-661d-0402-0000f1b8ecc0}</Data>
    <Data Name="TargetProcessId">5744</Data>
    <Data Name="TargetImage">C:\Windows\System32\winlogon.exe</Data>
    <Data Name="TargetUser">NT AUTHORITY\SYSTEM</Data>
    <Data Name="GrantedAccess">0x0400</Data>
    <Data Name="CallTrace">C:\Windows\SYSTEM32\ntdll.dll+9C45C|C:\Windows\SYSTEM32\KERNELBASE.dll+2DE40|C:\Windows\SYSTEM32\kernel32.dll+1CC1B</Data>
    
  </EventData>
</Event>
<Event xmlns="http://schemas.microsoft.com/win/2004/08/events/event">
  <System>
    <Provider Name="Microsoft-Windows-Sysmon" Guid="{5770385f-c22a-43e0-bf4c-06f5698ffbd9}"/>
    <EventID>5</EventID>
    <Version>3</Version>
    <Level>4</Level>
    <Task>5</Task>
    <Opcode>0</Opcode>
    <Keywords>0x8000000000000000</Keywords>
    <TimeCreated SystemTime="2024-05-14T12:49:04.3139700Z"/>
    <EventRecordID>4397301</EventRecordID>
    <Correlation/>
    <Execution ProcessID="2292" ThreadID="4536"/>
    <Channel>Microsoft-Windows-Sysmon/Operational</Channel>
    <Computer>DC-BO-01.northstar-branch.local</Computer>
    <Security UserID="S-1-5-18"/>
  </System>
  <EventData>
    
    <Data Name="RuleName">-</Data>
    <Data Name="UtcTime">2024-05-14 12:49:04.313</Data>
    <Data Name="ProcessGuid">{0f0dbc5d-5c96-6643-5c02-0010554bf1f3}</Data>
    <Data Name="ProcessId">6988</Data>
    <Data Name="Image">C:\Windows\System32\dllhost.exe</Data>
    <Data Name="User">NT AUTHORITY\SYSTEM</Data>
    
  </EventData>
</Event>
<Event xmlns="http://schemas.microsoft.com/win/2004/08/events/event">
  <System>
    <Provider Name="Microsoft-Windows-Sysmon" Guid="{5770385f-c22a-43e0-bf4c-06f5698ffbd9}"/>
    <EventID>22</EventID>
    <Version>5</Version>
    <Level>4</Level>
    <Task>22</Task>
    <Opcode>0</Opcode>
    <Keywords>0x8000000000000000</Keywords>
    <TimeCreated SystemTime="2024-05-14T12:49:14.0133648Z"/>
    <EventRecordID>4397330</EventRecordID>
    <Correlation/>
    <Execution ProcessID="2292" ThreadID="4432"/>
    <Channel>Microsoft-Windows-Sysmon/Operational</Channel>
    <Computer>DC-BO-01.northstar-branch.local</Computer>
    <Security UserID="S-1-5-18"/>
  </System>
  <EventData>
    
    <Data Name="RuleName">-</Data>
    <Data Name="UtcTime">2024-05-14 12:49:14.013</Data>
    <Data Name="ProcessGuid">{0f0dbc5d-16cd-661d-6b00-00109c9de648}</Data>
    <Data Name="ProcessId">5572</Data>
    <Data Name="QueryName">_ldap._tcp.dc._msdcs.northstar-branch.local</Data>
    <Data Name="QueryStatus">0</Data>
    <Data Name="QueryResults">0 100 389 DC-BO-01.northstar-branch.local;</Data>
    <Data Name="Image">C:\Windows\System32\svchost.exe</Data>
    <Data Name="User">NT AUTHORITY\LOCAL SERVICE</Data>
    
  </EventData>
</Event>
<Event xmlns="http://schemas.microsoft.com/win/2004/08/events/event">
  <System>
    <Provider Name="Microsoft-Windows-Sysmon" Guid="{5770385f-c22a-43e0-bf4c-06f5698ffbd9}"/>
    <EventID>22</EventID>
    <Version>5</Version>
    <Level>4</Level>
    <Task>22</Task>
    <Opcode>0</Opcode>
    <Keywords>0x8000000000000000</Keywords>
    <TimeCreated SystemTime="2024-05-14T12:49:14.1516053Z"/>
    <EventRecordID>4397331</EventRecordID>
    <Correlation/>
    <Execution ProcessID="2292" ThreadID="4432"/>
    <Channel>Microsoft-Windows-Sysmon/Operational</Channel>
    <Computer>DC-BO-01.northstar-branch.local</Computer>
    <Security UserID="S-1-5-18"/>
  </System>
  <EventData>
    
    <Data Name="RuleName">-</Data>
    <Data Name="UtcTime">2024-05-14 12:49:14.151</Data>
    <Data Name="ProcessGuid">{0f0dbc5d-16cd-661d-6b00-00109c9de648}</Data>
    <Data Name="ProcessId">5572</Data>
    <Data Name="QueryName">_kerberos._tcp.dc._msdcs.northstar-branch.local</Data>
    <Data Name="QueryStatus">0</Data>
    <Data Name="QueryResults">0 100 88 DC-BO-01.northstar-branch.local;</Data>
    <Data Name="Image">C:\Windows\System32\svchost.exe</Data>
    <Data Name="User">NT AUTHORITY\LOCAL SERVICE</Data>
    
  </EventData>
</Event>
<Event xmlns="http://schemas.microsoft.com/win/2004/08/events/event">
  <System>
    <Provider Name="Microsoft-Windows-Sysmon" Guid="{5770385f-c22a-43e0-bf4c-06f5698ffbd9}"/>
    <EventID>3</EventID>
    <Version>5</Version>
    <Level>4</Level>
    <Task>3</Task>
    <Opcode>0</Opcode>
    <Keywords>0x8000000000000000</Keywords>
    <TimeCreated SystemTime="2024-05-14T12:49:14.3373321Z"/>
    <EventRecordID>4397359</EventRecordID>
    <Correlation/>
    <Execution ProcessID="2292" ThreadID="4432"/>
    <Channel>Microsoft-Windows-Sysmon/Operational</Channel>
    <Computer>DC-BO-01.northstar-branch.local</Computer>
    <Security UserID="S-1-5-18"/>
  </System>
  <EventData>
    
    <Data Name="RuleName">-</Data>
    <Data Name="UtcTime">2024-05-14 12:49:14.337</Data>
    <Data Name="ProcessGuid">{0f0dbc5d-16cd-661d-6b00-00109c9de648}</Data>
    <Data Name="ProcessId">5572</Data>
    <Data Name="Image">C:\Windows\System32\svchost.exe</Data>
    <Data Name="User">NT AUTHORITY\LOCAL SERVICE</Data>
    <Data Name="Protocol">udp</Data>
    <Data Name="Initiated">true</Data>
    <Data Name="SourceIsIpv6">false</Data>
    <Data Name="SourceIp">10.44.20.10</Data>
    <Data Name="SourceHostname">DC-BO-01.northstar-branch.local</Data>
    <Data Name="SourcePort">50153</Data>
    <Data Name="SourcePortName">-</Data>
    <Data Name="DestinationIsIpv6">false</Data>
    <Data Name="DestinationIp">10.44.20.10</Data>
    <Data Name="DestinationHostname">DC-BO-01.northstar-branch.local</Data>
    <Data Name="DestinationPort">53</Data>
    <Data Name="DestinationPortName">domain</Data>
    
  </EventData>
</Event>
<Event xmlns="http://schemas.microsoft.com/win/2004/08/events/event">
  <System>
    <Provider Name="Microsoft-Windows-Sysmon" Guid="{5770385f-c22a-43e0-bf4c-06f5698ffbd9}"/>
    <EventID>3</EventID>
    <Version>5</Version>
    <Level>4</Level>
    <Task>3</Task>
    <Opcode>0</Opcode>
    <Keywords>0x8000000000000000</Keywords>
    <TimeCreated SystemTime="2024-05-14T12:49:14.4098928Z"/>
    <EventRecordID>4397360</EventRecordID>
    <Correlation/>
    <Execution ProcessID="2292" ThreadID="4432"/>
    <Channel>Microsoft-Windows-Sysmon/Operational</Channel>
    <Computer>DC-BO-01.northstar-branch.local</Computer>
    <Security UserID="S-1-5-18"/>
  </System>
  <EventData>
    
    <Data Name="RuleName">-</Data>
    <Data Name="UtcTime">2024-05-14 12:49:14.409</Data>
    <Data Name="ProcessGuid">{0f0dbc5d-16cd-661d-6b00-00109c9de648}</Data>
    <Data Name="ProcessId">5572</Data>
    <Data Name="Image">C:\Windows\System32\svchost.exe</Data>
    <Data Name="User">NT AUTHORITY\LOCAL SERVICE</Data>
    <Data Name="Protocol">udp</Data>
    <Data Name="Initiated">true</Data>
    <Data Name="SourceIsIpv6">false</Data>
    <Data Name="SourceIp">10.44.20.10</Data>
    <Data Name="SourceHostname">DC-BO-01.northstar-branch.local</Data>
    <Data Name="SourcePort">49514</Data>
    <Data Name="SourcePortName">-</Data>
    <Data Name="DestinationIsIpv6">false</Data>
    <Data Name="DestinationIp">10.44.20.10</Data>
    <Data Name="DestinationHostname">DC-BO-01.northstar-branch.local</Data>
    <Data Name="DestinationPort">53</Data>
    <Data Name="DestinationPortName">domain</Data>
    
  </EventData>
</Event>
<Event xmlns="http://schemas.microsoft.com/win/2004/08/events/event">
  <System>
    <Provider Name="Microsoft-Windows-Sysmon" Guid="{5770385f-c22a-43e0-bf4c-06f5698ffbd9}"/>
    <EventID>22</EventID>
    <Version>5</Version>
    <Level>4</Level>
    <Task>22</Task>
    <Opcode>0</Opcode>
    <Keywords>0x8000000000000000</Keywords>
    <TimeCreated SystemTime="2024-05-14T12:49:16.2544017Z"/>
    <EventRecordID>4397384</EventRecordID>
    <Correlation/>
    <Execution ProcessID="2292" ThreadID="2696"/>
    <Channel>Microsoft-Windows-Sysmon/Operational</Channel>
    <Computer>DC-BO-01.northstar-branch.local</Computer>
    <Security UserID="S-1-5-18"/>
  </System>
  <EventData>
    
    <Data Name="RuleName">-</Data>
    <Data Name="UtcTime">2024-05-14 12:49:16.254</Data>
    <Data Name="ProcessGuid">{0f0dbc5d-16cd-661d-6b00-00109c9de648}</Data>
    <Data Name="ProcessId">5572</Data>
    <Data Name="QueryName">FILE-BO-01.northstar-branch.local</Data>
    <Data Name="QueryStatus">0</Data>
    <Data Name="QueryResults">10.44.20.20;</Data>
    <Data Name="Image">C:\Windows\System32\svchost.exe</Data>
    <Data Name="User">NT AUTHORITY\LOCAL SERVICE</Data>
    
  </EventData>
</Event>
<Event xmlns="http://schemas.microsoft.com/win/2004/08/events/event">
  <System>
    <Provider Name="Microsoft-Windows-Sysmon" Guid="{5770385f-c22a-43e0-bf4c-06f5698ffbd9}"/>
    <EventID>1</EventID>
    <Version>5</Version>
    <Level>4</Level>
    <Task>1</Task>
    <Opcode>0</Opcode>
    <Keywords>0x8000000000000000</Keywords>
    <TimeCreated SystemTime="2024-05-14T12:51:15.6734460Z"/>
    <EventRecordID>4397394</EventRecordID>
    <Correlation/>
    <Execution ProcessID="2292" ThreadID="2696"/>
    <Channel>Microsoft-Windows-Sysmon/Operational</Channel>
    <Computer>DC-BO-01.northstar-branch.local</Computer>
    <Security UserID="S-1-5-18"/>
  </System>
  <EventData>
    
    <Data Name="RuleName">-</Data>
    <Data Name="UtcTime">2024-05-14 12:51:15.673</Data>
    <Data Name="ProcessGuid">{0f0dbc5d-5e43-6643-8d00-0000f2caa9f8}</Data>
    <Data Name="ProcessId">7168</Data>
    <Data Name="Image">C:\Windows\System32\MpCmdRun.exe</Data>
    <Data Name="FileVersion">4.18.2211.5</Data>
    <Data Name="Description">Microsoft Malware Protection Command Line Utility</Data>
    <Data Name="Product">Microsoft Antimalware</Data>
    <Data Name="Company">Microsoft Corporation</Data>
    <Data Name="OriginalFileName">MpCmdRun.exe</Data>
    <Data Name="CommandLine">MpCmdRun.exe -Scan -ScanType 1</Data>
    <Data Name="CurrentDirectory">C:\Windows\System32\</Data>
    <Data Name="User">NT AUTHORITY\SYSTEM</Data>
    <Data Name="LogonGuid">{76a4ff70-6f70-436e-87cf-90c13b467ba0}</Data>
    <Data Name="LogonId">0x3e7</Data>
    <Data Name="TerminalSessionId">0</Data>
    <Data Name="IntegrityLevel">System</Data>
    <Data Name="Hashes">SHA1=F4EF00F41048EBCC93DDDD07336499E959343F58,MD5=9B838F4924D64C5DD674FED40433F836,SHA256=6D1A306334F254CECFADAFE15CFDE5758AD680D93A4AF98E6FB2064776AF6334,IMPHASH=F8F14F62C527C382581D90DAA5F1D4C5</Data>
    <Data Name="ParentProcessGuid">{0f0dbc5d-16c5-661d-9200-001026a60bb6}</Data>
    <Data Name="ParentProcessId">5468</Data>
    <Data Name="ParentImage">C:\Windows\System32\services.exe</Data>
    <Data Name="ParentCommandLine">services.exe</Data>
    
  </EventData>
</Event>
<Event xmlns="http://schemas.microsoft.com/win/2004/08/events/event">
  <System>
    <Provider Name="Microsoft-Windows-Sysmon" Guid="{5770385f-c22a-43e0-bf4c-06f5698ffbd9}"/>
    <EventID>13</EventID>
    <Version>2</Version>
    <Level>4</Level>
    <Task>13</Task>
    <Opcode>0</Opcode>
    <Keywords>0x8000000000000000</Keywords>
    <TimeCreated SystemTime="2024-05-14T12:52:07.2875535Z"/>
    <EventRecordID>4397400</EventRecordID>
    <Correlation/>
    <Execution ProcessID="2292" ThreadID="4432"/>
    <Channel>Microsoft-Windows-Sysmon/Operational</Channel>
    <Computer>DC-BO-01.northstar-branch.local</Computer>
    <Security UserID="S-1-5-18"/>
  </System>
  <EventData>
    
    <Data Name="RuleName">-</Data>
    <Data Name="EventType">SetValue</Data>
    <Data Name="UtcTime">2024-05-14 12:52:07.287</Data>
    <Data Name="ProcessGuid">{0f0dbc5d-16d5-661d-fe02-001061d86cca}</Data>
    <Data Name="ProcessId">5652</Data>
    <Data Name="Image">C:\Windows\System32\svchost.exe</Data>
    <Data Name="User">NT AUTHORITY\SYSTEM</Data>
    <Data Name="TargetObject">HKLM\SOFTWARE\Microsoft\Windows\CurrentVersion\Component Based Servicing\Packages\Package_for_KB5034122~31bf3856ad364e35~amd64~~10.0.20348.70\CurrentState</Data>
    <Data Name="Details">DWORD (0x00000070)</Data>
    
  </EventData>
</Event>
<Event xmlns="http://schemas.microsoft.com/win/2004/08/events/event">
  <System>
    <Provider Name="Microsoft-Windows-Sysmon" Guid="{5770385f-c22a-43e0-bf4c-06f5698ffbd9}"/>
    <EventID>10</EventID>
    <Version>3</Version>
    <Level>4</Level>
    <Task>10</Task>
    <Opcode>0</Opcode>
    <Keywords>0x8000000000000000</Keywords>
    <TimeCreated SystemTime="2024-05-14T12:52:59.5762044Z"/>
    <EventRecordID>4397405</EventRecordID>
    <Correlation/>
    <Execution ProcessID="2292" ThreadID="4536"/>
    <Channel>Microsoft-Windows-Sysmon/Operational</Channel>
    <Computer>DC-BO-01.northstar-branch.local</Computer>
    <Security UserID="S-1-5-18"/>
  </System>
  <EventData>
    
    <Data Name="RuleName">-</Data>
    <Data Name="UtcTime">2024-05-14 12:52:59.576</Data>
    <Data Name="SourceProcessGUID">{0f0dbc5d-16d7-661d-4a00-0010672b4d73}</Data>
    <Data Name="SourceProcessId">5660</Data>
    <Data Name="SourceImage">C:\ProgramData\Microsoft\Windows Defender\Platform\4.18.24010.12-0\MsMpEng.exe</Data>
    <Data Name="SourceThreadId">5716</Data>
    <Data Name="SourceUser">NT AUTHORITY\SYSTEM</Data>
    <Data Name="TargetProcessGUID">{0f0dbc5d-16e5-661d-0402-0000f1b8ecc0}</Data>
    <Data Name="TargetProcessId">5744</Data>
    <Data Name="TargetImage">C:\Windows\System32\winlogon.exe</Data>
    <Data Name="TargetUser">NT AUTHORITY\SYSTEM</Data>
    <Data Name="GrantedAccess">0x1410</Data>
    <Data Name="CallTrace">C:\Windows\SYSTEM32\ntdll.dll+9DD7D|C:\Windows\SYSTEM32\KERNELBASE.dll+2E3BF|C:\Windows\SYSTEM32\wbemcomn.dll+15693</Data>
    
  </EventData>
</Event>
<Event xmlns="http://schemas.microsoft.com/win/2004/08/events/event">
  <System>
    <Provider Name="Microsoft-Windows-Sysmon" Guid="{5770385f-c22a-43e0-bf4c-06f5698ffbd9}"/>
    <EventID>3</EventID>
    <Version>5</Version>
    <Level>4</Level>
    <Task>3</Task>
    <Opcode>0</Opcode>
    <Keywords>0x8000000000000000</Keywords>
    <TimeCreated SystemTime="2024-05-14T12:53:00.5141202Z"/>
    <EventRecordID>4397527</EventRecordID>
    <Correlation/>
    <Execution ProcessID="2292" ThreadID="4792"/>
    <Channel>Microsoft-Windows-Sysmon/Operational</Channel>
    <Computer>DC-BO-01.northstar-branch.local</Computer>
    <Security UserID="S-1-5-18"/>
  </System>
  <EventData>
    
    <Data Name="RuleName">-</Data>
    <Data Name="UtcTime">2024-05-14 12:53:00.514</Data>
    <Data Name="ProcessGuid">{0f0dbc5d-4e25-6643-ce00-00107fb2e320}</Data>
    <Data Name="ProcessId">6352</Data>
    <Data Name="Image">C:\Python311\python.exe</Data>
    <Data Name="User">NORTHSTAR-BRANCH\nina.kapoor</Data>
    <Data Name="Protocol">tcp</Data>
    <Data Name="Initiated">true</Data>
    <Data Name="SourceIsIpv6">false</Data>
    <Data Name="SourceIp">10.44.20.10</Data>
    <Data Name="SourceHostname">DC-BO-01.northstar-branch.local</Data>
    <Data Name="SourcePort">65256</Data>
    <Data Name="SourcePortName">-</Data>
    <Data Name="DestinationIsIpv6">false</Data>
    <Data Name="DestinationIp">10.44.20.30</Data>
    <Data Name="DestinationHostname">PROXY-BO-01.northstar-branch.local</Data>
    <Data Name="DestinationPort">8080</Data>
    <Data Name="DestinationPortName">http-alt</Data>
    
  </EventData>
</Event>
<Event xmlns="http://schemas.microsoft.com/win/2004/08/events/event">
  <System>
    <Provider Name="Microsoft-Windows-Sysmon" Guid="{5770385f-c22a-43e0-bf4c-06f5698ffbd9}"/>
    <EventID>13</EventID>
    <Version>2</Version>
    <Level>4</Level>
    <Task>13</Task>
    <Opcode>0</Opcode>
    <Keywords>0x8000000000000000</Keywords>
    <TimeCreated SystemTime="2024-05-14T12:53:25.3442140Z"/>
    <EventRecordID>4397530</EventRecordID>
    <Correlation/>
    <Execution ProcessID="2292" ThreadID="4792"/>
    <Channel>Microsoft-Windows-Sysmon/Operational</Channel>
    <Computer>DC-BO-01.northstar-branch.local</Computer>
    <Security UserID="S-1-5-18"/>
  </System>
  <EventData>
    
    <Data Name="RuleName">-</Data>
    <Data Name="EventType">SetValue</Data>
    <Data Name="UtcTime">2024-05-14 12:53:25.344</Data>
    <Data Name="ProcessGuid">{0f0dbc5d-16d5-661d-fe02-001061d86cca}</Data>
    <Data Name="ProcessId">5652</Data>
    <Data Name="Image">C:\Windows\System32\svchost.exe</Data>
    <Data Name="User">NT AUTHORITY\SYSTEM</Data>
    <Data Name="TargetObject">HKLM\SOFTWARE\Policies\Microsoft\Windows\WindowsUpdate\AU\NoAutoUpdate</Data>
    <Data Name="Details">DWORD (0x00000000)</Data>
    
  </EventData>
</Event>
<Event xmlns="http://schemas.microsoft.com/win/2004/08/events/event">
  <System>
    <Provider Name="Microsoft-Windows-Sysmon" Guid="{5770385f-c22a-43e0-bf4c-06f5698ffbd9}"/>
    <EventID>13</EventID>
    <Version>2</Version>
    <Level>4</Level>
    <Task>13</Task>
    <Opcode>0</Opcode>
    <Keywords>0x8000000000000000</Keywords>
    <TimeCreated SystemTime="2024-05-14T12:53:30.9235249Z"/>
    <EventRecordID>4397531</EventRecordID>
    <Correlation/>
    <Execution ProcessID="2292" ThreadID="2696"/>
    <Channel>Microsoft-Windows-Sysmon/Operational</Channel>
    <Computer>DC-BO-01.northstar-branch.local</Computer>
    <Security UserID="S-1-5-18"/>
  </System>
  <EventData>
    
    <Data Name="RuleName">-</Data>
    <Data Name="EventType">SetValue</Data>
    <Data Name="UtcTime">2024-05-14 12:53:30.923</Data>
    <Data Name="ProcessGuid">{0f0dbc5d-16d5-661d-fe02-001061d86cca}</Data>
    <Data Name="ProcessId">5652</Data>
    <Data Name="Image">C:\Windows\System32\svchost.exe</Data>
    <Data Name="User">NT AUTHORITY\SYSTEM</Data>
    <Data Name="TargetObject">HKLM\SOFTWARE\Microsoft\Windows\CurrentVersion\Component Based Servicing\Packages\Package_for_KB5034122~31bf3856ad364e35~amd64~~10.0.20348.10\CurrentState</Data>
    <Data Name="Details">DWORD (0x00000070)</Data>
    
  </EventData>
</Event>
<Event xmlns="http://schemas.microsoft.com/win/2004/08/events/event">
  <System>
    <Provider Name="Microsoft-Windows-Sysmon" Guid="{5770385f-c22a-43e0-bf4c-06f5698ffbd9}"/>
    <EventID>7</EventID>
    <Version>3</Version>
    <Level>4</Level>
    <Task>7</Task>
    <Opcode>0</Opcode>
    <Keywords>0x8000000000000000</Keywords>
    <TimeCreated SystemTime="2024-05-14T12:53:50.8893316Z"/>
    <EventRecordID>4397585</EventRecordID>
    <Correlation/>
    <Execution ProcessID="2292" ThreadID="4432"/>
    <Channel>Microsoft-Windows-Sysmon/Operational</Channel>
    <Computer>DC-BO-01.northstar-branch.local</Computer>
    <Security UserID="S-1-5-18"/>
  </System>
  <EventData>
    
    <Data Name="RuleName">-</Data>
    <Data Name="UtcTime">2024-05-14 12:53:50.889</Data>
    <Data Name="ProcessGuid">{0f0dbc5d-4e25-6643-7d02-00106a4dca3b}</Data>
    <Data Name="ProcessId">6336</Data>
    <Data Name="Image">C:\Windows\explorer.exe</Data>
    <Data Name="ImageLoaded">C:\Program Files\7-Zip\7-zip.dll</Data>
    <Data Name="FileVersion">23.01.0.0</Data>
    <Data Name="Description">7-Zip Shell Extension</Data>
    <Data Name="Product">7-Zip</Data>
    <Data Name="Company">Igor Pavlov</Data>
    <Data Name="OriginalFileName">7-zip.dll</Data>
    <Data Name="Hashes">SHA1=BF2619160C548067C80B010F0B9F5D224435A4AA,MD5=4FFC4040B68D405900BE629547DF0786,SHA256=A34E512691EB799A505E71B1CD8F01B889912AFB7CCB2D5DEC396F8C366E9BEE,IMPHASH=D6D3685D4A430A287607E444371EB5F5</Data>
    <Data Name="Signed">false</Data>
    <Data Name="Signature">-</Data>
    <Data Name="SignatureStatus">Unavailable</Data>
    
  </EventData>
</Event>
<Event xmlns="http://schemas.microsoft.com/win/2004/08/events/event">
  <System>
    <Provider Name="Microsoft-Windows-Sysmon" Guid="{5770385f-c22a-43e0-bf4c-06f5698ffbd9}"/>
    <EventID>10</EventID>
    <Version>3</Version>
    <Level>4</Level>
    <Task>10</Task>
    <Opcode>0</Opcode>
    <Keywords>0x8000000000000000</Keywords>
    <TimeCreated SystemTime="2024-05-14T12:54:52.6614387Z"/>
    <EventRecordID>4397591</EventRecordID>
    <Correlation/>
    <Execution ProcessID="2292" ThreadID="2696"/>
    <Channel>Microsoft-Windows-Sysmon/Operational</Channel>
    <Computer>DC-BO-01.northstar-branch.local</Computer>
    <Security UserID="S-1-5-18"/>
  </System>
  <EventData>
    
    <Data Name="RuleName">-</Data>
    <Data Name="UtcTime">2024-05-14 12:54:52.661</Data>
    <Data Name="SourceProcessGUID">{0f0dbc5d-16d9-661d-d602-00009c42a940}</Data>
    <Data Name="SourceProcessId">5664</Data>
    <Data Name="SourceImage">C:\Windows\System32\SearchIndexer.exe</Data>
    <Data Name="SourceThreadId">3796</Data>
    <Data Name="SourceUser">NT AUTHORITY\SYSTEM</Data>
    <Data Name="TargetProcessGUID">{0f0dbc5d-16df-661d-6602-00007430d804}</Data>
    <Data Name="TargetProcessId">5692</Data>
    <Data Name="TargetImage">C:\Windows\System32\SearchProtocolHost.exe</Data>
    <Data Name="TargetUser">NT AUTHORITY\SYSTEM</Data>
    <Data Name="GrantedAccess">0x0400</Data>
    <Data Name="CallTrace">C:\Windows\SYSTEM32\ntdll.dll+9C5B5|C:\Windows\SYSTEM32\KERNELBASE.dll+2E819|C:\Windows\SYSTEM32\advapi32.dll+4B28E</Data>
    
  </EventData>
</Event>
<Event xmlns="http://schemas.microsoft.com/win/2004/08/events/event">
  <System>
    <Provider Name="Microsoft-Windows-Sysmon" Guid="{5770385f-c22a-43e0-bf4c-06f5698ffbd9}"/>
    <EventID>10</EventID>
    <Version>3</Version>
    <Level>4</Level>
    <Task>10</Task>
    <Opcode>0</Opcode>
    <Keywords>0x8000000000000000</Keywords>
    <TimeCreated SystemTime="2024-05-14T12:54:59.0765339Z"/>
    <EventRecordID>4397593</EventRecordID>
    <Correlation/>
    <Execution ProcessID="2292" ThreadID="4536"/>
    <Channel>Microsoft-Windows-Sysmon/Operational</Channel>
    <Computer>DC-BO-01.northstar-branch.local</Computer>
    <Security UserID="S-1-5-18"/>
  </System>
  <EventData>
    
    <Data Name="RuleName">-</Data>
    <Data Name="UtcTime">2024-05-14 12:54:59.076</Data>
    <Data Name="SourceProcessGUID">{0f0dbc5d-16c5-661d-9200-001026a60bb6}</Data>
    <Data Name="SourceProcessId">5468</Data>
    <Data Name="SourceImage">C:\Windows\System32\services.exe</Data>
    <Data Name="SourceThreadId">1172</Data>
    <Data Name="SourceUser">NT AUTHORITY\SYSTEM</Data>
    <Data Name="TargetProcessGUID">{0f0dbc5d-16d7-661d-4a00-0010672b4d73}</Data>
    <Data Name="TargetProcessId">5660</Data>
    <Data Name="TargetImage">C:\ProgramData\Microsoft\Windows Defender\Platform\4.18.24010.12-0\MsMpEng.exe</Data>
    <Data Name="TargetUser">NT AUTHORITY\SYSTEM</Data>
    <Data Name="GrantedAccess">0x1000</Data>
    <Data Name="CallTrace">C:\Windows\SYSTEM32\ntdll.dll+9E84E</Data>
    
  </EventData>
</Event>
<Event xmlns="http://schemas.microsoft.com/win/2004/08/events/event">
  <System>
    <Provider Name="Microsoft-Windows-Sysmon" Guid="{5770385f-c22a-43e0-bf4c-06f5698ffbd9}"/>
    <EventID>13</EventID>
    <Version>2</Version>
    <Level>4</Level>
    <Task>13</Task>
    <Opcode>0</Opcode>
    <Keywords>0x8000000000000000</Keywords>
    <TimeCreated SystemTime="2024-05-14T12:55:06.0696225Z"/>
    <EventRecordID>4397595</EventRecordID>
    <Correlation/>
    <Execution ProcessID="2292" ThreadID="4792"/>
    <Channel>Microsoft-Windows-Sysmon/Operational</Channel>
    <Computer>DC-BO-01.northstar-branch.local</Computer>
    <Security UserID="S-1-5-18"/>
  </System>
  <EventData>
    
    <Data Name="RuleName">-</Data>
    <Data Name="EventType">SetValue</Data>
    <Data Name="UtcTime">2024-05-14 12:55:06.069</Data>
    <Data Name="ProcessGuid">{0f0dbc5d-16e2-661d-d602-001033f9c3d8}</Data>
    <Data Name="ProcessId">5716</Data>
    <Data Name="Image">C:\Windows\System32\msiexec.exe</Data>
    <Data Name="User">NT AUTHORITY\SYSTEM</Data>
    <Data Name="TargetObject">HKLM\SOFTWARE\Microsoft\Windows\CurrentVersion\Component Based Servicing\Packages\Package_for_RollupFix~31bf3856ad364e35~amd64~~10.0.20348.49\CurrentState</Data>
    <Data Name="Details">DWORD (0x00000070)</Data>
    
  </EventData>
</Event>
<Event xmlns="http://schemas.microsoft.com/win/2004/08/events/event">
  <System>
    <Provider Name="Microsoft-Windows-Sysmon" Guid="{5770385f-c22a-43e0-bf4c-06f5698ffbd9}"/>
    <EventID>13</EventID>
    <Version>2</Version>
    <Level>4</Level>
    <Task>13</Task>
    <Opcode>0</Opcode>
    <Keywords>0x8000000000000000</Keywords>
    <TimeCreated SystemTime="2024-05-14T12:55:16.8563201Z"/>
    <EventRecordID>4397627</EventRecordID>
    <Correlation/>
    <Execution ProcessID="2292" ThreadID="4792"/>
    <Channel>Microsoft-Windows-Sysmon/Operational</Channel>
    <Computer>DC-BO-01.northstar-branch.local</Computer>
    <Security UserID="S-1-5-18"/>
  </System>
  <EventData>
    
    <Data Name="RuleName">-</Data>
    <Data Name="EventType">SetValue</Data>
    <Data Name="UtcTime">2024-05-14 12:55:16.856</Data>
    <Data Name="ProcessGuid">{0f0dbc5d-16dc-661d-6c02-0000fcb1ffcf}</Data>
    <Data Name="ProcessId">5676</Data>
    <Data Name="Image">C:\Windows\System32\dllhost.exe</Data>
    <Data Name="User">NT AUTHORITY\SYSTEM</Data>
    <Data Name="TargetObject">HKLM\SOFTWARE\Microsoft\Windows\CurrentVersion\WINEVT\Channels\Microsoft-Windows-Sysmon/Operational\Enabled</Data>
    <Data Name="Details">DWORD (0x00000001)</Data>
    
  </EventData>
</Event>
<Event xmlns="http://schemas.microsoft.com/win/2004/08/events/event">
  <System>
    <Provider Name="Microsoft-Windows-Sysmon" Guid="{5770385f-c22a-43e0-bf4c-06f5698ffbd9}"/>
    <EventID>10</EventID>
    <Version>3</Version>
    <Level>4</Level>
    <Task>10</Task>
    <Opcode>0</Opcode>
    <Keywords>0x8000000000000000</Keywords>
    <TimeCreated SystemTime="2024-05-14T12:55:36.9643928Z"/>
    <EventRecordID>4397630</EventRecordID>
    <Correlation/>
    <Execution ProcessID="2292" ThreadID="4536"/>
    <Channel>Microsoft-Windows-Sysmon/Operational</Channel>
    <Computer>DC-BO-01.northstar-branch.local</Computer>
    <Security UserID="S-1-5-18"/>
  </System>
  <EventData>
    
    <Data Name="RuleName">-</Data>
    <Data Name="UtcTime">2024-05-14 12:55:36.964</Data>
    <Data Name="SourceProcessGUID">{0f0dbc5d-16e2-661d-d602-001033f9c3d8}</Data>
    <Data Name="SourceProcessId">5716</Data>
    <Data Name="SourceImage">C:\Windows\System32\msiexec.exe</Data>
    <Data Name="SourceThreadId">2532</Data>
    <Data Name="SourceUser">NT AUTHORITY\SYSTEM</Data>
    <Data Name="TargetProcessGUID">{0f0dbc5d-16c5-661d-9200-001026a60bb6}</Data>
    <Data Name="TargetProcessId">5468</Data>
    <Data Name="TargetImage">C:\Windows\System32\services.exe</Data>
    <Data Name="TargetUser">NT AUTHORITY\SYSTEM</Data>
    <Data Name="GrantedAccess">0x1000</Data>
    <Data Name="CallTrace">C:\Windows\SYSTEM32\ntdll.dll+9C428|C:\Windows\SYSTEM32\RPCRT4.dll+7C8E3|C:\Windows\SYSTEM32\KERNELBASE.dll+2C15F</Data>
    
  </EventData>
</Event>
<Event xmlns="http://schemas.microsoft.com/win/2004/08/events/event">
  <System>
    <Provider Name="Microsoft-Windows-Sysmon" Guid="{5770385f-c22a-43e0-bf4c-06f5698ffbd9}"/>
    <EventID>1</EventID>
    <Version>5</Version>
    <Level>4</Level>
    <Task>1</Task>
    <Opcode>0</Opcode>
    <Keywords>0x8000000000000000</Keywords>
    <TimeCreated SystemTime="2024-05-14T12:55:46.4379879Z"/>
    <EventRecordID>4397631</EventRecordID>
    <Correlation/>
    <Execution ProcessID="2292" ThreadID="4536"/>
    <Channel>Microsoft-Windows-Sysmon/Operational</Channel>
    <Computer>DC-BO-01.northstar-branch.local</Computer>
    <Security UserID="S-1-5-18"/>
  </System>
  <EventData>
    
    <Data Name="RuleName">-</Data>
    <Data Name="UtcTime">2024-05-14 12:55:46.437</Data>
    <Data Name="ProcessGuid">{0f0dbc5d-5f52-6643-6202-000026ec7259}</Data>
    <Data Name="ProcessId">6844</Data>
    <Data Name="Image">C:\Windows\System32\conhost.exe</Data>
    <Data Name="FileVersion">10.0.20348.1</Data>
    <Data Name="Description">Console Window Host</Data>
    <Data Name="Product">Microsoft Windows Operating System</Data>
    <Data Name="Company">Microsoft Corporation</Data>
    <Data Name="OriginalFileName">conhost.exe</Data>
    <Data Name="CommandLine">\??\C:\Windows\system32\conhost.exe 0xffffffff -ForceV1</Data>
    <Data Name="CurrentDirectory">C:\Windows\System32\</Data>
    <Data Name="User">NT AUTHORITY\SYSTEM</Data>
    <Data Name="LogonGuid">{76a4ff70-6f70-436e-87cf-90c13b467ba0}</Data>
    <Data Name="LogonId">0x3e7</Data>
    <Data Name="TerminalSessionId">0</Data>
    <Data Name="IntegrityLevel">System</Data>
    <Data Name="Hashes">SHA1=A21F01CD47C2566A531DDDA6295C5F2729AEB2DD,MD5=D5DD0A35623D416B52F2DF3E64573716,SHA256=AD5D2369D2F142C551BF783A7F30D5BD9DE38C580046305DEDBBE7CD844E1905,IMPHASH=259D1C1188D5A01EADD9B3F236B1C61A</Data>
    <Data Name="ParentProcessGuid">{0f0dbc5d-16c2-661d-1a02-00001f39ff87}</Data>
    <Data Name="ParentProcessId">5364</Data>
    <Data Name="ParentImage">C:\Windows\System32\csrss.exe</Data>
    <Data Name="ParentCommandLine">csrss.exe</Data>
    
  </EventData>
</Event>
<Event xmlns="http://schemas.microsoft.com/win/2004/08/events/event">
  <System>
    <Provider Name="Microsoft-Windows-Sysmon" Guid="{5770385f-c22a-43e0-bf4c-06f5698ffbd9}"/>
    <EventID>5</EventID>
    <Version>3</Version>
    <Level>4</Level>
    <Task>5</Task>
    <Opcode>0</Opcode>
    <Keywords>0x8000000000000000</Keywords>
    <TimeCreated SystemTime="2024-05-14T12:55:50.0257784Z"/>
    <EventRecordID>4397667</EventRecordID>
    <Correlation/>
    <Execution ProcessID="2292" ThreadID="4536"/>
    <Channel>Microsoft-Windows-Sysmon/Operational</Channel>
    <Computer>DC-BO-01.northstar-branch.local</Computer>
    <Security UserID="S-1-5-18"/>
  </System>
  <EventData>
    
    <Data Name="RuleName">-</Data>
    <Data Name="UtcTime">2024-05-14 12:55:50.025</Data>
    <Data Name="ProcessGuid">{0f0dbc5d-5f52-6643-6202-000026ec7259}</Data>
    <Data Name="ProcessId">6844</Data>
    <Data Name="Image">C:\Windows\System32\conhost.exe</Data>
    <Data Name="User">NT AUTHORITY\SYSTEM</Data>
    
  </EventData>
</Event>
<Event xmlns="http://schemas.microsoft.com/win/2004/08/events/event">
  <System>
    <Provider Name="Microsoft-Windows-Sysmon" Guid="{5770385f-c22a-43e0-bf4c-06f5698ffbd9}"/>
    <EventID>5</EventID>
    <Version>3</Version>
    <Level>4</Level>
    <Task>5</Task>
    <Opcode>0</Opcode>
    <Keywords>0x8000000000000000</Keywords>
    <TimeCreated SystemTime="2024-05-14T12:55:58.5638241Z"/>
    <EventRecordID>4397669</EventRecordID>
    <Correlation/>
    <Execution ProcessID="2292" ThreadID="3544"/>
    <Channel>Microsoft-Windows-Sysmon/Operational</Channel>
    <Computer>DC-BO-01.northstar-branch.local</Computer>
    <Security UserID="S-1-5-18"/>
  </System>
  <EventData>
    
    <Data Name="RuleName">-</Data>
    <Data Name="UtcTime">2024-05-14 12:55:58.563</Data>
    <Data Name="ProcessGuid">{0f0dbc5d-5d2a-6643-0a00-0000e92f5acc}</Data>
    <Data Name="ProcessId">7012</Data>
    <Data Name="Image">C:\Windows\System32\wbem\WmiPrvSE.exe</Data>
    <Data Name="User">NT AUTHORITY\SYSTEM</Data>
    
  </EventData>
</Event>
<Event xmlns="http://schemas.microsoft.com/win/2004/08/events/event">
  <System>
    <Provider Name="Microsoft-Windows-Sysmon" Guid="{5770385f-c22a-43e0-bf4c-06f5698ffbd9}"/>
    <EventID>1</EventID>
    <Version>5</Version>
    <Level>4</Level>
    <Task>1</Task>
    <Opcode>0</Opcode>
    <Keywords>0x8000000000000000</Keywords>
    <TimeCreated SystemTime="2024-05-14T12:56:14.9850729Z"/>
    <EventRecordID>4397697</EventRecordID>
    <Correlation/>
    <Execution ProcessID="2292" ThreadID="4792"/>
    <Channel>Microsoft-Windows-Sysmon/Operational</Channel>
    <Computer>DC-BO-01.northstar-branch.local</Computer>
    <Security UserID="S-1-5-18"/>
  </System>
  <EventData>
    
    <Data Name="RuleName">-</Data>
    <Data Name="UtcTime">2024-05-14 12:56:14.985</Data>
    <Data Name="ProcessGuid">{0f0dbc5d-5f6e-6643-0102-00001a157b71}</Data>
    <Data Name="ProcessId">7176</Data>
    <Data Name="Image">C:\Windows\System32\cleanmgr.exe</Data>
    <Data Name="FileVersion">10.0.20348.1</Data>
    <Data Name="Description">Disk Cleanup</Data>
    <Data Name="Product">Microsoft Windows Operating System</Data>
    <Data Name="Company">Microsoft Corporation</Data>
    <Data Name="OriginalFileName">cleanmgr.exe</Data>
    <Data Name="CommandLine">cleanmgr.exe /autoclean /d C:</Data>
    <Data Name="CurrentDirectory">C:\Windows\System32\</Data>
    <Data Name="User">NT AUTHORITY\SYSTEM</Data>
    <Data Name="LogonGuid">{76a4ff70-6f70-436e-87cf-90c13b467ba0}</Data>
    <Data Name="LogonId">0x3e7</Data>
    <Data Name="TerminalSessionId">0</Data>
    <Data Name="IntegrityLevel">System</Data>
    <Data Name="Hashes">SHA1=4ABA7F5DC9B0CB22C91C1291C312D2F2E55AEEAF,MD5=90A65F821354D00D3F6D13E09BF3A09E,SHA256=EA90DE9E8507711FEC8B2EB4D4B685138165227EEBB6EB20E71DAB0FBC8C1372,IMPHASH=9ED74A4E621B7BEF859587B8A51D1CF8</Data>
    <Data Name="ParentProcessGuid">{0f0dbc5d-16c9-661d-3b02-0010afc469c1}</Data>
    <Data Name="ParentProcessId">5532</Data>
    <Data Name="ParentImage">C:\Windows\System32\svchost.exe</Data>
    <Data Name="ParentCommandLine">svchost.exe -k LocalSystem</Data>
    
  </EventData>
</Event>
<Event xmlns="http://schemas.microsoft.com/win/2004/08/events/event">
  <System>
    <Provider Name="Microsoft-Windows-Sysmon" Guid="{5770385f-c22a-43e0-bf4c-06f5698ffbd9}"/>
    <EventID>13</EventID>
    <Version>2</Version>
    <Level>4</Level>
    <Task>13</Task>
    <Opcode>0</Opcode>
    <Keywords>0x8000000000000000</Keywords>
    <TimeCreated SystemTime="2024-05-14T12:56:16.6278454Z"/>
    <EventRecordID>4397714</EventRecordID>
    <Correlation/>
    <Execution ProcessID="2292" ThreadID="4792"/>
    <Channel>Microsoft-Windows-Sysmon/Operational</Channel>
    <Computer>DC-BO-01.northstar-branch.local</Computer>
    <Security UserID="S-1-5-18"/>
  </System>
  <EventData>
    
    <Data Name="RuleName">-</Data>
    <Data Name="EventType">SetValue</Data>
    <Data Name="UtcTime">2024-05-14 12:56:16.627</Data>
    <Data Name="ProcessGuid">{0f0dbc5d-16d5-661d-fe02-001061d86cca}</Data>
    <Data Name="ProcessId">5652</Data>
    <Data Name="Image">C:\Windows\System32\svchost.exe</Data>
    <Data Name="User">NT AUTHORITY\SYSTEM</Data>
    <Data Name="TargetObject">HKLM\SOFTWARE\Microsoft\Windows\CurrentVersion\Component Based Servicing\Packages\Microsoft-Windows-Client-Features~31bf3856ad364e35~amd64~~10.0.20348.7\CurrentState</Data>
    <Data Name="Details">DWORD (0x00000070)</Data>
    
  </EventData>
</Event>
<Event xmlns="http://schemas.microsoft.com/win/2004/08/events/event">
  <System>
    <Provider Name="Microsoft-Windows-Sysmon" Guid="{5770385f-c22a-43e0-bf4c-06f5698ffbd9}"/>
    <EventID>13</EventID>
    <Version>2</Version>
    <Level>4</Level>
    <Task>13</Task>
    <Opcode>0</Opcode>
    <Keywords>0x8000000000000000</Keywords>
    <TimeCreated SystemTime="2024-05-14T12:56:23.9395565Z"/>
    <EventRecordID>4397716</EventRecordID>
    <Correlation/>
    <Execution ProcessID="2292" ThreadID="4432"/>
    <Channel>Microsoft-Windows-Sysmon/Operational</Channel>
    <Computer>DC-BO-01.northstar-branch.local</Computer>
    <Security UserID="S-1-5-18"/>
  </System>
  <EventData>
    
    <Data Name="RuleName">-</Data>
    <Data Name="EventType">SetValue</Data>
    <Data Name="UtcTime">2024-05-14 12:56:23.939</Data>
    <Data Name="ProcessGuid">{0f0dbc5d-16c5-661d-9200-001026a60bb6}</Data>
    <Data Name="ProcessId">5468</Data>
    <Data Name="Image">C:\Windows\System32\services.exe</Data>
    <Data Name="User">NT AUTHORITY\SYSTEM</Data>
    <Data Name="TargetObject">HKLM\SYSTEM\CurrentControlSet\Services\SharedAccess\Parameters\FirewallPolicy\StandardProfile\EnableFirewall</Data>
    <Data Name="Details">DWORD (0x00000001)</Data>
    
  </EventData>
</Event>
<Event xmlns="http://schemas.microsoft.com/win/2004/08/events/event">
  <System>
    <Provider Name="Microsoft-Windows-Sysmon" Guid="{5770385f-c22a-43e0-bf4c-06f5698ffbd9}"/>
    <EventID>13</EventID>
    <Version>2</Version>
    <Level>4</Level>
    <Task>13</Task>
    <Opcode>0</Opcode>
    <Keywords>0x8000000000000000</Keywords>
    <TimeCreated SystemTime="2024-05-14T12:56:29.7754693Z"/>
    <EventRecordID>4398364</EventRecordID>
    <Correlation/>
    <Execution ProcessID="2292" ThreadID="3544"/>
    <Channel>Microsoft-Windows-Sysmon/Operational</Channel>
    <Computer>DC-BO-01.northstar-branch.local</Computer>
    <Security UserID="S-1-5-18"/>
  </System>
  <EventData>
    
    <Data Name="RuleName">-</Data>
    <Data Name="EventType">SetValue</Data>
    <Data Name="UtcTime">2024-05-14 12:56:29.775</Data>
    <Data Name="ProcessGuid">{0f0dbc5d-16c5-661d-9200-001026a60bb6}</Data>
    <Data Name="ProcessId">5468</Data>
    <Data Name="Image">C:\Windows\System32\services.exe</Data>
    <Data Name="User">NT AUTHORITY\SYSTEM</Data>
    <Data Name="TargetObject">HKLM\SOFTWARE\Microsoft\Windows\CurrentVersion\Component Based Servicing\Packages\Package_for_KB5034122~31bf3856ad364e35~amd64~~10.0.20348.22\CurrentState</Data>
    <Data Name="Details">DWORD (0x00000070)</Data>
    
  </EventData>
</Event>
<Event xmlns="http://schemas.microsoft.com/win/2004/08/events/event">
  <System>
    <Provider Name="Microsoft-Windows-Sysmon" Guid="{5770385f-c22a-43e0-bf4c-06f5698ffbd9}"/>
    <EventID>5</EventID>
    <Version>3</Version>
    <Level>4</Level>
    <Task>5</Task>
    <Opcode>0</Opcode>
    <Keywords>0x8000000000000000</Keywords>
    <TimeCreated SystemTime="2024-05-14T12:56:31.8350061Z"/>
    <EventRecordID>4398365</EventRecordID>
    <Correlation/>
    <Execution ProcessID="2292" ThreadID="4536"/>
    <Channel>Microsoft-Windows-Sysmon/Operational</Channel>
    <Computer>DC-BO-01.northstar-branch.local</Computer>
    <Security UserID="S-1-5-18"/>
  </System>
  <EventData>
    
    <Data Name="RuleName">-</Data>
    <Data Name="UtcTime">2024-05-14 12:56:31.835</Data>
    <Data Name="ProcessGuid">{0f0dbc5d-5bce-6643-3502-00101dd5bdd7}</Data>
    <Data Name="ProcessId">6952</Data>
    <Data Name="Image">C:\Windows\System32\wbem\WmiPrvSE.exe</Data>
    <Data Name="User">NT AUTHORITY\SYSTEM</Data>
    
  </EventData>
</Event>
