<Event xmlns="http://schemas.microsoft.com/win/2004/08/events/event">
  <System>
    <Provider Name="Microsoft-Windows-Sysmon" Guid="{5770385f-c22a-43e0-bf4c-06f5698ffbd9}"/>
    <EventID>1</EventID>
    <Version>5</Version>
    <Level>4</Level>
    <Task>1</Task>
    <Opcode>0</Opcode>
    <Keywords>0x8000000000000000</Keywords>
    <TimeCreated SystemTime="2024-05-14T17:58:20.8615661Z"/>
    <EventRecordID>1764037</EventRecordID>
    <Correlation/>
    <Execution ProcessID="2076" ThreadID="3228"/>
    <Channel>Microsoft-Windows-Sysmon/Operational</Channel>
    <Computer>FILE-BO-01.agentsoc.local</Computer>
    <Security UserID="S-1-5-18"/>
  </System>
  <EventData>
    
    <Data Name="RuleName">-</Data>
    <Data Name="UtcTime">2024-05-14 17:58:20.861</Data>
    <Data Name="ProcessGuid">{a891800e-a63c-6643-7d00-0000f352ea5b}</Data>
    <Data Name="ProcessId">6760</Data>
    <Data Name="Image">C:\Windows\System32\dllhost.exe</Data>
    <Data Name="FileVersion">10.0.17763.1</Data>
    <Data Name="Description">COM Surrogate</Data>
    <Data Name="Product">Microsoft Windows Operating System</Data>
    <Data Name="Company">Microsoft Corporation</Data>
    <Data Name="OriginalFileName">dllhost.exe</Data>
    <Data Name="CommandLine">dllhost.exe /Processid:{AB8902B4-09CA-4BB6-B78D-A8F59079A8D5}</Data>
    <Data Name="CurrentDirectory">C:\Windows\System32\</Data>
    <Data Name="User">NT AUTHORITY\SYSTEM</Data>
    <Data Name="LogonGuid">{2e02e80b-5255-4aec-a48a-db9ea0dc704c}</Data>
    <Data Name="LogonId">0x3e7</Data>
    <Data Name="TerminalSessionId">0</Data>
    <Data Name="IntegrityLevel">System</Data>
    <Data Name="Hashes">SHA1=E9843285F306715E9377A11649761552EAB1A78D,MD5=99E15BCE4A20CCD57152F4560FE025DD,SHA256=AE87276FEB54EB8E5D8CF628D65D2300337F1BDBEF5D6F1CDE2FBDBCDA2178B6,IMPHASH=9C46F35652CBE94C2DC7B1693268CB59</Data>
    <Data Name="ParentProcessGuid">{a891800e-514a-6626-c300-000057f9bc23}</Data>
    <Data Name="ParentProcessId">3636</Data>
    <Data Name="ParentImage">C:\Windows\System32\svchost.exe</Data>
    <Data Name="ParentCommandLine">svchost.exe -k DcomLaunch</Data>
    <Data Name="ParentUser">NT AUTHORITY\SYSTEM</Data>
    
  </EventData>
</Event>
<Event xmlns="http://schemas.microsoft.com/win/2004/08/events/event">
  <System>
    <Provider Name="Microsoft-Windows-Sysmon" Guid="{5770385f-c22a-43e0-bf4c-06f5698ffbd9}"/>
    <EventID>5</EventID>
    <Version>3</Version>
    <Level>4</Level>
    <Task>5</Task>
    <Opcode>0</Opcode>
    <Keywords>0x8000000000000000</Keywords>
    <TimeCreated SystemTime="2024-05-14T17:58:28.1297410Z"/>
    <EventRecordID>1764038</EventRecordID>
    <Correlation/>
    <Execution ProcessID="2076" ThreadID="2008"/>
    <Channel>Microsoft-Windows-Sysmon/Operational</Channel>
    <Computer>FILE-BO-01.agentsoc.local</Computer>
    <Security UserID="S-1-5-18"/>
  </System>
  <EventData>
    
    <Data Name="RuleName">-</Data>
    <Data Name="UtcTime">2024-05-14 17:58:28.129</Data>
    <Data Name="ProcessGuid">{a891800e-a61e-6643-2800-000057289821}</Data>
    <Data Name="ProcessId">6884</Data>
    <Data Name="Image">C:\Windows\System32\wsqmcons.exe</Data>
    <Data Name="User">NT AUTHORITY\SYSTEM</Data>
    
  </EventData>
</Event>
<Event xmlns="http://schemas.microsoft.com/win/2004/08/events/event">
  <System>
    <Provider Name="Microsoft-Windows-Sysmon" Guid="{5770385f-c22a-43e0-bf4c-06f5698ffbd9}"/>
    <EventID>5</EventID>
    <Version>3</Version>
    <Level>4</Level>
    <Task>5</Task>
    <Opcode>0</Opcode>
    <Keywords>0x8000000000000000</Keywords>
    <TimeCreated SystemTime="2024-05-14T17:59:13.0510796Z"/>
    <EventRecordID>1764041</EventRecordID>
    <Correlation/>
    <Execution ProcessID="2076" ThreadID="3228"/>
    <Channel>Microsoft-Windows-Sysmon/Operational</Channel>
    <Computer>FILE-BO-01.agentsoc.local</Computer>
    <Security UserID="S-1-5-18"/>
  </System>
  <EventData>
    
    <Data Name="RuleName">-</Data>
    <Data Name="UtcTime">2024-05-14 17:59:13.051</Data>
    <Data Name="ProcessGuid">{a891800e-a63c-6643-7d00-0000f352ea5b}</Data>
    <Data Name="ProcessId">6760</Data>
    <Data Name="Image">C:\Windows\System32\dllhost.exe</Data>
    <Data Name="User">NT AUTHORITY\SYSTEM</Data>
    
  </EventData>
</Event>
<Event xmlns="http://schemas.microsoft.com/win/2004/08/events/event">
  <System>
    <Provider Name="Microsoft-Windows-Sysmon" Guid="{5770385f-c22a-43e0-bf4c-06f5698ffbd9}"/>
    <EventID>5</EventID>
    <Version>3</Version>
    <Level>4</Level>
    <Task>5</Task>
    <Opcode>0</Opcode>
    <Keywords>0x8000000000000000</Keywords>
    <TimeCreated SystemTime="2024-05-14T18:21:17.1478941Z"/>
    <EventRecordID>1764107</EventRecordID>
    <Correlation/>
    <Execution ProcessID="2076" ThreadID="2008"/>
    <Channel>Microsoft-Windows-Sysmon/Operational</Channel>
    <Computer>FILE-BO-01.agentsoc.local</Computer>
    <Security UserID="S-1-5-18"/>
  </System>
  <EventData>
    
    <Data Name="RuleName">-</Data>
    <Data Name="UtcTime">2024-05-14 18:21:17.147</Data>
    <Data Name="ProcessGuid">{a891800e-a561-6643-5502-0010f9045a96}</Data>
    <Data Name="ProcessId">6804</Data>
    <Data Name="Image">C:\Windows\System32\wbem\WmiPrvSE.exe</Data>
    <Data Name="User">NT AUTHORITY\SYSTEM</Data>
    
  </EventData>
</Event>
<Event xmlns="http://schemas.microsoft.com/win/2004/08/events/event">
  <System>
    <Provider Name="Microsoft-Windows-Sysmon" Guid="{5770385f-c22a-43e0-bf4c-06f5698ffbd9}"/>
    <EventID>5</EventID>
    <Version>3</Version>
    <Level>4</Level>
    <Task>5</Task>
    <Opcode>0</Opcode>
    <Keywords>0x8000000000000000</Keywords>
    <TimeCreated SystemTime="2024-05-14T18:56:19.1368546Z"/>
    <EventRecordID>1764266</EventRecordID>
    <Correlation/>
    <Execution ProcessID="2076" ThreadID="2008"/>
    <Channel>Microsoft-Windows-Sysmon/Operational</Channel>
    <Computer>FILE-BO-01.agentsoc.local</Computer>
    <Security UserID="S-1-5-18"/>
  </System>
  <EventData>
    
    <Data Name="RuleName">-</Data>
    <Data Name="UtcTime">2024-05-14 18:56:19.136</Data>
    <Data Name="ProcessGuid">{a891800e-7b93-6643-0002-0010a72d690b}</Data>
    <Data Name="ProcessId">5584</Data>
    <Data Name="Image">C:\Windows\System32\wbem\WmiPrvSE.exe</Data>
    <Data Name="User">NT AUTHORITY\SYSTEM</Data>
    
  </EventData>
</Event>
<Event xmlns="http://schemas.microsoft.com/win/2004/08/events/event">
  <System>
    <Provider Name="Microsoft-Windows-Sysmon" Guid="{5770385f-c22a-43e0-bf4c-06f5698ffbd9}"/>
    <EventID>5</EventID>
    <Version>3</Version>
    <Level>4</Level>
    <Task>5</Task>
    <Opcode>0</Opcode>
    <Keywords>0x8000000000000000</Keywords>
    <TimeCreated SystemTime="2024-05-14T19:14:56.2677778Z"/>
    <EventRecordID>1764334</EventRecordID>
    <Correlation/>
    <Execution ProcessID="2076" ThreadID="3228"/>
    <Channel>Microsoft-Windows-Sysmon/Operational</Channel>
    <Computer>FILE-BO-01.agentsoc.local</Computer>
    <Security UserID="S-1-5-18"/>
  </System>
  <EventData>
    
    <Data Name="RuleName">-</Data>
    <Data Name="UtcTime">2024-05-14 19:14:56.267</Data>
    <Data Name="ProcessGuid">{a891800e-9e1b-6643-9602-0000030c2ec7}</Data>
    <Data Name="ProcessId">6712</Data>
    <Data Name="Image">C:\Windows\System32\wbem\WmiPrvSE.exe</Data>
    <Data Name="User">NT AUTHORITY\SYSTEM</Data>
    
  </EventData>
</Event>
<Event xmlns="http://schemas.microsoft.com/win/2004/08/events/event">
  <System>
    <Provider Name="Microsoft-Windows-Sysmon" Guid="{5770385f-c22a-43e0-bf4c-06f5698ffbd9}"/>
    <EventID>5</EventID>
    <Version>3</Version>
    <Level>4</Level>
    <Task>5</Task>
    <Opcode>0</Opcode>
    <Keywords>0x8000000000000000</Keywords>
    <TimeCreated SystemTime="2024-05-14T21:20:15.5266806Z"/>
    <EventRecordID>1764694</EventRecordID>
    <Correlation/>
    <Execution ProcessID="2076" ThreadID="3228"/>
    <Channel>Microsoft-Windows-Sysmon/Operational</Channel>
    <Computer>FILE-BO-01.agentsoc.local</Computer>
    <Security UserID="S-1-5-18"/>
  </System>
  <EventData>
    
    <Data Name="RuleName">-</Data>
    <Data Name="UtcTime">2024-05-14 21:20:15.526</Data>
    <Data Name="ProcessGuid">{a891800e-9d4f-6643-6000-000058fa2c92}</Data>
    <Data Name="ProcessId">6756</Data>
    <Data Name="Image">C:\Windows\System32\wbem\WmiPrvSE.exe</Data>
    <Data Name="User">NT AUTHORITY\SYSTEM</Data>
    
  </EventData>
</Event>
</Events>
