<Event xmlns="http://schemas.microsoft.com/win/2004/08/events/event">
  <System>
    
    <Provider Name="Microsoft-Windows-Security-Auditing" Guid="{54849625-5478-4994-a5ba-3e3b0328c30d}"/>
    
    <EventID>4624</EventID>
    <Version>2</Version>
    <Level>0</Level>
    <Task>12544</Task>
    <Opcode>0</Opcode>
    <Keywords>0x8020000000000000</Keywords>
    <TimeCreated SystemTime="2024-05-14T16:23:50.4535248Z"/>
    <EventRecordID>2699974</EventRecordID>
    <Correlation/>
    <Execution ProcessID="600" ThreadID="284"/>
    <Channel>Security</Channel>
    <Computer>FILE-BO-01.agentsoc.local</Computer>
    
    <Security/>
    
  </System>
  
  <EventData>
    
    <Data Name="SubjectUserSid">S-1-0-0</Data>
    <Data Name="SubjectUserName">-</Data>
    <Data Name="SubjectDomainName">-</Data>
    <Data Name="SubjectLogonId">0x0</Data>
    <Data Name="TargetUserSid">S-1-5-7</Data>
    <Data Name="TargetUserName">ANONYMOUS LOGON</Data>
    <Data Name="TargetDomainName">NT AUTHORITY</Data>
    <Data Name="TargetLogonId">0x10725a7f</Data>
    <Data Name="LogonType">3</Data>
    <Data Name="LogonGuid">{00000000-0000-0000-0000-000000000000}</Data>
    <Data Name="LogonProcessName">NtLmSsp</Data>
    <Data Name="AuthenticationPackageName">NTLM</Data>
    <Data Name="WorkstationName">WS-EHSAN-01</Data>
    <Data Name="TransmittedServices">-</Data>
    <Data Name="LmPackageName">NTLM V2</Data>
    <Data Name="KeyLength">128</Data>
    <Data Name="ProcessId">0xe30</Data>
    <Data Name="ProcessName">C:\Windows\System32\lsass.exe</Data>
    <Data Name="IpAddress">::ffff:10.44.10.21</Data>
    <Data Name="IpPort">65063</Data>
    <Data Name="ImpersonationLevel">%%1833</Data>
    <Data Name="RestrictedAdminMode">-</Data>
    <Data Name="TargetOutboundUserName">-</Data>
    <Data Name="TargetOutboundDomainName">-</Data>
    <Data Name="VirtualAccount">%%1843</Data>
    <Data Name="ElevatedToken">%%1843</Data>
    <Data Name="TargetLinkedLogonId">0x0</Data>
    
  </EventData>
  
</Event>
<Event xmlns="http://schemas.microsoft.com/win/2004/08/events/event">
  <System>
    
    <Provider Name="Microsoft-Windows-Security-Auditing" Guid="{54849625-5478-4994-a5ba-3e3b0328c30d}"/>
    
    <EventID>5156</EventID>
    <Version>1</Version>
    <Level>0</Level>
    <Task>12810</Task>
    <Opcode>0</Opcode>
    <Keywords>0x8020000000000000</Keywords>
    <TimeCreated SystemTime="2024-05-14T16:24:08.7722625Z"/>
    <EventRecordID>2699988</EventRecordID>
    <Correlation/>
    <Execution ProcessID="4" ThreadID="148"/>
    <Channel>Security</Channel>
    <Computer>FILE-BO-01.agentsoc.local</Computer>
    
    <Security/>
    
  </System>
  
  <EventData>
    
    <Data Name="ProcessID">3632</Data>
    <Data Name="Application">\device\harddiskvolume1\windows\system32\lsass.exe</Data>
    <Data Name="Direction">%%14593</Data>
    <Data Name="SourceAddress">10.44.20.20</Data>
    <Data Name="SourcePort">62945</Data>
    <Data Name="DestAddress">10.44.20.10</Data>
    <Data Name="DestPort">88</Data>
    <Data Name="Protocol">17</Data>
    <Data Name="FilterRTID">26766</Data>
    <Data Name="LayerName">%%14611</Data>
    <Data Name="LayerRTID">48</Data>
    <Data Name="RemoteUserID">S-1-0-0</Data>
    <Data Name="RemoteMachineID">S-1-0-0</Data>
    
  </EventData>
  
</Event>
<Event xmlns="http://schemas.microsoft.com/win/2004/08/events/event">
  <System>
    
    <Provider Name="Microsoft-Windows-Security-Auditing" Guid="{54849625-5478-4994-a5ba-3e3b0328c30d}"/>
    
    <EventID>4634</EventID>
    <Version>0</Version>
    <Level>0</Level>
    <Task>12545</Task>
    <Opcode>0</Opcode>
    <Keywords>0x8020000000000000</Keywords>
    <TimeCreated SystemTime="2024-05-14T16:24:19.2330753Z"/>
    <EventRecordID>2699990</EventRecordID>
    <Correlation/>
    <Execution ProcessID="600" ThreadID="416"/>
    <Channel>Security</Channel>
    <Computer>FILE-BO-01.agentsoc.local</Computer>
    
    <Security/>
    
  </System>
  
  <EventData>
    
    <Data Name="TargetUserSid">S-1-5-7</Data>
    <Data Name="TargetUserName">ANONYMOUS LOGON</Data>
    <Data Name="TargetDomainName">NT AUTHORITY</Data>
    <Data Name="TargetLogonId">0x10725a7f</Data>
    <Data Name="LogonType">3</Data>
    
  </EventData>
  
</Event>
<Event xmlns="http://schemas.microsoft.com/win/2004/08/events/event">
  <System>
    
    <Provider Name="Microsoft-Windows-Security-Auditing" Guid="{54849625-5478-4994-a5ba-3e3b0328c30d}"/>
    
    <EventID>5156</EventID>
    <Version>1</Version>
    <Level>0</Level>
    <Task>12810</Task>
    <Opcode>0</Opcode>
    <Keywords>0x8020000000000000</Keywords>
    <TimeCreated SystemTime="2024-05-14T16:24:23.3872926Z"/>
    <EventRecordID>2699991</EventRecordID>
    <Correlation/>
    <Execution ProcessID="4" ThreadID="60"/>
    <Channel>Security</Channel>
    <Computer>FILE-BO-01.agentsoc.local</Computer>
    
    <Security/>
    
  </System>
  
  <EventData>
    
    <Data Name="ProcessID">4</Data>
    <Data Name="Application">System</Data>
    <Data Name="Direction">%%14592</Data>
    <Data Name="SourceAddress">10.44.10.24</Data>
    <Data Name="SourcePort">63858</Data>
    <Data Name="DestAddress">10.44.20.20</Data>
    <Data Name="DestPort">445</Data>
    <Data Name="Protocol">6</Data>
    <Data Name="FilterRTID">26798</Data>
    <Data Name="LayerName">%%14610</Data>
    <Data Name="LayerRTID">44</Data>
    <Data Name="RemoteUserID">S-1-0-0</Data>
    <Data Name="RemoteMachineID">S-1-0-0</Data>
    
  </EventData>
  
</Event>
<Event xmlns="http://schemas.microsoft.com/win/2004/08/events/event">
  <System>
    
    <Provider Name="Microsoft-Windows-Security-Auditing" Guid="{54849625-5478-4994-a5ba-3e3b0328c30d}"/>
    
    <EventID>4624</EventID>
    <Version>2</Version>
    <Level>0</Level>
    <Task>12544</Task>
    <Opcode>0</Opcode>
    <Keywords>0x8020000000000000</Keywords>
    <TimeCreated SystemTime="2024-05-14T16:24:23.4432921Z"/>
    <EventRecordID>2699996</EventRecordID>
    <Correlation/>
    <Execution ProcessID="3632" ThreadID="480"/>
    <Channel>Security</Channel>
    <Computer>FILE-BO-01.agentsoc.local</Computer>
    
    <Security/>
    
  </System>
  
  <EventData>
    
    <Data Name="SubjectUserSid">S-1-5-18</Data>
    <Data Name="SubjectUserName">SYSTEM</Data>
    <Data Name="SubjectDomainName">NT AUTHORITY</Data>
    <Data Name="SubjectLogonId">0x3e7</Data>
    <Data Name="TargetUserSid">S-1-5-21-1223493204-1473060041-1971563278-1004</Data>
    <Data Name="TargetUserName">ameen.khan</Data>
    <Data Name="TargetDomainName">AGENTSOC</Data>
    <Data Name="TargetLogonId">0x10727627</Data>
    <Data Name="LogonType">3</Data>
    <Data Name="LogonGuid">{00000000-0000-0000-0000-000000000000}</Data>
    <Data Name="LogonProcessName">NtLmSsp</Data>
    <Data Name="AuthenticationPackageName">NTLM</Data>
    <Data Name="WorkstationName">WS-AMEEN-01</Data>
    <Data Name="TransmittedServices">-</Data>
    <Data Name="LmPackageName">NTLM V2</Data>
    <Data Name="KeyLength">128</Data>
    <Data Name="ProcessId">0xe30</Data>
    <Data Name="ProcessName">C:\Windows\System32\lsass.exe</Data>
    <Data Name="IpAddress">::ffff:10.44.10.24</Data>
    <Data Name="IpPort">63858</Data>
    <Data Name="ImpersonationLevel">%%1833</Data>
    <Data Name="RestrictedAdminMode">-</Data>
    <Data Name="TargetOutboundUserName">-</Data>
    <Data Name="TargetOutboundDomainName">-</Data>
    <Data Name="VirtualAccount">%%1843</Data>
    <Data Name="ElevatedToken">%%1843</Data>
    <Data Name="TargetLinkedLogonId">0x0</Data>
    
  </EventData>
  
</Event>
<Event xmlns="http://schemas.microsoft.com/win/2004/08/events/event">
  <System>
    
    <Provider Name="Microsoft-Windows-Security-Auditing" Guid="{54849625-5478-4994-a5ba-3e3b0328c30d}"/>
    
    <EventID>5156</EventID>
    <Version>1</Version>
    <Level>0</Level>
    <Task>12810</Task>
    <Opcode>0</Opcode>
    <Keywords>0x8020000000000000</Keywords>
    <TimeCreated SystemTime="2024-05-14T16:24:58.2834054Z"/>
    <EventRecordID>2700000</EventRecordID>
    <Correlation/>
    <Execution ProcessID="4" ThreadID="124"/>
    <Channel>Security</Channel>
    <Computer>FILE-BO-01.agentsoc.local</Computer>
    
    <Security/>
    
  </System>
  
  <EventData>
    
    <Data Name="ProcessID">3632</Data>
    <Data Name="Application">\device\harddiskvolume1\windows\system32\lsass.exe</Data>
    <Data Name="Direction">%%14593</Data>
    <Data Name="SourceAddress">10.44.20.20</Data>
    <Data Name="SourcePort">53934</Data>
    <Data Name="DestAddress">10.44.20.10</Data>
    <Data Name="DestPort">88</Data>
    <Data Name="Protocol">17</Data>
    <Data Name="FilterRTID">26766</Data>
    <Data Name="LayerName">%%14611</Data>
    <Data Name="LayerRTID">48</Data>
    <Data Name="RemoteUserID">S-1-0-0</Data>
    <Data Name="RemoteMachineID">S-1-0-0</Data>
    
  </EventData>
  
</Event>
<Event xmlns="http://schemas.microsoft.com/win/2004/08/events/event">
  <System>
    
    <Provider Name="Microsoft-Windows-Security-Auditing" Guid="{54849625-5478-4994-a5ba-3e3b0328c30d}"/>
    
    <EventID>5156</EventID>
    <Version>1</Version>
    <Level>0</Level>
    <Task>12810</Task>
    <Opcode>0</Opcode>
    <Keywords>0x8020000000000000</Keywords>
    <TimeCreated SystemTime="2024-05-14T16:25:00.7959161Z"/>
    <EventRecordID>2700027</EventRecordID>
    <Correlation/>
    <Execution ProcessID="4" ThreadID="124"/>
    <Channel>Security</Channel>
    <Computer>FILE-BO-01.agentsoc.local</Computer>
    
    <Security/>
    
  </System>
  
  <EventData>
    
    <Data Name="ProcessID">4</Data>
    <Data Name="Application">System</Data>
    <Data Name="Direction">%%14592</Data>
    <Data Name="SourceAddress">10.44.10.24</Data>
    <Data Name="SourcePort">52705</Data>
    <Data Name="DestAddress">10.44.20.20</Data>
    <Data Name="DestPort">445</Data>
    <Data Name="Protocol">6</Data>
    <Data Name="FilterRTID">26798</Data>
    <Data Name="LayerName">%%14610</Data>
    <Data Name="LayerRTID">44</Data>
    <Data Name="RemoteUserID">S-1-0-0</Data>
    <Data Name="RemoteMachineID">S-1-0-0</Data>
    
  </EventData>
  
</Event>
<Event xmlns="http://schemas.microsoft.com/win/2004/08/events/event">
  <System>
    
    <Provider Name="Microsoft-Windows-Security-Auditing" Guid="{54849625-5478-4994-a5ba-3e3b0328c30d}"/>
    
    <EventID>4624</EventID>
    <Version>2</Version>
    <Level>0</Level>
    <Task>12544</Task>
    <Opcode>0</Opcode>
    <Keywords>0x8020000000000000</Keywords>
    <TimeCreated SystemTime="2024-05-14T16:25:00.8799167Z"/>
    <EventRecordID>2700028</EventRecordID>
    <Correlation/>
    <Execution ProcessID="3632" ThreadID="268"/>
    <Channel>Security</Channel>
    <Computer>FILE-BO-01.agentsoc.local</Computer>
    
    <Security/>
    
  </System>
  
  <EventData>
    
    <Data Name="SubjectUserSid">S-1-5-18</Data>
    <Data Name="SubjectUserName">SYSTEM</Data>
    <Data Name="SubjectDomainName">NT AUTHORITY</Data>
    <Data Name="SubjectLogonId">0x3e7</Data>
    <Data Name="TargetUserSid">S-1-5-21-1223493204-1473060041-1971563278-1004</Data>
    <Data Name="TargetUserName">ameen.khan</Data>
    <Data Name="TargetDomainName">AGENTSOC</Data>
    <Data Name="TargetLogonId">0x10728bc0</Data>
    <Data Name="LogonType">3</Data>
    <Data Name="LogonGuid">{00000000-0000-0000-0000-000000000000}</Data>
    <Data Name="LogonProcessName">NtLmSsp</Data>
    <Data Name="AuthenticationPackageName">NTLM</Data>
    <Data Name="WorkstationName">WS-AMEEN-01</Data>
    <Data Name="TransmittedServices">-</Data>
    <Data Name="LmPackageName">NTLM V2</Data>
    <Data Name="KeyLength">128</Data>
    <Data Name="ProcessId">0xe30</Data>
    <Data Name="ProcessName">C:\Windows\System32\lsass.exe</Data>
    <Data Name="IpAddress">::ffff:10.44.10.24</Data>
    <Data Name="IpPort">52705</Data>
    <Data Name="ImpersonationLevel">%%1833</Data>
    <Data Name="RestrictedAdminMode">-</Data>
    <Data Name="TargetOutboundUserName">-</Data>
    <Data Name="TargetOutboundDomainName">-</Data>
    <Data Name="VirtualAccount">%%1843</Data>
    <Data Name="ElevatedToken">%%1842</Data>
    <Data Name="TargetLinkedLogonId">0x0</Data>
    
  </EventData>
  
</Event>
<Event xmlns="http://schemas.microsoft.com/win/2004/08/events/event">
  <System>
    
    <Provider Name="Microsoft-Windows-Security-Auditing" Guid="{54849625-5478-4994-a5ba-3e3b0328c30d}"/>
    
    <EventID>4672</EventID>
    <Version>0</Version>
    <Level>0</Level>
    <Task>12548</Task>
    <Opcode>0</Opcode>
    <Keywords>0x8020000000000000</Keywords>
    <TimeCreated SystemTime="2024-05-14T16:25:00.9209162Z"/>
    <EventRecordID>2700029</EventRecordID>
    <Correlation/>
    <Execution ProcessID="3632" ThreadID="380"/>
    <Channel>Security</Channel>
    <Computer>FILE-BO-01.agentsoc.local</Computer>
    
    <Security/>
    
  </System>
  
  <EventData>
    
    <Data Name="SubjectUserSid">S-1-5-21-1223493204-1473060041-1971563278-1004</Data>
    <Data Name="SubjectUserName">ameen.khan</Data>
    <Data Name="SubjectDomainName">AGENTSOC</Data>
    <Data Name="SubjectLogonId">0x10728bc0</Data>
    <Data Name="PrivilegeList">SeBackupPrivilege
			SeRestorePrivilege
			SeDebugPrivilege
			SeChangeNotifyPrivilege
			SeIncreaseWorkingSetPrivilege
			SeTimeZonePrivilege</Data>
    
  </EventData>
  
</Event>
<Event xmlns="http://schemas.microsoft.com/win/2004/08/events/event">
  <System>
    
    <Provider Name="Microsoft-Windows-Security-Auditing" Guid="{54849625-5478-4994-a5ba-3e3b0328c30d}"/>
    
    <EventID>4634</EventID>
    <Version>0</Version>
    <Level>0</Level>
    <Task>12545</Task>
    <Opcode>0</Opcode>
    <Keywords>0x8020000000000000</Keywords>
    <TimeCreated SystemTime="2024-05-14T16:25:03.5272207Z"/>
    <EventRecordID>2700030</EventRecordID>
    <Correlation/>
    <Execution ProcessID="600" ThreadID="220"/>
    <Channel>Security</Channel>
    <Computer>FILE-BO-01.agentsoc.local</Computer>
    
    <Security/>
    
  </System>
  
  <EventData>
    
    <Data Name="TargetUserSid">S-1-5-21-1223493204-1473060041-1971563278-1004</Data>
    <Data Name="TargetUserName">ameen.khan</Data>
    <Data Name="TargetDomainName">AGENTSOC</Data>
    <Data Name="TargetLogonId">0x10727627</Data>
    <Data Name="LogonType">3</Data>
    
  </EventData>
  
</Event>
<Event xmlns="http://schemas.microsoft.com/win/2004/08/events/event">
  <System>
    
    <Provider Name="Microsoft-Windows-Security-Auditing" Guid="{54849625-5478-4994-a5ba-3e3b0328c30d}"/>
    
    <EventID>4634</EventID>
    <Version>0</Version>
    <Level>0</Level>
    <Task>12545</Task>
    <Opcode>0</Opcode>
    <Keywords>0x8020000000000000</Keywords>
    <TimeCreated SystemTime="2024-05-14T16:25:25.5943748Z"/>
    <EventRecordID>2700043</EventRecordID>
    <Correlation/>
    <Execution ProcessID="600" ThreadID="156"/>
    <Channel>Security</Channel>
    <Computer>FILE-BO-01.agentsoc.local</Computer>
    
    <Security/>
    
  </System>
  
  <EventData>
    
    <Data Name="TargetUserSid">S-1-5-21-1223493204-1473060041-1971563278-1004</Data>
    <Data Name="TargetUserName">ameen.khan</Data>
    <Data Name="TargetDomainName">AGENTSOC</Data>
    <Data Name="TargetLogonId">0x10728bc0</Data>
    <Data Name="LogonType">3</Data>
    
  </EventData>
  
</Event>
<Event xmlns="http://schemas.microsoft.com/win/2004/08/events/event">
  <System>
    
    <Provider Name="Microsoft-Windows-Security-Auditing" Guid="{54849625-5478-4994-a5ba-3e3b0328c30d}"/>
    
    <EventID>5156</EventID>
    <Version>1</Version>
    <Level>0</Level>
    <Task>12810</Task>
    <Opcode>0</Opcode>
    <Keywords>0x8020000000000000</Keywords>
    <TimeCreated SystemTime="2024-05-14T16:25:56.5563995Z"/>
    <EventRecordID>2700068</EventRecordID>
    <Correlation/>
    <Execution ProcessID="4" ThreadID="184"/>
    <Channel>Security</Channel>
    <Computer>FILE-BO-01.agentsoc.local</Computer>
    
    <Security/>
    
  </System>
  
  <EventData>
    
    <Data Name="ProcessID">3632</Data>
    <Data Name="Application">\device\harddiskvolume1\windows\system32\lsass.exe</Data>
    <Data Name="Direction">%%14593</Data>
    <Data Name="SourceAddress">10.44.20.20</Data>
    <Data Name="SourcePort">51641</Data>
    <Data Name="DestAddress">10.44.20.10</Data>
    <Data Name="DestPort">88</Data>
    <Data Name="Protocol">17</Data>
    <Data Name="FilterRTID">26766</Data>
    <Data Name="LayerName">%%14611</Data>
    <Data Name="LayerRTID">48</Data>
    <Data Name="RemoteUserID">S-1-0-0</Data>
    <Data Name="RemoteMachineID">S-1-0-0</Data>
    
  </EventData>
  
</Event>
<Event xmlns="http://schemas.microsoft.com/win/2004/08/events/event">
  <System>
    
    <Provider Name="Microsoft-Windows-Security-Auditing" Guid="{54849625-5478-4994-a5ba-3e3b0328c30d}"/>
    
    <EventID>5156</EventID>
    <Version>1</Version>
    <Level>0</Level>
    <Task>12810</Task>
    <Opcode>0</Opcode>
    <Keywords>0x8020000000000000</Keywords>
    <TimeCreated SystemTime="2024-05-14T16:25:57.7034426Z"/>
    <EventRecordID>2700069</EventRecordID>
    <Correlation/>
    <Execution ProcessID="4" ThreadID="192"/>
    <Channel>Security</Channel>
    <Computer>FILE-BO-01.agentsoc.local</Computer>
    
    <Security/>
    
  </System>
  
  <EventData>
    
    <Data Name="ProcessID">3632</Data>
    <Data Name="Application">\device\harddiskvolume1\windows\system32\lsass.exe</Data>
    <Data Name="Direction">%%14593</Data>
    <Data Name="SourceAddress">10.44.20.20</Data>
    <Data Name="SourcePort">52057</Data>
    <Data Name="DestAddress">10.44.20.10</Data>
    <Data Name="DestPort">88</Data>
    <Data Name="Protocol">17</Data>
    <Data Name="FilterRTID">26766</Data>
    <Data Name="LayerName">%%14611</Data>
    <Data Name="LayerRTID">48</Data>
    <Data Name="RemoteUserID">S-1-0-0</Data>
    <Data Name="RemoteMachineID">S-1-0-0</Data>
    
  </EventData>
  
</Event>
<Event xmlns="http://schemas.microsoft.com/win/2004/08/events/event">
  <System>
    
    <Provider Name="Microsoft-Windows-Security-Auditing" Guid="{54849625-5478-4994-a5ba-3e3b0328c30d}"/>
    
    <EventID>5156</EventID>
    <Version>1</Version>
    <Level>0</Level>
    <Task>12810</Task>
    <Opcode>0</Opcode>
    <Keywords>0x8020000000000000</Keywords>
    <TimeCreated SystemTime="2024-05-14T16:25:59.5575914Z"/>
    <EventRecordID>2700070</EventRecordID>
    <Correlation/>
    <Execution ProcessID="4" ThreadID="148"/>
    <Channel>Security</Channel>
    <Computer>FILE-BO-01.agentsoc.local</Computer>
    
    <Security/>
    
  </System>
  
  <EventData>
    
    <Data Name="ProcessID">3632</Data>
    <Data Name="Application">\device\harddiskvolume1\windows\system32\lsass.exe</Data>
    <Data Name="Direction">%%14593</Data>
    <Data Name="SourceAddress">10.44.20.20</Data>
    <Data Name="SourcePort">59550</Data>
    <Data Name="DestAddress">10.44.20.10</Data>
    <Data Name="DestPort">88</Data>
    <Data Name="Protocol">6</Data>
    <Data Name="FilterRTID">26768</Data>
    <Data Name="LayerName">%%14611</Data>
    <Data Name="LayerRTID">48</Data>
    <Data Name="RemoteUserID">S-1-0-0</Data>
    <Data Name="RemoteMachineID">S-1-0-0</Data>
    
  </EventData>
  
</Event>
<Event xmlns="http://schemas.microsoft.com/win/2004/08/events/event">
  <System>
    
    <Provider Name="Microsoft-Windows-Security-Auditing" Guid="{54849625-5478-4994-a5ba-3e3b0328c30d}"/>
    
    <EventID>5156</EventID>
    <Version>1</Version>
    <Level>0</Level>
    <Task>12810</Task>
    <Opcode>0</Opcode>
    <Keywords>0x8020000000000000</Keywords>
    <TimeCreated SystemTime="2024-05-14T16:26:02.1141190Z"/>
    <EventRecordID>2700071</EventRecordID>
    <Correlation/>
    <Execution ProcessID="4" ThreadID="84"/>
    <Channel>Security</Channel>
    <Computer>FILE-BO-01.agentsoc.local</Computer>
    
    <Security/>
    
  </System>
  
  <EventData>
    
    <Data Name="ProcessID">3632</Data>
    <Data Name="Application">\device\harddiskvolume1\windows\system32\lsass.exe</Data>
    <Data Name="Direction">%%14593</Data>
    <Data Name="SourceAddress">10.44.20.20</Data>
    <Data Name="SourcePort">50422</Data>
    <Data Name="DestAddress">10.44.20.10</Data>
    <Data Name="DestPort">88</Data>
    <Data Name="Protocol">6</Data>
    <Data Name="FilterRTID">26768</Data>
    <Data Name="LayerName">%%14611</Data>
    <Data Name="LayerRTID">48</Data>
    <Data Name="RemoteUserID">S-1-0-0</Data>
    <Data Name="RemoteMachineID">S-1-0-0</Data>
    
  </EventData>
  
</Event>
<Event xmlns="http://schemas.microsoft.com/win/2004/08/events/event">
  <System>
    
    <Provider Name="Microsoft-Windows-Security-Auditing" Guid="{54849625-5478-4994-a5ba-3e3b0328c30d}"/>
    
    <EventID>5156</EventID>
    <Version>1</Version>
    <Level>0</Level>
    <Task>12810</Task>
    <Opcode>0</Opcode>
    <Keywords>0x8020000000000000</Keywords>
    <TimeCreated SystemTime="2024-05-14T16:26:15.2423426Z"/>
    <EventRecordID>2700073</EventRecordID>
    <Correlation/>
    <Execution ProcessID="4" ThreadID="100"/>
    <Channel>Security</Channel>
    <Computer>FILE-BO-01.agentsoc.local</Computer>
    
    <Security/>
    
  </System>
  
  <EventData>
    
    <Data Name="ProcessID">3668</Data>
    <Data Name="Application">\device\harddiskvolume1\windows\system32\svchost.exe</Data>
    <Data Name="Direction">%%14593</Data>
    <Data Name="SourceAddress">10.44.20.20</Data>
    <Data Name="SourcePort">59656</Data>
    <Data Name="DestAddress">10.44.20.30</Data>
    <Data Name="DestPort">80</Data>
    <Data Name="Protocol">6</Data>
    <Data Name="FilterRTID">26814</Data>
    <Data Name="LayerName">%%14611</Data>
    <Data Name="LayerRTID">48</Data>
    <Data Name="RemoteUserID">S-1-0-0</Data>
    <Data Name="RemoteMachineID">S-1-0-0</Data>
    
  </EventData>
  
</Event>
<Event xmlns="http://schemas.microsoft.com/win/2004/08/events/event">
  <System>
    
    <Provider Name="Microsoft-Windows-Security-Auditing" Guid="{54849625-5478-4994-a5ba-3e3b0328c30d}"/>
    
    <EventID>5156</EventID>
    <Version>1</Version>
    <Level>0</Level>
    <Task>12810</Task>
    <Opcode>0</Opcode>
    <Keywords>0x8020000000000000</Keywords>
    <TimeCreated SystemTime="2024-05-14T16:26:20.2523454Z"/>
    <EventRecordID>2700191</EventRecordID>
    <Correlation/>
    <Execution ProcessID="4" ThreadID="200"/>
    <Channel>Security</Channel>
    <Computer>FILE-BO-01.agentsoc.local</Computer>
    
    <Security/>
    
  </System>
  
  <EventData>
    
    <Data Name="ProcessID">3668</Data>
    <Data Name="Application">\device\harddiskvolume1\windows\system32\svchost.exe</Data>
    <Data Name="Direction">%%14593</Data>
    <Data Name="SourceAddress">10.44.20.20</Data>
    <Data Name="SourcePort">56504</Data>
    <Data Name="DestAddress">10.44.10.22</Data>
    <Data Name="DestPort">80</Data>
    <Data Name="Protocol">6</Data>
    <Data Name="FilterRTID">26814</Data>
    <Data Name="LayerName">%%14611</Data>
    <Data Name="LayerRTID">48</Data>
    <Data Name="RemoteUserID">S-1-0-0</Data>
    <Data Name="RemoteMachineID">S-1-0-0</Data>
    
  </EventData>
  
</Event>
<Event xmlns="http://schemas.microsoft.com/win/2004/08/events/event">
  <System>
    
    <Provider Name="Microsoft-Windows-Security-Auditing" Guid="{54849625-5478-4994-a5ba-3e3b0328c30d}"/>
    
    <EventID>5156</EventID>
    <Version>1</Version>
    <Level>0</Level>
    <Task>12810</Task>
    <Opcode>0</Opcode>
    <Keywords>0x8020000000000000</Keywords>
    <TimeCreated SystemTime="2024-05-14T16:26:23.1381373Z"/>
    <EventRecordID>2700228</EventRecordID>
    <Correlation/>
    <Execution ProcessID="4" ThreadID="68"/>
    <Channel>Security</Channel>
    <Computer>FILE-BO-01.agentsoc.local</Computer>
    
    <Security/>
    
  </System>
  
  <EventData>
    
    <Data Name="ProcessID">3668</Data>
    <Data Name="Application">\device\harddiskvolume1\windows\system32\svchost.exe</Data>
    <Data Name="Direction">%%14593</Data>
    <Data Name="SourceAddress">10.44.20.20</Data>
    <Data Name="SourcePort">65343</Data>
    <Data Name="DestAddress">10.44.20.30</Data>
    <Data Name="DestPort">443</Data>
    <Data Name="Protocol">6</Data>
    <Data Name="FilterRTID">26814</Data>
    <Data Name="LayerName">%%14611</Data>
    <Data Name="LayerRTID">48</Data>
    <Data Name="RemoteUserID">S-1-0-0</Data>
    <Data Name="RemoteMachineID">S-1-0-0</Data>
    
  </EventData>
  
</Event>
<Event xmlns="http://schemas.microsoft.com/win/2004/08/events/event">
  <System>
    
    <Provider Name="Microsoft-Windows-Security-Auditing" Guid="{54849625-5478-4994-a5ba-3e3b0328c30d}"/>
    
    <EventID>5156</EventID>
    <Version>1</Version>
    <Level>0</Level>
    <Task>12810</Task>
    <Opcode>0</Opcode>
    <Keywords>0x8020000000000000</Keywords>
    <TimeCreated SystemTime="2024-05-14T16:26:25.8362950Z"/>
    <EventRecordID>2700229</EventRecordID>
    <Correlation/>
    <Execution ProcessID="4" ThreadID="176"/>
    <Channel>Security</Channel>
    <Computer>FILE-BO-01.agentsoc.local</Computer>
    
    <Security/>
    
  </System>
  
  <EventData>
    
    <Data Name="ProcessID">3668</Data>
    <Data Name="Application">\device\harddiskvolume1\windows\system32\svchost.exe</Data>
    <Data Name="Direction">%%14593</Data>
    <Data Name="SourceAddress">10.44.20.20</Data>
    <Data Name="SourcePort">65240</Data>
    <Data Name="DestAddress">10.44.10.25</Data>
    <Data Name="DestPort">8080</Data>
    <Data Name="Protocol">6</Data>
    <Data Name="FilterRTID">26829</Data>
    <Data Name="LayerName">%%14611</Data>
    <Data Name="LayerRTID">48</Data>
    <Data Name="RemoteUserID">S-1-0-0</Data>
    <Data Name="RemoteMachineID">S-1-0-0</Data>
    
  </EventData>
  
</Event>
<Event xmlns="http://schemas.microsoft.com/win/2004/08/events/event">
  <System>
    
    <Provider Name="Microsoft-Windows-Security-Auditing" Guid="{54849625-5478-4994-a5ba-3e3b0328c30d}"/>
    
    <EventID>4688</EventID>
    <Version>2</Version>
    <Level>0</Level>
    <Task>13312</Task>
    <Opcode>0</Opcode>
    <Keywords>0x8020000000000000</Keywords>
    <TimeCreated SystemTime="2024-05-14T16:26:29.6377895Z"/>
    <EventRecordID>2700231</EventRecordID>
    <Correlation/>
    <Execution ProcessID="4" ThreadID="6192"/>
    <Channel>Security</Channel>
    <Computer>FILE-BO-01.agentsoc.local</Computer>
    
    <Security/>
    
  </System>
  
  <EventData>
    
    <Data Name="SubjectUserSid">S-1-5-18</Data>
    <Data Name="SubjectUserName">SYSTEM</Data>
    <Data Name="SubjectDomainName">NT AUTHORITY</Data>
    <Data Name="SubjectLogonId">0x3e7</Data>
    <Data Name="NewProcessId">0x190c</Data>
    <Data Name="NewProcessName">C:\Windows\System32\conhost.exe</Data>
    <Data Name="TokenElevationType">%%1936</Data>
    <Data Name="ProcessId">0xe1c</Data>
    <Data Name="CommandLine">\??\C:\Windows\system32\conhost.exe 0xffffffff -ForceV1</Data>
    <Data Name="TargetUserSid">S-1-5-18</Data>
    <Data Name="TargetUserName">SYSTEM</Data>
    <Data Name="TargetDomainName">NT AUTHORITY</Data>
    <Data Name="TargetLogonId">0x3e7</Data>
    <Data Name="ParentProcessName">C:\Windows\System32\csrss.exe</Data>
    <Data Name="MandatoryLabel">S-1-16-16384</Data>
    
  </EventData>
  
</Event>
<Event xmlns="http://schemas.microsoft.com/win/2004/08/events/event">
  <System>
    
    <Provider Name="Microsoft-Windows-Security-Auditing" Guid="{54849625-5478-4994-a5ba-3e3b0328c30d}"/>
    
    <EventID>5156</EventID>
    <Version>1</Version>
    <Level>0</Level>
    <Task>12810</Task>
    <Opcode>0</Opcode>
    <Keywords>0x8020000000000000</Keywords>
    <TimeCreated SystemTime="2024-05-14T16:26:30.4972507Z"/>
    <EventRecordID>2700262</EventRecordID>
    <Correlation/>
    <Execution ProcessID="4" ThreadID="152"/>
    <Channel>Security</Channel>
    <Computer>FILE-BO-01.agentsoc.local</Computer>
    
    <Security/>
    
  </System>
  
  <EventData>
    
    <Data Name="ProcessID">3668</Data>
    <Data Name="Application">\device\harddiskvolume1\windows\system32\svchost.exe</Data>
    <Data Name="Direction">%%14593</Data>
    <Data Name="SourceAddress">10.44.20.20</Data>
    <Data Name="SourcePort">61463</Data>
    <Data Name="DestAddress">10.44.20.30</Data>
    <Data Name="DestPort">8443</Data>
    <Data Name="Protocol">6</Data>
    <Data Name="FilterRTID">26814</Data>
    <Data Name="LayerName">%%14611</Data>
    <Data Name="LayerRTID">48</Data>
    <Data Name="RemoteUserID">S-1-0-0</Data>
    <Data Name="RemoteMachineID">S-1-0-0</Data>
    
  </EventData>
  
</Event>
<Event xmlns="http://schemas.microsoft.com/win/2004/08/events/event">
  <System>
    
    <Provider Name="Microsoft-Windows-Security-Auditing" Guid="{54849625-5478-4994-a5ba-3e3b0328c30d}"/>
    
    <EventID>5156</EventID>
    <Version>1</Version>
    <Level>0</Level>
    <Task>12810</Task>
    <Opcode>0</Opcode>
    <Keywords>0x8020000000000000</Keywords>
    <TimeCreated SystemTime="2024-05-14T16:26:34.0514561Z"/>
    <EventRecordID>2700749</EventRecordID>
    <Correlation/>
    <Execution ProcessID="4" ThreadID="140"/>
    <Channel>Security</Channel>
    <Computer>FILE-BO-01.agentsoc.local</Computer>
    
    <Security/>
    
  </System>
  
  <EventData>
    
    <Data Name="ProcessID">3668</Data>
    <Data Name="Application">\device\harddiskvolume1\windows\system32\svchost.exe</Data>
    <Data Name="Direction">%%14593</Data>
    <Data Name="SourceAddress">10.44.20.20</Data>
    <Data Name="SourcePort">58424</Data>
    <Data Name="DestAddress">10.44.10.22</Data>
    <Data Name="DestPort">8443</Data>
    <Data Name="Protocol">6</Data>
    <Data Name="FilterRTID">26814</Data>
    <Data Name="LayerName">%%14611</Data>
    <Data Name="LayerRTID">48</Data>
    <Data Name="RemoteUserID">S-1-0-0</Data>
    <Data Name="RemoteMachineID">S-1-0-0</Data>
    
  </EventData>
  
</Event>
<Event xmlns="http://schemas.microsoft.com/win/2004/08/events/event">
  <System>
    
    <Provider Name="Microsoft-Windows-Security-Auditing" Guid="{54849625-5478-4994-a5ba-3e3b0328c30d}"/>
    
    <EventID>5156</EventID>
    <Version>1</Version>
    <Level>0</Level>
    <Task>12810</Task>
    <Opcode>0</Opcode>
    <Keywords>0x8020000000000000</Keywords>
    <TimeCreated SystemTime="2024-05-14T16:26:39.4019698Z"/>
    <EventRecordID>2700750</EventRecordID>
    <Correlation/>
    <Execution ProcessID="4" ThreadID="160"/>
    <Channel>Security</Channel>
    <Computer>FILE-BO-01.agentsoc.local</Computer>
    
    <Security/>
    
  </System>
  
  <EventData>
    
    <Data Name="ProcessID">3668</Data>
    <Data Name="Application">\device\harddiskvolume1\windows\system32\svchost.exe</Data>
    <Data Name="Direction">%%14593</Data>
    <Data Name="SourceAddress">10.44.20.20</Data>
    <Data Name="SourcePort">64220</Data>
    <Data Name="DestAddress">10.44.10.21</Data>
    <Data Name="DestPort">8443</Data>
    <Data Name="Protocol">6</Data>
    <Data Name="FilterRTID">26814</Data>
    <Data Name="LayerName">%%14611</Data>
    <Data Name="LayerRTID">48</Data>
    <Data Name="RemoteUserID">S-1-0-0</Data>
    <Data Name="RemoteMachineID">S-1-0-0</Data>
    
  </EventData>
  
</Event>
<Event xmlns="http://schemas.microsoft.com/win/2004/08/events/event">
  <System>
    
    <Provider Name="Microsoft-Windows-Security-Auditing" Guid="{54849625-5478-4994-a5ba-3e3b0328c30d}"/>
    
    <EventID>5156</EventID>
    <Version>1</Version>
    <Level>0</Level>
    <Task>12810</Task>
    <Opcode>0</Opcode>
    <Keywords>0x8020000000000000</Keywords>
    <TimeCreated SystemTime="2024-05-14T16:26:40.2916735Z"/>
    <EventRecordID>2700751</EventRecordID>
    <Correlation/>
    <Execution ProcessID="4" ThreadID="136"/>
    <Channel>Security</Channel>
    <Computer>FILE-BO-01.agentsoc.local</Computer>
    
    <Security/>
    
  </System>
  
  <EventData>
    
    <Data Name="ProcessID">4</Data>
    <Data Name="Application">System</Data>
    <Data Name="Direction">%%14592</Data>
    <Data Name="SourceAddress">10.44.10.21</Data>
    <Data Name="SourcePort">51260</Data>
    <Data Name="DestAddress">10.44.20.20</Data>
    <Data Name="DestPort">445</Data>
    <Data Name="Protocol">6</Data>
    <Data Name="FilterRTID">26798</Data>
    <Data Name="LayerName">%%14610</Data>
    <Data Name="LayerRTID">44</Data>
    <Data Name="RemoteUserID">S-1-0-0</Data>
    <Data Name="RemoteMachineID">S-1-0-0</Data>
    
  </EventData>
  
</Event>
<Event xmlns="http://schemas.microsoft.com/win/2004/08/events/event">
  <System>
    
    <Provider Name="Microsoft-Windows-Security-Auditing" Guid="{54849625-5478-4994-a5ba-3e3b0328c30d}"/>
    
    <EventID>5156</EventID>
    <Version>1</Version>
    <Level>0</Level>
    <Task>12810</Task>
    <Opcode>0</Opcode>
    <Keywords>0x8020000000000000</Keywords>
    <TimeCreated SystemTime="2024-05-14T16:26:41.5880613Z"/>
    <EventRecordID>2700752</EventRecordID>
    <Correlation/>
    <Execution ProcessID="4" ThreadID="164"/>
    <Channel>Security</Channel>
    <Computer>FILE-BO-01.agentsoc.local</Computer>
    
    <Security/>
    
  </System>
  
  <EventData>
    
    <Data Name="ProcessID">3668</Data>
    <Data Name="Application">\device\harddiskvolume1\windows\system32\svchost.exe</Data>
    <Data Name="Direction">%%14593</Data>
    <Data Name="SourceAddress">10.44.20.20</Data>
    <Data Name="SourcePort">64148</Data>
    <Data Name="DestAddress">10.44.10.25</Data>
    <Data Name="DestPort">443</Data>
    <Data Name="Protocol">6</Data>
    <Data Name="FilterRTID">26814</Data>
    <Data Name="LayerName">%%14611</Data>
    <Data Name="LayerRTID">48</Data>
    <Data Name="RemoteUserID">S-1-0-0</Data>
    <Data Name="RemoteMachineID">S-1-0-0</Data>
    
  </EventData>
  
</Event>
<Event xmlns="http://schemas.microsoft.com/win/2004/08/events/event">
  <System>
    
    <Provider Name="Microsoft-Windows-Security-Auditing" Guid="{54849625-5478-4994-a5ba-3e3b0328c30d}"/>
    
    <EventID>4624</EventID>
    <Version>2</Version>
    <Level>0</Level>
    <Task>12544</Task>
    <Opcode>0</Opcode>
    <Keywords>0x8020000000000000</Keywords>
    <TimeCreated SystemTime="2024-05-14T16:26:43.0098312Z"/>
    <EventRecordID>2700753</EventRecordID>
    <Correlation/>
    <Execution ProcessID="3632" ThreadID="276"/>
    <Channel>Security</Channel>
    <Computer>FILE-BO-01.agentsoc.local</Computer>
    
    <Security/>
    
  </System>
  
  <EventData>
    
    <Data Name="SubjectUserSid">S-1-5-18</Data>
    <Data Name="SubjectUserName">SYSTEM</Data>
    <Data Name="SubjectDomainName">NT AUTHORITY</Data>
    <Data Name="SubjectLogonId">0x3e7</Data>
    <Data Name="TargetUserSid">S-1-5-18</Data>
    <Data Name="TargetUserName">SYSTEM</Data>
    <Data Name="TargetDomainName">NT AUTHORITY</Data>
    <Data Name="TargetLogonId">0x1072be21</Data>
    <Data Name="LogonType">5</Data>
    <Data Name="LogonGuid">{00000000-0000-0000-0000-000000000000}</Data>
    <Data Name="LogonProcessName">Advapi</Data>
    <Data Name="AuthenticationPackageName">Negotiate</Data>
    <Data Name="WorkstationName">FILE-BO-01</Data>
    <Data Name="TransmittedServices">-</Data>
    <Data Name="LmPackageName">-</Data>
    <Data Name="KeyLength">0</Data>
    <Data Name="ProcessId">0xe2c</Data>
    <Data Name="ProcessName">C:\Windows\System32\services.exe</Data>
    <Data Name="IpAddress">-</Data>
    <Data Name="IpPort">-</Data>
    <Data Name="ImpersonationLevel">%%1833</Data>
    <Data Name="RestrictedAdminMode">-</Data>
    <Data Name="TargetOutboundUserName">-</Data>
    <Data Name="TargetOutboundDomainName">-</Data>
    <Data Name="VirtualAccount">%%1843</Data>
    <Data Name="ElevatedToken">%%1842</Data>
    <Data Name="TargetLinkedLogonId">0x0</Data>
    
  </EventData>
  
</Event>
<Event xmlns="http://schemas.microsoft.com/win/2004/08/events/event">
  <System>
    
    <Provider Name="Microsoft-Windows-Security-Auditing" Guid="{54849625-5478-4994-a5ba-3e3b0328c30d}"/>
    
    <EventID>4672</EventID>
    <Version>0</Version>
    <Level>0</Level>
    <Task>12548</Task>
    <Opcode>0</Opcode>
    <Keywords>0x8020000000000000</Keywords>
    <TimeCreated SystemTime="2024-05-14T16:26:43.0258317Z"/>
    <EventRecordID>2700754</EventRecordID>
    <Correlation/>
    <Execution ProcessID="3632" ThreadID="400"/>
    <Channel>Security</Channel>
    <Computer>FILE-BO-01.agentsoc.local</Computer>
    
    <Security/>
    
  </System>
  
  <EventData>
    
    <Data Name="SubjectUserSid">S-1-5-18</Data>
    <Data Name="SubjectUserName">SYSTEM</Data>
    <Data Name="SubjectDomainName">NT AUTHORITY</Data>
    <Data Name="SubjectLogonId">0x1072be21</Data>
    <Data Name="PrivilegeList">SeTcbPrivilege
			SeSecurityPrivilege
			SeTakeOwnershipPrivilege
			SeLoadDriverPrivilege
			SeBackupPrivilege
			SeRestorePrivilege
			SeDebugPrivilege
			SeAuditPrivilege
			SeSystemEnvironmentPrivilege
			SeImpersonatePrivilege
			SeDelegateSessionUserImpersonatePrivilege</Data>
    
  </EventData>
  
</Event>
<Event xmlns="http://schemas.microsoft.com/win/2004/08/events/event">
  <System>
    
    <Provider Name="Microsoft-Windows-Security-Auditing" Guid="{54849625-5478-4994-a5ba-3e3b0328c30d}"/>
    
    <EventID>4689</EventID>
    <Version>0</Version>
    <Level>0</Level>
    <Task>13313</Task>
    <Opcode>0</Opcode>
    <Keywords>0x8020000000000000</Keywords>
    <TimeCreated SystemTime="2024-05-14T16:27:01.2984942Z"/>
    <EventRecordID>2700757</EventRecordID>
    <Correlation/>
    <Execution ProcessID="4" ThreadID="424"/>
    <Channel>Security</Channel>
    <Computer>FILE-BO-01.agentsoc.local</Computer>
    
    <Security/>
    
  </System>
  
  <EventData>
    
    <Data Name="SubjectUserSid">S-1-5-18</Data>
    <Data Name="SubjectUserName">SYSTEM</Data>
    <Data Name="SubjectDomainName">NT AUTHORITY</Data>
    <Data Name="SubjectLogonId">0x3e7</Data>
    <Data Name="Status">0x0</Data>
    <Data Name="ProcessId">0x190c</Data>
    <Data Name="ProcessName">C:\Windows\System32\conhost.exe</Data>
    
  </EventData>
  
</Event>
<Event xmlns="http://schemas.microsoft.com/win/2004/08/events/event">
  <System>
    
    <Provider Name="Microsoft-Windows-Security-Auditing" Guid="{54849625-5478-4994-a5ba-3e3b0328c30d}"/>
    
    <EventID>5156</EventID>
    <Version>1</Version>
    <Level>0</Level>
    <Task>12810</Task>
    <Opcode>0</Opcode>
    <Keywords>0x8020000000000000</Keywords>
    <TimeCreated SystemTime="2024-05-14T16:27:01.6662423Z"/>
    <EventRecordID>2700758</EventRecordID>
    <Correlation/>
    <Execution ProcessID="4" ThreadID="156"/>
    <Channel>Security</Channel>
    <Computer>FILE-BO-01.agentsoc.local</Computer>
    
    <Security/>
    
  </System>
  
  <EventData>
    
    <Data Name="ProcessID">3632</Data>
    <Data Name="Application">\device\harddiskvolume1\windows\system32\lsass.exe</Data>
    <Data Name="Direction">%%14593</Data>
    <Data Name="SourceAddress">10.44.20.20</Data>
    <Data Name="SourcePort">49611</Data>
    <Data Name="DestAddress">10.44.20.10</Data>
    <Data Name="DestPort">389</Data>
    <Data Name="Protocol">6</Data>
    <Data Name="FilterRTID">26783</Data>
    <Data Name="LayerName">%%14611</Data>
    <Data Name="LayerRTID">48</Data>
    <Data Name="RemoteUserID">S-1-0-0</Data>
    <Data Name="RemoteMachineID">S-1-0-0</Data>
    
  </EventData>
  
</Event>
<Event xmlns="http://schemas.microsoft.com/win/2004/08/events/event">
  <System>
    
    <Provider Name="Microsoft-Windows-Security-Auditing" Guid="{54849625-5478-4994-a5ba-3e3b0328c30d}"/>
    
    <EventID>5156</EventID>
    <Version>1</Version>
    <Level>0</Level>
    <Task>12810</Task>
    <Opcode>0</Opcode>
    <Keywords>0x8020000000000000</Keywords>
    <TimeCreated SystemTime="2024-05-14T16:27:34.9687019Z"/>
    <EventRecordID>2700762</EventRecordID>
    <Correlation/>
    <Execution ProcessID="4" ThreadID="184"/>
    <Channel>Security</Channel>
    <Computer>FILE-BO-01.agentsoc.local</Computer>
    
    <Security/>
    
  </System>
  
  <EventData>
    
    <Data Name="ProcessID">3676</Data>
    <Data Name="Application">\device\harddiskvolume1\windows\system32\svchost.exe</Data>
    <Data Name="Direction">%%14593</Data>
    <Data Name="SourceAddress">10.44.20.20</Data>
    <Data Name="SourcePort">56806</Data>
    <Data Name="DestAddress">10.44.20.10</Data>
    <Data Name="DestPort">53</Data>
    <Data Name="Protocol">17</Data>
    <Data Name="FilterRTID">26752</Data>
    <Data Name="LayerName">%%14611</Data>
    <Data Name="LayerRTID">48</Data>
    <Data Name="RemoteUserID">S-1-0-0</Data>
    <Data Name="RemoteMachineID">S-1-0-0</Data>
    
  </EventData>
  
</Event>
<Event xmlns="http://schemas.microsoft.com/win/2004/08/events/event">
  <System>
    
    <Provider Name="Microsoft-Windows-Security-Auditing" Guid="{54849625-5478-4994-a5ba-3e3b0328c30d}"/>
    
    <EventID>4688</EventID>
    <Version>2</Version>
    <Level>0</Level>
    <Task>13312</Task>
    <Opcode>0</Opcode>
    <Keywords>0x8020000000000000</Keywords>
    <TimeCreated SystemTime="2024-05-14T16:28:05.0880588Z"/>
    <EventRecordID>2700765</EventRecordID>
    <Correlation/>
    <Execution ProcessID="4" ThreadID="9832"/>
    <Channel>Security</Channel>
    <Computer>FILE-BO-01.agentsoc.local</Computer>
    
    <Security/>
    
  </System>
  
  <EventData>
    
    <Data Name="SubjectUserSid">S-1-5-18</Data>
    <Data Name="SubjectUserName">SYSTEM</Data>
    <Data Name="SubjectDomainName">NT AUTHORITY</Data>
    <Data Name="SubjectLogonId">0x3e7</Data>
    <Data Name="NewProcessId">0x18d0</Data>
    <Data Name="NewProcessName">C:\Windows\System32\dllhost.exe</Data>
    <Data Name="TokenElevationType">%%1936</Data>
    <Data Name="ProcessId">0xe34</Data>
    <Data Name="CommandLine">dllhost.exe /Processid:{73E709EA-5D93-4B2E-BBB0-99B7938DA9E4}</Data>
    <Data Name="TargetUserSid">S-1-5-18</Data>
    <Data Name="TargetUserName">SYSTEM</Data>
    <Data Name="TargetDomainName">NT AUTHORITY</Data>
    <Data Name="TargetLogonId">0x3e7</Data>
    <Data Name="ParentProcessName">C:\Windows\System32\svchost.exe</Data>
    <Data Name="MandatoryLabel">S-1-16-16384</Data>
    
  </EventData>
  
</Event>
<Event xmlns="http://schemas.microsoft.com/win/2004/08/events/event">
  <System>
    
    <Provider Name="Microsoft-Windows-Security-Auditing" Guid="{54849625-5478-4994-a5ba-3e3b0328c30d}"/>
    
    <EventID>5156</EventID>
    <Version>1</Version>
    <Level>0</Level>
    <Task>12810</Task>
    <Opcode>0</Opcode>
    <Keywords>0x8020000000000000</Keywords>
    <TimeCreated SystemTime="2024-05-14T16:28:08.8872348Z"/>
    <EventRecordID>2700767</EventRecordID>
    <Correlation/>
    <Execution ProcessID="4" ThreadID="160"/>
    <Channel>Security</Channel>
    <Computer>FILE-BO-01.agentsoc.local</Computer>
    
    <Security/>
    
  </System>
  
  <EventData>
    
    <Data Name="ProcessID">4</Data>
    <Data Name="Application">System</Data>
    <Data Name="Direction">%%14592</Data>
    <Data Name="SourceAddress">10.44.10.23</Data>
    <Data Name="SourcePort">63466</Data>
    <Data Name="DestAddress">10.44.20.20</Data>
    <Data Name="DestPort">445</Data>
    <Data Name="Protocol">6</Data>
    <Data Name="FilterRTID">26798</Data>
    <Data Name="LayerName">%%14610</Data>
    <Data Name="LayerRTID">44</Data>
    <Data Name="RemoteUserID">S-1-0-0</Data>
    <Data Name="RemoteMachineID">S-1-0-0</Data>
    
  </EventData>
  
</Event>
<Event xmlns="http://schemas.microsoft.com/win/2004/08/events/event">
  <System>
    
    <Provider Name="Microsoft-Windows-Security-Auditing" Guid="{54849625-5478-4994-a5ba-3e3b0328c30d}"/>
    
    <EventID>5156</EventID>
    <Version>1</Version>
    <Level>0</Level>
    <Task>12810</Task>
    <Opcode>0</Opcode>
    <Keywords>0x8020000000000000</Keywords>
    <TimeCreated SystemTime="2024-05-14T16:28:13.7367654Z"/>
    <EventRecordID>2700794</EventRecordID>
    <Correlation/>
    <Execution ProcessID="4" ThreadID="176"/>
    <Channel>Security</Channel>
    <Computer>FILE-BO-01.agentsoc.local</Computer>
    
    <Security/>
    
  </System>
  
  <EventData>
    
    <Data Name="ProcessID">3632</Data>
    <Data Name="Application">\device\harddiskvolume1\windows\system32\lsass.exe</Data>
    <Data Name="Direction">%%14593</Data>
    <Data Name="SourceAddress">10.44.20.20</Data>
    <Data Name="SourcePort">58173</Data>
    <Data Name="DestAddress">10.44.20.10</Data>
    <Data Name="DestPort">88</Data>
    <Data Name="Protocol">17</Data>
    <Data Name="FilterRTID">26766</Data>
    <Data Name="LayerName">%%14611</Data>
    <Data Name="LayerRTID">48</Data>
    <Data Name="RemoteUserID">S-1-0-0</Data>
    <Data Name="RemoteMachineID">S-1-0-0</Data>
    
  </EventData>
  
</Event>
<Event xmlns="http://schemas.microsoft.com/win/2004/08/events/event">
  <System>
    
    <Provider Name="Microsoft-Windows-Security-Auditing" Guid="{54849625-5478-4994-a5ba-3e3b0328c30d}"/>
    
    <EventID>4688</EventID>
    <Version>2</Version>
    <Level>0</Level>
    <Task>13312</Task>
    <Opcode>0</Opcode>
    <Keywords>0x8020000000000000</Keywords>
    <TimeCreated SystemTime="2024-05-14T16:28:24.8954960Z"/>
    <EventRecordID>2700796</EventRecordID>
    <Correlation/>
    <Execution ProcessID="4" ThreadID="3072"/>
    <Channel>Security</Channel>
    <Computer>FILE-BO-01.agentsoc.local</Computer>
    
    <Security/>
    
  </System>
  
  <EventData>
    
    <Data Name="SubjectUserSid">S-1-5-18</Data>
    <Data Name="SubjectUserName">SYSTEM</Data>
    <Data Name="SubjectDomainName">NT AUTHORITY</Data>
    <Data Name="SubjectLogonId">0x3e7</Data>
    <Data Name="NewProcessId">0x1954</Data>
    <Data Name="NewProcessName">C:\Windows\System32\svchost.exe</Data>
    <Data Name="TokenElevationType">%%1936</Data>
    <Data Name="ProcessId">0xe2c</Data>
    <Data Name="CommandLine">svchost.exe -k netsvcs -p -s Schedule</Data>
    <Data Name="TargetUserSid">S-1-5-18</Data>
    <Data Name="TargetUserName">SYSTEM</Data>
    <Data Name="TargetDomainName">NT AUTHORITY</Data>
    <Data Name="TargetLogonId">0x3e7</Data>
    <Data Name="ParentProcessName">C:\Windows\System32\services.exe</Data>
    <Data Name="MandatoryLabel">S-1-16-16384</Data>
    
  </EventData>
  
</Event>
<Event xmlns="http://schemas.microsoft.com/win/2004/08/events/event">
  <System>
    
    <Provider Name="Microsoft-Windows-Security-Auditing" Guid="{54849625-5478-4994-a5ba-3e3b0328c30d}"/>
    
    <EventID>4689</EventID>
    <Version>0</Version>
    <Level>0</Level>
    <Task>13313</Task>
    <Opcode>0</Opcode>
    <Keywords>0x8020000000000000</Keywords>
    <TimeCreated SystemTime="2024-05-14T16:28:29.9017540Z"/>
    <EventRecordID>2700853</EventRecordID>
    <Correlation/>
    <Execution ProcessID="4" ThreadID="244"/>
    <Channel>Security</Channel>
    <Computer>FILE-BO-01.agentsoc.local</Computer>
    
    <Security/>
    
  </System>
  
  <EventData>
    
    <Data Name="SubjectUserSid">S-1-5-18</Data>
    <Data Name="SubjectUserName">SYSTEM</Data>
    <Data Name="SubjectDomainName">NT AUTHORITY</Data>
    <Data Name="SubjectLogonId">0x3e7</Data>
    <Data Name="Status">0x0</Data>
    <Data Name="ProcessId">0x18d0</Data>
    <Data Name="ProcessName">C:\Windows\System32\dllhost.exe</Data>
    
  </EventData>
  
</Event>
<Event xmlns="http://schemas.microsoft.com/win/2004/08/events/event">
  <System>
    
    <Provider Name="Microsoft-Windows-Security-Auditing" Guid="{54849625-5478-4994-a5ba-3e3b0328c30d}"/>
    
    <EventID>5156</EventID>
    <Version>1</Version>
    <Level>0</Level>
    <Task>12810</Task>
    <Opcode>0</Opcode>
    <Keywords>0x8020000000000000</Keywords>
    <TimeCreated SystemTime="2024-05-14T16:28:45.1709701Z"/>
    <EventRecordID>2700885</EventRecordID>
    <Correlation/>
    <Execution ProcessID="4" ThreadID="124"/>
    <Channel>Security</Channel>
    <Computer>FILE-BO-01.agentsoc.local</Computer>
    
    <Security/>
    
  </System>
  
  <EventData>
    
    <Data Name="ProcessID">4</Data>
    <Data Name="Application">System</Data>
    <Data Name="Direction">%%14592</Data>
    <Data Name="SourceAddress">10.44.10.23</Data>
    <Data Name="SourcePort">60592</Data>
    <Data Name="DestAddress">10.44.20.20</Data>
    <Data Name="DestPort">445</Data>
    <Data Name="Protocol">6</Data>
    <Data Name="FilterRTID">26798</Data>
    <Data Name="LayerName">%%14610</Data>
    <Data Name="LayerRTID">44</Data>
    <Data Name="RemoteUserID">S-1-0-0</Data>
    <Data Name="RemoteMachineID">S-1-0-0</Data>
    
  </EventData>
  
</Event>
<Event xmlns="http://schemas.microsoft.com/win/2004/08/events/event">
  <System>
    
    <Provider Name="Microsoft-Windows-Security-Auditing" Guid="{54849625-5478-4994-a5ba-3e3b0328c30d}"/>
    
    <EventID>5156</EventID>
    <Version>1</Version>
    <Level>0</Level>
    <Task>12810</Task>
    <Opcode>0</Opcode>
    <Keywords>0x8020000000000000</Keywords>
    <TimeCreated SystemTime="2024-05-14T16:30:25.0798481Z"/>
    <EventRecordID>2700893</EventRecordID>
    <Correlation/>
    <Execution ProcessID="4" ThreadID="108"/>
    <Channel>Security</Channel>
    <Computer>FILE-BO-01.agentsoc.local</Computer>
    
    <Security/>
    
  </System>
  
  <EventData>
    
    <Data Name="ProcessID">4</Data>
    <Data Name="Application">System</Data>
    <Data Name="Direction">%%14592</Data>
    <Data Name="SourceAddress">10.44.10.23</Data>
    <Data Name="SourcePort">65317</Data>
    <Data Name="DestAddress">10.44.20.20</Data>
    <Data Name="DestPort">445</Data>
    <Data Name="Protocol">6</Data>
    <Data Name="FilterRTID">26798</Data>
    <Data Name="LayerName">%%14610</Data>
    <Data Name="LayerRTID">44</Data>
    <Data Name="RemoteUserID">S-1-0-0</Data>
    <Data Name="RemoteMachineID">S-1-0-0</Data>
    
  </EventData>
  
</Event>
