<Event xmlns="http://schemas.microsoft.com/win/2004/08/events/event">
  <System>
    <Provider Name="Microsoft-Windows-Sysmon" Guid="{5770385f-c22a-43e0-bf4c-06f5698ffbd9}"/>
    <EventID>7</EventID>
    <Version>3</Version>
    <Level>4</Level>
    <Task>7</Task>
    <Opcode>0</Opcode>
    <Keywords>0x8000000000000000</Keywords>
    <TimeCreated SystemTime="2024-05-14T14:43:15.8406010Z"/>
    <EventRecordID>1745894</EventRecordID>
    <Correlation/>
    <Execution ProcessID="2076" ThreadID="3228"/>
    <Channel>Microsoft-Windows-Sysmon/Operational</Channel>
    <Computer>FILE-BO-01.agentsoc.local</Computer>
    <Security UserID="S-1-5-18"/>
  </System>
  <EventData>
    
    <Data Name="RuleName">-</Data>
    <Data Name="UtcTime">2024-05-14 14:43:15.840</Data>
    <Data Name="ProcessGuid">{a891800e-7296-6643-7200-001090b97a28}</Data>
    <Data Name="ProcessId">5728</Data>
    <Data Name="Image">C:\Windows\System32\svchost.exe</Data>
    <Data Name="ImageLoaded">C:\Program Files\Cisco\Cisco AnyConnect Secure Mobility Client\vpnapi.dll</Data>
    <Data Name="FileVersion">5.1.4.74</Data>
    <Data Name="Description">Cisco Secure Client API</Data>
    <Data Name="Product">Cisco Secure Client</Data>
    <Data Name="Company">Cisco Systems, Inc.</Data>
    <Data Name="OriginalFileName">vpnapi.dll</Data>
    <Data Name="Hashes">SHA1=558BAB5949895B830CA45E75F09FB8934E7914BC,MD5=F77F3DA9BE8209A46C2E7A1CC27E40F2,SHA256=6BDA8E95531273676DF1C7BBF723070D6C6BF90250B5FBC99980B77F554B7A3F,IMPHASH=041B795A214B84F21AE78A14EE46F1B5</Data>
    <Data Name="Signed">true</Data>
    <Data Name="Signature">Cisco Systems, Inc.</Data>
    <Data Name="SignatureStatus">Valid</Data>
    
  </EventData>
</Event>
<Event xmlns="http://schemas.microsoft.com/win/2004/08/events/event">
  <System>
    <Provider Name="Microsoft-Windows-Sysmon" Guid="{5770385f-c22a-43e0-bf4c-06f5698ffbd9}"/>
    <EventID>1</EventID>
    <Version>5</Version>
    <Level>4</Level>
    <Task>1</Task>
    <Opcode>0</Opcode>
    <Keywords>0x8000000000000000</Keywords>
    <TimeCreated SystemTime="2024-05-14T14:47:00.8060709Z"/>
    <EventRecordID>1745906</EventRecordID>
    <Correlation/>
    <Execution ProcessID="2076" ThreadID="2008"/>
    <Channel>Microsoft-Windows-Sysmon/Operational</Channel>
    <Computer>FILE-BO-01.agentsoc.local</Computer>
    <Security UserID="S-1-5-18"/>
  </System>
  <EventData>
    
    <Data Name="RuleName">-</Data>
    <Data Name="UtcTime">2024-05-14 14:47:00.806</Data>
    <Data Name="ProcessGuid">{a891800e-7964-6643-5800-00000cd6689e}</Data>
    <Data Name="ProcessId">5804</Data>
    <Data Name="Image">C:\Windows\System32\svchost.exe</Data>
    <Data Name="FileVersion">10.0.17763.1</Data>
    <Data Name="Description">Host Process for Windows Services</Data>
    <Data Name="Product">Microsoft Windows Operating System</Data>
    <Data Name="Company">Microsoft Corporation</Data>
    <Data Name="OriginalFileName">svchost.exe</Data>
    <Data Name="CommandLine">svchost.exe -k netsvcs -p -s CryptSvc</Data>
    <Data Name="CurrentDirectory">C:\Windows\System32\</Data>
    <Data Name="User">NT AUTHORITY\SYSTEM</Data>
    <Data Name="LogonGuid">{2e02e80b-5255-4aec-a48a-db9ea0dc704c}</Data>
    <Data Name="LogonId">0x3e7</Data>
    <Data Name="TerminalSessionId">0</Data>
    <Data Name="IntegrityLevel">System</Data>
    <Data Name="Hashes">SHA1=FD5E52F6038DA3B46E67E5FFE69F1A7559330D6A,MD5=EB48672D9EF9F83CC59D0219312B398F,SHA256=A3EF6409F80683E76DC6B4A4A3DD02D3E25751B2088B9B18C8442471FF61DAF2,IMPHASH=B021D5C7B5AECC0A9822BE11A8A924DD</Data>
    <Data Name="ParentProcessGuid">{a891800e-5145-6626-7c00-00008a1a8972}</Data>
    <Data Name="ParentProcessId">3628</Data>
    <Data Name="ParentImage">C:\Windows\System32\services.exe</Data>
    <Data Name="ParentCommandLine">services.exe</Data>
    <Data Name="ParentUser">NT AUTHORITY\SYSTEM</Data>
    
  </EventData>
</Event>
<Event xmlns="http://schemas.microsoft.com/win/2004/08/events/event">
  <System>
    <Provider Name="Microsoft-Windows-Sysmon" Guid="{5770385f-c22a-43e0-bf4c-06f5698ffbd9}"/>
    <EventID>7</EventID>
    <Version>3</Version>
    <Level>4</Level>
    <Task>7</Task>
    <Opcode>0</Opcode>
    <Keywords>0x8000000000000000</Keywords>
    <TimeCreated SystemTime="2024-05-14T14:47:10.3657253Z"/>
    <EventRecordID>1746064</EventRecordID>
    <Correlation/>
    <Execution ProcessID="2076" ThreadID="3228"/>
    <Channel>Microsoft-Windows-Sysmon/Operational</Channel>
    <Computer>FILE-BO-01.agentsoc.local</Computer>
    <Security UserID="S-1-5-18"/>
  </System>
  <EventData>
    
    <Data Name="RuleName">-</Data>
    <Data Name="UtcTime">2024-05-14 14:47:10.365</Data>
    <Data Name="ProcessGuid">{a891800e-7964-6643-5800-00000cd6689e}</Data>
    <Data Name="ProcessId">5804</Data>
    <Data Name="Image">C:\Windows\System32\svchost.exe</Data>
    <Data Name="ImageLoaded">C:\Program Files\Dell\SupportAssistAgent\bin\pcdrsysinfosoftware.p5x</Data>
    <Data Name="FileVersion">1.0.0.0</Data>
    <Data Name="Description">pcdrsysinfosoftware.p5x module</Data>
    <Data Name="Product">Dell Inc.</Data>
    <Data Name="Company">Dell Inc.</Data>
    <Data Name="OriginalFileName">pcdrsysinfosoftware.p5x</Data>
    <Data Name="Hashes">SHA1=DA2C7A7A281800947B5C71F4A92CE843B1DC50F2,MD5=D6EB67E7B79CE37086993703C1352704,SHA256=0DE9D6BA42DE73879DA0EAFD44873E30FCB362AF0AF13A34923E24513C239AD5,IMPHASH=EF39C50EF82A06742DB4608EF8AF9CBB</Data>
    <Data Name="Signed">true</Data>
    <Data Name="Signature">Dell Inc.</Data>
    <Data Name="SignatureStatus">Valid</Data>
    
  </EventData>
</Event>
<Event xmlns="http://schemas.microsoft.com/win/2004/08/events/event">
  <System>
    <Provider Name="Microsoft-Windows-Sysmon" Guid="{5770385f-c22a-43e0-bf4c-06f5698ffbd9}"/>
    <EventID>3</EventID>
    <Version>5</Version>
    <Level>4</Level>
    <Task>3</Task>
    <Opcode>0</Opcode>
    <Keywords>0x8000000000000000</Keywords>
    <TimeCreated SystemTime="2024-05-14T14:50:13.7536943Z"/>
    <EventRecordID>1746215</EventRecordID>
    <Correlation/>
    <Execution ProcessID="2076" ThreadID="3832"/>
    <Channel>Microsoft-Windows-Sysmon/Operational</Channel>
    <Computer>FILE-BO-01.agentsoc.local</Computer>
    <Security UserID="S-1-5-18"/>
  </System>
  <EventData>
    
    <Data Name="RuleName">-</Data>
    <Data Name="UtcTime">2024-05-14 14:50:13.753</Data>
    <Data Name="ProcessGuid">{a891800e-5146-6626-a500-00104fa0d121}</Data>
    <Data Name="ProcessId">3632</Data>
    <Data Name="Image">C:\Windows\System32\lsass.exe</Data>
    <Data Name="User">NT AUTHORITY\SYSTEM</Data>
    <Data Name="Protocol">udp</Data>
    <Data Name="Initiated">true</Data>
    <Data Name="SourceIsIpv6">false</Data>
    <Data Name="SourceIp">10.44.20.20</Data>
    <Data Name="SourceHostname">FILE-BO-01.agentsoc.local</Data>
    <Data Name="SourcePort">57951</Data>
    <Data Name="SourcePortName">-</Data>
    <Data Name="DestinationIsIpv6">false</Data>
    <Data Name="DestinationIp">10.44.20.10</Data>
    <Data Name="DestinationHostname">DC-BO-01.agentsoc.local</Data>
    <Data Name="DestinationPort">88</Data>
    <Data Name="DestinationPortName">kerberos</Data>
    
  </EventData>
</Event>
<Event xmlns="http://schemas.microsoft.com/win/2004/08/events/event">
  <System>
    <Provider Name="Microsoft-Windows-Sysmon" Guid="{5770385f-c22a-43e0-bf4c-06f5698ffbd9}"/>
    <EventID>7</EventID>
    <Version>3</Version>
    <Level>4</Level>
    <Task>7</Task>
    <Opcode>0</Opcode>
    <Keywords>0x8000000000000000</Keywords>
    <TimeCreated SystemTime="2024-05-14T14:50:26.6424597Z"/>
    <EventRecordID>1746217</EventRecordID>
    <Correlation/>
    <Execution ProcessID="2076" ThreadID="2008"/>
    <Channel>Microsoft-Windows-Sysmon/Operational</Channel>
    <Computer>FILE-BO-01.agentsoc.local</Computer>
    <Security UserID="S-1-5-18"/>
  </System>
  <EventData>
    
    <Data Name="RuleName">-</Data>
    <Data Name="UtcTime">2024-05-14 14:50:26.642</Data>
    <Data Name="ProcessGuid">{a891800e-739c-6643-ee00-0010a3439611}</Data>
    <Data Name="ProcessId">5744</Data>
    <Data Name="Image">C:\Windows\System32\svchost.exe</Data>
    <Data Name="ImageLoaded">C:\Program Files\Windows Defender Advanced Threat Protection\SenseCncProxy.dll</Data>
    <Data Name="FileVersion">10.8049.22439.1065</Data>
    <Data Name="Description">Microsoft Defender for Endpoint Sensor Command Proxy</Data>
    <Data Name="Product">Microsoft Defender for Endpoint</Data>
    <Data Name="Company">Microsoft Corporation</Data>
    <Data Name="OriginalFileName">SenseCncProxy.dll</Data>
    <Data Name="Hashes">SHA1=80520C50C30D947A68E2E01E4B92DF5FF29928FA,MD5=D6395FA4C4ABC4A284744C04BC2C6207,SHA256=69D6A3AB75BCB21819F7D54E69E6BA2CB32C8E958F27473FD54099ADEB4BB353,IMPHASH=D775FDE08B202AEDA21B2DF864344D45</Data>
    <Data Name="Signed">true</Data>
    <Data Name="Signature">Microsoft Corporation</Data>
    <Data Name="SignatureStatus">Valid</Data>
    
  </EventData>
</Event>
<Event xmlns="http://schemas.microsoft.com/win/2004/08/events/event">
  <System>
    <Provider Name="Microsoft-Windows-Sysmon" Guid="{5770385f-c22a-43e0-bf4c-06f5698ffbd9}"/>
    <EventID>7</EventID>
    <Version>3</Version>
    <Level>4</Level>
    <Task>7</Task>
    <Opcode>0</Opcode>
    <Keywords>0x8000000000000000</Keywords>
    <TimeCreated SystemTime="2024-05-14T14:50:45.3199293Z"/>
    <EventRecordID>1746219</EventRecordID>
    <Correlation/>
    <Execution ProcessID="2076" ThreadID="3228"/>
    <Channel>Microsoft-Windows-Sysmon/Operational</Channel>
    <Computer>FILE-BO-01.agentsoc.local</Computer>
    <Security UserID="S-1-5-18"/>
  </System>
  <EventData>
    
    <Data Name="RuleName">-</Data>
    <Data Name="UtcTime">2024-05-14 14:50:45.319</Data>
    <Data Name="ProcessGuid">{a891800e-4286-6643-de00-00008a734297}</Data>
    <Data Name="ProcessId">4284</Data>
    <Data Name="Image">C:\Windows\System32\svchost.exe</Data>
    <Data Name="ImageLoaded">C:\Program Files\Dell\SupportAssistAgent\bin\pcdrsysinfosoftware.p5x</Data>
    <Data Name="FileVersion">1.0.0.0</Data>
    <Data Name="Description">pcdrsysinfosoftware.p5x module</Data>
    <Data Name="Product">Dell Inc.</Data>
    <Data Name="Company">Dell Inc.</Data>
    <Data Name="OriginalFileName">pcdrsysinfosoftware.p5x</Data>
    <Data Name="Hashes">SHA1=DA2C7A7A281800947B5C71F4A92CE843B1DC50F2,MD5=D6EB67E7B79CE37086993703C1352704,SHA256=0DE9D6BA42DE73879DA0EAFD44873E30FCB362AF0AF13A34923E24513C239AD5,IMPHASH=EF39C50EF82A06742DB4608EF8AF9CBB</Data>
    <Data Name="Signed">true</Data>
    <Data Name="Signature">Dell Inc.</Data>
    <Data Name="SignatureStatus">Valid</Data>
    
  </EventData>
</Event>
<Event xmlns="http://schemas.microsoft.com/win/2004/08/events/event">
  <System>
    <Provider Name="Microsoft-Windows-Sysmon" Guid="{5770385f-c22a-43e0-bf4c-06f5698ffbd9}"/>
    <EventID>22</EventID>
    <Version>5</Version>
    <Level>4</Level>
    <Task>22</Task>
    <Opcode>0</Opcode>
    <Keywords>0x8000000000000000</Keywords>
    <TimeCreated SystemTime="2024-05-14T14:51:02.5839170Z"/>
    <EventRecordID>1746221</EventRecordID>
    <Correlation/>
    <Execution ProcessID="2076" ThreadID="3228"/>
    <Channel>Microsoft-Windows-Sysmon/Operational</Channel>
    <Computer>FILE-BO-01.agentsoc.local</Computer>
    <Security UserID="S-1-5-18"/>
  </System>
  <EventData>
    
    <Data Name="RuleName">-</Data>
    <Data Name="UtcTime">2024-05-14 14:51:02.583</Data>
    <Data Name="ProcessGuid">{a891800e-514d-6626-0e02-0010b611fb2d}</Data>
    <Data Name="ProcessId">3676</Data>
    <Data Name="QueryName">DC-BO-01.agentsoc.local</Data>
    <Data Name="QueryStatus">0</Data>
    <Data Name="QueryResults">fd00:2c14:000a::1;</Data>
    <Data Name="Image">C:\Windows\System32\svchost.exe</Data>
    <Data Name="User">NT AUTHORITY\LOCAL SERVICE</Data>
    
  </EventData>
</Event>
<Event xmlns="http://schemas.microsoft.com/win/2004/08/events/event">
  <System>
    <Provider Name="Microsoft-Windows-Sysmon" Guid="{5770385f-c22a-43e0-bf4c-06f5698ffbd9}"/>
    <EventID>13</EventID>
    <Version>2</Version>
    <Level>4</Level>
    <Task>13</Task>
    <Opcode>0</Opcode>
    <Keywords>0x8000000000000000</Keywords>
    <TimeCreated SystemTime="2024-05-14T14:52:00.1382209Z"/>
    <EventRecordID>1746224</EventRecordID>
    <Correlation/>
    <Execution ProcessID="2076" ThreadID="3228"/>
    <Channel>Microsoft-Windows-Sysmon/Operational</Channel>
    <Computer>FILE-BO-01.agentsoc.local</Computer>
    <Security UserID="S-1-5-18"/>
  </System>
  <EventData>
    
    <Data Name="RuleName">-</Data>
    <Data Name="EventType">SetValue</Data>
    <Data Name="UtcTime">2024-05-14 14:52:00.138</Data>
    <Data Name="ProcessGuid">{a891800e-5157-6626-2702-0000d5d54f94}</Data>
    <Data Name="ProcessId">3768</Data>
    <Data Name="Image">C:\Windows\System32\dllhost.exe</Data>
    <Data Name="User">NT AUTHORITY\SYSTEM</Data>
    <Data Name="TargetObject">HKLM\SOFTWARE\Microsoft\Windows\CurrentVersion\Policies\System\EnableLUA</Data>
    <Data Name="Details">DWORD (0x00000001)</Data>
    
  </EventData>
</Event>
<Event xmlns="http://schemas.microsoft.com/win/2004/08/events/event">
  <System>
    <Provider Name="Microsoft-Windows-Sysmon" Guid="{5770385f-c22a-43e0-bf4c-06f5698ffbd9}"/>
    <EventID>13</EventID>
    <Version>2</Version>
    <Level>4</Level>
    <Task>13</Task>
    <Opcode>0</Opcode>
    <Keywords>0x8000000000000000</Keywords>
    <TimeCreated SystemTime="2024-05-14T14:52:01.5379821Z"/>
    <EventRecordID>1746260</EventRecordID>
    <Correlation/>
    <Execution ProcessID="2076" ThreadID="2008"/>
    <Channel>Microsoft-Windows-Sysmon/Operational</Channel>
    <Computer>FILE-BO-01.agentsoc.local</Computer>
    <Security UserID="S-1-5-18"/>
  </System>
  <EventData>
    
    <Data Name="RuleName">-</Data>
    <Data Name="EventType">SetValue</Data>
    <Data Name="UtcTime">2024-05-14 14:52:01.537</Data>
    <Data Name="ProcessGuid">{a891800e-515a-6626-5902-0010b5042638}</Data>
    <Data Name="ProcessId">3836</Data>
    <Data Name="Image">C:\Windows\System32\msiexec.exe</Data>
    <Data Name="User">NT AUTHORITY\SYSTEM</Data>
    <Data Name="TargetObject">HKLM\SOFTWARE\Microsoft\Windows\CurrentVersion\Component Based Servicing\Packages\Microsoft-Windows-Client-Features~31bf3856ad364e35~amd64~~10.0.17763.78\CurrentState</Data>
    <Data Name="Details">DWORD (0x00000070)</Data>
    
  </EventData>
</Event>
<Event xmlns="http://schemas.microsoft.com/win/2004/08/events/event">
  <System>
    <Provider Name="Microsoft-Windows-Sysmon" Guid="{5770385f-c22a-43e0-bf4c-06f5698ffbd9}"/>
    <EventID>10</EventID>
    <Version>3</Version>
    <Level>4</Level>
    <Task>10</Task>
    <Opcode>0</Opcode>
    <Keywords>0x8000000000000000</Keywords>
    <TimeCreated SystemTime="2024-05-14T14:52:08.5331969Z"/>
    <EventRecordID>1746262</EventRecordID>
    <Correlation/>
    <Execution ProcessID="2076" ThreadID="3228"/>
    <Channel>Microsoft-Windows-Sysmon/Operational</Channel>
    <Computer>FILE-BO-01.agentsoc.local</Computer>
    <Security UserID="S-1-5-18"/>
  </System>
  <EventData>
    
    <Data Name="RuleName">-</Data>
    <Data Name="UtcTime">2024-05-14 14:52:08.533</Data>
    <Data Name="SourceProcessGUID">{a891800e-5141-6626-0a00-00108cdc14ad}</Data>
    <Data Name="SourceProcessId">3612</Data>
    <Data Name="SourceImage">C:\Windows\System32\csrss.exe</Data>
    <Data Name="SourceThreadId">2740</Data>
    <Data Name="SourceUser">NT AUTHORITY\SYSTEM</Data>
    <Data Name="TargetProcessGUID">{a891800e-5146-6626-a500-00104fa0d121}</Data>
    <Data Name="TargetProcessId">3632</Data>
    <Data Name="TargetImage">C:\Windows\System32\lsass.exe</Data>
    <Data Name="TargetUser">NT AUTHORITY\SYSTEM</Data>
    <Data Name="GrantedAccess">0x0400</Data>
    <Data Name="CallTrace">C:\Windows\SYSTEM32\ntdll.dll+9DD3F</Data>
    
  </EventData>
</Event>
<Event xmlns="http://schemas.microsoft.com/win/2004/08/events/event">
  <System>
    <Provider Name="Microsoft-Windows-Sysmon" Guid="{5770385f-c22a-43e0-bf4c-06f5698ffbd9}"/>
    <EventID>1</EventID>
    <Version>5</Version>
    <Level>4</Level>
    <Task>1</Task>
    <Opcode>0</Opcode>
    <Keywords>0x8000000000000000</Keywords>
    <TimeCreated SystemTime="2024-05-14T14:52:27.7146942Z"/>
    <EventRecordID>1746264</EventRecordID>
    <Correlation/>
    <Execution ProcessID="2076" ThreadID="2008"/>
    <Channel>Microsoft-Windows-Sysmon/Operational</Channel>
    <Computer>FILE-BO-01.agentsoc.local</Computer>
    <Security UserID="S-1-5-18"/>
  </System>
  <EventData>
    
    <Data Name="RuleName">-</Data>
    <Data Name="UtcTime">2024-05-14 14:52:27.714</Data>
    <Data Name="ProcessGuid">{a891800e-7aab-6643-fe00-00103062bf2a}</Data>
    <Data Name="ProcessId">5808</Data>
    <Data Name="Image">C:\Windows\System32\svchost.exe</Data>
    <Data Name="FileVersion">10.0.17763.1</Data>
    <Data Name="Description">Host Process for Windows Services</Data>
    <Data Name="Product">Microsoft Windows Operating System</Data>
    <Data Name="Company">Microsoft Corporation</Data>
    <Data Name="OriginalFileName">svchost.exe</Data>
    <Data Name="CommandLine">svchost.exe -k netsvcs -p -s BITS</Data>
    <Data Name="CurrentDirectory">C:\Windows\System32\</Data>
    <Data Name="User">NT AUTHORITY\SYSTEM</Data>
    <Data Name="LogonGuid">{2e02e80b-5255-4aec-a48a-db9ea0dc704c}</Data>
    <Data Name="LogonId">0x3e7</Data>
    <Data Name="TerminalSessionId">0</Data>
    <Data Name="IntegrityLevel">System</Data>
    <Data Name="Hashes">SHA1=FD5E52F6038DA3B46E67E5FFE69F1A7559330D6A,MD5=EB48672D9EF9F83CC59D0219312B398F,SHA256=A3EF6409F80683E76DC6B4A4A3DD02D3E25751B2088B9B18C8442471FF61DAF2,IMPHASH=B021D5C7B5AECC0A9822BE11A8A924DD</Data>
    <Data Name="ParentProcessGuid">{a891800e-5145-6626-7c00-00008a1a8972}</Data>
    <Data Name="ParentProcessId">3628</Data>
    <Data Name="ParentImage">C:\Windows\System32\services.exe</Data>
    <Data Name="ParentCommandLine">services.exe</Data>
    <Data Name="ParentUser">NT AUTHORITY\SYSTEM</Data>
    
  </EventData>
</Event>
<Event xmlns="http://schemas.microsoft.com/win/2004/08/events/event">
  <System>
    <Provider Name="Microsoft-Windows-Sysmon" Guid="{5770385f-c22a-43e0-bf4c-06f5698ffbd9}"/>
    <EventID>22</EventID>
    <Version>5</Version>
    <Level>4</Level>
    <Task>22</Task>
    <Opcode>0</Opcode>
    <Keywords>0x8000000000000000</Keywords>
    <TimeCreated SystemTime="2024-05-14T14:52:58.0587432Z"/>
    <EventRecordID>1746283</EventRecordID>
    <Correlation/>
    <Execution ProcessID="2076" ThreadID="3228"/>
    <Channel>Microsoft-Windows-Sysmon/Operational</Channel>
    <Computer>FILE-BO-01.agentsoc.local</Computer>
    <Security UserID="S-1-5-18"/>
  </System>
  <EventData>
    
    <Data Name="RuleName">-</Data>
    <Data Name="UtcTime">2024-05-14 14:52:58.058</Data>
    <Data Name="ProcessGuid">{a891800e-514d-6626-0e02-0010b611fb2d}</Data>
    <Data Name="ProcessId">3676</Data>
    <Data Name="QueryName">DC-BO-01.agentsoc.local</Data>
    <Data Name="QueryStatus">0</Data>
    <Data Name="QueryResults">10.44.20.10;</Data>
    <Data Name="Image">C:\Windows\System32\svchost.exe</Data>
    <Data Name="User">NT AUTHORITY\LOCAL SERVICE</Data>
    
  </EventData>
</Event>
<Event xmlns="http://schemas.microsoft.com/win/2004/08/events/event">
  <System>
    <Provider Name="Microsoft-Windows-Sysmon" Guid="{5770385f-c22a-43e0-bf4c-06f5698ffbd9}"/>
    <EventID>7</EventID>
    <Version>3</Version>
    <Level>4</Level>
    <Task>7</Task>
    <Opcode>0</Opcode>
    <Keywords>0x8000000000000000</Keywords>
    <TimeCreated SystemTime="2024-05-14T14:52:58.5194638Z"/>
    <EventRecordID>1746291</EventRecordID>
    <Correlation/>
    <Execution ProcessID="2076" ThreadID="3228"/>
    <Channel>Microsoft-Windows-Sysmon/Operational</Channel>
    <Computer>FILE-BO-01.agentsoc.local</Computer>
    <Security UserID="S-1-5-18"/>
  </System>
  <EventData>
    
    <Data Name="RuleName">-</Data>
    <Data Name="UtcTime">2024-05-14 14:52:58.519</Data>
    <Data Name="ProcessGuid">{a891800e-45de-6643-8300-0010871a2e82}</Data>
    <Data Name="ProcessId">4560</Data>
    <Data Name="Image">C:\Windows\System32\svchost.exe</Data>
    <Data Name="ImageLoaded">C:\Program Files\Cisco\Cisco AnyConnect Secure Mobility Client\vpnapi.dll</Data>
    <Data Name="FileVersion">5.1.4.74</Data>
    <Data Name="Description">Cisco Secure Client API</Data>
    <Data Name="Product">Cisco Secure Client</Data>
    <Data Name="Company">Cisco Systems, Inc.</Data>
    <Data Name="OriginalFileName">vpnapi.dll</Data>
    <Data Name="Hashes">SHA1=558BAB5949895B830CA45E75F09FB8934E7914BC,MD5=F77F3DA9BE8209A46C2E7A1CC27E40F2,SHA256=6BDA8E95531273676DF1C7BBF723070D6C6BF90250B5FBC99980B77F554B7A3F,IMPHASH=041B795A214B84F21AE78A14EE46F1B5</Data>
    <Data Name="Signed">true</Data>
    <Data Name="Signature">Cisco Systems, Inc.</Data>
    <Data Name="SignatureStatus">Valid</Data>
    
  </EventData>
</Event>
<Event xmlns="http://schemas.microsoft.com/win/2004/08/events/event">
  <System>
    <Provider Name="Microsoft-Windows-Sysmon" Guid="{5770385f-c22a-43e0-bf4c-06f5698ffbd9}"/>
    <EventID>5</EventID>
    <Version>3</Version>
    <Level>4</Level>
    <Task>5</Task>
    <Opcode>0</Opcode>
    <Keywords>0x8000000000000000</Keywords>
    <TimeCreated SystemTime="2024-05-14T14:53:07.7407612Z"/>
    <EventRecordID>1746292</EventRecordID>
    <Correlation/>
    <Execution ProcessID="2076" ThreadID="3832"/>
    <Channel>Microsoft-Windows-Sysmon/Operational</Channel>
    <Computer>FILE-BO-01.agentsoc.local</Computer>
    <Security UserID="S-1-5-18"/>
  </System>
  <EventData>
    
    <Data Name="RuleName">-</Data>
    <Data Name="UtcTime">2024-05-14 14:53:07.740</Data>
    <Data Name="ProcessGuid">{a891800e-6b6b-6643-7402-001042cc6b55}</Data>
    <Data Name="ProcessId">5120</Data>
    <Data Name="Image">C:\Windows\System32\spoolsv.exe</Data>
    <Data Name="User">NT AUTHORITY\SYSTEM</Data>
    
  </EventData>
</Event>
<Event xmlns="http://schemas.microsoft.com/win/2004/08/events/event">
  <System>
    <Provider Name="Microsoft-Windows-Sysmon" Guid="{5770385f-c22a-43e0-bf4c-06f5698ffbd9}"/>
    <EventID>22</EventID>
    <Version>5</Version>
    <Level>4</Level>
    <Task>22</Task>
    <Opcode>0</Opcode>
    <Keywords>0x8000000000000000</Keywords>
    <TimeCreated SystemTime="2024-05-14T14:53:13.4930340Z"/>
    <EventRecordID>1746322</EventRecordID>
    <Correlation/>
    <Execution ProcessID="2076" ThreadID="3228"/>
    <Channel>Microsoft-Windows-Sysmon/Operational</Channel>
    <Computer>FILE-BO-01.agentsoc.local</Computer>
    <Security UserID="S-1-5-18"/>
  </System>
  <EventData>
    
    <Data Name="RuleName">-</Data>
    <Data Name="UtcTime">2024-05-14 14:53:13.493</Data>
    <Data Name="ProcessGuid">{a891800e-514d-6626-0e02-0010b611fb2d}</Data>
    <Data Name="ProcessId">3676</Data>
    <Data Name="QueryName">oldserver.agentsoc.local</Data>
    <Data Name="QueryStatus">9003</Data>
    <Data Name="QueryResults">-</Data>
    <Data Name="Image">C:\Windows\System32\svchost.exe</Data>
    <Data Name="User">NT AUTHORITY\LOCAL SERVICE</Data>
    
  </EventData>
</Event>
<Event xmlns="http://schemas.microsoft.com/win/2004/08/events/event">
  <System>
    <Provider Name="Microsoft-Windows-Sysmon" Guid="{5770385f-c22a-43e0-bf4c-06f5698ffbd9}"/>
    <EventID>10</EventID>
    <Version>3</Version>
    <Level>4</Level>
    <Task>10</Task>
    <Opcode>0</Opcode>
    <Keywords>0x8000000000000000</Keywords>
    <TimeCreated SystemTime="2024-05-14T14:53:52.5494804Z"/>
    <EventRecordID>1746325</EventRecordID>
    <Correlation/>
    <Execution ProcessID="2076" ThreadID="3832"/>
    <Channel>Microsoft-Windows-Sysmon/Operational</Channel>
    <Computer>FILE-BO-01.agentsoc.local</Computer>
    <Security UserID="S-1-5-18"/>
  </System>
  <EventData>
    
    <Data Name="RuleName">-</Data>
    <Data Name="UtcTime">2024-05-14 14:53:52.549</Data>
    <Data Name="SourceProcessGUID">{a891800e-5141-6626-0a00-00108cdc14ad}</Data>
    <Data Name="SourceProcessId">3612</Data>
    <Data Name="SourceImage">C:\Windows\System32\csrss.exe</Data>
    <Data Name="SourceThreadId">8816</Data>
    <Data Name="SourceUser">NT AUTHORITY\SYSTEM</Data>
    <Data Name="TargetProcessGUID">{a891800e-514a-6626-0200-0000997a0780}</Data>
    <Data Name="TargetProcessId">3648</Data>
    <Data Name="TargetImage">C:\Windows\System32\svchost.exe</Data>
    <Data Name="TargetUser">NT AUTHORITY\SYSTEM</Data>
    <Data Name="GrantedAccess">0x1400</Data>
    <Data Name="CallTrace">C:\Windows\SYSTEM32\ntdll.dll+9DD3F</Data>
    
  </EventData>
</Event>
<Event xmlns="http://schemas.microsoft.com/win/2004/08/events/event">
  <System>
    <Provider Name="Microsoft-Windows-Sysmon" Guid="{5770385f-c22a-43e0-bf4c-06f5698ffbd9}"/>
    <EventID>3</EventID>
    <Version>5</Version>
    <Level>4</Level>
    <Task>3</Task>
    <Opcode>0</Opcode>
    <Keywords>0x8000000000000000</Keywords>
    <TimeCreated SystemTime="2024-05-14T14:54:48.5587802Z"/>
    <EventRecordID>1746450</EventRecordID>
    <Correlation/>
    <Execution ProcessID="2076" ThreadID="2008"/>
    <Channel>Microsoft-Windows-Sysmon/Operational</Channel>
    <Computer>FILE-BO-01.agentsoc.local</Computer>
    <Security UserID="S-1-5-18"/>
  </System>
  <EventData>
    
    <Data Name="RuleName">-</Data>
    <Data Name="UtcTime">2024-05-14 14:54:48.558</Data>
    <Data Name="ProcessGuid">{a891800e-5146-6626-a500-00104fa0d121}</Data>
    <Data Name="ProcessId">3632</Data>
    <Data Name="Image">C:\Windows\System32\lsass.exe</Data>
    <Data Name="User">NT AUTHORITY\SYSTEM</Data>
    <Data Name="Protocol">tcp</Data>
    <Data Name="Initiated">true</Data>
    <Data Name="SourceIsIpv6">false</Data>
    <Data Name="SourceIp">10.44.20.20</Data>
    <Data Name="SourceHostname">FILE-BO-01.agentsoc.local</Data>
    <Data Name="SourcePort">55168</Data>
    <Data Name="SourcePortName">-</Data>
    <Data Name="DestinationIsIpv6">false</Data>
    <Data Name="DestinationIp">10.44.20.10</Data>
    <Data Name="DestinationHostname">DC-BO-01.agentsoc.local</Data>
    <Data Name="DestinationPort">88</Data>
    <Data Name="DestinationPortName">kerberos</Data>
    
  </EventData>
</Event>
<Event xmlns="http://schemas.microsoft.com/win/2004/08/events/event">
  <System>
    <Provider Name="Microsoft-Windows-Sysmon" Guid="{5770385f-c22a-43e0-bf4c-06f5698ffbd9}"/>
    <EventID>13</EventID>
    <Version>2</Version>
    <Level>4</Level>
    <Task>13</Task>
    <Opcode>0</Opcode>
    <Keywords>0x8000000000000000</Keywords>
    <TimeCreated SystemTime="2024-05-14T14:55:10.3299315Z"/>
    <EventRecordID>1746463</EventRecordID>
    <Correlation/>
    <Execution ProcessID="2076" ThreadID="2008"/>
    <Channel>Microsoft-Windows-Sysmon/Operational</Channel>
    <Computer>FILE-BO-01.agentsoc.local</Computer>
    <Security UserID="S-1-5-18"/>
  </System>
  <EventData>
    
    <Data Name="RuleName">-</Data>
    <Data Name="EventType">SetValue</Data>
    <Data Name="UtcTime">2024-05-14 14:55:10.329</Data>
    <Data Name="ProcessGuid">{a891800e-515a-6626-5902-0010b5042638}</Data>
    <Data Name="ProcessId">3836</Data>
    <Data Name="Image">C:\Windows\System32\msiexec.exe</Data>
    <Data Name="User">NT AUTHORITY\SYSTEM</Data>
    <Data Name="TargetObject">HKLM\SOFTWARE\Microsoft\Windows\CurrentVersion\Component Based Servicing\Packages\Package_for_RollupFix~31bf3856ad364e35~amd64~~10.0.17763.60\CurrentState</Data>
    <Data Name="Details">DWORD (0x00000070)</Data>
    
  </EventData>
</Event>
<Event xmlns="http://schemas.microsoft.com/win/2004/08/events/event">
  <System>
    <Provider Name="Microsoft-Windows-Sysmon" Guid="{5770385f-c22a-43e0-bf4c-06f5698ffbd9}"/>
    <EventID>1</EventID>
    <Version>5</Version>
    <Level>4</Level>
    <Task>1</Task>
    <Opcode>0</Opcode>
    <Keywords>0x8000000000000000</Keywords>
    <TimeCreated SystemTime="2024-05-14T14:56:19.7738841Z"/>
    <EventRecordID>1746467</EventRecordID>
    <Correlation/>
    <Execution ProcessID="2076" ThreadID="3832"/>
    <Channel>Microsoft-Windows-Sysmon/Operational</Channel>
    <Computer>FILE-BO-01.agentsoc.local</Computer>
    <Security UserID="S-1-5-18"/>
  </System>
  <EventData>
    
    <Data Name="RuleName">-</Data>
    <Data Name="UtcTime">2024-05-14 14:56:19.773</Data>
    <Data Name="ProcessGuid">{a891800e-7b93-6643-0002-0010a72d690b}</Data>
    <Data Name="ProcessId">5584</Data>
    <Data Name="Image">C:\Windows\System32\wbem\WmiPrvSE.exe</Data>
    <Data Name="FileVersion">10.0.17763.1</Data>
    <Data Name="Description">WMI Provider Host</Data>
    <Data Name="Product">Microsoft Windows Operating System</Data>
    <Data Name="Company">Microsoft Corporation</Data>
    <Data Name="OriginalFileName">WmiPrvSE.exe</Data>
    <Data Name="CommandLine">WmiPrvSE.exe -secured -Embedding</Data>
    <Data Name="CurrentDirectory">C:\Windows\System32\</Data>
    <Data Name="User">NT AUTHORITY\SYSTEM</Data>
    <Data Name="LogonGuid">{2e02e80b-5255-4aec-a48a-db9ea0dc704c}</Data>
    <Data Name="LogonId">0x3e7</Data>
    <Data Name="TerminalSessionId">0</Data>
    <Data Name="IntegrityLevel">System</Data>
    <Data Name="Hashes">SHA1=6AD156D08BB4F9B25234F96E34E653FD71462DB9,MD5=30A5B57A08718348FAB95C22B5AECB52,SHA256=41F3A56D4D7DE7B7E4D6F1A6EAB3F159A1E5C8210760E3507918D6055AD0F8CF,IMPHASH=CDFFA5B4AF7AA0CE617D43ED10715987</Data>
    <Data Name="ParentProcessGuid">{a891800e-514a-6626-c300-000057f9bc23}</Data>
    <Data Name="ParentProcessId">3636</Data>
    <Data Name="ParentImage">C:\Windows\System32\svchost.exe</Data>
    <Data Name="ParentCommandLine">svchost.exe -k DcomLaunch</Data>
    <Data Name="ParentUser">NT AUTHORITY\SYSTEM</Data>
    
  </EventData>
</Event>
<Event xmlns="http://schemas.microsoft.com/win/2004/08/events/event">
  <System>
    <Provider Name="Microsoft-Windows-Sysmon" Guid="{5770385f-c22a-43e0-bf4c-06f5698ffbd9}"/>
    <EventID>1</EventID>
    <Version>5</Version>
    <Level>4</Level>
    <Task>1</Task>
    <Opcode>0</Opcode>
    <Keywords>0x8000000000000000</Keywords>
    <TimeCreated SystemTime="2024-05-14T14:57:15.5416162Z"/>
    <EventRecordID>1746479</EventRecordID>
    <Correlation/>
    <Execution ProcessID="2076" ThreadID="2008"/>
    <Channel>Microsoft-Windows-Sysmon/Operational</Channel>
    <Computer>FILE-BO-01.agentsoc.local</Computer>
    <Security UserID="S-1-5-18"/>
  </System>
  <EventData>
    
    <Data Name="RuleName">-</Data>
    <Data Name="UtcTime">2024-05-14 14:57:15.541</Data>
    <Data Name="ProcessGuid">{a891800e-7bcb-6643-3600-000067d222f6}</Data>
    <Data Name="ProcessId">5812</Data>
    <Data Name="Image">C:\Windows\System32\taskhostw.exe</Data>
    <Data Name="FileVersion">10.0.17763.1</Data>
    <Data Name="Description">Host Process for Windows Tasks</Data>
    <Data Name="Product">Microsoft Windows Operating System</Data>
    <Data Name="Company">Microsoft Corporation</Data>
    <Data Name="OriginalFileName">taskhostw.exe</Data>
    <Data Name="CommandLine">taskhostw.exe /Run</Data>
    <Data Name="CurrentDirectory">C:\Windows\System32\</Data>
    <Data Name="User">NT AUTHORITY\SYSTEM</Data>
    <Data Name="LogonGuid">{2e02e80b-5255-4aec-a48a-db9ea0dc704c}</Data>
    <Data Name="LogonId">0x3e7</Data>
    <Data Name="TerminalSessionId">0</Data>
    <Data Name="IntegrityLevel">System</Data>
    <Data Name="Hashes">SHA1=E9D89BE9F06C87CE3F0ED2C902086D665079AC3F,MD5=BFB4F13826BAF7E99DC8635665152633,SHA256=17EEB63FFF746AC1E28410EF5F2A7393F799E01860AB3CC7FE4700E909266323,IMPHASH=625D48FCB9529D002E844734F583C0E5</Data>
    <Data Name="ParentProcessGuid">{a891800e-514a-6626-0200-0000997a0780}</Data>
    <Data Name="ParentProcessId">3648</Data>
    <Data Name="ParentImage">C:\Windows\System32\svchost.exe</Data>
    <Data Name="ParentCommandLine">svchost.exe -k LocalSystem</Data>
    <Data Name="ParentUser">NT AUTHORITY\SYSTEM</Data>
    
  </EventData>
</Event>
<Event xmlns="http://schemas.microsoft.com/win/2004/08/events/event">
  <System>
    <Provider Name="Microsoft-Windows-Sysmon" Guid="{5770385f-c22a-43e0-bf4c-06f5698ffbd9}"/>
    <EventID>10</EventID>
    <Version>3</Version>
    <Level>4</Level>
    <Task>10</Task>
    <Opcode>0</Opcode>
    <Keywords>0x8000000000000000</Keywords>
    <TimeCreated SystemTime="2024-05-14T15:00:57.8544576Z"/>
    <EventRecordID>1746490</EventRecordID>
    <Correlation/>
    <Execution ProcessID="2076" ThreadID="2008"/>
    <Channel>Microsoft-Windows-Sysmon/Operational</Channel>
    <Computer>FILE-BO-01.agentsoc.local</Computer>
    <Security UserID="S-1-5-18"/>
  </System>
  <EventData>
    
    <Data Name="RuleName">-</Data>
    <Data Name="UtcTime">2024-05-14 15:00:57.854</Data>
    <Data Name="SourceProcessGUID">{a891800e-5157-6626-2702-0000d5d54f94}</Data>
    <Data Name="SourceProcessId">3768</Data>
    <Data Name="SourceImage">C:\Windows\System32\dllhost.exe</Data>
    <Data Name="SourceThreadId">7508</Data>
    <Data Name="SourceUser">NT AUTHORITY\SYSTEM</Data>
    <Data Name="TargetProcessGUID">{a891800e-515e-6626-0a00-0010e05ba373}</Data>
    <Data Name="TargetProcessId">3880</Data>
    <Data Name="TargetImage">C:\Windows\System32\winlogon.exe</Data>
    <Data Name="TargetUser">NT AUTHORITY\SYSTEM</Data>
    <Data Name="GrantedAccess">0x0400</Data>
    <Data Name="CallTrace">C:\Windows\SYSTEM32\ntdll.dll+9DD3F</Data>
    
  </EventData>
</Event>
<Event xmlns="http://schemas.microsoft.com/win/2004/08/events/event">
  <System>
    <Provider Name="Microsoft-Windows-Sysmon" Guid="{5770385f-c22a-43e0-bf4c-06f5698ffbd9}"/>
    <EventID>1</EventID>
    <Version>5</Version>
    <Level>4</Level>
    <Task>1</Task>
    <Opcode>0</Opcode>
    <Keywords>0x8000000000000000</Keywords>
    <TimeCreated SystemTime="2024-05-14T15:02:42.5212604Z"/>
    <EventRecordID>1746495</EventRecordID>
    <Correlation/>
    <Execution ProcessID="2076" ThreadID="3832"/>
    <Channel>Microsoft-Windows-Sysmon/Operational</Channel>
    <Computer>FILE-BO-01.agentsoc.local</Computer>
    <Security UserID="S-1-5-18"/>
  </System>
  <EventData>
    
    <Data Name="RuleName">-</Data>
    <Data Name="UtcTime">2024-05-14 15:02:42.521</Data>
    <Data Name="ProcessGuid">{a891800e-7d12-6643-a502-0010879ff3d3}</Data>
    <Data Name="ProcessId">5952</Data>
    <Data Name="Image">C:\Windows\System32\wbem\WmiPrvSE.exe</Data>
    <Data Name="FileVersion">10.0.17763.1</Data>
    <Data Name="Description">WMI Provider Host</Data>
    <Data Name="Product">Microsoft Windows Operating System</Data>
    <Data Name="Company">Microsoft Corporation</Data>
    <Data Name="OriginalFileName">WmiPrvSE.exe</Data>
    <Data Name="CommandLine">WmiPrvSE.exe -secured -Embedding</Data>
    <Data Name="CurrentDirectory">C:\Windows\System32\</Data>
    <Data Name="User">NT AUTHORITY\SYSTEM</Data>
    <Data Name="LogonGuid">{2e02e80b-5255-4aec-a48a-db9ea0dc704c}</Data>
    <Data Name="LogonId">0x3e7</Data>
    <Data Name="TerminalSessionId">0</Data>
    <Data Name="IntegrityLevel">System</Data>
    <Data Name="Hashes">SHA1=6AD156D08BB4F9B25234F96E34E653FD71462DB9,MD5=30A5B57A08718348FAB95C22B5AECB52,SHA256=41F3A56D4D7DE7B7E4D6F1A6EAB3F159A1E5C8210760E3507918D6055AD0F8CF,IMPHASH=CDFFA5B4AF7AA0CE617D43ED10715987</Data>
    <Data Name="ParentProcessGuid">{a891800e-514a-6626-c300-000057f9bc23}</Data>
    <Data Name="ParentProcessId">3636</Data>
    <Data Name="ParentImage">C:\Windows\System32\svchost.exe</Data>
    <Data Name="ParentCommandLine">svchost.exe -k DcomLaunch</Data>
    <Data Name="ParentUser">NT AUTHORITY\SYSTEM</Data>
    
  </EventData>
</Event>
<Event xmlns="http://schemas.microsoft.com/win/2004/08/events/event">
  <System>
    <Provider Name="Microsoft-Windows-Sysmon" Guid="{5770385f-c22a-43e0-bf4c-06f5698ffbd9}"/>
    <EventID>7</EventID>
    <Version>3</Version>
    <Level>4</Level>
    <Task>7</Task>
    <Opcode>0</Opcode>
    <Keywords>0x8000000000000000</Keywords>
    <TimeCreated SystemTime="2024-05-14T15:03:30.3595002Z"/>
    <EventRecordID>1746503</EventRecordID>
    <Correlation/>
    <Execution ProcessID="2076" ThreadID="2008"/>
    <Channel>Microsoft-Windows-Sysmon/Operational</Channel>
    <Computer>FILE-BO-01.agentsoc.local</Computer>
    <Security UserID="S-1-5-18"/>
  </System>
  <EventData>
    
    <Data Name="RuleName">-</Data>
    <Data Name="UtcTime">2024-05-14 15:03:30.359</Data>
    <Data Name="ProcessGuid">{a891800e-6114-6643-4c02-0000978e7b50}</Data>
    <Data Name="ProcessId">5272</Data>
    <Data Name="Image">C:\Windows\System32\svchost.exe</Data>
    <Data Name="ImageLoaded">C:\Program Files\Cisco\Cisco AnyConnect Secure Mobility Client\vpnapi.dll</Data>
    <Data Name="FileVersion">5.1.4.74</Data>
    <Data Name="Description">Cisco Secure Client API</Data>
    <Data Name="Product">Cisco Secure Client</Data>
    <Data Name="Company">Cisco Systems, Inc.</Data>
    <Data Name="OriginalFileName">vpnapi.dll</Data>
    <Data Name="Hashes">SHA1=558BAB5949895B830CA45E75F09FB8934E7914BC,MD5=F77F3DA9BE8209A46C2E7A1CC27E40F2,SHA256=6BDA8E95531273676DF1C7BBF723070D6C6BF90250B5FBC99980B77F554B7A3F,IMPHASH=041B795A214B84F21AE78A14EE46F1B5</Data>
    <Data Name="Signed">true</Data>
    <Data Name="Signature">Cisco Systems, Inc.</Data>
    <Data Name="SignatureStatus">Valid</Data>
    
  </EventData>
</Event>
<Event xmlns="http://schemas.microsoft.com/win/2004/08/events/event">
  <System>
    <Provider Name="Microsoft-Windows-Sysmon" Guid="{5770385f-c22a-43e0-bf4c-06f5698ffbd9}"/>
    <EventID>10</EventID>
    <Version>3</Version>
    <Level>4</Level>
    <Task>10</Task>
    <Opcode>0</Opcode>
    <Keywords>0x8000000000000000</Keywords>
    <TimeCreated SystemTime="2024-05-14T15:04:22.0925898Z"/>
    <EventRecordID>1746529</EventRecordID>
    <Correlation/>
    <Execution ProcessID="2076" ThreadID="3832"/>
    <Channel>Microsoft-Windows-Sysmon/Operational</Channel>
    <Computer>FILE-BO-01.agentsoc.local</Computer>
    <Security UserID="S-1-5-18"/>
  </System>
  <EventData>
    
    <Data Name="RuleName">-</Data>
    <Data Name="UtcTime">2024-05-14 15:04:22.092</Data>
    <Data Name="SourceProcessGUID">{a891800e-514a-6626-0200-0000997a0780}</Data>
    <Data Name="SourceProcessId">3648</Data>
    <Data Name="SourceImage">C:\Windows\System32\svchost.exe</Data>
    <Data Name="SourceThreadId">3760</Data>
    <Data Name="SourceUser">NT AUTHORITY\SYSTEM</Data>
    <Data Name="TargetProcessGUID">{a891800e-5146-6626-a500-00104fa0d121}</Data>
    <Data Name="TargetProcessId">3632</Data>
    <Data Name="TargetImage">C:\Windows\System32\lsass.exe</Data>
    <Data Name="TargetUser">NT AUTHORITY\SYSTEM</Data>
    <Data Name="GrantedAccess">0x1400</Data>
    <Data Name="CallTrace">C:\Windows\SYSTEM32\ntdll.dll+9E717|C:\Windows\SYSTEM32\KERNELBASE.dll+2EA8F|C:\Windows\SYSTEM32\sechost.dll+12973</Data>
    
  </EventData>
</Event>
<Event xmlns="http://schemas.microsoft.com/win/2004/08/events/event">
  <System>
    <Provider Name="Microsoft-Windows-Sysmon" Guid="{5770385f-c22a-43e0-bf4c-06f5698ffbd9}"/>
    <EventID>10</EventID>
    <Version>3</Version>
    <Level>4</Level>
    <Task>10</Task>
    <Opcode>0</Opcode>
    <Keywords>0x8000000000000000</Keywords>
    <TimeCreated SystemTime="2024-05-14T15:05:17.5857309Z"/>
    <EventRecordID>1746532</EventRecordID>
    <Correlation/>
    <Execution ProcessID="2076" ThreadID="2008"/>
    <Channel>Microsoft-Windows-Sysmon/Operational</Channel>
    <Computer>FILE-BO-01.agentsoc.local</Computer>
    <Security UserID="S-1-5-18"/>
  </System>
  <EventData>
    
    <Data Name="RuleName">-</Data>
    <Data Name="UtcTime">2024-05-14 15:05:17.585</Data>
    <Data Name="SourceProcessGUID">{a891800e-5158-6626-ff02-0000f9317805}</Data>
    <Data Name="SourceProcessId">3828</Data>
    <Data Name="SourceImage">C:\ProgramData\Microsoft\Windows Defender\Platform\4.18.2301.6-0\MpCmdRun.exe</Data>
    <Data Name="SourceThreadId">2100</Data>
    <Data Name="SourceUser">NT AUTHORITY\SYSTEM</Data>
    <Data Name="TargetProcessGUID">{a891800e-5152-6626-e902-000064e9da03}</Data>
    <Data Name="TargetProcessId">3712</Data>
    <Data Name="TargetImage">C:\ProgramData\Microsoft\Windows Defender\Platform\4.18.2301.6-0\MsMpEng.exe</Data>
    <Data Name="TargetUser">NT AUTHORITY\SYSTEM</Data>
    <Data Name="GrantedAccess">0x1410</Data>
    <Data Name="CallTrace">C:\Windows\SYSTEM32\ntdll.dll+9CE8F|C:\Windows\SYSTEM32\KERNELBASE.dll+2EC16|C:\Windows\SYSTEM32\advapi32.dll+4C8DE</Data>
    
  </EventData>
</Event>
<Event xmlns="http://schemas.microsoft.com/win/2004/08/events/event">
  <System>
    <Provider Name="Microsoft-Windows-Sysmon" Guid="{5770385f-c22a-43e0-bf4c-06f5698ffbd9}"/>
    <EventID>13</EventID>
    <Version>2</Version>
    <Level>4</Level>
    <Task>13</Task>
    <Opcode>0</Opcode>
    <Keywords>0x8000000000000000</Keywords>
    <TimeCreated SystemTime="2024-05-14T15:06:06.2981184Z"/>
    <EventRecordID>1746536</EventRecordID>
    <Correlation/>
    <Execution ProcessID="2076" ThreadID="3228"/>
    <Channel>Microsoft-Windows-Sysmon/Operational</Channel>
    <Computer>FILE-BO-01.agentsoc.local</Computer>
    <Security UserID="S-1-5-18"/>
  </System>
  <EventData>
    
    <Data Name="RuleName">-</Data>
    <Data Name="EventType">SetValue</Data>
    <Data Name="UtcTime">2024-05-14 15:06:06.298</Data>
    <Data Name="ProcessGuid">{a891800e-5145-6626-7c00-00008a1a8972}</Data>
    <Data Name="ProcessId">3628</Data>
    <Data Name="Image">C:\Windows\System32\services.exe</Data>
    <Data Name="User">NT AUTHORITY\SYSTEM</Data>
    <Data Name="TargetObject">HKLM\SOFTWARE\Microsoft\Windows\CurrentVersion\Component Based Servicing\Packages\Package_for_RollupFix~31bf3856ad364e35~amd64~~10.0.17763.19\CurrentState</Data>
    <Data Name="Details">DWORD (0x00000070)</Data>
    
  </EventData>
</Event>
<Event xmlns="http://schemas.microsoft.com/win/2004/08/events/event">
  <System>
    <Provider Name="Microsoft-Windows-Sysmon" Guid="{5770385f-c22a-43e0-bf4c-06f5698ffbd9}"/>
    <EventID>10</EventID>
    <Version>3</Version>
    <Level>4</Level>
    <Task>10</Task>
    <Opcode>0</Opcode>
    <Keywords>0x8000000000000000</Keywords>
    <TimeCreated SystemTime="2024-05-14T15:06:19.9450651Z"/>
    <EventRecordID>1746553</EventRecordID>
    <Correlation/>
    <Execution ProcessID="2076" ThreadID="3832"/>
    <Channel>Microsoft-Windows-Sysmon/Operational</Channel>
    <Computer>FILE-BO-01.agentsoc.local</Computer>
    <Security UserID="S-1-5-18"/>
  </System>
  <EventData>
    
    <Data Name="RuleName">-</Data>
    <Data Name="UtcTime">2024-05-14 15:06:19.945</Data>
    <Data Name="SourceProcessGUID">{a891800e-5152-6626-e902-000064e9da03}</Data>
    <Data Name="SourceProcessId">3712</Data>
    <Data Name="SourceImage">C:\ProgramData\Microsoft\Windows Defender\Platform\4.18.2301.6-0\MsMpEng.exe</Data>
    <Data Name="SourceThreadId">2764</Data>
    <Data Name="SourceUser">NT AUTHORITY\SYSTEM</Data>
    <Data Name="TargetProcessGUID">{a891800e-5146-6626-a500-00104fa0d121}</Data>
    <Data Name="TargetProcessId">3632</Data>
    <Data Name="TargetImage">C:\Windows\System32\lsass.exe</Data>
    <Data Name="TargetUser">NT AUTHORITY\SYSTEM</Data>
    <Data Name="GrantedAccess">0x1400</Data>
    <Data Name="CallTrace">C:\Windows\SYSTEM32\ntdll.dll+9CE8F|C:\Windows\SYSTEM32\KERNELBASE.dll+2EC16|C:\Windows\SYSTEM32\advapi32.dll+4C8DE</Data>
    
  </EventData>
</Event>
<Event xmlns="http://schemas.microsoft.com/win/2004/08/events/event">
  <System>
    <Provider Name="Microsoft-Windows-Sysmon" Guid="{5770385f-c22a-43e0-bf4c-06f5698ffbd9}"/>
    <EventID>10</EventID>
    <Version>3</Version>
    <Level>4</Level>
    <Task>10</Task>
    <Opcode>0</Opcode>
    <Keywords>0x8000000000000000</Keywords>
    <TimeCreated SystemTime="2024-05-14T15:07:20.3541848Z"/>
    <EventRecordID>1746556</EventRecordID>
    <Correlation/>
    <Execution ProcessID="2076" ThreadID="2008"/>
    <Channel>Microsoft-Windows-Sysmon/Operational</Channel>
    <Computer>FILE-BO-01.agentsoc.local</Computer>
    <Security UserID="S-1-5-18"/>
  </System>
  <EventData>
    
    <Data Name="RuleName">-</Data>
    <Data Name="UtcTime">2024-05-14 15:07:20.354</Data>
    <Data Name="SourceProcessGUID">{a891800e-5155-6626-8500-00100aecf28e}</Data>
    <Data Name="SourceProcessId">3720</Data>
    <Data Name="SourceImage">C:\Windows\System32\SearchIndexer.exe</Data>
    <Data Name="SourceThreadId">7080</Data>
    <Data Name="SourceUser">NT AUTHORITY\SYSTEM</Data>
    <Data Name="TargetProcessGUID">{a891800e-5157-6626-3a02-0000372d99af}</Data>
    <Data Name="TargetProcessId">3776</Data>
    <Data Name="TargetImage">C:\Windows\System32\SearchProtocolHost.exe</Data>
    <Data Name="TargetUser">NT AUTHORITY\SYSTEM</Data>
    <Data Name="GrantedAccess">0x0400</Data>
    <Data Name="CallTrace">C:\Windows\SYSTEM32\ntdll.dll+9C731|C:\Windows\SYSTEM32\RPCRT4.dll+7D2BF|C:\Windows\SYSTEM32\KERNELBASE.dll+2CB03</Data>
    
  </EventData>
</Event>
<Event xmlns="http://schemas.microsoft.com/win/2004/08/events/event">
  <System>
    <Provider Name="Microsoft-Windows-Sysmon" Guid="{5770385f-c22a-43e0-bf4c-06f5698ffbd9}"/>
    <EventID>1</EventID>
    <Version>5</Version>
    <Level>4</Level>
    <Task>1</Task>
    <Opcode>0</Opcode>
    <Keywords>0x8000000000000000</Keywords>
    <TimeCreated SystemTime="2024-05-14T15:07:51.4389189Z"/>
    <EventRecordID>1746558</EventRecordID>
    <Correlation/>
    <Execution ProcessID="2076" ThreadID="2008"/>
    <Channel>Microsoft-Windows-Sysmon/Operational</Channel>
    <Computer>FILE-BO-01.agentsoc.local</Computer>
    <Security UserID="S-1-5-18"/>
  </System>
  <EventData>
    
    <Data Name="RuleName">-</Data>
    <Data Name="UtcTime">2024-05-14 15:07:51.438</Data>
    <Data Name="ProcessGuid">{a891800e-7e47-6643-8902-001092b83f40}</Data>
    <Data Name="ProcessId">6204</Data>
    <Data Name="Image">C:\Windows\System32\svchost.exe</Data>
    <Data Name="FileVersion">10.0.17763.1</Data>
    <Data Name="Description">Host Process for Windows Services</Data>
    <Data Name="Product">Microsoft Windows Operating System</Data>
    <Data Name="Company">Microsoft Corporation</Data>
    <Data Name="OriginalFileName">svchost.exe</Data>
    <Data Name="CommandLine">svchost.exe -k netsvcs -p -s BITS</Data>
    <Data Name="CurrentDirectory">C:\Windows\System32\</Data>
    <Data Name="User">NT AUTHORITY\SYSTEM</Data>
    <Data Name="LogonGuid">{2e02e80b-5255-4aec-a48a-db9ea0dc704c}</Data>
    <Data Name="LogonId">0x3e7</Data>
    <Data Name="TerminalSessionId">0</Data>
    <Data Name="IntegrityLevel">System</Data>
    <Data Name="Hashes">SHA1=FD5E52F6038DA3B46E67E5FFE69F1A7559330D6A,MD5=EB48672D9EF9F83CC59D0219312B398F,SHA256=A3EF6409F80683E76DC6B4A4A3DD02D3E25751B2088B9B18C8442471FF61DAF2,IMPHASH=B021D5C7B5AECC0A9822BE11A8A924DD</Data>
    <Data Name="ParentProcessGuid">{a891800e-5145-6626-7c00-00008a1a8972}</Data>
    <Data Name="ParentProcessId">3628</Data>
    <Data Name="ParentImage">C:\Windows\System32\services.exe</Data>
    <Data Name="ParentCommandLine">services.exe</Data>
    <Data Name="ParentUser">NT AUTHORITY\SYSTEM</Data>
    
  </EventData>
</Event>
<Event xmlns="http://schemas.microsoft.com/win/2004/08/events/event">
  <System>
    <Provider Name="Microsoft-Windows-Sysmon" Guid="{5770385f-c22a-43e0-bf4c-06f5698ffbd9}"/>
    <EventID>13</EventID>
    <Version>2</Version>
    <Level>4</Level>
    <Task>13</Task>
    <Opcode>0</Opcode>
    <Keywords>0x8000000000000000</Keywords>
    <TimeCreated SystemTime="2024-05-14T15:08:30.6956065Z"/>
    <EventRecordID>1746593</EventRecordID>
    <Correlation/>
    <Execution ProcessID="2076" ThreadID="3228"/>
    <Channel>Microsoft-Windows-Sysmon/Operational</Channel>
    <Computer>FILE-BO-01.agentsoc.local</Computer>
    <Security UserID="S-1-5-18"/>
  </System>
  <EventData>
    
    <Data Name="RuleName">-</Data>
    <Data Name="EventType">SetValue</Data>
    <Data Name="UtcTime">2024-05-14 15:08:30.695</Data>
    <Data Name="ProcessGuid">{a891800e-514c-6626-fd00-00105762d0d7}</Data>
    <Data Name="ProcessId">3668</Data>
    <Data Name="Image">C:\Windows\System32\svchost.exe</Data>
    <Data Name="User">NT AUTHORITY\NETWORK SERVICE</Data>
    <Data Name="TargetObject">HKLM\SOFTWARE\Microsoft\Windows\CurrentVersion\WINEVT\Channels\Microsoft-Windows-Sysmon/Operational\Enabled</Data>
    <Data Name="Details">DWORD (0x00000001)</Data>
    
  </EventData>
</Event>
<Event xmlns="http://schemas.microsoft.com/win/2004/08/events/event">
  <System>
    <Provider Name="Microsoft-Windows-Sysmon" Guid="{5770385f-c22a-43e0-bf4c-06f5698ffbd9}"/>
    <EventID>11</EventID>
    <Version>2</Version>
    <Level>4</Level>
    <Task>11</Task>
    <Opcode>0</Opcode>
    <Keywords>0x8000000000000000</Keywords>
    <TimeCreated SystemTime="2024-05-14T15:09:24.0329246Z"/>
    <EventRecordID>1746597</EventRecordID>
    <Correlation/>
    <Execution ProcessID="2076" ThreadID="2008"/>
    <Channel>Microsoft-Windows-Sysmon/Operational</Channel>
    <Computer>FILE-BO-01.agentsoc.local</Computer>
    <Security UserID="S-1-5-18"/>
  </System>
  <EventData>
    
    <Data Name="RuleName">-</Data>
    <Data Name="UtcTime">2024-05-14 15:09:24.032</Data>
    <Data Name="ProcessGuid">{a891800e-515a-6626-5902-0010b5042638}</Data>
    <Data Name="ProcessId">3836</Data>
    <Data Name="Image">C:\Windows\System32\msiexec.exe</Data>
    <Data Name="User">NT AUTHORITY\SYSTEM</Data>
    <Data Name="TargetFilename">C:\ProgramData\Microsoft\Windows Defender\Scans\History\Service\DetectionHistory\49644</Data>
    <Data Name="CreationUtcTime">2024-05-14 15:09:24.032</Data>
    
  </EventData>
</Event>
