<Event xmlns="http://schemas.microsoft.com/win/2004/08/events/event">
  <System>
    
    <Provider Name="Microsoft-Windows-Security-Auditing" Guid="{54849625-5478-4994-a5ba-3e3b0328c30d}"/>
    
    <EventID>4688</EventID>
    <Version>2</Version>
    <Level>0</Level>
    <Task>13312</Task>
    <Opcode>0</Opcode>
    <Keywords>0x8020000000000000</Keywords>
    <TimeCreated SystemTime="2024-05-14T16:37:46.7389316Z"/>
    <EventRecordID>593387</EventRecordID>
    <Correlation/>
    <Execution ProcessID="4" ThreadID="2696"/>
    <Channel>Security</Channel>
    <Computer>WS-OREED-01.northstar-branch.local</Computer>
    
    <Security/>
    
  </System>
  
  <EventData>
    
    <Data Name="SubjectUserSid">S-1-5-18</Data>
    <Data Name="SubjectUserName">SYSTEM</Data>
    <Data Name="SubjectDomainName">NT AUTHORITY</Data>
    <Data Name="SubjectLogonId">0x3e7</Data>
    <Data Name="NewProcessId">0x11b8</Data>
    <Data Name="NewProcessName">C:\Program Files (x86)\Google\Update\GoogleUpdate.exe</Data>
    <Data Name="TokenElevationType">%%1936</Data>
    <Data Name="ProcessId">0x998</Data>
    <Data Name="CommandLine">GoogleUpdate.exe /ua /installsource scheduler</Data>
    <Data Name="TargetUserSid">S-1-5-18</Data>
    <Data Name="TargetUserName">SYSTEM</Data>
    <Data Name="TargetDomainName">NT AUTHORITY</Data>
    <Data Name="TargetLogonId">0x3e7</Data>
    <Data Name="ParentProcessName">C:\Windows\System32\taskhostw.exe</Data>
    <Data Name="MandatoryLabel">S-1-16-16384</Data>
    
  </EventData>
  
</Event>
<Event xmlns="http://schemas.microsoft.com/win/2004/08/events/event">
  <System>
    
    <Provider Name="Microsoft-Windows-Security-Auditing" Guid="{54849625-5478-4994-a5ba-3e3b0328c30d}"/>
    
    <EventID>5156</EventID>
    <Version>1</Version>
    <Level>0</Level>
    <Task>12810</Task>
    <Opcode>0</Opcode>
    <Keywords>0x8020000000000000</Keywords>
    <TimeCreated SystemTime="2024-05-14T16:37:54.7615303Z"/>
    <EventRecordID>593419</EventRecordID>
    <Correlation/>
    <Execution ProcessID="4" ThreadID="124"/>
    <Channel>Security</Channel>
    <Computer>WS-OREED-01.northstar-branch.local</Computer>
    
    <Security/>
    
  </System>
  
  <EventData>
    
    <Data Name="ProcessID">2200</Data>
    <Data Name="Application">\device\harddiskvolume1\windows\system32\lsass.exe</Data>
    <Data Name="Direction">%%14593</Data>
    <Data Name="SourceAddress">10.44.10.22</Data>
    <Data Name="SourcePort">62139</Data>
    <Data Name="DestAddress">10.44.20.10</Data>
    <Data Name="DestPort">88</Data>
    <Data Name="Protocol">6</Data>
    <Data Name="FilterRTID">47033</Data>
    <Data Name="LayerName">%%14611</Data>
    <Data Name="LayerRTID">48</Data>
    <Data Name="RemoteUserID">S-1-0-0</Data>
    <Data Name="RemoteMachineID">S-1-0-0</Data>
    
  </EventData>
  
</Event>
<Event xmlns="http://schemas.microsoft.com/win/2004/08/events/event">
  <System>
    
    <Provider Name="Microsoft-Windows-Security-Auditing" Guid="{54849625-5478-4994-a5ba-3e3b0328c30d}"/>
    
    <EventID>5156</EventID>
    <Version>1</Version>
    <Level>0</Level>
    <Task>12810</Task>
    <Opcode>0</Opcode>
    <Keywords>0x8020000000000000</Keywords>
    <TimeCreated SystemTime="2024-05-14T16:37:55.3376017Z"/>
    <EventRecordID>593423</EventRecordID>
    <Correlation/>
    <Execution ProcessID="4" ThreadID="172"/>
    <Channel>Security</Channel>
    <Computer>WS-OREED-01.northstar-branch.local</Computer>
    
    <Security/>
    
  </System>
  
  <EventData>
    
    <Data Name="ProcessID">2200</Data>
    <Data Name="Application">\device\harddiskvolume1\windows\system32\lsass.exe</Data>
    <Data Name="Direction">%%14593</Data>
    <Data Name="SourceAddress">10.44.10.22</Data>
    <Data Name="SourcePort">59440</Data>
    <Data Name="DestAddress">10.44.20.10</Data>
    <Data Name="DestPort">88</Data>
    <Data Name="Protocol">17</Data>
    <Data Name="FilterRTID">47037</Data>
    <Data Name="LayerName">%%14611</Data>
    <Data Name="LayerRTID">48</Data>
    <Data Name="RemoteUserID">S-1-0-0</Data>
    <Data Name="RemoteMachineID">S-1-0-0</Data>
    
  </EventData>
  
</Event>
<Event xmlns="http://schemas.microsoft.com/win/2004/08/events/event">
  <System>
    
    <Provider Name="Microsoft-Windows-Security-Auditing" Guid="{54849625-5478-4994-a5ba-3e3b0328c30d}"/>
    
    <EventID>4689</EventID>
    <Version>0</Version>
    <Level>0</Level>
    <Task>13313</Task>
    <Opcode>0</Opcode>
    <Keywords>0x8020000000000000</Keywords>
    <TimeCreated SystemTime="2024-05-14T16:38:13.8751113Z"/>
    <EventRecordID>594297</EventRecordID>
    <Correlation/>
    <Execution ProcessID="4" ThreadID="364"/>
    <Channel>Security</Channel>
    <Computer>WS-OREED-01.northstar-branch.local</Computer>
    
    <Security/>
    
  </System>
  
  <EventData>
    
    <Data Name="SubjectUserSid">S-1-5-18</Data>
    <Data Name="SubjectUserName">SYSTEM</Data>
    <Data Name="SubjectDomainName">NT AUTHORITY</Data>
    <Data Name="SubjectLogonId">0x3e7</Data>
    <Data Name="Status">0x0</Data>
    <Data Name="ProcessId">0x11b8</Data>
    <Data Name="ProcessName">C:\Program Files (x86)\Google\Update\GoogleUpdate.exe</Data>
    
  </EventData>
  
</Event>
<Event xmlns="http://schemas.microsoft.com/win/2004/08/events/event">
  <System>
    
    <Provider Name="Microsoft-Windows-Security-Auditing" Guid="{54849625-5478-4994-a5ba-3e3b0328c30d}"/>
    
    <EventID>5156</EventID>
    <Version>1</Version>
    <Level>0</Level>
    <Task>12810</Task>
    <Opcode>0</Opcode>
    <Keywords>0x8020000000000000</Keywords>
    <TimeCreated SystemTime="2024-05-14T16:38:55.6039563Z"/>
    <EventRecordID>594300</EventRecordID>
    <Correlation/>
    <Execution ProcessID="4" ThreadID="76"/>
    <Channel>Security</Channel>
    <Computer>WS-OREED-01.northstar-branch.local</Computer>
    
    <Security/>
    
  </System>
  
  <EventData>
    
    <Data Name="ProcessID">2200</Data>
    <Data Name="Application">\device\harddiskvolume1\windows\system32\lsass.exe</Data>
    <Data Name="Direction">%%14593</Data>
    <Data Name="SourceAddress">10.44.10.22</Data>
    <Data Name="SourcePort">65169</Data>
    <Data Name="DestAddress">10.44.20.10</Data>
    <Data Name="DestPort">88</Data>
    <Data Name="Protocol">17</Data>
    <Data Name="FilterRTID">47037</Data>
    <Data Name="LayerName">%%14611</Data>
    <Data Name="LayerRTID">48</Data>
    <Data Name="RemoteUserID">S-1-0-0</Data>
    <Data Name="RemoteMachineID">S-1-0-0</Data>
    
  </EventData>
  
</Event>
<Event xmlns="http://schemas.microsoft.com/win/2004/08/events/event">
  <System>
    
    <Provider Name="Microsoft-Windows-Security-Auditing" Guid="{54849625-5478-4994-a5ba-3e3b0328c30d}"/>
    
    <EventID>5156</EventID>
    <Version>1</Version>
    <Level>0</Level>
    <Task>12810</Task>
    <Opcode>0</Opcode>
    <Keywords>0x8020000000000000</Keywords>
    <TimeCreated SystemTime="2024-05-14T16:39:07.7063266Z"/>
    <EventRecordID>594302</EventRecordID>
    <Correlation/>
    <Execution ProcessID="4" ThreadID="160"/>
    <Channel>Security</Channel>
    <Computer>WS-OREED-01.northstar-branch.local</Computer>
    
    <Security/>
    
  </System>
  
  <EventData>
    
    <Data Name="ProcessID">2200</Data>
    <Data Name="Application">\device\harddiskvolume1\windows\system32\lsass.exe</Data>
    <Data Name="Direction">%%14593</Data>
    <Data Name="SourceAddress">10.44.10.22</Data>
    <Data Name="SourcePort">51688</Data>
    <Data Name="DestAddress">10.44.20.10</Data>
    <Data Name="DestPort">88</Data>
    <Data Name="Protocol">17</Data>
    <Data Name="FilterRTID">47037</Data>
    <Data Name="LayerName">%%14611</Data>
    <Data Name="LayerRTID">48</Data>
    <Data Name="RemoteUserID">S-1-0-0</Data>
    <Data Name="RemoteMachineID">S-1-0-0</Data>
    
  </EventData>
  
</Event>
<Event xmlns="http://schemas.microsoft.com/win/2004/08/events/event">
  <System>
    
    <Provider Name="Microsoft-Windows-Security-Auditing" Guid="{54849625-5478-4994-a5ba-3e3b0328c30d}"/>
    
    <EventID>5156</EventID>
    <Version>1</Version>
    <Level>0</Level>
    <Task>12810</Task>
    <Opcode>0</Opcode>
    <Keywords>0x8020000000000000</Keywords>
    <TimeCreated SystemTime="2024-05-14T16:39:35.5730136Z"/>
    <EventRecordID>594304</EventRecordID>
    <Correlation/>
    <Execution ProcessID="4" ThreadID="200"/>
    <Channel>Security</Channel>
    <Computer>WS-OREED-01.northstar-branch.local</Computer>
    
    <Security/>
    
  </System>
  
  <EventData>
    
    <Data Name="ProcessID">4464</Data>
    <Data Name="Application">\device\harddiskvolume1\program files\mozilla firefox\firefox.exe</Data>
    <Data Name="Direction">%%14593</Data>
    <Data Name="SourceAddress">10.44.10.22</Data>
    <Data Name="SourcePort">57954</Data>
    <Data Name="DestAddress">10.44.20.30</Data>
    <Data Name="DestPort">8080</Data>
    <Data Name="Protocol">6</Data>
    <Data Name="FilterRTID">47099</Data>
    <Data Name="LayerName">%%14611</Data>
    <Data Name="LayerRTID">48</Data>
    <Data Name="RemoteUserID">S-1-0-0</Data>
    <Data Name="RemoteMachineID">S-1-0-0</Data>
    
  </EventData>
  
</Event>
<Event xmlns="http://schemas.microsoft.com/win/2004/08/events/event">
  <System>
    
    <Provider Name="Microsoft-Windows-Security-Auditing" Guid="{54849625-5478-4994-a5ba-3e3b0328c30d}"/>
    
    <EventID>4689</EventID>
    <Version>0</Version>
    <Level>0</Level>
    <Task>13313</Task>
    <Opcode>0</Opcode>
    <Keywords>0x8020000000000000</Keywords>
    <TimeCreated SystemTime="2024-05-14T16:40:15.6764006Z"/>
    <EventRecordID>594357</EventRecordID>
    <Correlation/>
    <Execution ProcessID="4" ThreadID="188"/>
    <Channel>Security</Channel>
    <Computer>WS-OREED-01.northstar-branch.local</Computer>
    
    <Security/>
    
  </System>
  
  <EventData>
    
    <Data Name="SubjectUserSid">S-1-5-21-3882363548-2838386070-1334550370-1002</Data>
    <Data Name="SubjectUserName">owen.reed</Data>
    <Data Name="SubjectDomainName">NORTHSTAR-BRANCH</Data>
    <Data Name="SubjectLogonId">0x12f49026</Data>
    <Data Name="Status">0x0</Data>
    <Data Name="ProcessId">0x1050</Data>
    <Data Name="ProcessName">C:\Users\owen.reed\AppData\Roaming\Zoom\bin\Zoom.exe</Data>
    
  </EventData>
  
</Event>
<Event xmlns="http://schemas.microsoft.com/win/2004/08/events/event">
  <System>
    
    <Provider Name="Microsoft-Windows-Security-Auditing" Guid="{54849625-5478-4994-a5ba-3e3b0328c30d}"/>
    
    <EventID>5156</EventID>
    <Version>1</Version>
    <Level>0</Level>
    <Task>12810</Task>
    <Opcode>0</Opcode>
    <Keywords>0x8020000000000000</Keywords>
    <TimeCreated SystemTime="2024-05-14T16:41:04.6582824Z"/>
    <EventRecordID>594360</EventRecordID>
    <Correlation/>
    <Execution ProcessID="4" ThreadID="52"/>
    <Channel>Security</Channel>
    <Computer>WS-OREED-01.northstar-branch.local</Computer>
    
    <Security/>
    
  </System>
  
  <EventData>
    
    <Data Name="ProcessID">4</Data>
    <Data Name="Application">System</Data>
    <Data Name="Direction">%%14593</Data>
    <Data Name="SourceAddress">10.44.10.22</Data>
    <Data Name="SourcePort">51155</Data>
    <Data Name="DestAddress">10.44.20.20</Data>
    <Data Name="DestPort">445</Data>
    <Data Name="Protocol">6</Data>
    <Data Name="FilterRTID">47067</Data>
    <Data Name="LayerName">%%14611</Data>
    <Data Name="LayerRTID">48</Data>
    <Data Name="RemoteUserID">S-1-0-0</Data>
    <Data Name="RemoteMachineID">S-1-0-0</Data>
    
  </EventData>
  
</Event>
<Event xmlns="http://schemas.microsoft.com/win/2004/08/events/event">
  <System>
    
    <Provider Name="Microsoft-Windows-Security-Auditing" Guid="{54849625-5478-4994-a5ba-3e3b0328c30d}"/>
    
    <EventID>5156</EventID>
    <Version>1</Version>
    <Level>0</Level>
    <Task>12810</Task>
    <Opcode>0</Opcode>
    <Keywords>0x8020000000000000</Keywords>
    <TimeCreated SystemTime="2024-05-14T16:41:37.0012093Z"/>
    <EventRecordID>594363</EventRecordID>
    <Correlation/>
    <Execution ProcessID="4" ThreadID="200"/>
    <Channel>Security</Channel>
    <Computer>WS-OREED-01.northstar-branch.local</Computer>
    
    <Security/>
    
  </System>
  
  <EventData>
    
    <Data Name="ProcessID">2256</Data>
    <Data Name="Application">\device\harddiskvolume1\windows\system32\svchost.exe</Data>
    <Data Name="Direction">%%14593</Data>
    <Data Name="SourceAddress">10.44.10.22</Data>
    <Data Name="SourcePort">55055</Data>
    <Data Name="DestAddress">10.44.20.10</Data>
    <Data Name="DestPort">53</Data>
    <Data Name="Protocol">17</Data>
    <Data Name="FilterRTID">47021</Data>
    <Data Name="LayerName">%%14611</Data>
    <Data Name="LayerRTID">48</Data>
    <Data Name="RemoteUserID">S-1-0-0</Data>
    <Data Name="RemoteMachineID">S-1-0-0</Data>
    
  </EventData>
  
</Event>
<Event xmlns="http://schemas.microsoft.com/win/2004/08/events/event">
  <System>
    
    <Provider Name="Microsoft-Windows-Security-Auditing" Guid="{54849625-5478-4994-a5ba-3e3b0328c30d}"/>
    
    <EventID>5156</EventID>
    <Version>1</Version>
    <Level>0</Level>
    <Task>12810</Task>
    <Opcode>0</Opcode>
    <Keywords>0x8020000000000000</Keywords>
    <TimeCreated SystemTime="2024-05-14T16:41:38.5759026Z"/>
    <EventRecordID>594364</EventRecordID>
    <Correlation/>
    <Execution ProcessID="4" ThreadID="168"/>
    <Channel>Security</Channel>
    <Computer>WS-OREED-01.northstar-branch.local</Computer>
    
    <Security/>
    
  </System>
  
  <EventData>
    
    <Data Name="ProcessID">2256</Data>
    <Data Name="Application">\device\harddiskvolume1\windows\system32\svchost.exe</Data>
    <Data Name="Direction">%%14593</Data>
    <Data Name="SourceAddress">10.44.10.22</Data>
    <Data Name="SourcePort">50888</Data>
    <Data Name="DestAddress">10.44.20.10</Data>
    <Data Name="DestPort">53</Data>
    <Data Name="Protocol">17</Data>
    <Data Name="FilterRTID">47021</Data>
    <Data Name="LayerName">%%14611</Data>
    <Data Name="LayerRTID">48</Data>
    <Data Name="RemoteUserID">S-1-0-0</Data>
    <Data Name="RemoteMachineID">S-1-0-0</Data>
    
  </EventData>
  
</Event>
<Event xmlns="http://schemas.microsoft.com/win/2004/08/events/event">
  <System>
    
    <Provider Name="Microsoft-Windows-Security-Auditing" Guid="{54849625-5478-4994-a5ba-3e3b0328c30d}"/>
    
    <EventID>5156</EventID>
    <Version>1</Version>
    <Level>0</Level>
    <Task>12810</Task>
    <Opcode>0</Opcode>
    <Keywords>0x8020000000000000</Keywords>
    <TimeCreated SystemTime="2024-05-14T16:41:41.2206394Z"/>
    <EventRecordID>594365</EventRecordID>
    <Correlation/>
    <Execution ProcessID="4" ThreadID="84"/>
    <Channel>Security</Channel>
    <Computer>WS-OREED-01.northstar-branch.local</Computer>
    
    <Security/>
    
  </System>
  
  <EventData>
    
    <Data Name="ProcessID">4</Data>
    <Data Name="Application">System</Data>
    <Data Name="Direction">%%14593</Data>
    <Data Name="SourceAddress">10.44.10.22</Data>
    <Data Name="SourcePort">49576</Data>
    <Data Name="DestAddress">10.44.20.20</Data>
    <Data Name="DestPort">445</Data>
    <Data Name="Protocol">6</Data>
    <Data Name="FilterRTID">47067</Data>
    <Data Name="LayerName">%%14611</Data>
    <Data Name="LayerRTID">48</Data>
    <Data Name="RemoteUserID">S-1-0-0</Data>
    <Data Name="RemoteMachineID">S-1-0-0</Data>
    
  </EventData>
  
</Event>
<Event xmlns="http://schemas.microsoft.com/win/2004/08/events/event">
  <System>
    
    <Provider Name="Microsoft-Windows-Security-Auditing" Guid="{54849625-5478-4994-a5ba-3e3b0328c30d}"/>
    
    <EventID>4689</EventID>
    <Version>0</Version>
    <Level>0</Level>
    <Task>13313</Task>
    <Opcode>0</Opcode>
    <Keywords>0x8020000000000000</Keywords>
    <TimeCreated SystemTime="2024-05-14T16:42:24.3594818Z"/>
    <EventRecordID>594375</EventRecordID>
    <Correlation/>
    <Execution ProcessID="4" ThreadID="104"/>
    <Channel>Security</Channel>
    <Computer>WS-OREED-01.northstar-branch.local</Computer>
    
    <Security/>
    
  </System>
  
  <EventData>
    
    <Data Name="SubjectUserSid">S-1-5-18</Data>
    <Data Name="SubjectUserName">SYSTEM</Data>
    <Data Name="SubjectDomainName">NT AUTHORITY</Data>
    <Data Name="SubjectLogonId">0x3e7</Data>
    <Data Name="Status">0x0</Data>
    <Data Name="ProcessId">0xfe0</Data>
    <Data Name="ProcessName">C:\Program Files\Zscaler\ZSAService\ZSAService.exe</Data>
    
  </EventData>
  
</Event>
<Event xmlns="http://schemas.microsoft.com/win/2004/08/events/event">
  <System>
    
    <Provider Name="Microsoft-Windows-Security-Auditing" Guid="{54849625-5478-4994-a5ba-3e3b0328c30d}"/>
    
    <EventID>5156</EventID>
    <Version>1</Version>
    <Level>0</Level>
    <Task>12810</Task>
    <Opcode>0</Opcode>
    <Keywords>0x8020000000000000</Keywords>
    <TimeCreated SystemTime="2024-05-14T16:43:46.5264182Z"/>
    <EventRecordID>594522</EventRecordID>
    <Correlation/>
    <Execution ProcessID="4" ThreadID="148"/>
    <Channel>Security</Channel>
    <Computer>WS-OREED-01.northstar-branch.local</Computer>
    
    <Security/>
    
  </System>
  
  <EventData>
    
    <Data Name="ProcessID">2200</Data>
    <Data Name="Application">\device\harddiskvolume1\windows\system32\lsass.exe</Data>
    <Data Name="Direction">%%14593</Data>
    <Data Name="SourceAddress">10.44.10.22</Data>
    <Data Name="SourcePort">64826</Data>
    <Data Name="DestAddress">10.44.20.10</Data>
    <Data Name="DestPort">88</Data>
    <Data Name="Protocol">17</Data>
    <Data Name="FilterRTID">47037</Data>
    <Data Name="LayerName">%%14611</Data>
    <Data Name="LayerRTID">48</Data>
    <Data Name="RemoteUserID">S-1-0-0</Data>
    <Data Name="RemoteMachineID">S-1-0-0</Data>
    
  </EventData>
  
</Event>
<Event xmlns="http://schemas.microsoft.com/win/2004/08/events/event">
  <System>
    
    <Provider Name="Microsoft-Windows-Security-Auditing" Guid="{54849625-5478-4994-a5ba-3e3b0328c30d}"/>
    
    <EventID>5156</EventID>
    <Version>1</Version>
    <Level>0</Level>
    <Task>12810</Task>
    <Opcode>0</Opcode>
    <Keywords>0x8020000000000000</Keywords>
    <TimeCreated SystemTime="2024-05-14T16:45:49.3312921Z"/>
    <EventRecordID>594528</EventRecordID>
    <Correlation/>
    <Execution ProcessID="4" ThreadID="152"/>
    <Channel>Security</Channel>
    <Computer>WS-OREED-01.northstar-branch.local</Computer>
    
    <Security/>
    
  </System>
  
  <EventData>
    
    <Data Name="ProcessID">2200</Data>
    <Data Name="Application">\device\harddiskvolume1\windows\system32\lsass.exe</Data>
    <Data Name="Direction">%%14593</Data>
    <Data Name="SourceAddress">10.44.10.22</Data>
    <Data Name="SourcePort">62417</Data>
    <Data Name="DestAddress">10.44.20.10</Data>
    <Data Name="DestPort">88</Data>
    <Data Name="Protocol">17</Data>
    <Data Name="FilterRTID">47037</Data>
    <Data Name="LayerName">%%14611</Data>
    <Data Name="LayerRTID">48</Data>
    <Data Name="RemoteUserID">S-1-0-0</Data>
    <Data Name="RemoteMachineID">S-1-0-0</Data>
    
  </EventData>
  
</Event>
<Event xmlns="http://schemas.microsoft.com/win/2004/08/events/event">
  <System>
    
    <Provider Name="Microsoft-Windows-Security-Auditing" Guid="{54849625-5478-4994-a5ba-3e3b0328c30d}"/>
    
    <EventID>5156</EventID>
    <Version>1</Version>
    <Level>0</Level>
    <Task>12810</Task>
    <Opcode>0</Opcode>
    <Keywords>0x8020000000000000</Keywords>
    <TimeCreated SystemTime="2024-05-14T16:46:00.6517051Z"/>
    <EventRecordID>594533</EventRecordID>
    <Correlation/>
    <Execution ProcessID="4" ThreadID="180"/>
    <Channel>Security</Channel>
    <Computer>WS-OREED-01.northstar-branch.local</Computer>
    
    <Security/>
    
  </System>
  
  <EventData>
    
    <Data Name="ProcessID">4</Data>
    <Data Name="Application">System</Data>
    <Data Name="Direction">%%14593</Data>
    <Data Name="SourceAddress">10.44.10.22</Data>
    <Data Name="SourcePort">52018</Data>
    <Data Name="DestAddress">10.44.20.20</Data>
    <Data Name="DestPort">445</Data>
    <Data Name="Protocol">6</Data>
    <Data Name="FilterRTID">47067</Data>
    <Data Name="LayerName">%%14611</Data>
    <Data Name="LayerRTID">48</Data>
    <Data Name="RemoteUserID">S-1-0-0</Data>
    <Data Name="RemoteMachineID">S-1-0-0</Data>
    
  </EventData>
  
</Event>
<Event xmlns="http://schemas.microsoft.com/win/2004/08/events/event">
  <System>
    
    <Provider Name="Microsoft-Windows-Security-Auditing" Guid="{54849625-5478-4994-a5ba-3e3b0328c30d}"/>
    
    <EventID>5156</EventID>
    <Version>1</Version>
    <Level>0</Level>
    <Task>12810</Task>
    <Opcode>0</Opcode>
    <Keywords>0x8020000000000000</Keywords>
    <TimeCreated SystemTime="2024-05-14T16:46:26.2764819Z"/>
    <EventRecordID>594535</EventRecordID>
    <Correlation/>
    <Execution ProcessID="4" ThreadID="104"/>
    <Channel>Security</Channel>
    <Computer>WS-OREED-01.northstar-branch.local</Computer>
    
    <Security/>
    
  </System>
  
  <EventData>
    
    <Data Name="ProcessID">4</Data>
    <Data Name="Application">System</Data>
    <Data Name="Direction">%%14593</Data>
    <Data Name="SourceAddress">10.44.10.22</Data>
    <Data Name="SourcePort">60860</Data>
    <Data Name="DestAddress">10.44.20.10</Data>
    <Data Name="DestPort">445</Data>
    <Data Name="Protocol">6</Data>
    <Data Name="FilterRTID">47067</Data>
    <Data Name="LayerName">%%14611</Data>
    <Data Name="LayerRTID">48</Data>
    <Data Name="RemoteUserID">S-1-0-0</Data>
    <Data Name="RemoteMachineID">S-1-0-0</Data>
    
  </EventData>
  
</Event>
<Event xmlns="http://schemas.microsoft.com/win/2004/08/events/event">
  <System>
    
    <Provider Name="Microsoft-Windows-Security-Auditing" Guid="{54849625-5478-4994-a5ba-3e3b0328c30d}"/>
    
    <EventID>5156</EventID>
    <Version>1</Version>
    <Level>0</Level>
    <Task>12810</Task>
    <Opcode>0</Opcode>
    <Keywords>0x8020000000000000</Keywords>
    <TimeCreated SystemTime="2024-05-14T16:46:44.4196064Z"/>
    <EventRecordID>594546</EventRecordID>
    <Correlation/>
    <Execution ProcessID="4" ThreadID="80"/>
    <Channel>Security</Channel>
    <Computer>WS-OREED-01.northstar-branch.local</Computer>
    
    <Security/>
    
  </System>
  
  <EventData>
    
    <Data Name="ProcessID">4</Data>
    <Data Name="Application">System</Data>
    <Data Name="Direction">%%14593</Data>
    <Data Name="SourceAddress">10.44.10.22</Data>
    <Data Name="SourcePort">65207</Data>
    <Data Name="DestAddress">10.44.20.20</Data>
    <Data Name="DestPort">445</Data>
    <Data Name="Protocol">6</Data>
    <Data Name="FilterRTID">47067</Data>
    <Data Name="LayerName">%%14611</Data>
    <Data Name="LayerRTID">48</Data>
    <Data Name="RemoteUserID">S-1-0-0</Data>
    <Data Name="RemoteMachineID">S-1-0-0</Data>
    
  </EventData>
  
</Event>
<Event xmlns="http://schemas.microsoft.com/win/2004/08/events/event">
  <System>
    
    <Provider Name="Microsoft-Windows-Security-Auditing" Guid="{54849625-5478-4994-a5ba-3e3b0328c30d}"/>
    
    <EventID>5156</EventID>
    <Version>1</Version>
    <Level>0</Level>
    <Task>12810</Task>
    <Opcode>0</Opcode>
    <Keywords>0x8020000000000000</Keywords>
    <TimeCreated SystemTime="2024-05-14T16:47:53.3733935Z"/>
    <EventRecordID>594550</EventRecordID>
    <Correlation/>
    <Execution ProcessID="4" ThreadID="148"/>
    <Channel>Security</Channel>
    <Computer>WS-OREED-01.northstar-branch.local</Computer>
    
    <Security/>
    
  </System>
  
  <EventData>
    
    <Data Name="ProcessID">2200</Data>
    <Data Name="Application">\device\harddiskvolume1\windows\system32\lsass.exe</Data>
    <Data Name="Direction">%%14593</Data>
    <Data Name="SourceAddress">10.44.10.22</Data>
    <Data Name="SourcePort">65128</Data>
    <Data Name="DestAddress">10.44.20.10</Data>
    <Data Name="DestPort">389</Data>
    <Data Name="Protocol">6</Data>
    <Data Name="FilterRTID">47050</Data>
    <Data Name="LayerName">%%14611</Data>
    <Data Name="LayerRTID">48</Data>
    <Data Name="RemoteUserID">S-1-0-0</Data>
    <Data Name="RemoteMachineID">S-1-0-0</Data>
    
  </EventData>
  
</Event>
<Event xmlns="http://schemas.microsoft.com/win/2004/08/events/event">
  <System>
    
    <Provider Name="Microsoft-Windows-Security-Auditing" Guid="{54849625-5478-4994-a5ba-3e3b0328c30d}"/>
    
    <EventID>5156</EventID>
    <Version>1</Version>
    <Level>0</Level>
    <Task>12810</Task>
    <Opcode>0</Opcode>
    <Keywords>0x8020000000000000</Keywords>
    <TimeCreated SystemTime="2024-05-14T16:48:36.7841419Z"/>
    <EventRecordID>594553</EventRecordID>
    <Correlation/>
    <Execution ProcessID="4" ThreadID="72"/>
    <Channel>Security</Channel>
    <Computer>WS-OREED-01.northstar-branch.local</Computer>
    
    <Security/>
    
  </System>
  
  <EventData>
    
    <Data Name="ProcessID">2252</Data>
    <Data Name="Application">\device\harddiskvolume1\windows\system32\svchost.exe</Data>
    <Data Name="Direction">%%14593</Data>
    <Data Name="SourceAddress">10.44.10.22</Data>
    <Data Name="SourcePort">64533</Data>
    <Data Name="DestAddress">10.44.20.20</Data>
    <Data Name="DestPort">445</Data>
    <Data Name="Protocol">6</Data>
    <Data Name="FilterRTID">47067</Data>
    <Data Name="LayerName">%%14611</Data>
    <Data Name="LayerRTID">48</Data>
    <Data Name="RemoteUserID">S-1-0-0</Data>
    <Data Name="RemoteMachineID">S-1-0-0</Data>
    
  </EventData>
  
</Event>
<Event xmlns="http://schemas.microsoft.com/win/2004/08/events/event">
  <System>
    
    <Provider Name="Microsoft-Windows-Security-Auditing" Guid="{54849625-5478-4994-a5ba-3e3b0328c30d}"/>
    
    <EventID>5156</EventID>
    <Version>1</Version>
    <Level>0</Level>
    <Task>12810</Task>
    <Opcode>0</Opcode>
    <Keywords>0x8020000000000000</Keywords>
    <TimeCreated SystemTime="2024-05-14T16:48:39.5175831Z"/>
    <EventRecordID>594555</EventRecordID>
    <Correlation/>
    <Execution ProcessID="4" ThreadID="136"/>
    <Channel>Security</Channel>
    <Computer>WS-OREED-01.northstar-branch.local</Computer>
    
    <Security/>
    
  </System>
  
  <EventData>
    
    <Data Name="ProcessID">3664</Data>
    <Data Name="Application">\device\harddiskvolume1\windows\explorer.exe</Data>
    <Data Name="Direction">%%14593</Data>
    <Data Name="SourceAddress">10.44.10.22</Data>
    <Data Name="SourcePort">60540</Data>
    <Data Name="DestAddress">10.44.20.20</Data>
    <Data Name="DestPort">445</Data>
    <Data Name="Protocol">6</Data>
    <Data Name="FilterRTID">47067</Data>
    <Data Name="LayerName">%%14611</Data>
    <Data Name="LayerRTID">48</Data>
    <Data Name="RemoteUserID">S-1-0-0</Data>
    <Data Name="RemoteMachineID">S-1-0-0</Data>
    
  </EventData>
  
</Event>
<Event xmlns="http://schemas.microsoft.com/win/2004/08/events/event">
  <System>
    
    <Provider Name="Microsoft-Windows-Security-Auditing" Guid="{54849625-5478-4994-a5ba-3e3b0328c30d}"/>
    
    <EventID>5156</EventID>
    <Version>1</Version>
    <Level>0</Level>
    <Task>12810</Task>
    <Opcode>0</Opcode>
    <Keywords>0x8020000000000000</Keywords>
    <TimeCreated SystemTime="2024-05-14T16:49:18.2651371Z"/>
    <EventRecordID>594558</EventRecordID>
    <Correlation/>
    <Execution ProcessID="4" ThreadID="52"/>
    <Channel>Security</Channel>
    <Computer>WS-OREED-01.northstar-branch.local</Computer>
    
    <Security/>
    
  </System>
  
  <EventData>
    
    <Data Name="ProcessID">2200</Data>
    <Data Name="Application">\device\harddiskvolume1\windows\system32\lsass.exe</Data>
    <Data Name="Direction">%%14593</Data>
    <Data Name="SourceAddress">10.44.10.22</Data>
    <Data Name="SourcePort">50097</Data>
    <Data Name="DestAddress">10.44.20.10</Data>
    <Data Name="DestPort">88</Data>
    <Data Name="Protocol">6</Data>
    <Data Name="FilterRTID">47033</Data>
    <Data Name="LayerName">%%14611</Data>
    <Data Name="LayerRTID">48</Data>
    <Data Name="RemoteUserID">S-1-0-0</Data>
    <Data Name="RemoteMachineID">S-1-0-0</Data>
    
  </EventData>
  
</Event>
<Event xmlns="http://schemas.microsoft.com/win/2004/08/events/event">
  <System>
    
    <Provider Name="Microsoft-Windows-Security-Auditing" Guid="{54849625-5478-4994-a5ba-3e3b0328c30d}"/>
    
    <EventID>5156</EventID>
    <Version>1</Version>
    <Level>0</Level>
    <Task>12810</Task>
    <Opcode>0</Opcode>
    <Keywords>0x8020000000000000</Keywords>
    <TimeCreated SystemTime="2024-05-14T16:49:50.1102591Z"/>
    <EventRecordID>594561</EventRecordID>
    <Correlation/>
    <Execution ProcessID="4" ThreadID="160"/>
    <Channel>Security</Channel>
    <Computer>WS-OREED-01.northstar-branch.local</Computer>
    
    <Security/>
    
  </System>
  
  <EventData>
    
    <Data Name="ProcessID">2200</Data>
    <Data Name="Application">\device\harddiskvolume1\windows\system32\lsass.exe</Data>
    <Data Name="Direction">%%14593</Data>
    <Data Name="SourceAddress">10.44.10.22</Data>
    <Data Name="SourcePort">62221</Data>
    <Data Name="DestAddress">10.44.20.10</Data>
    <Data Name="DestPort">389</Data>
    <Data Name="Protocol">6</Data>
    <Data Name="FilterRTID">47050</Data>
    <Data Name="LayerName">%%14611</Data>
    <Data Name="LayerRTID">48</Data>
    <Data Name="RemoteUserID">S-1-0-0</Data>
    <Data Name="RemoteMachineID">S-1-0-0</Data>
    
  </EventData>
  
</Event>
<Event xmlns="http://schemas.microsoft.com/win/2004/08/events/event">
  <System>
    
    <Provider Name="Microsoft-Windows-Security-Auditing" Guid="{54849625-5478-4994-a5ba-3e3b0328c30d}"/>
    
    <EventID>4689</EventID>
    <Version>0</Version>
    <Level>0</Level>
    <Task>13313</Task>
    <Opcode>0</Opcode>
    <Keywords>0x8020000000000000</Keywords>
    <TimeCreated SystemTime="2024-05-14T16:50:01.2024479Z"/>
    <EventRecordID>594562</EventRecordID>
    <Correlation/>
    <Execution ProcessID="4" ThreadID="452"/>
    <Channel>Security</Channel>
    <Computer>WS-OREED-01.northstar-branch.local</Computer>
    
    <Security/>
    
  </System>
  
  <EventData>
    
    <Data Name="SubjectUserSid">S-1-5-18</Data>
    <Data Name="SubjectUserName">SYSTEM</Data>
    <Data Name="SubjectDomainName">NT AUTHORITY</Data>
    <Data Name="SubjectLogonId">0x3e7</Data>
    <Data Name="Status">0x0</Data>
    <Data Name="ProcessId">0xe04</Data>
    <Data Name="ProcessName">C:\Program Files\Palo Alto Networks\GlobalProtect\PanGPS.exe</Data>
    
  </EventData>
  
</Event>
<Event xmlns="http://schemas.microsoft.com/win/2004/08/events/event">
  <System>
    
    <Provider Name="Microsoft-Windows-Security-Auditing" Guid="{54849625-5478-4994-a5ba-3e3b0328c30d}"/>
    
    <EventID>5156</EventID>
    <Version>1</Version>
    <Level>0</Level>
    <Task>12810</Task>
    <Opcode>0</Opcode>
    <Keywords>0x8020000000000000</Keywords>
    <TimeCreated SystemTime="2024-05-14T16:51:29.4882096Z"/>
    <EventRecordID>594567</EventRecordID>
    <Correlation/>
    <Execution ProcessID="4" ThreadID="92"/>
    <Channel>Security</Channel>
    <Computer>WS-OREED-01.northstar-branch.local</Computer>
    
    <Security/>
    
  </System>
  
  <EventData>
    
    <Data Name="ProcessID">2200</Data>
    <Data Name="Application">\device\harddiskvolume1\windows\system32\lsass.exe</Data>
    <Data Name="Direction">%%14593</Data>
    <Data Name="SourceAddress">10.44.10.22</Data>
    <Data Name="SourcePort">59917</Data>
    <Data Name="DestAddress">10.44.20.10</Data>
    <Data Name="DestPort">88</Data>
    <Data Name="Protocol">17</Data>
    <Data Name="FilterRTID">47037</Data>
    <Data Name="LayerName">%%14611</Data>
    <Data Name="LayerRTID">48</Data>
    <Data Name="RemoteUserID">S-1-0-0</Data>
    <Data Name="RemoteMachineID">S-1-0-0</Data>
    
  </EventData>
  
</Event>
<Event xmlns="http://schemas.microsoft.com/win/2004/08/events/event">
  <System>
    
    <Provider Name="Microsoft-Windows-Security-Auditing" Guid="{54849625-5478-4994-a5ba-3e3b0328c30d}"/>
    
    <EventID>4688</EventID>
    <Version>2</Version>
    <Level>0</Level>
    <Task>13312</Task>
    <Opcode>0</Opcode>
    <Keywords>0x8020000000000000</Keywords>
    <TimeCreated SystemTime="2024-05-14T16:52:30.1186595Z"/>
    <EventRecordID>594575</EventRecordID>
    <Correlation/>
    <Execution ProcessID="4" ThreadID="6076"/>
    <Channel>Security</Channel>
    <Computer>WS-OREED-01.northstar-branch.local</Computer>
    
    <Security/>
    
  </System>
  
  <EventData>
    
    <Data Name="SubjectUserSid">S-1-5-18</Data>
    <Data Name="SubjectUserName">SYSTEM</Data>
    <Data Name="SubjectDomainName">NT AUTHORITY</Data>
    <Data Name="SubjectLogonId">0x3e7</Data>
    <Data Name="NewProcessId">0x1198</Data>
    <Data Name="NewProcessName">C:\Program Files\Zscaler\ZSATunnel\ZSATunnel.exe</Data>
    <Data Name="TokenElevationType">%%1936</Data>
    <Data Name="ProcessId">0x88c</Data>
    <Data Name="CommandLine">ZSATunnel.exe</Data>
    <Data Name="TargetUserSid">S-1-5-18</Data>
    <Data Name="TargetUserName">SYSTEM</Data>
    <Data Name="TargetDomainName">NT AUTHORITY</Data>
    <Data Name="TargetLogonId">0x3e7</Data>
    <Data Name="ParentProcessName">C:\Windows\System32\services.exe</Data>
    <Data Name="MandatoryLabel">S-1-16-16384</Data>
    
  </EventData>
  
</Event>
<Event xmlns="http://schemas.microsoft.com/win/2004/08/events/event">
  <System>
    
    <Provider Name="Microsoft-Windows-Security-Auditing" Guid="{54849625-5478-4994-a5ba-3e3b0328c30d}"/>
    
    <EventID>5156</EventID>
    <Version>1</Version>
    <Level>0</Level>
    <Task>12810</Task>
    <Opcode>0</Opcode>
    <Keywords>0x8020000000000000</Keywords>
    <TimeCreated SystemTime="2024-05-14T16:54:05.4207244Z"/>
    <EventRecordID>594580</EventRecordID>
    <Correlation/>
    <Execution ProcessID="4" ThreadID="76"/>
    <Channel>Security</Channel>
    <Computer>WS-OREED-01.northstar-branch.local</Computer>
    
    <Security/>
    
  </System>
  
  <EventData>
    
    <Data Name="ProcessID">2200</Data>
    <Data Name="Application">\device\harddiskvolume1\windows\system32\lsass.exe</Data>
    <Data Name="Direction">%%14593</Data>
    <Data Name="SourceAddress">10.44.10.22</Data>
    <Data Name="SourcePort">54701</Data>
    <Data Name="DestAddress">10.44.20.10</Data>
    <Data Name="DestPort">88</Data>
    <Data Name="Protocol">17</Data>
    <Data Name="FilterRTID">47037</Data>
    <Data Name="LayerName">%%14611</Data>
    <Data Name="LayerRTID">48</Data>
    <Data Name="RemoteUserID">S-1-0-0</Data>
    <Data Name="RemoteMachineID">S-1-0-0</Data>
    
  </EventData>
  
</Event>
<Event xmlns="http://schemas.microsoft.com/win/2004/08/events/event">
  <System>
    
    <Provider Name="Microsoft-Windows-Security-Auditing" Guid="{54849625-5478-4994-a5ba-3e3b0328c30d}"/>
    
    <EventID>5156</EventID>
    <Version>1</Version>
    <Level>0</Level>
    <Task>12810</Task>
    <Opcode>0</Opcode>
    <Keywords>0x8020000000000000</Keywords>
    <TimeCreated SystemTime="2024-05-14T16:54:05.5554876Z"/>
    <EventRecordID>594581</EventRecordID>
    <Correlation/>
    <Execution ProcessID="4" ThreadID="168"/>
    <Channel>Security</Channel>
    <Computer>WS-OREED-01.northstar-branch.local</Computer>
    
    <Security/>
    
  </System>
  
  <EventData>
    
    <Data Name="ProcessID">2200</Data>
    <Data Name="Application">\device\harddiskvolume1\windows\system32\lsass.exe</Data>
    <Data Name="Direction">%%14593</Data>
    <Data Name="SourceAddress">10.44.10.22</Data>
    <Data Name="SourcePort">58148</Data>
    <Data Name="DestAddress">10.44.20.10</Data>
    <Data Name="DestPort">88</Data>
    <Data Name="Protocol">17</Data>
    <Data Name="FilterRTID">47037</Data>
    <Data Name="LayerName">%%14611</Data>
    <Data Name="LayerRTID">48</Data>
    <Data Name="RemoteUserID">S-1-0-0</Data>
    <Data Name="RemoteMachineID">S-1-0-0</Data>
    
  </EventData>
  
</Event>
<Event xmlns="http://schemas.microsoft.com/win/2004/08/events/event">
  <System>
    
    <Provider Name="Microsoft-Windows-Security-Auditing" Guid="{54849625-5478-4994-a5ba-3e3b0328c30d}"/>
    
    <EventID>5156</EventID>
    <Version>1</Version>
    <Level>0</Level>
    <Task>12810</Task>
    <Opcode>0</Opcode>
    <Keywords>0x8020000000000000</Keywords>
    <TimeCreated SystemTime="2024-05-14T16:54:10.4183942Z"/>
    <EventRecordID>594584</EventRecordID>
    <Correlation/>
    <Execution ProcessID="4" ThreadID="184"/>
    <Channel>Security</Channel>
    <Computer>WS-OREED-01.northstar-branch.local</Computer>
    
    <Security/>
    
  </System>
  
  <EventData>
    
    <Data Name="ProcessID">2200</Data>
    <Data Name="Application">\device\harddiskvolume1\windows\system32\lsass.exe</Data>
    <Data Name="Direction">%%14593</Data>
    <Data Name="SourceAddress">10.44.10.22</Data>
    <Data Name="SourcePort">62688</Data>
    <Data Name="DestAddress">10.44.20.10</Data>
    <Data Name="DestPort">88</Data>
    <Data Name="Protocol">17</Data>
    <Data Name="FilterRTID">47037</Data>
    <Data Name="LayerName">%%14611</Data>
    <Data Name="LayerRTID">48</Data>
    <Data Name="RemoteUserID">S-1-0-0</Data>
    <Data Name="RemoteMachineID">S-1-0-0</Data>
    
  </EventData>
  
</Event>
<Event xmlns="http://schemas.microsoft.com/win/2004/08/events/event">
  <System>
    
    <Provider Name="Microsoft-Windows-Security-Auditing" Guid="{54849625-5478-4994-a5ba-3e3b0328c30d}"/>
    
    <EventID>5156</EventID>
    <Version>1</Version>
    <Level>0</Level>
    <Task>12810</Task>
    <Opcode>0</Opcode>
    <Keywords>0x8020000000000000</Keywords>
    <TimeCreated SystemTime="2024-05-14T16:54:12.5389389Z"/>
    <EventRecordID>594617</EventRecordID>
    <Correlation/>
    <Execution ProcessID="4" ThreadID="80"/>
    <Channel>Security</Channel>
    <Computer>WS-OREED-01.northstar-branch.local</Computer>
    
    <Security/>
    
  </System>
  
  <EventData>
    
    <Data Name="ProcessID">2200</Data>
    <Data Name="Application">\device\harddiskvolume1\windows\system32\lsass.exe</Data>
    <Data Name="Direction">%%14593</Data>
    <Data Name="SourceAddress">10.44.10.22</Data>
    <Data Name="SourcePort">50966</Data>
    <Data Name="DestAddress">10.44.20.10</Data>
    <Data Name="DestPort">88</Data>
    <Data Name="Protocol">17</Data>
    <Data Name="FilterRTID">47037</Data>
    <Data Name="LayerName">%%14611</Data>
    <Data Name="LayerRTID">48</Data>
    <Data Name="RemoteUserID">S-1-0-0</Data>
    <Data Name="RemoteMachineID">S-1-0-0</Data>
    
  </EventData>
  
</Event>
<Event xmlns="http://schemas.microsoft.com/win/2004/08/events/event">
  <System>
    
    <Provider Name="Microsoft-Windows-Security-Auditing" Guid="{54849625-5478-4994-a5ba-3e3b0328c30d}"/>
    
    <EventID>5156</EventID>
    <Version>1</Version>
    <Level>0</Level>
    <Task>12810</Task>
    <Opcode>0</Opcode>
    <Keywords>0x8020000000000000</Keywords>
    <TimeCreated SystemTime="2024-05-14T16:55:08.0829574Z"/>
    <EventRecordID>594629</EventRecordID>
    <Correlation/>
    <Execution ProcessID="4" ThreadID="180"/>
    <Channel>Security</Channel>
    <Computer>WS-OREED-01.northstar-branch.local</Computer>
    
    <Security/>
    
  </System>
  
  <EventData>
    
    <Data Name="ProcessID">2256</Data>
    <Data Name="Application">\device\harddiskvolume1\windows\system32\svchost.exe</Data>
    <Data Name="Direction">%%14593</Data>
    <Data Name="SourceAddress">10.44.10.22</Data>
    <Data Name="SourcePort">50538</Data>
    <Data Name="DestAddress">10.44.20.10</Data>
    <Data Name="DestPort">53</Data>
    <Data Name="Protocol">17</Data>
    <Data Name="FilterRTID">47021</Data>
    <Data Name="LayerName">%%14611</Data>
    <Data Name="LayerRTID">48</Data>
    <Data Name="RemoteUserID">S-1-0-0</Data>
    <Data Name="RemoteMachineID">S-1-0-0</Data>
    
  </EventData>
  
</Event>
<Event xmlns="http://schemas.microsoft.com/win/2004/08/events/event">
  <System>
    
    <Provider Name="Microsoft-Windows-Security-Auditing" Guid="{54849625-5478-4994-a5ba-3e3b0328c30d}"/>
    
    <EventID>5156</EventID>
    <Version>1</Version>
    <Level>0</Level>
    <Task>12810</Task>
    <Opcode>0</Opcode>
    <Keywords>0x8020000000000000</Keywords>
    <TimeCreated SystemTime="2024-05-14T16:55:08.5021949Z"/>
    <EventRecordID>594630</EventRecordID>
    <Correlation/>
    <Execution ProcessID="4" ThreadID="188"/>
    <Channel>Security</Channel>
    <Computer>WS-OREED-01.northstar-branch.local</Computer>
    
    <Security/>
    
  </System>
  
  <EventData>
    
    <Data Name="ProcessID">2256</Data>
    <Data Name="Application">\device\harddiskvolume1\windows\system32\svchost.exe</Data>
    <Data Name="Direction">%%14593</Data>
    <Data Name="SourceAddress">10.44.10.22</Data>
    <Data Name="SourcePort">51449</Data>
    <Data Name="DestAddress">10.44.20.10</Data>
    <Data Name="DestPort">53</Data>
    <Data Name="Protocol">17</Data>
    <Data Name="FilterRTID">47021</Data>
    <Data Name="LayerName">%%14611</Data>
    <Data Name="LayerRTID">48</Data>
    <Data Name="RemoteUserID">S-1-0-0</Data>
    <Data Name="RemoteMachineID">S-1-0-0</Data>
    
  </EventData>
  
</Event>
<Event xmlns="http://schemas.microsoft.com/win/2004/08/events/event">
  <System>
    
    <Provider Name="Microsoft-Windows-Security-Auditing" Guid="{54849625-5478-4994-a5ba-3e3b0328c30d}"/>
    
    <EventID>5156</EventID>
    <Version>1</Version>
    <Level>0</Level>
    <Task>12810</Task>
    <Opcode>0</Opcode>
    <Keywords>0x8020000000000000</Keywords>
    <TimeCreated SystemTime="2024-05-14T16:55:10.8299617Z"/>
    <EventRecordID>594631</EventRecordID>
    <Correlation/>
    <Execution ProcessID="4" ThreadID="160"/>
    <Channel>Security</Channel>
    <Computer>WS-OREED-01.northstar-branch.local</Computer>
    
    <Security/>
    
  </System>
  
  <EventData>
    
    <Data Name="ProcessID">4</Data>
    <Data Name="Application">System</Data>
    <Data Name="Direction">%%14593</Data>
    <Data Name="SourceAddress">10.44.10.22</Data>
    <Data Name="SourcePort">53803</Data>
    <Data Name="DestAddress">10.44.20.20</Data>
    <Data Name="DestPort">445</Data>
    <Data Name="Protocol">6</Data>
    <Data Name="FilterRTID">47067</Data>
    <Data Name="LayerName">%%14611</Data>
    <Data Name="LayerRTID">48</Data>
    <Data Name="RemoteUserID">S-1-0-0</Data>
    <Data Name="RemoteMachineID">S-1-0-0</Data>
    
  </EventData>
  
</Event>
<Event xmlns="http://schemas.microsoft.com/win/2004/08/events/event">
  <System>
    
    <Provider Name="Microsoft-Windows-Security-Auditing" Guid="{54849625-5478-4994-a5ba-3e3b0328c30d}"/>
    
    <EventID>4689</EventID>
    <Version>0</Version>
    <Level>0</Level>
    <Task>13313</Task>
    <Opcode>0</Opcode>
    <Keywords>0x8020000000000000</Keywords>
    <TimeCreated SystemTime="2024-05-14T16:55:35.3737935Z"/>
    <EventRecordID>594633</EventRecordID>
    <Correlation/>
    <Execution ProcessID="4" ThreadID="208"/>
    <Channel>Security</Channel>
    <Computer>WS-OREED-01.northstar-branch.local</Computer>
    
    <Security/>
    
  </System>
  
  <EventData>
    
    <Data Name="SubjectUserSid">S-1-5-18</Data>
    <Data Name="SubjectUserName">SYSTEM</Data>
    <Data Name="SubjectDomainName">NT AUTHORITY</Data>
    <Data Name="SubjectLogonId">0x3e7</Data>
    <Data Name="Status">0x0</Data>
    <Data Name="ProcessId">0xb94</Data>
    <Data Name="ProcessName">C:\Program Files (x86)\Cisco\Cisco AnyConnect Secure Mobility Client\vpnagent.exe</Data>
    
  </EventData>
  
</Event>
<Event xmlns="http://schemas.microsoft.com/win/2004/08/events/event">
  <System>
    
    <Provider Name="Microsoft-Windows-Security-Auditing" Guid="{54849625-5478-4994-a5ba-3e3b0328c30d}"/>
    
    <EventID>4688</EventID>
    <Version>2</Version>
    <Level>0</Level>
    <Task>13312</Task>
    <Opcode>0</Opcode>
    <Keywords>0x8020000000000000</Keywords>
    <TimeCreated SystemTime="2024-05-14T17:00:14.1263460Z"/>
    <EventRecordID>594646</EventRecordID>
    <Correlation/>
    <Execution ProcessID="4" ThreadID="6456"/>
    <Channel>Security</Channel>
    <Computer>WS-OREED-01.northstar-branch.local</Computer>
    
    <Security/>
    
  </System>
  
  <EventData>
    
    <Data Name="SubjectUserSid">S-1-5-18</Data>
    <Data Name="SubjectUserName">SYSTEM</Data>
    <Data Name="SubjectDomainName">NT AUTHORITY</Data>
    <Data Name="SubjectLogonId">0x3e7</Data>
    <Data Name="NewProcessId">0x11cc</Data>
    <Data Name="NewProcessName">C:\Windows\System32\conhost.exe</Data>
    <Data Name="TokenElevationType">%%1936</Data>
    <Data Name="ProcessId">0x880</Data>
    <Data Name="CommandLine">\??\C:\Windows\system32\conhost.exe 0xffffffff -ForceV1</Data>
    <Data Name="TargetUserSid">S-1-5-18</Data>
    <Data Name="TargetUserName">SYSTEM</Data>
    <Data Name="TargetDomainName">NT AUTHORITY</Data>
    <Data Name="TargetLogonId">0x3e7</Data>
    <Data Name="ParentProcessName">C:\Windows\System32\csrss.exe</Data>
    <Data Name="MandatoryLabel">S-1-16-16384</Data>
    
  </EventData>
  
</Event>
<Event xmlns="http://schemas.microsoft.com/win/2004/08/events/event">
  <System>
    
    <Provider Name="Microsoft-Windows-Security-Auditing" Guid="{54849625-5478-4994-a5ba-3e3b0328c30d}"/>
    
    <EventID>4689</EventID>
    <Version>0</Version>
    <Level>0</Level>
    <Task>13313</Task>
    <Opcode>0</Opcode>
    <Keywords>0x8020000000000000</Keywords>
    <TimeCreated SystemTime="2024-05-14T17:00:37.9148871Z"/>
    <EventRecordID>594648</EventRecordID>
    <Correlation/>
    <Execution ProcessID="4" ThreadID="456"/>
    <Channel>Security</Channel>
    <Computer>WS-OREED-01.northstar-branch.local</Computer>
    
    <Security/>
    
  </System>
  
  <EventData>
    
    <Data Name="SubjectUserSid">S-1-5-18</Data>
    <Data Name="SubjectUserName">SYSTEM</Data>
    <Data Name="SubjectDomainName">NT AUTHORITY</Data>
    <Data Name="SubjectLogonId">0x3e7</Data>
    <Data Name="Status">0x0</Data>
    <Data Name="ProcessId">0x11cc</Data>
    <Data Name="ProcessName">C:\Windows\System32\conhost.exe</Data>
    
  </EventData>
  
</Event>
<Event xmlns="http://schemas.microsoft.com/win/2004/08/events/event">
  <System>
    
    <Provider Name="Microsoft-Windows-Security-Auditing" Guid="{54849625-5478-4994-a5ba-3e3b0328c30d}"/>
    
    <EventID>5156</EventID>
    <Version>1</Version>
    <Level>0</Level>
    <Task>12810</Task>
    <Opcode>0</Opcode>
    <Keywords>0x8020000000000000</Keywords>
    <TimeCreated SystemTime="2024-05-14T17:00:45.6292918Z"/>
    <EventRecordID>594650</EventRecordID>
    <Correlation/>
    <Execution ProcessID="4" ThreadID="76"/>
    <Channel>Security</Channel>
    <Computer>WS-OREED-01.northstar-branch.local</Computer>
    
    <Security/>
    
  </System>
  
  <EventData>
    
    <Data Name="ProcessID">4</Data>
    <Data Name="Application">System</Data>
    <Data Name="Direction">%%14593</Data>
    <Data Name="SourceAddress">10.44.10.22</Data>
    <Data Name="SourcePort">51531</Data>
    <Data Name="DestAddress">10.44.20.20</Data>
    <Data Name="DestPort">445</Data>
    <Data Name="Protocol">6</Data>
    <Data Name="FilterRTID">47067</Data>
    <Data Name="LayerName">%%14611</Data>
    <Data Name="LayerRTID">48</Data>
    <Data Name="RemoteUserID">S-1-0-0</Data>
    <Data Name="RemoteMachineID">S-1-0-0</Data>
    
  </EventData>
  
</Event>
<Event xmlns="http://schemas.microsoft.com/win/2004/08/events/event">
  <System>
    
    <Provider Name="Microsoft-Windows-Security-Auditing" Guid="{54849625-5478-4994-a5ba-3e3b0328c30d}"/>
    
    <EventID>5156</EventID>
    <Version>1</Version>
    <Level>0</Level>
    <Task>12810</Task>
    <Opcode>0</Opcode>
    <Keywords>0x8020000000000000</Keywords>
    <TimeCreated SystemTime="2024-05-14T17:02:40.8023685Z"/>
    <EventRecordID>594671</EventRecordID>
    <Correlation/>
    <Execution ProcessID="4" ThreadID="104"/>
    <Channel>Security</Channel>
    <Computer>WS-OREED-01.northstar-branch.local</Computer>
    
    <Security/>
    
  </System>
  
  <EventData>
    
    <Data Name="ProcessID">4</Data>
    <Data Name="Application">System</Data>
    <Data Name="Direction">%%14593</Data>
    <Data Name="SourceAddress">10.44.10.22</Data>
    <Data Name="SourcePort">60282</Data>
    <Data Name="DestAddress">10.44.20.20</Data>
    <Data Name="DestPort">445</Data>
    <Data Name="Protocol">6</Data>
    <Data Name="FilterRTID">47067</Data>
    <Data Name="LayerName">%%14611</Data>
    <Data Name="LayerRTID">48</Data>
    <Data Name="RemoteUserID">S-1-0-0</Data>
    <Data Name="RemoteMachineID">S-1-0-0</Data>
    
  </EventData>
  
</Event>
<Event xmlns="http://schemas.microsoft.com/win/2004/08/events/event">
  <System>
    
    <Provider Name="Microsoft-Windows-Security-Auditing" Guid="{54849625-5478-4994-a5ba-3e3b0328c30d}"/>
    
    <EventID>5156</EventID>
    <Version>1</Version>
    <Level>0</Level>
    <Task>12810</Task>
    <Opcode>0</Opcode>
    <Keywords>0x8020000000000000</Keywords>
    <TimeCreated SystemTime="2024-05-14T17:03:22.0743649Z"/>
    <EventRecordID>594674</EventRecordID>
    <Correlation/>
    <Execution ProcessID="4" ThreadID="124"/>
    <Channel>Security</Channel>
    <Computer>WS-OREED-01.northstar-branch.local</Computer>
    
    <Security/>
    
  </System>
  
  <EventData>
    
    <Data Name="ProcessID">2200</Data>
    <Data Name="Application">\device\harddiskvolume1\windows\system32\lsass.exe</Data>
    <Data Name="Direction">%%14593</Data>
    <Data Name="SourceAddress">10.44.10.22</Data>
    <Data Name="SourcePort">64023</Data>
    <Data Name="DestAddress">10.44.20.10</Data>
    <Data Name="DestPort">88</Data>
    <Data Name="Protocol">17</Data>
    <Data Name="FilterRTID">47037</Data>
    <Data Name="LayerName">%%14611</Data>
    <Data Name="LayerRTID">48</Data>
    <Data Name="RemoteUserID">S-1-0-0</Data>
    <Data Name="RemoteMachineID">S-1-0-0</Data>
    
  </EventData>
  
</Event>
