<Event xmlns="http://schemas.microsoft.com/win/2004/08/events/event">
  <System>
    <Provider Name="Microsoft-Windows-Sysmon" Guid="{5770385f-c22a-43e0-bf4c-06f5698ffbd9}"/>
    <EventID>3</EventID>
    <Version>5</Version>
    <Level>4</Level>
    <Task>3</Task>
    <Opcode>0</Opcode>
    <Keywords>0x8000000000000000</Keywords>
    <TimeCreated SystemTime="2024-05-14T12:40:36.5056083Z"/>
    <EventRecordID>457547</EventRecordID>
    <Correlation/>
    <Execution ProcessID="1812" ThreadID="3760"/>
    <Channel>Microsoft-Windows-Sysmon/Operational</Channel>
    <Computer>WS-OREED-01.northstar-branch.local</Computer>
    <Security UserID="S-1-5-18"/>
  </System>
  <EventData>
    
    <Data Name="RuleName">-</Data>
    <Data Name="UtcTime">2024-05-14 12:40:36.505</Data>
    <Data Name="ProcessGuid">{98689699-3a54-6643-8300-001032539153}</Data>
    <Data Name="ProcessId">2848</Data>
    <Data Name="Image">C:\Program Files\Mozilla Firefox\firefox.exe</Data>
    <Data Name="User">NORTHSTAR-BRANCH\owen.reed</Data>
    <Data Name="Protocol">tcp</Data>
    <Data Name="Initiated">true</Data>
    <Data Name="SourceIsIpv6">false</Data>
    <Data Name="SourceIp">10.44.10.22</Data>
    <Data Name="SourceHostname">WS-OREED-01.northstar-branch.local</Data>
    <Data Name="SourcePort">49524</Data>
    <Data Name="SourcePortName">-</Data>
    <Data Name="DestinationIsIpv6">false</Data>
    <Data Name="DestinationIp">10.44.20.30</Data>
    <Data Name="DestinationHostname">PROXY-BO-01.northstar-branch.local</Data>
    <Data Name="DestinationPort">8080</Data>
    <Data Name="DestinationPortName">http-alt</Data>
    
  </EventData>
</Event>
<Event xmlns="http://schemas.microsoft.com/win/2004/08/events/event">
  <System>
    <Provider Name="Microsoft-Windows-Sysmon" Guid="{5770385f-c22a-43e0-bf4c-06f5698ffbd9}"/>
    <EventID>3</EventID>
    <Version>5</Version>
    <Level>4</Level>
    <Task>3</Task>
    <Opcode>0</Opcode>
    <Keywords>0x8000000000000000</Keywords>
    <TimeCreated SystemTime="2024-05-14T12:40:39.6145819Z"/>
    <EventRecordID>457548</EventRecordID>
    <Correlation/>
    <Execution ProcessID="1812" ThreadID="2100"/>
    <Channel>Microsoft-Windows-Sysmon/Operational</Channel>
    <Computer>WS-OREED-01.northstar-branch.local</Computer>
    <Security UserID="S-1-5-18"/>
  </System>
  <EventData>
    
    <Data Name="RuleName">-</Data>
    <Data Name="UtcTime">2024-05-14 12:40:39.614</Data>
    <Data Name="ProcessGuid">{98689699-5b5e-6643-2a02-00005b13e374}</Data>
    <Data Name="ProcessId">3400</Data>
    <Data Name="Image">C:\Program Files\Zscaler\ZSATray\ZSATray.exe</Data>
    <Data Name="User">NORTHSTAR-BRANCH\owen.reed</Data>
    <Data Name="Protocol">tcp</Data>
    <Data Name="Initiated">true</Data>
    <Data Name="SourceIsIpv6">false</Data>
    <Data Name="SourceIp">10.44.10.22</Data>
    <Data Name="SourceHostname">WS-OREED-01.northstar-branch.local</Data>
    <Data Name="SourcePort">52370</Data>
    <Data Name="SourcePortName">-</Data>
    <Data Name="DestinationIsIpv6">false</Data>
    <Data Name="DestinationIp">10.44.20.30</Data>
    <Data Name="DestinationHostname">PROXY-BO-01.northstar-branch.local</Data>
    <Data Name="DestinationPort">8080</Data>
    <Data Name="DestinationPortName">http-alt</Data>
    
  </EventData>
</Event>
<Event xmlns="http://schemas.microsoft.com/win/2004/08/events/event">
  <System>
    <Provider Name="Microsoft-Windows-Sysmon" Guid="{5770385f-c22a-43e0-bf4c-06f5698ffbd9}"/>
    <EventID>3</EventID>
    <Version>5</Version>
    <Level>4</Level>
    <Task>3</Task>
    <Opcode>0</Opcode>
    <Keywords>0x8000000000000000</Keywords>
    <TimeCreated SystemTime="2024-05-14T12:41:17.8780181Z"/>
    <EventRecordID>457550</EventRecordID>
    <Correlation/>
    <Execution ProcessID="1812" ThreadID="3500"/>
    <Channel>Microsoft-Windows-Sysmon/Operational</Channel>
    <Computer>WS-OREED-01.northstar-branch.local</Computer>
    <Security UserID="S-1-5-18"/>
  </System>
  <EventData>
    
    <Data Name="RuleName">-</Data>
    <Data Name="UtcTime">2024-05-14 12:41:17.878</Data>
    <Data Name="ProcessGuid">{98689699-3f94-6643-9e00-00104f371940}</Data>
    <Data Name="ProcessId">2744</Data>
    <Data Name="Image">C:\Program Files (x86)\Microsoft\Edge\Application\msedge.exe</Data>
    <Data Name="User">NORTHSTAR-BRANCH\owen.reed</Data>
    <Data Name="Protocol">tcp</Data>
    <Data Name="Initiated">true</Data>
    <Data Name="SourceIsIpv6">false</Data>
    <Data Name="SourceIp">10.44.10.22</Data>
    <Data Name="SourceHostname">WS-OREED-01.northstar-branch.local</Data>
    <Data Name="SourcePort">60441</Data>
    <Data Name="SourcePortName">-</Data>
    <Data Name="DestinationIsIpv6">false</Data>
    <Data Name="DestinationIp">10.44.20.30</Data>
    <Data Name="DestinationHostname">PROXY-BO-01.northstar-branch.local</Data>
    <Data Name="DestinationPort">8080</Data>
    <Data Name="DestinationPortName">http-alt</Data>
    
  </EventData>
</Event>
<Event xmlns="http://schemas.microsoft.com/win/2004/08/events/event">
  <System>
    <Provider Name="Microsoft-Windows-Sysmon" Guid="{5770385f-c22a-43e0-bf4c-06f5698ffbd9}"/>
    <EventID>3</EventID>
    <Version>5</Version>
    <Level>4</Level>
    <Task>3</Task>
    <Opcode>0</Opcode>
    <Keywords>0x8000000000000000</Keywords>
    <TimeCreated SystemTime="2024-05-14T12:41:19.3324303Z"/>
    <EventRecordID>457551</EventRecordID>
    <Correlation/>
    <Execution ProcessID="1812" ThreadID="3760"/>
    <Channel>Microsoft-Windows-Sysmon/Operational</Channel>
    <Computer>WS-OREED-01.northstar-branch.local</Computer>
    <Security UserID="S-1-5-18"/>
  </System>
  <EventData>
    
    <Data Name="RuleName">-</Data>
    <Data Name="UtcTime">2024-05-14 12:41:19.332</Data>
    <Data Name="ProcessGuid">{98689699-3f94-6643-9e00-00104f371940}</Data>
    <Data Name="ProcessId">2744</Data>
    <Data Name="Image">C:\Program Files (x86)\Microsoft\Edge\Application\msedge.exe</Data>
    <Data Name="User">NORTHSTAR-BRANCH\owen.reed</Data>
    <Data Name="Protocol">tcp</Data>
    <Data Name="Initiated">true</Data>
    <Data Name="SourceIsIpv6">false</Data>
    <Data Name="SourceIp">10.44.10.22</Data>
    <Data Name="SourceHostname">WS-OREED-01.northstar-branch.local</Data>
    <Data Name="SourcePort">61282</Data>
    <Data Name="SourcePortName">-</Data>
    <Data Name="DestinationIsIpv6">false</Data>
    <Data Name="DestinationIp">10.44.20.30</Data>
    <Data Name="DestinationHostname">PROXY-BO-01.northstar-branch.local</Data>
    <Data Name="DestinationPort">8080</Data>
    <Data Name="DestinationPortName">http-alt</Data>
    
  </EventData>
</Event>
<Event xmlns="http://schemas.microsoft.com/win/2004/08/events/event">
  <System>
    <Provider Name="Microsoft-Windows-Sysmon" Guid="{5770385f-c22a-43e0-bf4c-06f5698ffbd9}"/>
    <EventID>3</EventID>
    <Version>5</Version>
    <Level>4</Level>
    <Task>3</Task>
    <Opcode>0</Opcode>
    <Keywords>0x8000000000000000</Keywords>
    <TimeCreated SystemTime="2024-05-14T12:41:24.6815304Z"/>
    <EventRecordID>457577</EventRecordID>
    <Correlation/>
    <Execution ProcessID="1812" ThreadID="3760"/>
    <Channel>Microsoft-Windows-Sysmon/Operational</Channel>
    <Computer>WS-OREED-01.northstar-branch.local</Computer>
    <Security UserID="S-1-5-18"/>
  </System>
  <EventData>
    
    <Data Name="RuleName">-</Data>
    <Data Name="UtcTime">2024-05-14 12:41:24.681</Data>
    <Data Name="ProcessGuid">{98689699-3f94-6643-9e00-00104f371940}</Data>
    <Data Name="ProcessId">2744</Data>
    <Data Name="Image">C:\Program Files (x86)\Microsoft\Edge\Application\msedge.exe</Data>
    <Data Name="User">NORTHSTAR-BRANCH\owen.reed</Data>
    <Data Name="Protocol">tcp</Data>
    <Data Name="Initiated">true</Data>
    <Data Name="SourceIsIpv6">false</Data>
    <Data Name="SourceIp">10.44.10.22</Data>
    <Data Name="SourceHostname">WS-OREED-01.northstar-branch.local</Data>
    <Data Name="SourcePort">53953</Data>
    <Data Name="SourcePortName">-</Data>
    <Data Name="DestinationIsIpv6">false</Data>
    <Data Name="DestinationIp">10.44.20.30</Data>
    <Data Name="DestinationHostname">PROXY-BO-01.northstar-branch.local</Data>
    <Data Name="DestinationPort">8080</Data>
    <Data Name="DestinationPortName">http-alt</Data>
    
  </EventData>
</Event>
<Event xmlns="http://schemas.microsoft.com/win/2004/08/events/event">
  <System>
    <Provider Name="Microsoft-Windows-Sysmon" Guid="{5770385f-c22a-43e0-bf4c-06f5698ffbd9}"/>
    <EventID>3</EventID>
    <Version>5</Version>
    <Level>4</Level>
    <Task>3</Task>
    <Opcode>0</Opcode>
    <Keywords>0x8000000000000000</Keywords>
    <TimeCreated SystemTime="2024-05-14T12:41:25.4373173Z"/>
    <EventRecordID>457601</EventRecordID>
    <Correlation/>
    <Execution ProcessID="1812" ThreadID="2100"/>
    <Channel>Microsoft-Windows-Sysmon/Operational</Channel>
    <Computer>WS-OREED-01.northstar-branch.local</Computer>
    <Security UserID="S-1-5-18"/>
  </System>
  <EventData>
    
    <Data Name="RuleName">-</Data>
    <Data Name="UtcTime">2024-05-14 12:41:25.437</Data>
    <Data Name="ProcessGuid">{98689699-3f94-6643-9e00-00104f371940}</Data>
    <Data Name="ProcessId">2744</Data>
    <Data Name="Image">C:\Program Files (x86)\Microsoft\Edge\Application\msedge.exe</Data>
    <Data Name="User">NORTHSTAR-BRANCH\owen.reed</Data>
    <Data Name="Protocol">tcp</Data>
    <Data Name="Initiated">true</Data>
    <Data Name="SourceIsIpv6">false</Data>
    <Data Name="SourceIp">10.44.10.22</Data>
    <Data Name="SourceHostname">WS-OREED-01.northstar-branch.local</Data>
    <Data Name="SourcePort">64635</Data>
    <Data Name="SourcePortName">-</Data>
    <Data Name="DestinationIsIpv6">false</Data>
    <Data Name="DestinationIp">10.44.20.30</Data>
    <Data Name="DestinationHostname">PROXY-BO-01.northstar-branch.local</Data>
    <Data Name="DestinationPort">8080</Data>
    <Data Name="DestinationPortName">http-alt</Data>
    
  </EventData>
</Event>
<Event xmlns="http://schemas.microsoft.com/win/2004/08/events/event">
  <System>
    <Provider Name="Microsoft-Windows-Sysmon" Guid="{5770385f-c22a-43e0-bf4c-06f5698ffbd9}"/>
    <EventID>1</EventID>
    <Version>5</Version>
    <Level>4</Level>
    <Task>1</Task>
    <Opcode>0</Opcode>
    <Keywords>0x8000000000000000</Keywords>
    <TimeCreated SystemTime="2024-05-14T12:41:32.0322745Z"/>
    <EventRecordID>457602</EventRecordID>
    <Correlation/>
    <Execution ProcessID="1812" ThreadID="3500"/>
    <Channel>Microsoft-Windows-Sysmon/Operational</Channel>
    <Computer>WS-OREED-01.northstar-branch.local</Computer>
    <Security UserID="S-1-5-18"/>
  </System>
  <EventData>
    
    <Data Name="RuleName">-</Data>
    <Data Name="UtcTime">2024-05-14 12:41:32.032</Data>
    <Data Name="ProcessGuid">{98689699-5bfc-6643-6002-000099707b20}</Data>
    <Data Name="ProcessId">3648</Data>
    <Data Name="Image">C:\Windows\System32\usoclient.exe</Data>
    <Data Name="FileVersion">10.0.22621.1</Data>
    <Data Name="Description">Update Session Orchestrator</Data>
    <Data Name="Product">Microsoft Windows Operating System</Data>
    <Data Name="Company">Microsoft Corporation</Data>
    <Data Name="OriginalFileName">UsoClient.exe</Data>
    <Data Name="CommandLine">usoclient.exe StartScan</Data>
    <Data Name="CurrentDirectory">C:\Windows\System32\</Data>
    <Data Name="User">NT AUTHORITY\SYSTEM</Data>
    <Data Name="LogonGuid">{4a4f5542-ac6f-4764-aeb1-0b2a77d6b2ed}</Data>
    <Data Name="LogonId">0x3e7</Data>
    <Data Name="TerminalSessionId">0</Data>
    <Data Name="IntegrityLevel">System</Data>
    <Data Name="Hashes">SHA1=DEAE519CC8D8C503A432813C4968754C52F6DB97,MD5=3A074B184BE25D823D3AF652979C2D04,SHA256=B2BBBB51C3AD901A06C19DB66A2DF647EB929A55B74D3BFA45F53A6D18BCD23B,IMPHASH=8F111E68C0A9D829ABC0486DDC0EBA9A</Data>
    <Data Name="ParentProcessGuid">{98689699-0b5c-6621-7e02-0010775df1a6}</Data>
    <Data Name="ParentProcessId">2328</Data>
    <Data Name="ParentImage">C:\Windows\System32\svchost.exe</Data>
    <Data Name="ParentCommandLine">svchost.exe -k wusvcs</Data>
    
  </EventData>
</Event>
<Event xmlns="http://schemas.microsoft.com/win/2004/08/events/event">
  <System>
    <Provider Name="Microsoft-Windows-Sysmon" Guid="{5770385f-c22a-43e0-bf4c-06f5698ffbd9}"/>
    <EventID>13</EventID>
    <Version>2</Version>
    <Level>4</Level>
    <Task>13</Task>
    <Opcode>0</Opcode>
    <Keywords>0x8000000000000000</Keywords>
    <TimeCreated SystemTime="2024-05-14T12:41:47.6507296Z"/>
    <EventRecordID>457603</EventRecordID>
    <Correlation/>
    <Execution ProcessID="1812" ThreadID="3760"/>
    <Channel>Microsoft-Windows-Sysmon/Operational</Channel>
    <Computer>WS-OREED-01.northstar-branch.local</Computer>
    <Security UserID="S-1-5-18"/>
  </System>
  <EventData>
    
    <Data Name="RuleName">-</Data>
    <Data Name="EventType">SetValue</Data>
    <Data Name="UtcTime">2024-05-14 12:41:47.650</Data>
    <Data Name="ProcessGuid">{98689699-0b63-6621-0900-000089c7a920}</Data>
    <Data Name="ProcessId">2432</Data>
    <Data Name="Image">C:\Windows\System32\msiexec.exe</Data>
    <Data Name="User">NT AUTHORITY\SYSTEM</Data>
    <Data Name="TargetObject">HKLM\SOFTWARE\Microsoft\Windows\CurrentVersion\Component Based Servicing\Packages\Package_for_ServicingStack~31bf3856ad364e35~amd64~~10.0.22621.27\CurrentState</Data>
    <Data Name="Details">DWORD (0x00000070)</Data>
    
  </EventData>
</Event>
<Event xmlns="http://schemas.microsoft.com/win/2004/08/events/event">
  <System>
    <Provider Name="Microsoft-Windows-Sysmon" Guid="{5770385f-c22a-43e0-bf4c-06f5698ffbd9}"/>
    <EventID>1</EventID>
    <Version>5</Version>
    <Level>4</Level>
    <Task>1</Task>
    <Opcode>0</Opcode>
    <Keywords>0x8000000000000000</Keywords>
    <TimeCreated SystemTime="2024-05-14T12:42:09.7899104Z"/>
    <EventRecordID>457622</EventRecordID>
    <Correlation/>
    <Execution ProcessID="1812" ThreadID="3760"/>
    <Channel>Microsoft-Windows-Sysmon/Operational</Channel>
    <Computer>WS-OREED-01.northstar-branch.local</Computer>
    <Security UserID="S-1-5-18"/>
  </System>
  <EventData>
    
    <Data Name="RuleName">-</Data>
    <Data Name="UtcTime">2024-05-14 12:42:09.789</Data>
    <Data Name="ProcessGuid">{98689699-5c21-6643-b600-001094bd87e4}</Data>
    <Data Name="ProcessId">3528</Data>
    <Data Name="Image">C:\Program Files\Zscaler\ZSAService\ZSAService.exe</Data>
    <Data Name="FileVersion">-</Data>
    <Data Name="Description">-</Data>
    <Data Name="Product">-</Data>
    <Data Name="Company">-</Data>
    <Data Name="OriginalFileName">-</Data>
    <Data Name="CommandLine">ZSAService.exe</Data>
    <Data Name="CurrentDirectory">C:\Windows\System32\</Data>
    <Data Name="User">NT AUTHORITY\SYSTEM</Data>
    <Data Name="LogonGuid">{4a4f5542-ac6f-4764-aeb1-0b2a77d6b2ed}</Data>
    <Data Name="LogonId">0x3e7</Data>
    <Data Name="TerminalSessionId">0</Data>
    <Data Name="IntegrityLevel">System</Data>
    <Data Name="Hashes">SHA1=A3AAF107C5D09EC17E1F0D0AC23062EC0D42D552,MD5=AE56101B807A2BC2F420F420C88580E6,SHA256=80706335E0187B8422A8C0938A7C65D5FB249E7377A9FB249DC81F6B8BEDBAC8,IMPHASH=30BCD5EC244E4F59F7243F4C4129FEA7</Data>
    <Data Name="ParentProcessGuid">{98689699-0b48-6621-7502-0000f71965b0}</Data>
    <Data Name="ParentProcessId">2188</Data>
    <Data Name="ParentImage">C:\Windows\System32\services.exe</Data>
    <Data Name="ParentCommandLine">services.exe</Data>
    
  </EventData>
</Event>
<Event xmlns="http://schemas.microsoft.com/win/2004/08/events/event">
  <System>
    <Provider Name="Microsoft-Windows-Sysmon" Guid="{5770385f-c22a-43e0-bf4c-06f5698ffbd9}"/>
    <EventID>3</EventID>
    <Version>5</Version>
    <Level>4</Level>
    <Task>3</Task>
    <Opcode>0</Opcode>
    <Keywords>0x8000000000000000</Keywords>
    <TimeCreated SystemTime="2024-05-14T12:42:12.6295882Z"/>
    <EventRecordID>457623</EventRecordID>
    <Correlation/>
    <Execution ProcessID="1812" ThreadID="3500"/>
    <Channel>Microsoft-Windows-Sysmon/Operational</Channel>
    <Computer>WS-OREED-01.northstar-branch.local</Computer>
    <Security UserID="S-1-5-18"/>
  </System>
  <EventData>
    
    <Data Name="RuleName">-</Data>
    <Data Name="UtcTime">2024-05-14 12:42:12.629</Data>
    <Data Name="ProcessGuid">{98689699-53d9-6643-3d00-000087f23bd0}</Data>
    <Data Name="ProcessId">3440</Data>
    <Data Name="Image">C:\Program Files\Zscaler\ZSATray\ZSATray.exe</Data>
    <Data Name="User">NORTHSTAR-BRANCH\owen.reed</Data>
    <Data Name="Protocol">tcp</Data>
    <Data Name="Initiated">true</Data>
    <Data Name="SourceIsIpv6">false</Data>
    <Data Name="SourceIp">10.44.10.22</Data>
    <Data Name="SourceHostname">WS-OREED-01.northstar-branch.local</Data>
    <Data Name="SourcePort">52142</Data>
    <Data Name="SourcePortName">-</Data>
    <Data Name="DestinationIsIpv6">false</Data>
    <Data Name="DestinationIp">10.44.20.30</Data>
    <Data Name="DestinationHostname">PROXY-BO-01.northstar-branch.local</Data>
    <Data Name="DestinationPort">8080</Data>
    <Data Name="DestinationPortName">http-alt</Data>
    
  </EventData>
</Event>
<Event xmlns="http://schemas.microsoft.com/win/2004/08/events/event">
  <System>
    <Provider Name="Microsoft-Windows-Sysmon" Guid="{5770385f-c22a-43e0-bf4c-06f5698ffbd9}"/>
    <EventID>5</EventID>
    <Version>3</Version>
    <Level>4</Level>
    <Task>5</Task>
    <Opcode>0</Opcode>
    <Keywords>0x8000000000000000</Keywords>
    <TimeCreated SystemTime="2024-05-14T12:43:33.7812095Z"/>
    <EventRecordID>457627</EventRecordID>
    <Correlation/>
    <Execution ProcessID="1812" ThreadID="3760"/>
    <Channel>Microsoft-Windows-Sysmon/Operational</Channel>
    <Computer>WS-OREED-01.northstar-branch.local</Computer>
    <Security UserID="S-1-5-18"/>
  </System>
  <EventData>
    
    <Data Name="RuleName">-</Data>
    <Data Name="UtcTime">2024-05-14 12:43:33.781</Data>
    <Data Name="ProcessGuid">{98689699-3e1a-6643-3f00-0010fb41de63}</Data>
    <Data Name="ProcessId">2884</Data>
    <Data Name="Image">C:\Users\lena.morris\AppData\Local\Microsoft\OneDrive\OneDrive.exe</Data>
    <Data Name="User">NORTHSTAR-BRANCH\lena.morris</Data>
    
  </EventData>
</Event>
<Event xmlns="http://schemas.microsoft.com/win/2004/08/events/event">
  <System>
    <Provider Name="Microsoft-Windows-Sysmon" Guid="{5770385f-c22a-43e0-bf4c-06f5698ffbd9}"/>
    <EventID>5</EventID>
    <Version>3</Version>
    <Level>4</Level>
    <Task>5</Task>
    <Opcode>0</Opcode>
    <Keywords>0x8000000000000000</Keywords>
    <TimeCreated SystemTime="2024-05-14T12:43:39.9694372Z"/>
    <EventRecordID>457656</EventRecordID>
    <Correlation/>
    <Execution ProcessID="1812" ThreadID="3500"/>
    <Channel>Microsoft-Windows-Sysmon/Operational</Channel>
    <Computer>WS-OREED-01.northstar-branch.local</Computer>
    <Security UserID="S-1-5-18"/>
  </System>
  <EventData>
    
    <Data Name="RuleName">-</Data>
    <Data Name="UtcTime">2024-05-14 12:43:39.969</Data>
    <Data Name="ProcessGuid">{98689699-5bfc-6643-6002-000099707b20}</Data>
    <Data Name="ProcessId">3648</Data>
    <Data Name="Image">C:\Windows\System32\usoclient.exe</Data>
    <Data Name="User">NT AUTHORITY\SYSTEM</Data>
    
  </EventData>
</Event>
<Event xmlns="http://schemas.microsoft.com/win/2004/08/events/event">
  <System>
    <Provider Name="Microsoft-Windows-Sysmon" Guid="{5770385f-c22a-43e0-bf4c-06f5698ffbd9}"/>
    <EventID>13</EventID>
    <Version>2</Version>
    <Level>4</Level>
    <Task>13</Task>
    <Opcode>0</Opcode>
    <Keywords>0x8000000000000000</Keywords>
    <TimeCreated SystemTime="2024-05-14T12:44:20.6546250Z"/>
    <EventRecordID>457659</EventRecordID>
    <Correlation/>
    <Execution ProcessID="1812" ThreadID="3760"/>
    <Channel>Microsoft-Windows-Sysmon/Operational</Channel>
    <Computer>WS-OREED-01.northstar-branch.local</Computer>
    <Security UserID="S-1-5-18"/>
  </System>
  <EventData>
    
    <Data Name="RuleName">-</Data>
    <Data Name="EventType">SetValue</Data>
    <Data Name="UtcTime">2024-05-14 12:44:20.654</Data>
    <Data Name="ProcessGuid">{98689699-0b6a-6621-3402-0010fefc02a8}</Data>
    <Data Name="ProcessId">2516</Data>
    <Data Name="Image">C:\Windows\explorer.exe</Data>
    <Data Name="User">NORTHSTAR-BRANCH\owen.reed</Data>
    <Data Name="TargetObject">HKU\S-1-5-21-3882363548-2838386070-1334550370-1002\Software\Microsoft\Office\16.0\Word\Reading Locations\Document 67\Datetime</Data>
    <Data Name="Details">2024-05-14T10:03:18</Data>
    
  </EventData>
</Event>
<Event xmlns="http://schemas.microsoft.com/win/2004/08/events/event">
  <System>
    <Provider Name="Microsoft-Windows-Sysmon" Guid="{5770385f-c22a-43e0-bf4c-06f5698ffbd9}"/>
    <EventID>5</EventID>
    <Version>3</Version>
    <Level>4</Level>
    <Task>5</Task>
    <Opcode>0</Opcode>
    <Keywords>0x8000000000000000</Keywords>
    <TimeCreated SystemTime="2024-05-14T12:44:34.4316434Z"/>
    <EventRecordID>457660</EventRecordID>
    <Correlation/>
    <Execution ProcessID="1812" ThreadID="3760"/>
    <Channel>Microsoft-Windows-Sysmon/Operational</Channel>
    <Computer>WS-OREED-01.northstar-branch.local</Computer>
    <Security UserID="S-1-5-18"/>
  </System>
  <EventData>
    
    <Data Name="RuleName">-</Data>
    <Data Name="UtcTime">2024-05-14 12:44:34.431</Data>
    <Data Name="ProcessGuid">{98689699-3a2f-6643-9802-00101b44e5a8}</Data>
    <Data Name="ProcessId">2748</Data>
    <Data Name="Image">C:\Program Files\Palo Alto Networks\GlobalProtect\PanGPA.exe</Data>
    <Data Name="User">NORTHSTAR-BRANCH\owen.reed</Data>
    
  </EventData>
</Event>
<Event xmlns="http://schemas.microsoft.com/win/2004/08/events/event">
  <System>
    <Provider Name="Microsoft-Windows-Sysmon" Guid="{5770385f-c22a-43e0-bf4c-06f5698ffbd9}"/>
    <EventID>22</EventID>
    <Version>5</Version>
    <Level>4</Level>
    <Task>22</Task>
    <Opcode>0</Opcode>
    <Keywords>0x8000000000000000</Keywords>
    <TimeCreated SystemTime="2024-05-14T12:46:19.1783371Z"/>
    <EventRecordID>457665</EventRecordID>
    <Correlation/>
    <Execution ProcessID="1812" ThreadID="2100"/>
    <Channel>Microsoft-Windows-Sysmon/Operational</Channel>
    <Computer>WS-OREED-01.northstar-branch.local</Computer>
    <Security UserID="S-1-5-18"/>
  </System>
  <EventData>
    
    <Data Name="RuleName">-</Data>
    <Data Name="UtcTime">2024-05-14 12:46:19.178</Data>
    <Data Name="ProcessGuid">{98689699-0b52-6621-a302-00106497a5c3}</Data>
    <Data Name="ProcessId">2256</Data>
    <Data Name="QueryName">_kerberos._tcp.northstar-branch.local</Data>
    <Data Name="QueryStatus">0</Data>
    <Data Name="QueryResults">0 100 88 DC-BO-01.northstar-branch.local;</Data>
    <Data Name="Image">C:\Windows\System32\svchost.exe</Data>
    <Data Name="User">NT AUTHORITY\LOCAL SERVICE</Data>
    
  </EventData>
</Event>
<Event xmlns="http://schemas.microsoft.com/win/2004/08/events/event">
  <System>
    <Provider Name="Microsoft-Windows-Sysmon" Guid="{5770385f-c22a-43e0-bf4c-06f5698ffbd9}"/>
    <EventID>22</EventID>
    <Version>5</Version>
    <Level>4</Level>
    <Task>22</Task>
    <Opcode>0</Opcode>
    <Keywords>0x8000000000000000</Keywords>
    <TimeCreated SystemTime="2024-05-14T12:46:21.8169333Z"/>
    <EventRecordID>457666</EventRecordID>
    <Correlation/>
    <Execution ProcessID="1812" ThreadID="2100"/>
    <Channel>Microsoft-Windows-Sysmon/Operational</Channel>
    <Computer>WS-OREED-01.northstar-branch.local</Computer>
    <Security UserID="S-1-5-18"/>
  </System>
  <EventData>
    
    <Data Name="RuleName">-</Data>
    <Data Name="UtcTime">2024-05-14 12:46:21.816</Data>
    <Data Name="ProcessGuid">{98689699-0b52-6621-a302-00106497a5c3}</Data>
    <Data Name="ProcessId">2256</Data>
    <Data Name="QueryName">FILE-BO-01.northstar-branch.local</Data>
    <Data Name="QueryStatus">0</Data>
    <Data Name="QueryResults">10.44.20.20;</Data>
    <Data Name="Image">C:\Windows\System32\svchost.exe</Data>
    <Data Name="User">NT AUTHORITY\LOCAL SERVICE</Data>
    
  </EventData>
</Event>
<Event xmlns="http://schemas.microsoft.com/win/2004/08/events/event">
  <System>
    <Provider Name="Microsoft-Windows-Sysmon" Guid="{5770385f-c22a-43e0-bf4c-06f5698ffbd9}"/>
    <EventID>1</EventID>
    <Version>5</Version>
    <Level>4</Level>
    <Task>1</Task>
    <Opcode>0</Opcode>
    <Keywords>0x8000000000000000</Keywords>
    <TimeCreated SystemTime="2024-05-14T12:46:38.9259915Z"/>
    <EventRecordID>458300</EventRecordID>
    <Correlation/>
    <Execution ProcessID="1812" ThreadID="2100"/>
    <Channel>Microsoft-Windows-Sysmon/Operational</Channel>
    <Computer>WS-OREED-01.northstar-branch.local</Computer>
    <Security UserID="S-1-5-18"/>
  </System>
  <EventData>
    
    <Data Name="RuleName">-</Data>
    <Data Name="UtcTime">2024-05-14 12:46:38.925</Data>
    <Data Name="ProcessGuid">{98689699-5d2e-6643-5302-00006ff28828}</Data>
    <Data Name="ProcessId">3412</Data>
    <Data Name="Image">C:\Users\owen.reed\AppData\Roaming\Zoom\bin\Zoom.exe</Data>
    <Data Name="FileVersion">6.0.11.39959</Data>
    <Data Name="Description">Zoom Meetings</Data>
    <Data Name="Product">Zoom Workplace</Data>
    <Data Name="Company">Zoom Video Communications, Inc.</Data>
    <Data Name="OriginalFileName">Zoom.exe</Data>
    <Data Name="CommandLine">"C:\Users\owen.reed\AppData\Roaming\Zoom\bin\Zoom.exe" --url=zoommtg://zoom.us/join?action=join&amp;confno=2048</Data>
    <Data Name="CurrentDirectory">C:\Users\owen.reed\AppData\Roaming\Zoom\bin\</Data>
    <Data Name="User">NORTHSTAR-BRANCH\owen.reed</Data>
    <Data Name="LogonGuid">{00000000-0000-0000-0000-000000000000}</Data>
    <Data Name="LogonId">0x12d9b5a3</Data>
    <Data Name="TerminalSessionId">2</Data>
    <Data Name="IntegrityLevel">Medium</Data>
    <Data Name="Hashes">SHA1=F88C96D2E8BB351C6A376F021A074446C3E52ABA,MD5=948AB15C8CC1F064E17CB0F85ECD2166,SHA256=493C1B6BE126B991BCFB06FE0FB25EC47822D1AB19074D978BF0247AC3FD3769,IMPHASH=66C6918CA057FB6469EE5E42F10F42E9</Data>
    <Data Name="ParentProcessGuid">{98689699-3a2f-6643-1702-0000d7467a47}</Data>
    <Data Name="ParentProcessId">2544</Data>
    <Data Name="ParentImage">C:\Windows\explorer.exe</Data>
    <Data Name="ParentCommandLine">explorer.exe</Data>
    
  </EventData>
</Event>
<Event xmlns="http://schemas.microsoft.com/win/2004/08/events/event">
  <System>
    <Provider Name="Microsoft-Windows-Sysmon" Guid="{5770385f-c22a-43e0-bf4c-06f5698ffbd9}"/>
    <EventID>1</EventID>
    <Version>5</Version>
    <Level>4</Level>
    <Task>1</Task>
    <Opcode>0</Opcode>
    <Keywords>0x8000000000000000</Keywords>
    <TimeCreated SystemTime="2024-05-14T12:46:41.0614306Z"/>
    <EventRecordID>458301</EventRecordID>
    <Correlation/>
    <Execution ProcessID="1812" ThreadID="2100"/>
    <Channel>Microsoft-Windows-Sysmon/Operational</Channel>
    <Computer>WS-OREED-01.northstar-branch.local</Computer>
    <Security UserID="S-1-5-18"/>
  </System>
  <EventData>
    
    <Data Name="RuleName">-</Data>
    <Data Name="UtcTime">2024-05-14 12:46:41.061</Data>
    <Data Name="ProcessGuid">{98689699-5d31-6643-5e02-0000e465715e}</Data>
    <Data Name="ProcessId">3576</Data>
    <Data Name="Image">C:\Windows\System32\SearchProtocolHost.exe</Data>
    <Data Name="FileVersion">10.0.22621.1</Data>
    <Data Name="Description">Microsoft Windows Search Protocol Host</Data>
    <Data Name="Product">Microsoft Windows Operating System</Data>
    <Data Name="Company">Microsoft Corporation</Data>
    <Data Name="OriginalFileName">SearchProtocolHost.exe</Data>
    <Data Name="CommandLine">SearchProtocolHost.exe Global\UsGthrFltPipeMssGthrPipe_S-1-5-19 Global\UsGthrCtrlFltPipeMssGthrPipe_S-1-5-19 1</Data>
    <Data Name="CurrentDirectory">C:\Windows\System32\</Data>
    <Data Name="User">NT AUTHORITY\SYSTEM</Data>
    <Data Name="LogonGuid">{4a4f5542-ac6f-4764-aeb1-0b2a77d6b2ed}</Data>
    <Data Name="LogonId">0x3e7</Data>
    <Data Name="TerminalSessionId">0</Data>
    <Data Name="IntegrityLevel">System</Data>
    <Data Name="Hashes">SHA1=43216957F6B1F6C0C1C954D1CFC7F9CE3FC72B60,MD5=BA242BD070D4A866C5D58169DB10ED02,SHA256=D48FE4EDB7B572D8CF8A37CD1AFC0882D88CA17A0BE3F4615C9E5A4F608E954A,IMPHASH=E495A5C3FEEEA98E32665B0ADE2B5A18</Data>
    <Data Name="ParentProcessGuid">{98689699-0b60-6621-7800-000024bd5e9e}</Data>
    <Data Name="ParentProcessId">2360</Data>
    <Data Name="ParentImage">C:\Windows\System32\SearchIndexer.exe</Data>
    <Data Name="ParentCommandLine">SearchIndexer.exe</Data>
    
  </EventData>
</Event>
<Event xmlns="http://schemas.microsoft.com/win/2004/08/events/event">
  <System>
    <Provider Name="Microsoft-Windows-Sysmon" Guid="{5770385f-c22a-43e0-bf4c-06f5698ffbd9}"/>
    <EventID>3</EventID>
    <Version>5</Version>
    <Level>4</Level>
    <Task>3</Task>
    <Opcode>0</Opcode>
    <Keywords>0x8000000000000000</Keywords>
    <TimeCreated SystemTime="2024-05-14T12:46:42.0746426Z"/>
    <EventRecordID>458302</EventRecordID>
    <Correlation/>
    <Execution ProcessID="1812" ThreadID="2100"/>
    <Channel>Microsoft-Windows-Sysmon/Operational</Channel>
    <Computer>WS-OREED-01.northstar-branch.local</Computer>
    <Security UserID="S-1-5-18"/>
  </System>
  <EventData>
    
    <Data Name="RuleName">-</Data>
    <Data Name="UtcTime">2024-05-14 12:46:42.074</Data>
    <Data Name="ProcessGuid">{98689699-3f94-6643-9e00-00104f371940}</Data>
    <Data Name="ProcessId">2744</Data>
    <Data Name="Image">C:\Program Files (x86)\Microsoft\Edge\Application\msedge.exe</Data>
    <Data Name="User">NORTHSTAR-BRANCH\owen.reed</Data>
    <Data Name="Protocol">tcp</Data>
    <Data Name="Initiated">true</Data>
    <Data Name="SourceIsIpv6">false</Data>
    <Data Name="SourceIp">10.44.10.22</Data>
    <Data Name="SourceHostname">WS-OREED-01.northstar-branch.local</Data>
    <Data Name="SourcePort">62876</Data>
    <Data Name="SourcePortName">-</Data>
    <Data Name="DestinationIsIpv6">false</Data>
    <Data Name="DestinationIp">10.44.20.30</Data>
    <Data Name="DestinationHostname">PROXY-BO-01.northstar-branch.local</Data>
    <Data Name="DestinationPort">8080</Data>
    <Data Name="DestinationPortName">http-alt</Data>
    
  </EventData>
</Event>
<Event xmlns="http://schemas.microsoft.com/win/2004/08/events/event">
  <System>
    <Provider Name="Microsoft-Windows-Sysmon" Guid="{5770385f-c22a-43e0-bf4c-06f5698ffbd9}"/>
    <EventID>5</EventID>
    <Version>3</Version>
    <Level>4</Level>
    <Task>5</Task>
    <Opcode>0</Opcode>
    <Keywords>0x8000000000000000</Keywords>
    <TimeCreated SystemTime="2024-05-14T12:49:52.4100319Z"/>
    <EventRecordID>459184</EventRecordID>
    <Correlation/>
    <Execution ProcessID="1812" ThreadID="2100"/>
    <Channel>Microsoft-Windows-Sysmon/Operational</Channel>
    <Computer>WS-OREED-01.northstar-branch.local</Computer>
    <Security UserID="S-1-5-18"/>
  </System>
  <EventData>
    
    <Data Name="RuleName">-</Data>
    <Data Name="UtcTime">2024-05-14 12:49:52.410</Data>
    <Data Name="ProcessGuid">{98689699-3a2f-6643-e000-00105c06e3b5}</Data>
    <Data Name="ProcessId">2732</Data>
    <Data Name="Image">C:\Program Files (x86)\Cisco\Cisco AnyConnect Secure Mobility Client\vpnui.exe</Data>
    <Data Name="User">NORTHSTAR-BRANCH\owen.reed</Data>
    
  </EventData>
</Event>
<Event xmlns="http://schemas.microsoft.com/win/2004/08/events/event">
  <System>
    <Provider Name="Microsoft-Windows-Sysmon" Guid="{5770385f-c22a-43e0-bf4c-06f5698ffbd9}"/>
    <EventID>5</EventID>
    <Version>3</Version>
    <Level>4</Level>
    <Task>5</Task>
    <Opcode>0</Opcode>
    <Keywords>0x8000000000000000</Keywords>
    <TimeCreated SystemTime="2024-05-14T12:49:52.4420120Z"/>
    <EventRecordID>459221</EventRecordID>
    <Correlation/>
    <Execution ProcessID="1812" ThreadID="3500"/>
    <Channel>Microsoft-Windows-Sysmon/Operational</Channel>
    <Computer>WS-OREED-01.northstar-branch.local</Computer>
    <Security UserID="S-1-5-18"/>
  </System>
  <EventData>
    
    <Data Name="RuleName">-</Data>
    <Data Name="UtcTime">2024-05-14 12:49:52.442</Data>
    <Data Name="ProcessGuid">{98689699-4cba-6643-b700-00004a86f519}</Data>
    <Data Name="ProcessId">3096</Data>
    <Data Name="Image">C:\Program Files\Google\Drive File Stream\97.0.1.0\GoogleDriveFS.exe</Data>
    <Data Name="User">NORTHSTAR-BRANCH\owen.reed</Data>
    
  </EventData>
</Event>
<Event xmlns="http://schemas.microsoft.com/win/2004/08/events/event">
  <System>
    <Provider Name="Microsoft-Windows-Sysmon" Guid="{5770385f-c22a-43e0-bf4c-06f5698ffbd9}"/>
    <EventID>5</EventID>
    <Version>3</Version>
    <Level>4</Level>
    <Task>5</Task>
    <Opcode>0</Opcode>
    <Keywords>0x8000000000000000</Keywords>
    <TimeCreated SystemTime="2024-05-14T12:49:52.4779038Z"/>
    <EventRecordID>459222</EventRecordID>
    <Correlation/>
    <Execution ProcessID="1812" ThreadID="3760"/>
    <Channel>Microsoft-Windows-Sysmon/Operational</Channel>
    <Computer>WS-OREED-01.northstar-branch.local</Computer>
    <Security UserID="S-1-5-18"/>
  </System>
  <EventData>
    
    <Data Name="RuleName">-</Data>
    <Data Name="UtcTime">2024-05-14 12:49:52.477</Data>
    <Data Name="ProcessGuid">{98689699-5b5e-6643-2a02-00005b13e374}</Data>
    <Data Name="ProcessId">3400</Data>
    <Data Name="Image">C:\Program Files\Zscaler\ZSATray\ZSATray.exe</Data>
    <Data Name="User">NORTHSTAR-BRANCH\owen.reed</Data>
    
  </EventData>
</Event>
<Event xmlns="http://schemas.microsoft.com/win/2004/08/events/event">
  <System>
    <Provider Name="Microsoft-Windows-Sysmon" Guid="{5770385f-c22a-43e0-bf4c-06f5698ffbd9}"/>
    <EventID>5</EventID>
    <Version>3</Version>
    <Level>4</Level>
    <Task>5</Task>
    <Opcode>0</Opcode>
    <Keywords>0x8000000000000000</Keywords>
    <TimeCreated SystemTime="2024-05-14T12:49:52.6908428Z"/>
    <EventRecordID>459256</EventRecordID>
    <Correlation/>
    <Execution ProcessID="1812" ThreadID="3500"/>
    <Channel>Microsoft-Windows-Sysmon/Operational</Channel>
    <Computer>WS-OREED-01.northstar-branch.local</Computer>
    <Security UserID="S-1-5-18"/>
  </System>
  <EventData>
    
    <Data Name="RuleName">-</Data>
    <Data Name="UtcTime">2024-05-14 12:49:52.690</Data>
    <Data Name="ProcessGuid">{98689699-5d2e-6643-5302-00006ff28828}</Data>
    <Data Name="ProcessId">3412</Data>
    <Data Name="Image">C:\Users\owen.reed\AppData\Roaming\Zoom\bin\Zoom.exe</Data>
    <Data Name="User">NORTHSTAR-BRANCH\owen.reed</Data>
    
  </EventData>
</Event>
<Event xmlns="http://schemas.microsoft.com/win/2004/08/events/event">
  <System>
    <Provider Name="Microsoft-Windows-Sysmon" Guid="{5770385f-c22a-43e0-bf4c-06f5698ffbd9}"/>
    <EventID>5</EventID>
    <Version>3</Version>
    <Level>4</Level>
    <Task>5</Task>
    <Opcode>0</Opcode>
    <Keywords>0x8000000000000000</Keywords>
    <TimeCreated SystemTime="2024-05-14T12:49:52.7068122Z"/>
    <EventRecordID>459284</EventRecordID>
    <Correlation/>
    <Execution ProcessID="1812" ThreadID="3760"/>
    <Channel>Microsoft-Windows-Sysmon/Operational</Channel>
    <Computer>WS-OREED-01.northstar-branch.local</Computer>
    <Security UserID="S-1-5-18"/>
  </System>
  <EventData>
    
    <Data Name="RuleName">-</Data>
    <Data Name="UtcTime">2024-05-14 12:49:52.706</Data>
    <Data Name="ProcessGuid">{98689699-53d9-6643-3d00-000087f23bd0}</Data>
    <Data Name="ProcessId">3440</Data>
    <Data Name="Image">C:\Program Files\Zscaler\ZSATray\ZSATray.exe</Data>
    <Data Name="User">NORTHSTAR-BRANCH\owen.reed</Data>
    
  </EventData>
</Event>
<Event xmlns="http://schemas.microsoft.com/win/2004/08/events/event">
  <System>
    <Provider Name="Microsoft-Windows-Sysmon" Guid="{5770385f-c22a-43e0-bf4c-06f5698ffbd9}"/>
    <EventID>5</EventID>
    <Version>3</Version>
    <Level>4</Level>
    <Task>5</Task>
    <Opcode>0</Opcode>
    <Keywords>0x8000000000000000</Keywords>
    <TimeCreated SystemTime="2024-05-14T12:49:53.0631747Z"/>
    <EventRecordID>459285</EventRecordID>
    <Correlation/>
    <Execution ProcessID="1812" ThreadID="3760"/>
    <Channel>Microsoft-Windows-Sysmon/Operational</Channel>
    <Computer>WS-OREED-01.northstar-branch.local</Computer>
    <Security UserID="S-1-5-18"/>
  </System>
  <EventData>
    
    <Data Name="RuleName">-</Data>
    <Data Name="UtcTime">2024-05-14 12:49:53.063</Data>
    <Data Name="ProcessGuid">{98689699-543c-6643-3d02-0010aa272c66}</Data>
    <Data Name="ProcessId">3436</Data>
    <Data Name="Image">C:\Program Files\Google\Drive File Stream\97.0.1.0\GoogleDriveFS.exe</Data>
    <Data Name="User">NORTHSTAR-BRANCH\owen.reed</Data>
    
  </EventData>
</Event>
<Event xmlns="http://schemas.microsoft.com/win/2004/08/events/event">
  <System>
    <Provider Name="Microsoft-Windows-Sysmon" Guid="{5770385f-c22a-43e0-bf4c-06f5698ffbd9}"/>
    <EventID>5</EventID>
    <Version>3</Version>
    <Level>4</Level>
    <Task>5</Task>
    <Opcode>0</Opcode>
    <Keywords>0x8000000000000000</Keywords>
    <TimeCreated SystemTime="2024-05-14T12:49:53.1248063Z"/>
    <EventRecordID>459306</EventRecordID>
    <Correlation/>
    <Execution ProcessID="1812" ThreadID="2100"/>
    <Channel>Microsoft-Windows-Sysmon/Operational</Channel>
    <Computer>WS-OREED-01.northstar-branch.local</Computer>
    <Security UserID="S-1-5-18"/>
  </System>
  <EventData>
    
    <Data Name="RuleName">-</Data>
    <Data Name="UtcTime">2024-05-14 12:49:53.124</Data>
    <Data Name="ProcessGuid">{98689699-49cf-6643-4b02-00105ee34af3}</Data>
    <Data Name="ProcessId">3028</Data>
    <Data Name="Image">C:\Program Files\Palo Alto Networks\GlobalProtect\PanGPA.exe</Data>
    <Data Name="User">NORTHSTAR-BRANCH\owen.reed</Data>
    
  </EventData>
</Event>
<Event xmlns="http://schemas.microsoft.com/win/2004/08/events/event">
  <System>
    <Provider Name="Microsoft-Windows-Sysmon" Guid="{5770385f-c22a-43e0-bf4c-06f5698ffbd9}"/>
    <EventID>13</EventID>
    <Version>2</Version>
    <Level>4</Level>
    <Task>13</Task>
    <Opcode>0</Opcode>
    <Keywords>0x8000000000000000</Keywords>
    <TimeCreated SystemTime="2024-05-14T12:53:31.9598471Z"/>
    <EventRecordID>459342</EventRecordID>
    <Correlation/>
    <Execution ProcessID="1812" ThreadID="2100"/>
    <Channel>Microsoft-Windows-Sysmon/Operational</Channel>
    <Computer>WS-OREED-01.northstar-branch.local</Computer>
    <Security UserID="S-1-5-18"/>
  </System>
  <EventData>
    
    <Data Name="RuleName">-</Data>
    <Data Name="EventType">SetValue</Data>
    <Data Name="UtcTime">2024-05-14 12:53:31.959</Data>
    <Data Name="ProcessGuid">{98689699-0b6d-6621-9800-0000d210b26b}</Data>
    <Data Name="ProcessId">2524</Data>
    <Data Name="Image">C:\Windows\System32\RuntimeBroker.exe</Data>
    <Data Name="User">NORTHSTAR-BRANCH\owen.reed</Data>
    <Data Name="TargetObject">HKU\S-1-5-21-3882363548-2838386070-1334550370-1002\Software\Microsoft\Windows\CurrentVersion\Explorer\Advanced\Hidden</Data>
    <Data Name="Details">DWORD (0x00000002)</Data>
    
  </EventData>
</Event>
<Event xmlns="http://schemas.microsoft.com/win/2004/08/events/event">
  <System>
    <Provider Name="Microsoft-Windows-Sysmon" Guid="{5770385f-c22a-43e0-bf4c-06f5698ffbd9}"/>
    <EventID>5</EventID>
    <Version>3</Version>
    <Level>4</Level>
    <Task>5</Task>
    <Opcode>0</Opcode>
    <Keywords>0x8000000000000000</Keywords>
    <TimeCreated SystemTime="2024-05-14T12:53:45.7380725Z"/>
    <EventRecordID>459343</EventRecordID>
    <Correlation/>
    <Execution ProcessID="1812" ThreadID="2100"/>
    <Channel>Microsoft-Windows-Sysmon/Operational</Channel>
    <Computer>WS-OREED-01.northstar-branch.local</Computer>
    <Security UserID="S-1-5-18"/>
  </System>
  <EventData>
    
    <Data Name="RuleName">-</Data>
    <Data Name="UtcTime">2024-05-14 12:53:45.738</Data>
    <Data Name="ProcessGuid">{98689699-3d95-6643-2c00-0010f0649d65}</Data>
    <Data Name="ProcessId">2888</Data>
    <Data Name="Image">C:\Program Files\Zscaler\ZSATray\ZSATray.exe</Data>
    <Data Name="User">NORTHSTAR-BRANCH\lena.morris</Data>
    
  </EventData>
</Event>
<Event xmlns="http://schemas.microsoft.com/win/2004/08/events/event">
  <System>
    <Provider Name="Microsoft-Windows-Sysmon" Guid="{5770385f-c22a-43e0-bf4c-06f5698ffbd9}"/>
    <EventID>5</EventID>
    <Version>3</Version>
    <Level>4</Level>
    <Task>5</Task>
    <Opcode>0</Opcode>
    <Keywords>0x8000000000000000</Keywords>
    <TimeCreated SystemTime="2024-05-14T12:54:02.3349195Z"/>
    <EventRecordID>459344</EventRecordID>
    <Correlation/>
    <Execution ProcessID="1812" ThreadID="2100"/>
    <Channel>Microsoft-Windows-Sysmon/Operational</Channel>
    <Computer>WS-OREED-01.northstar-branch.local</Computer>
    <Security UserID="S-1-5-18"/>
  </System>
  <EventData>
    
    <Data Name="RuleName">-</Data>
    <Data Name="UtcTime">2024-05-14 12:54:02.334</Data>
    <Data Name="ProcessGuid">{98689699-5456-6643-e202-0000d96a5159}</Data>
    <Data Name="ProcessId">3496</Data>
    <Data Name="Image">C:\Program Files\Google\Drive File Stream\97.0.1.0\GoogleDriveFS.exe</Data>
    <Data Name="User">NORTHSTAR-BRANCH\owen.reed</Data>
    
  </EventData>
</Event>
<Event xmlns="http://schemas.microsoft.com/win/2004/08/events/event">
  <System>
    <Provider Name="Microsoft-Windows-Sysmon" Guid="{5770385f-c22a-43e0-bf4c-06f5698ffbd9}"/>
    <EventID>10</EventID>
    <Version>3</Version>
    <Level>4</Level>
    <Task>10</Task>
    <Opcode>0</Opcode>
    <Keywords>0x8000000000000000</Keywords>
    <TimeCreated SystemTime="2024-05-14T12:54:49.4679884Z"/>
    <EventRecordID>459346</EventRecordID>
    <Correlation/>
    <Execution ProcessID="1812" ThreadID="3760"/>
    <Channel>Microsoft-Windows-Sysmon/Operational</Channel>
    <Computer>WS-OREED-01.northstar-branch.local</Computer>
    <Security UserID="S-1-5-18"/>
  </System>
  <EventData>
    
    <Data Name="RuleName">-</Data>
    <Data Name="UtcTime">2024-05-14 12:54:49.467</Data>
    <Data Name="SourceProcessGUID">{98689699-0b44-6621-be02-0000cc7501e7}</Data>
    <Data Name="SourceProcessId">2176</Data>
    <Data Name="SourceImage">C:\Windows\System32\csrss.exe</Data>
    <Data Name="SourceThreadId">3180</Data>
    <Data Name="SourceUser">NT AUTHORITY\SYSTEM</Data>
    <Data Name="TargetProcessGUID">{98689699-0b6a-6621-3402-0010fefc02a8}</Data>
    <Data Name="TargetProcessId">2516</Data>
    <Data Name="TargetImage">C:\Windows\explorer.exe</Data>
    <Data Name="TargetUser">NORTHSTAR-BRANCH\owen.reed</Data>
    <Data Name="GrantedAccess">0x1400</Data>
    <Data Name="CallTrace">C:\Windows\SYSTEM32\ntdll.dll+9C1AF|C:\Windows\SYSTEM32\KERNELBASE.dll+2DABB|C:\Windows\SYSTEM32\sechost.dll+14820</Data>
    
  </EventData>
</Event>
<Event xmlns="http://schemas.microsoft.com/win/2004/08/events/event">
  <System>
    <Provider Name="Microsoft-Windows-Sysmon" Guid="{5770385f-c22a-43e0-bf4c-06f5698ffbd9}"/>
    <EventID>5</EventID>
    <Version>3</Version>
    <Level>4</Level>
    <Task>5</Task>
    <Opcode>0</Opcode>
    <Keywords>0x8000000000000000</Keywords>
    <TimeCreated SystemTime="2024-05-14T12:54:59.3539583Z"/>
    <EventRecordID>459510</EventRecordID>
    <Correlation/>
    <Execution ProcessID="1812" ThreadID="3760"/>
    <Channel>Microsoft-Windows-Sysmon/Operational</Channel>
    <Computer>WS-OREED-01.northstar-branch.local</Computer>
    <Security UserID="S-1-5-18"/>
  </System>
  <EventData>
    
    <Data Name="RuleName">-</Data>
    <Data Name="UtcTime">2024-05-14 12:54:59.353</Data>
    <Data Name="ProcessGuid">{98689699-3daa-6643-c700-0010e418a722}</Data>
    <Data Name="ProcessId">2672</Data>
    <Data Name="Image">C:\Windows\System32\mstsc.exe</Data>
    <Data Name="User">NORTHSTAR-BRANCH\lena.morris</Data>
    
  </EventData>
</Event>
<Event xmlns="http://schemas.microsoft.com/win/2004/08/events/event">
  <System>
    <Provider Name="Microsoft-Windows-Sysmon" Guid="{5770385f-c22a-43e0-bf4c-06f5698ffbd9}"/>
    <EventID>5</EventID>
    <Version>3</Version>
    <Level>4</Level>
    <Task>5</Task>
    <Opcode>0</Opcode>
    <Keywords>0x8000000000000000</Keywords>
    <TimeCreated SystemTime="2024-05-14T12:57:23.9632324Z"/>
    <EventRecordID>459516</EventRecordID>
    <Correlation/>
    <Execution ProcessID="1812" ThreadID="3760"/>
    <Channel>Microsoft-Windows-Sysmon/Operational</Channel>
    <Computer>WS-OREED-01.northstar-branch.local</Computer>
    <Security UserID="S-1-5-18"/>
  </System>
  <EventData>
    
    <Data Name="RuleName">-</Data>
    <Data Name="UtcTime">2024-05-14 12:57:23.963</Data>
    <Data Name="ProcessGuid">{98689699-4275-6643-7500-00001e01b3d0}</Data>
    <Data Name="ProcessId">2860</Data>
    <Data Name="Image">C:\Program Files\Google\Chrome\Application\chrome.exe</Data>
    <Data Name="User">NORTHSTAR-BRANCH\lena.morris</Data>
    
  </EventData>
</Event>
<Event xmlns="http://schemas.microsoft.com/win/2004/08/events/event">
  <System>
    <Provider Name="Microsoft-Windows-Sysmon" Guid="{5770385f-c22a-43e0-bf4c-06f5698ffbd9}"/>
    <EventID>11</EventID>
    <Version>2</Version>
    <Level>4</Level>
    <Task>11</Task>
    <Opcode>0</Opcode>
    <Keywords>0x8000000000000000</Keywords>
    <TimeCreated SystemTime="2024-05-14T12:57:25.5600674Z"/>
    <EventRecordID>459517</EventRecordID>
    <Correlation/>
    <Execution ProcessID="1812" ThreadID="2100"/>
    <Channel>Microsoft-Windows-Sysmon/Operational</Channel>
    <Computer>WS-OREED-01.northstar-branch.local</Computer>
    <Security UserID="S-1-5-18"/>
  </System>
  <EventData>
    
    <Data Name="RuleName">-</Data>
    <Data Name="UtcTime">2024-05-14 12:57:25.560</Data>
    <Data Name="ProcessGuid">{98689699-0b67-6621-c000-0010a67f3156}</Data>
    <Data Name="ProcessId">2468</Data>
    <Data Name="Image">C:\Windows\System32\csrss.exe</Data>
    <Data Name="User">NT AUTHORITY\SYSTEM</Data>
    <Data Name="TargetFilename">C:\ProgramData\Microsoft\Windows Defender\Scans\History\Service\DetectionHistory\54860</Data>
    <Data Name="CreationUtcTime">2024-05-14 12:57:25.559</Data>
    
  </EventData>
</Event>
<Event xmlns="http://schemas.microsoft.com/win/2004/08/events/event">
  <System>
    <Provider Name="Microsoft-Windows-Sysmon" Guid="{5770385f-c22a-43e0-bf4c-06f5698ffbd9}"/>
    <EventID>22</EventID>
    <Version>5</Version>
    <Level>4</Level>
    <Task>22</Task>
    <Opcode>0</Opcode>
    <Keywords>0x8000000000000000</Keywords>
    <TimeCreated SystemTime="2024-05-14T12:58:15.9973453Z"/>
    <EventRecordID>459602</EventRecordID>
    <Correlation/>
    <Execution ProcessID="1812" ThreadID="2100"/>
    <Channel>Microsoft-Windows-Sysmon/Operational</Channel>
    <Computer>WS-OREED-01.northstar-branch.local</Computer>
    <Security UserID="S-1-5-18"/>
  </System>
  <EventData>
    
    <Data Name="RuleName">-</Data>
    <Data Name="UtcTime">2024-05-14 12:58:15.997</Data>
    <Data Name="ProcessGuid">{98689699-0b52-6621-a302-00106497a5c3}</Data>
    <Data Name="ProcessId">2256</Data>
    <Data Name="QueryName">WEB-BO-01.northstar-branch.local</Data>
    <Data Name="QueryStatus">0</Data>
    <Data Name="QueryResults">10.44.30.10;</Data>
    <Data Name="Image">C:\Windows\System32\svchost.exe</Data>
    <Data Name="User">NT AUTHORITY\LOCAL SERVICE</Data>
    
  </EventData>
</Event>
<Event xmlns="http://schemas.microsoft.com/win/2004/08/events/event">
  <System>
    <Provider Name="Microsoft-Windows-Sysmon" Guid="{5770385f-c22a-43e0-bf4c-06f5698ffbd9}"/>
    <EventID>10</EventID>
    <Version>3</Version>
    <Level>4</Level>
    <Task>10</Task>
    <Opcode>0</Opcode>
    <Keywords>0x8000000000000000</Keywords>
    <TimeCreated SystemTime="2024-05-14T12:59:22.7443447Z"/>
    <EventRecordID>459657</EventRecordID>
    <Correlation/>
    <Execution ProcessID="1812" ThreadID="3760"/>
    <Channel>Microsoft-Windows-Sysmon/Operational</Channel>
    <Computer>WS-OREED-01.northstar-branch.local</Computer>
    <Security UserID="S-1-5-18"/>
  </System>
  <EventData>
    
    <Data Name="RuleName">-</Data>
    <Data Name="UtcTime">2024-05-14 12:59:22.744</Data>
    <Data Name="SourceProcessGUID">{98689699-0b61-6621-2000-0000802cce31}</Data>
    <Data Name="SourceProcessId">2376</Data>
    <Data Name="SourceImage">C:\Windows\System32\dllhost.exe</Data>
    <Data Name="SourceThreadId">1464</Data>
    <Data Name="SourceUser">NT AUTHORITY\SYSTEM</Data>
    <Data Name="TargetProcessGUID">{98689699-0b6a-6621-3402-0010fefc02a8}</Data>
    <Data Name="TargetProcessId">2516</Data>
    <Data Name="TargetImage">C:\Windows\explorer.exe</Data>
    <Data Name="TargetUser">NORTHSTAR-BRANCH\owen.reed</Data>
    <Data Name="GrantedAccess">0x1400</Data>
    <Data Name="CallTrace">C:\Windows\SYSTEM32\ntdll.dll+9C50A</Data>
    
  </EventData>
</Event>
<Event xmlns="http://schemas.microsoft.com/win/2004/08/events/event">
  <System>
    <Provider Name="Microsoft-Windows-Sysmon" Guid="{5770385f-c22a-43e0-bf4c-06f5698ffbd9}"/>
    <EventID>13</EventID>
    <Version>2</Version>
    <Level>4</Level>
    <Task>13</Task>
    <Opcode>0</Opcode>
    <Keywords>0x8000000000000000</Keywords>
    <TimeCreated SystemTime="2024-05-14T12:59:30.4170649Z"/>
    <EventRecordID>459658</EventRecordID>
    <Correlation/>
    <Execution ProcessID="1812" ThreadID="3500"/>
    <Channel>Microsoft-Windows-Sysmon/Operational</Channel>
    <Computer>WS-OREED-01.northstar-branch.local</Computer>
    <Security UserID="S-1-5-18"/>
  </System>
  <EventData>
    
    <Data Name="RuleName">-</Data>
    <Data Name="EventType">SetValue</Data>
    <Data Name="UtcTime">2024-05-14 12:59:30.417</Data>
    <Data Name="ProcessGuid">{98689699-0b6a-6621-3402-0010fefc02a8}</Data>
    <Data Name="ProcessId">2516</Data>
    <Data Name="Image">C:\Windows\explorer.exe</Data>
    <Data Name="User">NORTHSTAR-BRANCH\owen.reed</Data>
    <Data Name="TargetObject">HKU\S-1-5-21-3882363548-2838386070-1334550370-1002\Software\Microsoft\Office\16.0\Word\Reading Locations\Document 5\Datetime</Data>
    <Data Name="Details">2024-05-14T12:45:47</Data>
    
  </EventData>
</Event>
