<Event xmlns="http://schemas.microsoft.com/win/2004/08/events/event">
  <System>
    <Provider Name="Microsoft-Windows-Sysmon" Guid="{5770385f-c22a-43e0-bf4c-06f5698ffbd9}"/>
    <EventID>3</EventID>
    <Version>5</Version>
    <Level>4</Level>
    <Task>3</Task>
    <Opcode>0</Opcode>
    <Keywords>0x8000000000000000</Keywords>
    <TimeCreated SystemTime="2024-05-14T16:39:36.2804145Z"/>
    <EventRecordID>480117</EventRecordID>
    <Correlation/>
    <Execution ProcessID="1812" ThreadID="2100"/>
    <Channel>Microsoft-Windows-Sysmon/Operational</Channel>
    <Computer>WS-OREED-01.northstar-branch.local</Computer>
    <Security UserID="S-1-5-18"/>
  </System>
  <EventData>
    
    <Data Name="RuleName">-</Data>
    <Data Name="UtcTime">2024-05-14 16:39:36.280</Data>
    <Data Name="ProcessGuid">{98689699-8d51-6643-d900-000010491d99}</Data>
    <Data Name="ProcessId">4464</Data>
    <Data Name="Image">C:\Program Files\Mozilla Firefox\firefox.exe</Data>
    <Data Name="User">NORTHSTAR-BRANCH\owen.reed</Data>
    <Data Name="Protocol">tcp</Data>
    <Data Name="Initiated">true</Data>
    <Data Name="SourceIsIpv6">false</Data>
    <Data Name="SourceIp">10.44.10.22</Data>
    <Data Name="SourceHostname">WS-OREED-01.northstar-branch.local</Data>
    <Data Name="SourcePort">57954</Data>
    <Data Name="SourcePortName">-</Data>
    <Data Name="DestinationIsIpv6">false</Data>
    <Data Name="DestinationIp">10.44.20.30</Data>
    <Data Name="DestinationHostname">PROXY-BO-01.northstar-branch.local</Data>
    <Data Name="DestinationPort">8080</Data>
    <Data Name="DestinationPortName">http-alt</Data>
    
  </EventData>
</Event>
<Event xmlns="http://schemas.microsoft.com/win/2004/08/events/event">
  <System>
    <Provider Name="Microsoft-Windows-Sysmon" Guid="{5770385f-c22a-43e0-bf4c-06f5698ffbd9}"/>
    <EventID>5</EventID>
    <Version>3</Version>
    <Level>4</Level>
    <Task>5</Task>
    <Opcode>0</Opcode>
    <Keywords>0x8000000000000000</Keywords>
    <TimeCreated SystemTime="2024-05-14T16:40:15.6255585Z"/>
    <EventRecordID>480154</EventRecordID>
    <Correlation/>
    <Execution ProcessID="1812" ThreadID="3760"/>
    <Channel>Microsoft-Windows-Sysmon/Operational</Channel>
    <Computer>WS-OREED-01.northstar-branch.local</Computer>
    <Security UserID="S-1-5-18"/>
  </System>
  <EventData>
    
    <Data Name="RuleName">-</Data>
    <Data Name="UtcTime">2024-05-14 16:40:15.625</Data>
    <Data Name="ProcessGuid">{98689699-7f03-6643-2800-0000b0936fa9}</Data>
    <Data Name="ProcessId">4176</Data>
    <Data Name="Image">C:\Users\owen.reed\AppData\Roaming\Zoom\bin\Zoom.exe</Data>
    <Data Name="User">NORTHSTAR-BRANCH\owen.reed</Data>
    
  </EventData>
</Event>
<Event xmlns="http://schemas.microsoft.com/win/2004/08/events/event">
  <System>
    <Provider Name="Microsoft-Windows-Sysmon" Guid="{5770385f-c22a-43e0-bf4c-06f5698ffbd9}"/>
    <EventID>22</EventID>
    <Version>5</Version>
    <Level>4</Level>
    <Task>22</Task>
    <Opcode>0</Opcode>
    <Keywords>0x8000000000000000</Keywords>
    <TimeCreated SystemTime="2024-05-14T16:41:37.4073585Z"/>
    <EventRecordID>480158</EventRecordID>
    <Correlation/>
    <Execution ProcessID="1812" ThreadID="3760"/>
    <Channel>Microsoft-Windows-Sysmon/Operational</Channel>
    <Computer>WS-OREED-01.northstar-branch.local</Computer>
    <Security UserID="S-1-5-18"/>
  </System>
  <EventData>
    
    <Data Name="RuleName">-</Data>
    <Data Name="UtcTime">2024-05-14 16:41:37.407</Data>
    <Data Name="ProcessGuid">{98689699-0b52-6621-a302-00106497a5c3}</Data>
    <Data Name="ProcessId">2256</Data>
    <Data Name="QueryName">_kerberos._tcp.northstar-branch.local</Data>
    <Data Name="QueryStatus">0</Data>
    <Data Name="QueryResults">0 100 88 DC-BO-01.northstar-branch.local;</Data>
    <Data Name="Image">C:\Windows\System32\svchost.exe</Data>
    <Data Name="User">NT AUTHORITY\LOCAL SERVICE</Data>
    
  </EventData>
</Event>
<Event xmlns="http://schemas.microsoft.com/win/2004/08/events/event">
  <System>
    <Provider Name="Microsoft-Windows-Sysmon" Guid="{5770385f-c22a-43e0-bf4c-06f5698ffbd9}"/>
    <EventID>22</EventID>
    <Version>5</Version>
    <Level>4</Level>
    <Task>22</Task>
    <Opcode>0</Opcode>
    <Keywords>0x8000000000000000</Keywords>
    <TimeCreated SystemTime="2024-05-14T16:41:38.6553933Z"/>
    <EventRecordID>480335</EventRecordID>
    <Correlation/>
    <Execution ProcessID="1812" ThreadID="3760"/>
    <Channel>Microsoft-Windows-Sysmon/Operational</Channel>
    <Computer>WS-OREED-01.northstar-branch.local</Computer>
    <Security UserID="S-1-5-18"/>
  </System>
  <EventData>
    
    <Data Name="RuleName">-</Data>
    <Data Name="UtcTime">2024-05-14 16:41:38.655</Data>
    <Data Name="ProcessGuid">{98689699-0b52-6621-a302-00106497a5c3}</Data>
    <Data Name="ProcessId">2256</Data>
    <Data Name="QueryName">FILE-BO-01.northstar-branch.local</Data>
    <Data Name="QueryStatus">0</Data>
    <Data Name="QueryResults">10.44.20.20;</Data>
    <Data Name="Image">C:\Windows\System32\svchost.exe</Data>
    <Data Name="User">NT AUTHORITY\LOCAL SERVICE</Data>
    
  </EventData>
</Event>
<Event xmlns="http://schemas.microsoft.com/win/2004/08/events/event">
  <System>
    <Provider Name="Microsoft-Windows-Sysmon" Guid="{5770385f-c22a-43e0-bf4c-06f5698ffbd9}"/>
    <EventID>5</EventID>
    <Version>3</Version>
    <Level>4</Level>
    <Task>5</Task>
    <Opcode>0</Opcode>
    <Keywords>0x8000000000000000</Keywords>
    <TimeCreated SystemTime="2024-05-14T16:42:24.1585798Z"/>
    <EventRecordID>480338</EventRecordID>
    <Correlation/>
    <Execution ProcessID="1812" ThreadID="3760"/>
    <Channel>Microsoft-Windows-Sysmon/Operational</Channel>
    <Computer>WS-OREED-01.northstar-branch.local</Computer>
    <Security UserID="S-1-5-18"/>
  </System>
  <EventData>
    
    <Data Name="RuleName">-</Data>
    <Data Name="UtcTime">2024-05-14 16:42:24.158</Data>
    <Data Name="ProcessGuid">{98689699-7a5b-6643-da02-00100df06fed}</Data>
    <Data Name="ProcessId">4064</Data>
    <Data Name="Image">C:\Program Files\Zscaler\ZSAService\ZSAService.exe</Data>
    <Data Name="User">NT AUTHORITY\SYSTEM</Data>
    
  </EventData>
</Event>
<Event xmlns="http://schemas.microsoft.com/win/2004/08/events/event">
  <System>
    <Provider Name="Microsoft-Windows-Sysmon" Guid="{5770385f-c22a-43e0-bf4c-06f5698ffbd9}"/>
    <EventID>10</EventID>
    <Version>3</Version>
    <Level>4</Level>
    <Task>10</Task>
    <Opcode>0</Opcode>
    <Keywords>0x8000000000000000</Keywords>
    <TimeCreated SystemTime="2024-05-14T16:45:14.7912940Z"/>
    <EventRecordID>480345</EventRecordID>
    <Correlation/>
    <Execution ProcessID="1812" ThreadID="3760"/>
    <Channel>Microsoft-Windows-Sysmon/Operational</Channel>
    <Computer>WS-OREED-01.northstar-branch.local</Computer>
    <Security UserID="S-1-5-18"/>
  </System>
  <EventData>
    
    <Data Name="RuleName">-</Data>
    <Data Name="UtcTime">2024-05-14 16:45:14.791</Data>
    <Data Name="SourceProcessGUID">{98689699-0b61-6621-8c00-001025b770d2}</Data>
    <Data Name="SourceProcessId">2372</Data>
    <Data Name="SourceImage">C:\Windows\System32\wbem\WmiPrvSE.exe</Data>
    <Data Name="SourceThreadId">1356</Data>
    <Data Name="SourceUser">NT AUTHORITY\NETWORK SERVICE</Data>
    <Data Name="TargetProcessGUID">{98689699-0b50-6621-dc00-001019836d2f}</Data>
    <Data Name="TargetProcessId">2236</Data>
    <Data Name="TargetImage">C:\Windows\System32\svchost.exe</Data>
    <Data Name="TargetUser">NT AUTHORITY\SYSTEM</Data>
    <Data Name="GrantedAccess">0x1000</Data>
    <Data Name="CallTrace">C:\Windows\SYSTEM32\ntdll.dll+9D961|C:\Windows\SYSTEM32\KERNELBASE.dll+2EE32|C:\Windows\SYSTEM32\combase.dll+2AF2B</Data>
    
  </EventData>
</Event>
<Event xmlns="http://schemas.microsoft.com/win/2004/08/events/event">
  <System>
    <Provider Name="Microsoft-Windows-Sysmon" Guid="{5770385f-c22a-43e0-bf4c-06f5698ffbd9}"/>
    <EventID>13</EventID>
    <Version>2</Version>
    <Level>4</Level>
    <Task>13</Task>
    <Opcode>0</Opcode>
    <Keywords>0x8000000000000000</Keywords>
    <TimeCreated SystemTime="2024-05-14T16:45:54.5707649Z"/>
    <EventRecordID>480378</EventRecordID>
    <Correlation/>
    <Execution ProcessID="1812" ThreadID="3500"/>
    <Channel>Microsoft-Windows-Sysmon/Operational</Channel>
    <Computer>WS-OREED-01.northstar-branch.local</Computer>
    <Security UserID="S-1-5-18"/>
  </System>
  <EventData>
    
    <Data Name="RuleName">-</Data>
    <Data Name="EventType">SetValue</Data>
    <Data Name="UtcTime">2024-05-14 16:45:54.570</Data>
    <Data Name="ProcessGuid">{98689699-0b63-6621-0900-000089c7a920}</Data>
    <Data Name="ProcessId">2432</Data>
    <Data Name="Image">C:\Windows\System32\msiexec.exe</Data>
    <Data Name="User">NT AUTHORITY\SYSTEM</Data>
    <Data Name="TargetObject">HKLM\SOFTWARE\Microsoft\Windows\CurrentVersion\Component Based Servicing\Packages\Package_for_RollupFix~31bf3856ad364e35~amd64~~10.0.22621.66\CurrentState</Data>
    <Data Name="Details">DWORD (0x00000070)</Data>
    
  </EventData>
</Event>
<Event xmlns="http://schemas.microsoft.com/win/2004/08/events/event">
  <System>
    <Provider Name="Microsoft-Windows-Sysmon" Guid="{5770385f-c22a-43e0-bf4c-06f5698ffbd9}"/>
    <EventID>11</EventID>
    <Version>2</Version>
    <Level>4</Level>
    <Task>11</Task>
    <Opcode>0</Opcode>
    <Keywords>0x8000000000000000</Keywords>
    <TimeCreated SystemTime="2024-05-14T16:46:18.1502769Z"/>
    <EventRecordID>480379</EventRecordID>
    <Correlation/>
    <Execution ProcessID="1812" ThreadID="2100"/>
    <Channel>Microsoft-Windows-Sysmon/Operational</Channel>
    <Computer>WS-OREED-01.northstar-branch.local</Computer>
    <Security UserID="S-1-5-18"/>
  </System>
  <EventData>
    
    <Data Name="RuleName">-</Data>
    <Data Name="UtcTime">2024-05-14 16:46:18.150</Data>
    <Data Name="ProcessGuid">{98689699-0b48-6621-7502-0000f71965b0}</Data>
    <Data Name="ProcessId">2188</Data>
    <Data Name="Image">C:\Windows\System32\services.exe</Data>
    <Data Name="User">NT AUTHORITY\SYSTEM</Data>
    <Data Name="TargetFilename">C:\ProgramData\Microsoft\Windows Defender\Scans\History\Service\DetectionHistory\47008</Data>
    <Data Name="CreationUtcTime">2024-05-14 16:46:18.149</Data>
    
  </EventData>
</Event>
<Event xmlns="http://schemas.microsoft.com/win/2004/08/events/event">
  <System>
    <Provider Name="Microsoft-Windows-Sysmon" Guid="{5770385f-c22a-43e0-bf4c-06f5698ffbd9}"/>
    <EventID>10</EventID>
    <Version>3</Version>
    <Level>4</Level>
    <Task>10</Task>
    <Opcode>0</Opcode>
    <Keywords>0x8000000000000000</Keywords>
    <TimeCreated SystemTime="2024-05-14T16:47:57.8648679Z"/>
    <EventRecordID>480383</EventRecordID>
    <Correlation/>
    <Execution ProcessID="1812" ThreadID="3760"/>
    <Channel>Microsoft-Windows-Sysmon/Operational</Channel>
    <Computer>WS-OREED-01.northstar-branch.local</Computer>
    <Security UserID="S-1-5-18"/>
  </System>
  <EventData>
    
    <Data Name="RuleName">-</Data>
    <Data Name="UtcTime">2024-05-14 16:47:57.864</Data>
    <Data Name="SourceProcessGUID">{98689699-0b63-6621-0900-0000d9433571}</Data>
    <Data Name="SourceProcessId">2404</Data>
    <Data Name="SourceImage">C:\ProgramData\Microsoft\Windows Defender\Platform\4.18.24010.12-0\MpCmdRun.exe</Data>
    <Data Name="SourceThreadId">8560</Data>
    <Data Name="SourceUser">NT AUTHORITY\SYSTEM</Data>
    <Data Name="TargetProcessGUID">{98689699-0b5e-6621-b200-0000e36ebb78}</Data>
    <Data Name="TargetProcessId">2348</Data>
    <Data Name="TargetImage">C:\ProgramData\Microsoft\Windows Defender\Platform\4.18.24010.12-0\MsMpEng.exe</Data>
    <Data Name="TargetUser">NT AUTHORITY\SYSTEM</Data>
    <Data Name="GrantedAccess">0x1410</Data>
    <Data Name="CallTrace">C:\Windows\SYSTEM32\ntdll.dll+9D8AC|C:\Windows\SYSTEM32\KERNELBASE.dll+2C864|C:\Windows\SYSTEM32\kernel32.dll+1D069</Data>
    
  </EventData>
</Event>
<Event xmlns="http://schemas.microsoft.com/win/2004/08/events/event">
  <System>
    <Provider Name="Microsoft-Windows-Sysmon" Guid="{5770385f-c22a-43e0-bf4c-06f5698ffbd9}"/>
    <EventID>5</EventID>
    <Version>3</Version>
    <Level>4</Level>
    <Task>5</Task>
    <Opcode>0</Opcode>
    <Keywords>0x8000000000000000</Keywords>
    <TimeCreated SystemTime="2024-05-14T16:50:01.6045353Z"/>
    <EventRecordID>480411</EventRecordID>
    <Correlation/>
    <Execution ProcessID="1812" ThreadID="3760"/>
    <Channel>Microsoft-Windows-Sysmon/Operational</Channel>
    <Computer>WS-OREED-01.northstar-branch.local</Computer>
    <Security UserID="S-1-5-18"/>
  </System>
  <EventData>
    
    <Data Name="RuleName">-</Data>
    <Data Name="UtcTime">2024-05-14 16:50:01.604</Data>
    <Data Name="ProcessGuid">{98689699-57a8-6643-9800-0010f77b3df1}</Data>
    <Data Name="ProcessId">3588</Data>
    <Data Name="Image">C:\Program Files\Palo Alto Networks\GlobalProtect\PanGPS.exe</Data>
    <Data Name="User">NT AUTHORITY\SYSTEM</Data>
    
  </EventData>
</Event>
<Event xmlns="http://schemas.microsoft.com/win/2004/08/events/event">
  <System>
    <Provider Name="Microsoft-Windows-Sysmon" Guid="{5770385f-c22a-43e0-bf4c-06f5698ffbd9}"/>
    <EventID>11</EventID>
    <Version>2</Version>
    <Level>4</Level>
    <Task>11</Task>
    <Opcode>0</Opcode>
    <Keywords>0x8000000000000000</Keywords>
    <TimeCreated SystemTime="2024-05-14T16:51:08.8511788Z"/>
    <EventRecordID>480415</EventRecordID>
    <Correlation/>
    <Execution ProcessID="1812" ThreadID="2100"/>
    <Channel>Microsoft-Windows-Sysmon/Operational</Channel>
    <Computer>WS-OREED-01.northstar-branch.local</Computer>
    <Security UserID="S-1-5-18"/>
  </System>
  <EventData>
    
    <Data Name="RuleName">-</Data>
    <Data Name="UtcTime">2024-05-14 16:51:08.851</Data>
    <Data Name="ProcessGuid">{98689699-0b62-6621-c200-0000ee49f4ce}</Data>
    <Data Name="ProcessId">2400</Data>
    <Data Name="Image">C:\Windows\System32\SearchProtocolHost.exe</Data>
    <Data Name="User">NT AUTHORITY\SYSTEM</Data>
    <Data Name="TargetFilename">C:\ProgramData\Microsoft\Windows Defender\Scans\History\Service\DetectionHistory\98601</Data>
    <Data Name="CreationUtcTime">2024-05-14 16:51:08.850</Data>
    
  </EventData>
</Event>
<Event xmlns="http://schemas.microsoft.com/win/2004/08/events/event">
  <System>
    <Provider Name="Microsoft-Windows-Sysmon" Guid="{5770385f-c22a-43e0-bf4c-06f5698ffbd9}"/>
    <EventID>10</EventID>
    <Version>3</Version>
    <Level>4</Level>
    <Task>10</Task>
    <Opcode>0</Opcode>
    <Keywords>0x8000000000000000</Keywords>
    <TimeCreated SystemTime="2024-05-14T16:51:32.3128019Z"/>
    <EventRecordID>480417</EventRecordID>
    <Correlation/>
    <Execution ProcessID="1812" ThreadID="3760"/>
    <Channel>Microsoft-Windows-Sysmon/Operational</Channel>
    <Computer>WS-OREED-01.northstar-branch.local</Computer>
    <Security UserID="S-1-5-18"/>
  </System>
  <EventData>
    
    <Data Name="RuleName">-</Data>
    <Data Name="UtcTime">2024-05-14 16:51:32.312</Data>
    <Data Name="SourceProcessGUID">{98689699-0b5e-6621-b200-0000e36ebb78}</Data>
    <Data Name="SourceProcessId">2348</Data>
    <Data Name="SourceImage">C:\ProgramData\Microsoft\Windows Defender\Platform\4.18.24010.12-0\MsMpEng.exe</Data>
    <Data Name="SourceThreadId">8636</Data>
    <Data Name="SourceUser">NT AUTHORITY\SYSTEM</Data>
    <Data Name="TargetProcessGUID">{98689699-0b6a-6621-3402-0010fefc02a8}</Data>
    <Data Name="TargetProcessId">2516</Data>
    <Data Name="TargetImage">C:\Windows\explorer.exe</Data>
    <Data Name="TargetUser">NORTHSTAR-BRANCH\owen.reed</Data>
    <Data Name="GrantedAccess">0x1410</Data>
    <Data Name="CallTrace">C:\Windows\SYSTEM32\ntdll.dll+9C1AF|C:\Windows\SYSTEM32\KERNELBASE.dll+2DABB|C:\Windows\SYSTEM32\sechost.dll+14820</Data>
    
  </EventData>
</Event>
<Event xmlns="http://schemas.microsoft.com/win/2004/08/events/event">
  <System>
    <Provider Name="Microsoft-Windows-Sysmon" Guid="{5770385f-c22a-43e0-bf4c-06f5698ffbd9}"/>
    <EventID>1</EventID>
    <Version>5</Version>
    <Level>4</Level>
    <Task>1</Task>
    <Opcode>0</Opcode>
    <Keywords>0x8000000000000000</Keywords>
    <TimeCreated SystemTime="2024-05-14T16:52:29.5969989Z"/>
    <EventRecordID>480420</EventRecordID>
    <Correlation/>
    <Execution ProcessID="1812" ThreadID="2100"/>
    <Channel>Microsoft-Windows-Sysmon/Operational</Channel>
    <Computer>WS-OREED-01.northstar-branch.local</Computer>
    <Security UserID="S-1-5-18"/>
  </System>
  <EventData>
    
    <Data Name="RuleName">-</Data>
    <Data Name="UtcTime">2024-05-14 16:52:29.596</Data>
    <Data Name="ProcessGuid">{98689699-96cd-6643-7b02-0000deb3292e}</Data>
    <Data Name="ProcessId">4504</Data>
    <Data Name="Image">C:\Program Files\Zscaler\ZSATunnel\ZSATunnel.exe</Data>
    <Data Name="FileVersion">-</Data>
    <Data Name="Description">-</Data>
    <Data Name="Product">-</Data>
    <Data Name="Company">-</Data>
    <Data Name="OriginalFileName">-</Data>
    <Data Name="CommandLine">ZSATunnel.exe</Data>
    <Data Name="CurrentDirectory">C:\Windows\System32\</Data>
    <Data Name="User">NT AUTHORITY\SYSTEM</Data>
    <Data Name="LogonGuid">{4a4f5542-ac6f-4764-aeb1-0b2a77d6b2ed}</Data>
    <Data Name="LogonId">0x3e7</Data>
    <Data Name="TerminalSessionId">0</Data>
    <Data Name="IntegrityLevel">System</Data>
    <Data Name="Hashes">SHA1=6210F9CB08C7EEE20E47C25AD23648993DB1780E,MD5=35559DED8E738977F97BD4573AB4FB64,SHA256=15A6C4EAB70343C51901339ED837BEEE1867F4601EF289E0878BE62B07FEE7EA,IMPHASH=8AA74086C46C767E39A3A8A5B01DFDCF</Data>
    <Data Name="ParentProcessGuid">{98689699-0b48-6621-7502-0000f71965b0}</Data>
    <Data Name="ParentProcessId">2188</Data>
    <Data Name="ParentImage">C:\Windows\System32\services.exe</Data>
    <Data Name="ParentCommandLine">services.exe</Data>
    
  </EventData>
</Event>
<Event xmlns="http://schemas.microsoft.com/win/2004/08/events/event">
  <System>
    <Provider Name="Microsoft-Windows-Sysmon" Guid="{5770385f-c22a-43e0-bf4c-06f5698ffbd9}"/>
    <EventID>22</EventID>
    <Version>5</Version>
    <Level>4</Level>
    <Task>22</Task>
    <Opcode>0</Opcode>
    <Keywords>0x8000000000000000</Keywords>
    <TimeCreated SystemTime="2024-05-14T16:55:08.1911804Z"/>
    <EventRecordID>480427</EventRecordID>
    <Correlation/>
    <Execution ProcessID="1812" ThreadID="3760"/>
    <Channel>Microsoft-Windows-Sysmon/Operational</Channel>
    <Computer>WS-OREED-01.northstar-branch.local</Computer>
    <Security UserID="S-1-5-18"/>
  </System>
  <EventData>
    
    <Data Name="RuleName">-</Data>
    <Data Name="UtcTime">2024-05-14 16:55:08.191</Data>
    <Data Name="ProcessGuid">{98689699-0b52-6621-a302-00106497a5c3}</Data>
    <Data Name="ProcessId">2256</Data>
    <Data Name="QueryName">20.20.44.10.in-addr.arpa</Data>
    <Data Name="QueryStatus">0</Data>
    <Data Name="QueryResults">FILE-BO-01.northstar-branch.local;</Data>
    <Data Name="Image">C:\Windows\System32\svchost.exe</Data>
    <Data Name="User">NT AUTHORITY\LOCAL SERVICE</Data>
    
  </EventData>
</Event>
<Event xmlns="http://schemas.microsoft.com/win/2004/08/events/event">
  <System>
    <Provider Name="Microsoft-Windows-Sysmon" Guid="{5770385f-c22a-43e0-bf4c-06f5698ffbd9}"/>
    <EventID>22</EventID>
    <Version>5</Version>
    <Level>4</Level>
    <Task>22</Task>
    <Opcode>0</Opcode>
    <Keywords>0x8000000000000000</Keywords>
    <TimeCreated SystemTime="2024-05-14T16:55:08.5696687Z"/>
    <EventRecordID>480428</EventRecordID>
    <Correlation/>
    <Execution ProcessID="1812" ThreadID="3760"/>
    <Channel>Microsoft-Windows-Sysmon/Operational</Channel>
    <Computer>WS-OREED-01.northstar-branch.local</Computer>
    <Security UserID="S-1-5-18"/>
  </System>
  <EventData>
    
    <Data Name="RuleName">-</Data>
    <Data Name="UtcTime">2024-05-14 16:55:08.569</Data>
    <Data Name="ProcessGuid">{98689699-0b52-6621-a302-00106497a5c3}</Data>
    <Data Name="ProcessId">2256</Data>
    <Data Name="QueryName">FILE-BO-01.northstar-branch.local</Data>
    <Data Name="QueryStatus">0</Data>
    <Data Name="QueryResults">10.44.20.20;</Data>
    <Data Name="Image">C:\Windows\System32\svchost.exe</Data>
    <Data Name="User">NT AUTHORITY\LOCAL SERVICE</Data>
    
  </EventData>
</Event>
<Event xmlns="http://schemas.microsoft.com/win/2004/08/events/event">
  <System>
    <Provider Name="Microsoft-Windows-Sysmon" Guid="{5770385f-c22a-43e0-bf4c-06f5698ffbd9}"/>
    <EventID>5</EventID>
    <Version>3</Version>
    <Level>4</Level>
    <Task>5</Task>
    <Opcode>0</Opcode>
    <Keywords>0x8000000000000000</Keywords>
    <TimeCreated SystemTime="2024-05-14T16:55:35.1070486Z"/>
    <EventRecordID>480430</EventRecordID>
    <Correlation/>
    <Execution ProcessID="1812" ThreadID="3760"/>
    <Channel>Microsoft-Windows-Sysmon/Operational</Channel>
    <Computer>WS-OREED-01.northstar-branch.local</Computer>
    <Security UserID="S-1-5-18"/>
  </System>
  <EventData>
    
    <Data Name="RuleName">-</Data>
    <Data Name="UtcTime">2024-05-14 16:55:35.107</Data>
    <Data Name="ProcessGuid">{98689699-3695-6643-e400-00004eb224bc}</Data>
    <Data Name="ProcessId">2964</Data>
    <Data Name="Image">C:\Program Files (x86)\Cisco\Cisco AnyConnect Secure Mobility Client\vpnagent.exe</Data>
    <Data Name="User">NT AUTHORITY\SYSTEM</Data>
    
  </EventData>
</Event>
<Event xmlns="http://schemas.microsoft.com/win/2004/08/events/event">
  <System>
    <Provider Name="Microsoft-Windows-Sysmon" Guid="{5770385f-c22a-43e0-bf4c-06f5698ffbd9}"/>
    <EventID>10</EventID>
    <Version>3</Version>
    <Level>4</Level>
    <Task>10</Task>
    <Opcode>0</Opcode>
    <Keywords>0x8000000000000000</Keywords>
    <TimeCreated SystemTime="2024-05-14T17:00:00.9985794Z"/>
    <EventRecordID>480819</EventRecordID>
    <Correlation/>
    <Execution ProcessID="1812" ThreadID="2100"/>
    <Channel>Microsoft-Windows-Sysmon/Operational</Channel>
    <Computer>WS-OREED-01.northstar-branch.local</Computer>
    <Security UserID="S-1-5-18"/>
  </System>
  <EventData>
    
    <Data Name="RuleName">-</Data>
    <Data Name="UtcTime">2024-05-14 17:00:00.998</Data>
    <Data Name="SourceProcessGUID">{98689699-0b50-6621-dc00-001019836d2f}</Data>
    <Data Name="SourceProcessId">2236</Data>
    <Data Name="SourceImage">C:\Windows\System32\svchost.exe</Data>
    <Data Name="SourceThreadId">7624</Data>
    <Data Name="SourceUser">NT AUTHORITY\SYSTEM</Data>
    <Data Name="TargetProcessGUID">{98689699-0b4a-6621-6600-00006e525fc1}</Data>
    <Data Name="TargetProcessId">2200</Data>
    <Data Name="TargetImage">C:\Windows\System32\lsass.exe</Data>
    <Data Name="TargetUser">NT AUTHORITY\SYSTEM</Data>
    <Data Name="GrantedAccess">0x1000</Data>
    <Data Name="CallTrace">C:\Windows\SYSTEM32\ntdll.dll+9C49F|C:\Windows\SYSTEM32\KERNELBASE.dll+2CE70|C:\Windows\SYSTEM32\wbemcomn.dll+1703F</Data>
    
  </EventData>
</Event>
<Event xmlns="http://schemas.microsoft.com/win/2004/08/events/event">
  <System>
    <Provider Name="Microsoft-Windows-Sysmon" Guid="{5770385f-c22a-43e0-bf4c-06f5698ffbd9}"/>
    <EventID>1</EventID>
    <Version>5</Version>
    <Level>4</Level>
    <Task>1</Task>
    <Opcode>0</Opcode>
    <Keywords>0x8000000000000000</Keywords>
    <TimeCreated SystemTime="2024-05-14T17:00:13.4794906Z"/>
    <EventRecordID>480820</EventRecordID>
    <Correlation/>
    <Execution ProcessID="1812" ThreadID="3760"/>
    <Channel>Microsoft-Windows-Sysmon/Operational</Channel>
    <Computer>WS-OREED-01.northstar-branch.local</Computer>
    <Security UserID="S-1-5-18"/>
  </System>
  <EventData>
    
    <Data Name="RuleName">-</Data>
    <Data Name="UtcTime">2024-05-14 17:00:13.479</Data>
    <Data Name="ProcessGuid">{98689699-989d-6643-6900-0010e530de31}</Data>
    <Data Name="ProcessId">4556</Data>
    <Data Name="Image">C:\Windows\System32\conhost.exe</Data>
    <Data Name="FileVersion">10.0.22621.1</Data>
    <Data Name="Description">Console Window Host</Data>
    <Data Name="Product">Microsoft Windows Operating System</Data>
    <Data Name="Company">Microsoft Corporation</Data>
    <Data Name="OriginalFileName">conhost.exe</Data>
    <Data Name="CommandLine">\??\C:\Windows\system32\conhost.exe 0xffffffff -ForceV1</Data>
    <Data Name="CurrentDirectory">C:\Windows\System32\</Data>
    <Data Name="User">NT AUTHORITY\SYSTEM</Data>
    <Data Name="LogonGuid">{4a4f5542-ac6f-4764-aeb1-0b2a77d6b2ed}</Data>
    <Data Name="LogonId">0x3e7</Data>
    <Data Name="TerminalSessionId">0</Data>
    <Data Name="IntegrityLevel">System</Data>
    <Data Name="Hashes">SHA1=C5BD601C27AA1527E53242CF6DCE1C779AB58F54,MD5=C7180D6EF3169C4CFD9152F2E0F718D6,SHA256=14986A25CAF24462E361E0E3D07934E9926D2E0D36D1C8FEFCDE00AB59AF67C6,IMPHASH=8E63419D15B3090A0F7E22048F46A007</Data>
    <Data Name="ParentProcessGuid">{98689699-0b44-6621-be02-0000cc7501e7}</Data>
    <Data Name="ParentProcessId">2176</Data>
    <Data Name="ParentImage">C:\Windows\System32\csrss.exe</Data>
    <Data Name="ParentCommandLine">csrss.exe</Data>
    
  </EventData>
</Event>
<Event xmlns="http://schemas.microsoft.com/win/2004/08/events/event">
  <System>
    <Provider Name="Microsoft-Windows-Sysmon" Guid="{5770385f-c22a-43e0-bf4c-06f5698ffbd9}"/>
    <EventID>5</EventID>
    <Version>3</Version>
    <Level>4</Level>
    <Task>5</Task>
    <Opcode>0</Opcode>
    <Keywords>0x8000000000000000</Keywords>
    <TimeCreated SystemTime="2024-05-14T17:00:37.9769891Z"/>
    <EventRecordID>480856</EventRecordID>
    <Correlation/>
    <Execution ProcessID="1812" ThreadID="3760"/>
    <Channel>Microsoft-Windows-Sysmon/Operational</Channel>
    <Computer>WS-OREED-01.northstar-branch.local</Computer>
    <Security UserID="S-1-5-18"/>
  </System>
  <EventData>
    
    <Data Name="RuleName">-</Data>
    <Data Name="UtcTime">2024-05-14 17:00:37.976</Data>
    <Data Name="ProcessGuid">{98689699-989d-6643-6900-0010e530de31}</Data>
    <Data Name="ProcessId">4556</Data>
    <Data Name="Image">C:\Windows\System32\conhost.exe</Data>
    <Data Name="User">NT AUTHORITY\SYSTEM</Data>
    
  </EventData>
</Event>
<Event xmlns="http://schemas.microsoft.com/win/2004/08/events/event">
  <System>
    <Provider Name="Microsoft-Windows-Sysmon" Guid="{5770385f-c22a-43e0-bf4c-06f5698ffbd9}"/>
    <EventID>1</EventID>
    <Version>5</Version>
    <Level>4</Level>
    <Task>1</Task>
    <Opcode>0</Opcode>
    <Keywords>0x8000000000000000</Keywords>
    <TimeCreated SystemTime="2024-05-14T17:04:49.2828687Z"/>
    <EventRecordID>480866</EventRecordID>
    <Correlation/>
    <Execution ProcessID="1812" ThreadID="3760"/>
    <Channel>Microsoft-Windows-Sysmon/Operational</Channel>
    <Computer>WS-OREED-01.northstar-branch.local</Computer>
    <Security UserID="S-1-5-18"/>
  </System>
  <EventData>
    
    <Data Name="RuleName">-</Data>
    <Data Name="UtcTime">2024-05-14 17:04:49.282</Data>
    <Data Name="ProcessGuid">{98689699-99b1-6643-5002-000047ecf543}</Data>
    <Data Name="ProcessId">4764</Data>
    <Data Name="Image">C:\Windows\System32\gpupdate.exe</Data>
    <Data Name="FileVersion">10.0.22621.1</Data>
    <Data Name="Description">Microsoft Group Policy Update Utility</Data>
    <Data Name="Product">Microsoft Windows</Data>
    <Data Name="Company">Microsoft Corporation</Data>
    <Data Name="OriginalFileName">GPUpdate.exe</Data>
    <Data Name="CommandLine">gpupdate.exe /target:computer /force</Data>
    <Data Name="CurrentDirectory">C:\Windows\System32\</Data>
    <Data Name="User">NT AUTHORITY\SYSTEM</Data>
    <Data Name="LogonGuid">{4a4f5542-ac6f-4764-aeb1-0b2a77d6b2ed}</Data>
    <Data Name="LogonId">0x3e7</Data>
    <Data Name="TerminalSessionId">0</Data>
    <Data Name="IntegrityLevel">System</Data>
    <Data Name="Hashes">SHA1=32CFBB56DC8CC2863ED56E3E7BACCEA0B5002BD4,MD5=05E23A0CD9F0DE360AF39F2DF0C41762,SHA256=D605CF53B446BBF17DB355600E1BE97DDC8161D4FA42E1B7EB3F783C1362153F,IMPHASH=29FC0238333C0ACBB4F163B61A8B5895</Data>
    <Data Name="ParentProcessGuid">{98689699-0b50-6621-c000-0000da4229d4}</Data>
    <Data Name="ParentProcessId">2252</Data>
    <Data Name="ParentImage">C:\Windows\System32\svchost.exe</Data>
    <Data Name="ParentCommandLine">svchost.exe -k netsvcs</Data>
    
  </EventData>
</Event>
<Event xmlns="http://schemas.microsoft.com/win/2004/08/events/event">
  <System>
    <Provider Name="Microsoft-Windows-Sysmon" Guid="{5770385f-c22a-43e0-bf4c-06f5698ffbd9}"/>
    <EventID>5</EventID>
    <Version>3</Version>
    <Level>4</Level>
    <Task>5</Task>
    <Opcode>0</Opcode>
    <Keywords>0x8000000000000000</Keywords>
    <TimeCreated SystemTime="2024-05-14T17:04:50.4925205Z"/>
    <EventRecordID>480867</EventRecordID>
    <Correlation/>
    <Execution ProcessID="1812" ThreadID="3760"/>
    <Channel>Microsoft-Windows-Sysmon/Operational</Channel>
    <Computer>WS-OREED-01.northstar-branch.local</Computer>
    <Security UserID="S-1-5-18"/>
  </System>
  <EventData>
    
    <Data Name="RuleName">-</Data>
    <Data Name="UtcTime">2024-05-14 17:04:50.492</Data>
    <Data Name="ProcessGuid">{98689699-99b1-6643-5002-000047ecf543}</Data>
    <Data Name="ProcessId">4764</Data>
    <Data Name="Image">C:\Windows\System32\gpupdate.exe</Data>
    <Data Name="User">NT AUTHORITY\SYSTEM</Data>
    
  </EventData>
</Event>
<Event xmlns="http://schemas.microsoft.com/win/2004/08/events/event">
  <System>
    <Provider Name="Microsoft-Windows-Sysmon" Guid="{5770385f-c22a-43e0-bf4c-06f5698ffbd9}"/>
    <EventID>3</EventID>
    <Version>5</Version>
    <Level>4</Level>
    <Task>3</Task>
    <Opcode>0</Opcode>
    <Keywords>0x8000000000000000</Keywords>
    <TimeCreated SystemTime="2024-05-14T17:05:37.3894863Z"/>
    <EventRecordID>480901</EventRecordID>
    <Correlation/>
    <Execution ProcessID="1812" ThreadID="3760"/>
    <Channel>Microsoft-Windows-Sysmon/Operational</Channel>
    <Computer>WS-OREED-01.northstar-branch.local</Computer>
    <Security UserID="S-1-5-18"/>
  </System>
  <EventData>
    
    <Data Name="RuleName">-</Data>
    <Data Name="UtcTime">2024-05-14 17:05:37.389</Data>
    <Data Name="ProcessGuid">{98689699-7f4a-6643-8302-00001804cb7b}</Data>
    <Data Name="ProcessId">4252</Data>
    <Data Name="Image">C:\Program Files (x86)\Microsoft\Edge\Application\msedge.exe</Data>
    <Data Name="User">NORTHSTAR-BRANCH\owen.reed</Data>
    <Data Name="Protocol">tcp</Data>
    <Data Name="Initiated">true</Data>
    <Data Name="SourceIsIpv6">false</Data>
    <Data Name="SourceIp">10.44.10.22</Data>
    <Data Name="SourceHostname">WS-OREED-01.northstar-branch.local</Data>
    <Data Name="SourcePort">52178</Data>
    <Data Name="SourcePortName">-</Data>
    <Data Name="DestinationIsIpv6">false</Data>
    <Data Name="DestinationIp">10.44.20.30</Data>
    <Data Name="DestinationHostname">PROXY-BO-01.northstar-branch.local</Data>
    <Data Name="DestinationPort">8080</Data>
    <Data Name="DestinationPortName">http-alt</Data>
    
  </EventData>
</Event>
<Event xmlns="http://schemas.microsoft.com/win/2004/08/events/event">
  <System>
    <Provider Name="Microsoft-Windows-Sysmon" Guid="{5770385f-c22a-43e0-bf4c-06f5698ffbd9}"/>
    <EventID>3</EventID>
    <Version>5</Version>
    <Level>4</Level>
    <Task>3</Task>
    <Opcode>0</Opcode>
    <Keywords>0x8000000000000000</Keywords>
    <TimeCreated SystemTime="2024-05-14T17:05:39.6477170Z"/>
    <EventRecordID>481078</EventRecordID>
    <Correlation/>
    <Execution ProcessID="1812" ThreadID="3760"/>
    <Channel>Microsoft-Windows-Sysmon/Operational</Channel>
    <Computer>WS-OREED-01.northstar-branch.local</Computer>
    <Security UserID="S-1-5-18"/>
  </System>
  <EventData>
    
    <Data Name="RuleName">-</Data>
    <Data Name="UtcTime">2024-05-14 17:05:39.647</Data>
    <Data Name="ProcessGuid">{98689699-7f4a-6643-8302-00001804cb7b}</Data>
    <Data Name="ProcessId">4252</Data>
    <Data Name="Image">C:\Program Files (x86)\Microsoft\Edge\Application\msedge.exe</Data>
    <Data Name="User">NORTHSTAR-BRANCH\owen.reed</Data>
    <Data Name="Protocol">tcp</Data>
    <Data Name="Initiated">true</Data>
    <Data Name="SourceIsIpv6">false</Data>
    <Data Name="SourceIp">10.44.10.22</Data>
    <Data Name="SourceHostname">WS-OREED-01.northstar-branch.local</Data>
    <Data Name="SourcePort">58257</Data>
    <Data Name="SourcePortName">-</Data>
    <Data Name="DestinationIsIpv6">false</Data>
    <Data Name="DestinationIp">10.44.20.30</Data>
    <Data Name="DestinationHostname">PROXY-BO-01.northstar-branch.local</Data>
    <Data Name="DestinationPort">8080</Data>
    <Data Name="DestinationPortName">http-alt</Data>
    
  </EventData>
</Event>
<Event xmlns="http://schemas.microsoft.com/win/2004/08/events/event">
  <System>
    <Provider Name="Microsoft-Windows-Sysmon" Guid="{5770385f-c22a-43e0-bf4c-06f5698ffbd9}"/>
    <EventID>3</EventID>
    <Version>5</Version>
    <Level>4</Level>
    <Task>3</Task>
    <Opcode>0</Opcode>
    <Keywords>0x8000000000000000</Keywords>
    <TimeCreated SystemTime="2024-05-14T17:05:51.6777961Z"/>
    <EventRecordID>481412</EventRecordID>
    <Correlation/>
    <Execution ProcessID="1812" ThreadID="3760"/>
    <Channel>Microsoft-Windows-Sysmon/Operational</Channel>
    <Computer>WS-OREED-01.northstar-branch.local</Computer>
    <Security UserID="S-1-5-18"/>
  </System>
  <EventData>
    
    <Data Name="RuleName">-</Data>
    <Data Name="UtcTime">2024-05-14 17:05:51.677</Data>
    <Data Name="ProcessGuid">{98689699-0b50-6621-c000-0000da4229d4}</Data>
    <Data Name="ProcessId">2252</Data>
    <Data Name="Image">C:\Windows\System32\svchost.exe</Data>
    <Data Name="User">NT AUTHORITY\NETWORK SERVICE</Data>
    <Data Name="Protocol">tcp</Data>
    <Data Name="Initiated">true</Data>
    <Data Name="SourceIsIpv6">false</Data>
    <Data Name="SourceIp">10.44.10.22</Data>
    <Data Name="SourceHostname">WS-OREED-01.northstar-branch.local</Data>
    <Data Name="SourcePort">63690</Data>
    <Data Name="SourcePortName">-</Data>
    <Data Name="DestinationIsIpv6">false</Data>
    <Data Name="DestinationIp">10.44.20.30</Data>
    <Data Name="DestinationHostname">PROXY-BO-01.northstar-branch.local</Data>
    <Data Name="DestinationPort">8080</Data>
    <Data Name="DestinationPortName">http-alt</Data>
    
  </EventData>
</Event>
<Event xmlns="http://schemas.microsoft.com/win/2004/08/events/event">
  <System>
    <Provider Name="Microsoft-Windows-Sysmon" Guid="{5770385f-c22a-43e0-bf4c-06f5698ffbd9}"/>
    <EventID>3</EventID>
    <Version>5</Version>
    <Level>4</Level>
    <Task>3</Task>
    <Opcode>0</Opcode>
    <Keywords>0x8000000000000000</Keywords>
    <TimeCreated SystemTime="2024-05-14T17:07:18.7396410Z"/>
    <EventRecordID>481416</EventRecordID>
    <Correlation/>
    <Execution ProcessID="1812" ThreadID="3760"/>
    <Channel>Microsoft-Windows-Sysmon/Operational</Channel>
    <Computer>WS-OREED-01.northstar-branch.local</Computer>
    <Security UserID="S-1-5-18"/>
  </System>
  <EventData>
    
    <Data Name="RuleName">-</Data>
    <Data Name="UtcTime">2024-05-14 17:07:18.739</Data>
    <Data Name="ProcessGuid">{98689699-0b50-6621-c000-0000da4229d4}</Data>
    <Data Name="ProcessId">2252</Data>
    <Data Name="Image">C:\Windows\System32\svchost.exe</Data>
    <Data Name="User">NT AUTHORITY\NETWORK SERVICE</Data>
    <Data Name="Protocol">tcp</Data>
    <Data Name="Initiated">true</Data>
    <Data Name="SourceIsIpv6">false</Data>
    <Data Name="SourceIp">10.44.10.22</Data>
    <Data Name="SourceHostname">WS-OREED-01.northstar-branch.local</Data>
    <Data Name="SourcePort">58540</Data>
    <Data Name="SourcePortName">-</Data>
    <Data Name="DestinationIsIpv6">false</Data>
    <Data Name="DestinationIp">10.44.20.30</Data>
    <Data Name="DestinationHostname">PROXY-BO-01.northstar-branch.local</Data>
    <Data Name="DestinationPort">8080</Data>
    <Data Name="DestinationPortName">http-alt</Data>
    
  </EventData>
</Event>
<Event xmlns="http://schemas.microsoft.com/win/2004/08/events/event">
  <System>
    <Provider Name="Microsoft-Windows-Sysmon" Guid="{5770385f-c22a-43e0-bf4c-06f5698ffbd9}"/>
    <EventID>3</EventID>
    <Version>5</Version>
    <Level>4</Level>
    <Task>3</Task>
    <Opcode>0</Opcode>
    <Keywords>0x8000000000000000</Keywords>
    <TimeCreated SystemTime="2024-05-14T17:07:34.9791585Z"/>
    <EventRecordID>481417</EventRecordID>
    <Correlation/>
    <Execution ProcessID="1812" ThreadID="3760"/>
    <Channel>Microsoft-Windows-Sysmon/Operational</Channel>
    <Computer>WS-OREED-01.northstar-branch.local</Computer>
    <Security UserID="S-1-5-18"/>
  </System>
  <EventData>
    
    <Data Name="RuleName">-</Data>
    <Data Name="UtcTime">2024-05-14 17:07:34.979</Data>
    <Data Name="ProcessGuid">{98689699-0b50-6621-c000-0000da4229d4}</Data>
    <Data Name="ProcessId">2252</Data>
    <Data Name="Image">C:\Windows\System32\svchost.exe</Data>
    <Data Name="User">NT AUTHORITY\NETWORK SERVICE</Data>
    <Data Name="Protocol">tcp</Data>
    <Data Name="Initiated">true</Data>
    <Data Name="SourceIsIpv6">false</Data>
    <Data Name="SourceIp">10.44.10.22</Data>
    <Data Name="SourceHostname">WS-OREED-01.northstar-branch.local</Data>
    <Data Name="SourcePort">55553</Data>
    <Data Name="SourcePortName">-</Data>
    <Data Name="DestinationIsIpv6">false</Data>
    <Data Name="DestinationIp">10.44.20.30</Data>
    <Data Name="DestinationHostname">PROXY-BO-01.northstar-branch.local</Data>
    <Data Name="DestinationPort">8080</Data>
    <Data Name="DestinationPortName">http-alt</Data>
    
  </EventData>
</Event>
<Event xmlns="http://schemas.microsoft.com/win/2004/08/events/event">
  <System>
    <Provider Name="Microsoft-Windows-Sysmon" Guid="{5770385f-c22a-43e0-bf4c-06f5698ffbd9}"/>
    <EventID>1</EventID>
    <Version>5</Version>
    <Level>4</Level>
    <Task>1</Task>
    <Opcode>0</Opcode>
    <Keywords>0x8000000000000000</Keywords>
    <TimeCreated SystemTime="2024-05-14T17:09:20.7818481Z"/>
    <EventRecordID>481422</EventRecordID>
    <Correlation/>
    <Execution ProcessID="1812" ThreadID="3760"/>
    <Channel>Microsoft-Windows-Sysmon/Operational</Channel>
    <Computer>WS-OREED-01.northstar-branch.local</Computer>
    <Security UserID="S-1-5-18"/>
  </System>
  <EventData>
    
    <Data Name="RuleName">-</Data>
    <Data Name="UtcTime">2024-05-14 17:09:20.781</Data>
    <Data Name="ProcessGuid">{98689699-9ac0-6643-6100-0010aa4885e2}</Data>
    <Data Name="ProcessId">4552</Data>
    <Data Name="Image">C:\Program Files\Google\Chrome\Application\chrome.exe</Data>
    <Data Name="FileVersion">120.0.6099.225</Data>
    <Data Name="Description">Google Chrome</Data>
    <Data Name="Product">Google Chrome</Data>
    <Data Name="Company">Google LLC</Data>
    <Data Name="OriginalFileName">chrome.exe</Data>
    <Data Name="CommandLine">"C:\Program Files\Google\Chrome\Application\chrome.exe" --single-argument https://console.aws.amazon.com/</Data>
    <Data Name="CurrentDirectory">C:\Users\owen.reed\</Data>
    <Data Name="User">NORTHSTAR-BRANCH\owen.reed</Data>
    <Data Name="LogonGuid">{00000000-0000-0000-0000-000000000000}</Data>
    <Data Name="LogonId">0x12f49026</Data>
    <Data Name="TerminalSessionId">2</Data>
    <Data Name="IntegrityLevel">Medium</Data>
    <Data Name="Hashes">SHA1=9A6ABFD71C6BF2F4EBB94D3F8749E823BCBA1599,MD5=9C138CF19782C37F8D6546E930658EC5,SHA256=70A3704619A118FFAE3B629CE7A4180B6A590C15315A1AF231BD743641F92879,IMPHASH=CEACCC3BA7E24A3EE7324A871B42715A</Data>
    <Data Name="ParentProcessGuid">{98689699-6c8e-6643-e300-0010aaf59f77}</Data>
    <Data Name="ParentProcessId">3664</Data>
    <Data Name="ParentImage">C:\Windows\explorer.exe</Data>
    <Data Name="ParentCommandLine">explorer.exe</Data>
    
  </EventData>
</Event>
<Event xmlns="http://schemas.microsoft.com/win/2004/08/events/event">
  <System>
    <Provider Name="Microsoft-Windows-Sysmon" Guid="{5770385f-c22a-43e0-bf4c-06f5698ffbd9}"/>
    <EventID>3</EventID>
    <Version>5</Version>
    <Level>4</Level>
    <Task>3</Task>
    <Opcode>0</Opcode>
    <Keywords>0x8000000000000000</Keywords>
    <TimeCreated SystemTime="2024-05-14T17:09:22.9980242Z"/>
    <EventRecordID>481511</EventRecordID>
    <Correlation/>
    <Execution ProcessID="1812" ThreadID="2100"/>
    <Channel>Microsoft-Windows-Sysmon/Operational</Channel>
    <Computer>WS-OREED-01.northstar-branch.local</Computer>
    <Security UserID="S-1-5-18"/>
  </System>
  <EventData>
    
    <Data Name="RuleName">-</Data>
    <Data Name="UtcTime">2024-05-14 17:09:22.998</Data>
    <Data Name="ProcessGuid">{98689699-9ac0-6643-6100-0010aa4885e2}</Data>
    <Data Name="ProcessId">4552</Data>
    <Data Name="Image">C:\Program Files\Google\Chrome\Application\chrome.exe</Data>
    <Data Name="User">NORTHSTAR-BRANCH\owen.reed</Data>
    <Data Name="Protocol">tcp</Data>
    <Data Name="Initiated">true</Data>
    <Data Name="SourceIsIpv6">false</Data>
    <Data Name="SourceIp">10.44.10.22</Data>
    <Data Name="SourceHostname">WS-OREED-01.northstar-branch.local</Data>
    <Data Name="SourcePort">62088</Data>
    <Data Name="SourcePortName">-</Data>
    <Data Name="DestinationIsIpv6">false</Data>
    <Data Name="DestinationIp">10.44.20.30</Data>
    <Data Name="DestinationHostname">PROXY-BO-01.northstar-branch.local</Data>
    <Data Name="DestinationPort">8080</Data>
    <Data Name="DestinationPortName">http-alt</Data>
    
  </EventData>
</Event>
<Event xmlns="http://schemas.microsoft.com/win/2004/08/events/event">
  <System>
    <Provider Name="Microsoft-Windows-Sysmon" Guid="{5770385f-c22a-43e0-bf4c-06f5698ffbd9}"/>
    <EventID>3</EventID>
    <Version>5</Version>
    <Level>4</Level>
    <Task>3</Task>
    <Opcode>0</Opcode>
    <Keywords>0x8000000000000000</Keywords>
    <TimeCreated SystemTime="2024-05-14T17:09:25.5810546Z"/>
    <EventRecordID>481539</EventRecordID>
    <Correlation/>
    <Execution ProcessID="1812" ThreadID="3760"/>
    <Channel>Microsoft-Windows-Sysmon/Operational</Channel>
    <Computer>WS-OREED-01.northstar-branch.local</Computer>
    <Security UserID="S-1-5-18"/>
  </System>
  <EventData>
    
    <Data Name="RuleName">-</Data>
    <Data Name="UtcTime">2024-05-14 17:09:25.581</Data>
    <Data Name="ProcessGuid">{98689699-9ac0-6643-6100-0010aa4885e2}</Data>
    <Data Name="ProcessId">4552</Data>
    <Data Name="Image">C:\Program Files\Google\Chrome\Application\chrome.exe</Data>
    <Data Name="User">NORTHSTAR-BRANCH\owen.reed</Data>
    <Data Name="Protocol">tcp</Data>
    <Data Name="Initiated">true</Data>
    <Data Name="SourceIsIpv6">false</Data>
    <Data Name="SourceIp">10.44.10.22</Data>
    <Data Name="SourceHostname">WS-OREED-01.northstar-branch.local</Data>
    <Data Name="SourcePort">51949</Data>
    <Data Name="SourcePortName">-</Data>
    <Data Name="DestinationIsIpv6">false</Data>
    <Data Name="DestinationIp">10.44.20.30</Data>
    <Data Name="DestinationHostname">PROXY-BO-01.northstar-branch.local</Data>
    <Data Name="DestinationPort">8080</Data>
    <Data Name="DestinationPortName">http-alt</Data>
    
  </EventData>
</Event>
<Event xmlns="http://schemas.microsoft.com/win/2004/08/events/event">
  <System>
    <Provider Name="Microsoft-Windows-Sysmon" Guid="{5770385f-c22a-43e0-bf4c-06f5698ffbd9}"/>
    <EventID>3</EventID>
    <Version>5</Version>
    <Level>4</Level>
    <Task>3</Task>
    <Opcode>0</Opcode>
    <Keywords>0x8000000000000000</Keywords>
    <TimeCreated SystemTime="2024-05-14T17:09:25.7629003Z"/>
    <EventRecordID>481540</EventRecordID>
    <Correlation/>
    <Execution ProcessID="1812" ThreadID="2100"/>
    <Channel>Microsoft-Windows-Sysmon/Operational</Channel>
    <Computer>WS-OREED-01.northstar-branch.local</Computer>
    <Security UserID="S-1-5-18"/>
  </System>
  <EventData>
    
    <Data Name="RuleName">-</Data>
    <Data Name="UtcTime">2024-05-14 17:09:25.762</Data>
    <Data Name="ProcessGuid">{98689699-9ac0-6643-6100-0010aa4885e2}</Data>
    <Data Name="ProcessId">4552</Data>
    <Data Name="Image">C:\Program Files\Google\Chrome\Application\chrome.exe</Data>
    <Data Name="User">NORTHSTAR-BRANCH\owen.reed</Data>
    <Data Name="Protocol">tcp</Data>
    <Data Name="Initiated">true</Data>
    <Data Name="SourceIsIpv6">false</Data>
    <Data Name="SourceIp">10.44.10.22</Data>
    <Data Name="SourceHostname">WS-OREED-01.northstar-branch.local</Data>
    <Data Name="SourcePort">56094</Data>
    <Data Name="SourcePortName">-</Data>
    <Data Name="DestinationIsIpv6">false</Data>
    <Data Name="DestinationIp">10.44.20.30</Data>
    <Data Name="DestinationHostname">PROXY-BO-01.northstar-branch.local</Data>
    <Data Name="DestinationPort">8080</Data>
    <Data Name="DestinationPortName">http-alt</Data>
    
  </EventData>
</Event>
<Event xmlns="http://schemas.microsoft.com/win/2004/08/events/event">
  <System>
    <Provider Name="Microsoft-Windows-Sysmon" Guid="{5770385f-c22a-43e0-bf4c-06f5698ffbd9}"/>
    <EventID>5</EventID>
    <Version>3</Version>
    <Level>4</Level>
    <Task>5</Task>
    <Opcode>0</Opcode>
    <Keywords>0x8000000000000000</Keywords>
    <TimeCreated SystemTime="2024-05-14T17:10:06.4363397Z"/>
    <EventRecordID>481542</EventRecordID>
    <Correlation/>
    <Execution ProcessID="1812" ThreadID="3760"/>
    <Channel>Microsoft-Windows-Sysmon/Operational</Channel>
    <Computer>WS-OREED-01.northstar-branch.local</Computer>
    <Security UserID="S-1-5-18"/>
  </System>
  <EventData>
    
    <Data Name="RuleName">-</Data>
    <Data Name="UtcTime">2024-05-14 17:10:06.436</Data>
    <Data Name="ProcessGuid">{98689699-6c8e-6643-9902-0000f12bc2ae}</Data>
    <Data Name="ProcessId">3880</Data>
    <Data Name="Image">C:\Program Files (x86)\Dropbox\Client\Dropbox.exe</Data>
    <Data Name="User">NORTHSTAR-BRANCH\owen.reed</Data>
    
  </EventData>
</Event>
<Event xmlns="http://schemas.microsoft.com/win/2004/08/events/event">
  <System>
    <Provider Name="Microsoft-Windows-Sysmon" Guid="{5770385f-c22a-43e0-bf4c-06f5698ffbd9}"/>
    <EventID>7</EventID>
    <Version>3</Version>
    <Level>4</Level>
    <Task>7</Task>
    <Opcode>0</Opcode>
    <Keywords>0x8000000000000000</Keywords>
    <TimeCreated SystemTime="2024-05-14T17:10:44.5253133Z"/>
    <EventRecordID>481544</EventRecordID>
    <Correlation/>
    <Execution ProcessID="1812" ThreadID="3760"/>
    <Channel>Microsoft-Windows-Sysmon/Operational</Channel>
    <Computer>WS-OREED-01.northstar-branch.local</Computer>
    <Security UserID="S-1-5-18"/>
  </System>
  <EventData>
    
    <Data Name="RuleName">-</Data>
    <Data Name="UtcTime">2024-05-14 17:10:44.525</Data>
    <Data Name="ProcessGuid">{98689699-0b5c-6621-7e02-0010775df1a6}</Data>
    <Data Name="ProcessId">2328</Data>
    <Data Name="Image">C:\Windows\System32\svchost.exe</Data>
    <Data Name="ImageLoaded">C:\Program Files\VMware\VMware Tools\vmStatsProvider.dll</Data>
    <Data Name="FileVersion">1.0.0.0</Data>
    <Data Name="Description">vmStatsProvider.dll module</Data>
    <Data Name="Product">VMware, Inc.</Data>
    <Data Name="Company">VMware, Inc.</Data>
    <Data Name="OriginalFileName">vmStatsProvider.dll</Data>
    <Data Name="Hashes">SHA1=59D6A2228965DEA66D7C93F926FFF5BEA58D0958,MD5=90B6BA84A505CD2472182B6A3BFF34DD,SHA256=51F5802FF35D872BE25CF1BA725DBFE7E93B2CB0E7620126E5A6CC4F506DF760,IMPHASH=96621860BADAB47E574E7B6E25AA7F61</Data>
    <Data Name="Signed">true</Data>
    <Data Name="Signature">VMware, Inc.</Data>
    <Data Name="SignatureStatus">Valid</Data>
    
  </EventData>
</Event>
<Event xmlns="http://schemas.microsoft.com/win/2004/08/events/event">
  <System>
    <Provider Name="Microsoft-Windows-Sysmon" Guid="{5770385f-c22a-43e0-bf4c-06f5698ffbd9}"/>
    <EventID>1</EventID>
    <Version>5</Version>
    <Level>4</Level>
    <Task>1</Task>
    <Opcode>0</Opcode>
    <Keywords>0x8000000000000000</Keywords>
    <TimeCreated SystemTime="2024-05-14T17:11:06.2401069Z"/>
    <EventRecordID>481546</EventRecordID>
    <Correlation/>
    <Execution ProcessID="1812" ThreadID="3500"/>
    <Channel>Microsoft-Windows-Sysmon/Operational</Channel>
    <Computer>WS-OREED-01.northstar-branch.local</Computer>
    <Security UserID="S-1-5-18"/>
  </System>
  <EventData>
    
    <Data Name="RuleName">-</Data>
    <Data Name="UtcTime">2024-05-14 17:11:06.240</Data>
    <Data Name="ProcessGuid">{98689699-9b2a-6643-f500-0010d5814754}</Data>
    <Data Name="ProcessId">4568</Data>
    <Data Name="Image">C:\Program Files (x86)\Dropbox\Update\DropboxUpdate.exe</Data>
    <Data Name="FileVersion">-</Data>
    <Data Name="Description">-</Data>
    <Data Name="Product">-</Data>
    <Data Name="Company">-</Data>
    <Data Name="OriginalFileName">-</Data>
    <Data Name="CommandLine">DropboxUpdate.exe /svc</Data>
    <Data Name="CurrentDirectory">C:\Windows\System32\</Data>
    <Data Name="User">NT AUTHORITY\SYSTEM</Data>
    <Data Name="LogonGuid">{4a4f5542-ac6f-4764-aeb1-0b2a77d6b2ed}</Data>
    <Data Name="LogonId">0x3e7</Data>
    <Data Name="TerminalSessionId">0</Data>
    <Data Name="IntegrityLevel">System</Data>
    <Data Name="Hashes">SHA1=9C9553118846730CD57BE76D7FD1D6569396BDDD,MD5=28D8439028ABA7E4A3E3734E1C47A9CC,SHA256=C1E09E737846E713E9AC8D9DB04CB231377706742CC76F187A9C586FE4928980,IMPHASH=E3D92598470BD2B25DC52DD1D8A4CD13</Data>
    <Data Name="ParentProcessGuid">{98689699-0b48-6621-7502-0000f71965b0}</Data>
    <Data Name="ParentProcessId">2188</Data>
    <Data Name="ParentImage">C:\Windows\System32\services.exe</Data>
    <Data Name="ParentCommandLine">services.exe</Data>
    
  </EventData>
</Event>
