<Event xmlns="http://schemas.microsoft.com/win/2004/08/events/event">
  <System>
    <Provider Name="Microsoft-Windows-Sysmon" Guid="{5770385f-c22a-43e0-bf4c-06f5698ffbd9}"/>
    <EventID>5</EventID>
    <Version>3</Version>
    <Level>4</Level>
    <Task>5</Task>
    <Opcode>0</Opcode>
    <Keywords>0x8000000000000000</Keywords>
    <TimeCreated SystemTime="2024-05-14T13:07:34.2701988Z"/>
    <EventRecordID>478219</EventRecordID>
    <Correlation/>
    <Execution ProcessID="2472" ThreadID="1684"/>
    <Channel>Microsoft-Windows-Sysmon/Operational</Channel>
    <Computer>WS-VHALE-01.northstar-branch.local</Computer>
    <Security UserID="S-1-5-18"/>
  </System>
  <EventData>
    
    <Data Name="RuleName">-</Data>
    <Data Name="UtcTime">2024-05-14 13:07:34.270</Data>
    <Data Name="ProcessGuid">{c42ce74c-40ae-6643-7a00-001097ffe99f}</Data>
    <Data Name="ProcessId">6000</Data>
    <Data Name="Image">C:\Windows\System32\CompatTelRunner.exe</Data>
    <Data Name="User">NT AUTHORITY\SYSTEM</Data>
    
  </EventData>
</Event>
<Event xmlns="http://schemas.microsoft.com/win/2004/08/events/event">
  <System>
    <Provider Name="Microsoft-Windows-Sysmon" Guid="{5770385f-c22a-43e0-bf4c-06f5698ffbd9}"/>
    <EventID>3</EventID>
    <Version>5</Version>
    <Level>4</Level>
    <Task>3</Task>
    <Opcode>0</Opcode>
    <Keywords>0x8000000000000000</Keywords>
    <TimeCreated SystemTime="2024-05-14T13:08:11.4918422Z"/>
    <EventRecordID>478221</EventRecordID>
    <Correlation/>
    <Execution ProcessID="2472" ThreadID="4184"/>
    <Channel>Microsoft-Windows-Sysmon/Operational</Channel>
    <Computer>WS-VHALE-01.northstar-branch.local</Computer>
    <Security UserID="S-1-5-18"/>
  </System>
  <EventData>
    
    <Data Name="RuleName">-</Data>
    <Data Name="UtcTime">2024-05-14 13:08:11.491</Data>
    <Data Name="ProcessGuid">{c42ce74c-3e30-6643-5100-001063c72319}</Data>
    <Data Name="ProcessId">5700</Data>
    <Data Name="Image">C:\Program Files (x86)\Cisco\Cisco AnyConnect Secure Mobility Client\vpnui.exe</Data>
    <Data Name="User">NORTHSTAR-BRANCH\owen.reed</Data>
    <Data Name="Protocol">tcp</Data>
    <Data Name="Initiated">true</Data>
    <Data Name="SourceIsIpv6">false</Data>
    <Data Name="SourceIp">10.44.10.25</Data>
    <Data Name="SourceHostname">WS-VHALE-01.northstar-branch.local</Data>
    <Data Name="SourcePort">61521</Data>
    <Data Name="SourcePortName">-</Data>
    <Data Name="DestinationIsIpv6">false</Data>
    <Data Name="DestinationIp">10.44.20.30</Data>
    <Data Name="DestinationHostname">PROXY-BO-01.northstar-branch.local</Data>
    <Data Name="DestinationPort">8080</Data>
    <Data Name="DestinationPortName">http-alt</Data>
    
  </EventData>
</Event>
<Event xmlns="http://schemas.microsoft.com/win/2004/08/events/event">
  <System>
    <Provider Name="Microsoft-Windows-Sysmon" Guid="{5770385f-c22a-43e0-bf4c-06f5698ffbd9}"/>
    <EventID>22</EventID>
    <Version>5</Version>
    <Level>4</Level>
    <Task>22</Task>
    <Opcode>0</Opcode>
    <Keywords>0x8000000000000000</Keywords>
    <TimeCreated SystemTime="2024-05-14T13:08:21.6860701Z"/>
    <EventRecordID>478222</EventRecordID>
    <Correlation/>
    <Execution ProcessID="2472" ThreadID="3128"/>
    <Channel>Microsoft-Windows-Sysmon/Operational</Channel>
    <Computer>WS-VHALE-01.northstar-branch.local</Computer>
    <Security UserID="S-1-5-18"/>
  </System>
  <EventData>
    
    <Data Name="RuleName">-</Data>
    <Data Name="UtcTime">2024-05-14 13:08:21.686</Data>
    <Data Name="ProcessGuid">{c42ce74c-804c-6633-8000-00001e726241}</Data>
    <Data Name="ProcessId">4952</Data>
    <Data Name="QueryName">_kerberos._tcp.dc._msdcs.northstar-branch.local</Data>
    <Data Name="QueryStatus">0</Data>
    <Data Name="QueryResults">0 100 88 DC-BO-01.northstar-branch.local;</Data>
    <Data Name="Image">C:\Windows\System32\svchost.exe</Data>
    <Data Name="User">NT AUTHORITY\LOCAL SERVICE</Data>
    
  </EventData>
</Event>
<Event xmlns="http://schemas.microsoft.com/win/2004/08/events/event">
  <System>
    <Provider Name="Microsoft-Windows-Sysmon" Guid="{5770385f-c22a-43e0-bf4c-06f5698ffbd9}"/>
    <EventID>22</EventID>
    <Version>5</Version>
    <Level>4</Level>
    <Task>22</Task>
    <Opcode>0</Opcode>
    <Keywords>0x8000000000000000</Keywords>
    <TimeCreated SystemTime="2024-05-14T13:08:21.8485069Z"/>
    <EventRecordID>478736</EventRecordID>
    <Correlation/>
    <Execution ProcessID="2472" ThreadID="3128"/>
    <Channel>Microsoft-Windows-Sysmon/Operational</Channel>
    <Computer>WS-VHALE-01.northstar-branch.local</Computer>
    <Security UserID="S-1-5-18"/>
  </System>
  <EventData>
    
    <Data Name="RuleName">-</Data>
    <Data Name="UtcTime">2024-05-14 13:08:21.848</Data>
    <Data Name="ProcessGuid">{c42ce74c-804c-6633-8000-00001e726241}</Data>
    <Data Name="ProcessId">4952</Data>
    <Data Name="QueryName">_ldap._tcp.dc._msdcs.northstar-branch.local</Data>
    <Data Name="QueryStatus">0</Data>
    <Data Name="QueryResults">0 100 389 DC-BO-01.northstar-branch.local;</Data>
    <Data Name="Image">C:\Windows\System32\svchost.exe</Data>
    <Data Name="User">NT AUTHORITY\LOCAL SERVICE</Data>
    
  </EventData>
</Event>
<Event xmlns="http://schemas.microsoft.com/win/2004/08/events/event">
  <System>
    <Provider Name="Microsoft-Windows-Sysmon" Guid="{5770385f-c22a-43e0-bf4c-06f5698ffbd9}"/>
    <EventID>22</EventID>
    <Version>5</Version>
    <Level>4</Level>
    <Task>22</Task>
    <Opcode>0</Opcode>
    <Keywords>0x8000000000000000</Keywords>
    <TimeCreated SystemTime="2024-05-14T13:08:23.9304591Z"/>
    <EventRecordID>478738</EventRecordID>
    <Correlation/>
    <Execution ProcessID="2472" ThreadID="3128"/>
    <Channel>Microsoft-Windows-Sysmon/Operational</Channel>
    <Computer>WS-VHALE-01.northstar-branch.local</Computer>
    <Security UserID="S-1-5-18"/>
  </System>
  <EventData>
    
    <Data Name="RuleName">-</Data>
    <Data Name="UtcTime">2024-05-14 13:08:23.930</Data>
    <Data Name="ProcessGuid">{c42ce74c-804c-6633-8000-00001e726241}</Data>
    <Data Name="ProcessId">4952</Data>
    <Data Name="QueryName">DC-BO-01.northstar-branch.local</Data>
    <Data Name="QueryStatus">0</Data>
    <Data Name="QueryResults">10.44.20.10;</Data>
    <Data Name="Image">C:\Windows\System32\svchost.exe</Data>
    <Data Name="User">NT AUTHORITY\LOCAL SERVICE</Data>
    
  </EventData>
</Event>
<Event xmlns="http://schemas.microsoft.com/win/2004/08/events/event">
  <System>
    <Provider Name="Microsoft-Windows-Sysmon" Guid="{5770385f-c22a-43e0-bf4c-06f5698ffbd9}"/>
    <EventID>10</EventID>
    <Version>3</Version>
    <Level>4</Level>
    <Task>10</Task>
    <Opcode>0</Opcode>
    <Keywords>0x8000000000000000</Keywords>
    <TimeCreated SystemTime="2024-05-14T13:11:48.1837289Z"/>
    <EventRecordID>478742</EventRecordID>
    <Correlation/>
    <Execution ProcessID="2472" ThreadID="1684"/>
    <Channel>Microsoft-Windows-Sysmon/Operational</Channel>
    <Computer>WS-VHALE-01.northstar-branch.local</Computer>
    <Security UserID="S-1-5-18"/>
  </System>
  <EventData>
    
    <Data Name="RuleName">-</Data>
    <Data Name="UtcTime">2024-05-14 13:11:48.183</Data>
    <Data Name="SourceProcessGUID">{c42ce74c-8045-6633-5f00-00105a9b4a9c}</Data>
    <Data Name="SourceProcessId">4828</Data>
    <Data Name="SourceImage">C:\Windows\System32\services.exe</Data>
    <Data Name="SourceThreadId">5144</Data>
    <Data Name="SourceUser">NT AUTHORITY\SYSTEM</Data>
    <Data Name="TargetProcessGUID">{c42ce74c-8046-6633-2702-00003934873f}</Data>
    <Data Name="TargetProcessId">4840</Data>
    <Data Name="TargetImage">C:\Windows\System32\lsass.exe</Data>
    <Data Name="TargetUser">NT AUTHORITY\SYSTEM</Data>
    <Data Name="GrantedAccess">0x1000</Data>
    <Data Name="CallTrace">C:\Windows\SYSTEM32\ntdll.dll+9DA35|C:\Windows\SYSTEM32\KERNELBASE.dll+2C846|C:\Windows\SYSTEM32\wbemcomn.dll+16E60</Data>
    
  </EventData>
</Event>
<Event xmlns="http://schemas.microsoft.com/win/2004/08/events/event">
  <System>
    <Provider Name="Microsoft-Windows-Sysmon" Guid="{5770385f-c22a-43e0-bf4c-06f5698ffbd9}"/>
    <EventID>5</EventID>
    <Version>3</Version>
    <Level>4</Level>
    <Task>5</Task>
    <Opcode>0</Opcode>
    <Keywords>0x8000000000000000</Keywords>
    <TimeCreated SystemTime="2024-05-14T13:11:52.1941657Z"/>
    <EventRecordID>478761</EventRecordID>
    <Correlation/>
    <Execution ProcessID="2472" ThreadID="3128"/>
    <Channel>Microsoft-Windows-Sysmon/Operational</Channel>
    <Computer>WS-VHALE-01.northstar-branch.local</Computer>
    <Security UserID="S-1-5-18"/>
  </System>
  <EventData>
    
    <Data Name="RuleName">-</Data>
    <Data Name="UtcTime">2024-05-14 13:11:52.194</Data>
    <Data Name="ProcessGuid">{c42ce74c-5461-6643-e700-00003dcaa68d}</Data>
    <Data Name="ProcessId">6252</Data>
    <Data Name="Image">C:\Windows\System32\SearchProtocolHost.exe</Data>
    <Data Name="User">NT AUTHORITY\SYSTEM</Data>
    
  </EventData>
</Event>
<Event xmlns="http://schemas.microsoft.com/win/2004/08/events/event">
  <System>
    <Provider Name="Microsoft-Windows-Sysmon" Guid="{5770385f-c22a-43e0-bf4c-06f5698ffbd9}"/>
    <EventID>10</EventID>
    <Version>3</Version>
    <Level>4</Level>
    <Task>10</Task>
    <Opcode>0</Opcode>
    <Keywords>0x8000000000000000</Keywords>
    <TimeCreated SystemTime="2024-05-14T13:13:50.2535384Z"/>
    <EventRecordID>478764</EventRecordID>
    <Correlation/>
    <Execution ProcessID="2472" ThreadID="4424"/>
    <Channel>Microsoft-Windows-Sysmon/Operational</Channel>
    <Computer>WS-VHALE-01.northstar-branch.local</Computer>
    <Security UserID="S-1-5-18"/>
  </System>
  <EventData>
    
    <Data Name="RuleName">-</Data>
    <Data Name="UtcTime">2024-05-14 13:13:50.253</Data>
    <Data Name="SourceProcessGUID">{c42ce74c-8053-6633-c702-00105a7a6b12}</Data>
    <Data Name="SourceProcessId">4992</Data>
    <Data Name="SourceImage">C:\ProgramData\Microsoft\Windows Defender\Platform\4.18.24030.9-0\MsMpEng.exe</Data>
    <Data Name="SourceThreadId">6532</Data>
    <Data Name="SourceUser">NT AUTHORITY\SYSTEM</Data>
    <Data Name="TargetProcessGUID">{c42ce74c-8061-6633-ac02-00007fa0f2d6}</Data>
    <Data Name="TargetProcessId">5088</Data>
    <Data Name="TargetImage">C:\Windows\explorer.exe</Data>
    <Data Name="TargetUser">NORTHSTAR-BRANCH\victor.hale</Data>
    <Data Name="GrantedAccess">0x1010</Data>
    <Data Name="CallTrace">C:\Windows\SYSTEM32\ntdll.dll+9DC96|C:\Windows\SYSTEM32\KERNELBASE.dll+2CA0C|C:\Windows\SYSTEM32\sechost.dll+13D41</Data>
    
  </EventData>
</Event>
<Event xmlns="http://schemas.microsoft.com/win/2004/08/events/event">
  <System>
    <Provider Name="Microsoft-Windows-Sysmon" Guid="{5770385f-c22a-43e0-bf4c-06f5698ffbd9}"/>
    <EventID>10</EventID>
    <Version>3</Version>
    <Level>4</Level>
    <Task>10</Task>
    <Opcode>0</Opcode>
    <Keywords>0x8000000000000000</Keywords>
    <TimeCreated SystemTime="2024-05-14T13:14:09.1331898Z"/>
    <EventRecordID>478910</EventRecordID>
    <Correlation/>
    <Execution ProcessID="2472" ThreadID="4424"/>
    <Channel>Microsoft-Windows-Sysmon/Operational</Channel>
    <Computer>WS-VHALE-01.northstar-branch.local</Computer>
    <Security UserID="S-1-5-18"/>
  </System>
  <EventData>
    
    <Data Name="RuleName">-</Data>
    <Data Name="UtcTime">2024-05-14 13:14:09.133</Data>
    <Data Name="SourceProcessGUID">{c42ce74c-805e-6633-4900-0000b63cac7f}</Data>
    <Data Name="SourceProcessId">5036</Data>
    <Data Name="SourceImage">C:\ProgramData\Microsoft\Windows Defender\Platform\4.18.24030.9-0\MpCmdRun.exe</Data>
    <Data Name="SourceThreadId">8188</Data>
    <Data Name="SourceUser">NT AUTHORITY\SYSTEM</Data>
    <Data Name="TargetProcessGUID">{c42ce74c-8053-6633-c702-00105a7a6b12}</Data>
    <Data Name="TargetProcessId">4992</Data>
    <Data Name="TargetImage">C:\ProgramData\Microsoft\Windows Defender\Platform\4.18.24030.9-0\MsMpEng.exe</Data>
    <Data Name="TargetUser">NT AUTHORITY\SYSTEM</Data>
    <Data Name="GrantedAccess">0x0410</Data>
    <Data Name="CallTrace">C:\Windows\SYSTEM32\ntdll.dll+9E312</Data>
    
  </EventData>
</Event>
<Event xmlns="http://schemas.microsoft.com/win/2004/08/events/event">
  <System>
    <Provider Name="Microsoft-Windows-Sysmon" Guid="{5770385f-c22a-43e0-bf4c-06f5698ffbd9}"/>
    <EventID>13</EventID>
    <Version>2</Version>
    <Level>4</Level>
    <Task>13</Task>
    <Opcode>0</Opcode>
    <Keywords>0x8000000000000000</Keywords>
    <TimeCreated SystemTime="2024-05-14T13:16:39.8923038Z"/>
    <EventRecordID>478914</EventRecordID>
    <Correlation/>
    <Execution ProcessID="2472" ThreadID="1684"/>
    <Channel>Microsoft-Windows-Sysmon/Operational</Channel>
    <Computer>WS-VHALE-01.northstar-branch.local</Computer>
    <Security UserID="S-1-5-18"/>
  </System>
  <EventData>
    
    <Data Name="RuleName">-</Data>
    <Data Name="EventType">SetValue</Data>
    <Data Name="UtcTime">2024-05-14 13:16:39.892</Data>
    <Data Name="ProcessGuid">{c42ce74c-8063-6633-e100-0000b989f595}</Data>
    <Data Name="ProcessId">5112</Data>
    <Data Name="Image">C:\Windows\System32\RuntimeBroker.exe</Data>
    <Data Name="User">NORTHSTAR-BRANCH\victor.hale</Data>
    <Data Name="TargetObject">HKU\S-1-5-21-3882363548-2838386070-1334550370-1005\Software\Microsoft\Windows\CurrentVersion\Explorer\UserAssist\{CEBFF5CD-ACE2-4F4F-9178-9926F41749EA}\Count\HRZR_EHACNGU:P:\Hfref\ivpgbe.unyr\NccQngn\Ebnzvat\Zvpebfbsg\Jvaqbjf\Fgneg Zrah\Cebtenzf\Fynpx.yax</Data>
    <Data Name="Details">27 E9 08 D6 F4 0A 70 A2 5D DE 82 AD D4 E3 95 B8 89 14 00 AF 13 64 B1 4D B1 2B 59 C4 6B 86 B3 33</Data>
    
  </EventData>
</Event>
<Event xmlns="http://schemas.microsoft.com/win/2004/08/events/event">
  <System>
    <Provider Name="Microsoft-Windows-Sysmon" Guid="{5770385f-c22a-43e0-bf4c-06f5698ffbd9}"/>
    <EventID>10</EventID>
    <Version>3</Version>
    <Level>4</Level>
    <Task>10</Task>
    <Opcode>0</Opcode>
    <Keywords>0x8000000000000000</Keywords>
    <TimeCreated SystemTime="2024-05-14T13:16:43.0607760Z"/>
    <EventRecordID>478915</EventRecordID>
    <Correlation/>
    <Execution ProcessID="2472" ThreadID="1684"/>
    <Channel>Microsoft-Windows-Sysmon/Operational</Channel>
    <Computer>WS-VHALE-01.northstar-branch.local</Computer>
    <Security UserID="S-1-5-18"/>
  </System>
  <EventData>
    
    <Data Name="RuleName">-</Data>
    <Data Name="UtcTime">2024-05-14 13:16:43.060</Data>
    <Data Name="SourceProcessGUID">{c42ce74c-8045-6633-5f00-00105a9b4a9c}</Data>
    <Data Name="SourceProcessId">4828</Data>
    <Data Name="SourceImage">C:\Windows\System32\services.exe</Data>
    <Data Name="SourceThreadId">1556</Data>
    <Data Name="SourceUser">NT AUTHORITY\SYSTEM</Data>
    <Data Name="TargetProcessGUID">{c42ce74c-804c-6633-6002-0010c3ef1dfd}</Data>
    <Data Name="TargetProcessId">4944</Data>
    <Data Name="TargetImage">C:\Windows\System32\svchost.exe</Data>
    <Data Name="TargetUser">NT AUTHORITY\NETWORK SERVICE</Data>
    <Data Name="GrantedAccess">0x1400</Data>
    <Data Name="CallTrace">C:\Windows\SYSTEM32\ntdll.dll+9E26D|C:\Windows\SYSTEM32\KERNELBASE.dll+2C7C8|C:\Windows\SYSTEM32\combase.dll+29C40</Data>
    
  </EventData>
</Event>
<Event xmlns="http://schemas.microsoft.com/win/2004/08/events/event">
  <System>
    <Provider Name="Microsoft-Windows-Sysmon" Guid="{5770385f-c22a-43e0-bf4c-06f5698ffbd9}"/>
    <EventID>1</EventID>
    <Version>5</Version>
    <Level>4</Level>
    <Task>1</Task>
    <Opcode>0</Opcode>
    <Keywords>0x8000000000000000</Keywords>
    <TimeCreated SystemTime="2024-05-14T13:19:29.5172196Z"/>
    <EventRecordID>478937</EventRecordID>
    <Correlation/>
    <Execution ProcessID="2472" ThreadID="4424"/>
    <Channel>Microsoft-Windows-Sysmon/Operational</Channel>
    <Computer>WS-VHALE-01.northstar-branch.local</Computer>
    <Security UserID="S-1-5-18"/>
  </System>
  <EventData>
    
    <Data Name="RuleName">-</Data>
    <Data Name="UtcTime">2024-05-14 13:19:29.517</Data>
    <Data Name="ProcessGuid">{c42ce74c-64e1-6643-2400-00000112e9f2}</Data>
    <Data Name="ProcessId">6352</Data>
    <Data Name="Image">C:\Program Files\Microsoft OneDrive\OneDriveStandaloneUpdater.exe</Data>
    <Data Name="FileVersion">-</Data>
    <Data Name="Description">-</Data>
    <Data Name="Product">-</Data>
    <Data Name="Company">-</Data>
    <Data Name="OriginalFileName">-</Data>
    <Data Name="CommandLine">OneDriveStandaloneUpdater.exe /silent</Data>
    <Data Name="CurrentDirectory">C:\Windows\System32\</Data>
    <Data Name="User">NT AUTHORITY\SYSTEM</Data>
    <Data Name="LogonGuid">{2c6f00db-083f-46b5-8a2b-5e2a5c606bd8}</Data>
    <Data Name="LogonId">0x3e7</Data>
    <Data Name="TerminalSessionId">0</Data>
    <Data Name="IntegrityLevel">System</Data>
    <Data Name="Hashes">SHA1=0C78923030FC719861633B3362F38B42A22FE0FB,MD5=87BEA74D86517DB88533DD842A5DDCEF,SHA256=D7CD3E778300D7AEC9AD5E5079904DBDCB94C56DE0836A047DC0297C129E9243,IMPHASH=83625FEAC2CA7AE3D743CB23CF4940EA</Data>
    <Data Name="ParentProcessGuid">{c42ce74c-805e-6633-7c00-0000db9834b8}</Data>
    <Data Name="ParentProcessId">5056</Data>
    <Data Name="ParentImage">C:\Windows\System32\taskhostw.exe</Data>
    <Data Name="ParentCommandLine">taskhostw.exe</Data>
    
  </EventData>
</Event>
<Event xmlns="http://schemas.microsoft.com/win/2004/08/events/event">
  <System>
    <Provider Name="Microsoft-Windows-Sysmon" Guid="{5770385f-c22a-43e0-bf4c-06f5698ffbd9}"/>
    <EventID>5</EventID>
    <Version>3</Version>
    <Level>4</Level>
    <Task>5</Task>
    <Opcode>0</Opcode>
    <Keywords>0x8000000000000000</Keywords>
    <TimeCreated SystemTime="2024-05-14T13:21:01.0844677Z"/>
    <EventRecordID>478940</EventRecordID>
    <Correlation/>
    <Execution ProcessID="2472" ThreadID="4424"/>
    <Channel>Microsoft-Windows-Sysmon/Operational</Channel>
    <Computer>WS-VHALE-01.northstar-branch.local</Computer>
    <Security UserID="S-1-5-18"/>
  </System>
  <EventData>
    
    <Data Name="RuleName">-</Data>
    <Data Name="UtcTime">2024-05-14 13:21:01.084</Data>
    <Data Name="ProcessGuid">{c42ce74c-64e1-6643-2400-00000112e9f2}</Data>
    <Data Name="ProcessId">6352</Data>
    <Data Name="Image">C:\Program Files\Microsoft OneDrive\OneDriveStandaloneUpdater.exe</Data>
    <Data Name="User">NT AUTHORITY\SYSTEM</Data>
    
  </EventData>
</Event>
<Event xmlns="http://schemas.microsoft.com/win/2004/08/events/event">
  <System>
    <Provider Name="Microsoft-Windows-Sysmon" Guid="{5770385f-c22a-43e0-bf4c-06f5698ffbd9}"/>
    <EventID>10</EventID>
    <Version>3</Version>
    <Level>4</Level>
    <Task>10</Task>
    <Opcode>0</Opcode>
    <Keywords>0x8000000000000000</Keywords>
    <TimeCreated SystemTime="2024-05-14T13:22:19.9570777Z"/>
    <EventRecordID>478966</EventRecordID>
    <Correlation/>
    <Execution ProcessID="2472" ThreadID="1684"/>
    <Channel>Microsoft-Windows-Sysmon/Operational</Channel>
    <Computer>WS-VHALE-01.northstar-branch.local</Computer>
    <Security UserID="S-1-5-18"/>
  </System>
  <EventData>
    
    <Data Name="RuleName">-</Data>
    <Data Name="UtcTime">2024-05-14 13:22:19.957</Data>
    <Data Name="SourceProcessGUID">{c42ce74c-805e-6633-7c00-0000db9834b8}</Data>
    <Data Name="SourceProcessId">5056</Data>
    <Data Name="SourceImage">C:\Windows\System32\taskhostw.exe</Data>
    <Data Name="SourceThreadId">5592</Data>
    <Data Name="SourceUser">NT AUTHORITY\SYSTEM</Data>
    <Data Name="TargetProcessGUID">{c42ce74c-8063-6633-e100-0000b989f595}</Data>
    <Data Name="TargetProcessId">5112</Data>
    <Data Name="TargetImage">C:\Windows\System32\RuntimeBroker.exe</Data>
    <Data Name="TargetUser">NORTHSTAR-BRANCH\victor.hale</Data>
    <Data Name="GrantedAccess">0x0400</Data>
    <Data Name="CallTrace">C:\Windows\SYSTEM32\ntdll.dll+9DEBC|C:\Windows\SYSTEM32\KERNELBASE.dll+2CA06|C:\Windows\SYSTEM32\kernel32.dll+1E171</Data>
    
  </EventData>
</Event>
<Event xmlns="http://schemas.microsoft.com/win/2004/08/events/event">
  <System>
    <Provider Name="Microsoft-Windows-Sysmon" Guid="{5770385f-c22a-43e0-bf4c-06f5698ffbd9}"/>
    <EventID>22</EventID>
    <Version>5</Version>
    <Level>4</Level>
    <Task>22</Task>
    <Opcode>0</Opcode>
    <Keywords>0x8000000000000000</Keywords>
    <TimeCreated SystemTime="2024-05-14T13:23:59.7981095Z"/>
    <EventRecordID>478978</EventRecordID>
    <Correlation/>
    <Execution ProcessID="2472" ThreadID="1684"/>
    <Channel>Microsoft-Windows-Sysmon/Operational</Channel>
    <Computer>WS-VHALE-01.northstar-branch.local</Computer>
    <Security UserID="S-1-5-18"/>
  </System>
  <EventData>
    
    <Data Name="RuleName">-</Data>
    <Data Name="UtcTime">2024-05-14 13:23:59.798</Data>
    <Data Name="ProcessGuid">{c42ce74c-804c-6633-8000-00001e726241}</Data>
    <Data Name="ProcessId">4952</Data>
    <Data Name="QueryName">FILE-BO-01.northstar-branch.local</Data>
    <Data Name="QueryStatus">0</Data>
    <Data Name="QueryResults">10.44.20.20;</Data>
    <Data Name="Image">C:\Windows\System32\svchost.exe</Data>
    <Data Name="User">NT AUTHORITY\LOCAL SERVICE</Data>
    
  </EventData>
</Event>
<Event xmlns="http://schemas.microsoft.com/win/2004/08/events/event">
  <System>
    <Provider Name="Microsoft-Windows-Sysmon" Guid="{5770385f-c22a-43e0-bf4c-06f5698ffbd9}"/>
    <EventID>22</EventID>
    <Version>5</Version>
    <Level>4</Level>
    <Task>22</Task>
    <Opcode>0</Opcode>
    <Keywords>0x8000000000000000</Keywords>
    <TimeCreated SystemTime="2024-05-14T13:24:00.1685622Z"/>
    <EventRecordID>478996</EventRecordID>
    <Correlation/>
    <Execution ProcessID="2472" ThreadID="1684"/>
    <Channel>Microsoft-Windows-Sysmon/Operational</Channel>
    <Computer>WS-VHALE-01.northstar-branch.local</Computer>
    <Security UserID="S-1-5-18"/>
  </System>
  <EventData>
    
    <Data Name="RuleName">-</Data>
    <Data Name="UtcTime">2024-05-14 13:24:00.168</Data>
    <Data Name="ProcessGuid">{c42ce74c-804c-6633-8000-00001e726241}</Data>
    <Data Name="ProcessId">4952</Data>
    <Data Name="QueryName">isatap</Data>
    <Data Name="QueryStatus">9003</Data>
    <Data Name="QueryResults">-</Data>
    <Data Name="Image">C:\Windows\System32\svchost.exe</Data>
    <Data Name="User">NT AUTHORITY\LOCAL SERVICE</Data>
    
  </EventData>
</Event>
<Event xmlns="http://schemas.microsoft.com/win/2004/08/events/event">
  <System>
    <Provider Name="Microsoft-Windows-Sysmon" Guid="{5770385f-c22a-43e0-bf4c-06f5698ffbd9}"/>
    <EventID>7</EventID>
    <Version>3</Version>
    <Level>4</Level>
    <Task>7</Task>
    <Opcode>0</Opcode>
    <Keywords>0x8000000000000000</Keywords>
    <TimeCreated SystemTime="2024-05-14T13:24:38.9324139Z"/>
    <EventRecordID>478998</EventRecordID>
    <Correlation/>
    <Execution ProcessID="2472" ThreadID="1684"/>
    <Channel>Microsoft-Windows-Sysmon/Operational</Channel>
    <Computer>WS-VHALE-01.northstar-branch.local</Computer>
    <Security UserID="S-1-5-18"/>
  </System>
  <EventData>
    
    <Data Name="RuleName">-</Data>
    <Data Name="UtcTime">2024-05-14 13:24:38.932</Data>
    <Data Name="ProcessGuid">{c42ce74c-804a-6633-b302-00104ac99a1d}</Data>
    <Data Name="ProcessId">4900</Data>
    <Data Name="Image">C:\Windows\System32\svchost.exe</Data>
    <Data Name="ImageLoaded">C:\Program Files\Dell\SupportAssistAgent\bin\pcdrsysinfosoftware.p5x</Data>
    <Data Name="FileVersion">1.0.0.0</Data>
    <Data Name="Description">pcdrsysinfosoftware.p5x module</Data>
    <Data Name="Product">Dell Inc.</Data>
    <Data Name="Company">Dell Inc.</Data>
    <Data Name="OriginalFileName">pcdrsysinfosoftware.p5x</Data>
    <Data Name="Hashes">SHA1=DA2C7A7A281800947B5C71F4A92CE843B1DC50F2,MD5=D6EB67E7B79CE37086993703C1352704,SHA256=0DE9D6BA42DE73879DA0EAFD44873E30FCB362AF0AF13A34923E24513C239AD5,IMPHASH=EF39C50EF82A06742DB4608EF8AF9CBB</Data>
    <Data Name="Signed">true</Data>
    <Data Name="Signature">Dell Inc.</Data>
    <Data Name="SignatureStatus">Valid</Data>
    
  </EventData>
</Event>
<Event xmlns="http://schemas.microsoft.com/win/2004/08/events/event">
  <System>
    <Provider Name="Microsoft-Windows-Sysmon" Guid="{5770385f-c22a-43e0-bf4c-06f5698ffbd9}"/>
    <EventID>3</EventID>
    <Version>5</Version>
    <Level>4</Level>
    <Task>3</Task>
    <Opcode>0</Opcode>
    <Keywords>0x8000000000000000</Keywords>
    <TimeCreated SystemTime="2024-05-14T13:31:28.5055498Z"/>
    <EventRecordID>479005</EventRecordID>
    <Correlation/>
    <Execution ProcessID="2472" ThreadID="4424"/>
    <Channel>Microsoft-Windows-Sysmon/Operational</Channel>
    <Computer>WS-VHALE-01.northstar-branch.local</Computer>
    <Security UserID="S-1-5-18"/>
  </System>
  <EventData>
    
    <Data Name="RuleName">-</Data>
    <Data Name="UtcTime">2024-05-14 13:31:28.505</Data>
    <Data Name="ProcessGuid">{c42ce74c-3e30-6643-5100-001063c72319}</Data>
    <Data Name="ProcessId">5700</Data>
    <Data Name="Image">C:\Program Files (x86)\Cisco\Cisco AnyConnect Secure Mobility Client\vpnui.exe</Data>
    <Data Name="User">NORTHSTAR-BRANCH\owen.reed</Data>
    <Data Name="Protocol">tcp</Data>
    <Data Name="Initiated">true</Data>
    <Data Name="SourceIsIpv6">false</Data>
    <Data Name="SourceIp">10.44.10.25</Data>
    <Data Name="SourceHostname">WS-VHALE-01.northstar-branch.local</Data>
    <Data Name="SourcePort">51145</Data>
    <Data Name="SourcePortName">-</Data>
    <Data Name="DestinationIsIpv6">false</Data>
    <Data Name="DestinationIp">10.44.20.30</Data>
    <Data Name="DestinationHostname">PROXY-BO-01.northstar-branch.local</Data>
    <Data Name="DestinationPort">8080</Data>
    <Data Name="DestinationPortName">http-alt</Data>
    
  </EventData>
</Event>
<Event xmlns="http://schemas.microsoft.com/win/2004/08/events/event">
  <System>
    <Provider Name="Microsoft-Windows-Sysmon" Guid="{5770385f-c22a-43e0-bf4c-06f5698ffbd9}"/>
    <EventID>13</EventID>
    <Version>2</Version>
    <Level>4</Level>
    <Task>13</Task>
    <Opcode>0</Opcode>
    <Keywords>0x8000000000000000</Keywords>
    <TimeCreated SystemTime="2024-05-14T13:32:28.6686017Z"/>
    <EventRecordID>479006</EventRecordID>
    <Correlation/>
    <Execution ProcessID="2472" ThreadID="1684"/>
    <Channel>Microsoft-Windows-Sysmon/Operational</Channel>
    <Computer>WS-VHALE-01.northstar-branch.local</Computer>
    <Security UserID="S-1-5-18"/>
  </System>
  <EventData>
    
    <Data Name="RuleName">-</Data>
    <Data Name="EventType">SetValue</Data>
    <Data Name="UtcTime">2024-05-14 13:32:28.668</Data>
    <Data Name="ProcessGuid">{c42ce74c-804c-6633-6002-0010c3ef1dfd}</Data>
    <Data Name="ProcessId">4944</Data>
    <Data Name="Image">C:\Windows\System32\svchost.exe</Data>
    <Data Name="User">NT AUTHORITY\NETWORK SERVICE</Data>
    <Data Name="TargetObject">HKLM\SYSTEM\CurrentControlSet\Services\Tcpip\Parameters\Interfaces\{CE0A9E8C-6BA1-D8BA-940F-000010CB7682}\DhcpIPAddress</Data>
    <Data Name="Details">10.44.10.25</Data>
    
  </EventData>
</Event>
<Event xmlns="http://schemas.microsoft.com/win/2004/08/events/event">
  <System>
    <Provider Name="Microsoft-Windows-Sysmon" Guid="{5770385f-c22a-43e0-bf4c-06f5698ffbd9}"/>
    <EventID>3</EventID>
    <Version>5</Version>
    <Level>4</Level>
    <Task>3</Task>
    <Opcode>0</Opcode>
    <Keywords>0x8000000000000000</Keywords>
    <TimeCreated SystemTime="2024-05-14T13:32:29.5388872Z"/>
    <EventRecordID>479033</EventRecordID>
    <Correlation/>
    <Execution ProcessID="2472" ThreadID="4424"/>
    <Channel>Microsoft-Windows-Sysmon/Operational</Channel>
    <Computer>WS-VHALE-01.northstar-branch.local</Computer>
    <Security UserID="S-1-5-18"/>
  </System>
  <EventData>
    
    <Data Name="RuleName">-</Data>
    <Data Name="UtcTime">2024-05-14 13:32:29.538</Data>
    <Data Name="ProcessGuid">{c42ce74c-3e30-6643-5100-001063c72319}</Data>
    <Data Name="ProcessId">5700</Data>
    <Data Name="Image">C:\Program Files (x86)\Cisco\Cisco AnyConnect Secure Mobility Client\vpnui.exe</Data>
    <Data Name="User">NORTHSTAR-BRANCH\owen.reed</Data>
    <Data Name="Protocol">tcp</Data>
    <Data Name="Initiated">true</Data>
    <Data Name="SourceIsIpv6">false</Data>
    <Data Name="SourceIp">10.44.10.25</Data>
    <Data Name="SourceHostname">WS-VHALE-01.northstar-branch.local</Data>
    <Data Name="SourcePort">49496</Data>
    <Data Name="SourcePortName">-</Data>
    <Data Name="DestinationIsIpv6">false</Data>
    <Data Name="DestinationIp">10.44.20.30</Data>
    <Data Name="DestinationHostname">PROXY-BO-01.northstar-branch.local</Data>
    <Data Name="DestinationPort">8080</Data>
    <Data Name="DestinationPortName">http-alt</Data>
    
  </EventData>
</Event>
<Event xmlns="http://schemas.microsoft.com/win/2004/08/events/event">
  <System>
    <Provider Name="Microsoft-Windows-Sysmon" Guid="{5770385f-c22a-43e0-bf4c-06f5698ffbd9}"/>
    <EventID>7</EventID>
    <Version>3</Version>
    <Level>4</Level>
    <Task>7</Task>
    <Opcode>0</Opcode>
    <Keywords>0x8000000000000000</Keywords>
    <TimeCreated SystemTime="2024-05-14T13:33:12.9075619Z"/>
    <EventRecordID>479035</EventRecordID>
    <Correlation/>
    <Execution ProcessID="2472" ThreadID="3128"/>
    <Channel>Microsoft-Windows-Sysmon/Operational</Channel>
    <Computer>WS-VHALE-01.northstar-branch.local</Computer>
    <Security UserID="S-1-5-18"/>
  </System>
  <EventData>
    
    <Data Name="RuleName">-</Data>
    <Data Name="UtcTime">2024-05-14 13:33:12.907</Data>
    <Data Name="ProcessGuid">{c42ce74c-805e-6633-7c00-0000db9834b8}</Data>
    <Data Name="ProcessId">5056</Data>
    <Data Name="Image">C:\Windows\System32\taskhostw.exe</Data>
    <Data Name="ImageLoaded">C:\Program Files\Windows Defender\MpOAV.dll</Data>
    <Data Name="FileVersion">4.18.2301.6</Data>
    <Data Name="Description">IOfficeAntiVirus Module</Data>
    <Data Name="Product">Microsoft Defender Antivirus</Data>
    <Data Name="Company">Microsoft Corporation</Data>
    <Data Name="OriginalFileName">MpOAV.dll</Data>
    <Data Name="Hashes">SHA1=FC17FE09B96E6641A0C4DD89FE19E33173B862A9,MD5=DDBA590E19E88EA28373E3D47061E407,SHA256=11D3F5E67D04915646C72F60356E8ABB54A72F49B33A321C9E8622576EE491DD,IMPHASH=B50EDBF447D04C1BEFF75D2CC5E6EDF5</Data>
    <Data Name="Signed">true</Data>
    <Data Name="Signature">Microsoft Corporation</Data>
    <Data Name="SignatureStatus">Valid</Data>
    
  </EventData>
</Event>
<Event xmlns="http://schemas.microsoft.com/win/2004/08/events/event">
  <System>
    <Provider Name="Microsoft-Windows-Sysmon" Guid="{5770385f-c22a-43e0-bf4c-06f5698ffbd9}"/>
    <EventID>3</EventID>
    <Version>5</Version>
    <Level>4</Level>
    <Task>3</Task>
    <Opcode>0</Opcode>
    <Keywords>0x8000000000000000</Keywords>
    <TimeCreated SystemTime="2024-05-14T13:33:15.3362650Z"/>
    <EventRecordID>479036</EventRecordID>
    <Correlation/>
    <Execution ProcessID="2472" ThreadID="4096"/>
    <Channel>Microsoft-Windows-Sysmon/Operational</Channel>
    <Computer>WS-VHALE-01.northstar-branch.local</Computer>
    <Security UserID="S-1-5-18"/>
  </System>
  <EventData>
    
    <Data Name="RuleName">-</Data>
    <Data Name="UtcTime">2024-05-14 13:33:15.336</Data>
    <Data Name="ProcessGuid">{c42ce74c-3db2-6643-4800-0010e325a3b3}</Data>
    <Data Name="ProcessId">5824</Data>
    <Data Name="Image">C:\Program Files\Mozilla Firefox\firefox.exe</Data>
    <Data Name="User">NORTHSTAR-BRANCH\victor.hale</Data>
    <Data Name="Protocol">tcp</Data>
    <Data Name="Initiated">true</Data>
    <Data Name="SourceIsIpv6">false</Data>
    <Data Name="SourceIp">10.44.10.25</Data>
    <Data Name="SourceHostname">WS-VHALE-01.northstar-branch.local</Data>
    <Data Name="SourcePort">52577</Data>
    <Data Name="SourcePortName">-</Data>
    <Data Name="DestinationIsIpv6">false</Data>
    <Data Name="DestinationIp">10.44.20.30</Data>
    <Data Name="DestinationHostname">PROXY-BO-01.northstar-branch.local</Data>
    <Data Name="DestinationPort">8080</Data>
    <Data Name="DestinationPortName">http-alt</Data>
    
  </EventData>
</Event>
<Event xmlns="http://schemas.microsoft.com/win/2004/08/events/event">
  <System>
    <Provider Name="Microsoft-Windows-Sysmon" Guid="{5770385f-c22a-43e0-bf4c-06f5698ffbd9}"/>
    <EventID>3</EventID>
    <Version>5</Version>
    <Level>4</Level>
    <Task>3</Task>
    <Opcode>0</Opcode>
    <Keywords>0x8000000000000000</Keywords>
    <TimeCreated SystemTime="2024-05-14T13:33:18.3297052Z"/>
    <EventRecordID>479192</EventRecordID>
    <Correlation/>
    <Execution ProcessID="2472" ThreadID="1684"/>
    <Channel>Microsoft-Windows-Sysmon/Operational</Channel>
    <Computer>WS-VHALE-01.northstar-branch.local</Computer>
    <Security UserID="S-1-5-18"/>
  </System>
  <EventData>
    
    <Data Name="RuleName">-</Data>
    <Data Name="UtcTime">2024-05-14 13:33:18.329</Data>
    <Data Name="ProcessGuid">{c42ce74c-3db2-6643-4800-0010e325a3b3}</Data>
    <Data Name="ProcessId">5824</Data>
    <Data Name="Image">C:\Program Files\Mozilla Firefox\firefox.exe</Data>
    <Data Name="User">NORTHSTAR-BRANCH\victor.hale</Data>
    <Data Name="Protocol">tcp</Data>
    <Data Name="Initiated">true</Data>
    <Data Name="SourceIsIpv6">false</Data>
    <Data Name="SourceIp">10.44.10.25</Data>
    <Data Name="SourceHostname">WS-VHALE-01.northstar-branch.local</Data>
    <Data Name="SourcePort">64047</Data>
    <Data Name="SourcePortName">-</Data>
    <Data Name="DestinationIsIpv6">false</Data>
    <Data Name="DestinationIp">10.44.20.30</Data>
    <Data Name="DestinationHostname">PROXY-BO-01.northstar-branch.local</Data>
    <Data Name="DestinationPort">8080</Data>
    <Data Name="DestinationPortName">http-alt</Data>
    
  </EventData>
</Event>
<Event xmlns="http://schemas.microsoft.com/win/2004/08/events/event">
  <System>
    <Provider Name="Microsoft-Windows-Sysmon" Guid="{5770385f-c22a-43e0-bf4c-06f5698ffbd9}"/>
    <EventID>3</EventID>
    <Version>5</Version>
    <Level>4</Level>
    <Task>3</Task>
    <Opcode>0</Opcode>
    <Keywords>0x8000000000000000</Keywords>
    <TimeCreated SystemTime="2024-05-14T13:33:18.6525100Z"/>
    <EventRecordID>479195</EventRecordID>
    <Correlation/>
    <Execution ProcessID="2472" ThreadID="1684"/>
    <Channel>Microsoft-Windows-Sysmon/Operational</Channel>
    <Computer>WS-VHALE-01.northstar-branch.local</Computer>
    <Security UserID="S-1-5-18"/>
  </System>
  <EventData>
    
    <Data Name="RuleName">-</Data>
    <Data Name="UtcTime">2024-05-14 13:33:18.652</Data>
    <Data Name="ProcessGuid">{c42ce74c-3db2-6643-4800-0010e325a3b3}</Data>
    <Data Name="ProcessId">5824</Data>
    <Data Name="Image">C:\Program Files\Mozilla Firefox\firefox.exe</Data>
    <Data Name="User">NORTHSTAR-BRANCH\victor.hale</Data>
    <Data Name="Protocol">tcp</Data>
    <Data Name="Initiated">true</Data>
    <Data Name="SourceIsIpv6">false</Data>
    <Data Name="SourceIp">10.44.10.25</Data>
    <Data Name="SourceHostname">WS-VHALE-01.northstar-branch.local</Data>
    <Data Name="SourcePort">63450</Data>
    <Data Name="SourcePortName">-</Data>
    <Data Name="DestinationIsIpv6">false</Data>
    <Data Name="DestinationIp">10.44.20.30</Data>
    <Data Name="DestinationHostname">PROXY-BO-01.northstar-branch.local</Data>
    <Data Name="DestinationPort">8080</Data>
    <Data Name="DestinationPortName">http-alt</Data>
    
  </EventData>
</Event>
<Event xmlns="http://schemas.microsoft.com/win/2004/08/events/event">
  <System>
    <Provider Name="Microsoft-Windows-Sysmon" Guid="{5770385f-c22a-43e0-bf4c-06f5698ffbd9}"/>
    <EventID>3</EventID>
    <Version>5</Version>
    <Level>4</Level>
    <Task>3</Task>
    <Opcode>0</Opcode>
    <Keywords>0x8000000000000000</Keywords>
    <TimeCreated SystemTime="2024-05-14T13:33:18.8960369Z"/>
    <EventRecordID>479224</EventRecordID>
    <Correlation/>
    <Execution ProcessID="2472" ThreadID="1684"/>
    <Channel>Microsoft-Windows-Sysmon/Operational</Channel>
    <Computer>WS-VHALE-01.northstar-branch.local</Computer>
    <Security UserID="S-1-5-18"/>
  </System>
  <EventData>
    
    <Data Name="RuleName">-</Data>
    <Data Name="UtcTime">2024-05-14 13:33:18.896</Data>
    <Data Name="ProcessGuid">{c42ce74c-3db2-6643-4800-0010e325a3b3}</Data>
    <Data Name="ProcessId">5824</Data>
    <Data Name="Image">C:\Program Files\Mozilla Firefox\firefox.exe</Data>
    <Data Name="User">NORTHSTAR-BRANCH\victor.hale</Data>
    <Data Name="Protocol">tcp</Data>
    <Data Name="Initiated">true</Data>
    <Data Name="SourceIsIpv6">false</Data>
    <Data Name="SourceIp">10.44.10.25</Data>
    <Data Name="SourceHostname">WS-VHALE-01.northstar-branch.local</Data>
    <Data Name="SourcePort">59695</Data>
    <Data Name="SourcePortName">-</Data>
    <Data Name="DestinationIsIpv6">false</Data>
    <Data Name="DestinationIp">10.44.20.30</Data>
    <Data Name="DestinationHostname">PROXY-BO-01.northstar-branch.local</Data>
    <Data Name="DestinationPort">8080</Data>
    <Data Name="DestinationPortName">http-alt</Data>
    
  </EventData>
</Event>
<Event xmlns="http://schemas.microsoft.com/win/2004/08/events/event">
  <System>
    <Provider Name="Microsoft-Windows-Sysmon" Guid="{5770385f-c22a-43e0-bf4c-06f5698ffbd9}"/>
    <EventID>1</EventID>
    <Version>5</Version>
    <Level>4</Level>
    <Task>1</Task>
    <Opcode>0</Opcode>
    <Keywords>0x8000000000000000</Keywords>
    <TimeCreated SystemTime="2024-05-14T13:33:28.5579739Z"/>
    <EventRecordID>479225</EventRecordID>
    <Correlation/>
    <Execution ProcessID="2472" ThreadID="4424"/>
    <Channel>Microsoft-Windows-Sysmon/Operational</Channel>
    <Computer>WS-VHALE-01.northstar-branch.local</Computer>
    <Security UserID="S-1-5-18"/>
  </System>
  <EventData>
    
    <Data Name="RuleName">-</Data>
    <Data Name="UtcTime">2024-05-14 13:33:28.557</Data>
    <Data Name="ProcessGuid">{c42ce74c-6828-6643-ca02-0010e21bac79}</Data>
    <Data Name="ProcessId">6360</Data>
    <Data Name="Image">C:\Windows\System32\cleanmgr.exe</Data>
    <Data Name="FileVersion">10.0.22621.1</Data>
    <Data Name="Description">Disk Cleanup</Data>
    <Data Name="Product">Microsoft Windows Operating System</Data>
    <Data Name="Company">Microsoft Corporation</Data>
    <Data Name="OriginalFileName">cleanmgr.exe</Data>
    <Data Name="CommandLine">cleanmgr.exe /autoclean /d C:</Data>
    <Data Name="CurrentDirectory">C:\Windows\System32\</Data>
    <Data Name="User">NT AUTHORITY\SYSTEM</Data>
    <Data Name="LogonGuid">{2c6f00db-083f-46b5-8a2b-5e2a5c606bd8}</Data>
    <Data Name="LogonId">0x3e7</Data>
    <Data Name="TerminalSessionId">0</Data>
    <Data Name="IntegrityLevel">System</Data>
    <Data Name="Hashes">SHA1=F7405FC135F7F98A78983EE3672617C50D1A4CC5,MD5=AF88D2598BC1A01899415BD0B7198844,SHA256=A8FBC40DAD217ECC5E0D080ED5892D423B9AE6D172AE2789079025A94E1A7F05,IMPHASH=9F5AC06852348D83FE3CCF723AC3AEA1</Data>
    <Data Name="ParentProcessGuid">{c42ce74c-804a-6633-b302-00104ac99a1d}</Data>
    <Data Name="ParentProcessId">4900</Data>
    <Data Name="ParentImage">C:\Windows\System32\svchost.exe</Data>
    <Data Name="ParentCommandLine">svchost.exe -k LocalSystem</Data>
    
  </EventData>
</Event>
<Event xmlns="http://schemas.microsoft.com/win/2004/08/events/event">
  <System>
    <Provider Name="Microsoft-Windows-Sysmon" Guid="{5770385f-c22a-43e0-bf4c-06f5698ffbd9}"/>
    <EventID>3</EventID>
    <Version>5</Version>
    <Level>4</Level>
    <Task>3</Task>
    <Opcode>0</Opcode>
    <Keywords>0x8000000000000000</Keywords>
    <TimeCreated SystemTime="2024-05-14T13:34:48.3201659Z"/>
    <EventRecordID>479252</EventRecordID>
    <Correlation/>
    <Execution ProcessID="2472" ThreadID="4424"/>
    <Channel>Microsoft-Windows-Sysmon/Operational</Channel>
    <Computer>WS-VHALE-01.northstar-branch.local</Computer>
    <Security UserID="S-1-5-18"/>
  </System>
  <EventData>
    
    <Data Name="RuleName">-</Data>
    <Data Name="UtcTime">2024-05-14 13:34:48.320</Data>
    <Data Name="ProcessGuid">{c42ce74c-3db2-6643-0302-0010eb895d2b}</Data>
    <Data Name="ProcessId">5300</Data>
    <Data Name="Image">C:\Program Files\Google\Chrome\Application\chrome.exe</Data>
    <Data Name="User">NORTHSTAR-BRANCH\victor.hale</Data>
    <Data Name="Protocol">tcp</Data>
    <Data Name="Initiated">true</Data>
    <Data Name="SourceIsIpv6">false</Data>
    <Data Name="SourceIp">10.44.10.25</Data>
    <Data Name="SourceHostname">WS-VHALE-01.northstar-branch.local</Data>
    <Data Name="SourcePort">64620</Data>
    <Data Name="SourcePortName">-</Data>
    <Data Name="DestinationIsIpv6">false</Data>
    <Data Name="DestinationIp">10.44.20.30</Data>
    <Data Name="DestinationHostname">PROXY-BO-01.northstar-branch.local</Data>
    <Data Name="DestinationPort">8080</Data>
    <Data Name="DestinationPortName">http-alt</Data>
    
  </EventData>
</Event>
<Event xmlns="http://schemas.microsoft.com/win/2004/08/events/event">
  <System>
    <Provider Name="Microsoft-Windows-Sysmon" Guid="{5770385f-c22a-43e0-bf4c-06f5698ffbd9}"/>
    <EventID>3</EventID>
    <Version>5</Version>
    <Level>4</Level>
    <Task>3</Task>
    <Opcode>0</Opcode>
    <Keywords>0x8000000000000000</Keywords>
    <TimeCreated SystemTime="2024-05-14T13:34:55.7557486Z"/>
    <EventRecordID>479295</EventRecordID>
    <Correlation/>
    <Execution ProcessID="2472" ThreadID="4096"/>
    <Channel>Microsoft-Windows-Sysmon/Operational</Channel>
    <Computer>WS-VHALE-01.northstar-branch.local</Computer>
    <Security UserID="S-1-5-18"/>
  </System>
  <EventData>
    
    <Data Name="RuleName">-</Data>
    <Data Name="UtcTime">2024-05-14 13:34:55.755</Data>
    <Data Name="ProcessGuid">{c42ce74c-8046-6633-2702-00003934873f}</Data>
    <Data Name="ProcessId">4840</Data>
    <Data Name="Image">C:\Windows\System32\lsass.exe</Data>
    <Data Name="User">NT AUTHORITY\SYSTEM</Data>
    <Data Name="Protocol">udp</Data>
    <Data Name="Initiated">true</Data>
    <Data Name="SourceIsIpv6">false</Data>
    <Data Name="SourceIp">10.44.10.25</Data>
    <Data Name="SourceHostname">WS-VHALE-01.northstar-branch.local</Data>
    <Data Name="SourcePort">57160</Data>
    <Data Name="SourcePortName">-</Data>
    <Data Name="DestinationIsIpv6">false</Data>
    <Data Name="DestinationIp">10.44.20.10</Data>
    <Data Name="DestinationHostname">DC-BO-01.northstar-branch.local</Data>
    <Data Name="DestinationPort">88</Data>
    <Data Name="DestinationPortName">kerberos</Data>
    
  </EventData>
</Event>
<Event xmlns="http://schemas.microsoft.com/win/2004/08/events/event">
  <System>
    <Provider Name="Microsoft-Windows-Sysmon" Guid="{5770385f-c22a-43e0-bf4c-06f5698ffbd9}"/>
    <EventID>3</EventID>
    <Version>5</Version>
    <Level>4</Level>
    <Task>3</Task>
    <Opcode>0</Opcode>
    <Keywords>0x8000000000000000</Keywords>
    <TimeCreated SystemTime="2024-05-14T13:35:03.8576163Z"/>
    <EventRecordID>479296</EventRecordID>
    <Correlation/>
    <Execution ProcessID="2472" ThreadID="3128"/>
    <Channel>Microsoft-Windows-Sysmon/Operational</Channel>
    <Computer>WS-VHALE-01.northstar-branch.local</Computer>
    <Security UserID="S-1-5-18"/>
  </System>
  <EventData>
    
    <Data Name="RuleName">-</Data>
    <Data Name="UtcTime">2024-05-14 13:35:03.857</Data>
    <Data Name="ProcessGuid">{c42ce74c-8046-6633-2702-00003934873f}</Data>
    <Data Name="ProcessId">4840</Data>
    <Data Name="Image">C:\Windows\System32\lsass.exe</Data>
    <Data Name="User">NT AUTHORITY\SYSTEM</Data>
    <Data Name="Protocol">tcp</Data>
    <Data Name="Initiated">true</Data>
    <Data Name="SourceIsIpv6">false</Data>
    <Data Name="SourceIp">10.44.10.25</Data>
    <Data Name="SourceHostname">WS-VHALE-01.northstar-branch.local</Data>
    <Data Name="SourcePort">61364</Data>
    <Data Name="SourcePortName">-</Data>
    <Data Name="DestinationIsIpv6">false</Data>
    <Data Name="DestinationIp">10.44.20.10</Data>
    <Data Name="DestinationHostname">DC-BO-01.northstar-branch.local</Data>
    <Data Name="DestinationPort">88</Data>
    <Data Name="DestinationPortName">kerberos</Data>
    
  </EventData>
</Event>
<Event xmlns="http://schemas.microsoft.com/win/2004/08/events/event">
  <System>
    <Provider Name="Microsoft-Windows-Sysmon" Guid="{5770385f-c22a-43e0-bf4c-06f5698ffbd9}"/>
    <EventID>10</EventID>
    <Version>3</Version>
    <Level>4</Level>
    <Task>10</Task>
    <Opcode>0</Opcode>
    <Keywords>0x8000000000000000</Keywords>
    <TimeCreated SystemTime="2024-05-14T13:36:26.4446357Z"/>
    <EventRecordID>479396</EventRecordID>
    <Correlation/>
    <Execution ProcessID="2472" ThreadID="1684"/>
    <Channel>Microsoft-Windows-Sysmon/Operational</Channel>
    <Computer>WS-VHALE-01.northstar-branch.local</Computer>
    <Security UserID="S-1-5-18"/>
  </System>
  <EventData>
    
    <Data Name="RuleName">-</Data>
    <Data Name="UtcTime">2024-05-14 13:36:26.444</Data>
    <Data Name="SourceProcessGUID">{c42ce74c-804c-6633-6002-0010c3ef1dfd}</Data>
    <Data Name="SourceProcessId">4944</Data>
    <Data Name="SourceImage">C:\Windows\System32\svchost.exe</Data>
    <Data Name="SourceThreadId">5900</Data>
    <Data Name="SourceUser">NT AUTHORITY\NETWORK SERVICE</Data>
    <Data Name="TargetProcessGUID">{c42ce74c-8046-6633-2702-00003934873f}</Data>
    <Data Name="TargetProcessId">4840</Data>
    <Data Name="TargetImage">C:\Windows\System32\lsass.exe</Data>
    <Data Name="TargetUser">NT AUTHORITY\SYSTEM</Data>
    <Data Name="GrantedAccess">0x1400</Data>
    <Data Name="CallTrace">C:\Windows\SYSTEM32\ntdll.dll+9EC42|C:\Windows\SYSTEM32\RPCRT4.dll+7C9C5|C:\Windows\SYSTEM32\KERNELBASE.dll+2EDCA</Data>
    
  </EventData>
</Event>
<Event xmlns="http://schemas.microsoft.com/win/2004/08/events/event">
  <System>
    <Provider Name="Microsoft-Windows-Sysmon" Guid="{5770385f-c22a-43e0-bf4c-06f5698ffbd9}"/>
    <EventID>5</EventID>
    <Version>3</Version>
    <Level>4</Level>
    <Task>5</Task>
    <Opcode>0</Opcode>
    <Keywords>0x8000000000000000</Keywords>
    <TimeCreated SystemTime="2024-05-14T13:37:35.8018788Z"/>
    <EventRecordID>479398</EventRecordID>
    <Correlation/>
    <Execution ProcessID="2472" ThreadID="4184"/>
    <Channel>Microsoft-Windows-Sysmon/Operational</Channel>
    <Computer>WS-VHALE-01.northstar-branch.local</Computer>
    <Security UserID="S-1-5-18"/>
  </System>
  <EventData>
    
    <Data Name="RuleName">-</Data>
    <Data Name="UtcTime">2024-05-14 13:37:35.801</Data>
    <Data Name="ProcessGuid">{c42ce74c-6828-6643-ca02-0010e21bac79}</Data>
    <Data Name="ProcessId">6360</Data>
    <Data Name="Image">C:\Windows\System32\cleanmgr.exe</Data>
    <Data Name="User">NT AUTHORITY\SYSTEM</Data>
    
  </EventData>
</Event>
<Event xmlns="http://schemas.microsoft.com/win/2004/08/events/event">
  <System>
    <Provider Name="Microsoft-Windows-Sysmon" Guid="{5770385f-c22a-43e0-bf4c-06f5698ffbd9}"/>
    <EventID>5</EventID>
    <Version>3</Version>
    <Level>4</Level>
    <Task>5</Task>
    <Opcode>0</Opcode>
    <Keywords>0x8000000000000000</Keywords>
    <TimeCreated SystemTime="2024-05-14T13:38:45.3602039Z"/>
    <EventRecordID>479400</EventRecordID>
    <Correlation/>
    <Execution ProcessID="2472" ThreadID="4184"/>
    <Channel>Microsoft-Windows-Sysmon/Operational</Channel>
    <Computer>WS-VHALE-01.northstar-branch.local</Computer>
    <Security UserID="S-1-5-18"/>
  </System>
  <EventData>
    
    <Data Name="RuleName">-</Data>
    <Data Name="UtcTime">2024-05-14 13:38:45.360</Data>
    <Data Name="ProcessGuid">{c42ce74c-3a4f-6643-2600-0000d5e601d5}</Data>
    <Data Name="ProcessId">5228</Data>
    <Data Name="Image">C:\Windows\System32\mstsc.exe</Data>
    <Data Name="User">NORTHSTAR-BRANCH\owen.reed</Data>
    
  </EventData>
</Event>
<Event xmlns="http://schemas.microsoft.com/win/2004/08/events/event">
  <System>
    <Provider Name="Microsoft-Windows-Sysmon" Guid="{5770385f-c22a-43e0-bf4c-06f5698ffbd9}"/>
    <EventID>7</EventID>
    <Version>3</Version>
    <Level>4</Level>
    <Task>7</Task>
    <Opcode>0</Opcode>
    <Keywords>0x8000000000000000</Keywords>
    <TimeCreated SystemTime="2024-05-14T13:39:16.1218254Z"/>
    <EventRecordID>479416</EventRecordID>
    <Correlation/>
    <Execution ProcessID="2472" ThreadID="4424"/>
    <Channel>Microsoft-Windows-Sysmon/Operational</Channel>
    <Computer>WS-VHALE-01.northstar-branch.local</Computer>
    <Security UserID="S-1-5-18"/>
  </System>
  <EventData>
    
    <Data Name="RuleName">-</Data>
    <Data Name="UtcTime">2024-05-14 13:39:16.121</Data>
    <Data Name="ProcessGuid">{c42ce74c-8045-6633-5f00-00105a9b4a9c}</Data>
    <Data Name="ProcessId">4828</Data>
    <Data Name="Image">C:\Windows\System32\services.exe</Data>
    <Data Name="ImageLoaded">C:\Program Files\Dell\SupportAssistAgent\bin\pcdrsysinfosoftware.p5x</Data>
    <Data Name="FileVersion">1.0.0.0</Data>
    <Data Name="Description">pcdrsysinfosoftware.p5x module</Data>
    <Data Name="Product">Dell Inc.</Data>
    <Data Name="Company">Dell Inc.</Data>
    <Data Name="OriginalFileName">pcdrsysinfosoftware.p5x</Data>
    <Data Name="Hashes">SHA1=DA2C7A7A281800947B5C71F4A92CE843B1DC50F2,MD5=D6EB67E7B79CE37086993703C1352704,SHA256=0DE9D6BA42DE73879DA0EAFD44873E30FCB362AF0AF13A34923E24513C239AD5,IMPHASH=EF39C50EF82A06742DB4608EF8AF9CBB</Data>
    <Data Name="Signed">true</Data>
    <Data Name="Signature">Dell Inc.</Data>
    <Data Name="SignatureStatus">Valid</Data>
    
  </EventData>
</Event>
