<Event xmlns="http://schemas.microsoft.com/win/2004/08/events/event">
  <System>
    <Provider Name="Microsoft-Windows-Sysmon" Guid="{5770385f-c22a-43e0-bf4c-06f5698ffbd9}"/>
    <EventID>1</EventID>
    <Version>5</Version>
    <Level>4</Level>
    <Task>1</Task>
    <Opcode>0</Opcode>
    <Keywords>0x8000000000000000</Keywords>
    <TimeCreated SystemTime="2024-05-14T16:03:35.4184214Z"/>
    <EventRecordID>172085</EventRecordID>
    <Correlation/>
    <Execution ProcessID="1824" ThreadID="4012"/>
    <Channel>Microsoft-Windows-Sysmon/Operational</Channel>
    <Computer>WS-AMMAAR-01.agentsoc.local</Computer>
    <Security UserID="S-1-5-18"/>
  </System>
  <EventData>
    
    <Data Name="RuleName">-</Data>
    <Data Name="UtcTime">2024-05-14 16:03:35.418</Data>
    <Data Name="ProcessGuid">{eea27923-8b57-6643-2000-00107c76abc0}</Data>
    <Data Name="ProcessId">4348</Data>
    <Data Name="Image">C:\Windows\System32\gpupdate.exe</Data>
    <Data Name="FileVersion">10.0.22621.1</Data>
    <Data Name="Description">Microsoft Group Policy Update Utility</Data>
    <Data Name="Product">Microsoft Windows</Data>
    <Data Name="Company">Microsoft Corporation</Data>
    <Data Name="OriginalFileName">GPUpdate.exe</Data>
    <Data Name="CommandLine">gpupdate.exe /target:computer /force</Data>
    <Data Name="CurrentDirectory">C:\Windows\System32\</Data>
    <Data Name="User">NT AUTHORITY\SYSTEM</Data>
    <Data Name="LogonGuid">{61f849b7-d1ba-43a3-8baf-f06abf3c1355}</Data>
    <Data Name="LogonId">0x3e7</Data>
    <Data Name="TerminalSessionId">0</Data>
    <Data Name="IntegrityLevel">System</Data>
    <Data Name="Hashes">SHA1=32CFBB56DC8CC2863ED56E3E7BACCEA0B5002BD4,MD5=05E23A0CD9F0DE360AF39F2DF0C41762,SHA256=D605CF53B446BBF17DB355600E1BE97DDC8161D4FA42E1B7EB3F783C1362153F,IMPHASH=29FC0238333C0ACBB4F163B61A8B5895</Data>
    <Data Name="ParentProcessGuid">{eea27923-bacb-663c-a500-0000df2a18a8}</Data>
    <Data Name="ParentProcessId">2612</Data>
    <Data Name="ParentImage">C:\Windows\System32\svchost.exe</Data>
    <Data Name="ParentCommandLine">svchost.exe -k netsvcs</Data>
    <Data Name="ParentUser">NT AUTHORITY\NETWORK SERVICE</Data>
    
  </EventData>
</Event>
<Event xmlns="http://schemas.microsoft.com/win/2004/08/events/event">
  <System>
    <Provider Name="Microsoft-Windows-Sysmon" Guid="{5770385f-c22a-43e0-bf4c-06f5698ffbd9}"/>
    <EventID>5</EventID>
    <Version>3</Version>
    <Level>4</Level>
    <Task>5</Task>
    <Opcode>0</Opcode>
    <Keywords>0x8000000000000000</Keywords>
    <TimeCreated SystemTime="2024-05-14T16:03:38.4099123Z"/>
    <EventRecordID>172094</EventRecordID>
    <Correlation/>
    <Execution ProcessID="1824" ThreadID="4012"/>
    <Channel>Microsoft-Windows-Sysmon/Operational</Channel>
    <Computer>WS-AMMAAR-01.agentsoc.local</Computer>
    <Security UserID="S-1-5-18"/>
  </System>
  <EventData>
    
    <Data Name="RuleName">-</Data>
    <Data Name="UtcTime">2024-05-14 16:03:38.409</Data>
    <Data Name="ProcessGuid">{eea27923-8b57-6643-2000-00107c76abc0}</Data>
    <Data Name="ProcessId">4348</Data>
    <Data Name="Image">C:\Windows\System32\gpupdate.exe</Data>
    <Data Name="User">NT AUTHORITY\SYSTEM</Data>
    
  </EventData>
</Event>
<Event xmlns="http://schemas.microsoft.com/win/2004/08/events/event">
  <System>
    <Provider Name="Microsoft-Windows-Sysmon" Guid="{5770385f-c22a-43e0-bf4c-06f5698ffbd9}"/>
    <EventID>10</EventID>
    <Version>3</Version>
    <Level>4</Level>
    <Task>10</Task>
    <Opcode>0</Opcode>
    <Keywords>0x8000000000000000</Keywords>
    <TimeCreated SystemTime="2024-05-14T16:07:37.8524084Z"/>
    <EventRecordID>172096</EventRecordID>
    <Correlation/>
    <Execution ProcessID="1824" ThreadID="3092"/>
    <Channel>Microsoft-Windows-Sysmon/Operational</Channel>
    <Computer>WS-AMMAAR-01.agentsoc.local</Computer>
    <Security UserID="S-1-5-18"/>
  </System>
  <EventData>
    
    <Data Name="RuleName">-</Data>
    <Data Name="UtcTime">2024-05-14 16:07:37.852</Data>
    <Data Name="SourceProcessGUID">{eea27923-bac6-663c-7100-0010e9dab383}</Data>
    <Data Name="SourceProcessId">2564</Data>
    <Data Name="SourceImage">C:\Windows\System32\services.exe</Data>
    <Data Name="SourceThreadId">6660</Data>
    <Data Name="SourceUser">NT AUTHORITY\SYSTEM</Data>
    <Data Name="TargetProcessGUID">{eea27923-bac8-663c-7000-0000d9282ffa}</Data>
    <Data Name="TargetProcessId">2572</Data>
    <Data Name="TargetImage">C:\Windows\System32\lsass.exe</Data>
    <Data Name="TargetUser">NT AUTHORITY\SYSTEM</Data>
    <Data Name="GrantedAccess">0x1400</Data>
    <Data Name="CallTrace">C:\Windows\SYSTEM32\ntdll.dll+9CE49|C:\Windows\SYSTEM32\KERNELBASE.dll+2E20C|C:\Windows\SYSTEM32\sechost.dll+13F2F</Data>
    
  </EventData>
</Event>
<Event xmlns="http://schemas.microsoft.com/win/2004/08/events/event">
  <System>
    <Provider Name="Microsoft-Windows-Sysmon" Guid="{5770385f-c22a-43e0-bf4c-06f5698ffbd9}"/>
    <EventID>10</EventID>
    <Version>3</Version>
    <Level>4</Level>
    <Task>10</Task>
    <Opcode>0</Opcode>
    <Keywords>0x8000000000000000</Keywords>
    <TimeCreated SystemTime="2024-05-14T16:08:18.2234871Z"/>
    <EventRecordID>172097</EventRecordID>
    <Correlation/>
    <Execution ProcessID="1824" ThreadID="4012"/>
    <Channel>Microsoft-Windows-Sysmon/Operational</Channel>
    <Computer>WS-AMMAAR-01.agentsoc.local</Computer>
    <Security UserID="S-1-5-18"/>
  </System>
  <EventData>
    
    <Data Name="RuleName">-</Data>
    <Data Name="UtcTime">2024-05-14 16:08:18.223</Data>
    <Data Name="SourceProcessGUID">{eea27923-bad2-663c-be00-001088b9d36a}</Data>
    <Data Name="SourceProcessId">2692</Data>
    <Data Name="SourceImage">C:\ProgramData\Microsoft\Windows Defender\Platform\4.18.24030.9-0\MsMpEng.exe</Data>
    <Data Name="SourceThreadId">9520</Data>
    <Data Name="SourceUser">NT AUTHORITY\SYSTEM</Data>
    <Data Name="TargetProcessGUID">{eea27923-bacb-663c-a500-0000df2a18a8}</Data>
    <Data Name="TargetProcessId">2612</Data>
    <Data Name="TargetImage">C:\Windows\System32\svchost.exe</Data>
    <Data Name="TargetUser">NT AUTHORITY\NETWORK SERVICE</Data>
    <Data Name="GrantedAccess">0x1010</Data>
    <Data Name="CallTrace">C:\Windows\SYSTEM32\ntdll.dll+9CE32|C:\Windows\SYSTEM32\KERNELBASE.dll+2CF31|C:\Windows\SYSTEM32\advapi32.dll+4C6E9</Data>
    
  </EventData>
</Event>
<Event xmlns="http://schemas.microsoft.com/win/2004/08/events/event">
  <System>
    <Provider Name="Microsoft-Windows-Sysmon" Guid="{5770385f-c22a-43e0-bf4c-06f5698ffbd9}"/>
    <EventID>10</EventID>
    <Version>3</Version>
    <Level>4</Level>
    <Task>10</Task>
    <Opcode>0</Opcode>
    <Keywords>0x8000000000000000</Keywords>
    <TimeCreated SystemTime="2024-05-14T16:12:55.7335420Z"/>
    <EventRecordID>172124</EventRecordID>
    <Correlation/>
    <Execution ProcessID="1824" ThreadID="3092"/>
    <Channel>Microsoft-Windows-Sysmon/Operational</Channel>
    <Computer>WS-AMMAAR-01.agentsoc.local</Computer>
    <Security UserID="S-1-5-18"/>
  </System>
  <EventData>
    
    <Data Name="RuleName">-</Data>
    <Data Name="UtcTime">2024-05-14 16:12:55.733</Data>
    <Data Name="SourceProcessGUID">{eea27923-badd-663c-6800-0000aea55ff5}</Data>
    <Data Name="SourceProcessId">2836</Data>
    <Data Name="SourceImage">C:\Windows\System32\taskhostw.exe</Data>
    <Data Name="SourceThreadId">6656</Data>
    <Data Name="SourceUser">NT AUTHORITY\SYSTEM</Data>
    <Data Name="TargetProcessGUID">{eea27923-bae6-663c-1b02-00007a5579d8}</Data>
    <Data Name="TargetProcessId">2924</Data>
    <Data Name="TargetImage">C:\Windows\System32\RuntimeBroker.exe</Data>
    <Data Name="TargetUser">AGENTSOC\ammaar.quadri</Data>
    <Data Name="GrantedAccess">0x1000</Data>
    <Data Name="CallTrace">C:\Windows\SYSTEM32\ntdll.dll+9CA04|C:\Windows\SYSTEM32\KERNELBASE.dll+2ED18|C:\Windows\SYSTEM32\kernel32.dll+1DB88</Data>
    
  </EventData>
</Event>
<Event xmlns="http://schemas.microsoft.com/win/2004/08/events/event">
  <System>
    <Provider Name="Microsoft-Windows-Sysmon" Guid="{5770385f-c22a-43e0-bf4c-06f5698ffbd9}"/>
    <EventID>3</EventID>
    <Version>5</Version>
    <Level>4</Level>
    <Task>3</Task>
    <Opcode>0</Opcode>
    <Keywords>0x8000000000000000</Keywords>
    <TimeCreated SystemTime="2024-05-14T16:13:35.8552302Z"/>
    <EventRecordID>172128</EventRecordID>
    <Correlation/>
    <Execution ProcessID="1824" ThreadID="3092"/>
    <Channel>Microsoft-Windows-Sysmon/Operational</Channel>
    <Computer>WS-AMMAAR-01.agentsoc.local</Computer>
    <Security UserID="S-1-5-18"/>
  </System>
  <EventData>
    
    <Data Name="RuleName">-</Data>
    <Data Name="UtcTime">2024-05-14 16:13:35.855</Data>
    <Data Name="ProcessGuid">{eea27923-6b65-6643-5c02-00004c8803d6}</Data>
    <Data Name="ProcessId">3572</Data>
    <Data Name="Image">C:\Program Files\Mozilla Firefox\firefox.exe</Data>
    <Data Name="User">AGENTSOC\ammaar.quadri</Data>
    <Data Name="Protocol">tcp</Data>
    <Data Name="Initiated">true</Data>
    <Data Name="SourceIsIpv6">false</Data>
    <Data Name="SourceIp">10.44.10.23</Data>
    <Data Name="SourceHostname">WS-AMMAAR-01.agentsoc.local</Data>
    <Data Name="SourcePort">52213</Data>
    <Data Name="SourcePortName">-</Data>
    <Data Name="DestinationIsIpv6">false</Data>
    <Data Name="DestinationIp">10.44.20.30</Data>
    <Data Name="DestinationHostname">PROXY-BO-01.agentsoc.local</Data>
    <Data Name="DestinationPort">8080</Data>
    <Data Name="DestinationPortName">http-alt</Data>
    
  </EventData>
</Event>
<Event xmlns="http://schemas.microsoft.com/win/2004/08/events/event">
  <System>
    <Provider Name="Microsoft-Windows-Sysmon" Guid="{5770385f-c22a-43e0-bf4c-06f5698ffbd9}"/>
    <EventID>1</EventID>
    <Version>5</Version>
    <Level>4</Level>
    <Task>1</Task>
    <Opcode>0</Opcode>
    <Keywords>0x8000000000000000</Keywords>
    <TimeCreated SystemTime="2024-05-14T16:14:03.3088536Z"/>
    <EventRecordID>172129</EventRecordID>
    <Correlation/>
    <Execution ProcessID="1824" ThreadID="3092"/>
    <Channel>Microsoft-Windows-Sysmon/Operational</Channel>
    <Computer>WS-AMMAAR-01.agentsoc.local</Computer>
    <Security UserID="S-1-5-18"/>
  </System>
  <EventData>
    
    <Data Name="RuleName">-</Data>
    <Data Name="UtcTime">2024-05-14 16:14:03.308</Data>
    <Data Name="ProcessGuid">{eea27923-8dcb-6643-bd00-001039945987}</Data>
    <Data Name="ProcessId">4232</Data>
    <Data Name="Image">C:\Windows\System32\wsqmcons.exe</Data>
    <Data Name="FileVersion">10.0.22621.1</Data>
    <Data Name="Description">Windows SQM Consolidator</Data>
    <Data Name="Product">Microsoft Windows Operating System</Data>
    <Data Name="Company">Microsoft Corporation</Data>
    <Data Name="OriginalFileName">wsqmcons.exe</Data>
    <Data Name="CommandLine">wsqmcons.exe</Data>
    <Data Name="CurrentDirectory">C:\Windows\System32\</Data>
    <Data Name="User">NT AUTHORITY\SYSTEM</Data>
    <Data Name="LogonGuid">{61f849b7-d1ba-43a3-8baf-f06abf3c1355}</Data>
    <Data Name="LogonId">0x3e7</Data>
    <Data Name="TerminalSessionId">0</Data>
    <Data Name="IntegrityLevel">System</Data>
    <Data Name="Hashes">SHA1=F9FA354F4840B7E9239DE64F32FA74DB394F6F72,MD5=D4E8C66AECA0321FE0E5C5FCAE1AB0D3,SHA256=3CBD8272C2210AA1B9F2408BDD09CAA39B433E5384314C95B4F8C468A687B86E,IMPHASH=E70CA8B5A14A3E20D3AF153C870448D1</Data>
    <Data Name="ParentProcessGuid">{eea27923-baca-663c-3f02-001068618e34}</Data>
    <Data Name="ParentProcessId">2596</Data>
    <Data Name="ParentImage">C:\Windows\System32\svchost.exe</Data>
    <Data Name="ParentCommandLine">svchost.exe -k LocalSystem</Data>
    <Data Name="ParentUser">NT AUTHORITY\SYSTEM</Data>
    
  </EventData>
</Event>
<Event xmlns="http://schemas.microsoft.com/win/2004/08/events/event">
  <System>
    <Provider Name="Microsoft-Windows-Sysmon" Guid="{5770385f-c22a-43e0-bf4c-06f5698ffbd9}"/>
    <EventID>3</EventID>
    <Version>5</Version>
    <Level>4</Level>
    <Task>3</Task>
    <Opcode>0</Opcode>
    <Keywords>0x8000000000000000</Keywords>
    <TimeCreated SystemTime="2024-05-14T16:14:03.4962774Z"/>
    <EventRecordID>172130</EventRecordID>
    <Correlation/>
    <Execution ProcessID="1824" ThreadID="3092"/>
    <Channel>Microsoft-Windows-Sysmon/Operational</Channel>
    <Computer>WS-AMMAAR-01.agentsoc.local</Computer>
    <Security UserID="S-1-5-18"/>
  </System>
  <EventData>
    
    <Data Name="RuleName">-</Data>
    <Data Name="UtcTime">2024-05-14 16:14:03.496</Data>
    <Data Name="ProcessGuid">{eea27923-6b65-6643-5c02-00004c8803d6}</Data>
    <Data Name="ProcessId">3572</Data>
    <Data Name="Image">C:\Program Files\Mozilla Firefox\firefox.exe</Data>
    <Data Name="User">AGENTSOC\ammaar.quadri</Data>
    <Data Name="Protocol">tcp</Data>
    <Data Name="Initiated">true</Data>
    <Data Name="SourceIsIpv6">false</Data>
    <Data Name="SourceIp">10.44.10.23</Data>
    <Data Name="SourceHostname">WS-AMMAAR-01.agentsoc.local</Data>
    <Data Name="SourcePort">50992</Data>
    <Data Name="SourcePortName">-</Data>
    <Data Name="DestinationIsIpv6">false</Data>
    <Data Name="DestinationIp">10.44.20.30</Data>
    <Data Name="DestinationHostname">PROXY-BO-01.agentsoc.local</Data>
    <Data Name="DestinationPort">8080</Data>
    <Data Name="DestinationPortName">http-alt</Data>
    
  </EventData>
</Event>
<Event xmlns="http://schemas.microsoft.com/win/2004/08/events/event">
  <System>
    <Provider Name="Microsoft-Windows-Sysmon" Guid="{5770385f-c22a-43e0-bf4c-06f5698ffbd9}"/>
    <EventID>5</EventID>
    <Version>3</Version>
    <Level>4</Level>
    <Task>5</Task>
    <Opcode>0</Opcode>
    <Keywords>0x8000000000000000</Keywords>
    <TimeCreated SystemTime="2024-05-14T16:15:01.8610808Z"/>
    <EventRecordID>172132</EventRecordID>
    <Correlation/>
    <Execution ProcessID="1824" ThreadID="2976"/>
    <Channel>Microsoft-Windows-Sysmon/Operational</Channel>
    <Computer>WS-AMMAAR-01.agentsoc.local</Computer>
    <Security UserID="S-1-5-18"/>
  </System>
  <EventData>
    
    <Data Name="RuleName">-</Data>
    <Data Name="UtcTime">2024-05-14 16:15:01.861</Data>
    <Data Name="ProcessGuid">{eea27923-8dcb-6643-bd00-001039945987}</Data>
    <Data Name="ProcessId">4232</Data>
    <Data Name="Image">C:\Windows\System32\wsqmcons.exe</Data>
    <Data Name="User">NT AUTHORITY\SYSTEM</Data>
    
  </EventData>
</Event>
<Event xmlns="http://schemas.microsoft.com/win/2004/08/events/event">
  <System>
    <Provider Name="Microsoft-Windows-Sysmon" Guid="{5770385f-c22a-43e0-bf4c-06f5698ffbd9}"/>
    <EventID>5</EventID>
    <Version>3</Version>
    <Level>4</Level>
    <Task>5</Task>
    <Opcode>0</Opcode>
    <Keywords>0x8000000000000000</Keywords>
    <TimeCreated SystemTime="2024-05-14T16:15:21.4289883Z"/>
    <EventRecordID>172156</EventRecordID>
    <Correlation/>
    <Execution ProcessID="1824" ThreadID="3092"/>
    <Channel>Microsoft-Windows-Sysmon/Operational</Channel>
    <Computer>WS-AMMAAR-01.agentsoc.local</Computer>
    <Security UserID="S-1-5-18"/>
  </System>
  <EventData>
    
    <Data Name="RuleName">-</Data>
    <Data Name="UtcTime">2024-05-14 16:15:21.428</Data>
    <Data Name="ProcessGuid">{eea27923-890c-6643-7400-0010c614a2c4}</Data>
    <Data Name="ProcessId">4076</Data>
    <Data Name="Image">C:\Windows\WinSxS\amd64_microsoft-windows-servicingstack_31bf3856ad364e35_10.0.22621.3155_none_7c91d6e7c9f7f1f5\TiWorker.exe</Data>
    <Data Name="User">NT AUTHORITY\SYSTEM</Data>
    
  </EventData>
</Event>
<Event xmlns="http://schemas.microsoft.com/win/2004/08/events/event">
  <System>
    <Provider Name="Microsoft-Windows-Sysmon" Guid="{5770385f-c22a-43e0-bf4c-06f5698ffbd9}"/>
    <EventID>22</EventID>
    <Version>5</Version>
    <Level>4</Level>
    <Task>22</Task>
    <Opcode>0</Opcode>
    <Keywords>0x8000000000000000</Keywords>
    <TimeCreated SystemTime="2024-05-14T16:15:50.5961232Z"/>
    <EventRecordID>172157</EventRecordID>
    <Correlation/>
    <Execution ProcessID="1824" ThreadID="2976"/>
    <Channel>Microsoft-Windows-Sysmon/Operational</Channel>
    <Computer>WS-AMMAAR-01.agentsoc.local</Computer>
    <Security UserID="S-1-5-18"/>
  </System>
  <EventData>
    
    <Data Name="RuleName">-</Data>
    <Data Name="UtcTime">2024-05-14 16:15:50.596</Data>
    <Data Name="ProcessGuid">{eea27923-bacd-663c-1c02-00003dd7b6b5}</Data>
    <Data Name="ProcessId">2632</Data>
    <Data Name="QueryName">DC-BO-01.agentsoc.local</Data>
    <Data Name="QueryStatus">0</Data>
    <Data Name="QueryResults">10.44.20.10;</Data>
    <Data Name="Image">C:\Windows\System32\svchost.exe</Data>
    <Data Name="User">NT AUTHORITY\LOCAL SERVICE</Data>
    
  </EventData>
</Event>
<Event xmlns="http://schemas.microsoft.com/win/2004/08/events/event">
  <System>
    <Provider Name="Microsoft-Windows-Sysmon" Guid="{5770385f-c22a-43e0-bf4c-06f5698ffbd9}"/>
    <EventID>1</EventID>
    <Version>5</Version>
    <Level>4</Level>
    <Task>1</Task>
    <Opcode>0</Opcode>
    <Keywords>0x8000000000000000</Keywords>
    <TimeCreated SystemTime="2024-05-14T16:19:04.6407806Z"/>
    <EventRecordID>172159</EventRecordID>
    <Correlation/>
    <Execution ProcessID="1824" ThreadID="2976"/>
    <Channel>Microsoft-Windows-Sysmon/Operational</Channel>
    <Computer>WS-AMMAAR-01.agentsoc.local</Computer>
    <Security UserID="S-1-5-18"/>
  </System>
  <EventData>
    
    <Data Name="RuleName">-</Data>
    <Data Name="UtcTime">2024-05-14 16:19:04.640</Data>
    <Data Name="ProcessGuid">{eea27923-8ef8-6643-fd02-0000c8c61323}</Data>
    <Data Name="ProcessId">4244</Data>
    <Data Name="Image">C:\Windows\System32\taskhostw.exe</Data>
    <Data Name="FileVersion">10.0.22621.1</Data>
    <Data Name="Description">Host Process for Windows Tasks</Data>
    <Data Name="Product">Microsoft Windows Operating System</Data>
    <Data Name="Company">Microsoft Corporation</Data>
    <Data Name="OriginalFileName">taskhostw.exe</Data>
    <Data Name="CommandLine">taskhostw.exe</Data>
    <Data Name="CurrentDirectory">C:\Windows\System32\</Data>
    <Data Name="User">NT AUTHORITY\SYSTEM</Data>
    <Data Name="LogonGuid">{61f849b7-d1ba-43a3-8baf-f06abf3c1355}</Data>
    <Data Name="LogonId">0x3e7</Data>
    <Data Name="TerminalSessionId">0</Data>
    <Data Name="IntegrityLevel">System</Data>
    <Data Name="Hashes">SHA1=43D2778A530C049762799D2A49B4003FE63197E8,MD5=9CBB25D7316E690FD9A7B5A94FE435BA,SHA256=20F9EA7819597F0D2417814292A93F7DA3C7C772624D93C8D2EBBDEBEFCA7FBA,IMPHASH=6665061B5B72EBC3024E458910E50591</Data>
    <Data Name="ParentProcessGuid">{eea27923-baca-663c-3f02-001068618e34}</Data>
    <Data Name="ParentProcessId">2596</Data>
    <Data Name="ParentImage">C:\Windows\System32\svchost.exe</Data>
    <Data Name="ParentCommandLine">svchost.exe -k LocalSystem</Data>
    <Data Name="ParentUser">NT AUTHORITY\SYSTEM</Data>
    
  </EventData>
</Event>
<Event xmlns="http://schemas.microsoft.com/win/2004/08/events/event">
  <System>
    <Provider Name="Microsoft-Windows-Sysmon" Guid="{5770385f-c22a-43e0-bf4c-06f5698ffbd9}"/>
    <EventID>5</EventID>
    <Version>3</Version>
    <Level>4</Level>
    <Task>5</Task>
    <Opcode>0</Opcode>
    <Keywords>0x8000000000000000</Keywords>
    <TimeCreated SystemTime="2024-05-14T16:19:23.9383877Z"/>
    <EventRecordID>172160</EventRecordID>
    <Correlation/>
    <Execution ProcessID="1824" ThreadID="4012"/>
    <Channel>Microsoft-Windows-Sysmon/Operational</Channel>
    <Computer>WS-AMMAAR-01.agentsoc.local</Computer>
    <Security UserID="S-1-5-18"/>
  </System>
  <EventData>
    
    <Data Name="RuleName">-</Data>
    <Data Name="UtcTime">2024-05-14 16:19:23.938</Data>
    <Data Name="ProcessGuid">{eea27923-82f9-6643-4600-0000edaafd87}</Data>
    <Data Name="ProcessId">3960</Data>
    <Data Name="Image">C:\Windows\System32\SearchProtocolHost.exe</Data>
    <Data Name="User">NT AUTHORITY\SYSTEM</Data>
    
  </EventData>
</Event>
<Event xmlns="http://schemas.microsoft.com/win/2004/08/events/event">
  <System>
    <Provider Name="Microsoft-Windows-Sysmon" Guid="{5770385f-c22a-43e0-bf4c-06f5698ffbd9}"/>
    <EventID>1</EventID>
    <Version>5</Version>
    <Level>4</Level>
    <Task>1</Task>
    <Opcode>0</Opcode>
    <Keywords>0x8000000000000000</Keywords>
    <TimeCreated SystemTime="2024-05-14T16:21:14.8478066Z"/>
    <EventRecordID>172863</EventRecordID>
    <Correlation/>
    <Execution ProcessID="1824" ThreadID="4012"/>
    <Channel>Microsoft-Windows-Sysmon/Operational</Channel>
    <Computer>WS-AMMAAR-01.agentsoc.local</Computer>
    <Security UserID="S-1-5-18"/>
  </System>
  <EventData>
    
    <Data Name="RuleName">-</Data>
    <Data Name="UtcTime">2024-05-14 16:21:14.847</Data>
    <Data Name="ProcessGuid">{eea27923-8f7a-6643-1000-000065b182c4}</Data>
    <Data Name="ProcessId">4316</Data>
    <Data Name="Image">C:\Program Files\Commvault\ContentStore\Base\GxCVD.exe</Data>
    <Data Name="FileVersion">-</Data>
    <Data Name="Description">-</Data>
    <Data Name="Product">-</Data>
    <Data Name="Company">-</Data>
    <Data Name="OriginalFileName">-</Data>
    <Data Name="CommandLine">"C:\Program Files\Commvault\ContentStore\Base\GxCVD.exe" -service</Data>
    <Data Name="CurrentDirectory">C:\Windows\System32\</Data>
    <Data Name="User">NT AUTHORITY\SYSTEM</Data>
    <Data Name="LogonGuid">{61f849b7-d1ba-43a3-8baf-f06abf3c1355}</Data>
    <Data Name="LogonId">0x3e7</Data>
    <Data Name="TerminalSessionId">0</Data>
    <Data Name="IntegrityLevel">System</Data>
    <Data Name="Hashes">SHA1=5065AEF2E98F49B875DC5584D971E800E78191DB,MD5=B8E660AA7C5AECB51DAD861DB9BFC333,SHA256=C7FB17472E7559C88892EA57668773441295E089E91F4C9E282DEEE52A5A9190,IMPHASH=495E42DDB51FC338D99A282CBFE58CA7</Data>
    <Data Name="ParentProcessGuid">{eea27923-bac6-663c-7100-0010e9dab383}</Data>
    <Data Name="ParentProcessId">2564</Data>
    <Data Name="ParentImage">C:\Windows\System32\services.exe</Data>
    <Data Name="ParentCommandLine">services.exe</Data>
    <Data Name="ParentUser">NT AUTHORITY\SYSTEM</Data>
    
  </EventData>
</Event>
<Event xmlns="http://schemas.microsoft.com/win/2004/08/events/event">
  <System>
    <Provider Name="Microsoft-Windows-Sysmon" Guid="{5770385f-c22a-43e0-bf4c-06f5698ffbd9}"/>
    <EventID>1</EventID>
    <Version>5</Version>
    <Level>4</Level>
    <Task>1</Task>
    <Opcode>0</Opcode>
    <Keywords>0x8000000000000000</Keywords>
    <TimeCreated SystemTime="2024-05-14T16:22:07.8855974Z"/>
    <EventRecordID>172864</EventRecordID>
    <Correlation/>
    <Execution ProcessID="1824" ThreadID="4012"/>
    <Channel>Microsoft-Windows-Sysmon/Operational</Channel>
    <Computer>WS-AMMAAR-01.agentsoc.local</Computer>
    <Security UserID="S-1-5-18"/>
  </System>
  <EventData>
    
    <Data Name="RuleName">-</Data>
    <Data Name="UtcTime">2024-05-14 16:22:07.885</Data>
    <Data Name="ProcessGuid">{eea27923-8faf-6643-5a00-000022b84ec8}</Data>
    <Data Name="ProcessId">4208</Data>
    <Data Name="Image">C:\Program Files (x86)\Common Files\Adobe\ARM\1.0\AdobeARMservice.exe</Data>
    <Data Name="FileVersion">-</Data>
    <Data Name="Description">-</Data>
    <Data Name="Product">-</Data>
    <Data Name="Company">-</Data>
    <Data Name="OriginalFileName">-</Data>
    <Data Name="CommandLine">AdobeARMservice.exe</Data>
    <Data Name="CurrentDirectory">C:\Windows\System32\</Data>
    <Data Name="User">NT AUTHORITY\SYSTEM</Data>
    <Data Name="LogonGuid">{61f849b7-d1ba-43a3-8baf-f06abf3c1355}</Data>
    <Data Name="LogonId">0x3e7</Data>
    <Data Name="TerminalSessionId">0</Data>
    <Data Name="IntegrityLevel">System</Data>
    <Data Name="Hashes">SHA1=F6D11F05CF8A9A0F83C37ED5ECDBD769FE5940D7,MD5=D0D49ED5C483D4411B2FE409B120FB71,SHA256=837159C278E95EA9EFAE5DFBCD8E494488E64BDF14D66B146D3301397AF40143,IMPHASH=2369C9FAD3A1DA461C349F66EAE1B462</Data>
    <Data Name="ParentProcessGuid">{eea27923-bac6-663c-7100-0010e9dab383}</Data>
    <Data Name="ParentProcessId">2564</Data>
    <Data Name="ParentImage">C:\Windows\System32\services.exe</Data>
    <Data Name="ParentCommandLine">services.exe</Data>
    <Data Name="ParentUser">NT AUTHORITY\SYSTEM</Data>
    
  </EventData>
</Event>
<Event xmlns="http://schemas.microsoft.com/win/2004/08/events/event">
  <System>
    <Provider Name="Microsoft-Windows-Sysmon" Guid="{5770385f-c22a-43e0-bf4c-06f5698ffbd9}"/>
    <EventID>5</EventID>
    <Version>3</Version>
    <Level>4</Level>
    <Task>5</Task>
    <Opcode>0</Opcode>
    <Keywords>0x8000000000000000</Keywords>
    <TimeCreated SystemTime="2024-05-14T16:22:15.6815566Z"/>
    <EventRecordID>172865</EventRecordID>
    <Correlation/>
    <Execution ProcessID="1824" ThreadID="2976"/>
    <Channel>Microsoft-Windows-Sysmon/Operational</Channel>
    <Computer>WS-AMMAAR-01.agentsoc.local</Computer>
    <Security UserID="S-1-5-18"/>
  </System>
  <EventData>
    
    <Data Name="RuleName">-</Data>
    <Data Name="UtcTime">2024-05-14 16:22:15.681</Data>
    <Data Name="ProcessGuid">{eea27923-8faf-6643-5a00-000022b84ec8}</Data>
    <Data Name="ProcessId">4208</Data>
    <Data Name="Image">C:\Program Files (x86)\Common Files\Adobe\ARM\1.0\AdobeARMservice.exe</Data>
    <Data Name="User">NT AUTHORITY\SYSTEM</Data>
    
  </EventData>
</Event>
<Event xmlns="http://schemas.microsoft.com/win/2004/08/events/event">
  <System>
    <Provider Name="Microsoft-Windows-Sysmon" Guid="{5770385f-c22a-43e0-bf4c-06f5698ffbd9}"/>
    <EventID>13</EventID>
    <Version>2</Version>
    <Level>4</Level>
    <Task>13</Task>
    <Opcode>0</Opcode>
    <Keywords>0x8000000000000000</Keywords>
    <TimeCreated SystemTime="2024-05-14T16:26:32.5310374Z"/>
    <EventRecordID>172867</EventRecordID>
    <Correlation/>
    <Execution ProcessID="1824" ThreadID="2976"/>
    <Channel>Microsoft-Windows-Sysmon/Operational</Channel>
    <Computer>WS-AMMAAR-01.agentsoc.local</Computer>
    <Security UserID="S-1-5-18"/>
  </System>
  <EventData>
    
    <Data Name="RuleName">-</Data>
    <Data Name="EventType">SetValue</Data>
    <Data Name="UtcTime">2024-05-14 16:26:32.531</Data>
    <Data Name="ProcessGuid">{eea27923-bad7-663c-1100-0000b623e977}</Data>
    <Data Name="ProcessId">2716</Data>
    <Data Name="Image">C:\Windows\System32\dllhost.exe</Data>
    <Data Name="User">NT AUTHORITY\SYSTEM</Data>
    <Data Name="TargetObject">HKLM\SOFTWARE\Microsoft\Windows\CurrentVersion\Explorer\Shell Folders\Common Startup</Data>
    <Data Name="Details">C:\ProgramData\Microsoft\Windows\Start Menu\Programs\Startup</Data>
    
  </EventData>
</Event>
<Event xmlns="http://schemas.microsoft.com/win/2004/08/events/event">
  <System>
    <Provider Name="Microsoft-Windows-Sysmon" Guid="{5770385f-c22a-43e0-bf4c-06f5698ffbd9}"/>
    <EventID>1</EventID>
    <Version>5</Version>
    <Level>4</Level>
    <Task>1</Task>
    <Opcode>0</Opcode>
    <Keywords>0x8000000000000000</Keywords>
    <TimeCreated SystemTime="2024-05-14T16:27:54.9801568Z"/>
    <EventRecordID>173013</EventRecordID>
    <Correlation/>
    <Execution ProcessID="1824" ThreadID="4012"/>
    <Channel>Microsoft-Windows-Sysmon/Operational</Channel>
    <Computer>WS-AMMAAR-01.agentsoc.local</Computer>
    <Security UserID="S-1-5-18"/>
  </System>
  <EventData>
    
    <Data Name="RuleName">-</Data>
    <Data Name="UtcTime">2024-05-14 16:27:54.980</Data>
    <Data Name="ProcessGuid">{eea27923-910a-6643-5c00-001036dc55a9}</Data>
    <Data Name="ProcessId">4172</Data>
    <Data Name="Image">C:\Program Files\Palo Alto Networks\GlobalProtect\PanGPA.exe</Data>
    <Data Name="FileVersion">6.2.3.123</Data>
    <Data Name="Description">GlobalProtect Agent</Data>
    <Data Name="Product">GlobalProtect</Data>
    <Data Name="Company">Palo Alto Networks, Inc.</Data>
    <Data Name="OriginalFileName">PanGPA.exe</Data>
    <Data Name="CommandLine">"C:\Program Files\Palo Alto Networks\GlobalProtect\PanGPA.exe" -silent</Data>
    <Data Name="CurrentDirectory">C:\Program Files\Palo Alto Networks\GlobalProtect\</Data>
    <Data Name="User">AGENTSOC\ammaar.quadri</Data>
    <Data Name="LogonGuid">{00000000-0000-0000-0000-000000000000}</Data>
    <Data Name="LogonId">0x3bf135a</Data>
    <Data Name="TerminalSessionId">1</Data>
    <Data Name="IntegrityLevel">Medium</Data>
    <Data Name="Hashes">SHA1=46885F78F9186DDB48A23ED75F5E223983DFB970,MD5=ED0ABF8D7896C61EFC9B4A94AD600A88,SHA256=6316AF6FC54028ADB7E6C004956C3677418046C3C404638C6F7F486E893D02CD,IMPHASH=026912D4854D02F881375070EEF15F4B</Data>
    <Data Name="ParentProcessGuid">{eea27923-5e75-6643-4300-00003a2c62ac}</Data>
    <Data Name="ParentProcessId">3516</Data>
    <Data Name="ParentImage">C:\Windows\explorer.exe</Data>
    <Data Name="ParentCommandLine">explorer.exe</Data>
    <Data Name="ParentUser">AGENTSOC\ammaar.quadri</Data>
    
  </EventData>
</Event>
<Event xmlns="http://schemas.microsoft.com/win/2004/08/events/event">
  <System>
    <Provider Name="Microsoft-Windows-Sysmon" Guid="{5770385f-c22a-43e0-bf4c-06f5698ffbd9}"/>
    <EventID>22</EventID>
    <Version>5</Version>
    <Level>4</Level>
    <Task>22</Task>
    <Opcode>0</Opcode>
    <Keywords>0x8000000000000000</Keywords>
    <TimeCreated SystemTime="2024-05-14T16:28:12.6325135Z"/>
    <EventRecordID>173014</EventRecordID>
    <Correlation/>
    <Execution ProcessID="1824" ThreadID="2976"/>
    <Channel>Microsoft-Windows-Sysmon/Operational</Channel>
    <Computer>WS-AMMAAR-01.agentsoc.local</Computer>
    <Security UserID="S-1-5-18"/>
  </System>
  <EventData>
    
    <Data Name="RuleName">-</Data>
    <Data Name="UtcTime">2024-05-14 16:28:12.632</Data>
    <Data Name="ProcessGuid">{eea27923-bacd-663c-1c02-00003dd7b6b5}</Data>
    <Data Name="ProcessId">2632</Data>
    <Data Name="QueryName">DC-BO-01.agentsoc.local</Data>
    <Data Name="QueryStatus">0</Data>
    <Data Name="QueryResults">10.44.20.10;</Data>
    <Data Name="Image">C:\Windows\System32\svchost.exe</Data>
    <Data Name="User">NT AUTHORITY\LOCAL SERVICE</Data>
    
  </EventData>
</Event>
<Event xmlns="http://schemas.microsoft.com/win/2004/08/events/event">
  <System>
    <Provider Name="Microsoft-Windows-Sysmon" Guid="{5770385f-c22a-43e0-bf4c-06f5698ffbd9}"/>
    <EventID>3</EventID>
    <Version>5</Version>
    <Level>4</Level>
    <Task>3</Task>
    <Opcode>0</Opcode>
    <Keywords>0x8000000000000000</Keywords>
    <TimeCreated SystemTime="2024-05-14T16:29:25.3833992Z"/>
    <EventRecordID>173015</EventRecordID>
    <Correlation/>
    <Execution ProcessID="1824" ThreadID="3092"/>
    <Channel>Microsoft-Windows-Sysmon/Operational</Channel>
    <Computer>WS-AMMAAR-01.agentsoc.local</Computer>
    <Security UserID="S-1-5-18"/>
  </System>
  <EventData>
    
    <Data Name="RuleName">-</Data>
    <Data Name="UtcTime">2024-05-14 16:29:25.383</Data>
    <Data Name="ProcessGuid">{eea27923-866e-6643-d500-0010a5cb6d42}</Data>
    <Data Name="ProcessId">3908</Data>
    <Data Name="Image">C:\Program Files\Mozilla Firefox\firefox.exe</Data>
    <Data Name="User">AGENTSOC\ammaar.quadri</Data>
    <Data Name="Protocol">tcp</Data>
    <Data Name="Initiated">true</Data>
    <Data Name="SourceIsIpv6">false</Data>
    <Data Name="SourceIp">10.44.10.23</Data>
    <Data Name="SourceHostname">WS-AMMAAR-01.agentsoc.local</Data>
    <Data Name="SourcePort">61162</Data>
    <Data Name="SourcePortName">-</Data>
    <Data Name="DestinationIsIpv6">false</Data>
    <Data Name="DestinationIp">10.44.20.30</Data>
    <Data Name="DestinationHostname">PROXY-BO-01.agentsoc.local</Data>
    <Data Name="DestinationPort">8080</Data>
    <Data Name="DestinationPortName">http-alt</Data>
    
  </EventData>
</Event>
<Event xmlns="http://schemas.microsoft.com/win/2004/08/events/event">
  <System>
    <Provider Name="Microsoft-Windows-Sysmon" Guid="{5770385f-c22a-43e0-bf4c-06f5698ffbd9}"/>
    <EventID>13</EventID>
    <Version>2</Version>
    <Level>4</Level>
    <Task>13</Task>
    <Opcode>0</Opcode>
    <Keywords>0x8000000000000000</Keywords>
    <TimeCreated SystemTime="2024-05-14T16:29:52.7969420Z"/>
    <EventRecordID>173028</EventRecordID>
    <Correlation/>
    <Execution ProcessID="1824" ThreadID="4012"/>
    <Channel>Microsoft-Windows-Sysmon/Operational</Channel>
    <Computer>WS-AMMAAR-01.agentsoc.local</Computer>
    <Security UserID="S-1-5-18"/>
  </System>
  <EventData>
    
    <Data Name="RuleName">-</Data>
    <Data Name="EventType">SetValue</Data>
    <Data Name="UtcTime">2024-05-14 16:29:52.796</Data>
    <Data Name="ProcessGuid">{eea27923-bac6-663c-7100-0010e9dab383}</Data>
    <Data Name="ProcessId">2564</Data>
    <Data Name="Image">C:\Windows\System32\services.exe</Data>
    <Data Name="User">NT AUTHORITY\SYSTEM</Data>
    <Data Name="TargetObject">HKLM\SYSTEM\CurrentControlSet\Services\Tcpip\Parameters\DhcpNameServer</Data>
    <Data Name="Details">10.44.20.10</Data>
    
  </EventData>
</Event>
<Event xmlns="http://schemas.microsoft.com/win/2004/08/events/event">
  <System>
    <Provider Name="Microsoft-Windows-Sysmon" Guid="{5770385f-c22a-43e0-bf4c-06f5698ffbd9}"/>
    <EventID>13</EventID>
    <Version>2</Version>
    <Level>4</Level>
    <Task>13</Task>
    <Opcode>0</Opcode>
    <Keywords>0x8000000000000000</Keywords>
    <TimeCreated SystemTime="2024-05-14T16:29:53.0797828Z"/>
    <EventRecordID>173918</EventRecordID>
    <Correlation/>
    <Execution ProcessID="1824" ThreadID="4012"/>
    <Channel>Microsoft-Windows-Sysmon/Operational</Channel>
    <Computer>WS-AMMAAR-01.agentsoc.local</Computer>
    <Security UserID="S-1-5-18"/>
  </System>
  <EventData>
    
    <Data Name="RuleName">-</Data>
    <Data Name="EventType">SetValue</Data>
    <Data Name="UtcTime">2024-05-14 16:29:53.079</Data>
    <Data Name="ProcessGuid">{eea27923-bac6-663c-7100-0010e9dab383}</Data>
    <Data Name="ProcessId">2564</Data>
    <Data Name="Image">C:\Windows\System32\services.exe</Data>
    <Data Name="User">NT AUTHORITY\SYSTEM</Data>
    <Data Name="TargetObject">HKLM\SYSTEM\CurrentControlSet\Services\Tcpip\Parameters\Interfaces\{8B54E43E-D215-DCED-B6F1-0000FF1643AF}\DhcpIPAddress</Data>
    <Data Name="Details">10.44.10.23</Data>
    
  </EventData>
</Event>
<Event xmlns="http://schemas.microsoft.com/win/2004/08/events/event">
  <System>
    <Provider Name="Microsoft-Windows-Sysmon" Guid="{5770385f-c22a-43e0-bf4c-06f5698ffbd9}"/>
    <EventID>1</EventID>
    <Version>5</Version>
    <Level>4</Level>
    <Task>1</Task>
    <Opcode>0</Opcode>
    <Keywords>0x8000000000000000</Keywords>
    <TimeCreated SystemTime="2024-05-14T16:30:00.3953666Z"/>
    <EventRecordID>174012</EventRecordID>
    <Correlation/>
    <Execution ProcessID="1824" ThreadID="4012"/>
    <Channel>Microsoft-Windows-Sysmon/Operational</Channel>
    <Computer>WS-AMMAAR-01.agentsoc.local</Computer>
    <Security UserID="S-1-5-18"/>
  </System>
  <EventData>
    
    <Data Name="RuleName">-</Data>
    <Data Name="UtcTime">2024-05-14 16:30:00.395</Data>
    <Data Name="ProcessGuid">{eea27923-9188-6643-a602-00000a87d218}</Data>
    <Data Name="ProcessId">4188</Data>
    <Data Name="Image">C:\Windows\System32\SearchFilterHost.exe</Data>
    <Data Name="FileVersion">10.0.22621.1</Data>
    <Data Name="Description">Microsoft Windows Search Filter Host</Data>
    <Data Name="Product">Microsoft Windows Operating System</Data>
    <Data Name="Company">Microsoft Corporation</Data>
    <Data Name="OriginalFileName">SearchFilterHost.exe</Data>
    <Data Name="CommandLine">SearchFilterHost.exe 0 804 0 0 0</Data>
    <Data Name="CurrentDirectory">C:\Windows\System32\</Data>
    <Data Name="User">NT AUTHORITY\SYSTEM</Data>
    <Data Name="LogonGuid">{61f849b7-d1ba-43a3-8baf-f06abf3c1355}</Data>
    <Data Name="LogonId">0x3e7</Data>
    <Data Name="TerminalSessionId">0</Data>
    <Data Name="IntegrityLevel">System</Data>
    <Data Name="Hashes">SHA1=0C19DDD62CEFD07AB2CB42FF4878D529F9DFB89D,MD5=BA4A7DF8FAB830DDF49B7F01EFACD90E,SHA256=64BACFAEEB126E9041DB6B9526C676A6830B01431EE23A0BA0F1351CAA484FC6,IMPHASH=7E131377F9483DE692B447AD26B54EEA</Data>
    <Data Name="ParentProcessGuid">{eea27923-bad4-663c-b502-001062c28770}</Data>
    <Data Name="ParentProcessId">2700</Data>
    <Data Name="ParentImage">C:\Windows\System32\SearchIndexer.exe</Data>
    <Data Name="ParentCommandLine">SearchIndexer.exe</Data>
    <Data Name="ParentUser">NT AUTHORITY\SYSTEM</Data>
    
  </EventData>
</Event>
<Event xmlns="http://schemas.microsoft.com/win/2004/08/events/event">
  <System>
    <Provider Name="Microsoft-Windows-Sysmon" Guid="{5770385f-c22a-43e0-bf4c-06f5698ffbd9}"/>
    <EventID>11</EventID>
    <Version>2</Version>
    <Level>4</Level>
    <Task>11</Task>
    <Opcode>0</Opcode>
    <Keywords>0x8000000000000000</Keywords>
    <TimeCreated SystemTime="2024-05-14T16:33:34.2736586Z"/>
    <EventRecordID>174013</EventRecordID>
    <Correlation/>
    <Execution ProcessID="1824" ThreadID="4012"/>
    <Channel>Microsoft-Windows-Sysmon/Operational</Channel>
    <Computer>WS-AMMAAR-01.agentsoc.local</Computer>
    <Security UserID="S-1-5-18"/>
  </System>
  <EventData>
    
    <Data Name="RuleName">-</Data>
    <Data Name="UtcTime">2024-05-14 16:33:34.273</Data>
    <Data Name="ProcessGuid">{eea27923-bad9-663c-9c02-00103078a4ae}</Data>
    <Data Name="ProcessId">2772</Data>
    <Data Name="Image">C:\Windows\System32\SearchProtocolHost.exe</Data>
    <Data Name="User">NT AUTHORITY\SYSTEM</Data>
    <Data Name="TargetFilename">C:\ProgramData\Microsoft\Windows Defender\Scans\History\Service\DetectionHistory\42217</Data>
    <Data Name="CreationUtcTime">2024-05-14 16:33:34.273</Data>
    
  </EventData>
</Event>
<Event xmlns="http://schemas.microsoft.com/win/2004/08/events/event">
  <System>
    <Provider Name="Microsoft-Windows-Sysmon" Guid="{5770385f-c22a-43e0-bf4c-06f5698ffbd9}"/>
    <EventID>10</EventID>
    <Version>3</Version>
    <Level>4</Level>
    <Task>10</Task>
    <Opcode>0</Opcode>
    <Keywords>0x8000000000000000</Keywords>
    <TimeCreated SystemTime="2024-05-14T16:35:11.0143277Z"/>
    <EventRecordID>174043</EventRecordID>
    <Correlation/>
    <Execution ProcessID="1824" ThreadID="4012"/>
    <Channel>Microsoft-Windows-Sysmon/Operational</Channel>
    <Computer>WS-AMMAAR-01.agentsoc.local</Computer>
    <Security UserID="S-1-5-18"/>
  </System>
  <EventData>
    
    <Data Name="RuleName">-</Data>
    <Data Name="UtcTime">2024-05-14 16:35:11.014</Data>
    <Data Name="SourceProcessGUID">{eea27923-bac6-663c-7100-0010e9dab383}</Data>
    <Data Name="SourceProcessId">2564</Data>
    <Data Name="SourceImage">C:\Windows\System32\services.exe</Data>
    <Data Name="SourceThreadId">5700</Data>
    <Data Name="SourceUser">NT AUTHORITY\SYSTEM</Data>
    <Data Name="TargetProcessGUID">{eea27923-bacb-663c-a500-0000df2a18a8}</Data>
    <Data Name="TargetProcessId">2612</Data>
    <Data Name="TargetImage">C:\Windows\System32\svchost.exe</Data>
    <Data Name="TargetUser">NT AUTHORITY\NETWORK SERVICE</Data>
    <Data Name="GrantedAccess">0x1000</Data>
    <Data Name="CallTrace">C:\Windows\SYSTEM32\ntdll.dll+9CE49|C:\Windows\SYSTEM32\KERNELBASE.dll+2E20C|C:\Windows\SYSTEM32\sechost.dll+13F2F</Data>
    
  </EventData>
</Event>
<Event xmlns="http://schemas.microsoft.com/win/2004/08/events/event">
  <System>
    <Provider Name="Microsoft-Windows-Sysmon" Guid="{5770385f-c22a-43e0-bf4c-06f5698ffbd9}"/>
    <EventID>10</EventID>
    <Version>3</Version>
    <Level>4</Level>
    <Task>10</Task>
    <Opcode>0</Opcode>
    <Keywords>0x8000000000000000</Keywords>
    <TimeCreated SystemTime="2024-05-14T16:36:35.4727252Z"/>
    <EventRecordID>174160</EventRecordID>
    <Correlation/>
    <Execution ProcessID="1824" ThreadID="2976"/>
    <Channel>Microsoft-Windows-Sysmon/Operational</Channel>
    <Computer>WS-AMMAAR-01.agentsoc.local</Computer>
    <Security UserID="S-1-5-18"/>
  </System>
  <EventData>
    
    <Data Name="RuleName">-</Data>
    <Data Name="UtcTime">2024-05-14 16:36:35.472</Data>
    <Data Name="SourceProcessGUID">{eea27923-bad4-663c-b502-001062c28770}</Data>
    <Data Name="SourceProcessId">2700</Data>
    <Data Name="SourceImage">C:\Windows\System32\SearchIndexer.exe</Data>
    <Data Name="SourceThreadId">1660</Data>
    <Data Name="SourceUser">NT AUTHORITY\SYSTEM</Data>
    <Data Name="TargetProcessGUID">{eea27923-bad9-663c-9c02-00103078a4ae}</Data>
    <Data Name="TargetProcessId">2772</Data>
    <Data Name="TargetImage">C:\Windows\System32\SearchProtocolHost.exe</Data>
    <Data Name="TargetUser">NT AUTHORITY\SYSTEM</Data>
    <Data Name="GrantedAccess">0x1010</Data>
    <Data Name="CallTrace">C:\Windows\SYSTEM32\ntdll.dll+9E885|C:\Windows\SYSTEM32\KERNELBASE.dll+2EDC2</Data>
    
  </EventData>
</Event>
<Event xmlns="http://schemas.microsoft.com/win/2004/08/events/event">
  <System>
    <Provider Name="Microsoft-Windows-Sysmon" Guid="{5770385f-c22a-43e0-bf4c-06f5698ffbd9}"/>
    <EventID>22</EventID>
    <Version>5</Version>
    <Level>4</Level>
    <Task>22</Task>
    <Opcode>0</Opcode>
    <Keywords>0x8000000000000000</Keywords>
    <TimeCreated SystemTime="2024-05-14T16:36:36.7155444Z"/>
    <EventRecordID>174161</EventRecordID>
    <Correlation/>
    <Execution ProcessID="1824" ThreadID="3092"/>
    <Channel>Microsoft-Windows-Sysmon/Operational</Channel>
    <Computer>WS-AMMAAR-01.agentsoc.local</Computer>
    <Security UserID="S-1-5-18"/>
  </System>
  <EventData>
    
    <Data Name="RuleName">-</Data>
    <Data Name="UtcTime">2024-05-14 16:36:36.715</Data>
    <Data Name="ProcessGuid">{eea27923-bacd-663c-1c02-00003dd7b6b5}</Data>
    <Data Name="ProcessId">2632</Data>
    <Data Name="QueryName">FILE-BO-01.agentsoc.local</Data>
    <Data Name="QueryStatus">0</Data>
    <Data Name="QueryResults">10.44.20.20;</Data>
    <Data Name="Image">C:\Windows\System32\svchost.exe</Data>
    <Data Name="User">NT AUTHORITY\LOCAL SERVICE</Data>
    
  </EventData>
</Event>
<Event xmlns="http://schemas.microsoft.com/win/2004/08/events/event">
  <System>
    <Provider Name="Microsoft-Windows-Sysmon" Guid="{5770385f-c22a-43e0-bf4c-06f5698ffbd9}"/>
    <EventID>5</EventID>
    <Version>3</Version>
    <Level>4</Level>
    <Task>5</Task>
    <Opcode>0</Opcode>
    <Keywords>0x8000000000000000</Keywords>
    <TimeCreated SystemTime="2024-05-14T16:37:06.5053695Z"/>
    <EventRecordID>174162</EventRecordID>
    <Correlation/>
    <Execution ProcessID="1824" ThreadID="2976"/>
    <Channel>Microsoft-Windows-Sysmon/Operational</Channel>
    <Computer>WS-AMMAAR-01.agentsoc.local</Computer>
    <Security UserID="S-1-5-18"/>
  </System>
  <EventData>
    
    <Data Name="RuleName">-</Data>
    <Data Name="UtcTime">2024-05-14 16:37:06.505</Data>
    <Data Name="ProcessGuid">{eea27923-4845-6643-d000-0000bc97c8fa}</Data>
    <Data Name="ProcessId">3164</Data>
    <Data Name="Image">C:\Windows\System32\SearchProtocolHost.exe</Data>
    <Data Name="User">NT AUTHORITY\SYSTEM</Data>
    
  </EventData>
</Event>
<Event xmlns="http://schemas.microsoft.com/win/2004/08/events/event">
  <System>
    <Provider Name="Microsoft-Windows-Sysmon" Guid="{5770385f-c22a-43e0-bf4c-06f5698ffbd9}"/>
    <EventID>10</EventID>
    <Version>3</Version>
    <Level>4</Level>
    <Task>10</Task>
    <Opcode>0</Opcode>
    <Keywords>0x8000000000000000</Keywords>
    <TimeCreated SystemTime="2024-05-14T16:37:17.7985184Z"/>
    <EventRecordID>174310</EventRecordID>
    <Correlation/>
    <Execution ProcessID="1824" ThreadID="4012"/>
    <Channel>Microsoft-Windows-Sysmon/Operational</Channel>
    <Computer>WS-AMMAAR-01.agentsoc.local</Computer>
    <Security UserID="S-1-5-18"/>
  </System>
  <EventData>
    
    <Data Name="RuleName">-</Data>
    <Data Name="UtcTime">2024-05-14 16:37:17.798</Data>
    <Data Name="SourceProcessGUID">{eea27923-bad2-663c-be00-001088b9d36a}</Data>
    <Data Name="SourceProcessId">2692</Data>
    <Data Name="SourceImage">C:\ProgramData\Microsoft\Windows Defender\Platform\4.18.24030.9-0\MsMpEng.exe</Data>
    <Data Name="SourceThreadId">4948</Data>
    <Data Name="SourceUser">NT AUTHORITY\SYSTEM</Data>
    <Data Name="TargetProcessGUID">{eea27923-bae5-663c-bc00-0010e5828302}</Data>
    <Data Name="TargetProcessId">2888</Data>
    <Data Name="TargetImage">C:\Windows\explorer.exe</Data>
    <Data Name="TargetUser">AGENTSOC\ammaar.quadri</Data>
    <Data Name="GrantedAccess">0x1010</Data>
    <Data Name="CallTrace">C:\Windows\SYSTEM32\ntdll.dll+9CE32|C:\Windows\SYSTEM32\KERNELBASE.dll+2CF31|C:\Windows\SYSTEM32\advapi32.dll+4C6E9</Data>
    
  </EventData>
</Event>
<Event xmlns="http://schemas.microsoft.com/win/2004/08/events/event">
  <System>
    <Provider Name="Microsoft-Windows-Sysmon" Guid="{5770385f-c22a-43e0-bf4c-06f5698ffbd9}"/>
    <EventID>1</EventID>
    <Version>5</Version>
    <Level>4</Level>
    <Task>1</Task>
    <Opcode>0</Opcode>
    <Keywords>0x8000000000000000</Keywords>
    <TimeCreated SystemTime="2024-05-14T16:38:07.6339749Z"/>
    <EventRecordID>174312</EventRecordID>
    <Correlation/>
    <Execution ProcessID="1824" ThreadID="4012"/>
    <Channel>Microsoft-Windows-Sysmon/Operational</Channel>
    <Computer>WS-AMMAAR-01.agentsoc.local</Computer>
    <Security UserID="S-1-5-18"/>
  </System>
  <EventData>
    
    <Data Name="RuleName">-</Data>
    <Data Name="UtcTime">2024-05-14 16:38:07.633</Data>
    <Data Name="ProcessGuid">{eea27923-936f-6643-e400-0000b99c519e}</Data>
    <Data Name="ProcessId">4252</Data>
    <Data Name="Image">C:\Program Files (x86)\Common Files\Adobe\ARM\1.0\AdobeARM.exe</Data>
    <Data Name="FileVersion">-</Data>
    <Data Name="Description">-</Data>
    <Data Name="Product">-</Data>
    <Data Name="Company">-</Data>
    <Data Name="OriginalFileName">-</Data>
    <Data Name="CommandLine">AdobeARM.exe /NOUAC</Data>
    <Data Name="CurrentDirectory">C:\Windows\System32\</Data>
    <Data Name="User">NT AUTHORITY\SYSTEM</Data>
    <Data Name="LogonGuid">{61f849b7-d1ba-43a3-8baf-f06abf3c1355}</Data>
    <Data Name="LogonId">0x3e7</Data>
    <Data Name="TerminalSessionId">0</Data>
    <Data Name="IntegrityLevel">System</Data>
    <Data Name="Hashes">SHA1=01BD75C9D4E5A5A31360E5D1D2876AC7FA87A57A,MD5=2660FCA4824B037372B7C0ADAB02A76A,SHA256=DCCE402B9C72278DBA9EE0948BBC8AE6CCB5FA290D0AF1B937AB6DED1FCF7B05,IMPHASH=4E700D57A159D56556A2A0C08DA18C89</Data>
    <Data Name="ParentProcessGuid">{eea27923-badd-663c-6800-0000aea55ff5}</Data>
    <Data Name="ParentProcessId">2836</Data>
    <Data Name="ParentImage">C:\Windows\System32\taskhostw.exe</Data>
    <Data Name="ParentCommandLine">taskhostw.exe</Data>
    <Data Name="ParentUser">NT AUTHORITY\SYSTEM</Data>
    
  </EventData>
</Event>
<Event xmlns="http://schemas.microsoft.com/win/2004/08/events/event">
  <System>
    <Provider Name="Microsoft-Windows-Sysmon" Guid="{5770385f-c22a-43e0-bf4c-06f5698ffbd9}"/>
    <EventID>3</EventID>
    <Version>5</Version>
    <Level>4</Level>
    <Task>3</Task>
    <Opcode>0</Opcode>
    <Keywords>0x8000000000000000</Keywords>
    <TimeCreated SystemTime="2024-05-14T16:38:12.9625296Z"/>
    <EventRecordID>174313</EventRecordID>
    <Correlation/>
    <Execution ProcessID="1824" ThreadID="3092"/>
    <Channel>Microsoft-Windows-Sysmon/Operational</Channel>
    <Computer>WS-AMMAAR-01.agentsoc.local</Computer>
    <Security UserID="S-1-5-18"/>
  </System>
  <EventData>
    
    <Data Name="RuleName">-</Data>
    <Data Name="UtcTime">2024-05-14 16:38:12.962</Data>
    <Data Name="ProcessGuid">{eea27923-866e-6643-d500-0010a5cb6d42}</Data>
    <Data Name="ProcessId">3908</Data>
    <Data Name="Image">C:\Program Files\Mozilla Firefox\firefox.exe</Data>
    <Data Name="User">AGENTSOC\ammaar.quadri</Data>
    <Data Name="Protocol">tcp</Data>
    <Data Name="Initiated">true</Data>
    <Data Name="SourceIsIpv6">false</Data>
    <Data Name="SourceIp">10.44.10.23</Data>
    <Data Name="SourceHostname">WS-AMMAAR-01.agentsoc.local</Data>
    <Data Name="SourcePort">55813</Data>
    <Data Name="SourcePortName">-</Data>
    <Data Name="DestinationIsIpv6">false</Data>
    <Data Name="DestinationIp">10.44.20.30</Data>
    <Data Name="DestinationHostname">PROXY-BO-01.agentsoc.local</Data>
    <Data Name="DestinationPort">8080</Data>
    <Data Name="DestinationPortName">http-alt</Data>
    
  </EventData>
</Event>
<Event xmlns="http://schemas.microsoft.com/win/2004/08/events/event">
  <System>
    <Provider Name="Microsoft-Windows-Sysmon" Guid="{5770385f-c22a-43e0-bf4c-06f5698ffbd9}"/>
    <EventID>22</EventID>
    <Version>5</Version>
    <Level>4</Level>
    <Task>22</Task>
    <Opcode>0</Opcode>
    <Keywords>0x8000000000000000</Keywords>
    <TimeCreated SystemTime="2024-05-14T16:40:42.4067320Z"/>
    <EventRecordID>174315</EventRecordID>
    <Correlation/>
    <Execution ProcessID="1824" ThreadID="2976"/>
    <Channel>Microsoft-Windows-Sysmon/Operational</Channel>
    <Computer>WS-AMMAAR-01.agentsoc.local</Computer>
    <Security UserID="S-1-5-18"/>
  </System>
  <EventData>
    
    <Data Name="RuleName">-</Data>
    <Data Name="UtcTime">2024-05-14 16:40:42.406</Data>
    <Data Name="ProcessGuid">{eea27923-bacd-663c-1c02-00003dd7b6b5}</Data>
    <Data Name="ProcessId">2632</Data>
    <Data Name="QueryName">DC-BO-01.agentsoc.local</Data>
    <Data Name="QueryStatus">0</Data>
    <Data Name="QueryResults">10.44.20.10;</Data>
    <Data Name="Image">C:\Windows\System32\svchost.exe</Data>
    <Data Name="User">NT AUTHORITY\LOCAL SERVICE</Data>
    
  </EventData>
</Event>
